<?xml version="1.0" encoding="UTF-8"?>
<testsuite name="AccountServiceTest" tests="1" skipped="0" failures="0" errors="0" timestamp="2024-11-11T10:02:26" hostname="ayhem18-Nitro-AN515-45" time="4.749">
  <properties/>
  <testcase name="start" classname="AccountServiceTest" time="4.749"/>
  <system-out><![CDATA[?[1;31m
Start test 1?[0m
?[0;34m
?[0m?[0;34m  .   ____          _            __ _ _
?[0m?[0;34m /\\ / ___'_ __ _ _(_)_ __  __ _ \ \ \ \
?[0m?[0;34m( ( )\___ | '_ | '_| | '_ \/ _` | \ \ \ \
?[0m?[0;34m \\/  ___)| |_)| | | | | || (_| |  ) ) ) )
?[0m?[0;34m  '  |____| .__|_| |_|_| |_\__, | / / / /
?[0m?[0;34m =========|_|==============|___/=/_/_/_/
?[0m?[0;34m :: Spring Boot ::                (v3.2.0)
?[0m?[0;34m
?[0m?[0;34m2024-11-11T13:02:27.343+03:00  INFO 31382 --- [    Test worker] account.AccountServiceApplication        : Starting AccountServiceApplication using Java 21.0.5 with PID 31382 (started by ayhem18 in /home/ayhem18/DEV/Towards_SE/backend_projects/Account Service/Account Service (Java)/task)
?[0m?[0;34m2024-11-11T13:02:27.346+03:00  INFO 31382 --- [    Test worker] account.AccountServiceApplication        : No active profile set, falling back to 1 default profile: "default"
?[0m?[0;34m2024-11-11T13:02:28.600+03:00  INFO 31382 --- [    Test worker] o.apache.catalina.core.StandardService   : Starting service [Tomcat]
?[0m?[0;34m2024-11-11T13:02:28.601+03:00  INFO 31382 --- [    Test worker] o.apache.catalina.core.StandardEngine    : Starting Servlet engine: [Apache Tomcat/10.1.16]
?[0m?[0;34m2024-11-11T13:02:28.638+03:00  INFO 31382 --- [    Test worker] o.a.c.c.C.[Tomcat].[localhost].[/]       : Initializing Spring embedded WebApplicationContext
?[0m?[0;34m2024-11-11T13:02:28.974+03:00  INFO 31382 --- [    Test worker] com.zaxxer.hikari.HikariDataSource       : HikariPool-1 - Starting...
?[0m?[0;34m2024-11-11T13:02:29.107+03:00  INFO 31382 --- [    Test worker] com.zaxxer.hikari.pool.HikariPool        : HikariPool-1 - Added connection conn0: url=jdbc:h2:mem:ec0354e4-913b-4135-80ba-9c33e4b7d7fc user=SA
?[0m?[0;34m2024-11-11T13:02:29.108+03:00  INFO 31382 --- [    Test worker] com.zaxxer.hikari.HikariDataSource       : HikariPool-1 - Start completed.
?[0m?[0;34m2024-11-11T13:02:29.145+03:00  INFO 31382 --- [    Test worker] o.hibernate.jpa.internal.util.LogHelper  : HHH000204: Processing PersistenceUnitInfo [name: default]
?[0m?[0;34m2024-11-11T13:02:29.191+03:00  INFO 31382 --- [    Test worker] org.hibernate.Version                    : HHH000412: Hibernate ORM core version 6.3.1.Final
?[0m?[0;34m2024-11-11T13:02:29.225+03:00  INFO 31382 --- [    Test worker] o.h.c.internal.RegionFactoryInitiator    : HHH000026: Second-level cache disabled
?[0m?[0;34m2024-11-11T13:02:29.788+03:00  INFO 31382 --- [    Test worker] o.h.e.t.j.p.i.JtaPlatformInitiator       : HHH000489: No JTA platform available (set 'hibernate.transaction.jta.platform' to enable JTA platform integration)
?[0m?[0;34m2024-11-11T13:02:31.029+03:00  INFO 31382 --- [    Test worker] account.AccountServiceApplication        : Started AccountServiceApplication in 3.902 seconds (process running for 4.457)
?[0;34m2024-11-11T13:02:31.231+03:00  INFO 31382 --- [io-28852-exec-1] o.a.c.c.C.[Tomcat].[localhost].[/]       : Initializing Spring DispatcherServlet 'dispatcherServlet'
?[0m?[1;31m
Start test 2?[0m
?[1;31m
Start test 3?[0m
?[1;31m
Start test 4?[0m
?[1;31m
Start test 5?[0m
?[1;31m
Start test 6?[0m
?[1;31m
Start test 7?[0m
?[1;31m
Start test 8?[0m
?[1;31m
Start test 9?[0m
?[1;31m
Start test 10?[0m
?[1;31m
Start test 11?[0m
?[1;31m
Start test 12?[0m
?[1;31m
Start test 13?[0m
]]></system-out>
  <system-err><![CDATA[]]></system-err>
</testsuite>
