<?xml version="1.0" encoding="UTF-8"?>
<testsuite name="tests.WebQuizEngineTest" tests="1" skipped="0" failures="0" errors="0" timestamp="2024-11-03T09:59:19" hostname="DESKTOP-B2JKAIH" time="50.608">
  <properties/>
  <testcase name="start" classname="tests.WebQuizEngineTest" time="50.608"/>
  <system-out><![CDATA[?[1;31m
Start test 1?[0m
?[0;34m
?[0m?[0;34m  .   ____          _            __ _ _
?[0m?[0;34m /\\ / ___'_ __ _ _(_)_ __  __ _ \ \ \ \
?[0m?[0;34m( ( )\___ | '_ | '_| | '_ \/ _` | \ \ \ \
?[0m?[0;34m \\/  ___)| |_)| | | | | || (_| |  ) ) ) )
?[0m?[0;34m  '  |____| .__|_| |_|_| |_\__, | / / / /
?[0m?[0;34m =========|_|==============|___/=/_/_/_/
?[0m?[0;34m :: Spring Boot ::                (v2.5.6)
?[0m?[0;34m
?[0;34m12:59 INFO  o.h.validator.internal.util.Version - HV000001: Hibernate Validator 6.2.0.Final
?[0m?[0;34m12:59 INFO  engine.WebQuizEngine - Starting WebQuizEngine using Java 17.0.12 on DESKTOP-B2JKAIH with PID 24896 (started by bouab in C:\Users\bouab\DEV\Towards_SE\backend_projects\QuizzEngine\Web Quiz Engine with Java\task)
?[0m?[0;34m12:59 INFO  engine.WebQuizEngine - No active profile set, falling back to default profiles: default
?[0m?[0;34m12:59 INFO  o.s.d.r.c.RepositoryConfigurationDelegate - Bootstrapping Spring Data JPA repositories in DEFAULT mode.
?[0m?[0;34m12:59 INFO  o.s.d.r.c.RepositoryConfigurationDelegate - Finished Spring Data repository scanning in 33 ms. Found 2 JPA repository interfaces.
?[0m?[0;34m12:59 INFO  o.s.b.w.e.tomcat.TomcatWebServer - Tomcat initialized with port(s): 8889 (http)
?[0m?[0;34m12:59 INFO  o.a.coyote.http11.Http11NioProtocol - Initializing ProtocolHandler ["http-nio-8889"]
?[0m?[0;34m12:59 INFO  o.a.catalina.core.StandardService - Starting service [Tomcat]
?[0m?[0;34m12:59 INFO  o.a.catalina.core.StandardEngine - Starting Servlet engine: [Apache Tomcat/9.0.54]
?[0m?[0;34m12:59 INFO  o.a.c.c.C.[Tomcat].[localhost].[/] - Initializing Spring embedded WebApplicationContext
?[0m?[0;34m12:59 INFO  o.s.b.w.s.c.ServletWebServerApplicationContext - Root WebApplicationContext: initialization completed in 1300 ms
?[0m?[0;34m12:59 INFO  com.zaxxer.hikari.HikariDataSource - HikariPool-1 - Starting...
?[0m?[0;34m12:59 INFO  com.zaxxer.hikari.HikariDataSource - HikariPool-1 - Start completed.
?[0m?[0;34m12:59 INFO  o.s.b.a.h.H2ConsoleAutoConfiguration - H2 console available at '/h2-console'. Database available at 'jdbc:h2:file:../quizdb'
?[0m?[0;34m12:59 INFO  o.h.jpa.internal.util.LogHelper - HHH000204: Processing PersistenceUnitInfo [name: default]
?[0m?[0;34m12:59 INFO  org.hibernate.Version - HHH000412: Hibernate ORM core version 5.4.32.Final
?[0m?[0;34m12:59 INFO  o.h.annotations.common.Version - HCANN000001: Hibernate Commons Annotations {5.1.2.Final}
?[0m?[0;34m12:59 INFO  org.hibernate.dialect.Dialect - HHH000400: Using dialect: org.hibernate.dialect.H2Dialect
?[0m?[0;34m12:59 INFO  o.h.e.t.j.p.i.JtaPlatformInitiator - HHH000490: Using JtaPlatform implementation: [org.hibernate.engine.transaction.jta.platform.internal.NoJtaPlatform]
?[0m?[0;34m12:59 INFO  o.s.o.j.LocalContainerEntityManagerFactoryBean - Initialized JPA EntityManagerFactory for persistence unit 'default'
?[0m?[0;34m12:59 INFO  o.s.s.web.DefaultSecurityFilterChain - Will secure any request with [org.springframework.security.web.context.request.async.WebAsyncManagerIntegrationFilter@59700156, org.springframework.security.web.context.SecurityContextPersistenceFilter@65dd2191, org.springframework.security.web.header.HeaderWriterFilter@35c3d6e8, org.springframework.security.web.authentication.logout.LogoutFilter@2fca9fae, org.springframework.security.web.authentication.www.BasicAuthenticationFilter@237bdbcb, org.springframework.security.web.savedrequest.RequestCacheAwareFilter@2f98fe6f, org.springframework.security.web.servletapi.SecurityContextHolderAwareRequestFilter@7833407, org.springframework.security.web.authentication.AnonymousAuthenticationFilter@1e6e29d6, org.springframework.security.web.session.SessionManagementFilter@5b53c3c5, org.springframework.security.web.access.ExceptionTranslationFilter@31921151, org.springframework.security.web.access.intercept.AuthorizationFilter@544733a4]
?[0m?[0;34m12:59 WARN  o.s.b.a.o.j.JpaBaseConfiguration$JpaWebConfiguration - spring.jpa.open-in-view is enabled by default. Therefore, database queries may be performed during view rendering. Explicitly configure spring.jpa.open-in-view to disable this warning
?[0m?[0;34m12:59 INFO  o.s.b.a.e.web.EndpointLinksResolver - Exposing 15 endpoint(s) beneath base path '/actuator'
?[0m?[0;34m12:59 INFO  o.a.coyote.http11.Http11NioProtocol - Starting ProtocolHandler ["http-nio-8889"]
?[0m?[0;34m12:59 INFO  o.s.b.w.e.tomcat.TomcatWebServer - Tomcat started on port(s): 8889 (http) with context path ''
?[0m?[0;34m12:59 INFO  engine.WebQuizEngine - Started WebQuizEngine in 4.264 seconds (JVM running for 4.975)
?[0;34m12:59 INFO  o.a.c.c.C.[Tomcat].[localhost].[/] - Initializing Spring DispatcherServlet 'dispatcherServlet'
?[0m?[0;34m12:59 INFO  o.s.web.servlet.DispatcherServlet - Initializing Servlet 'dispatcherServlet'
?[0m?[0;34m12:59 INFO  o.s.web.servlet.DispatcherServlet - Completed initialization in 1 ms
?[0m?[0;34m12:59 DEBUG o.s.security.web.FilterChainProxy - Securing POST /api/register
?[0m?[0;34m12:59 DEBUG o.s.s.w.c.SecurityContextPersistenceFilter - Set SecurityContextHolder to empty SecurityContext
?[0m?[0;34m12:59 DEBUG o.s.s.w.a.AnonymousAuthenticationFilter - Set SecurityContextHolder to anonymous SecurityContext
?[0m?[0;34m12:59 DEBUG o.s.s.w.u.m.RegexRequestMatcher - Checking match of request : '/api/register'; against '/api/register'
?[0m?[0;34m12:59 DEBUG o.s.security.web.FilterChainProxy - Secured POST /api/register
?[0m?[0;34m12:59 DEBUG o.s.s.w.c.HttpSessionSecurityContextRepository - Did not store anonymous SecurityContext
?[0m?[0;34m12:59 DEBUG o.s.s.w.c.HttpSessionSecurityContextRepository - Did not store anonymous SecurityContext
?[0m?[0;34m12:59 DEBUG o.s.s.w.c.SecurityContextPersistenceFilter - Cleared SecurityContextHolder to complete request
?[0m?[1;31m
Start test 2?[0m
?[0;34m12:59 DEBUG o.s.security.web.FilterChainProxy - Securing POST /api/register
?[0m?[0;34m12:59 DEBUG o.s.s.w.c.SecurityContextPersistenceFilter - Set SecurityContextHolder to empty SecurityContext
?[0m?[0;34m12:59 DEBUG o.s.s.w.a.AnonymousAuthenticationFilter - Set SecurityContextHolder to anonymous SecurityContext
?[0m?[0;34m12:59 DEBUG o.s.s.w.u.m.RegexRequestMatcher - Checking match of request : '/api/register'; against '/api/register'
?[0m?[0;34m12:59 DEBUG o.s.security.web.FilterChainProxy - Secured POST /api/register
?[0m?[0;34m12:59 DEBUG o.s.s.w.c.HttpSessionSecurityContextRepository - Did not store anonymous SecurityContext
?[0m?[0;34m12:59 DEBUG o.s.s.w.c.HttpSessionSecurityContextRepository - Did not store anonymous SecurityContext
?[0m?[0;34m12:59 DEBUG o.s.s.w.c.SecurityContextPersistenceFilter - Cleared SecurityContextHolder to complete request
?[1;31m
Start test 3?[0m
?[0;34m12:59 DEBUG o.s.security.web.FilterChainProxy - Securing POST /api/register
?[0m?[0;34m12:59 DEBUG o.s.s.w.c.SecurityContextPersistenceFilter - Set SecurityContextHolder to empty SecurityContext
?[0m?[0;34m12:59 DEBUG o.s.s.w.a.AnonymousAuthenticationFilter - Set SecurityContextHolder to anonymous SecurityContext
?[0m?[0;34m12:59 DEBUG o.s.s.w.u.m.RegexRequestMatcher - Checking match of request : '/api/register'; against '/api/register'
?[0m?[0;34m12:59 DEBUG o.s.security.web.FilterChainProxy - Secured POST /api/register
?[0m?[0;34m12:59 DEBUG o.s.s.w.c.HttpSessionSecurityContextRepository - Did not store anonymous SecurityContext
?[0m?[0;34m12:59 WARN  o.s.w.s.m.s.DefaultHandlerExceptionResolver - Resolved [org.springframework.web.bind.MethodArgumentNotValidException: Validation failed for argument [0] in public java.lang.String engine.WebQuizEngine.userRegisterEndpoint(engine.UserRegisterRequest) with 2 errors: [Field error in object 'userRegisterRequest' on field 'email': rejected value [google.com]; codes [Pattern.userRegisterRequest.email,Pattern.email,Pattern.java.lang.String,Pattern]; arguments [org.springframework.context.support.DefaultMessageSourceResolvable: codes [userRegisterRequest.email,email]; arguments []; default message [email],[Ljavax.validation.constraints.Pattern$Flag;@718dbdd0,.+@.+\..+]; default message [must match ".+@.+\..+"]] [Field error in object 'userRegisterRequest' on field 'email': rejected value [google.com]; codes [Email.userRegisterRequest.email,Email.email,Email.java.lang.String,Email]; arguments [org.springframework.context.support.DefaultMessageSourceResolvable: codes [userRegisterRequest.email,email]; arguments []; default message [email],[Ljavax.validation.constraints.Pattern$Flag;@20e33e40,.*]; default message [must be a well-formed email address]] ]
?[0m?[0;34m12:59 DEBUG o.s.s.w.c.HttpSessionSecurityContextRepository - Did not store anonymous SecurityContext
?[0m?[0;34m12:59 DEBUG o.s.s.w.c.SecurityContextPersistenceFilter - Cleared SecurityContextHolder to complete request
?[0m?[0;34m12:59 DEBUG o.s.security.web.FilterChainProxy - Securing POST /error
?[0m?[0;34m12:59 DEBUG o.s.s.w.c.SecurityContextPersistenceFilter - Set SecurityContextHolder to empty SecurityContext
?[0m?[0;34m12:59 DEBUG o.s.s.w.a.AnonymousAuthenticationFilter - Set SecurityContextHolder to anonymous SecurityContext
?[0m?[0;34m12:59 DEBUG o.s.security.web.FilterChainProxy - Secured POST /error
?[0m?[0;34m12:59 DEBUG o.s.s.w.c.HttpSessionSecurityContextRepository - Did not store anonymous SecurityContext
?[0m?[0;34m12:59 DEBUG o.s.s.w.c.HttpSessionSecurityContextRepository - Did not store anonymous SecurityContext
?[0m?[0;34m12:59 DEBUG o.s.s.w.c.SecurityContextPersistenceFilter - Cleared SecurityContextHolder to complete request
?[1;31m
Start test 4?[0m
?[0;34m12:59 DEBUG o.s.security.web.FilterChainProxy - Securing POST /api/register
?[0m?[0;34m12:59 DEBUG o.s.s.w.c.SecurityContextPersistenceFilter - Set SecurityContextHolder to empty SecurityContext
?[0m?[0;34m12:59 DEBUG o.s.s.w.a.AnonymousAuthenticationFilter - Set SecurityContextHolder to anonymous SecurityContext
?[0m?[0;34m12:59 DEBUG o.s.s.w.u.m.RegexRequestMatcher - Checking match of request : '/api/register'; against '/api/register'
?[0m?[0;34m12:59 DEBUG o.s.security.web.FilterChainProxy - Secured POST /api/register
?[0m?[0;34m12:59 DEBUG o.s.s.w.c.HttpSessionSecurityContextRepository - Did not store anonymous SecurityContext
?[0m?[0;34m12:59 WARN  o.s.w.s.m.s.DefaultHandlerExceptionResolver - Resolved [org.springframework.web.bind.MethodArgumentNotValidException: Validation failed for argument [0] in public java.lang.String engine.WebQuizEngine.userRegisterEndpoint(engine.UserRegisterRequest): [Field error in object 'userRegisterRequest' on field 'email': rejected value [well@googlecom]; codes [Pattern.userRegisterRequest.email,Pattern.email,Pattern.java.lang.String,Pattern]; arguments [org.springframework.context.support.DefaultMessageSourceResolvable: codes [userRegisterRequest.email,email]; arguments []; default message [email],[Ljavax.validation.constraints.Pattern$Flag;@718dbdd0,.+@.+\..+]; default message [must match ".+@.+\..+"]] ]
?[0m?[0;34m12:59 DEBUG o.s.s.w.c.HttpSessionSecurityContextRepository - Did not store anonymous SecurityContext
?[0m?[0;34m12:59 DEBUG o.s.s.w.c.SecurityContextPersistenceFilter - Cleared SecurityContextHolder to complete request
?[0m?[0;34m12:59 DEBUG o.s.security.web.FilterChainProxy - Securing POST /error
?[0m?[0;34m12:59 DEBUG o.s.s.w.c.SecurityContextPersistenceFilter - Set SecurityContextHolder to empty SecurityContext
?[0m?[0;34m12:59 DEBUG o.s.s.w.a.AnonymousAuthenticationFilter - Set SecurityContextHolder to anonymous SecurityContext
?[0m?[0;34m12:59 DEBUG o.s.security.web.FilterChainProxy - Secured POST /error
?[0m?[0;34m12:59 DEBUG o.s.s.w.c.HttpSessionSecurityContextRepository - Did not store anonymous SecurityContext
?[0m?[0;34m12:59 DEBUG o.s.s.w.c.HttpSessionSecurityContextRepository - Did not store anonymous SecurityContext
?[0m?[0;34m12:59 DEBUG o.s.s.w.c.SecurityContextPersistenceFilter - Cleared SecurityContextHolder to complete request
?[1;31m
Start test 5?[0m
?[0;34m12:59 DEBUG o.s.security.web.FilterChainProxy - Securing POST /api/register
?[0m?[0;34m12:59 DEBUG o.s.s.w.c.SecurityContextPersistenceFilter - Set SecurityContextHolder to empty SecurityContext
?[0m?[0;34m12:59 DEBUG o.s.s.w.a.AnonymousAuthenticationFilter - Set SecurityContextHolder to anonymous SecurityContext
?[0m?[0;34m12:59 DEBUG o.s.s.w.u.m.RegexRequestMatcher - Checking match of request : '/api/register'; against '/api/register'
?[0m?[0;34m12:59 DEBUG o.s.security.web.FilterChainProxy - Secured POST /api/register
?[0m?[0;34m12:59 WARN  o.s.w.s.m.m.a.ExceptionHandlerExceptionResolver - Failure in @ExceptionHandler engine.Exceptionist#handleBadRequestExceptions(RuntimeException, WebRequest)
?[0m?[0;34morg.springframework.web.HttpMediaTypeNotAcceptableException: Could not find acceptable representation
?[0m?[0;34m	at org.springframework.web.servlet.mvc.method.annotation.AbstractMessageConverterMethodProcessor.writeWithMessageConverters(AbstractMessageConverterMethodProcessor.java:315)
?[0m?[0;34m	at org.springframework.web.servlet.mvc.method.annotation.HttpEntityMethodProcessor.handleReturnValue(HttpEntityMethodProcessor.java:219)
?[0m?[0;34m	at org.springframework.web.method.support.HandlerMethodReturnValueHandlerComposite.handleReturnValue(HandlerMethodReturnValueHandlerComposite.java:78)
?[0m?[0;34m	at org.springframework.web.servlet.mvc.method.annotation.ServletInvocableHandlerMethod.invokeAndHandle(ServletInvocableHandlerMethod.java:135)
?[0m?[0;34m	at org.springframework.web.servlet.mvc.method.annotation.ExceptionHandlerExceptionResolver.doResolveHandlerMethodException(ExceptionHandlerExceptionResolver.java:428)
?[0m?[0;34m	at org.springframework.web.servlet.handler.AbstractHandlerMethodExceptionResolver.doResolveException(AbstractHandlerMethodExceptionResolver.java:75)
?[0m?[0;34m	at org.springframework.web.servlet.handler.AbstractHandlerExceptionResolver.resolveException(AbstractHandlerExceptionResolver.java:142)
?[0m?[0;34m	at org.springframework.web.servlet.handler.HandlerExceptionResolverComposite.resolveException(HandlerExceptionResolverComposite.java:80)
?[0m?[0;34m	at org.springframework.web.servlet.DispatcherServlet.processHandlerException(DispatcherServlet.java:1327)
?[0m?[0;34m	at org.springframework.web.servlet.DispatcherServlet.processDispatchResult(DispatcherServlet.java:1138)
?[0m?[0;34m	at org.springframework.web.servlet.DispatcherServlet.doDispatch(DispatcherServlet.java:1084)
?[0m?[0;34m	at org.springframework.web.servlet.DispatcherServlet.doService(DispatcherServlet.java:963)
?[0m?[0;34m	at org.springframework.web.servlet.FrameworkServlet.processRequest(FrameworkServlet.java:1006)
?[0m?[0;34m	at org.springframework.web.servlet.FrameworkServlet.doPost(FrameworkServlet.java:909)
?[0m?[0;34m	at javax.servlet.http.HttpServlet.service(HttpServlet.java:681)
?[0m?[0;34m	at org.springframework.web.servlet.FrameworkServlet.service(FrameworkServlet.java:883)
?[0m?[0;34m	at javax.servlet.http.HttpServlet.service(HttpServlet.java:764)
?[0m?[0;34m	at java.base/jdk.internal.reflect.NativeMethodAccessorImpl.invoke0(Native Method)
?[0m?[0;34m	at java.base/jdk.internal.reflect.NativeMethodAccessorImpl.invoke(NativeMethodAccessorImpl.java:77)
?[0m?[0;34m	at java.base/jdk.internal.reflect.DelegatingMethodAccessorImpl.invoke(DelegatingMethodAccessorImpl.java:43)
?[0m?[0;34m	at java.base/java.lang.reflect.Method.invoke(Method.java:568)
?[0m?[0;34m	at org.apache.catalina.security.SecurityUtil.lambda$execute$0(SecurityUtil.java:280)
?[0m?[0;34m	at java.base/java.security.AccessController.doPrivileged(AccessController.java:712)
?[0m?[0;34m	at java.base/javax.security.auth.Subject.doAsPrivileged(Subject.java:584)
?[0m?[0;34m	at org.apache.catalina.security.SecurityUtil.execute(SecurityUtil.java:311)
?[0m?[0;34m	at org.apache.catalina.security.SecurityUtil.doAsPrivilege(SecurityUtil.java:170)
?[0m?[0;34m	at org.apache.catalina.core.ApplicationFilterChain.internalDoFilter(ApplicationFilterChain.java:221)
?[0m?[0;34m	at org.apache.catalina.core.ApplicationFilterChain.lambda$doFilter$0(ApplicationFilterChain.java:145)
?[0m?[0;34m	at java.base/java.security.AccessController.doPrivileged(AccessController.java:569)
?[0m?[0;34m	at org.apache.catalina.core.ApplicationFilterChain.doFilter(ApplicationFilterChain.java:143)
?[0m?[0;34m	at org.apache.tomcat.websocket.server.WsFilter.doFilter(WsFilter.java:53)
?[0m?[0;34m	at jdk.internal.reflect.GeneratedMethodAccessor54.invoke(Unknown Source)
?[0m?[0;34m	at java.base/jdk.internal.reflect.DelegatingMethodAccessorImpl.invoke(DelegatingMethodAccessorImpl.java:43)
?[0m?[0;34m	at java.base/java.lang.reflect.Method.invoke(Method.java:568)
?[0m?[0;34m	at org.apache.catalina.security.SecurityUtil.lambda$execute$0(SecurityUtil.java:280)
?[0m?[0;34m	at java.base/java.security.AccessController.doPrivileged(AccessController.java:712)
?[0m?[0;34m	at java.base/javax.security.auth.Subject.doAsPrivileged(Subject.java:584)
?[0m?[0;34m	at org.apache.catalina.security.SecurityUtil.execute(SecurityUtil.java:311)
?[0m?[0;34m	at org.apache.catalina.security.SecurityUtil.doAsPrivilege(SecurityUtil.java:253)
?[0m?[0;34m	at org.apache.catalina.core.ApplicationFilterChain.internalDoFilter(ApplicationFilterChain.java:187)
?[0m?[0;34m	at org.apache.catalina.core.ApplicationFilterChain.lambda$doFilter$0(ApplicationFilterChain.java:145)
?[0m?[0;34m	at java.base/java.security.AccessController.doPrivileged(AccessController.java:569)
?[0m?[0;34m	at org.apache.catalina.core.ApplicationFilterChain.doFilter(ApplicationFilterChain.java:143)
?[0m?[0;34m	at org.springframework.security.web.FilterChainProxy$VirtualFilterChain.doFilter(FilterChainProxy.java:327)
?[0m?[0;34m	at org.springframework.security.web.access.intercept.AuthorizationFilter.doFilterInternal(AuthorizationFilter.java:58)
?[0m?[0;34m	at org.springframework.web.filter.OncePerRequestFilter.doFilter(OncePerRequestFilter.java:119)
?[0m?[0;34m	at org.springframework.security.web.FilterChainProxy$VirtualFilterChain.doFilter(FilterChainProxy.java:336)
?[0m?[0;34m	at org.springframework.security.web.access.ExceptionTranslationFilter.doFilter(ExceptionTranslationFilter.java:121)
?[0m?[0;34m	at org.springframework.security.web.access.ExceptionTranslationFilter.doFilter(ExceptionTranslationFilter.java:115)
?[0m?[0;34m	at org.springframework.security.web.FilterChainProxy$VirtualFilterChain.doFilter(FilterChainProxy.java:336)
?[0m?[0;34m	at org.springframework.security.web.session.SessionManagementFilter.doFilter(SessionManagementFilter.java:126)
?[0m?[0;34m	at org.springframework.security.web.session.SessionManagementFilter.doFilter(SessionManagementFilter.java:81)
?[0m?[0;34m	at org.springframework.security.web.FilterChainProxy$VirtualFilterChain.doFilter(FilterChainProxy.java:336)
?[0m?[0;34m	at org.springframework.security.web.authentication.AnonymousAuthenticationFilter.doFilter(AnonymousAuthenticationFilter.java:105)
?[0m?[0;34m	at org.springframework.security.web.FilterChainProxy$VirtualFilterChain.doFilter(FilterChainProxy.java:336)
?[0m?[0;34m	at org.springframework.security.web.servletapi.SecurityContextHolderAwareRequestFilter.doFilter(SecurityContextHolderAwareRequestFilter.java:149)
?[0m?[0;34m	at org.springframework.security.web.FilterChainProxy$VirtualFilterChain.doFilter(FilterChainProxy.java:336)
?[0m?[0;34m	at org.springframework.security.web.savedrequest.RequestCacheAwareFilter.doFilter(RequestCacheAwareFilter.java:63)
?[0m?[0;34m	at org.springframework.security.web.FilterChainProxy$VirtualFilterChain.doFilter(FilterChainProxy.java:336)
?[0m?[0;34m	at org.springframework.security.web.authentication.www.BasicAuthenticationFilter.doFilterInternal(BasicAuthenticationFilter.java:149)
?[0m?[0;34m	at org.springframework.web.filter.OncePerRequestFilter.doFilter(OncePerRequestFilter.java:119)
?[0m?[0;34m	at org.springframework.security.web.FilterChainProxy$VirtualFilterChain.doFilter(FilterChainProxy.java:336)
?[0m?[0;34m	at org.springframework.security.web.authentication.logout.LogoutFilter.doFilter(LogoutFilter.java:103)
?[0m?[0;34m	at org.springframework.security.web.authentication.logout.LogoutFilter.doFilter(LogoutFilter.java:89)
?[0m?[0;34m	at org.springframework.security.web.FilterChainProxy$VirtualFilterChain.doFilter(FilterChainProxy.java:336)
?[0m?[0;34m	at org.springframework.security.web.header.HeaderWriterFilter.doHeadersAfter(HeaderWriterFilter.java:90)
?[0m?[0;34m	at org.springframework.security.web.header.HeaderWriterFilter.doFilterInternal(HeaderWriterFilter.java:75)
?[0m?[0;34m	at org.springframework.web.filter.OncePerRequestFilter.doFilter(OncePerRequestFilter.java:119)
?[0m?[0;34m	at org.springframework.security.web.FilterChainProxy$VirtualFilterChain.doFilter(FilterChainProxy.java:336)
?[0m?[0;34m	at org.springframework.security.web.context.SecurityContextPersistenceFilter.doFilter(SecurityContextPersistenceFilter.java:110)
?[0m?[0;34m	at org.springframework.security.web.context.SecurityContextPersistenceFilter.doFilter(SecurityContextPersistenceFilter.java:80)
?[0m?[0;34m	at org.springframework.security.web.FilterChainProxy$VirtualFilterChain.doFilter(FilterChainProxy.java:336)
?[0m?[0;34m	at org.springframework.security.web.context.request.async.WebAsyncManagerIntegrationFilter.doFilterInternal(WebAsyncManagerIntegrationFilter.java:55)
?[0m?[0;34m	at org.springframework.web.filter.OncePerRequestFilter.doFilter(OncePerRequestFilter.java:119)
?[0m?[0;34m	at org.springframework.security.web.FilterChainProxy$VirtualFilterChain.doFilter(FilterChainProxy.java:336)
?[0m?[0;34m	at org.springframework.security.web.FilterChainProxy.doFilterInternal(FilterChainProxy.java:211)
?[0m?[0;34m	at org.springframework.security.web.FilterChainProxy.doFilter(FilterChainProxy.java:183)
?[0m?[0;34m	at org.springframework.web.filter.DelegatingFilterProxy.invokeDelegate(DelegatingFilterProxy.java:358)
?[0m?[0;34m	at org.springframework.web.filter.DelegatingFilterProxy.doFilter(DelegatingFilterProxy.java:271)
?[0m?[0;34m	at jdk.internal.reflect.GeneratedMethodAccessor54.invoke(Unknown Source)
?[0m?[0;34m	at java.base/jdk.internal.reflect.DelegatingMethodAccessorImpl.invoke(DelegatingMethodAccessorImpl.java:43)
?[0m?[0;34m	at java.base/java.lang.reflect.Method.invoke(Method.java:568)
?[0m?[0;34m	at org.apache.catalina.security.SecurityUtil.lambda$execute$0(SecurityUtil.java:280)
?[0m?[0;34m	at java.base/java.security.AccessController.doPrivileged(AccessController.java:712)
?[0m?[0;34m	at java.base/javax.security.auth.Subject.doAsPrivileged(Subject.java:584)
?[0m?[0;34m	at org.apache.catalina.security.SecurityUtil.execute(SecurityUtil.java:311)
?[0m?[0;34m	at org.apache.catalina.security.SecurityUtil.doAsPrivilege(SecurityUtil.java:253)
?[0m?[0;34m	at org.apache.catalina.core.ApplicationFilterChain.internalDoFilter(ApplicationFilterChain.java:187)
?[0m?[0;34m	at org.apache.catalina.core.ApplicationFilterChain.lambda$doFilter$0(ApplicationFilterChain.java:145)
?[0m?[0;34m	at java.base/java.security.AccessController.doPrivileged(AccessController.java:569)
?[0m?[0;34m	at org.apache.catalina.core.ApplicationFilterChain.doFilter(ApplicationFilterChain.java:143)
?[0m?[0;34m	at org.springframework.web.filter.RequestContextFilter.doFilterInternal(RequestContextFilter.java:100)
?[0m?[0;34m	at org.springframework.web.filter.OncePerRequestFilter.doFilter(OncePerRequestFilter.java:119)
?[0m?[0;34m	at jdk.internal.reflect.GeneratedMethodAccessor54.invoke(Unknown Source)
?[0m?[0;34m	at java.base/jdk.internal.reflect.DelegatingMethodAccessorImpl.invoke(DelegatingMethodAccessorImpl.java:43)
?[0m?[0;34m	at java.base/java.lang.reflect.Method.invoke(Method.java:568)
?[0m?[0;34m	at org.apache.catalina.security.SecurityUtil.lambda$execute$0(SecurityUtil.java:280)
?[0m?[0;34m	at java.base/java.security.AccessController.doPrivileged(AccessController.java:712)
?[0m?[0;34m	at java.base/javax.security.auth.Subject.doAsPrivileged(Subject.java:584)
?[0m?[0;34m	at org.apache.catalina.security.SecurityUtil.execute(SecurityUtil.java:311)
?[0m?[0;34m	at org.apache.catalina.security.SecurityUtil.doAsPrivilege(SecurityUtil.java:253)
?[0m?[0;34m	at org.apache.catalina.core.ApplicationFilterChain.internalDoFilter(ApplicationFilterChain.java:187)
?[0m?[0;34m	at org.apache.catalina.core.ApplicationFilterChain.lambda$doFilter$0(ApplicationFilterChain.java:145)
?[0m?[0;34m	at java.base/java.security.AccessController.doPrivileged(AccessController.java:569)
?[0m?[0;34m	at org.apache.catalina.core.ApplicationFilterChain.doFilter(ApplicationFilterChain.java:143)
?[0m?[0;34m	at org.springframework.web.filter.FormContentFilter.doFilterInternal(FormContentFilter.java:93)
?[0m?[0;34m	at org.springframework.web.filter.OncePerRequestFilter.doFilter(OncePerRequestFilter.java:119)
?[0m?[0;34m	at jdk.internal.reflect.GeneratedMethodAccessor54.invoke(Unknown Source)
?[0m?[0;34m	at java.base/jdk.internal.reflect.DelegatingMethodAccessorImpl.invoke(DelegatingMethodAccessorImpl.java:43)
?[0m?[0;34m	at java.base/java.lang.reflect.Method.invoke(Method.java:568)
?[0m?[0;34m	at org.apache.catalina.security.SecurityUtil.lambda$execute$0(SecurityUtil.java:280)
?[0m?[0;34m	at java.base/java.security.AccessController.doPrivileged(AccessController.java:712)
?[0m?[0;34m	at java.base/javax.security.auth.Subject.doAsPrivileged(Subject.java:584)
?[0m?[0;34m	at org.apache.catalina.security.SecurityUtil.execute(SecurityUtil.java:311)
?[0m?[0;34m	at org.apache.catalina.security.SecurityUtil.doAsPrivilege(SecurityUtil.java:253)
?[0m?[0;34m	at org.apache.catalina.core.ApplicationFilterChain.internalDoFilter(ApplicationFilterChain.java:187)
?[0m?[0;34m	at org.apache.catalina.core.ApplicationFilterChain.lambda$doFilter$0(ApplicationFilterChain.java:145)
?[0m?[0;34m	at java.base/java.security.AccessController.doPrivileged(AccessController.java:569)
?[0m?[0;34m	at org.apache.catalina.core.ApplicationFilterChain.doFilter(ApplicationFilterChain.java:143)
?[0m?[0;34m	at org.springframework.boot.actuate.metrics.web.servlet.WebMvcMetricsFilter.doFilterInternal(WebMvcMetricsFilter.java:96)
?[0m?[0;34m	at org.springframework.web.filter.OncePerRequestFilter.doFilter(OncePerRequestFilter.java:119)
?[0m?[0;34m	at jdk.internal.reflect.GeneratedMethodAccessor54.invoke(Unknown Source)
?[0m?[0;34m	at java.base/jdk.internal.reflect.DelegatingMethodAccessorImpl.invoke(DelegatingMethodAccessorImpl.java:43)
?[0m?[0;34m	at java.base/java.lang.reflect.Method.invoke(Method.java:568)
?[0m?[0;34m	at org.apache.catalina.security.SecurityUtil.lambda$execute$0(SecurityUtil.java:280)
?[0m?[0;34m	at java.base/java.security.AccessController.doPrivileged(AccessController.java:712)
?[0m?[0;34m	at java.base/javax.security.auth.Subject.doAsPrivileged(Subject.java:584)
?[0m?[0;34m	at org.apache.catalina.security.SecurityUtil.execute(SecurityUtil.java:311)
?[0m?[0;34m	at org.apache.catalina.security.SecurityUtil.doAsPrivilege(SecurityUtil.java:253)
?[0m?[0;34m	at org.apache.catalina.core.ApplicationFilterChain.internalDoFilter(ApplicationFilterChain.java:187)
?[0m?[0;34m	at org.apache.catalina.core.ApplicationFilterChain.lambda$doFilter$0(ApplicationFilterChain.java:145)
?[0m?[0;34m	at java.base/java.security.AccessController.doPrivileged(AccessController.java:569)
?[0m?[0;34m	at org.apache.catalina.core.ApplicationFilterChain.doFilter(ApplicationFilterChain.java:143)
?[0m?[0;34m	at org.springframework.web.filter.CharacterEncodingFilter.doFilterInternal(CharacterEncodingFilter.java:201)
?[0m?[0;34m	at org.springframework.web.filter.OncePerRequestFilter.doFilter(OncePerRequestFilter.java:119)
?[0m?[0;34m	at jdk.internal.reflect.GeneratedMethodAccessor54.invoke(Unknown Source)
?[0m?[0;34m	at java.base/jdk.internal.reflect.DelegatingMethodAccessorImpl.invoke(DelegatingMethodAccessorImpl.java:43)
?[0m?[0;34m	at java.base/java.lang.reflect.Method.invoke(Method.java:568)
?[0m?[0;34m	at org.apache.catalina.security.SecurityUtil.lambda$execute$0(SecurityUtil.java:280)
?[0m?[0;34m	at java.base/java.security.AccessController.doPrivileged(AccessController.java:712)
?[0m?[0;34m	at java.base/javax.security.auth.Subject.doAsPrivileged(Subject.java:584)
?[0m?[0;34m	at org.apache.catalina.security.SecurityUtil.execute(SecurityUtil.java:311)
?[0m?[0;34m	at org.apache.catalina.security.SecurityUtil.doAsPrivilege(SecurityUtil.java:253)
?[0m?[0;34m	at org.apache.catalina.core.ApplicationFilterChain.internalDoFilter(ApplicationFilterChain.java:187)
?[0m?[0;34m	at org.apache.catalina.core.ApplicationFilterChain.lambda$doFilter$0(ApplicationFilterChain.java:145)
?[0m?[0;34m	at java.base/java.security.AccessController.doPrivileged(AccessController.java:569)
?[0m?[0;34m	at org.apache.catalina.core.ApplicationFilterChain.doFilter(ApplicationFilterChain.java:143)
?[0m?[0;34m	at org.apache.catalina.core.StandardWrapperValve.invoke(StandardWrapperValve.java:197)
?[0m?[0;34m	at org.apache.catalina.core.StandardContextValve.invoke(StandardContextValve.java:97)
?[0m?[0;34m	at org.apache.catalina.authenticator.AuthenticatorBase.invoke(AuthenticatorBase.java:540)
?[0m?[0;34m	at org.apache.catalina.core.StandardHostValve.invoke(StandardHostValve.java:135)
?[0m?[0;34m	at org.apache.catalina.valves.ErrorReportValve.invoke(ErrorReportValve.java:92)
?[0m?[0;34m	at org.apache.catalina.core.StandardEngineValve.invoke(StandardEngineValve.java:78)
?[0m?[0;34m	at org.apache.catalina.connector.CoyoteAdapter.service(CoyoteAdapter.java:357)
?[0m?[0;34m	at org.apache.coyote.http11.Http11Processor.service(Http11Processor.java:382)
?[0m?[0;34m	at org.apache.coyote.AbstractProcessorLight.process(AbstractProcessorLight.java:65)
?[0m?[0;34m	at org.apache.coyote.AbstractProtocol$ConnectionHandler.process(AbstractProtocol.java:895)
?[0m?[0;34m	at org.apache.tomcat.util.net.NioEndpoint$SocketProcessor.doRun(NioEndpoint.java:1722)
?[0m?[0;34m	at org.apache.tomcat.util.net.SocketProcessorBase.run(SocketProcessorBase.java:49)
?[0m?[0;34m	at org.apache.tomcat.util.threads.ThreadPoolExecutor.runWorker(ThreadPoolExecutor.java:1191)
?[0m?[0;34m	at org.apache.tomcat.util.threads.ThreadPoolExecutor$Worker.run(ThreadPoolExecutor.java:659)
?[0m?[0;34m	at org.apache.tomcat.util.threads.TaskThread$WrappingRunnable.run(TaskThread.java:61)
?[0m?[0;34m	at java.base/java.lang.Thread.run(Thread.java:842)
?[0m?[0;34m12:59 DEBUG o.s.s.w.c.HttpSessionSecurityContextRepository - Did not store anonymous SecurityContext
?[0m?[0;34m12:59 DEBUG o.s.s.w.c.HttpSessionSecurityContextRepository - Did not store anonymous SecurityContext
?[0m?[0;34m12:59 DEBUG o.s.s.w.c.SecurityContextPersistenceFilter - Cleared SecurityContextHolder to complete request
?[0m?[0;34m12:59 DEBUG o.s.security.web.FilterChainProxy - Securing POST /error
?[0m?[0;34m12:59 DEBUG o.s.s.w.c.SecurityContextPersistenceFilter - Set SecurityContextHolder to empty SecurityContext
?[0m?[0;34m12:59 DEBUG o.s.s.w.a.AnonymousAuthenticationFilter - Set SecurityContextHolder to anonymous SecurityContext
?[0m?[0;34m12:59 DEBUG o.s.security.web.FilterChainProxy - Secured POST /error
?[0m?[0;34m12:59 DEBUG o.s.s.w.c.HttpSessionSecurityContextRepository - Did not store anonymous SecurityContext
?[0m?[0;34m12:59 DEBUG o.s.s.w.c.HttpSessionSecurityContextRepository - Did not store anonymous SecurityContext
?[0m?[0;34m12:59 DEBUG o.s.s.w.c.SecurityContextPersistenceFilter - Cleared SecurityContextHolder to complete request
?[1;31m
Start test 6?[0m
?[0;34m12:59 DEBUG o.s.security.web.FilterChainProxy - Securing POST /api/register
?[0m?[0;34m12:59 DEBUG o.s.s.w.c.SecurityContextPersistenceFilter - Set SecurityContextHolder to empty SecurityContext
?[0m?[0;34m12:59 DEBUG o.s.s.w.a.AnonymousAuthenticationFilter - Set SecurityContextHolder to anonymous SecurityContext
?[0m?[0;34m12:59 DEBUG o.s.s.w.u.m.RegexRequestMatcher - Checking match of request : '/api/register'; against '/api/register'
?[0m?[0;34m12:59 DEBUG o.s.security.web.FilterChainProxy - Secured POST /api/register
?[0m?[0;34m12:59 DEBUG o.s.s.w.c.HttpSessionSecurityContextRepository - Did not store anonymous SecurityContext
?[0m?[0;34m12:59 WARN  o.s.w.s.m.s.DefaultHandlerExceptionResolver - Resolved [org.springframework.web.bind.MethodArgumentNotValidException: Validation failed for argument [0] in public java.lang.String engine.WebQuizEngine.userRegisterEndpoint(engine.UserRegisterRequest): [Field error in object 'userRegisterRequest' on field 'password': rejected value [1234]; codes [Size.userRegisterRequest.password,Size.password,Size.java.lang.String,Size]; arguments [org.springframework.context.support.DefaultMessageSourceResolvable: codes [userRegisterRequest.password,password]; arguments []; default message [password],2147483647,5]; default message [size must be between 5 and 2147483647]] ]
?[0m?[0;34m12:59 DEBUG o.s.s.w.c.HttpSessionSecurityContextRepository - Did not store anonymous SecurityContext
?[0m?[0;34m12:59 DEBUG o.s.s.w.c.SecurityContextPersistenceFilter - Cleared SecurityContextHolder to complete request
?[0m?[0;34m12:59 DEBUG o.s.security.web.FilterChainProxy - Securing POST /error
?[0m?[0;34m12:59 DEBUG o.s.s.w.c.SecurityContextPersistenceFilter - Set SecurityContextHolder to empty SecurityContext
?[0m?[0;34m12:59 DEBUG o.s.s.w.a.AnonymousAuthenticationFilter - Set SecurityContextHolder to anonymous SecurityContext
?[0m?[0;34m12:59 DEBUG o.s.security.web.FilterChainProxy - Secured POST /error
?[0m?[0;34m12:59 DEBUG o.s.s.w.c.HttpSessionSecurityContextRepository - Did not store anonymous SecurityContext
?[0m?[0;34m12:59 DEBUG o.s.s.w.c.HttpSessionSecurityContextRepository - Did not store anonymous SecurityContext
?[0m?[0;34m12:59 DEBUG o.s.s.w.c.SecurityContextPersistenceFilter - Cleared SecurityContextHolder to complete request
?[1;31m
Start test 7?[0m
?[0;34m12:59 DEBUG o.s.security.web.FilterChainProxy - Securing POST /api/register
?[0m?[0;34m12:59 DEBUG o.s.s.w.c.SecurityContextPersistenceFilter - Set SecurityContextHolder to empty SecurityContext
?[0m?[0;34m12:59 DEBUG o.s.s.w.a.AnonymousAuthenticationFilter - Set SecurityContextHolder to anonymous SecurityContext
?[0m?[0;34m12:59 DEBUG o.s.s.w.u.m.RegexRequestMatcher - Checking match of request : '/api/register'; against '/api/register'
?[0m?[0;34m12:59 DEBUG o.s.security.web.FilterChainProxy - Secured POST /api/register
?[0m?[0;34m12:59 DEBUG o.s.s.w.c.HttpSessionSecurityContextRepository - Did not store anonymous SecurityContext
?[0m?[0;34m12:59 WARN  o.s.w.s.m.s.DefaultHandlerExceptionResolver - Resolved [org.springframework.web.bind.MethodArgumentNotValidException: Validation failed for argument [0] in public java.lang.String engine.WebQuizEngine.userRegisterEndpoint(engine.UserRegisterRequest): [Field error in object 'userRegisterRequest' on field 'password': rejected value [123]; codes [Size.userRegisterRequest.password,Size.password,Size.java.lang.String,Size]; arguments [org.springframework.context.support.DefaultMessageSourceResolvable: codes [userRegisterRequest.password,password]; arguments []; default message [password],2147483647,5]; default message [size must be between 5 and 2147483647]] ]
?[0m?[0;34m12:59 DEBUG o.s.s.w.c.HttpSessionSecurityContextRepository - Did not store anonymous SecurityContext
?[0m?[0;34m12:59 DEBUG o.s.s.w.c.SecurityContextPersistenceFilter - Cleared SecurityContextHolder to complete request
?[0m?[0;34m12:59 DEBUG o.s.security.web.FilterChainProxy - Securing POST /error
?[0m?[0;34m12:59 DEBUG o.s.s.w.c.SecurityContextPersistenceFilter - Set SecurityContextHolder to empty SecurityContext
?[0m?[0;34m12:59 DEBUG o.s.s.w.a.AnonymousAuthenticationFilter - Set SecurityContextHolder to anonymous SecurityContext
?[0m?[0;34m12:59 DEBUG o.s.security.web.FilterChainProxy - Secured POST /error
?[0m?[0;34m12:59 DEBUG o.s.s.w.c.HttpSessionSecurityContextRepository - Did not store anonymous SecurityContext
?[0m?[0;34m12:59 DEBUG o.s.s.w.c.HttpSessionSecurityContextRepository - Did not store anonymous SecurityContext
?[0m?[0;34m12:59 DEBUG o.s.s.w.c.SecurityContextPersistenceFilter - Cleared SecurityContextHolder to complete request
?[1;31m
Start test 8?[0m
?[0;34m12:59 DEBUG o.s.security.web.FilterChainProxy - Securing GET /api/quizzes
?[0m?[0;34m12:59 DEBUG o.s.s.w.c.SecurityContextPersistenceFilter - Set SecurityContextHolder to empty SecurityContext
?[0m?[0;34m
?[0m?[0;34mTHE loadUserByUsername is called with the argument: test@google.com
?[0m?[0;34m
?[0m?[0;34m12:59 DEBUG o.s.s.a.d.DaoAuthenticationProvider - Authenticated user
?[0m?[0;34m12:59 DEBUG o.s.s.w.a.w.BasicAuthenticationFilter - Set SecurityContextHolder to UsernamePasswordAuthenticationToken [Principal=engine.UserDetailsImp@194433fa, Credentials=[PROTECTED], Authenticated=true, Details=WebAuthenticationDetails [RemoteIpAddress=127.0.0.1, SessionId=null], Granted Authorities=[]]
?[0m?[0;34m12:59 DEBUG o.s.s.w.c.HttpSessionSecurityContextRepository - Created HttpSession as SecurityContext is non-default
?[0m?[0;34m12:59 DEBUG o.s.s.w.c.HttpSessionSecurityContextRepository - Stored SecurityContextImpl [Authentication=UsernamePasswordAuthenticationToken [Principal=engine.UserDetailsImp@194433fa, Credentials=[PROTECTED], Authenticated=true, Details=WebAuthenticationDetails [RemoteIpAddress=127.0.0.1, SessionId=null], Granted Authorities=[]]] to HttpSession [org.apache.catalina.session.StandardSessionFacade@1dcb8027]
?[0m?[0;34m12:59 DEBUG o.s.security.web.FilterChainProxy - Secured GET /api/quizzes
?[0m?[0;34m12:59 DEBUG o.s.s.w.c.HttpSessionSecurityContextRepository - Stored SecurityContextImpl [Authentication=UsernamePasswordAuthenticationToken [Principal=engine.UserDetailsImp@194433fa, Credentials=[PROTECTED], Authenticated=true, Details=WebAuthenticationDetails [RemoteIpAddress=127.0.0.1, SessionId=null], Granted Authorities=[]]] to HttpSession [org.apache.catalina.session.StandardSessionFacade@1dcb8027]
?[0m?[0;34m12:59 DEBUG o.s.s.w.c.HttpSessionSecurityContextRepository - Stored SecurityContextImpl [Authentication=UsernamePasswordAuthenticationToken [Principal=engine.UserDetailsImp@194433fa, Credentials=[PROTECTED], Authenticated=true, Details=WebAuthenticationDetails [RemoteIpAddress=127.0.0.1, SessionId=null], Granted Authorities=[]]] to HttpSession [org.apache.catalina.session.StandardSessionFacade@1dcb8027]
?[0m?[0;34m12:59 DEBUG o.s.s.w.c.SecurityContextPersistenceFilter - Cleared SecurityContextHolder to complete request
?[1;31m
Start test 9?[0m
?[0;34m12:59 DEBUG o.s.security.web.FilterChainProxy - Securing GET /api/quizzes
?[0m?[0;34m12:59 DEBUG o.s.s.w.c.SecurityContextPersistenceFilter - Set SecurityContextHolder to empty SecurityContext
?[0m?[0;34m
?[0m?[0;34mTHE loadUserByUsername is called with the argument: user@google.com
?[0m?[0;34m
?[0m?[0;34m12:59 DEBUG o.s.s.a.d.DaoAuthenticationProvider - Authenticated user
?[0m?[0;34m12:59 DEBUG o.s.s.w.a.w.BasicAuthenticationFilter - Set SecurityContextHolder to UsernamePasswordAuthenticationToken [Principal=engine.UserDetailsImp@c57024, Credentials=[PROTECTED], Authenticated=true, Details=WebAuthenticationDetails [RemoteIpAddress=127.0.0.1, SessionId=null], Granted Authorities=[]]
?[0m?[0;34m12:59 DEBUG o.s.s.w.c.HttpSessionSecurityContextRepository - Created HttpSession as SecurityContext is non-default
?[0m?[0;34m12:59 DEBUG o.s.s.w.c.HttpSessionSecurityContextRepository - Stored SecurityContextImpl [Authentication=UsernamePasswordAuthenticationToken [Principal=engine.UserDetailsImp@c57024, Credentials=[PROTECTED], Authenticated=true, Details=WebAuthenticationDetails [RemoteIpAddress=127.0.0.1, SessionId=null], Granted Authorities=[]]] to HttpSession [org.apache.catalina.session.StandardSessionFacade@ae2c557]
?[0m?[0;34m12:59 DEBUG o.s.security.web.FilterChainProxy - Secured GET /api/quizzes
?[0m?[0;34m12:59 DEBUG o.s.s.w.c.HttpSessionSecurityContextRepository - Stored SecurityContextImpl [Authentication=UsernamePasswordAuthenticationToken [Principal=engine.UserDetailsImp@c57024, Credentials=[PROTECTED], Authenticated=true, Details=WebAuthenticationDetails [RemoteIpAddress=127.0.0.1, SessionId=null], Granted Authorities=[]]] to HttpSession [org.apache.catalina.session.StandardSessionFacade@ae2c557]
?[0m?[0;34m12:59 DEBUG o.s.s.w.c.HttpSessionSecurityContextRepository - Stored SecurityContextImpl [Authentication=UsernamePasswordAuthenticationToken [Principal=engine.UserDetailsImp@c57024, Credentials=[PROTECTED], Authenticated=true, Details=WebAuthenticationDetails [RemoteIpAddress=127.0.0.1, SessionId=null], Granted Authorities=[]]] to HttpSession [org.apache.catalina.session.StandardSessionFacade@ae2c557]
?[0m?[0;34m12:59 DEBUG o.s.s.w.c.SecurityContextPersistenceFilter - Cleared SecurityContextHolder to complete request
?[1;31m
Start test 10?[0m
?[0m?[0;34m12:59 DEBUG o.s.security.web.FilterChainProxy - Securing POST /api/quizzes
?[0m?[0;34m12:59 DEBUG o.s.s.w.c.SecurityContextPersistenceFilter - Set SecurityContextHolder to empty SecurityContext
?[0m?[0;34m
?[0m?[0;34mTHE loadUserByUsername is called with the argument: test@google.com
?[0m?[0;34m
?[0m?[0;34m12:59 DEBUG o.s.s.a.d.DaoAuthenticationProvider - Authenticated user
?[0m?[0;34m12:59 DEBUG o.s.s.w.a.w.BasicAuthenticationFilter - Set SecurityContextHolder to UsernamePasswordAuthenticationToken [Principal=engine.UserDetailsImp@76bef765, Credentials=[PROTECTED], Authenticated=true, Details=WebAuthenticationDetails [RemoteIpAddress=127.0.0.1, SessionId=null], Granted Authorities=[]]
?[0m?[0;34m12:59 DEBUG o.s.s.w.c.HttpSessionSecurityContextRepository - Created HttpSession as SecurityContext is non-default
?[0m?[0;34m12:59 DEBUG o.s.s.w.c.HttpSessionSecurityContextRepository - Stored SecurityContextImpl [Authentication=UsernamePasswordAuthenticationToken [Principal=engine.UserDetailsImp@76bef765, Credentials=[PROTECTED], Authenticated=true, Details=WebAuthenticationDetails [RemoteIpAddress=127.0.0.1, SessionId=null], Granted Authorities=[]]] to HttpSession [org.apache.catalina.session.StandardSessionFacade@7af78815]
?[0m?[0;34m12:59 DEBUG o.s.s.w.u.m.RegexRequestMatcher - Checking match of request : '/api/quizzes'; against '/api/register'
?[0m?[0;34m12:59 DEBUG o.s.s.w.u.m.RegexRequestMatcher - Checking match of request : '/api/quizzes'; against '/actuator/shutdown'
?[0m?[0;34m12:59 DEBUG o.s.security.web.FilterChainProxy - Secured POST /api/quizzes
?[0m?[0;34m12:59 DEBUG o.s.s.w.c.HttpSessionSecurityContextRepository - Stored SecurityContextImpl [Authentication=UsernamePasswordAuthenticationToken [Principal=engine.UserDetailsImp@76bef765, Credentials=[PROTECTED], Authenticated=true, Details=WebAuthenticationDetails [RemoteIpAddress=127.0.0.1, SessionId=null], Granted Authorities=[]]] to HttpSession [org.apache.catalina.session.StandardSessionFacade@7af78815]
?[0m?[0;34m12:59 DEBUG o.s.s.w.c.HttpSessionSecurityContextRepository - Stored SecurityContextImpl [Authentication=UsernamePasswordAuthenticationToken [Principal=engine.UserDetailsImp@76bef765, Credentials=[PROTECTED], Authenticated=true, Details=WebAuthenticationDetails [RemoteIpAddress=127.0.0.1, SessionId=null], Granted Authorities=[]]] to HttpSession [org.apache.catalina.session.StandardSessionFacade@7af78815]
?[0m?[0;34m12:59 DEBUG o.s.s.w.c.SecurityContextPersistenceFilter - Cleared SecurityContextHolder to complete request
?[1;31m
Start test 11?[0m
?[0m?[0;34m12:59 DEBUG o.s.security.web.FilterChainProxy - Securing GET /api/quizzes/1
?[0m?[0;34m12:59 DEBUG o.s.s.w.c.SecurityContextPersistenceFilter - Set SecurityContextHolder to empty SecurityContext
?[0m?[0;34m
?[0m?[0;34mTHE loadUserByUsername is called with the argument: user@google.com
?[0m?[0;34m
?[0m?[0;34m12:59 DEBUG o.s.s.a.d.DaoAuthenticationProvider - Authenticated user
?[0m?[0;34m12:59 DEBUG o.s.s.w.a.w.BasicAuthenticationFilter - Set SecurityContextHolder to UsernamePasswordAuthenticationToken [Principal=engine.UserDetailsImp@67358087, Credentials=[PROTECTED], Authenticated=true, Details=WebAuthenticationDetails [RemoteIpAddress=127.0.0.1, SessionId=null], Granted Authorities=[]]
?[0m?[0;34m12:59 DEBUG o.s.s.w.c.HttpSessionSecurityContextRepository - Created HttpSession as SecurityContext is non-default
?[0m?[0;34m12:59 DEBUG o.s.s.w.c.HttpSessionSecurityContextRepository - Stored SecurityContextImpl [Authentication=UsernamePasswordAuthenticationToken [Principal=engine.UserDetailsImp@67358087, Credentials=[PROTECTED], Authenticated=true, Details=WebAuthenticationDetails [RemoteIpAddress=127.0.0.1, SessionId=null], Granted Authorities=[]]] to HttpSession [org.apache.catalina.session.StandardSessionFacade@2ed4e171]
?[0m?[0;34m12:59 DEBUG o.s.security.web.FilterChainProxy - Secured GET /api/quizzes/1
?[0m?[0;34m12:59 DEBUG o.s.s.w.c.HttpSessionSecurityContextRepository - Stored SecurityContextImpl [Authentication=UsernamePasswordAuthenticationToken [Principal=engine.UserDetailsImp@67358087, Credentials=[PROTECTED], Authenticated=true, Details=WebAuthenticationDetails [RemoteIpAddress=127.0.0.1, SessionId=null], Granted Authorities=[]]] to HttpSession [org.apache.catalina.session.StandardSessionFacade@2ed4e171]
?[0m?[0;34m12:59 DEBUG o.s.s.w.c.HttpSessionSecurityContextRepository - Stored SecurityContextImpl [Authentication=UsernamePasswordAuthenticationToken [Principal=engine.UserDetailsImp@67358087, Credentials=[PROTECTED], Authenticated=true, Details=WebAuthenticationDetails [RemoteIpAddress=127.0.0.1, SessionId=null], Granted Authorities=[]]] to HttpSession [org.apache.catalina.session.StandardSessionFacade@2ed4e171]
?[0m?[0;34m12:59 DEBUG o.s.s.w.c.SecurityContextPersistenceFilter - Cleared SecurityContextHolder to complete request
?[1;31m
Start test 12?[0m
?[0m?[0;34m12:59 DEBUG o.s.security.web.FilterChainProxy - Securing GET /api/quizzes/126
?[0m?[0;34m12:59 DEBUG o.s.s.w.c.SecurityContextPersistenceFilter - Set SecurityContextHolder to empty SecurityContext
?[0m?[0;34m
?[0m?[0;34mTHE loadUserByUsername is called with the argument: user@google.com
?[0m?[0;34m
?[0m?[0;34m12:59 DEBUG o.s.s.a.d.DaoAuthenticationProvider - Authenticated user
?[0m?[0;34m12:59 DEBUG o.s.s.w.a.w.BasicAuthenticationFilter - Set SecurityContextHolder to UsernamePasswordAuthenticationToken [Principal=engine.UserDetailsImp@250e05ad, Credentials=[PROTECTED], Authenticated=true, Details=WebAuthenticationDetails [RemoteIpAddress=127.0.0.1, SessionId=null], Granted Authorities=[]]
?[0m?[0;34m12:59 DEBUG o.s.s.w.c.HttpSessionSecurityContextRepository - Created HttpSession as SecurityContext is non-default
?[0m?[0;34m12:59 DEBUG o.s.s.w.c.HttpSessionSecurityContextRepository - Stored SecurityContextImpl [Authentication=UsernamePasswordAuthenticationToken [Principal=engine.UserDetailsImp@250e05ad, Credentials=[PROTECTED], Authenticated=true, Details=WebAuthenticationDetails [RemoteIpAddress=127.0.0.1, SessionId=null], Granted Authorities=[]]] to HttpSession [org.apache.catalina.session.StandardSessionFacade@2a44a2ea]
?[0m?[0;34m12:59 DEBUG o.s.security.web.FilterChainProxy - Secured GET /api/quizzes/126
?[0m?[0;34m12:59 WARN  o.s.w.s.m.m.a.ExceptionHandlerExceptionResolver - Failure in @ExceptionHandler engine.Exceptionist#handleBadRequestExceptions(RuntimeException, WebRequest)
?[0m?[0;34morg.springframework.web.HttpMediaTypeNotAcceptableException: Could not find acceptable representation
?[0m?[0;34m	at org.springframework.web.servlet.mvc.method.annotation.AbstractMessageConverterMethodProcessor.writeWithMessageConverters(AbstractMessageConverterMethodProcessor.java:315)
?[0m?[0;34m	at org.springframework.web.servlet.mvc.method.annotation.HttpEntityMethodProcessor.handleReturnValue(HttpEntityMethodProcessor.java:219)
?[0m?[0;34m	at org.springframework.web.method.support.HandlerMethodReturnValueHandlerComposite.handleReturnValue(HandlerMethodReturnValueHandlerComposite.java:78)
?[0m?[0;34m	at org.springframework.web.servlet.mvc.method.annotation.ServletInvocableHandlerMethod.invokeAndHandle(ServletInvocableHandlerMethod.java:135)
?[0m?[0;34m	at org.springframework.web.servlet.mvc.method.annotation.ExceptionHandlerExceptionResolver.doResolveHandlerMethodException(ExceptionHandlerExceptionResolver.java:428)
?[0m?[0;34m	at org.springframework.web.servlet.handler.AbstractHandlerMethodExceptionResolver.doResolveException(AbstractHandlerMethodExceptionResolver.java:75)
?[0m?[0;34m	at org.springframework.web.servlet.handler.AbstractHandlerExceptionResolver.resolveException(AbstractHandlerExceptionResolver.java:142)
?[0m?[0;34m	at org.springframework.web.servlet.handler.HandlerExceptionResolverComposite.resolveException(HandlerExceptionResolverComposite.java:80)
?[0m?[0;34m	at org.springframework.web.servlet.DispatcherServlet.processHandlerException(DispatcherServlet.java:1327)
?[0m?[0;34m	at org.springframework.web.servlet.DispatcherServlet.processDispatchResult(DispatcherServlet.java:1138)
?[0m?[0;34m	at org.springframework.web.servlet.DispatcherServlet.doDispatch(DispatcherServlet.java:1084)
?[0m?[0;34m	at org.springframework.web.servlet.DispatcherServlet.doService(DispatcherServlet.java:963)
?[0m?[0;34m	at org.springframework.web.servlet.FrameworkServlet.processRequest(FrameworkServlet.java:1006)
?[0m?[0;34m	at org.springframework.web.servlet.FrameworkServlet.doGet(FrameworkServlet.java:898)
?[0m?[0;34m	at javax.servlet.http.HttpServlet.service(HttpServlet.java:655)
?[0m?[0;34m	at org.springframework.web.servlet.FrameworkServlet.service(FrameworkServlet.java:883)
?[0m?[0;34m	at javax.servlet.http.HttpServlet.service(HttpServlet.java:764)
?[0m?[0;34m	at jdk.internal.reflect.GeneratedMethodAccessor64.invoke(Unknown Source)
?[0m?[0;34m	at java.base/jdk.internal.reflect.DelegatingMethodAccessorImpl.invoke(DelegatingMethodAccessorImpl.java:43)
?[0m?[0;34m	at java.base/java.lang.reflect.Method.invoke(Method.java:568)
?[0m?[0;34m	at org.apache.catalina.security.SecurityUtil.lambda$execute$0(SecurityUtil.java:280)
?[0m?[0;34m	at java.base/java.security.AccessController.doPrivileged(AccessController.java:712)
?[0m?[0;34m	at java.base/javax.security.auth.Subject.doAsPrivileged(Subject.java:584)
?[0m?[0;34m	at org.apache.catalina.security.SecurityUtil.execute(SecurityUtil.java:311)
?[0m?[0;34m	at org.apache.catalina.security.SecurityUtil.doAsPrivilege(SecurityUtil.java:170)
?[0m?[0;34m	at org.apache.catalina.core.ApplicationFilterChain.internalDoFilter(ApplicationFilterChain.java:221)
?[0m?[0;34m	at org.apache.catalina.core.ApplicationFilterChain.lambda$doFilter$0(ApplicationFilterChain.java:145)
?[0m?[0;34m	at java.base/java.security.AccessController.doPrivileged(AccessController.java:569)
?[0m?[0;34m	at org.apache.catalina.core.ApplicationFilterChain.doFilter(ApplicationFilterChain.java:143)
?[0m?[0;34m	at org.apache.tomcat.websocket.server.WsFilter.doFilter(WsFilter.java:53)
?[0m?[0;34m	at jdk.internal.reflect.GeneratedMethodAccessor54.invoke(Unknown Source)
?[0m?[0;34m	at java.base/jdk.internal.reflect.DelegatingMethodAccessorImpl.invoke(DelegatingMethodAccessorImpl.java:43)
?[0m?[0;34m	at java.base/java.lang.reflect.Method.invoke(Method.java:568)
?[0m?[0;34m	at org.apache.catalina.security.SecurityUtil.lambda$execute$0(SecurityUtil.java:280)
?[0m?[0;34m	at java.base/java.security.AccessController.doPrivileged(AccessController.java:712)
?[0m?[0;34m	at java.base/javax.security.auth.Subject.doAsPrivileged(Subject.java:584)
?[0m?[0;34m	at org.apache.catalina.security.SecurityUtil.execute(SecurityUtil.java:311)
?[0m?[0;34m	at org.apache.catalina.security.SecurityUtil.doAsPrivilege(SecurityUtil.java:253)
?[0m?[0;34m	at org.apache.catalina.core.ApplicationFilterChain.internalDoFilter(ApplicationFilterChain.java:187)
?[0m?[0;34m	at org.apache.catalina.core.ApplicationFilterChain.lambda$doFilter$0(ApplicationFilterChain.java:145)
?[0m?[0;34m	at java.base/java.security.AccessController.doPrivileged(AccessController.java:569)
?[0m?[0;34m	at org.apache.catalina.core.ApplicationFilterChain.doFilter(ApplicationFilterChain.java:143)
?[0m?[0;34m	at org.springframework.security.web.FilterChainProxy$VirtualFilterChain.doFilter(FilterChainProxy.java:327)
?[0m?[0;34m	at org.springframework.security.web.access.intercept.AuthorizationFilter.doFilterInternal(AuthorizationFilter.java:58)
?[0m?[0;34m	at org.springframework.web.filter.OncePerRequestFilter.doFilter(OncePerRequestFilter.java:119)
?[0m?[0;34m	at org.springframework.security.web.FilterChainProxy$VirtualFilterChain.doFilter(FilterChainProxy.java:336)
?[0m?[0;34m	at org.springframework.security.web.access.ExceptionTranslationFilter.doFilter(ExceptionTranslationFilter.java:121)
?[0m?[0;34m	at org.springframework.security.web.access.ExceptionTranslationFilter.doFilter(ExceptionTranslationFilter.java:115)
?[0m?[0;34m	at org.springframework.security.web.FilterChainProxy$VirtualFilterChain.doFilter(FilterChainProxy.java:336)
?[0m?[0;34m	at org.springframework.security.web.session.SessionManagementFilter.doFilter(SessionManagementFilter.java:126)
?[0m?[0;34m	at org.springframework.security.web.session.SessionManagementFilter.doFilter(SessionManagementFilter.java:81)
?[0m?[0;34m	at org.springframework.security.web.FilterChainProxy$VirtualFilterChain.doFilter(FilterChainProxy.java:336)
?[0m?[0;34m	at org.springframework.security.web.authentication.AnonymousAuthenticationFilter.doFilter(AnonymousAuthenticationFilter.java:105)
?[0m?[0;34m	at org.springframework.security.web.FilterChainProxy$VirtualFilterChain.doFilter(FilterChainProxy.java:336)
?[0m?[0;34m	at org.springframework.security.web.servletapi.SecurityContextHolderAwareRequestFilter.doFilter(SecurityContextHolderAwareRequestFilter.java:149)
?[0m?[0;34m	at org.springframework.security.web.FilterChainProxy$VirtualFilterChain.doFilter(FilterChainProxy.java:336)
?[0m?[0;34m	at org.springframework.security.web.savedrequest.RequestCacheAwareFilter.doFilter(RequestCacheAwareFilter.java:63)
?[0m?[0;34m	at org.springframework.security.web.FilterChainProxy$VirtualFilterChain.doFilter(FilterChainProxy.java:336)
?[0m?[0;34m	at org.springframework.security.web.authentication.www.BasicAuthenticationFilter.doFilterInternal(BasicAuthenticationFilter.java:178)
?[0m?[0;34m	at org.springframework.web.filter.OncePerRequestFilter.doFilter(OncePerRequestFilter.java:119)
?[0m?[0;34m	at org.springframework.security.web.FilterChainProxy$VirtualFilterChain.doFilter(FilterChainProxy.java:336)
?[0m?[0;34m	at org.springframework.security.web.authentication.logout.LogoutFilter.doFilter(LogoutFilter.java:103)
?[0m?[0;34m	at org.springframework.security.web.authentication.logout.LogoutFilter.doFilter(LogoutFilter.java:89)
?[0m?[0;34m	at org.springframework.security.web.FilterChainProxy$VirtualFilterChain.doFilter(FilterChainProxy.java:336)
?[0m?[0;34m	at org.springframework.security.web.header.HeaderWriterFilter.doHeadersAfter(HeaderWriterFilter.java:90)
?[0m?[0;34m	at org.springframework.security.web.header.HeaderWriterFilter.doFilterInternal(HeaderWriterFilter.java:75)
?[0m?[0;34m	at org.springframework.web.filter.OncePerRequestFilter.doFilter(OncePerRequestFilter.java:119)
?[0m?[0;34m	at org.springframework.security.web.FilterChainProxy$VirtualFilterChain.doFilter(FilterChainProxy.java:336)
?[0m?[0;34m	at org.springframework.security.web.context.SecurityContextPersistenceFilter.doFilter(SecurityContextPersistenceFilter.java:110)
?[0m?[0;34m	at org.springframework.security.web.context.SecurityContextPersistenceFilter.doFilter(SecurityContextPersistenceFilter.java:80)
?[0m?[0;34m	at org.springframework.security.web.FilterChainProxy$VirtualFilterChain.doFilter(FilterChainProxy.java:336)
?[0m?[0;34m	at org.springframework.security.web.context.request.async.WebAsyncManagerIntegrationFilter.doFilterInternal(WebAsyncManagerIntegrationFilter.java:55)
?[0m?[0;34m	at org.springframework.web.filter.OncePerRequestFilter.doFilter(OncePerRequestFilter.java:119)
?[0m?[0;34m	at org.springframework.security.web.FilterChainProxy$VirtualFilterChain.doFilter(FilterChainProxy.java:336)
?[0m?[0;34m	at org.springframework.security.web.FilterChainProxy.doFilterInternal(FilterChainProxy.java:211)
?[0m?[0;34m	at org.springframework.security.web.FilterChainProxy.doFilter(FilterChainProxy.java:183)
?[0m?[0;34m	at org.springframework.web.filter.DelegatingFilterProxy.invokeDelegate(DelegatingFilterProxy.java:358)
?[0m?[0;34m	at org.springframework.web.filter.DelegatingFilterProxy.doFilter(DelegatingFilterProxy.java:271)
?[0m?[0;34m	at jdk.internal.reflect.GeneratedMethodAccessor54.invoke(Unknown Source)
?[0m?[0;34m	at java.base/jdk.internal.reflect.DelegatingMethodAccessorImpl.invoke(DelegatingMethodAccessorImpl.java:43)
?[0m?[0;34m	at java.base/java.lang.reflect.Method.invoke(Method.java:568)
?[0m?[0;34m	at org.apache.catalina.security.SecurityUtil.lambda$execute$0(SecurityUtil.java:280)
?[0m?[0;34m	at java.base/java.security.AccessController.doPrivileged(AccessController.java:712)
?[0m?[0;34m	at java.base/javax.security.auth.Subject.doAsPrivileged(Subject.java:584)
?[0m?[0;34m	at org.apache.catalina.security.SecurityUtil.execute(SecurityUtil.java:311)
?[0m?[0;34m	at org.apache.catalina.security.SecurityUtil.doAsPrivilege(SecurityUtil.java:253)
?[0m?[0;34m	at org.apache.catalina.core.ApplicationFilterChain.internalDoFilter(ApplicationFilterChain.java:187)
?[0m?[0;34m	at org.apache.catalina.core.ApplicationFilterChain.lambda$doFilter$0(ApplicationFilterChain.java:145)
?[0m?[0;34m	at java.base/java.security.AccessController.doPrivileged(AccessController.java:569)
?[0m?[0;34m	at org.apache.catalina.core.ApplicationFilterChain.doFilter(ApplicationFilterChain.java:143)
?[0m?[0;34m	at org.springframework.web.filter.RequestContextFilter.doFilterInternal(RequestContextFilter.java:100)
?[0m?[0;34m	at org.springframework.web.filter.OncePerRequestFilter.doFilter(OncePerRequestFilter.java:119)
?[0m?[0;34m	at jdk.internal.reflect.GeneratedMethodAccessor54.invoke(Unknown Source)
?[0m?[0;34m	at java.base/jdk.internal.reflect.DelegatingMethodAccessorImpl.invoke(DelegatingMethodAccessorImpl.java:43)
?[0m?[0;34m	at java.base/java.lang.reflect.Method.invoke(Method.java:568)
?[0m?[0;34m	at org.apache.catalina.security.SecurityUtil.lambda$execute$0(SecurityUtil.java:280)
?[0m?[0;34m	at java.base/java.security.AccessController.doPrivileged(AccessController.java:712)
?[0m?[0;34m	at java.base/javax.security.auth.Subject.doAsPrivileged(Subject.java:584)
?[0m?[0;34m	at org.apache.catalina.security.SecurityUtil.execute(SecurityUtil.java:311)
?[0m?[0;34m	at org.apache.catalina.security.SecurityUtil.doAsPrivilege(SecurityUtil.java:253)
?[0m?[0;34m	at org.apache.catalina.core.ApplicationFilterChain.internalDoFilter(ApplicationFilterChain.java:187)
?[0m?[0;34m	at org.apache.catalina.core.ApplicationFilterChain.lambda$doFilter$0(ApplicationFilterChain.java:145)
?[0m?[0;34m	at java.base/java.security.AccessController.doPrivileged(AccessController.java:569)
?[0m?[0;34m	at org.apache.catalina.core.ApplicationFilterChain.doFilter(ApplicationFilterChain.java:143)
?[0m?[0;34m	at org.springframework.web.filter.FormContentFilter.doFilterInternal(FormContentFilter.java:93)
?[0m?[0;34m	at org.springframework.web.filter.OncePerRequestFilter.doFilter(OncePerRequestFilter.java:119)
?[0m?[0;34m	at jdk.internal.reflect.GeneratedMethodAccessor54.invoke(Unknown Source)
?[0m?[0;34m	at java.base/jdk.internal.reflect.DelegatingMethodAccessorImpl.invoke(DelegatingMethodAccessorImpl.java:43)
?[0m?[0;34m	at java.base/java.lang.reflect.Method.invoke(Method.java:568)
?[0m?[0;34m	at org.apache.catalina.security.SecurityUtil.lambda$execute$0(SecurityUtil.java:280)
?[0m?[0;34m	at java.base/java.security.AccessController.doPrivileged(AccessController.java:712)
?[0m?[0;34m	at java.base/javax.security.auth.Subject.doAsPrivileged(Subject.java:584)
?[0m?[0;34m	at org.apache.catalina.security.SecurityUtil.execute(SecurityUtil.java:311)
?[0m?[0;34m	at org.apache.catalina.security.SecurityUtil.doAsPrivilege(SecurityUtil.java:253)
?[0m?[0;34m	at org.apache.catalina.core.ApplicationFilterChain.internalDoFilter(ApplicationFilterChain.java:187)
?[0m?[0;34m	at org.apache.catalina.core.ApplicationFilterChain.lambda$doFilter$0(ApplicationFilterChain.java:145)
?[0m?[0;34m	at java.base/java.security.AccessController.doPrivileged(AccessController.java:569)
?[0m?[0;34m	at org.apache.catalina.core.ApplicationFilterChain.doFilter(ApplicationFilterChain.java:143)
?[0m?[0;34m	at org.springframework.boot.actuate.metrics.web.servlet.WebMvcMetricsFilter.doFilterInternal(WebMvcMetricsFilter.java:96)
?[0m?[0;34m	at org.springframework.web.filter.OncePerRequestFilter.doFilter(OncePerRequestFilter.java:119)
?[0m?[0;34m	at jdk.internal.reflect.GeneratedMethodAccessor54.invoke(Unknown Source)
?[0m?[0;34m	at java.base/jdk.internal.reflect.DelegatingMethodAccessorImpl.invoke(DelegatingMethodAccessorImpl.java:43)
?[0m?[0;34m	at java.base/java.lang.reflect.Method.invoke(Method.java:568)
?[0m?[0;34m	at org.apache.catalina.security.SecurityUtil.lambda$execute$0(SecurityUtil.java:280)
?[0m?[0;34m	at java.base/java.security.AccessController.doPrivileged(AccessController.java:712)
?[0m?[0;34m	at java.base/javax.security.auth.Subject.doAsPrivileged(Subject.java:584)
?[0m?[0;34m	at org.apache.catalina.security.SecurityUtil.execute(SecurityUtil.java:311)
?[0m?[0;34m	at org.apache.catalina.security.SecurityUtil.doAsPrivilege(SecurityUtil.java:253)
?[0m?[0;34m	at org.apache.catalina.core.ApplicationFilterChain.internalDoFilter(ApplicationFilterChain.java:187)
?[0m?[0;34m	at org.apache.catalina.core.ApplicationFilterChain.lambda$doFilter$0(ApplicationFilterChain.java:145)
?[0m?[0;34m	at java.base/java.security.AccessController.doPrivileged(AccessController.java:569)
?[0m?[0;34m	at org.apache.catalina.core.ApplicationFilterChain.doFilter(ApplicationFilterChain.java:143)
?[0m?[0;34m	at org.springframework.web.filter.CharacterEncodingFilter.doFilterInternal(CharacterEncodingFilter.java:201)
?[0m?[0;34m	at org.springframework.web.filter.OncePerRequestFilter.doFilter(OncePerRequestFilter.java:119)
?[0m?[0;34m	at jdk.internal.reflect.GeneratedMethodAccessor54.invoke(Unknown Source)
?[0m?[0;34m	at java.base/jdk.internal.reflect.DelegatingMethodAccessorImpl.invoke(DelegatingMethodAccessorImpl.java:43)
?[0m?[0;34m	at java.base/java.lang.reflect.Method.invoke(Method.java:568)
?[0m?[0;34m	at org.apache.catalina.security.SecurityUtil.lambda$execute$0(SecurityUtil.java:280)
?[0m?[0;34m	at java.base/java.security.AccessController.doPrivileged(AccessController.java:712)
?[0m?[0;34m	at java.base/javax.security.auth.Subject.doAsPrivileged(Subject.java:584)
?[0m?[0;34m	at org.apache.catalina.security.SecurityUtil.execute(SecurityUtil.java:311)
?[0m?[0;34m	at org.apache.catalina.security.SecurityUtil.doAsPrivilege(SecurityUtil.java:253)
?[0m?[0;34m	at org.apache.catalina.core.ApplicationFilterChain.internalDoFilter(ApplicationFilterChain.java:187)
?[0m?[0;34m	at org.apache.catalina.core.ApplicationFilterChain.lambda$doFilter$0(ApplicationFilterChain.java:145)
?[0m?[0;34m	at java.base/java.security.AccessController.doPrivileged(AccessController.java:569)
?[0m?[0;34m	at org.apache.catalina.core.ApplicationFilterChain.doFilter(ApplicationFilterChain.java:143)
?[0m?[0;34m	at org.apache.catalina.core.StandardWrapperValve.invoke(StandardWrapperValve.java:197)
?[0m?[0;34m	at org.apache.catalina.core.StandardContextValve.invoke(StandardContextValve.java:97)
?[0m?[0;34m	at org.apache.catalina.authenticator.AuthenticatorBase.invoke(AuthenticatorBase.java:540)
?[0m?[0;34m	at org.apache.catalina.core.StandardHostValve.invoke(StandardHostValve.java:135)
?[0m?[0;34m	at org.apache.catalina.valves.ErrorReportValve.invoke(ErrorReportValve.java:92)
?[0m?[0;34m	at org.apache.catalina.core.StandardEngineValve.invoke(StandardEngineValve.java:78)
?[0m?[0;34m	at org.apache.catalina.connector.CoyoteAdapter.service(CoyoteAdapter.java:357)
?[0m?[0;34m	at org.apache.coyote.http11.Http11Processor.service(Http11Processor.java:382)
?[0m?[0;34m	at org.apache.coyote.AbstractProcessorLight.process(AbstractProcessorLight.java:65)
?[0m?[0;34m	at org.apache.coyote.AbstractProtocol$ConnectionHandler.process(AbstractProtocol.java:895)
?[0m?[0;34m	at org.apache.tomcat.util.net.NioEndpoint$SocketProcessor.doRun(NioEndpoint.java:1722)
?[0m?[0;34m	at org.apache.tomcat.util.net.SocketProcessorBase.run(SocketProcessorBase.java:49)
?[0m?[0;34m	at org.apache.tomcat.util.threads.ThreadPoolExecutor.runWorker(ThreadPoolExecutor.java:1191)
?[0m?[0;34m	at org.apache.tomcat.util.threads.ThreadPoolExecutor$Worker.run(ThreadPoolExecutor.java:659)
?[0m?[0;34m	at org.apache.tomcat.util.threads.TaskThread$WrappingRunnable.run(TaskThread.java:61)
?[0m?[0;34m	at java.base/java.lang.Thread.run(Thread.java:842)
?[0m?[0;34m12:59 DEBUG o.s.s.w.c.HttpSessionSecurityContextRepository - Stored SecurityContextImpl [Authentication=UsernamePasswordAuthenticationToken [Principal=engine.UserDetailsImp@250e05ad, Credentials=[PROTECTED], Authenticated=true, Details=WebAuthenticationDetails [RemoteIpAddress=127.0.0.1, SessionId=null], Granted Authorities=[]]] to HttpSession [org.apache.catalina.session.StandardSessionFacade@2a44a2ea]
?[0m?[0;34m12:59 DEBUG o.s.s.w.c.HttpSessionSecurityContextRepository - Stored SecurityContextImpl [Authentication=UsernamePasswordAuthenticationToken [Principal=engine.UserDetailsImp@250e05ad, Credentials=[PROTECTED], Authenticated=true, Details=WebAuthenticationDetails [RemoteIpAddress=127.0.0.1, SessionId=null], Granted Authorities=[]]] to HttpSession [org.apache.catalina.session.StandardSessionFacade@2a44a2ea]
?[0m?[0;34m12:59 DEBUG o.s.s.w.c.SecurityContextPersistenceFilter - Cleared SecurityContextHolder to complete request
?[0m?[0;34m12:59 DEBUG o.s.security.web.FilterChainProxy - Securing GET /error
?[0m?[0;34m12:59 DEBUG o.s.s.w.c.HttpSessionSecurityContextRepository - Retrieved SecurityContextImpl [Authentication=UsernamePasswordAuthenticationToken [Principal=engine.UserDetailsImp@250e05ad, Credentials=[PROTECTED], Authenticated=true, Details=WebAuthenticationDetails [RemoteIpAddress=127.0.0.1, SessionId=null], Granted Authorities=[]]]
?[0m?[0;34m12:59 DEBUG o.s.s.w.c.SecurityContextPersistenceFilter - Set SecurityContextHolder to SecurityContextImpl [Authentication=UsernamePasswordAuthenticationToken [Principal=engine.UserDetailsImp@250e05ad, Credentials=[PROTECTED], Authenticated=true, Details=WebAuthenticationDetails [RemoteIpAddress=127.0.0.1, SessionId=null], Granted Authorities=[]]]
?[0m?[0;34m12:59 DEBUG o.s.security.web.FilterChainProxy - Secured GET /error
?[0m?[0;34m12:59 DEBUG o.s.s.w.c.SecurityContextPersistenceFilter - Cleared SecurityContextHolder to complete request
?[1;31m
Start test 13?[0m
?[0m?[0;34m12:59 DEBUG o.s.security.web.FilterChainProxy - Securing GET /api/quizzes
?[0m?[0;34m12:59 DEBUG o.s.s.w.c.SecurityContextPersistenceFilter - Set SecurityContextHolder to empty SecurityContext
?[0m?[0;34m
?[0m?[0;34mTHE loadUserByUsername is called with the argument: test@google.com
?[0m?[0;34m
?[0m?[0;34m12:59 DEBUG o.s.s.a.d.DaoAuthenticationProvider - Authenticated user
?[0m?[0;34m12:59 DEBUG o.s.s.w.a.w.BasicAuthenticationFilter - Set SecurityContextHolder to UsernamePasswordAuthenticationToken [Principal=engine.UserDetailsImp@1c6e8d7d, Credentials=[PROTECTED], Authenticated=true, Details=WebAuthenticationDetails [RemoteIpAddress=127.0.0.1, SessionId=null], Granted Authorities=[]]
?[0m?[0;34m12:59 DEBUG o.s.s.w.c.HttpSessionSecurityContextRepository - Created HttpSession as SecurityContext is non-default
?[0m?[0;34m12:59 DEBUG o.s.s.w.c.HttpSessionSecurityContextRepository - Stored SecurityContextImpl [Authentication=UsernamePasswordAuthenticationToken [Principal=engine.UserDetailsImp@1c6e8d7d, Credentials=[PROTECTED], Authenticated=true, Details=WebAuthenticationDetails [RemoteIpAddress=127.0.0.1, SessionId=null], Granted Authorities=[]]] to HttpSession [org.apache.catalina.session.StandardSessionFacade@23107089]
?[0m?[0;34m12:59 DEBUG o.s.security.web.FilterChainProxy - Secured GET /api/quizzes
?[0m?[0;34m12:59 DEBUG o.s.s.w.c.HttpSessionSecurityContextRepository - Stored SecurityContextImpl [Authentication=UsernamePasswordAuthenticationToken [Principal=engine.UserDetailsImp@1c6e8d7d, Credentials=[PROTECTED], Authenticated=true, Details=WebAuthenticationDetails [RemoteIpAddress=127.0.0.1, SessionId=null], Granted Authorities=[]]] to HttpSession [org.apache.catalina.session.StandardSessionFacade@23107089]
?[0m?[0;34m12:59 DEBUG o.s.s.w.c.HttpSessionSecurityContextRepository - Stored SecurityContextImpl [Authentication=UsernamePasswordAuthenticationToken [Principal=engine.UserDetailsImp@1c6e8d7d, Credentials=[PROTECTED], Authenticated=true, Details=WebAuthenticationDetails [RemoteIpAddress=127.0.0.1, SessionId=null], Granted Authorities=[]]] to HttpSession [org.apache.catalina.session.StandardSessionFacade@23107089]
?[0m?[0;34m12:59 DEBUG o.s.s.w.c.SecurityContextPersistenceFilter - Cleared SecurityContextHolder to complete request
?[1;31m
Start test 14?[0m
?[0m?[0;34m12:59 DEBUG o.s.security.web.FilterChainProxy - Securing POST /api/quizzes
?[0m?[0;34m12:59 DEBUG o.s.s.w.c.SecurityContextPersistenceFilter - Set SecurityContextHolder to empty SecurityContext
?[0m?[0;34m
?[0m?[0;34mTHE loadUserByUsername is called with the argument: user@google.com
?[0m?[0;34m
?[0m?[0;34m12:59 DEBUG o.s.s.a.d.DaoAuthenticationProvider - Authenticated user
?[0m?[0;34m12:59 DEBUG o.s.s.w.a.w.BasicAuthenticationFilter - Set SecurityContextHolder to UsernamePasswordAuthenticationToken [Principal=engine.UserDetailsImp@5d8bfad4, Credentials=[PROTECTED], Authenticated=true, Details=WebAuthenticationDetails [RemoteIpAddress=127.0.0.1, SessionId=null], Granted Authorities=[]]
?[0m?[0;34m12:59 DEBUG o.s.s.w.c.HttpSessionSecurityContextRepository - Created HttpSession as SecurityContext is non-default
?[0m?[0;34m12:59 DEBUG o.s.s.w.c.HttpSessionSecurityContextRepository - Stored SecurityContextImpl [Authentication=UsernamePasswordAuthenticationToken [Principal=engine.UserDetailsImp@5d8bfad4, Credentials=[PROTECTED], Authenticated=true, Details=WebAuthenticationDetails [RemoteIpAddress=127.0.0.1, SessionId=null], Granted Authorities=[]]] to HttpSession [org.apache.catalina.session.StandardSessionFacade@49805375]
?[0m?[0;34m12:59 DEBUG o.s.s.w.u.m.RegexRequestMatcher - Checking match of request : '/api/quizzes'; against '/api/register'
?[0m?[0;34m12:59 DEBUG o.s.s.w.u.m.RegexRequestMatcher - Checking match of request : '/api/quizzes'; against '/actuator/shutdown'
?[0m?[0;34m12:59 DEBUG o.s.security.web.FilterChainProxy - Secured POST /api/quizzes
?[0m?[0;34m12:59 DEBUG o.s.s.w.c.HttpSessionSecurityContextRepository - Stored SecurityContextImpl [Authentication=UsernamePasswordAuthenticationToken [Principal=engine.UserDetailsImp@5d8bfad4, Credentials=[PROTECTED], Authenticated=true, Details=WebAuthenticationDetails [RemoteIpAddress=127.0.0.1, SessionId=null], Granted Authorities=[]]] to HttpSession [org.apache.catalina.session.StandardSessionFacade@49805375]
?[0m?[0;34m12:59 DEBUG o.s.s.w.c.HttpSessionSecurityContextRepository - Stored SecurityContextImpl [Authentication=UsernamePasswordAuthenticationToken [Principal=engine.UserDetailsImp@5d8bfad4, Credentials=[PROTECTED], Authenticated=true, Details=WebAuthenticationDetails [RemoteIpAddress=127.0.0.1, SessionId=null], Granted Authorities=[]]] to HttpSession [org.apache.catalina.session.StandardSessionFacade@49805375]
?[0m?[0;34m12:59 DEBUG o.s.s.w.c.SecurityContextPersistenceFilter - Cleared SecurityContextHolder to complete request
?[1;31m
Start test 15?[0m
?[0m?[0;34m12:59 DEBUG o.s.security.web.FilterChainProxy - Securing GET /api/quizzes/2
?[0m?[0;34m12:59 DEBUG o.s.s.w.c.SecurityContextPersistenceFilter - Set SecurityContextHolder to empty SecurityContext
?[0m?[0;34m
?[0m?[0;34mTHE loadUserByUsername is called with the argument: user@google.com
?[0m?[0;34m
?[0m?[0;34m12:59 DEBUG o.s.s.a.d.DaoAuthenticationProvider - Authenticated user
?[0m?[0;34m12:59 DEBUG o.s.s.w.a.w.BasicAuthenticationFilter - Set SecurityContextHolder to UsernamePasswordAuthenticationToken [Principal=engine.UserDetailsImp@44dc8596, Credentials=[PROTECTED], Authenticated=true, Details=WebAuthenticationDetails [RemoteIpAddress=127.0.0.1, SessionId=null], Granted Authorities=[]]
?[0m?[0;34m12:59 DEBUG o.s.s.w.c.HttpSessionSecurityContextRepository - Created HttpSession as SecurityContext is non-default
?[0m?[0;34m12:59 DEBUG o.s.s.w.c.HttpSessionSecurityContextRepository - Stored SecurityContextImpl [Authentication=UsernamePasswordAuthenticationToken [Principal=engine.UserDetailsImp@44dc8596, Credentials=[PROTECTED], Authenticated=true, Details=WebAuthenticationDetails [RemoteIpAddress=127.0.0.1, SessionId=null], Granted Authorities=[]]] to HttpSession [org.apache.catalina.session.StandardSessionFacade@2df00c96]
?[0m?[0;34m12:59 DEBUG o.s.security.web.FilterChainProxy - Secured GET /api/quizzes/2
?[0m?[0;34m12:59 DEBUG o.s.s.w.c.HttpSessionSecurityContextRepository - Stored SecurityContextImpl [Authentication=UsernamePasswordAuthenticationToken [Principal=engine.UserDetailsImp@44dc8596, Credentials=[PROTECTED], Authenticated=true, Details=WebAuthenticationDetails [RemoteIpAddress=127.0.0.1, SessionId=null], Granted Authorities=[]]] to HttpSession [org.apache.catalina.session.StandardSessionFacade@2df00c96]
?[0m?[0;34m12:59 DEBUG o.s.s.w.c.HttpSessionSecurityContextRepository - Stored SecurityContextImpl [Authentication=UsernamePasswordAuthenticationToken [Principal=engine.UserDetailsImp@44dc8596, Credentials=[PROTECTED], Authenticated=true, Details=WebAuthenticationDetails [RemoteIpAddress=127.0.0.1, SessionId=null], Granted Authorities=[]]] to HttpSession [org.apache.catalina.session.StandardSessionFacade@2df00c96]
?[0m?[0;34m12:59 DEBUG o.s.s.w.c.SecurityContextPersistenceFilter - Cleared SecurityContextHolder to complete request
?[1;31m
Start test 16?[0m
?[0m?[0;34m12:59 DEBUG o.s.security.web.FilterChainProxy - Securing GET /api/quizzes/127
?[0m?[0;34m12:59 DEBUG o.s.s.w.c.SecurityContextPersistenceFilter - Set SecurityContextHolder to empty SecurityContext
?[0m?[0;34m
?[0m?[0;34mTHE loadUserByUsername is called with the argument: user@google.com
?[0m?[0;34m
?[0m?[0;34m12:59 DEBUG o.s.s.a.d.DaoAuthenticationProvider - Authenticated user
?[0m?[0;34m12:59 DEBUG o.s.s.w.a.w.BasicAuthenticationFilter - Set SecurityContextHolder to UsernamePasswordAuthenticationToken [Principal=engine.UserDetailsImp@30a7350a, Credentials=[PROTECTED], Authenticated=true, Details=WebAuthenticationDetails [RemoteIpAddress=127.0.0.1, SessionId=null], Granted Authorities=[]]
?[0m?[0;34m12:59 DEBUG o.s.s.w.c.HttpSessionSecurityContextRepository - Created HttpSession as SecurityContext is non-default
?[0m?[0;34m12:59 DEBUG o.s.s.w.c.HttpSessionSecurityContextRepository - Stored SecurityContextImpl [Authentication=UsernamePasswordAuthenticationToken [Principal=engine.UserDetailsImp@30a7350a, Credentials=[PROTECTED], Authenticated=true, Details=WebAuthenticationDetails [RemoteIpAddress=127.0.0.1, SessionId=null], Granted Authorities=[]]] to HttpSession [org.apache.catalina.session.StandardSessionFacade@76e5f684]
?[0m?[0;34m12:59 DEBUG o.s.security.web.FilterChainProxy - Secured GET /api/quizzes/127
?[0m?[0;34m12:59 WARN  o.s.w.s.m.m.a.ExceptionHandlerExceptionResolver - Failure in @ExceptionHandler engine.Exceptionist#handleBadRequestExceptions(RuntimeException, WebRequest)
?[0m?[0;34morg.springframework.web.HttpMediaTypeNotAcceptableException: Could not find acceptable representation
?[0m?[0;34m	at org.springframework.web.servlet.mvc.method.annotation.AbstractMessageConverterMethodProcessor.writeWithMessageConverters(AbstractMessageConverterMethodProcessor.java:315)
?[0m?[0;34m	at org.springframework.web.servlet.mvc.method.annotation.HttpEntityMethodProcessor.handleReturnValue(HttpEntityMethodProcessor.java:219)
?[0m?[0;34m	at org.springframework.web.method.support.HandlerMethodReturnValueHandlerComposite.handleReturnValue(HandlerMethodReturnValueHandlerComposite.java:78)
?[0m?[0;34m	at org.springframework.web.servlet.mvc.method.annotation.ServletInvocableHandlerMethod.invokeAndHandle(ServletInvocableHandlerMethod.java:135)
?[0m?[0;34m	at org.springframework.web.servlet.mvc.method.annotation.ExceptionHandlerExceptionResolver.doResolveHandlerMethodException(ExceptionHandlerExceptionResolver.java:428)
?[0m?[0;34m	at org.springframework.web.servlet.handler.AbstractHandlerMethodExceptionResolver.doResolveException(AbstractHandlerMethodExceptionResolver.java:75)
?[0m?[0;34m	at org.springframework.web.servlet.handler.AbstractHandlerExceptionResolver.resolveException(AbstractHandlerExceptionResolver.java:142)
?[0m?[0;34m	at org.springframework.web.servlet.handler.HandlerExceptionResolverComposite.resolveException(HandlerExceptionResolverComposite.java:80)
?[0m?[0;34m	at org.springframework.web.servlet.DispatcherServlet.processHandlerException(DispatcherServlet.java:1327)
?[0m?[0;34m	at org.springframework.web.servlet.DispatcherServlet.processDispatchResult(DispatcherServlet.java:1138)
?[0m?[0;34m	at org.springframework.web.servlet.DispatcherServlet.doDispatch(DispatcherServlet.java:1084)
?[0m?[0;34m	at org.springframework.web.servlet.DispatcherServlet.doService(DispatcherServlet.java:963)
?[0m?[0;34m	at org.springframework.web.servlet.FrameworkServlet.processRequest(FrameworkServlet.java:1006)
?[0m?[0;34m	at org.springframework.web.servlet.FrameworkServlet.doGet(FrameworkServlet.java:898)
?[0m?[0;34m	at javax.servlet.http.HttpServlet.service(HttpServlet.java:655)
?[0m?[0;34m	at org.springframework.web.servlet.FrameworkServlet.service(FrameworkServlet.java:883)
?[0m?[0;34m	at javax.servlet.http.HttpServlet.service(HttpServlet.java:764)
?[0m?[0;34m	at jdk.internal.reflect.GeneratedMethodAccessor64.invoke(Unknown Source)
?[0m?[0;34m	at java.base/jdk.internal.reflect.DelegatingMethodAccessorImpl.invoke(DelegatingMethodAccessorImpl.java:43)
?[0m?[0;34m	at java.base/java.lang.reflect.Method.invoke(Method.java:568)
?[0m?[0;34m	at org.apache.catalina.security.SecurityUtil.lambda$execute$0(SecurityUtil.java:280)
?[0m?[0;34m	at java.base/java.security.AccessController.doPrivileged(AccessController.java:712)
?[0m?[0;34m	at java.base/javax.security.auth.Subject.doAsPrivileged(Subject.java:584)
?[0m?[0;34m	at org.apache.catalina.security.SecurityUtil.execute(SecurityUtil.java:311)
?[0m?[0;34m	at org.apache.catalina.security.SecurityUtil.doAsPrivilege(SecurityUtil.java:170)
?[0m?[0;34m	at org.apache.catalina.core.ApplicationFilterChain.internalDoFilter(ApplicationFilterChain.java:221)
?[0m?[0;34m	at org.apache.catalina.core.ApplicationFilterChain.lambda$doFilter$0(ApplicationFilterChain.java:145)
?[0m?[0;34m	at java.base/java.security.AccessController.doPrivileged(AccessController.java:569)
?[0m?[0;34m	at org.apache.catalina.core.ApplicationFilterChain.doFilter(ApplicationFilterChain.java:143)
?[0m?[0;34m	at org.apache.tomcat.websocket.server.WsFilter.doFilter(WsFilter.java:53)
?[0m?[0;34m	at jdk.internal.reflect.GeneratedMethodAccessor54.invoke(Unknown Source)
?[0m?[0;34m	at java.base/jdk.internal.reflect.DelegatingMethodAccessorImpl.invoke(DelegatingMethodAccessorImpl.java:43)
?[0m?[0;34m	at java.base/java.lang.reflect.Method.invoke(Method.java:568)
?[0m?[0;34m	at org.apache.catalina.security.SecurityUtil.lambda$execute$0(SecurityUtil.java:280)
?[0m?[0;34m	at java.base/java.security.AccessController.doPrivileged(AccessController.java:712)
?[0m?[0;34m	at java.base/javax.security.auth.Subject.doAsPrivileged(Subject.java:584)
?[0m?[0;34m	at org.apache.catalina.security.SecurityUtil.execute(SecurityUtil.java:311)
?[0m?[0;34m	at org.apache.catalina.security.SecurityUtil.doAsPrivilege(SecurityUtil.java:253)
?[0m?[0;34m	at org.apache.catalina.core.ApplicationFilterChain.internalDoFilter(ApplicationFilterChain.java:187)
?[0m?[0;34m	at org.apache.catalina.core.ApplicationFilterChain.lambda$doFilter$0(ApplicationFilterChain.java:145)
?[0m?[0;34m	at java.base/java.security.AccessController.doPrivileged(AccessController.java:569)
?[0m?[0;34m	at org.apache.catalina.core.ApplicationFilterChain.doFilter(ApplicationFilterChain.java:143)
?[0m?[0;34m	at org.springframework.security.web.FilterChainProxy$VirtualFilterChain.doFilter(FilterChainProxy.java:327)
?[0m?[0;34m	at org.springframework.security.web.access.intercept.AuthorizationFilter.doFilterInternal(AuthorizationFilter.java:58)
?[0m?[0;34m	at org.springframework.web.filter.OncePerRequestFilter.doFilter(OncePerRequestFilter.java:119)
?[0m?[0;34m	at org.springframework.security.web.FilterChainProxy$VirtualFilterChain.doFilter(FilterChainProxy.java:336)
?[0m?[0;34m	at org.springframework.security.web.access.ExceptionTranslationFilter.doFilter(ExceptionTranslationFilter.java:121)
?[0m?[0;34m	at org.springframework.security.web.access.ExceptionTranslationFilter.doFilter(ExceptionTranslationFilter.java:115)
?[0m?[0;34m	at org.springframework.security.web.FilterChainProxy$VirtualFilterChain.doFilter(FilterChainProxy.java:336)
?[0m?[0;34m	at org.springframework.security.web.session.SessionManagementFilter.doFilter(SessionManagementFilter.java:126)
?[0m?[0;34m	at org.springframework.security.web.session.SessionManagementFilter.doFilter(SessionManagementFilter.java:81)
?[0m?[0;34m	at org.springframework.security.web.FilterChainProxy$VirtualFilterChain.doFilter(FilterChainProxy.java:336)
?[0m?[0;34m	at org.springframework.security.web.authentication.AnonymousAuthenticationFilter.doFilter(AnonymousAuthenticationFilter.java:105)
?[0m?[0;34m	at org.springframework.security.web.FilterChainProxy$VirtualFilterChain.doFilter(FilterChainProxy.java:336)
?[0m?[0;34m	at org.springframework.security.web.servletapi.SecurityContextHolderAwareRequestFilter.doFilter(SecurityContextHolderAwareRequestFilter.java:149)
?[0m?[0;34m	at org.springframework.security.web.FilterChainProxy$VirtualFilterChain.doFilter(FilterChainProxy.java:336)
?[0m?[0;34m	at org.springframework.security.web.savedrequest.RequestCacheAwareFilter.doFilter(RequestCacheAwareFilter.java:63)
?[0m?[0;34m	at org.springframework.security.web.FilterChainProxy$VirtualFilterChain.doFilter(FilterChainProxy.java:336)
?[0m?[0;34m	at org.springframework.security.web.authentication.www.BasicAuthenticationFilter.doFilterInternal(BasicAuthenticationFilter.java:178)
?[0m?[0;34m	at org.springframework.web.filter.OncePerRequestFilter.doFilter(OncePerRequestFilter.java:119)
?[0m?[0;34m	at org.springframework.security.web.FilterChainProxy$VirtualFilterChain.doFilter(FilterChainProxy.java:336)
?[0m?[0;34m	at org.springframework.security.web.authentication.logout.LogoutFilter.doFilter(LogoutFilter.java:103)
?[0m?[0;34m	at org.springframework.security.web.authentication.logout.LogoutFilter.doFilter(LogoutFilter.java:89)
?[0m?[0;34m	at org.springframework.security.web.FilterChainProxy$VirtualFilterChain.doFilter(FilterChainProxy.java:336)
?[0m?[0;34m	at org.springframework.security.web.header.HeaderWriterFilter.doHeadersAfter(HeaderWriterFilter.java:90)
?[0m?[0;34m	at org.springframework.security.web.header.HeaderWriterFilter.doFilterInternal(HeaderWriterFilter.java:75)
?[0m?[0;34m	at org.springframework.web.filter.OncePerRequestFilter.doFilter(OncePerRequestFilter.java:119)
?[0m?[0;34m	at org.springframework.security.web.FilterChainProxy$VirtualFilterChain.doFilter(FilterChainProxy.java:336)
?[0m?[0;34m	at org.springframework.security.web.context.SecurityContextPersistenceFilter.doFilter(SecurityContextPersistenceFilter.java:110)
?[0m?[0;34m	at org.springframework.security.web.context.SecurityContextPersistenceFilter.doFilter(SecurityContextPersistenceFilter.java:80)
?[0m?[0;34m	at org.springframework.security.web.FilterChainProxy$VirtualFilterChain.doFilter(FilterChainProxy.java:336)
?[0m?[0;34m	at org.springframework.security.web.context.request.async.WebAsyncManagerIntegrationFilter.doFilterInternal(WebAsyncManagerIntegrationFilter.java:55)
?[0m?[0;34m	at org.springframework.web.filter.OncePerRequestFilter.doFilter(OncePerRequestFilter.java:119)
?[0m?[0;34m	at org.springframework.security.web.FilterChainProxy$VirtualFilterChain.doFilter(FilterChainProxy.java:336)
?[0m?[0;34m	at org.springframework.security.web.FilterChainProxy.doFilterInternal(FilterChainProxy.java:211)
?[0m?[0;34m	at org.springframework.security.web.FilterChainProxy.doFilter(FilterChainProxy.java:183)
?[0m?[0;34m	at org.springframework.web.filter.DelegatingFilterProxy.invokeDelegate(DelegatingFilterProxy.java:358)
?[0m?[0;34m	at org.springframework.web.filter.DelegatingFilterProxy.doFilter(DelegatingFilterProxy.java:271)
?[0m?[0;34m	at jdk.internal.reflect.GeneratedMethodAccessor54.invoke(Unknown Source)
?[0m?[0;34m	at java.base/jdk.internal.reflect.DelegatingMethodAccessorImpl.invoke(DelegatingMethodAccessorImpl.java:43)
?[0m?[0;34m	at java.base/java.lang.reflect.Method.invoke(Method.java:568)
?[0m?[0;34m	at org.apache.catalina.security.SecurityUtil.lambda$execute$0(SecurityUtil.java:280)
?[0m?[0;34m	at java.base/java.security.AccessController.doPrivileged(AccessController.java:712)
?[0m?[0;34m	at java.base/javax.security.auth.Subject.doAsPrivileged(Subject.java:584)
?[0m?[0;34m	at org.apache.catalina.security.SecurityUtil.execute(SecurityUtil.java:311)
?[0m?[0;34m	at org.apache.catalina.security.SecurityUtil.doAsPrivilege(SecurityUtil.java:253)
?[0m?[0;34m	at org.apache.catalina.core.ApplicationFilterChain.internalDoFilter(ApplicationFilterChain.java:187)
?[0m?[0;34m	at org.apache.catalina.core.ApplicationFilterChain.lambda$doFilter$0(ApplicationFilterChain.java:145)
?[0m?[0;34m	at java.base/java.security.AccessController.doPrivileged(AccessController.java:569)
?[0m?[0;34m	at org.apache.catalina.core.ApplicationFilterChain.doFilter(ApplicationFilterChain.java:143)
?[0m?[0;34m	at org.springframework.web.filter.RequestContextFilter.doFilterInternal(RequestContextFilter.java:100)
?[0m?[0;34m	at org.springframework.web.filter.OncePerRequestFilter.doFilter(OncePerRequestFilter.java:119)
?[0m?[0;34m	at jdk.internal.reflect.GeneratedMethodAccessor54.invoke(Unknown Source)
?[0m?[0;34m	at java.base/jdk.internal.reflect.DelegatingMethodAccessorImpl.invoke(DelegatingMethodAccessorImpl.java:43)
?[0m?[0;34m	at java.base/java.lang.reflect.Method.invoke(Method.java:568)
?[0m?[0;34m	at org.apache.catalina.security.SecurityUtil.lambda$execute$0(SecurityUtil.java:280)
?[0m?[0;34m	at java.base/java.security.AccessController.doPrivileged(AccessController.java:712)
?[0m?[0;34m	at java.base/javax.security.auth.Subject.doAsPrivileged(Subject.java:584)
?[0m?[0;34m	at org.apache.catalina.security.SecurityUtil.execute(SecurityUtil.java:311)
?[0m?[0;34m	at org.apache.catalina.security.SecurityUtil.doAsPrivilege(SecurityUtil.java:253)
?[0m?[0;34m	at org.apache.catalina.core.ApplicationFilterChain.internalDoFilter(ApplicationFilterChain.java:187)
?[0m?[0;34m	at org.apache.catalina.core.ApplicationFilterChain.lambda$doFilter$0(ApplicationFilterChain.java:145)
?[0m?[0;34m	at java.base/java.security.AccessController.doPrivileged(AccessController.java:569)
?[0m?[0;34m	at org.apache.catalina.core.ApplicationFilterChain.doFilter(ApplicationFilterChain.java:143)
?[0m?[0;34m	at org.springframework.web.filter.FormContentFilter.doFilterInternal(FormContentFilter.java:93)
?[0m?[0;34m	at org.springframework.web.filter.OncePerRequestFilter.doFilter(OncePerRequestFilter.java:119)
?[0m?[0;34m	at jdk.internal.reflect.GeneratedMethodAccessor54.invoke(Unknown Source)
?[0m?[0;34m	at java.base/jdk.internal.reflect.DelegatingMethodAccessorImpl.invoke(DelegatingMethodAccessorImpl.java:43)
?[0m?[0;34m	at java.base/java.lang.reflect.Method.invoke(Method.java:568)
?[0m?[0;34m	at org.apache.catalina.security.SecurityUtil.lambda$execute$0(SecurityUtil.java:280)
?[0m?[0;34m	at java.base/java.security.AccessController.doPrivileged(AccessController.java:712)
?[0m?[0;34m	at java.base/javax.security.auth.Subject.doAsPrivileged(Subject.java:584)
?[0m?[0;34m	at org.apache.catalina.security.SecurityUtil.execute(SecurityUtil.java:311)
?[0m?[0;34m	at org.apache.catalina.security.SecurityUtil.doAsPrivilege(SecurityUtil.java:253)
?[0m?[0;34m	at org.apache.catalina.core.ApplicationFilterChain.internalDoFilter(ApplicationFilterChain.java:187)
?[0m?[0;34m	at org.apache.catalina.core.ApplicationFilterChain.lambda$doFilter$0(ApplicationFilterChain.java:145)
?[0m?[0;34m	at java.base/java.security.AccessController.doPrivileged(AccessController.java:569)
?[0m?[0;34m	at org.apache.catalina.core.ApplicationFilterChain.doFilter(ApplicationFilterChain.java:143)
?[0m?[0;34m	at org.springframework.boot.actuate.metrics.web.servlet.WebMvcMetricsFilter.doFilterInternal(WebMvcMetricsFilter.java:96)
?[0m?[0;34m	at org.springframework.web.filter.OncePerRequestFilter.doFilter(OncePerRequestFilter.java:119)
?[0m?[0;34m	at jdk.internal.reflect.GeneratedMethodAccessor54.invoke(Unknown Source)
?[0m?[0;34m	at java.base/jdk.internal.reflect.DelegatingMethodAccessorImpl.invoke(DelegatingMethodAccessorImpl.java:43)
?[0m?[0;34m	at java.base/java.lang.reflect.Method.invoke(Method.java:568)
?[0m?[0;34m	at org.apache.catalina.security.SecurityUtil.lambda$execute$0(SecurityUtil.java:280)
?[0m?[0;34m	at java.base/java.security.AccessController.doPrivileged(AccessController.java:712)
?[0m?[0;34m	at java.base/javax.security.auth.Subject.doAsPrivileged(Subject.java:584)
?[0m?[0;34m	at org.apache.catalina.security.SecurityUtil.execute(SecurityUtil.java:311)
?[0m?[0;34m	at org.apache.catalina.security.SecurityUtil.doAsPrivilege(SecurityUtil.java:253)
?[0m?[0;34m	at org.apache.catalina.core.ApplicationFilterChain.internalDoFilter(ApplicationFilterChain.java:187)
?[0m?[0;34m	at org.apache.catalina.core.ApplicationFilterChain.lambda$doFilter$0(ApplicationFilterChain.java:145)
?[0m?[0;34m	at java.base/java.security.AccessController.doPrivileged(AccessController.java:569)
?[0m?[0;34m	at org.apache.catalina.core.ApplicationFilterChain.doFilter(ApplicationFilterChain.java:143)
?[0m?[0;34m	at org.springframework.web.filter.CharacterEncodingFilter.doFilterInternal(CharacterEncodingFilter.java:201)
?[0m?[0;34m	at org.springframework.web.filter.OncePerRequestFilter.doFilter(OncePerRequestFilter.java:119)
?[0m?[0;34m	at jdk.internal.reflect.GeneratedMethodAccessor54.invoke(Unknown Source)
?[0m?[0;34m	at java.base/jdk.internal.reflect.DelegatingMethodAccessorImpl.invoke(DelegatingMethodAccessorImpl.java:43)
?[0m?[0;34m	at java.base/java.lang.reflect.Method.invoke(Method.java:568)
?[0m?[0;34m	at org.apache.catalina.security.SecurityUtil.lambda$execute$0(SecurityUtil.java:280)
?[0m?[0;34m	at java.base/java.security.AccessController.doPrivileged(AccessController.java:712)
?[0m?[0;34m	at java.base/javax.security.auth.Subject.doAsPrivileged(Subject.java:584)
?[0m?[0;34m	at org.apache.catalina.security.SecurityUtil.execute(SecurityUtil.java:311)
?[0m?[0;34m	at org.apache.catalina.security.SecurityUtil.doAsPrivilege(SecurityUtil.java:253)
?[0m?[0;34m	at org.apache.catalina.core.ApplicationFilterChain.internalDoFilter(ApplicationFilterChain.java:187)
?[0m?[0;34m	at org.apache.catalina.core.ApplicationFilterChain.lambda$doFilter$0(ApplicationFilterChain.java:145)
?[0m?[0;34m	at java.base/java.security.AccessController.doPrivileged(AccessController.java:569)
?[0m?[0;34m	at org.apache.catalina.core.ApplicationFilterChain.doFilter(ApplicationFilterChain.java:143)
?[0m?[0;34m	at org.apache.catalina.core.StandardWrapperValve.invoke(StandardWrapperValve.java:197)
?[0m?[0;34m	at org.apache.catalina.core.StandardContextValve.invoke(StandardContextValve.java:97)
?[0m?[0;34m	at org.apache.catalina.authenticator.AuthenticatorBase.invoke(AuthenticatorBase.java:540)
?[0m?[0;34m	at org.apache.catalina.core.StandardHostValve.invoke(StandardHostValve.java:135)
?[0m?[0;34m	at org.apache.catalina.valves.ErrorReportValve.invoke(ErrorReportValve.java:92)
?[0m?[0;34m	at org.apache.catalina.core.StandardEngineValve.invoke(StandardEngineValve.java:78)
?[0m?[0;34m	at org.apache.catalina.connector.CoyoteAdapter.service(CoyoteAdapter.java:357)
?[0m?[0;34m	at org.apache.coyote.http11.Http11Processor.service(Http11Processor.java:382)
?[0m?[0;34m	at org.apache.coyote.AbstractProcessorLight.process(AbstractProcessorLight.java:65)
?[0m?[0;34m	at org.apache.coyote.AbstractProtocol$ConnectionHandler.process(AbstractProtocol.java:895)
?[0m?[0;34m	at org.apache.tomcat.util.net.NioEndpoint$SocketProcessor.doRun(NioEndpoint.java:1722)
?[0m?[0;34m	at org.apache.tomcat.util.net.SocketProcessorBase.run(SocketProcessorBase.java:49)
?[0m?[0;34m	at org.apache.tomcat.util.threads.ThreadPoolExecutor.runWorker(ThreadPoolExecutor.java:1191)
?[0m?[0;34m	at org.apache.tomcat.util.threads.ThreadPoolExecutor$Worker.run(ThreadPoolExecutor.java:659)
?[0m?[0;34m	at org.apache.tomcat.util.threads.TaskThread$WrappingRunnable.run(TaskThread.java:61)
?[0m?[0;34m	at java.base/java.lang.Thread.run(Thread.java:842)
?[0m?[0;34m12:59 DEBUG o.s.s.w.c.HttpSessionSecurityContextRepository - Stored SecurityContextImpl [Authentication=UsernamePasswordAuthenticationToken [Principal=engine.UserDetailsImp@30a7350a, Credentials=[PROTECTED], Authenticated=true, Details=WebAuthenticationDetails [RemoteIpAddress=127.0.0.1, SessionId=null], Granted Authorities=[]]] to HttpSession [org.apache.catalina.session.StandardSessionFacade@76e5f684]
?[0m?[0;34m12:59 DEBUG o.s.s.w.c.HttpSessionSecurityContextRepository - Stored SecurityContextImpl [Authentication=UsernamePasswordAuthenticationToken [Principal=engine.UserDetailsImp@30a7350a, Credentials=[PROTECTED], Authenticated=true, Details=WebAuthenticationDetails [RemoteIpAddress=127.0.0.1, SessionId=null], Granted Authorities=[]]] to HttpSession [org.apache.catalina.session.StandardSessionFacade@76e5f684]
?[0m?[0;34m12:59 DEBUG o.s.s.w.c.SecurityContextPersistenceFilter - Cleared SecurityContextHolder to complete request
?[0m?[0;34m12:59 DEBUG o.s.security.web.FilterChainProxy - Securing GET /error
?[0m?[0;34m12:59 DEBUG o.s.s.w.c.HttpSessionSecurityContextRepository - Retrieved SecurityContextImpl [Authentication=UsernamePasswordAuthenticationToken [Principal=engine.UserDetailsImp@30a7350a, Credentials=[PROTECTED], Authenticated=true, Details=WebAuthenticationDetails [RemoteIpAddress=127.0.0.1, SessionId=null], Granted Authorities=[]]]
?[0m?[0;34m12:59 DEBUG o.s.s.w.c.SecurityContextPersistenceFilter - Set SecurityContextHolder to SecurityContextImpl [Authentication=UsernamePasswordAuthenticationToken [Principal=engine.UserDetailsImp@30a7350a, Credentials=[PROTECTED], Authenticated=true, Details=WebAuthenticationDetails [RemoteIpAddress=127.0.0.1, SessionId=null], Granted Authorities=[]]]
?[0m?[0;34m12:59 DEBUG o.s.security.web.FilterChainProxy - Secured GET /error
?[0m?[0;34m12:59 DEBUG o.s.s.w.c.SecurityContextPersistenceFilter - Cleared SecurityContextHolder to complete request
?[1;31m
Start test 17?[0m
?[0;34m12:59 DEBUG o.s.security.web.FilterChainProxy - Securing GET /api/quizzes
?[0m?[0;34m12:59 DEBUG o.s.s.w.c.SecurityContextPersistenceFilter - Set SecurityContextHolder to empty SecurityContext
?[0m?[0;34m
?[0m?[0;34mTHE loadUserByUsername is called with the argument: user@google.com
?[0m?[0;34m
?[0m?[0;34m12:59 DEBUG o.s.s.a.d.DaoAuthenticationProvider - Authenticated user
?[0m?[0;34m12:59 DEBUG o.s.s.w.a.w.BasicAuthenticationFilter - Set SecurityContextHolder to UsernamePasswordAuthenticationToken [Principal=engine.UserDetailsImp@5e7808b9, Credentials=[PROTECTED], Authenticated=true, Details=WebAuthenticationDetails [RemoteIpAddress=127.0.0.1, SessionId=null], Granted Authorities=[]]
?[0m?[0;34m12:59 DEBUG o.s.s.w.c.HttpSessionSecurityContextRepository - Created HttpSession as SecurityContext is non-default
?[0m?[0;34m12:59 DEBUG o.s.s.w.c.HttpSessionSecurityContextRepository - Stored SecurityContextImpl [Authentication=UsernamePasswordAuthenticationToken [Principal=engine.UserDetailsImp@5e7808b9, Credentials=[PROTECTED], Authenticated=true, Details=WebAuthenticationDetails [RemoteIpAddress=127.0.0.1, SessionId=null], Granted Authorities=[]]] to HttpSession [org.apache.catalina.session.StandardSessionFacade@4221d2fb]
?[0m?[0;34m12:59 DEBUG o.s.security.web.FilterChainProxy - Secured GET /api/quizzes
?[0m?[0;34m12:59 DEBUG o.s.s.w.c.HttpSessionSecurityContextRepository - Stored SecurityContextImpl [Authentication=UsernamePasswordAuthenticationToken [Principal=engine.UserDetailsImp@5e7808b9, Credentials=[PROTECTED], Authenticated=true, Details=WebAuthenticationDetails [RemoteIpAddress=127.0.0.1, SessionId=null], Granted Authorities=[]]] to HttpSession [org.apache.catalina.session.StandardSessionFacade@4221d2fb]
?[0m?[0;34m12:59 DEBUG o.s.s.w.c.HttpSessionSecurityContextRepository - Stored SecurityContextImpl [Authentication=UsernamePasswordAuthenticationToken [Principal=engine.UserDetailsImp@5e7808b9, Credentials=[PROTECTED], Authenticated=true, Details=WebAuthenticationDetails [RemoteIpAddress=127.0.0.1, SessionId=null], Granted Authorities=[]]] to HttpSession [org.apache.catalina.session.StandardSessionFacade@4221d2fb]
?[0m?[0;34m12:59 DEBUG o.s.s.w.c.SecurityContextPersistenceFilter - Cleared SecurityContextHolder to complete request
?[1;31m
Start test 18?[0m
?[0m?[0;34m12:59 DEBUG o.s.security.web.FilterChainProxy - Securing GET /api/quizzes
?[0m?[0;34m12:59 DEBUG o.s.s.w.c.SecurityContextPersistenceFilter - Set SecurityContextHolder to empty SecurityContext
?[0m?[0;34m12:59 DEBUG o.s.s.w.a.AnonymousAuthenticationFilter - Set SecurityContextHolder to anonymous SecurityContext
?[0m?[0;34m12:59 DEBUG o.s.s.w.s.HttpSessionRequestCache - Saved request http://localhost:8889/api/quizzes to session
?[0m?[0;34m12:59 DEBUG o.s.s.w.a.DelegatingAuthenticationEntryPoint - Trying to match using RequestHeaderRequestMatcher [expectedHeaderName=X-Requested-With, expectedHeaderValue=XMLHttpRequest]
?[0m?[0;34m12:59 DEBUG o.s.s.w.a.DelegatingAuthenticationEntryPoint - No match found. Using default entry point org.springframework.security.web.authentication.www.BasicAuthenticationEntryPoint@16df38bb
?[0m?[0;34m12:59 DEBUG o.s.s.w.c.HttpSessionSecurityContextRepository - Did not store empty SecurityContext
?[0m?[0;34m12:59 DEBUG o.s.s.w.c.HttpSessionSecurityContextRepository - Did not store empty SecurityContext
?[0m?[0;34m12:59 DEBUG o.s.s.w.c.SecurityContextPersistenceFilter - Cleared SecurityContextHolder to complete request
?[0m?[0;34m12:59 DEBUG o.s.security.web.FilterChainProxy - Securing GET /error
?[0m?[0;34m12:59 DEBUG o.s.s.w.c.SecurityContextPersistenceFilter - Set SecurityContextHolder to empty SecurityContext
?[0m?[0;34m12:59 DEBUG o.s.s.w.a.AnonymousAuthenticationFilter - Set SecurityContextHolder to anonymous SecurityContext
?[0m?[0;34m12:59 DEBUG o.s.security.web.FilterChainProxy - Secured GET /error
?[0m?[0;34m12:59 DEBUG o.s.s.w.c.HttpSessionSecurityContextRepository - Did not store anonymous SecurityContext
?[0m?[0;34m12:59 DEBUG o.s.s.w.c.HttpSessionSecurityContextRepository - Did not store anonymous SecurityContext
?[0m?[0;34m12:59 DEBUG o.s.s.w.c.SecurityContextPersistenceFilter - Cleared SecurityContextHolder to complete request
?[1;31m
Start test 19?[0m
?[0m?[0;34m12:59 DEBUG o.s.security.web.FilterChainProxy - Securing POST /api/quizzes
?[0m?[0;34m12:59 DEBUG o.s.s.w.c.SecurityContextPersistenceFilter - Set SecurityContextHolder to empty SecurityContext
?[0m?[0;34m12:59 DEBUG o.s.s.w.a.AnonymousAuthenticationFilter - Set SecurityContextHolder to anonymous SecurityContext
?[0m?[0;34m12:59 DEBUG o.s.s.w.u.m.RegexRequestMatcher - Checking match of request : '/api/quizzes'; against '/api/register'
?[0m?[0;34m12:59 DEBUG o.s.s.w.u.m.RegexRequestMatcher - Checking match of request : '/api/quizzes'; against '/actuator/shutdown'
?[0m?[0;34m12:59 DEBUG o.s.s.w.s.HttpSessionRequestCache - Saved request http://localhost:8889/api/quizzes to session
?[0m?[0;34m12:59 DEBUG o.s.s.w.a.DelegatingAuthenticationEntryPoint - Trying to match using RequestHeaderRequestMatcher [expectedHeaderName=X-Requested-With, expectedHeaderValue=XMLHttpRequest]
?[0m?[0;34m12:59 DEBUG o.s.s.w.a.DelegatingAuthenticationEntryPoint - No match found. Using default entry point org.springframework.security.web.authentication.www.BasicAuthenticationEntryPoint@16df38bb
?[0m?[0;34m12:59 DEBUG o.s.s.w.c.HttpSessionSecurityContextRepository - Did not store empty SecurityContext
?[0m?[0;34m12:59 DEBUG o.s.s.w.c.HttpSessionSecurityContextRepository - Did not store empty SecurityContext
?[0m?[0;34m12:59 DEBUG o.s.s.w.c.SecurityContextPersistenceFilter - Cleared SecurityContextHolder to complete request
?[0m?[0;34m12:59 DEBUG o.s.security.web.FilterChainProxy - Securing POST /error
?[0m?[0;34m12:59 DEBUG o.s.s.w.c.SecurityContextPersistenceFilter - Set SecurityContextHolder to empty SecurityContext
?[0m?[0;34m12:59 DEBUG o.s.s.w.a.AnonymousAuthenticationFilter - Set SecurityContextHolder to anonymous SecurityContext
?[0m?[0;34m12:59 DEBUG o.s.security.web.FilterChainProxy - Secured POST /error
?[0m?[0;34m12:59 DEBUG o.s.s.w.c.HttpSessionSecurityContextRepository - Did not store anonymous SecurityContext
?[0m?[0;34m12:59 DEBUG o.s.s.w.c.HttpSessionSecurityContextRepository - Did not store anonymous SecurityContext
?[0m?[0;34m12:59 DEBUG o.s.s.w.c.SecurityContextPersistenceFilter - Cleared SecurityContextHolder to complete request
?[1;31m
Start test 20?[0m
?[0m?[0;34m12:59 DEBUG o.s.security.web.FilterChainProxy - Securing POST /api/quizzes
?[0m?[0;34m12:59 DEBUG o.s.s.w.c.SecurityContextPersistenceFilter - Set SecurityContextHolder to empty SecurityContext
?[0m?[0;34m12:59 DEBUG o.s.s.w.a.AnonymousAuthenticationFilter - Set SecurityContextHolder to anonymous SecurityContext
?[0m?[0;34m12:59 DEBUG o.s.s.w.u.m.RegexRequestMatcher - Checking match of request : '/api/quizzes'; against '/api/register'
?[0m?[0;34m12:59 DEBUG o.s.s.w.u.m.RegexRequestMatcher - Checking match of request : '/api/quizzes'; against '/actuator/shutdown'
?[0m?[0;34m12:59 DEBUG o.s.s.w.s.HttpSessionRequestCache - Saved request http://localhost:8889/api/quizzes to session
?[0m?[0;34m12:59 DEBUG o.s.s.w.a.DelegatingAuthenticationEntryPoint - Trying to match using RequestHeaderRequestMatcher [expectedHeaderName=X-Requested-With, expectedHeaderValue=XMLHttpRequest]
?[0m?[0;34m12:59 DEBUG o.s.s.w.a.DelegatingAuthenticationEntryPoint - No match found. Using default entry point org.springframework.security.web.authentication.www.BasicAuthenticationEntryPoint@16df38bb
?[0m?[0;34m12:59 DEBUG o.s.s.w.c.HttpSessionSecurityContextRepository - Did not store empty SecurityContext
?[0m?[0;34m12:59 DEBUG o.s.s.w.c.HttpSessionSecurityContextRepository - Did not store empty SecurityContext
?[0m?[0;34m12:59 DEBUG o.s.s.w.c.SecurityContextPersistenceFilter - Cleared SecurityContextHolder to complete request
?[0m?[0;34m12:59 DEBUG o.s.security.web.FilterChainProxy - Securing POST /error
?[0m?[0;34m12:59 DEBUG o.s.s.w.c.SecurityContextPersistenceFilter - Set SecurityContextHolder to empty SecurityContext
?[0m?[0;34m12:59 DEBUG o.s.s.w.a.AnonymousAuthenticationFilter - Set SecurityContextHolder to anonymous SecurityContext
?[0m?[0;34m12:59 DEBUG o.s.security.web.FilterChainProxy - Secured POST /error
?[0m?[0;34m12:59 DEBUG o.s.s.w.c.HttpSessionSecurityContextRepository - Did not store anonymous SecurityContext
?[0m?[0;34m12:59 DEBUG o.s.s.w.c.HttpSessionSecurityContextRepository - Did not store anonymous SecurityContext
?[0m?[0;34m12:59 DEBUG o.s.s.w.c.SecurityContextPersistenceFilter - Cleared SecurityContextHolder to complete request
?[1;31m
Start test 21?[0m
?[0m?[0;34m12:59 DEBUG o.s.security.web.FilterChainProxy - Securing POST /api/quizzes/1/solve
?[0m?[0;34m12:59 DEBUG o.s.s.w.c.SecurityContextPersistenceFilter - Set SecurityContextHolder to empty SecurityContext
?[0m?[0;34m12:59 DEBUG o.s.s.w.a.AnonymousAuthenticationFilter - Set SecurityContextHolder to anonymous SecurityContext
?[0m?[0;34m12:59 DEBUG o.s.s.w.u.m.RegexRequestMatcher - Checking match of request : '/api/quizzes/1/solve'; against '/api/register'
?[0m?[0;34m12:59 DEBUG o.s.s.w.u.m.RegexRequestMatcher - Checking match of request : '/api/quizzes/1/solve'; against '/actuator/shutdown'
?[0m?[0;34m12:59 DEBUG o.s.s.w.s.HttpSessionRequestCache - Saved request http://localhost:8889/api/quizzes/1/solve to session
?[0m?[0;34m12:59 DEBUG o.s.s.w.a.DelegatingAuthenticationEntryPoint - Trying to match using RequestHeaderRequestMatcher [expectedHeaderName=X-Requested-With, expectedHeaderValue=XMLHttpRequest]
?[0m?[0;34m12:59 DEBUG o.s.s.w.a.DelegatingAuthenticationEntryPoint - No match found. Using default entry point org.springframework.security.web.authentication.www.BasicAuthenticationEntryPoint@16df38bb
?[0m?[0;34m12:59 DEBUG o.s.s.w.c.HttpSessionSecurityContextRepository - Did not store empty SecurityContext
?[0m?[0;34m12:59 DEBUG o.s.s.w.c.HttpSessionSecurityContextRepository - Did not store empty SecurityContext
?[0m?[0;34m12:59 DEBUG o.s.s.w.c.SecurityContextPersistenceFilter - Cleared SecurityContextHolder to complete request
?[0m?[0;34m12:59 DEBUG o.s.security.web.FilterChainProxy - Securing POST /error
?[0m?[0;34m12:59 DEBUG o.s.s.w.c.SecurityContextPersistenceFilter - Set SecurityContextHolder to empty SecurityContext
?[0m?[0;34m12:59 DEBUG o.s.s.w.a.AnonymousAuthenticationFilter - Set SecurityContextHolder to anonymous SecurityContext
?[0m?[0;34m12:59 DEBUG o.s.security.web.FilterChainProxy - Secured POST /error
?[0m?[0;34m12:59 DEBUG o.s.s.w.c.HttpSessionSecurityContextRepository - Did not store anonymous SecurityContext
?[0m?[0;34m12:59 DEBUG o.s.s.w.c.HttpSessionSecurityContextRepository - Did not store anonymous SecurityContext
?[0m?[0;34m12:59 DEBUG o.s.s.w.c.SecurityContextPersistenceFilter - Cleared SecurityContextHolder to complete request
?[1;31m
Start test 22?[0m
?[0m?[0;34m12:59 DEBUG o.s.security.web.FilterChainProxy - Securing POST /api/quizzes/2/solve
?[0m?[0;34m12:59 DEBUG o.s.s.w.c.SecurityContextPersistenceFilter - Set SecurityContextHolder to empty SecurityContext
?[0m?[0;34m12:59 DEBUG o.s.s.w.a.AnonymousAuthenticationFilter - Set SecurityContextHolder to anonymous SecurityContext
?[0m?[0;34m12:59 DEBUG o.s.s.w.u.m.RegexRequestMatcher - Checking match of request : '/api/quizzes/2/solve'; against '/api/register'
?[0m?[0;34m12:59 DEBUG o.s.s.w.u.m.RegexRequestMatcher - Checking match of request : '/api/quizzes/2/solve'; against '/actuator/shutdown'
?[0m?[0;34m12:59 DEBUG o.s.s.w.s.HttpSessionRequestCache - Saved request http://localhost:8889/api/quizzes/2/solve to session
?[0m?[0;34m12:59 DEBUG o.s.s.w.a.DelegatingAuthenticationEntryPoint - Trying to match using RequestHeaderRequestMatcher [expectedHeaderName=X-Requested-With, expectedHeaderValue=XMLHttpRequest]
?[0m?[0;34m12:59 DEBUG o.s.s.w.a.DelegatingAuthenticationEntryPoint - No match found. Using default entry point org.springframework.security.web.authentication.www.BasicAuthenticationEntryPoint@16df38bb
?[0m?[0;34m12:59 DEBUG o.s.s.w.c.HttpSessionSecurityContextRepository - Did not store empty SecurityContext
?[0m?[0;34m12:59 DEBUG o.s.s.w.c.HttpSessionSecurityContextRepository - Did not store empty SecurityContext
?[0m?[0;34m12:59 DEBUG o.s.s.w.c.SecurityContextPersistenceFilter - Cleared SecurityContextHolder to complete request
?[0m?[0;34m12:59 DEBUG o.s.security.web.FilterChainProxy - Securing POST /error
?[0m?[0;34m12:59 DEBUG o.s.s.w.c.SecurityContextPersistenceFilter - Set SecurityContextHolder to empty SecurityContext
?[0m?[0;34m12:59 DEBUG o.s.s.w.a.AnonymousAuthenticationFilter - Set SecurityContextHolder to anonymous SecurityContext
?[0m?[0;34m12:59 DEBUG o.s.security.web.FilterChainProxy - Secured POST /error
?[0m?[0;34m12:59 DEBUG o.s.s.w.c.HttpSessionSecurityContextRepository - Did not store anonymous SecurityContext
?[0m?[0;34m12:59 DEBUG o.s.s.w.c.HttpSessionSecurityContextRepository - Did not store anonymous SecurityContext
?[0m?[0;34m12:59 DEBUG o.s.s.w.c.SecurityContextPersistenceFilter - Cleared SecurityContextHolder to complete request
?[1;31m
Start test 23?[0m
?[0m?[0;34m12:59 DEBUG o.s.security.web.FilterChainProxy - Securing DELETE /api/quizzes/1
?[0m?[0;34m12:59 DEBUG o.s.s.w.c.SecurityContextPersistenceFilter - Set SecurityContextHolder to empty SecurityContext
?[0m?[0;34m12:59 DEBUG o.s.s.w.a.AnonymousAuthenticationFilter - Set SecurityContextHolder to anonymous SecurityContext
?[0m?[0;34m12:59 DEBUG o.s.s.w.s.HttpSessionRequestCache - Saved request http://localhost:8889/api/quizzes/1 to session
?[0m?[0;34m12:59 DEBUG o.s.s.w.a.DelegatingAuthenticationEntryPoint - Trying to match using RequestHeaderRequestMatcher [expectedHeaderName=X-Requested-With, expectedHeaderValue=XMLHttpRequest]
?[0m?[0;34m12:59 DEBUG o.s.s.w.a.DelegatingAuthenticationEntryPoint - No match found. Using default entry point org.springframework.security.web.authentication.www.BasicAuthenticationEntryPoint@16df38bb
?[0m?[0;34m12:59 DEBUG o.s.s.w.c.HttpSessionSecurityContextRepository - Did not store empty SecurityContext
?[0m?[0;34m12:59 DEBUG o.s.s.w.c.HttpSessionSecurityContextRepository - Did not store empty SecurityContext
?[0m?[0;34m12:59 DEBUG o.s.s.w.c.SecurityContextPersistenceFilter - Cleared SecurityContextHolder to complete request
?[0m?[0;34m12:59 DEBUG o.s.security.web.FilterChainProxy - Securing DELETE /error
?[0m?[0;34m12:59 DEBUG o.s.s.w.c.SecurityContextPersistenceFilter - Set SecurityContextHolder to empty SecurityContext
?[0m?[0;34m12:59 DEBUG o.s.s.w.a.AnonymousAuthenticationFilter - Set SecurityContextHolder to anonymous SecurityContext
?[0m?[0;34m12:59 DEBUG o.s.security.web.FilterChainProxy - Secured DELETE /error
?[0m?[0;34m12:59 DEBUG o.s.s.w.c.HttpSessionSecurityContextRepository - Did not store anonymous SecurityContext
?[0m?[0;34m12:59 DEBUG o.s.s.w.c.HttpSessionSecurityContextRepository - Did not store anonymous SecurityContext
?[0m?[0;34m12:59 DEBUG o.s.s.w.c.SecurityContextPersistenceFilter - Cleared SecurityContextHolder to complete request
?[1;31m
Start test 24?[0m
?[0m?[0;34m12:59 DEBUG o.s.security.web.FilterChainProxy - Securing DELETE /api/quizzes/2
?[0m?[0;34m12:59 DEBUG o.s.s.w.c.SecurityContextPersistenceFilter - Set SecurityContextHolder to empty SecurityContext
?[0m?[0;34m12:59 DEBUG o.s.s.w.a.AnonymousAuthenticationFilter - Set SecurityContextHolder to anonymous SecurityContext
?[0m?[0;34m12:59 DEBUG o.s.s.w.s.HttpSessionRequestCache - Saved request http://localhost:8889/api/quizzes/2 to session
?[0m?[0;34m12:59 DEBUG o.s.s.w.a.DelegatingAuthenticationEntryPoint - Trying to match using RequestHeaderRequestMatcher [expectedHeaderName=X-Requested-With, expectedHeaderValue=XMLHttpRequest]
?[0m?[0;34m12:59 DEBUG o.s.s.w.a.DelegatingAuthenticationEntryPoint - No match found. Using default entry point org.springframework.security.web.authentication.www.BasicAuthenticationEntryPoint@16df38bb
?[0m?[0;34m12:59 DEBUG o.s.s.w.c.HttpSessionSecurityContextRepository - Did not store empty SecurityContext
?[0m?[0;34m12:59 DEBUG o.s.s.w.c.HttpSessionSecurityContextRepository - Did not store empty SecurityContext
?[0m?[0;34m12:59 DEBUG o.s.s.w.c.SecurityContextPersistenceFilter - Cleared SecurityContextHolder to complete request
?[0m?[0;34m12:59 DEBUG o.s.security.web.FilterChainProxy - Securing DELETE /error
?[0m?[0;34m12:59 DEBUG o.s.s.w.c.SecurityContextPersistenceFilter - Set SecurityContextHolder to empty SecurityContext
?[0m?[0;34m12:59 DEBUG o.s.s.w.a.AnonymousAuthenticationFilter - Set SecurityContextHolder to anonymous SecurityContext
?[0m?[0;34m12:59 DEBUG o.s.security.web.FilterChainProxy - Secured DELETE /error
?[0m?[0;34m12:59 DEBUG o.s.s.w.c.HttpSessionSecurityContextRepository - Did not store anonymous SecurityContext
?[0m?[0;34m12:59 DEBUG o.s.s.w.c.HttpSessionSecurityContextRepository - Did not store anonymous SecurityContext
?[0m?[0;34m12:59 DEBUG o.s.s.w.c.SecurityContextPersistenceFilter - Cleared SecurityContextHolder to complete request
?[1;31m
Start test 25?[0m
?[0m?[0;34m12:59 DEBUG o.s.security.web.FilterChainProxy - Securing GET /api/quizzes
?[0m?[0;34m12:59 DEBUG o.s.s.w.c.SecurityContextPersistenceFilter - Set SecurityContextHolder to empty SecurityContext
?[0m?[0;34m
?[0m?[0;34mTHE loadUserByUsername is called with the argument: qwerty@google.com
?[0m?[0;34m
?[0m?[0;34m12:59 DEBUG o.s.s.a.d.DaoAuthenticationProvider - Failed to find user 'qwerty@google.com'
?[0m?[0;34m12:59 DEBUG o.s.s.w.a.w.BasicAuthenticationFilter - Failed to process authentication request
?[0m?[0;34morg.springframework.security.authentication.BadCredentialsException: Bad credentials
?[0m?[0;34m	at org.springframework.security.authentication.dao.AbstractUserDetailsAuthenticationProvider.authenticate(AbstractUserDetailsAuthenticationProvider.java:141)
?[0m?[0;34m	at org.springframework.security.authentication.ProviderManager.authenticate(ProviderManager.java:182)
?[0m?[0;34m	at org.springframework.security.authentication.ProviderManager.authenticate(ProviderManager.java:201)
?[0m?[0;34m	at org.springframework.security.web.authentication.www.BasicAuthenticationFilter.doFilterInternal(BasicAuthenticationFilter.java:155)
?[0m?[0;34m	at org.springframework.web.filter.OncePerRequestFilter.doFilter(OncePerRequestFilter.java:119)
?[0m?[0;34m	at org.springframework.security.web.FilterChainProxy$VirtualFilterChain.doFilter(FilterChainProxy.java:336)
?[0m?[0;34m	at org.springframework.security.web.authentication.logout.LogoutFilter.doFilter(LogoutFilter.java:103)
?[0m?[0;34m	at org.springframework.security.web.authentication.logout.LogoutFilter.doFilter(LogoutFilter.java:89)
?[0m?[0;34m	at org.springframework.security.web.FilterChainProxy$VirtualFilterChain.doFilter(FilterChainProxy.java:336)
?[0m?[0;34m	at org.springframework.security.web.header.HeaderWriterFilter.doHeadersAfter(HeaderWriterFilter.java:90)
?[0m?[0;34m	at org.springframework.security.web.header.HeaderWriterFilter.doFilterInternal(HeaderWriterFilter.java:75)
?[0m?[0;34m	at org.springframework.web.filter.OncePerRequestFilter.doFilter(OncePerRequestFilter.java:119)
?[0m?[0;34m	at org.springframework.security.web.FilterChainProxy$VirtualFilterChain.doFilter(FilterChainProxy.java:336)
?[0m?[0;34m	at org.springframework.security.web.context.SecurityContextPersistenceFilter.doFilter(SecurityContextPersistenceFilter.java:110)
?[0m?[0;34m	at org.springframework.security.web.context.SecurityContextPersistenceFilter.doFilter(SecurityContextPersistenceFilter.java:80)
?[0m?[0;34m	at org.springframework.security.web.FilterChainProxy$VirtualFilterChain.doFilter(FilterChainProxy.java:336)
?[0m?[0;34m	at org.springframework.security.web.context.request.async.WebAsyncManagerIntegrationFilter.doFilterInternal(WebAsyncManagerIntegrationFilter.java:55)
?[0m?[0;34m	at org.springframework.web.filter.OncePerRequestFilter.doFilter(OncePerRequestFilter.java:119)
?[0m?[0;34m	at org.springframework.security.web.FilterChainProxy$VirtualFilterChain.doFilter(FilterChainProxy.java:336)
?[0m?[0;34m	at org.springframework.security.web.FilterChainProxy.doFilterInternal(FilterChainProxy.java:211)
?[0m?[0;34m	at org.springframework.security.web.FilterChainProxy.doFilter(FilterChainProxy.java:183)
?[0m?[0;34m	at org.springframework.web.filter.DelegatingFilterProxy.invokeDelegate(DelegatingFilterProxy.java:358)
?[0m?[0;34m	at org.springframework.web.filter.DelegatingFilterProxy.doFilter(DelegatingFilterProxy.java:271)
?[0m?[0;34m	at jdk.internal.reflect.GeneratedMethodAccessor54.invoke(Unknown Source)
?[0m?[0;34m	at java.base/jdk.internal.reflect.DelegatingMethodAccessorImpl.invoke(DelegatingMethodAccessorImpl.java:43)
?[0m?[0;34m	at java.base/java.lang.reflect.Method.invoke(Method.java:568)
?[0m?[0;34m	at org.apache.catalina.security.SecurityUtil.lambda$execute$0(SecurityUtil.java:280)
?[0m?[0;34m	at java.base/java.security.AccessController.doPrivileged(AccessController.java:712)
?[0m?[0;34m	at java.base/javax.security.auth.Subject.doAsPrivileged(Subject.java:584)
?[0m?[0;34m	at org.apache.catalina.security.SecurityUtil.execute(SecurityUtil.java:311)
?[0m?[0;34m	at org.apache.catalina.security.SecurityUtil.doAsPrivilege(SecurityUtil.java:253)
?[0m?[0;34m	at org.apache.catalina.core.ApplicationFilterChain.internalDoFilter(ApplicationFilterChain.java:187)
?[0m?[0;34m	at org.apache.catalina.core.ApplicationFilterChain.lambda$doFilter$0(ApplicationFilterChain.java:145)
?[0m?[0;34m	at java.base/java.security.AccessController.doPrivileged(AccessController.java:569)
?[0m?[0;34m	at org.apache.catalina.core.ApplicationFilterChain.doFilter(ApplicationFilterChain.java:143)
?[0m?[0;34m	at org.springframework.web.filter.RequestContextFilter.doFilterInternal(RequestContextFilter.java:100)
?[0m?[0;34m	at org.springframework.web.filter.OncePerRequestFilter.doFilter(OncePerRequestFilter.java:119)
?[0m?[0;34m	at jdk.internal.reflect.GeneratedMethodAccessor54.invoke(Unknown Source)
?[0m?[0;34m	at java.base/jdk.internal.reflect.DelegatingMethodAccessorImpl.invoke(DelegatingMethodAccessorImpl.java:43)
?[0m?[0;34m	at java.base/java.lang.reflect.Method.invoke(Method.java:568)
?[0m?[0;34m	at org.apache.catalina.security.SecurityUtil.lambda$execute$0(SecurityUtil.java:280)
?[0m?[0;34m	at java.base/java.security.AccessController.doPrivileged(AccessController.java:712)
?[0m?[0;34m	at java.base/javax.security.auth.Subject.doAsPrivileged(Subject.java:584)
?[0m?[0;34m	at org.apache.catalina.security.SecurityUtil.execute(SecurityUtil.java:311)
?[0m?[0;34m	at org.apache.catalina.security.SecurityUtil.doAsPrivilege(SecurityUtil.java:253)
?[0m?[0;34m	at org.apache.catalina.core.ApplicationFilterChain.internalDoFilter(ApplicationFilterChain.java:187)
?[0m?[0;34m	at org.apache.catalina.core.ApplicationFilterChain.lambda$doFilter$0(ApplicationFilterChain.java:145)
?[0m?[0;34m	at java.base/java.security.AccessController.doPrivileged(AccessController.java:569)
?[0m?[0;34m	at org.apache.catalina.core.ApplicationFilterChain.doFilter(ApplicationFilterChain.java:143)
?[0m?[0;34m	at org.springframework.web.filter.FormContentFilter.doFilterInternal(FormContentFilter.java:93)
?[0m?[0;34m	at org.springframework.web.filter.OncePerRequestFilter.doFilter(OncePerRequestFilter.java:119)
?[0m?[0;34m	at jdk.internal.reflect.GeneratedMethodAccessor54.invoke(Unknown Source)
?[0m?[0;34m	at java.base/jdk.internal.reflect.DelegatingMethodAccessorImpl.invoke(DelegatingMethodAccessorImpl.java:43)
?[0m?[0;34m	at java.base/java.lang.reflect.Method.invoke(Method.java:568)
?[0m?[0;34m	at org.apache.catalina.security.SecurityUtil.lambda$execute$0(SecurityUtil.java:280)
?[0m?[0;34m	at java.base/java.security.AccessController.doPrivileged(AccessController.java:712)
?[0m?[0;34m	at java.base/javax.security.auth.Subject.doAsPrivileged(Subject.java:584)
?[0m?[0;34m	at org.apache.catalina.security.SecurityUtil.execute(SecurityUtil.java:311)
?[0m?[0;34m	at org.apache.catalina.security.SecurityUtil.doAsPrivilege(SecurityUtil.java:253)
?[0m?[0;34m	at org.apache.catalina.core.ApplicationFilterChain.internalDoFilter(ApplicationFilterChain.java:187)
?[0m?[0;34m	at org.apache.catalina.core.ApplicationFilterChain.lambda$doFilter$0(ApplicationFilterChain.java:145)
?[0m?[0;34m	at java.base/java.security.AccessController.doPrivileged(AccessController.java:569)
?[0m?[0;34m	at org.apache.catalina.core.ApplicationFilterChain.doFilter(ApplicationFilterChain.java:143)
?[0m?[0;34m	at org.springframework.boot.actuate.metrics.web.servlet.WebMvcMetricsFilter.doFilterInternal(WebMvcMetricsFilter.java:96)
?[0m?[0;34m	at org.springframework.web.filter.OncePerRequestFilter.doFilter(OncePerRequestFilter.java:119)
?[0m?[0;34m	at jdk.internal.reflect.GeneratedMethodAccessor54.invoke(Unknown Source)
?[0m?[0;34m	at java.base/jdk.internal.reflect.DelegatingMethodAccessorImpl.invoke(DelegatingMethodAccessorImpl.java:43)
?[0m?[0;34m	at java.base/java.lang.reflect.Method.invoke(Method.java:568)
?[0m?[0;34m	at org.apache.catalina.security.SecurityUtil.lambda$execute$0(SecurityUtil.java:280)
?[0m?[0;34m	at java.base/java.security.AccessController.doPrivileged(AccessController.java:712)
?[0m?[0;34m	at java.base/javax.security.auth.Subject.doAsPrivileged(Subject.java:584)
?[0m?[0;34m	at org.apache.catalina.security.SecurityUtil.execute(SecurityUtil.java:311)
?[0m?[0;34m	at org.apache.catalina.security.SecurityUtil.doAsPrivilege(SecurityUtil.java:253)
?[0m?[0;34m	at org.apache.catalina.core.ApplicationFilterChain.internalDoFilter(ApplicationFilterChain.java:187)
?[0m?[0;34m	at org.apache.catalina.core.ApplicationFilterChain.lambda$doFilter$0(ApplicationFilterChain.java:145)
?[0m?[0;34m	at java.base/java.security.AccessController.doPrivileged(AccessController.java:569)
?[0m?[0;34m	at org.apache.catalina.core.ApplicationFilterChain.doFilter(ApplicationFilterChain.java:143)
?[0m?[0;34m	at org.springframework.web.filter.CharacterEncodingFilter.doFilterInternal(CharacterEncodingFilter.java:201)
?[0m?[0;34m	at org.springframework.web.filter.OncePerRequestFilter.doFilter(OncePerRequestFilter.java:119)
?[0m?[0;34m	at jdk.internal.reflect.GeneratedMethodAccessor54.invoke(Unknown Source)
?[0m?[0;34m	at java.base/jdk.internal.reflect.DelegatingMethodAccessorImpl.invoke(DelegatingMethodAccessorImpl.java:43)
?[0m?[0;34m	at java.base/java.lang.reflect.Method.invoke(Method.java:568)
?[0m?[0;34m	at org.apache.catalina.security.SecurityUtil.lambda$execute$0(SecurityUtil.java:280)
?[0m?[0;34m	at java.base/java.security.AccessController.doPrivileged(AccessController.java:712)
?[0m?[0;34m	at java.base/javax.security.auth.Subject.doAsPrivileged(Subject.java:584)
?[0m?[0;34m	at org.apache.catalina.security.SecurityUtil.execute(SecurityUtil.java:311)
?[0m?[0;34m	at org.apache.catalina.security.SecurityUtil.doAsPrivilege(SecurityUtil.java:253)
?[0m?[0;34m	at org.apache.catalina.core.ApplicationFilterChain.internalDoFilter(ApplicationFilterChain.java:187)
?[0m?[0;34m	at org.apache.catalina.core.ApplicationFilterChain.lambda$doFilter$0(ApplicationFilterChain.java:145)
?[0m?[0;34m	at java.base/java.security.AccessController.doPrivileged(AccessController.java:569)
?[0m?[0;34m	at org.apache.catalina.core.ApplicationFilterChain.doFilter(ApplicationFilterChain.java:143)
?[0m?[0;34m	at org.apache.catalina.core.StandardWrapperValve.invoke(StandardWrapperValve.java:197)
?[0m?[0;34m	at org.apache.catalina.core.StandardContextValve.invoke(StandardContextValve.java:97)
?[0m?[0;34m	at org.apache.catalina.authenticator.AuthenticatorBase.invoke(AuthenticatorBase.java:540)
?[0m?[0;34m	at org.apache.catalina.core.StandardHostValve.invoke(StandardHostValve.java:135)
?[0m?[0;34m	at org.apache.catalina.valves.ErrorReportValve.invoke(ErrorReportValve.java:92)
?[0m?[0;34m	at org.apache.catalina.core.StandardEngineValve.invoke(StandardEngineValve.java:78)
?[0m?[0;34m	at org.apache.catalina.connector.CoyoteAdapter.service(CoyoteAdapter.java:357)
?[0m?[0;34m	at org.apache.coyote.http11.Http11Processor.service(Http11Processor.java:382)
?[0m?[0;34m	at org.apache.coyote.AbstractProcessorLight.process(AbstractProcessorLight.java:65)
?[0m?[0;34m	at org.apache.coyote.AbstractProtocol$ConnectionHandler.process(AbstractProtocol.java:895)
?[0m?[0;34m	at org.apache.tomcat.util.net.NioEndpoint$SocketProcessor.doRun(NioEndpoint.java:1722)
?[0m?[0;34m	at org.apache.tomcat.util.net.SocketProcessorBase.run(SocketProcessorBase.java:49)
?[0m?[0;34m	at org.apache.tomcat.util.threads.ThreadPoolExecutor.runWorker(ThreadPoolExecutor.java:1191)
?[0m?[0;34m	at org.apache.tomcat.util.threads.ThreadPoolExecutor$Worker.run(ThreadPoolExecutor.java:659)
?[0m?[0;34m	at org.apache.tomcat.util.threads.TaskThread$WrappingRunnable.run(TaskThread.java:61)
?[0m?[0;34m	at java.base/java.lang.Thread.run(Thread.java:842)
?[0m?[0;34m12:59 DEBUG o.s.s.w.a.DelegatingAuthenticationEntryPoint - Trying to match using RequestHeaderRequestMatcher [expectedHeaderName=X-Requested-With, expectedHeaderValue=XMLHttpRequest]
?[0m?[0;34m12:59 DEBUG o.s.s.w.a.DelegatingAuthenticationEntryPoint - No match found. Using default entry point org.springframework.security.web.authentication.www.BasicAuthenticationEntryPoint@16df38bb
?[0m?[0;34m12:59 DEBUG o.s.s.w.c.HttpSessionSecurityContextRepository - Did not store empty SecurityContext
?[0m?[0;34m12:59 DEBUG o.s.s.w.c.HttpSessionSecurityContextRepository - Did not store empty SecurityContext
?[0m?[0;34m12:59 DEBUG o.s.s.w.c.SecurityContextPersistenceFilter - Cleared SecurityContextHolder to complete request
?[0m?[0;34m12:59 DEBUG o.s.security.web.FilterChainProxy - Securing GET /error
?[0m?[0;34m12:59 DEBUG o.s.s.w.c.SecurityContextPersistenceFilter - Set SecurityContextHolder to empty SecurityContext
?[0m?[0;34m12:59 DEBUG o.s.s.w.a.AnonymousAuthenticationFilter - Set SecurityContextHolder to anonymous SecurityContext
?[0m?[0;34m12:59 DEBUG o.s.security.web.FilterChainProxy - Secured GET /error
?[0m?[0;34m12:59 DEBUG o.s.s.w.c.HttpSessionSecurityContextRepository - Did not store anonymous SecurityContext
?[0m?[0;34m12:59 DEBUG o.s.s.w.c.HttpSessionSecurityContextRepository - Did not store anonymous SecurityContext
?[0m?[0;34m12:59 DEBUG o.s.s.w.c.SecurityContextPersistenceFilter - Cleared SecurityContextHolder to complete request
?[1;31m
Start test 26?[0m
?[0m?[0;34m12:59 DEBUG o.s.security.web.FilterChainProxy - Securing POST /api/quizzes
?[0m?[0;34m12:59 DEBUG o.s.s.w.c.SecurityContextPersistenceFilter - Set SecurityContextHolder to empty SecurityContext
?[0m?[0;34m
?[0m?[0;34mTHE loadUserByUsername is called with the argument: qwerty@google.com
?[0m?[0;34m
?[0m?[0;34m12:59 DEBUG o.s.s.a.d.DaoAuthenticationProvider - Failed to find user 'qwerty@google.com'
?[0m?[0;34m12:59 DEBUG o.s.s.w.a.w.BasicAuthenticationFilter - Failed to process authentication request
?[0m?[0;34morg.springframework.security.authentication.BadCredentialsException: Bad credentials
?[0m?[0;34m	at org.springframework.security.authentication.dao.AbstractUserDetailsAuthenticationProvider.authenticate(AbstractUserDetailsAuthenticationProvider.java:141)
?[0m?[0;34m	at org.springframework.security.authentication.ProviderManager.authenticate(ProviderManager.java:182)
?[0m?[0;34m	at org.springframework.security.authentication.ProviderManager.authenticate(ProviderManager.java:201)
?[0m?[0;34m	at org.springframework.security.web.authentication.www.BasicAuthenticationFilter.doFilterInternal(BasicAuthenticationFilter.java:155)
?[0m?[0;34m	at org.springframework.web.filter.OncePerRequestFilter.doFilter(OncePerRequestFilter.java:119)
?[0m?[0;34m	at org.springframework.security.web.FilterChainProxy$VirtualFilterChain.doFilter(FilterChainProxy.java:336)
?[0m?[0;34m	at org.springframework.security.web.authentication.logout.LogoutFilter.doFilter(LogoutFilter.java:103)
?[0m?[0;34m	at org.springframework.security.web.authentication.logout.LogoutFilter.doFilter(LogoutFilter.java:89)
?[0m?[0;34m	at org.springframework.security.web.FilterChainProxy$VirtualFilterChain.doFilter(FilterChainProxy.java:336)
?[0m?[0;34m	at org.springframework.security.web.header.HeaderWriterFilter.doHeadersAfter(HeaderWriterFilter.java:90)
?[0m?[0;34m	at org.springframework.security.web.header.HeaderWriterFilter.doFilterInternal(HeaderWriterFilter.java:75)
?[0m?[0;34m	at org.springframework.web.filter.OncePerRequestFilter.doFilter(OncePerRequestFilter.java:119)
?[0m?[0;34m	at org.springframework.security.web.FilterChainProxy$VirtualFilterChain.doFilter(FilterChainProxy.java:336)
?[0m?[0;34m	at org.springframework.security.web.context.SecurityContextPersistenceFilter.doFilter(SecurityContextPersistenceFilter.java:110)
?[0m?[0;34m	at org.springframework.security.web.context.SecurityContextPersistenceFilter.doFilter(SecurityContextPersistenceFilter.java:80)
?[0m?[0;34m	at org.springframework.security.web.FilterChainProxy$VirtualFilterChain.doFilter(FilterChainProxy.java:336)
?[0m?[0;34m	at org.springframework.security.web.context.request.async.WebAsyncManagerIntegrationFilter.doFilterInternal(WebAsyncManagerIntegrationFilter.java:55)
?[0m?[0;34m	at org.springframework.web.filter.OncePerRequestFilter.doFilter(OncePerRequestFilter.java:119)
?[0m?[0;34m	at org.springframework.security.web.FilterChainProxy$VirtualFilterChain.doFilter(FilterChainProxy.java:336)
?[0m?[0;34m	at org.springframework.security.web.FilterChainProxy.doFilterInternal(FilterChainProxy.java:211)
?[0m?[0;34m	at org.springframework.security.web.FilterChainProxy.doFilter(FilterChainProxy.java:183)
?[0m?[0;34m	at org.springframework.web.filter.DelegatingFilterProxy.invokeDelegate(DelegatingFilterProxy.java:358)
?[0m?[0;34m	at org.springframework.web.filter.DelegatingFilterProxy.doFilter(DelegatingFilterProxy.java:271)
?[0m?[0;34m	at jdk.internal.reflect.GeneratedMethodAccessor54.invoke(Unknown Source)
?[0m?[0;34m	at java.base/jdk.internal.reflect.DelegatingMethodAccessorImpl.invoke(DelegatingMethodAccessorImpl.java:43)
?[0m?[0;34m	at java.base/java.lang.reflect.Method.invoke(Method.java:568)
?[0m?[0;34m	at org.apache.catalina.security.SecurityUtil.lambda$execute$0(SecurityUtil.java:280)
?[0m?[0;34m	at java.base/java.security.AccessController.doPrivileged(AccessController.java:712)
?[0m?[0;34m	at java.base/javax.security.auth.Subject.doAsPrivileged(Subject.java:584)
?[0m?[0;34m	at org.apache.catalina.security.SecurityUtil.execute(SecurityUtil.java:311)
?[0m?[0;34m	at org.apache.catalina.security.SecurityUtil.doAsPrivilege(SecurityUtil.java:253)
?[0m?[0;34m	at org.apache.catalina.core.ApplicationFilterChain.internalDoFilter(ApplicationFilterChain.java:187)
?[0m?[0;34m	at org.apache.catalina.core.ApplicationFilterChain.lambda$doFilter$0(ApplicationFilterChain.java:145)
?[0m?[0;34m	at java.base/java.security.AccessController.doPrivileged(AccessController.java:569)
?[0m?[0;34m	at org.apache.catalina.core.ApplicationFilterChain.doFilter(ApplicationFilterChain.java:143)
?[0m?[0;34m	at org.springframework.web.filter.RequestContextFilter.doFilterInternal(RequestContextFilter.java:100)
?[0m?[0;34m	at org.springframework.web.filter.OncePerRequestFilter.doFilter(OncePerRequestFilter.java:119)
?[0m?[0;34m	at jdk.internal.reflect.GeneratedMethodAccessor54.invoke(Unknown Source)
?[0m?[0;34m	at java.base/jdk.internal.reflect.DelegatingMethodAccessorImpl.invoke(DelegatingMethodAccessorImpl.java:43)
?[0m?[0;34m	at java.base/java.lang.reflect.Method.invoke(Method.java:568)
?[0m?[0;34m	at org.apache.catalina.security.SecurityUtil.lambda$execute$0(SecurityUtil.java:280)
?[0m?[0;34m	at java.base/java.security.AccessController.doPrivileged(AccessController.java:712)
?[0m?[0;34m	at java.base/javax.security.auth.Subject.doAsPrivileged(Subject.java:584)
?[0m?[0;34m	at org.apache.catalina.security.SecurityUtil.execute(SecurityUtil.java:311)
?[0m?[0;34m	at org.apache.catalina.security.SecurityUtil.doAsPrivilege(SecurityUtil.java:253)
?[0m?[0;34m	at org.apache.catalina.core.ApplicationFilterChain.internalDoFilter(ApplicationFilterChain.java:187)
?[0m?[0;34m	at org.apache.catalina.core.ApplicationFilterChain.lambda$doFilter$0(ApplicationFilterChain.java:145)
?[0m?[0;34m	at java.base/java.security.AccessController.doPrivileged(AccessController.java:569)
?[0m?[0;34m	at org.apache.catalina.core.ApplicationFilterChain.doFilter(ApplicationFilterChain.java:143)
?[0m?[0;34m	at org.springframework.web.filter.FormContentFilter.doFilterInternal(FormContentFilter.java:93)
?[0m?[0;34m	at org.springframework.web.filter.OncePerRequestFilter.doFilter(OncePerRequestFilter.java:119)
?[0m?[0;34m	at jdk.internal.reflect.GeneratedMethodAccessor54.invoke(Unknown Source)
?[0m?[0;34m	at java.base/jdk.internal.reflect.DelegatingMethodAccessorImpl.invoke(DelegatingMethodAccessorImpl.java:43)
?[0m?[0;34m	at java.base/java.lang.reflect.Method.invoke(Method.java:568)
?[0m?[0;34m	at org.apache.catalina.security.SecurityUtil.lambda$execute$0(SecurityUtil.java:280)
?[0m?[0;34m	at java.base/java.security.AccessController.doPrivileged(AccessController.java:712)
?[0m?[0;34m	at java.base/javax.security.auth.Subject.doAsPrivileged(Subject.java:584)
?[0m?[0;34m	at org.apache.catalina.security.SecurityUtil.execute(SecurityUtil.java:311)
?[0m?[0;34m	at org.apache.catalina.security.SecurityUtil.doAsPrivilege(SecurityUtil.java:253)
?[0m?[0;34m	at org.apache.catalina.core.ApplicationFilterChain.internalDoFilter(ApplicationFilterChain.java:187)
?[0m?[0;34m	at org.apache.catalina.core.ApplicationFilterChain.lambda$doFilter$0(ApplicationFilterChain.java:145)
?[0m?[0;34m	at java.base/java.security.AccessController.doPrivileged(AccessController.java:569)
?[0m?[0;34m	at org.apache.catalina.core.ApplicationFilterChain.doFilter(ApplicationFilterChain.java:143)
?[0m?[0;34m	at org.springframework.boot.actuate.metrics.web.servlet.WebMvcMetricsFilter.doFilterInternal(WebMvcMetricsFilter.java:96)
?[0m?[0;34m	at org.springframework.web.filter.OncePerRequestFilter.doFilter(OncePerRequestFilter.java:119)
?[0m?[0;34m	at jdk.internal.reflect.GeneratedMethodAccessor54.invoke(Unknown Source)
?[0m?[0;34m	at java.base/jdk.internal.reflect.DelegatingMethodAccessorImpl.invoke(DelegatingMethodAccessorImpl.java:43)
?[0m?[0;34m	at java.base/java.lang.reflect.Method.invoke(Method.java:568)
?[0m?[0;34m	at org.apache.catalina.security.SecurityUtil.lambda$execute$0(SecurityUtil.java:280)
?[0m?[0;34m	at java.base/java.security.AccessController.doPrivileged(AccessController.java:712)
?[0m?[0;34m	at java.base/javax.security.auth.Subject.doAsPrivileged(Subject.java:584)
?[0m?[0;34m	at org.apache.catalina.security.SecurityUtil.execute(SecurityUtil.java:311)
?[0m?[0;34m	at org.apache.catalina.security.SecurityUtil.doAsPrivilege(SecurityUtil.java:253)
?[0m?[0;34m	at org.apache.catalina.core.ApplicationFilterChain.internalDoFilter(ApplicationFilterChain.java:187)
?[0m?[0;34m	at org.apache.catalina.core.ApplicationFilterChain.lambda$doFilter$0(ApplicationFilterChain.java:145)
?[0m?[0;34m	at java.base/java.security.AccessController.doPrivileged(AccessController.java:569)
?[0m?[0;34m	at org.apache.catalina.core.ApplicationFilterChain.doFilter(ApplicationFilterChain.java:143)
?[0m?[0;34m	at org.springframework.web.filter.CharacterEncodingFilter.doFilterInternal(CharacterEncodingFilter.java:201)
?[0m?[0;34m	at org.springframework.web.filter.OncePerRequestFilter.doFilter(OncePerRequestFilter.java:119)
?[0m?[0;34m	at jdk.internal.reflect.GeneratedMethodAccessor54.invoke(Unknown Source)
?[0m?[0;34m	at java.base/jdk.internal.reflect.DelegatingMethodAccessorImpl.invoke(DelegatingMethodAccessorImpl.java:43)
?[0m?[0;34m	at java.base/java.lang.reflect.Method.invoke(Method.java:568)
?[0m?[0;34m	at org.apache.catalina.security.SecurityUtil.lambda$execute$0(SecurityUtil.java:280)
?[0m?[0;34m	at java.base/java.security.AccessController.doPrivileged(AccessController.java:712)
?[0m?[0;34m	at java.base/javax.security.auth.Subject.doAsPrivileged(Subject.java:584)
?[0m?[0;34m	at org.apache.catalina.security.SecurityUtil.execute(SecurityUtil.java:311)
?[0m?[0;34m	at org.apache.catalina.security.SecurityUtil.doAsPrivilege(SecurityUtil.java:253)
?[0m?[0;34m	at org.apache.catalina.core.ApplicationFilterChain.internalDoFilter(ApplicationFilterChain.java:187)
?[0m?[0;34m	at org.apache.catalina.core.ApplicationFilterChain.lambda$doFilter$0(ApplicationFilterChain.java:145)
?[0m?[0;34m	at java.base/java.security.AccessController.doPrivileged(AccessController.java:569)
?[0m?[0;34m	at org.apache.catalina.core.ApplicationFilterChain.doFilter(ApplicationFilterChain.java:143)
?[0m?[0;34m	at org.apache.catalina.core.StandardWrapperValve.invoke(StandardWrapperValve.java:197)
?[0m?[0;34m	at org.apache.catalina.core.StandardContextValve.invoke(StandardContextValve.java:97)
?[0m?[0;34m	at org.apache.catalina.authenticator.AuthenticatorBase.invoke(AuthenticatorBase.java:540)
?[0m?[0;34m	at org.apache.catalina.core.StandardHostValve.invoke(StandardHostValve.java:135)
?[0m?[0;34m	at org.apache.catalina.valves.ErrorReportValve.invoke(ErrorReportValve.java:92)
?[0m?[0;34m	at org.apache.catalina.core.StandardEngineValve.invoke(StandardEngineValve.java:78)
?[0m?[0;34m	at org.apache.catalina.connector.CoyoteAdapter.service(CoyoteAdapter.java:357)
?[0m?[0;34m	at org.apache.coyote.http11.Http11Processor.service(Http11Processor.java:382)
?[0m?[0;34m	at org.apache.coyote.AbstractProcessorLight.process(AbstractProcessorLight.java:65)
?[0m?[0;34m	at org.apache.coyote.AbstractProtocol$ConnectionHandler.process(AbstractProtocol.java:895)
?[0m?[0;34m	at org.apache.tomcat.util.net.NioEndpoint$SocketProcessor.doRun(NioEndpoint.java:1722)
?[0m?[0;34m	at org.apache.tomcat.util.net.SocketProcessorBase.run(SocketProcessorBase.java:49)
?[0m?[0;34m	at org.apache.tomcat.util.threads.ThreadPoolExecutor.runWorker(ThreadPoolExecutor.java:1191)
?[0m?[0;34m	at org.apache.tomcat.util.threads.ThreadPoolExecutor$Worker.run(ThreadPoolExecutor.java:659)
?[0m?[0;34m	at org.apache.tomcat.util.threads.TaskThread$WrappingRunnable.run(TaskThread.java:61)
?[0m?[0;34m	at java.base/java.lang.Thread.run(Thread.java:842)
?[0m?[0;34m12:59 DEBUG o.s.s.w.a.DelegatingAuthenticationEntryPoint - Trying to match using RequestHeaderRequestMatcher [expectedHeaderName=X-Requested-With, expectedHeaderValue=XMLHttpRequest]
?[0m?[0;34m12:59 DEBUG o.s.s.w.a.DelegatingAuthenticationEntryPoint - No match found. Using default entry point org.springframework.security.web.authentication.www.BasicAuthenticationEntryPoint@16df38bb
?[0m?[0;34m12:59 DEBUG o.s.s.w.c.HttpSessionSecurityContextRepository - Did not store empty SecurityContext
?[0m?[0;34m12:59 DEBUG o.s.s.w.c.HttpSessionSecurityContextRepository - Did not store empty SecurityContext
?[0m?[0;34m12:59 DEBUG o.s.s.w.c.SecurityContextPersistenceFilter - Cleared SecurityContextHolder to complete request
?[0m?[0;34m12:59 DEBUG o.s.security.web.FilterChainProxy - Securing POST /error
?[0m?[0;34m12:59 DEBUG o.s.s.w.c.SecurityContextPersistenceFilter - Set SecurityContextHolder to empty SecurityContext
?[0m?[0;34m12:59 DEBUG o.s.s.w.a.AnonymousAuthenticationFilter - Set SecurityContextHolder to anonymous SecurityContext
?[0m?[0;34m12:59 DEBUG o.s.security.web.FilterChainProxy - Secured POST /error
?[0m?[0;34m12:59 DEBUG o.s.s.w.c.HttpSessionSecurityContextRepository - Did not store anonymous SecurityContext
?[0m?[0;34m12:59 DEBUG o.s.s.w.c.HttpSessionSecurityContextRepository - Did not store anonymous SecurityContext
?[0m?[0;34m12:59 DEBUG o.s.s.w.c.SecurityContextPersistenceFilter - Cleared SecurityContextHolder to complete request
?[1;31m
Start test 27?[0m
?[0m?[0;34m12:59 DEBUG o.s.security.web.FilterChainProxy - Securing POST /api/quizzes
?[0m?[0;34m12:59 DEBUG o.s.s.w.c.SecurityContextPersistenceFilter - Set SecurityContextHolder to empty SecurityContext
?[0m?[0;34m
?[0m?[0;34mTHE loadUserByUsername is called with the argument: qwerty@google.com
?[0m?[0;34m
?[0m?[0;34m12:59 DEBUG o.s.s.a.d.DaoAuthenticationProvider - Failed to find user 'qwerty@google.com'
?[0m?[0;34m12:59 DEBUG o.s.s.w.a.w.BasicAuthenticationFilter - Failed to process authentication request
?[0m?[0;34morg.springframework.security.authentication.BadCredentialsException: Bad credentials
?[0m?[0;34m	at org.springframework.security.authentication.dao.AbstractUserDetailsAuthenticationProvider.authenticate(AbstractUserDetailsAuthenticationProvider.java:141)
?[0m?[0;34m	at org.springframework.security.authentication.ProviderManager.authenticate(ProviderManager.java:182)
?[0m?[0;34m	at org.springframework.security.authentication.ProviderManager.authenticate(ProviderManager.java:201)
?[0m?[0;34m	at org.springframework.security.web.authentication.www.BasicAuthenticationFilter.doFilterInternal(BasicAuthenticationFilter.java:155)
?[0m?[0;34m	at org.springframework.web.filter.OncePerRequestFilter.doFilter(OncePerRequestFilter.java:119)
?[0m?[0;34m	at org.springframework.security.web.FilterChainProxy$VirtualFilterChain.doFilter(FilterChainProxy.java:336)
?[0m?[0;34m	at org.springframework.security.web.authentication.logout.LogoutFilter.doFilter(LogoutFilter.java:103)
?[0m?[0;34m	at org.springframework.security.web.authentication.logout.LogoutFilter.doFilter(LogoutFilter.java:89)
?[0m?[0;34m	at org.springframework.security.web.FilterChainProxy$VirtualFilterChain.doFilter(FilterChainProxy.java:336)
?[0m?[0;34m	at org.springframework.security.web.header.HeaderWriterFilter.doHeadersAfter(HeaderWriterFilter.java:90)
?[0m?[0;34m	at org.springframework.security.web.header.HeaderWriterFilter.doFilterInternal(HeaderWriterFilter.java:75)
?[0m?[0;34m	at org.springframework.web.filter.OncePerRequestFilter.doFilter(OncePerRequestFilter.java:119)
?[0m?[0;34m	at org.springframework.security.web.FilterChainProxy$VirtualFilterChain.doFilter(FilterChainProxy.java:336)
?[0m?[0;34m	at org.springframework.security.web.context.SecurityContextPersistenceFilter.doFilter(SecurityContextPersistenceFilter.java:110)
?[0m?[0;34m	at org.springframework.security.web.context.SecurityContextPersistenceFilter.doFilter(SecurityContextPersistenceFilter.java:80)
?[0m?[0;34m	at org.springframework.security.web.FilterChainProxy$VirtualFilterChain.doFilter(FilterChainProxy.java:336)
?[0m?[0;34m	at org.springframework.security.web.context.request.async.WebAsyncManagerIntegrationFilter.doFilterInternal(WebAsyncManagerIntegrationFilter.java:55)
?[0m?[0;34m	at org.springframework.web.filter.OncePerRequestFilter.doFilter(OncePerRequestFilter.java:119)
?[0m?[0;34m	at org.springframework.security.web.FilterChainProxy$VirtualFilterChain.doFilter(FilterChainProxy.java:336)
?[0m?[0;34m	at org.springframework.security.web.FilterChainProxy.doFilterInternal(FilterChainProxy.java:211)
?[0m?[0;34m	at org.springframework.security.web.FilterChainProxy.doFilter(FilterChainProxy.java:183)
?[0m?[0;34m	at org.springframework.web.filter.DelegatingFilterProxy.invokeDelegate(DelegatingFilterProxy.java:358)
?[0m?[0;34m	at org.springframework.web.filter.DelegatingFilterProxy.doFilter(DelegatingFilterProxy.java:271)
?[0m?[0;34m	at jdk.internal.reflect.GeneratedMethodAccessor54.invoke(Unknown Source)
?[0m?[0;34m	at java.base/jdk.internal.reflect.DelegatingMethodAccessorImpl.invoke(DelegatingMethodAccessorImpl.java:43)
?[0m?[0;34m	at java.base/java.lang.reflect.Method.invoke(Method.java:568)
?[0m?[0;34m	at org.apache.catalina.security.SecurityUtil.lambda$execute$0(SecurityUtil.java:280)
?[0m?[0;34m	at java.base/java.security.AccessController.doPrivileged(AccessController.java:712)
?[0m?[0;34m	at java.base/javax.security.auth.Subject.doAsPrivileged(Subject.java:584)
?[0m?[0;34m	at org.apache.catalina.security.SecurityUtil.execute(SecurityUtil.java:311)
?[0m?[0;34m	at org.apache.catalina.security.SecurityUtil.doAsPrivilege(SecurityUtil.java:253)
?[0m?[0;34m	at org.apache.catalina.core.ApplicationFilterChain.internalDoFilter(ApplicationFilterChain.java:187)
?[0m?[0;34m	at org.apache.catalina.core.ApplicationFilterChain.lambda$doFilter$0(ApplicationFilterChain.java:145)
?[0m?[0;34m	at java.base/java.security.AccessController.doPrivileged(AccessController.java:569)
?[0m?[0;34m	at org.apache.catalina.core.ApplicationFilterChain.doFilter(ApplicationFilterChain.java:143)
?[0m?[0;34m	at org.springframework.web.filter.RequestContextFilter.doFilterInternal(RequestContextFilter.java:100)
?[0m?[0;34m	at org.springframework.web.filter.OncePerRequestFilter.doFilter(OncePerRequestFilter.java:119)
?[0m?[0;34m	at jdk.internal.reflect.GeneratedMethodAccessor54.invoke(Unknown Source)
?[0m?[0;34m	at java.base/jdk.internal.reflect.DelegatingMethodAccessorImpl.invoke(DelegatingMethodAccessorImpl.java:43)
?[0m?[0;34m	at java.base/java.lang.reflect.Method.invoke(Method.java:568)
?[0m?[0;34m	at org.apache.catalina.security.SecurityUtil.lambda$execute$0(SecurityUtil.java:280)
?[0m?[0;34m	at java.base/java.security.AccessController.doPrivileged(AccessController.java:712)
?[0m?[0;34m	at java.base/javax.security.auth.Subject.doAsPrivileged(Subject.java:584)
?[0m?[0;34m	at org.apache.catalina.security.SecurityUtil.execute(SecurityUtil.java:311)
?[0m?[0;34m	at org.apache.catalina.security.SecurityUtil.doAsPrivilege(SecurityUtil.java:253)
?[0m?[0;34m	at org.apache.catalina.core.ApplicationFilterChain.internalDoFilter(ApplicationFilterChain.java:187)
?[0m?[0;34m	at org.apache.catalina.core.ApplicationFilterChain.lambda$doFilter$0(ApplicationFilterChain.java:145)
?[0m?[0;34m	at java.base/java.security.AccessController.doPrivileged(AccessController.java:569)
?[0m?[0;34m	at org.apache.catalina.core.ApplicationFilterChain.doFilter(ApplicationFilterChain.java:143)
?[0m?[0;34m	at org.springframework.web.filter.FormContentFilter.doFilterInternal(FormContentFilter.java:93)
?[0m?[0;34m	at org.springframework.web.filter.OncePerRequestFilter.doFilter(OncePerRequestFilter.java:119)
?[0m?[0;34m	at jdk.internal.reflect.GeneratedMethodAccessor54.invoke(Unknown Source)
?[0m?[0;34m	at java.base/jdk.internal.reflect.DelegatingMethodAccessorImpl.invoke(DelegatingMethodAccessorImpl.java:43)
?[0m?[0;34m	at java.base/java.lang.reflect.Method.invoke(Method.java:568)
?[0m?[0;34m	at org.apache.catalina.security.SecurityUtil.lambda$execute$0(SecurityUtil.java:280)
?[0m?[0;34m	at java.base/java.security.AccessController.doPrivileged(AccessController.java:712)
?[0m?[0;34m	at java.base/javax.security.auth.Subject.doAsPrivileged(Subject.java:584)
?[0m?[0;34m	at org.apache.catalina.security.SecurityUtil.execute(SecurityUtil.java:311)
?[0m?[0;34m	at org.apache.catalina.security.SecurityUtil.doAsPrivilege(SecurityUtil.java:253)
?[0m?[0;34m	at org.apache.catalina.core.ApplicationFilterChain.internalDoFilter(ApplicationFilterChain.java:187)
?[0m?[0;34m	at org.apache.catalina.core.ApplicationFilterChain.lambda$doFilter$0(ApplicationFilterChain.java:145)
?[0m?[0;34m	at java.base/java.security.AccessController.doPrivileged(AccessController.java:569)
?[0m?[0;34m	at org.apache.catalina.core.ApplicationFilterChain.doFilter(ApplicationFilterChain.java:143)
?[0m?[0;34m	at org.springframework.boot.actuate.metrics.web.servlet.WebMvcMetricsFilter.doFilterInternal(WebMvcMetricsFilter.java:96)
?[0m?[0;34m	at org.springframework.web.filter.OncePerRequestFilter.doFilter(OncePerRequestFilter.java:119)
?[0m?[0;34m	at jdk.internal.reflect.GeneratedMethodAccessor54.invoke(Unknown Source)
?[0m?[0;34m	at java.base/jdk.internal.reflect.DelegatingMethodAccessorImpl.invoke(DelegatingMethodAccessorImpl.java:43)
?[0m?[0;34m	at java.base/java.lang.reflect.Method.invoke(Method.java:568)
?[0m?[0;34m	at org.apache.catalina.security.SecurityUtil.lambda$execute$0(SecurityUtil.java:280)
?[0m?[0;34m	at java.base/java.security.AccessController.doPrivileged(AccessController.java:712)
?[0m?[0;34m	at java.base/javax.security.auth.Subject.doAsPrivileged(Subject.java:584)
?[0m?[0;34m	at org.apache.catalina.security.SecurityUtil.execute(SecurityUtil.java:311)
?[0m?[0;34m	at org.apache.catalina.security.SecurityUtil.doAsPrivilege(SecurityUtil.java:253)
?[0m?[0;34m	at org.apache.catalina.core.ApplicationFilterChain.internalDoFilter(ApplicationFilterChain.java:187)
?[0m?[0;34m	at org.apache.catalina.core.ApplicationFilterChain.lambda$doFilter$0(ApplicationFilterChain.java:145)
?[0m?[0;34m	at java.base/java.security.AccessController.doPrivileged(AccessController.java:569)
?[0m?[0;34m	at org.apache.catalina.core.ApplicationFilterChain.doFilter(ApplicationFilterChain.java:143)
?[0m?[0;34m	at org.springframework.web.filter.CharacterEncodingFilter.doFilterInternal(CharacterEncodingFilter.java:201)
?[0m?[0;34m	at org.springframework.web.filter.OncePerRequestFilter.doFilter(OncePerRequestFilter.java:119)
?[0m?[0;34m	at jdk.internal.reflect.GeneratedMethodAccessor54.invoke(Unknown Source)
?[0m?[0;34m	at java.base/jdk.internal.reflect.DelegatingMethodAccessorImpl.invoke(DelegatingMethodAccessorImpl.java:43)
?[0m?[0;34m	at java.base/java.lang.reflect.Method.invoke(Method.java:568)
?[0m?[0;34m	at org.apache.catalina.security.SecurityUtil.lambda$execute$0(SecurityUtil.java:280)
?[0m?[0;34m	at java.base/java.security.AccessController.doPrivileged(AccessController.java:712)
?[0m?[0;34m	at java.base/javax.security.auth.Subject.doAsPrivileged(Subject.java:584)
?[0m?[0;34m	at org.apache.catalina.security.SecurityUtil.execute(SecurityUtil.java:311)
?[0m?[0;34m	at org.apache.catalina.security.SecurityUtil.doAsPrivilege(SecurityUtil.java:253)
?[0m?[0;34m	at org.apache.catalina.core.ApplicationFilterChain.internalDoFilter(ApplicationFilterChain.java:187)
?[0m?[0;34m	at org.apache.catalina.core.ApplicationFilterChain.lambda$doFilter$0(ApplicationFilterChain.java:145)
?[0m?[0;34m	at java.base/java.security.AccessController.doPrivileged(AccessController.java:569)
?[0m?[0;34m	at org.apache.catalina.core.ApplicationFilterChain.doFilter(ApplicationFilterChain.java:143)
?[0m?[0;34m	at org.apache.catalina.core.StandardWrapperValve.invoke(StandardWrapperValve.java:197)
?[0m?[0;34m	at org.apache.catalina.core.StandardContextValve.invoke(StandardContextValve.java:97)
?[0m?[0;34m	at org.apache.catalina.authenticator.AuthenticatorBase.invoke(AuthenticatorBase.java:540)
?[0m?[0;34m	at org.apache.catalina.core.StandardHostValve.invoke(StandardHostValve.java:135)
?[0m?[0;34m	at org.apache.catalina.valves.ErrorReportValve.invoke(ErrorReportValve.java:92)
?[0m?[0;34m	at org.apache.catalina.core.StandardEngineValve.invoke(StandardEngineValve.java:78)
?[0m?[0;34m	at org.apache.catalina.connector.CoyoteAdapter.service(CoyoteAdapter.java:357)
?[0m?[0;34m	at org.apache.coyote.http11.Http11Processor.service(Http11Processor.java:382)
?[0m?[0;34m	at org.apache.coyote.AbstractProcessorLight.process(AbstractProcessorLight.java:65)
?[0m?[0;34m	at org.apache.coyote.AbstractProtocol$ConnectionHandler.process(AbstractProtocol.java:895)
?[0m?[0;34m	at org.apache.tomcat.util.net.NioEndpoint$SocketProcessor.doRun(NioEndpoint.java:1722)
?[0m?[0;34m	at org.apache.tomcat.util.net.SocketProcessorBase.run(SocketProcessorBase.java:49)
?[0m?[0;34m	at org.apache.tomcat.util.threads.ThreadPoolExecutor.runWorker(ThreadPoolExecutor.java:1191)
?[0m?[0;34m	at org.apache.tomcat.util.threads.ThreadPoolExecutor$Worker.run(ThreadPoolExecutor.java:659)
?[0m?[0;34m	at org.apache.tomcat.util.threads.TaskThread$WrappingRunnable.run(TaskThread.java:61)
?[0m?[0;34m	at java.base/java.lang.Thread.run(Thread.java:842)
?[0m?[0;34m12:59 DEBUG o.s.s.w.a.DelegatingAuthenticationEntryPoint - Trying to match using RequestHeaderRequestMatcher [expectedHeaderName=X-Requested-With, expectedHeaderValue=XMLHttpRequest]
?[0m?[0;34m12:59 DEBUG o.s.s.w.a.DelegatingAuthenticationEntryPoint - No match found. Using default entry point org.springframework.security.web.authentication.www.BasicAuthenticationEntryPoint@16df38bb
?[0m?[0;34m12:59 DEBUG o.s.s.w.c.HttpSessionSecurityContextRepository - Did not store empty SecurityContext
?[0m?[0;34m12:59 DEBUG o.s.s.w.c.HttpSessionSecurityContextRepository - Did not store empty SecurityContext
?[0m?[0;34m12:59 DEBUG o.s.s.w.c.SecurityContextPersistenceFilter - Cleared SecurityContextHolder to complete request
?[0m?[0;34m12:59 DEBUG o.s.security.web.FilterChainProxy - Securing POST /error
?[0m?[0;34m12:59 DEBUG o.s.s.w.c.SecurityContextPersistenceFilter - Set SecurityContextHolder to empty SecurityContext
?[0m?[0;34m12:59 DEBUG o.s.s.w.a.AnonymousAuthenticationFilter - Set SecurityContextHolder to anonymous SecurityContext
?[0m?[0;34m12:59 DEBUG o.s.security.web.FilterChainProxy - Secured POST /error
?[0m?[0;34m12:59 DEBUG o.s.s.w.c.HttpSessionSecurityContextRepository - Did not store anonymous SecurityContext
?[0m?[0;34m12:59 DEBUG o.s.s.w.c.HttpSessionSecurityContextRepository - Did not store anonymous SecurityContext
?[0m?[0;34m12:59 DEBUG o.s.s.w.c.SecurityContextPersistenceFilter - Cleared SecurityContextHolder to complete request
?[1;31m
Start test 28?[0m
?[0m?[0;34m12:59 DEBUG o.s.security.web.FilterChainProxy - Securing POST /api/quizzes/1/solve
?[0m?[0;34m12:59 DEBUG o.s.s.w.c.SecurityContextPersistenceFilter - Set SecurityContextHolder to empty SecurityContext
?[0m?[0;34m
?[0m?[0;34mTHE loadUserByUsername is called with the argument: qwerty@google.com
?[0m?[0;34m
?[0m?[0;34m12:59 DEBUG o.s.s.a.d.DaoAuthenticationProvider - Failed to find user 'qwerty@google.com'
?[0m?[0;34m12:59 DEBUG o.s.s.w.a.w.BasicAuthenticationFilter - Failed to process authentication request
?[0m?[0;34morg.springframework.security.authentication.BadCredentialsException: Bad credentials
?[0m?[0;34m	at org.springframework.security.authentication.dao.AbstractUserDetailsAuthenticationProvider.authenticate(AbstractUserDetailsAuthenticationProvider.java:141)
?[0m?[0;34m	at org.springframework.security.authentication.ProviderManager.authenticate(ProviderManager.java:182)
?[0m?[0;34m	at org.springframework.security.authentication.ProviderManager.authenticate(ProviderManager.java:201)
?[0m?[0;34m	at org.springframework.security.web.authentication.www.BasicAuthenticationFilter.doFilterInternal(BasicAuthenticationFilter.java:155)
?[0m?[0;34m	at org.springframework.web.filter.OncePerRequestFilter.doFilter(OncePerRequestFilter.java:119)
?[0m?[0;34m	at org.springframework.security.web.FilterChainProxy$VirtualFilterChain.doFilter(FilterChainProxy.java:336)
?[0m?[0;34m	at org.springframework.security.web.authentication.logout.LogoutFilter.doFilter(LogoutFilter.java:103)
?[0m?[0;34m	at org.springframework.security.web.authentication.logout.LogoutFilter.doFilter(LogoutFilter.java:89)
?[0m?[0;34m	at org.springframework.security.web.FilterChainProxy$VirtualFilterChain.doFilter(FilterChainProxy.java:336)
?[0m?[0;34m	at org.springframework.security.web.header.HeaderWriterFilter.doHeadersAfter(HeaderWriterFilter.java:90)
?[0m?[0;34m	at org.springframework.security.web.header.HeaderWriterFilter.doFilterInternal(HeaderWriterFilter.java:75)
?[0m?[0;34m	at org.springframework.web.filter.OncePerRequestFilter.doFilter(OncePerRequestFilter.java:119)
?[0m?[0;34m	at org.springframework.security.web.FilterChainProxy$VirtualFilterChain.doFilter(FilterChainProxy.java:336)
?[0m?[0;34m	at org.springframework.security.web.context.SecurityContextPersistenceFilter.doFilter(SecurityContextPersistenceFilter.java:110)
?[0m?[0;34m	at org.springframework.security.web.context.SecurityContextPersistenceFilter.doFilter(SecurityContextPersistenceFilter.java:80)
?[0m?[0;34m	at org.springframework.security.web.FilterChainProxy$VirtualFilterChain.doFilter(FilterChainProxy.java:336)
?[0m?[0;34m	at org.springframework.security.web.context.request.async.WebAsyncManagerIntegrationFilter.doFilterInternal(WebAsyncManagerIntegrationFilter.java:55)
?[0m?[0;34m	at org.springframework.web.filter.OncePerRequestFilter.doFilter(OncePerRequestFilter.java:119)
?[0m?[0;34m	at org.springframework.security.web.FilterChainProxy$VirtualFilterChain.doFilter(FilterChainProxy.java:336)
?[0m?[0;34m	at org.springframework.security.web.FilterChainProxy.doFilterInternal(FilterChainProxy.java:211)
?[0m?[0;34m	at org.springframework.security.web.FilterChainProxy.doFilter(FilterChainProxy.java:183)
?[0m?[0;34m	at org.springframework.web.filter.DelegatingFilterProxy.invokeDelegate(DelegatingFilterProxy.java:358)
?[0m?[0;34m	at org.springframework.web.filter.DelegatingFilterProxy.doFilter(DelegatingFilterProxy.java:271)
?[0m?[0;34m	at jdk.internal.reflect.GeneratedMethodAccessor54.invoke(Unknown Source)
?[0m?[0;34m	at java.base/jdk.internal.reflect.DelegatingMethodAccessorImpl.invoke(DelegatingMethodAccessorImpl.java:43)
?[0m?[0;34m	at java.base/java.lang.reflect.Method.invoke(Method.java:568)
?[0m?[0;34m	at org.apache.catalina.security.SecurityUtil.lambda$execute$0(SecurityUtil.java:280)
?[0m?[0;34m	at java.base/java.security.AccessController.doPrivileged(AccessController.java:712)
?[0m?[0;34m	at java.base/javax.security.auth.Subject.doAsPrivileged(Subject.java:584)
?[0m?[0;34m	at org.apache.catalina.security.SecurityUtil.execute(SecurityUtil.java:311)
?[0m?[0;34m	at org.apache.catalina.security.SecurityUtil.doAsPrivilege(SecurityUtil.java:253)
?[0m?[0;34m	at org.apache.catalina.core.ApplicationFilterChain.internalDoFilter(ApplicationFilterChain.java:187)
?[0m?[0;34m	at org.apache.catalina.core.ApplicationFilterChain.lambda$doFilter$0(ApplicationFilterChain.java:145)
?[0m?[0;34m	at java.base/java.security.AccessController.doPrivileged(AccessController.java:569)
?[0m?[0;34m	at org.apache.catalina.core.ApplicationFilterChain.doFilter(ApplicationFilterChain.java:143)
?[0m?[0;34m	at org.springframework.web.filter.RequestContextFilter.doFilterInternal(RequestContextFilter.java:100)
?[0m?[0;34m	at org.springframework.web.filter.OncePerRequestFilter.doFilter(OncePerRequestFilter.java:119)
?[0m?[0;34m	at jdk.internal.reflect.GeneratedMethodAccessor54.invoke(Unknown Source)
?[0m?[0;34m	at java.base/jdk.internal.reflect.DelegatingMethodAccessorImpl.invoke(DelegatingMethodAccessorImpl.java:43)
?[0m?[0;34m	at java.base/java.lang.reflect.Method.invoke(Method.java:568)
?[0m?[0;34m	at org.apache.catalina.security.SecurityUtil.lambda$execute$0(SecurityUtil.java:280)
?[0m?[0;34m	at java.base/java.security.AccessController.doPrivileged(AccessController.java:712)
?[0m?[0;34m	at java.base/javax.security.auth.Subject.doAsPrivileged(Subject.java:584)
?[0m?[0;34m	at org.apache.catalina.security.SecurityUtil.execute(SecurityUtil.java:311)
?[0m?[0;34m	at org.apache.catalina.security.SecurityUtil.doAsPrivilege(SecurityUtil.java:253)
?[0m?[0;34m	at org.apache.catalina.core.ApplicationFilterChain.internalDoFilter(ApplicationFilterChain.java:187)
?[0m?[0;34m	at org.apache.catalina.core.ApplicationFilterChain.lambda$doFilter$0(ApplicationFilterChain.java:145)
?[0m?[0;34m	at java.base/java.security.AccessController.doPrivileged(AccessController.java:569)
?[0m?[0;34m	at org.apache.catalina.core.ApplicationFilterChain.doFilter(ApplicationFilterChain.java:143)
?[0m?[0;34m	at org.springframework.web.filter.FormContentFilter.doFilterInternal(FormContentFilter.java:93)
?[0m?[0;34m	at org.springframework.web.filter.OncePerRequestFilter.doFilter(OncePerRequestFilter.java:119)
?[0m?[0;34m	at jdk.internal.reflect.GeneratedMethodAccessor54.invoke(Unknown Source)
?[0m?[0;34m	at java.base/jdk.internal.reflect.DelegatingMethodAccessorImpl.invoke(DelegatingMethodAccessorImpl.java:43)
?[0m?[0;34m	at java.base/java.lang.reflect.Method.invoke(Method.java:568)
?[0m?[0;34m	at org.apache.catalina.security.SecurityUtil.lambda$execute$0(SecurityUtil.java:280)
?[0m?[0;34m	at java.base/java.security.AccessController.doPrivileged(AccessController.java:712)
?[0m?[0;34m	at java.base/javax.security.auth.Subject.doAsPrivileged(Subject.java:584)
?[0m?[0;34m	at org.apache.catalina.security.SecurityUtil.execute(SecurityUtil.java:311)
?[0m?[0;34m	at org.apache.catalina.security.SecurityUtil.doAsPrivilege(SecurityUtil.java:253)
?[0m?[0;34m	at org.apache.catalina.core.ApplicationFilterChain.internalDoFilter(ApplicationFilterChain.java:187)
?[0m?[0;34m	at org.apache.catalina.core.ApplicationFilterChain.lambda$doFilter$0(ApplicationFilterChain.java:145)
?[0m?[0;34m	at java.base/java.security.AccessController.doPrivileged(AccessController.java:569)
?[0m?[0;34m	at org.apache.catalina.core.ApplicationFilterChain.doFilter(ApplicationFilterChain.java:143)
?[0m?[0;34m	at org.springframework.boot.actuate.metrics.web.servlet.WebMvcMetricsFilter.doFilterInternal(WebMvcMetricsFilter.java:96)
?[0m?[0;34m	at org.springframework.web.filter.OncePerRequestFilter.doFilter(OncePerRequestFilter.java:119)
?[0m?[0;34m	at jdk.internal.reflect.GeneratedMethodAccessor54.invoke(Unknown Source)
?[0m?[0;34m	at java.base/jdk.internal.reflect.DelegatingMethodAccessorImpl.invoke(DelegatingMethodAccessorImpl.java:43)
?[0m?[0;34m	at java.base/java.lang.reflect.Method.invoke(Method.java:568)
?[0m?[0;34m	at org.apache.catalina.security.SecurityUtil.lambda$execute$0(SecurityUtil.java:280)
?[0m?[0;34m	at java.base/java.security.AccessController.doPrivileged(AccessController.java:712)
?[0m?[0;34m	at java.base/javax.security.auth.Subject.doAsPrivileged(Subject.java:584)
?[0m?[0;34m	at org.apache.catalina.security.SecurityUtil.execute(SecurityUtil.java:311)
?[0m?[0;34m	at org.apache.catalina.security.SecurityUtil.doAsPrivilege(SecurityUtil.java:253)
?[0m?[0;34m	at org.apache.catalina.core.ApplicationFilterChain.internalDoFilter(ApplicationFilterChain.java:187)
?[0m?[0;34m	at org.apache.catalina.core.ApplicationFilterChain.lambda$doFilter$0(ApplicationFilterChain.java:145)
?[0m?[0;34m	at java.base/java.security.AccessController.doPrivileged(AccessController.java:569)
?[0m?[0;34m	at org.apache.catalina.core.ApplicationFilterChain.doFilter(ApplicationFilterChain.java:143)
?[0m?[0;34m	at org.springframework.web.filter.CharacterEncodingFilter.doFilterInternal(CharacterEncodingFilter.java:201)
?[0m?[0;34m	at org.springframework.web.filter.OncePerRequestFilter.doFilter(OncePerRequestFilter.java:119)
?[0m?[0;34m	at jdk.internal.reflect.GeneratedMethodAccessor54.invoke(Unknown Source)
?[0m?[0;34m	at java.base/jdk.internal.reflect.DelegatingMethodAccessorImpl.invoke(DelegatingMethodAccessorImpl.java:43)
?[0m?[0;34m	at java.base/java.lang.reflect.Method.invoke(Method.java:568)
?[0m?[0;34m	at org.apache.catalina.security.SecurityUtil.lambda$execute$0(SecurityUtil.java:280)
?[0m?[0;34m	at java.base/java.security.AccessController.doPrivileged(AccessController.java:712)
?[0m?[0;34m	at java.base/javax.security.auth.Subject.doAsPrivileged(Subject.java:584)
?[0m?[0;34m	at org.apache.catalina.security.SecurityUtil.execute(SecurityUtil.java:311)
?[0m?[0;34m	at org.apache.catalina.security.SecurityUtil.doAsPrivilege(SecurityUtil.java:253)
?[0m?[0;34m	at org.apache.catalina.core.ApplicationFilterChain.internalDoFilter(ApplicationFilterChain.java:187)
?[0m?[0;34m	at org.apache.catalina.core.ApplicationFilterChain.lambda$doFilter$0(ApplicationFilterChain.java:145)
?[0m?[0;34m	at java.base/java.security.AccessController.doPrivileged(AccessController.java:569)
?[0m?[0;34m	at org.apache.catalina.core.ApplicationFilterChain.doFilter(ApplicationFilterChain.java:143)
?[0m?[0;34m	at org.apache.catalina.core.StandardWrapperValve.invoke(StandardWrapperValve.java:197)
?[0m?[0;34m	at org.apache.catalina.core.StandardContextValve.invoke(StandardContextValve.java:97)
?[0m?[0;34m	at org.apache.catalina.authenticator.AuthenticatorBase.invoke(AuthenticatorBase.java:540)
?[0m?[0;34m	at org.apache.catalina.core.StandardHostValve.invoke(StandardHostValve.java:135)
?[0m?[0;34m	at org.apache.catalina.valves.ErrorReportValve.invoke(ErrorReportValve.java:92)
?[0m?[0;34m	at org.apache.catalina.core.StandardEngineValve.invoke(StandardEngineValve.java:78)
?[0m?[0;34m	at org.apache.catalina.connector.CoyoteAdapter.service(CoyoteAdapter.java:357)
?[0m?[0;34m	at org.apache.coyote.http11.Http11Processor.service(Http11Processor.java:382)
?[0m?[0;34m	at org.apache.coyote.AbstractProcessorLight.process(AbstractProcessorLight.java:65)
?[0m?[0;34m	at org.apache.coyote.AbstractProtocol$ConnectionHandler.process(AbstractProtocol.java:895)
?[0m?[0;34m	at org.apache.tomcat.util.net.NioEndpoint$SocketProcessor.doRun(NioEndpoint.java:1722)
?[0m?[0;34m	at org.apache.tomcat.util.net.SocketProcessorBase.run(SocketProcessorBase.java:49)
?[0m?[0;34m	at org.apache.tomcat.util.threads.ThreadPoolExecutor.runWorker(ThreadPoolExecutor.java:1191)
?[0m?[0;34m	at org.apache.tomcat.util.threads.ThreadPoolExecutor$Worker.run(ThreadPoolExecutor.java:659)
?[0m?[0;34m	at org.apache.tomcat.util.threads.TaskThread$WrappingRunnable.run(TaskThread.java:61)
?[0m?[0;34m	at java.base/java.lang.Thread.run(Thread.java:842)
?[0m?[0;34m12:59 DEBUG o.s.s.w.a.DelegatingAuthenticationEntryPoint - Trying to match using RequestHeaderRequestMatcher [expectedHeaderName=X-Requested-With, expectedHeaderValue=XMLHttpRequest]
?[0m?[0;34m12:59 DEBUG o.s.s.w.a.DelegatingAuthenticationEntryPoint - No match found. Using default entry point org.springframework.security.web.authentication.www.BasicAuthenticationEntryPoint@16df38bb
?[0m?[0;34m12:59 DEBUG o.s.s.w.c.HttpSessionSecurityContextRepository - Did not store empty SecurityContext
?[0m?[0;34m12:59 DEBUG o.s.s.w.c.HttpSessionSecurityContextRepository - Did not store empty SecurityContext
?[0m?[0;34m12:59 DEBUG o.s.s.w.c.SecurityContextPersistenceFilter - Cleared SecurityContextHolder to complete request
?[0m?[0;34m12:59 DEBUG o.s.security.web.FilterChainProxy - Securing POST /error
?[0m?[0;34m12:59 DEBUG o.s.s.w.c.SecurityContextPersistenceFilter - Set SecurityContextHolder to empty SecurityContext
?[0m?[0;34m12:59 DEBUG o.s.s.w.a.AnonymousAuthenticationFilter - Set SecurityContextHolder to anonymous SecurityContext
?[0m?[0;34m12:59 DEBUG o.s.security.web.FilterChainProxy - Secured POST /error
?[0m?[0;34m12:59 DEBUG o.s.s.w.c.HttpSessionSecurityContextRepository - Did not store anonymous SecurityContext
?[0m?[0;34m12:59 DEBUG o.s.s.w.c.HttpSessionSecurityContextRepository - Did not store anonymous SecurityContext
?[0m?[0;34m12:59 DEBUG o.s.s.w.c.SecurityContextPersistenceFilter - Cleared SecurityContextHolder to complete request
?[1;31m
Start test 29?[0m
?[0m?[0;34m12:59 DEBUG o.s.security.web.FilterChainProxy - Securing POST /api/quizzes/2/solve
?[0m?[0;34m12:59 DEBUG o.s.s.w.c.SecurityContextPersistenceFilter - Set SecurityContextHolder to empty SecurityContext
?[0m?[0;34m
?[0m?[0;34mTHE loadUserByUsername is called with the argument: qwerty@google.com
?[0m?[0;34m
?[0m?[0;34m12:59 DEBUG o.s.s.a.d.DaoAuthenticationProvider - Failed to find user 'qwerty@google.com'
?[0m?[0;34m12:59 DEBUG o.s.s.w.a.w.BasicAuthenticationFilter - Failed to process authentication request
?[0m?[0;34morg.springframework.security.authentication.BadCredentialsException: Bad credentials
?[0m?[0;34m	at org.springframework.security.authentication.dao.AbstractUserDetailsAuthenticationProvider.authenticate(AbstractUserDetailsAuthenticationProvider.java:141)
?[0m?[0;34m	at org.springframework.security.authentication.ProviderManager.authenticate(ProviderManager.java:182)
?[0m?[0;34m	at org.springframework.security.authentication.ProviderManager.authenticate(ProviderManager.java:201)
?[0m?[0;34m	at org.springframework.security.web.authentication.www.BasicAuthenticationFilter.doFilterInternal(BasicAuthenticationFilter.java:155)
?[0m?[0;34m	at org.springframework.web.filter.OncePerRequestFilter.doFilter(OncePerRequestFilter.java:119)
?[0m?[0;34m	at org.springframework.security.web.FilterChainProxy$VirtualFilterChain.doFilter(FilterChainProxy.java:336)
?[0m?[0;34m	at org.springframework.security.web.authentication.logout.LogoutFilter.doFilter(LogoutFilter.java:103)
?[0m?[0;34m	at org.springframework.security.web.authentication.logout.LogoutFilter.doFilter(LogoutFilter.java:89)
?[0m?[0;34m	at org.springframework.security.web.FilterChainProxy$VirtualFilterChain.doFilter(FilterChainProxy.java:336)
?[0m?[0;34m	at org.springframework.security.web.header.HeaderWriterFilter.doHeadersAfter(HeaderWriterFilter.java:90)
?[0m?[0;34m	at org.springframework.security.web.header.HeaderWriterFilter.doFilterInternal(HeaderWriterFilter.java:75)
?[0m?[0;34m	at org.springframework.web.filter.OncePerRequestFilter.doFilter(OncePerRequestFilter.java:119)
?[0m?[0;34m	at org.springframework.security.web.FilterChainProxy$VirtualFilterChain.doFilter(FilterChainProxy.java:336)
?[0m?[0;34m	at org.springframework.security.web.context.SecurityContextPersistenceFilter.doFilter(SecurityContextPersistenceFilter.java:110)
?[0m?[0;34m	at org.springframework.security.web.context.SecurityContextPersistenceFilter.doFilter(SecurityContextPersistenceFilter.java:80)
?[0m?[0;34m	at org.springframework.security.web.FilterChainProxy$VirtualFilterChain.doFilter(FilterChainProxy.java:336)
?[0m?[0;34m	at org.springframework.security.web.context.request.async.WebAsyncManagerIntegrationFilter.doFilterInternal(WebAsyncManagerIntegrationFilter.java:55)
?[0m?[0;34m	at org.springframework.web.filter.OncePerRequestFilter.doFilter(OncePerRequestFilter.java:119)
?[0m?[0;34m	at org.springframework.security.web.FilterChainProxy$VirtualFilterChain.doFilter(FilterChainProxy.java:336)
?[0m?[0;34m	at org.springframework.security.web.FilterChainProxy.doFilterInternal(FilterChainProxy.java:211)
?[0m?[0;34m	at org.springframework.security.web.FilterChainProxy.doFilter(FilterChainProxy.java:183)
?[0m?[0;34m	at org.springframework.web.filter.DelegatingFilterProxy.invokeDelegate(DelegatingFilterProxy.java:358)
?[0m?[0;34m	at org.springframework.web.filter.DelegatingFilterProxy.doFilter(DelegatingFilterProxy.java:271)
?[0m?[0;34m	at jdk.internal.reflect.GeneratedMethodAccessor54.invoke(Unknown Source)
?[0m?[0;34m	at java.base/jdk.internal.reflect.DelegatingMethodAccessorImpl.invoke(DelegatingMethodAccessorImpl.java:43)
?[0m?[0;34m	at java.base/java.lang.reflect.Method.invoke(Method.java:568)
?[0m?[0;34m	at org.apache.catalina.security.SecurityUtil.lambda$execute$0(SecurityUtil.java:280)
?[0m?[0;34m	at java.base/java.security.AccessController.doPrivileged(AccessController.java:712)
?[0m?[0;34m	at java.base/javax.security.auth.Subject.doAsPrivileged(Subject.java:584)
?[0m?[0;34m	at org.apache.catalina.security.SecurityUtil.execute(SecurityUtil.java:311)
?[0m?[0;34m	at org.apache.catalina.security.SecurityUtil.doAsPrivilege(SecurityUtil.java:253)
?[0m?[0;34m	at org.apache.catalina.core.ApplicationFilterChain.internalDoFilter(ApplicationFilterChain.java:187)
?[0m?[0;34m	at org.apache.catalina.core.ApplicationFilterChain.lambda$doFilter$0(ApplicationFilterChain.java:145)
?[0m?[0;34m	at java.base/java.security.AccessController.doPrivileged(AccessController.java:569)
?[0m?[0;34m	at org.apache.catalina.core.ApplicationFilterChain.doFilter(ApplicationFilterChain.java:143)
?[0m?[0;34m	at org.springframework.web.filter.RequestContextFilter.doFilterInternal(RequestContextFilter.java:100)
?[0m?[0;34m	at org.springframework.web.filter.OncePerRequestFilter.doFilter(OncePerRequestFilter.java:119)
?[0m?[0;34m	at jdk.internal.reflect.GeneratedMethodAccessor54.invoke(Unknown Source)
?[0m?[0;34m	at java.base/jdk.internal.reflect.DelegatingMethodAccessorImpl.invoke(DelegatingMethodAccessorImpl.java:43)
?[0m?[0;34m	at java.base/java.lang.reflect.Method.invoke(Method.java:568)
?[0m?[0;34m	at org.apache.catalina.security.SecurityUtil.lambda$execute$0(SecurityUtil.java:280)
?[0m?[0;34m	at java.base/java.security.AccessController.doPrivileged(AccessController.java:712)
?[0m?[0;34m	at java.base/javax.security.auth.Subject.doAsPrivileged(Subject.java:584)
?[0m?[0;34m	at org.apache.catalina.security.SecurityUtil.execute(SecurityUtil.java:311)
?[0m?[0;34m	at org.apache.catalina.security.SecurityUtil.doAsPrivilege(SecurityUtil.java:253)
?[0m?[0;34m	at org.apache.catalina.core.ApplicationFilterChain.internalDoFilter(ApplicationFilterChain.java:187)
?[0m?[0;34m	at org.apache.catalina.core.ApplicationFilterChain.lambda$doFilter$0(ApplicationFilterChain.java:145)
?[0m?[0;34m	at java.base/java.security.AccessController.doPrivileged(AccessController.java:569)
?[0m?[0;34m	at org.apache.catalina.core.ApplicationFilterChain.doFilter(ApplicationFilterChain.java:143)
?[0m?[0;34m	at org.springframework.web.filter.FormContentFilter.doFilterInternal(FormContentFilter.java:93)
?[0m?[0;34m	at org.springframework.web.filter.OncePerRequestFilter.doFilter(OncePerRequestFilter.java:119)
?[0m?[0;34m	at jdk.internal.reflect.GeneratedMethodAccessor54.invoke(Unknown Source)
?[0m?[0;34m	at java.base/jdk.internal.reflect.DelegatingMethodAccessorImpl.invoke(DelegatingMethodAccessorImpl.java:43)
?[0m?[0;34m	at java.base/java.lang.reflect.Method.invoke(Method.java:568)
?[0m?[0;34m	at org.apache.catalina.security.SecurityUtil.lambda$execute$0(SecurityUtil.java:280)
?[0m?[0;34m	at java.base/java.security.AccessController.doPrivileged(AccessController.java:712)
?[0m?[0;34m	at java.base/javax.security.auth.Subject.doAsPrivileged(Subject.java:584)
?[0m?[0;34m	at org.apache.catalina.security.SecurityUtil.execute(SecurityUtil.java:311)
?[0m?[0;34m	at org.apache.catalina.security.SecurityUtil.doAsPrivilege(SecurityUtil.java:253)
?[0m?[0;34m	at org.apache.catalina.core.ApplicationFilterChain.internalDoFilter(ApplicationFilterChain.java:187)
?[0m?[0;34m	at org.apache.catalina.core.ApplicationFilterChain.lambda$doFilter$0(ApplicationFilterChain.java:145)
?[0m?[0;34m	at java.base/java.security.AccessController.doPrivileged(AccessController.java:569)
?[0m?[0;34m	at org.apache.catalina.core.ApplicationFilterChain.doFilter(ApplicationFilterChain.java:143)
?[0m?[0;34m	at org.springframework.boot.actuate.metrics.web.servlet.WebMvcMetricsFilter.doFilterInternal(WebMvcMetricsFilter.java:96)
?[0m?[0;34m	at org.springframework.web.filter.OncePerRequestFilter.doFilter(OncePerRequestFilter.java:119)
?[0m?[0;34m	at jdk.internal.reflect.GeneratedMethodAccessor54.invoke(Unknown Source)
?[0m?[0;34m	at java.base/jdk.internal.reflect.DelegatingMethodAccessorImpl.invoke(DelegatingMethodAccessorImpl.java:43)
?[0m?[0;34m	at java.base/java.lang.reflect.Method.invoke(Method.java:568)
?[0m?[0;34m	at org.apache.catalina.security.SecurityUtil.lambda$execute$0(SecurityUtil.java:280)
?[0m?[0;34m	at java.base/java.security.AccessController.doPrivileged(AccessController.java:712)
?[0m?[0;34m	at java.base/javax.security.auth.Subject.doAsPrivileged(Subject.java:584)
?[0m?[0;34m	at org.apache.catalina.security.SecurityUtil.execute(SecurityUtil.java:311)
?[0m?[0;34m	at org.apache.catalina.security.SecurityUtil.doAsPrivilege(SecurityUtil.java:253)
?[0m?[0;34m	at org.apache.catalina.core.ApplicationFilterChain.internalDoFilter(ApplicationFilterChain.java:187)
?[0m?[0;34m	at org.apache.catalina.core.ApplicationFilterChain.lambda$doFilter$0(ApplicationFilterChain.java:145)
?[0m?[0;34m	at java.base/java.security.AccessController.doPrivileged(AccessController.java:569)
?[0m?[0;34m	at org.apache.catalina.core.ApplicationFilterChain.doFilter(ApplicationFilterChain.java:143)
?[0m?[0;34m	at org.springframework.web.filter.CharacterEncodingFilter.doFilterInternal(CharacterEncodingFilter.java:201)
?[0m?[0;34m	at org.springframework.web.filter.OncePerRequestFilter.doFilter(OncePerRequestFilter.java:119)
?[0m?[0;34m	at jdk.internal.reflect.GeneratedMethodAccessor54.invoke(Unknown Source)
?[0m?[0;34m	at java.base/jdk.internal.reflect.DelegatingMethodAccessorImpl.invoke(DelegatingMethodAccessorImpl.java:43)
?[0m?[0;34m	at java.base/java.lang.reflect.Method.invoke(Method.java:568)
?[0m?[0;34m	at org.apache.catalina.security.SecurityUtil.lambda$execute$0(SecurityUtil.java:280)
?[0m?[0;34m	at java.base/java.security.AccessController.doPrivileged(AccessController.java:712)
?[0m?[0;34m	at java.base/javax.security.auth.Subject.doAsPrivileged(Subject.java:584)
?[0m?[0;34m	at org.apache.catalina.security.SecurityUtil.execute(SecurityUtil.java:311)
?[0m?[0;34m	at org.apache.catalina.security.SecurityUtil.doAsPrivilege(SecurityUtil.java:253)
?[0m?[0;34m	at org.apache.catalina.core.ApplicationFilterChain.internalDoFilter(ApplicationFilterChain.java:187)
?[0m?[0;34m	at org.apache.catalina.core.ApplicationFilterChain.lambda$doFilter$0(ApplicationFilterChain.java:145)
?[0m?[0;34m	at java.base/java.security.AccessController.doPrivileged(AccessController.java:569)
?[0m?[0;34m	at org.apache.catalina.core.ApplicationFilterChain.doFilter(ApplicationFilterChain.java:143)
?[0m?[0;34m	at org.apache.catalina.core.StandardWrapperValve.invoke(StandardWrapperValve.java:197)
?[0m?[0;34m	at org.apache.catalina.core.StandardContextValve.invoke(StandardContextValve.java:97)
?[0m?[0;34m	at org.apache.catalina.authenticator.AuthenticatorBase.invoke(AuthenticatorBase.java:540)
?[0m?[0;34m	at org.apache.catalina.core.StandardHostValve.invoke(StandardHostValve.java:135)
?[0m?[0;34m	at org.apache.catalina.valves.ErrorReportValve.invoke(ErrorReportValve.java:92)
?[0m?[0;34m	at org.apache.catalina.core.StandardEngineValve.invoke(StandardEngineValve.java:78)
?[0m?[0;34m	at org.apache.catalina.connector.CoyoteAdapter.service(CoyoteAdapter.java:357)
?[0m?[0;34m	at org.apache.coyote.http11.Http11Processor.service(Http11Processor.java:382)
?[0m?[0;34m	at org.apache.coyote.AbstractProcessorLight.process(AbstractProcessorLight.java:65)
?[0m?[0;34m	at org.apache.coyote.AbstractProtocol$ConnectionHandler.process(AbstractProtocol.java:895)
?[0m?[0;34m	at org.apache.tomcat.util.net.NioEndpoint$SocketProcessor.doRun(NioEndpoint.java:1722)
?[0m?[0;34m	at org.apache.tomcat.util.net.SocketProcessorBase.run(SocketProcessorBase.java:49)
?[0m?[0;34m	at org.apache.tomcat.util.threads.ThreadPoolExecutor.runWorker(ThreadPoolExecutor.java:1191)
?[0m?[0;34m	at org.apache.tomcat.util.threads.ThreadPoolExecutor$Worker.run(ThreadPoolExecutor.java:659)
?[0m?[0;34m	at org.apache.tomcat.util.threads.TaskThread$WrappingRunnable.run(TaskThread.java:61)
?[0m?[0;34m	at java.base/java.lang.Thread.run(Thread.java:842)
?[0m?[0;34m12:59 DEBUG o.s.s.w.a.DelegatingAuthenticationEntryPoint - Trying to match using RequestHeaderRequestMatcher [expectedHeaderName=X-Requested-With, expectedHeaderValue=XMLHttpRequest]
?[0m?[0;34m12:59 DEBUG o.s.s.w.a.DelegatingAuthenticationEntryPoint - No match found. Using default entry point org.springframework.security.web.authentication.www.BasicAuthenticationEntryPoint@16df38bb
?[0m?[0;34m12:59 DEBUG o.s.s.w.c.HttpSessionSecurityContextRepository - Did not store empty SecurityContext
?[0m?[0;34m12:59 DEBUG o.s.s.w.c.HttpSessionSecurityContextRepository - Did not store empty SecurityContext
?[0m?[0;34m12:59 DEBUG o.s.s.w.c.SecurityContextPersistenceFilter - Cleared SecurityContextHolder to complete request
?[0m?[0;34m12:59 DEBUG o.s.security.web.FilterChainProxy - Securing POST /error
?[0m?[0;34m12:59 DEBUG o.s.s.w.c.SecurityContextPersistenceFilter - Set SecurityContextHolder to empty SecurityContext
?[0m?[0;34m12:59 DEBUG o.s.s.w.a.AnonymousAuthenticationFilter - Set SecurityContextHolder to anonymous SecurityContext
?[0m?[0;34m12:59 DEBUG o.s.security.web.FilterChainProxy - Secured POST /error
?[0m?[0;34m12:59 DEBUG o.s.s.w.c.HttpSessionSecurityContextRepository - Did not store anonymous SecurityContext
?[0m?[0;34m12:59 DEBUG o.s.s.w.c.HttpSessionSecurityContextRepository - Did not store anonymous SecurityContext
?[0m?[0;34m12:59 DEBUG o.s.s.w.c.SecurityContextPersistenceFilter - Cleared SecurityContextHolder to complete request
?[1;31m
Start test 30?[0m
?[0m?[0;34m12:59 DEBUG o.s.security.web.FilterChainProxy - Securing DELETE /api/quizzes/1
?[0m?[0;34m12:59 DEBUG o.s.s.w.c.SecurityContextPersistenceFilter - Set SecurityContextHolder to empty SecurityContext
?[0m?[0;34m
?[0m?[0;34mTHE loadUserByUsername is called with the argument: qwerty@google.com
?[0m?[0;34m
?[0m?[0;34m12:59 DEBUG o.s.s.a.d.DaoAuthenticationProvider - Failed to find user 'qwerty@google.com'
?[0m?[0;34m12:59 DEBUG o.s.s.w.a.w.BasicAuthenticationFilter - Failed to process authentication request
?[0m?[0;34morg.springframework.security.authentication.BadCredentialsException: Bad credentials
?[0m?[0;34m	at org.springframework.security.authentication.dao.AbstractUserDetailsAuthenticationProvider.authenticate(AbstractUserDetailsAuthenticationProvider.java:141)
?[0m?[0;34m	at org.springframework.security.authentication.ProviderManager.authenticate(ProviderManager.java:182)
?[0m?[0;34m	at org.springframework.security.authentication.ProviderManager.authenticate(ProviderManager.java:201)
?[0m?[0;34m	at org.springframework.security.web.authentication.www.BasicAuthenticationFilter.doFilterInternal(BasicAuthenticationFilter.java:155)
?[0m?[0;34m	at org.springframework.web.filter.OncePerRequestFilter.doFilter(OncePerRequestFilter.java:119)
?[0m?[0;34m	at org.springframework.security.web.FilterChainProxy$VirtualFilterChain.doFilter(FilterChainProxy.java:336)
?[0m?[0;34m	at org.springframework.security.web.authentication.logout.LogoutFilter.doFilter(LogoutFilter.java:103)
?[0m?[0;34m	at org.springframework.security.web.authentication.logout.LogoutFilter.doFilter(LogoutFilter.java:89)
?[0m?[0;34m	at org.springframework.security.web.FilterChainProxy$VirtualFilterChain.doFilter(FilterChainProxy.java:336)
?[0m?[0;34m	at org.springframework.security.web.header.HeaderWriterFilter.doHeadersAfter(HeaderWriterFilter.java:90)
?[0m?[0;34m	at org.springframework.security.web.header.HeaderWriterFilter.doFilterInternal(HeaderWriterFilter.java:75)
?[0m?[0;34m	at org.springframework.web.filter.OncePerRequestFilter.doFilter(OncePerRequestFilter.java:119)
?[0m?[0;34m	at org.springframework.security.web.FilterChainProxy$VirtualFilterChain.doFilter(FilterChainProxy.java:336)
?[0m?[0;34m	at org.springframework.security.web.context.SecurityContextPersistenceFilter.doFilter(SecurityContextPersistenceFilter.java:110)
?[0m?[0;34m	at org.springframework.security.web.context.SecurityContextPersistenceFilter.doFilter(SecurityContextPersistenceFilter.java:80)
?[0m?[0;34m	at org.springframework.security.web.FilterChainProxy$VirtualFilterChain.doFilter(FilterChainProxy.java:336)
?[0m?[0;34m	at org.springframework.security.web.context.request.async.WebAsyncManagerIntegrationFilter.doFilterInternal(WebAsyncManagerIntegrationFilter.java:55)
?[0m?[0;34m	at org.springframework.web.filter.OncePerRequestFilter.doFilter(OncePerRequestFilter.java:119)
?[0m?[0;34m	at org.springframework.security.web.FilterChainProxy$VirtualFilterChain.doFilter(FilterChainProxy.java:336)
?[0m?[0;34m	at org.springframework.security.web.FilterChainProxy.doFilterInternal(FilterChainProxy.java:211)
?[0m?[0;34m	at org.springframework.security.web.FilterChainProxy.doFilter(FilterChainProxy.java:183)
?[0m?[0;34m	at org.springframework.web.filter.DelegatingFilterProxy.invokeDelegate(DelegatingFilterProxy.java:358)
?[0m?[0;34m	at org.springframework.web.filter.DelegatingFilterProxy.doFilter(DelegatingFilterProxy.java:271)
?[0m?[0;34m	at jdk.internal.reflect.GeneratedMethodAccessor54.invoke(Unknown Source)
?[0m?[0;34m	at java.base/jdk.internal.reflect.DelegatingMethodAccessorImpl.invoke(DelegatingMethodAccessorImpl.java:43)
?[0m?[0;34m	at java.base/java.lang.reflect.Method.invoke(Method.java:568)
?[0m?[0;34m	at org.apache.catalina.security.SecurityUtil.lambda$execute$0(SecurityUtil.java:280)
?[0m?[0;34m	at java.base/java.security.AccessController.doPrivileged(AccessController.java:712)
?[0m?[0;34m	at java.base/javax.security.auth.Subject.doAsPrivileged(Subject.java:584)
?[0m?[0;34m	at org.apache.catalina.security.SecurityUtil.execute(SecurityUtil.java:311)
?[0m?[0;34m	at org.apache.catalina.security.SecurityUtil.doAsPrivilege(SecurityUtil.java:253)
?[0m?[0;34m	at org.apache.catalina.core.ApplicationFilterChain.internalDoFilter(ApplicationFilterChain.java:187)
?[0m?[0;34m	at org.apache.catalina.core.ApplicationFilterChain.lambda$doFilter$0(ApplicationFilterChain.java:145)
?[0m?[0;34m	at java.base/java.security.AccessController.doPrivileged(AccessController.java:569)
?[0m?[0;34m	at org.apache.catalina.core.ApplicationFilterChain.doFilter(ApplicationFilterChain.java:143)
?[0m?[0;34m	at org.springframework.web.filter.RequestContextFilter.doFilterInternal(RequestContextFilter.java:100)
?[0m?[0;34m	at org.springframework.web.filter.OncePerRequestFilter.doFilter(OncePerRequestFilter.java:119)
?[0m?[0;34m	at jdk.internal.reflect.GeneratedMethodAccessor54.invoke(Unknown Source)
?[0m?[0;34m	at java.base/jdk.internal.reflect.DelegatingMethodAccessorImpl.invoke(DelegatingMethodAccessorImpl.java:43)
?[0m?[0;34m	at java.base/java.lang.reflect.Method.invoke(Method.java:568)
?[0m?[0;34m	at org.apache.catalina.security.SecurityUtil.lambda$execute$0(SecurityUtil.java:280)
?[0m?[0;34m	at java.base/java.security.AccessController.doPrivileged(AccessController.java:712)
?[0m?[0;34m	at java.base/javax.security.auth.Subject.doAsPrivileged(Subject.java:584)
?[0m?[0;34m	at org.apache.catalina.security.SecurityUtil.execute(SecurityUtil.java:311)
?[0m?[0;34m	at org.apache.catalina.security.SecurityUtil.doAsPrivilege(SecurityUtil.java:253)
?[0m?[0;34m	at org.apache.catalina.core.ApplicationFilterChain.internalDoFilter(ApplicationFilterChain.java:187)
?[0m?[0;34m	at org.apache.catalina.core.ApplicationFilterChain.lambda$doFilter$0(ApplicationFilterChain.java:145)
?[0m?[0;34m	at java.base/java.security.AccessController.doPrivileged(AccessController.java:569)
?[0m?[0;34m	at org.apache.catalina.core.ApplicationFilterChain.doFilter(ApplicationFilterChain.java:143)
?[0m?[0;34m	at org.springframework.web.filter.FormContentFilter.doFilterInternal(FormContentFilter.java:93)
?[0m?[0;34m	at org.springframework.web.filter.OncePerRequestFilter.doFilter(OncePerRequestFilter.java:119)
?[0m?[0;34m	at jdk.internal.reflect.GeneratedMethodAccessor54.invoke(Unknown Source)
?[0m?[0;34m	at java.base/jdk.internal.reflect.DelegatingMethodAccessorImpl.invoke(DelegatingMethodAccessorImpl.java:43)
?[0m?[0;34m	at java.base/java.lang.reflect.Method.invoke(Method.java:568)
?[0m?[0;34m	at org.apache.catalina.security.SecurityUtil.lambda$execute$0(SecurityUtil.java:280)
?[0m?[0;34m	at java.base/java.security.AccessController.doPrivileged(AccessController.java:712)
?[0m?[0;34m	at java.base/javax.security.auth.Subject.doAsPrivileged(Subject.java:584)
?[0m?[0;34m	at org.apache.catalina.security.SecurityUtil.execute(SecurityUtil.java:311)
?[0m?[0;34m	at org.apache.catalina.security.SecurityUtil.doAsPrivilege(SecurityUtil.java:253)
?[0m?[0;34m	at org.apache.catalina.core.ApplicationFilterChain.internalDoFilter(ApplicationFilterChain.java:187)
?[0m?[0;34m	at org.apache.catalina.core.ApplicationFilterChain.lambda$doFilter$0(ApplicationFilterChain.java:145)
?[0m?[0;34m	at java.base/java.security.AccessController.doPrivileged(AccessController.java:569)
?[0m?[0;34m	at org.apache.catalina.core.ApplicationFilterChain.doFilter(ApplicationFilterChain.java:143)
?[0m?[0;34m	at org.springframework.boot.actuate.metrics.web.servlet.WebMvcMetricsFilter.doFilterInternal(WebMvcMetricsFilter.java:96)
?[0m?[0;34m	at org.springframework.web.filter.OncePerRequestFilter.doFilter(OncePerRequestFilter.java:119)
?[0m?[0;34m	at jdk.internal.reflect.GeneratedMethodAccessor54.invoke(Unknown Source)
?[0m?[0;34m	at java.base/jdk.internal.reflect.DelegatingMethodAccessorImpl.invoke(DelegatingMethodAccessorImpl.java:43)
?[0m?[0;34m	at java.base/java.lang.reflect.Method.invoke(Method.java:568)
?[0m?[0;34m	at org.apache.catalina.security.SecurityUtil.lambda$execute$0(SecurityUtil.java:280)
?[0m?[0;34m	at java.base/java.security.AccessController.doPrivileged(AccessController.java:712)
?[0m?[0;34m	at java.base/javax.security.auth.Subject.doAsPrivileged(Subject.java:584)
?[0m?[0;34m	at org.apache.catalina.security.SecurityUtil.execute(SecurityUtil.java:311)
?[0m?[0;34m	at org.apache.catalina.security.SecurityUtil.doAsPrivilege(SecurityUtil.java:253)
?[0m?[0;34m	at org.apache.catalina.core.ApplicationFilterChain.internalDoFilter(ApplicationFilterChain.java:187)
?[0m?[0;34m	at org.apache.catalina.core.ApplicationFilterChain.lambda$doFilter$0(ApplicationFilterChain.java:145)
?[0m?[0;34m	at java.base/java.security.AccessController.doPrivileged(AccessController.java:569)
?[0m?[0;34m	at org.apache.catalina.core.ApplicationFilterChain.doFilter(ApplicationFilterChain.java:143)
?[0m?[0;34m	at org.springframework.web.filter.CharacterEncodingFilter.doFilterInternal(CharacterEncodingFilter.java:201)
?[0m?[0;34m	at org.springframework.web.filter.OncePerRequestFilter.doFilter(OncePerRequestFilter.java:119)
?[0m?[0;34m	at jdk.internal.reflect.GeneratedMethodAccessor54.invoke(Unknown Source)
?[0m?[0;34m	at java.base/jdk.internal.reflect.DelegatingMethodAccessorImpl.invoke(DelegatingMethodAccessorImpl.java:43)
?[0m?[0;34m	at java.base/java.lang.reflect.Method.invoke(Method.java:568)
?[0m?[0;34m	at org.apache.catalina.security.SecurityUtil.lambda$execute$0(SecurityUtil.java:280)
?[0m?[0;34m	at java.base/java.security.AccessController.doPrivileged(AccessController.java:712)
?[0m?[0;34m	at java.base/javax.security.auth.Subject.doAsPrivileged(Subject.java:584)
?[0m?[0;34m	at org.apache.catalina.security.SecurityUtil.execute(SecurityUtil.java:311)
?[0m?[0;34m	at org.apache.catalina.security.SecurityUtil.doAsPrivilege(SecurityUtil.java:253)
?[0m?[0;34m	at org.apache.catalina.core.ApplicationFilterChain.internalDoFilter(ApplicationFilterChain.java:187)
?[0m?[0;34m	at org.apache.catalina.core.ApplicationFilterChain.lambda$doFilter$0(ApplicationFilterChain.java:145)
?[0m?[0;34m	at java.base/java.security.AccessController.doPrivileged(AccessController.java:569)
?[0m?[0;34m	at org.apache.catalina.core.ApplicationFilterChain.doFilter(ApplicationFilterChain.java:143)
?[0m?[0;34m	at org.apache.catalina.core.StandardWrapperValve.invoke(StandardWrapperValve.java:197)
?[0m?[0;34m	at org.apache.catalina.core.StandardContextValve.invoke(StandardContextValve.java:97)
?[0m?[0;34m	at org.apache.catalina.authenticator.AuthenticatorBase.invoke(AuthenticatorBase.java:540)
?[0m?[0;34m	at org.apache.catalina.core.StandardHostValve.invoke(StandardHostValve.java:135)
?[0m?[0;34m	at org.apache.catalina.valves.ErrorReportValve.invoke(ErrorReportValve.java:92)
?[0m?[0;34m	at org.apache.catalina.core.StandardEngineValve.invoke(StandardEngineValve.java:78)
?[0m?[0;34m	at org.apache.catalina.connector.CoyoteAdapter.service(CoyoteAdapter.java:357)
?[0m?[0;34m	at org.apache.coyote.http11.Http11Processor.service(Http11Processor.java:382)
?[0m?[0;34m	at org.apache.coyote.AbstractProcessorLight.process(AbstractProcessorLight.java:65)
?[0m?[0;34m	at org.apache.coyote.AbstractProtocol$ConnectionHandler.process(AbstractProtocol.java:895)
?[0m?[0;34m	at org.apache.tomcat.util.net.NioEndpoint$SocketProcessor.doRun(NioEndpoint.java:1722)
?[0m?[0;34m	at org.apache.tomcat.util.net.SocketProcessorBase.run(SocketProcessorBase.java:49)
?[0m?[0;34m	at org.apache.tomcat.util.threads.ThreadPoolExecutor.runWorker(ThreadPoolExecutor.java:1191)
?[0m?[0;34m	at org.apache.tomcat.util.threads.ThreadPoolExecutor$Worker.run(ThreadPoolExecutor.java:659)
?[0m?[0;34m	at org.apache.tomcat.util.threads.TaskThread$WrappingRunnable.run(TaskThread.java:61)
?[0m?[0;34m	at java.base/java.lang.Thread.run(Thread.java:842)
?[0m?[0;34m12:59 DEBUG o.s.s.w.a.DelegatingAuthenticationEntryPoint - Trying to match using RequestHeaderRequestMatcher [expectedHeaderName=X-Requested-With, expectedHeaderValue=XMLHttpRequest]
?[0m?[0;34m12:59 DEBUG o.s.s.w.a.DelegatingAuthenticationEntryPoint - No match found. Using default entry point org.springframework.security.web.authentication.www.BasicAuthenticationEntryPoint@16df38bb
?[0m?[0;34m12:59 DEBUG o.s.s.w.c.HttpSessionSecurityContextRepository - Did not store empty SecurityContext
?[0m?[0;34m12:59 DEBUG o.s.s.w.c.HttpSessionSecurityContextRepository - Did not store empty SecurityContext
?[0m?[0;34m12:59 DEBUG o.s.s.w.c.SecurityContextPersistenceFilter - Cleared SecurityContextHolder to complete request
?[0m?[0;34m12:59 DEBUG o.s.security.web.FilterChainProxy - Securing DELETE /error
?[0m?[0;34m12:59 DEBUG o.s.s.w.c.SecurityContextPersistenceFilter - Set SecurityContextHolder to empty SecurityContext
?[0m?[0;34m12:59 DEBUG o.s.s.w.a.AnonymousAuthenticationFilter - Set SecurityContextHolder to anonymous SecurityContext
?[0m?[0;34m12:59 DEBUG o.s.security.web.FilterChainProxy - Secured DELETE /error
?[0m?[0;34m12:59 DEBUG o.s.s.w.c.HttpSessionSecurityContextRepository - Did not store anonymous SecurityContext
?[0m?[0;34m12:59 DEBUG o.s.s.w.c.HttpSessionSecurityContextRepository - Did not store anonymous SecurityContext
?[0m?[0;34m12:59 DEBUG o.s.s.w.c.SecurityContextPersistenceFilter - Cleared SecurityContextHolder to complete request
?[1;31m
Start test 31?[0m
?[0m?[0;34m12:59 DEBUG o.s.security.web.FilterChainProxy - Securing DELETE /api/quizzes/2
?[0m?[0;34m12:59 DEBUG o.s.s.w.c.SecurityContextPersistenceFilter - Set SecurityContextHolder to empty SecurityContext
?[0m?[0;34m
?[0m?[0;34mTHE loadUserByUsername is called with the argument: qwerty@google.com
?[0m?[0;34m
?[0m?[0;34m12:59 DEBUG o.s.s.a.d.DaoAuthenticationProvider - Failed to find user 'qwerty@google.com'
?[0m?[0;34m12:59 DEBUG o.s.s.w.a.w.BasicAuthenticationFilter - Failed to process authentication request
?[0m?[0;34morg.springframework.security.authentication.BadCredentialsException: Bad credentials
?[0m?[0;34m	at org.springframework.security.authentication.dao.AbstractUserDetailsAuthenticationProvider.authenticate(AbstractUserDetailsAuthenticationProvider.java:141)
?[0m?[0;34m	at org.springframework.security.authentication.ProviderManager.authenticate(ProviderManager.java:182)
?[0m?[0;34m	at org.springframework.security.authentication.ProviderManager.authenticate(ProviderManager.java:201)
?[0m?[0;34m	at org.springframework.security.web.authentication.www.BasicAuthenticationFilter.doFilterInternal(BasicAuthenticationFilter.java:155)
?[0m?[0;34m	at org.springframework.web.filter.OncePerRequestFilter.doFilter(OncePerRequestFilter.java:119)
?[0m?[0;34m	at org.springframework.security.web.FilterChainProxy$VirtualFilterChain.doFilter(FilterChainProxy.java:336)
?[0m?[0;34m	at org.springframework.security.web.authentication.logout.LogoutFilter.doFilter(LogoutFilter.java:103)
?[0m?[0;34m	at org.springframework.security.web.authentication.logout.LogoutFilter.doFilter(LogoutFilter.java:89)
?[0m?[0;34m	at org.springframework.security.web.FilterChainProxy$VirtualFilterChain.doFilter(FilterChainProxy.java:336)
?[0m?[0;34m	at org.springframework.security.web.header.HeaderWriterFilter.doHeadersAfter(HeaderWriterFilter.java:90)
?[0m?[0;34m	at org.springframework.security.web.header.HeaderWriterFilter.doFilterInternal(HeaderWriterFilter.java:75)
?[0m?[0;34m	at org.springframework.web.filter.OncePerRequestFilter.doFilter(OncePerRequestFilter.java:119)
?[0m?[0;34m	at org.springframework.security.web.FilterChainProxy$VirtualFilterChain.doFilter(FilterChainProxy.java:336)
?[0m?[0;34m	at org.springframework.security.web.context.SecurityContextPersistenceFilter.doFilter(SecurityContextPersistenceFilter.java:110)
?[0m?[0;34m	at org.springframework.security.web.context.SecurityContextPersistenceFilter.doFilter(SecurityContextPersistenceFilter.java:80)
?[0m?[0;34m	at org.springframework.security.web.FilterChainProxy$VirtualFilterChain.doFilter(FilterChainProxy.java:336)
?[0m?[0;34m	at org.springframework.security.web.context.request.async.WebAsyncManagerIntegrationFilter.doFilterInternal(WebAsyncManagerIntegrationFilter.java:55)
?[0m?[0;34m	at org.springframework.web.filter.OncePerRequestFilter.doFilter(OncePerRequestFilter.java:119)
?[0m?[0;34m	at org.springframework.security.web.FilterChainProxy$VirtualFilterChain.doFilter(FilterChainProxy.java:336)
?[0m?[0;34m	at org.springframework.security.web.FilterChainProxy.doFilterInternal(FilterChainProxy.java:211)
?[0m?[0;34m	at org.springframework.security.web.FilterChainProxy.doFilter(FilterChainProxy.java:183)
?[0m?[0;34m	at org.springframework.web.filter.DelegatingFilterProxy.invokeDelegate(DelegatingFilterProxy.java:358)
?[0m?[0;34m	at org.springframework.web.filter.DelegatingFilterProxy.doFilter(DelegatingFilterProxy.java:271)
?[0m?[0;34m	at jdk.internal.reflect.GeneratedMethodAccessor54.invoke(Unknown Source)
?[0m?[0;34m	at java.base/jdk.internal.reflect.DelegatingMethodAccessorImpl.invoke(DelegatingMethodAccessorImpl.java:43)
?[0m?[0;34m	at java.base/java.lang.reflect.Method.invoke(Method.java:568)
?[0m?[0;34m	at org.apache.catalina.security.SecurityUtil.lambda$execute$0(SecurityUtil.java:280)
?[0m?[0;34m	at java.base/java.security.AccessController.doPrivileged(AccessController.java:712)
?[0m?[0;34m	at java.base/javax.security.auth.Subject.doAsPrivileged(Subject.java:584)
?[0m?[0;34m	at org.apache.catalina.security.SecurityUtil.execute(SecurityUtil.java:311)
?[0m?[0;34m	at org.apache.catalina.security.SecurityUtil.doAsPrivilege(SecurityUtil.java:253)
?[0m?[0;34m	at org.apache.catalina.core.ApplicationFilterChain.internalDoFilter(ApplicationFilterChain.java:187)
?[0m?[0;34m	at org.apache.catalina.core.ApplicationFilterChain.lambda$doFilter$0(ApplicationFilterChain.java:145)
?[0m?[0;34m	at java.base/java.security.AccessController.doPrivileged(AccessController.java:569)
?[0m?[0;34m	at org.apache.catalina.core.ApplicationFilterChain.doFilter(ApplicationFilterChain.java:143)
?[0m?[0;34m	at org.springframework.web.filter.RequestContextFilter.doFilterInternal(RequestContextFilter.java:100)
?[0m?[0;34m	at org.springframework.web.filter.OncePerRequestFilter.doFilter(OncePerRequestFilter.java:119)
?[0m?[0;34m	at jdk.internal.reflect.GeneratedMethodAccessor54.invoke(Unknown Source)
?[0m?[0;34m	at java.base/jdk.internal.reflect.DelegatingMethodAccessorImpl.invoke(DelegatingMethodAccessorImpl.java:43)
?[0m?[0;34m	at java.base/java.lang.reflect.Method.invoke(Method.java:568)
?[0m?[0;34m	at org.apache.catalina.security.SecurityUtil.lambda$execute$0(SecurityUtil.java:280)
?[0m?[0;34m	at java.base/java.security.AccessController.doPrivileged(AccessController.java:712)
?[0m?[0;34m	at java.base/javax.security.auth.Subject.doAsPrivileged(Subject.java:584)
?[0m?[0;34m	at org.apache.catalina.security.SecurityUtil.execute(SecurityUtil.java:311)
?[0m?[0;34m	at org.apache.catalina.security.SecurityUtil.doAsPrivilege(SecurityUtil.java:253)
?[0m?[0;34m	at org.apache.catalina.core.ApplicationFilterChain.internalDoFilter(ApplicationFilterChain.java:187)
?[0m?[0;34m	at org.apache.catalina.core.ApplicationFilterChain.lambda$doFilter$0(ApplicationFilterChain.java:145)
?[0m?[0;34m	at java.base/java.security.AccessController.doPrivileged(AccessController.java:569)
?[0m?[0;34m	at org.apache.catalina.core.ApplicationFilterChain.doFilter(ApplicationFilterChain.java:143)
?[0m?[0;34m	at org.springframework.web.filter.FormContentFilter.doFilterInternal(FormContentFilter.java:93)
?[0m?[0;34m	at org.springframework.web.filter.OncePerRequestFilter.doFilter(OncePerRequestFilter.java:119)
?[0m?[0;34m	at jdk.internal.reflect.GeneratedMethodAccessor54.invoke(Unknown Source)
?[0m?[0;34m	at java.base/jdk.internal.reflect.DelegatingMethodAccessorImpl.invoke(DelegatingMethodAccessorImpl.java:43)
?[0m?[0;34m	at java.base/java.lang.reflect.Method.invoke(Method.java:568)
?[0m?[0;34m	at org.apache.catalina.security.SecurityUtil.lambda$execute$0(SecurityUtil.java:280)
?[0m?[0;34m	at java.base/java.security.AccessController.doPrivileged(AccessController.java:712)
?[0m?[0;34m	at java.base/javax.security.auth.Subject.doAsPrivileged(Subject.java:584)
?[0m?[0;34m	at org.apache.catalina.security.SecurityUtil.execute(SecurityUtil.java:311)
?[0m?[0;34m	at org.apache.catalina.security.SecurityUtil.doAsPrivilege(SecurityUtil.java:253)
?[0m?[0;34m	at org.apache.catalina.core.ApplicationFilterChain.internalDoFilter(ApplicationFilterChain.java:187)
?[0m?[0;34m	at org.apache.catalina.core.ApplicationFilterChain.lambda$doFilter$0(ApplicationFilterChain.java:145)
?[0m?[0;34m	at java.base/java.security.AccessController.doPrivileged(AccessController.java:569)
?[0m?[0;34m	at org.apache.catalina.core.ApplicationFilterChain.doFilter(ApplicationFilterChain.java:143)
?[0m?[0;34m	at org.springframework.boot.actuate.metrics.web.servlet.WebMvcMetricsFilter.doFilterInternal(WebMvcMetricsFilter.java:96)
?[0m?[0;34m	at org.springframework.web.filter.OncePerRequestFilter.doFilter(OncePerRequestFilter.java:119)
?[0m?[0;34m	at jdk.internal.reflect.GeneratedMethodAccessor54.invoke(Unknown Source)
?[0m?[0;34m	at java.base/jdk.internal.reflect.DelegatingMethodAccessorImpl.invoke(DelegatingMethodAccessorImpl.java:43)
?[0m?[0;34m	at java.base/java.lang.reflect.Method.invoke(Method.java:568)
?[0m?[0;34m	at org.apache.catalina.security.SecurityUtil.lambda$execute$0(SecurityUtil.java:280)
?[0m?[0;34m	at java.base/java.security.AccessController.doPrivileged(AccessController.java:712)
?[0m?[0;34m	at java.base/javax.security.auth.Subject.doAsPrivileged(Subject.java:584)
?[0m?[0;34m	at org.apache.catalina.security.SecurityUtil.execute(SecurityUtil.java:311)
?[0m?[0;34m	at org.apache.catalina.security.SecurityUtil.doAsPrivilege(SecurityUtil.java:253)
?[0m?[0;34m	at org.apache.catalina.core.ApplicationFilterChain.internalDoFilter(ApplicationFilterChain.java:187)
?[0m?[0;34m	at org.apache.catalina.core.ApplicationFilterChain.lambda$doFilter$0(ApplicationFilterChain.java:145)
?[0m?[0;34m	at java.base/java.security.AccessController.doPrivileged(AccessController.java:569)
?[0m?[0;34m	at org.apache.catalina.core.ApplicationFilterChain.doFilter(ApplicationFilterChain.java:143)
?[0m?[0;34m	at org.springframework.web.filter.CharacterEncodingFilter.doFilterInternal(CharacterEncodingFilter.java:201)
?[0m?[0;34m	at org.springframework.web.filter.OncePerRequestFilter.doFilter(OncePerRequestFilter.java:119)
?[0m?[0;34m	at jdk.internal.reflect.GeneratedMethodAccessor54.invoke(Unknown Source)
?[0m?[0;34m	at java.base/jdk.internal.reflect.DelegatingMethodAccessorImpl.invoke(DelegatingMethodAccessorImpl.java:43)
?[0m?[0;34m	at java.base/java.lang.reflect.Method.invoke(Method.java:568)
?[0m?[0;34m	at org.apache.catalina.security.SecurityUtil.lambda$execute$0(SecurityUtil.java:280)
?[0m?[0;34m	at java.base/java.security.AccessController.doPrivileged(AccessController.java:712)
?[0m?[0;34m	at java.base/javax.security.auth.Subject.doAsPrivileged(Subject.java:584)
?[0m?[0;34m	at org.apache.catalina.security.SecurityUtil.execute(SecurityUtil.java:311)
?[0m?[0;34m	at org.apache.catalina.security.SecurityUtil.doAsPrivilege(SecurityUtil.java:253)
?[0m?[0;34m	at org.apache.catalina.core.ApplicationFilterChain.internalDoFilter(ApplicationFilterChain.java:187)
?[0m?[0;34m	at org.apache.catalina.core.ApplicationFilterChain.lambda$doFilter$0(ApplicationFilterChain.java:145)
?[0m?[0;34m	at java.base/java.security.AccessController.doPrivileged(AccessController.java:569)
?[0m?[0;34m	at org.apache.catalina.core.ApplicationFilterChain.doFilter(ApplicationFilterChain.java:143)
?[0m?[0;34m	at org.apache.catalina.core.StandardWrapperValve.invoke(StandardWrapperValve.java:197)
?[0m?[0;34m	at org.apache.catalina.core.StandardContextValve.invoke(StandardContextValve.java:97)
?[0m?[0;34m	at org.apache.catalina.authenticator.AuthenticatorBase.invoke(AuthenticatorBase.java:540)
?[0m?[0;34m	at org.apache.catalina.core.StandardHostValve.invoke(StandardHostValve.java:135)
?[0m?[0;34m	at org.apache.catalina.valves.ErrorReportValve.invoke(ErrorReportValve.java:92)
?[0m?[0;34m	at org.apache.catalina.core.StandardEngineValve.invoke(StandardEngineValve.java:78)
?[0m?[0;34m	at org.apache.catalina.connector.CoyoteAdapter.service(CoyoteAdapter.java:357)
?[0m?[0;34m	at org.apache.coyote.http11.Http11Processor.service(Http11Processor.java:382)
?[0m?[0;34m	at org.apache.coyote.AbstractProcessorLight.process(AbstractProcessorLight.java:65)
?[0m?[0;34m	at org.apache.coyote.AbstractProtocol$ConnectionHandler.process(AbstractProtocol.java:895)
?[0m?[0;34m	at org.apache.tomcat.util.net.NioEndpoint$SocketProcessor.doRun(NioEndpoint.java:1722)
?[0m?[0;34m	at org.apache.tomcat.util.net.SocketProcessorBase.run(SocketProcessorBase.java:49)
?[0m?[0;34m	at org.apache.tomcat.util.threads.ThreadPoolExecutor.runWorker(ThreadPoolExecutor.java:1191)
?[0m?[0;34m	at org.apache.tomcat.util.threads.ThreadPoolExecutor$Worker.run(ThreadPoolExecutor.java:659)
?[0m?[0;34m	at org.apache.tomcat.util.threads.TaskThread$WrappingRunnable.run(TaskThread.java:61)
?[0m?[0;34m	at java.base/java.lang.Thread.run(Thread.java:842)
?[0m?[0;34m12:59 DEBUG o.s.s.w.a.DelegatingAuthenticationEntryPoint - Trying to match using RequestHeaderRequestMatcher [expectedHeaderName=X-Requested-With, expectedHeaderValue=XMLHttpRequest]
?[0m?[0;34m12:59 DEBUG o.s.s.w.a.DelegatingAuthenticationEntryPoint - No match found. Using default entry point org.springframework.security.web.authentication.www.BasicAuthenticationEntryPoint@16df38bb
?[0m?[0;34m12:59 DEBUG o.s.s.w.c.HttpSessionSecurityContextRepository - Did not store empty SecurityContext
?[0m?[0;34m12:59 DEBUG o.s.s.w.c.HttpSessionSecurityContextRepository - Did not store empty SecurityContext
?[0m?[0;34m12:59 DEBUG o.s.s.w.c.SecurityContextPersistenceFilter - Cleared SecurityContextHolder to complete request
?[0m?[0;34m12:59 DEBUG o.s.security.web.FilterChainProxy - Securing DELETE /error
?[0m?[0;34m12:59 DEBUG o.s.s.w.c.SecurityContextPersistenceFilter - Set SecurityContextHolder to empty SecurityContext
?[0m?[0;34m12:59 DEBUG o.s.s.w.a.AnonymousAuthenticationFilter - Set SecurityContextHolder to anonymous SecurityContext
?[0m?[0;34m12:59 DEBUG o.s.security.web.FilterChainProxy - Secured DELETE /error
?[0m?[0;34m12:59 DEBUG o.s.s.w.c.HttpSessionSecurityContextRepository - Did not store anonymous SecurityContext
?[0m?[0;34m12:59 DEBUG o.s.s.w.c.HttpSessionSecurityContextRepository - Did not store anonymous SecurityContext
?[0m?[0;34m12:59 DEBUG o.s.s.w.c.SecurityContextPersistenceFilter - Cleared SecurityContextHolder to complete request
?[1;31m
Start test 32?[0m
?[0m?[0;34m12:59 DEBUG o.s.security.web.FilterChainProxy - Securing POST /api/quizzes/1/solve
?[0m?[0;34m12:59 DEBUG o.s.s.w.c.SecurityContextPersistenceFilter - Set SecurityContextHolder to empty SecurityContext
?[0m?[0;34m
?[0m?[0;34mTHE loadUserByUsername is called with the argument: test@google.com
?[0m?[0;34m
?[0m?[0;34m12:59 DEBUG o.s.s.a.d.DaoAuthenticationProvider - Authenticated user
?[0m?[0;34m12:59 DEBUG o.s.s.w.a.w.BasicAuthenticationFilter - Set SecurityContextHolder to UsernamePasswordAuthenticationToken [Principal=engine.UserDetailsImp@5af7cb2c, Credentials=[PROTECTED], Authenticated=true, Details=WebAuthenticationDetails [RemoteIpAddress=127.0.0.1, SessionId=null], Granted Authorities=[]]
?[0m?[0;34m12:59 DEBUG o.s.s.w.c.HttpSessionSecurityContextRepository - Created HttpSession as SecurityContext is non-default
?[0m?[0;34m12:59 DEBUG o.s.s.w.c.HttpSessionSecurityContextRepository - Stored SecurityContextImpl [Authentication=UsernamePasswordAuthenticationToken [Principal=engine.UserDetailsImp@5af7cb2c, Credentials=[PROTECTED], Authenticated=true, Details=WebAuthenticationDetails [RemoteIpAddress=127.0.0.1, SessionId=null], Granted Authorities=[]]] to HttpSession [org.apache.catalina.session.StandardSessionFacade@31a3704a]
?[0m?[0;34m12:59 DEBUG o.s.s.w.u.m.RegexRequestMatcher - Checking match of request : '/api/quizzes/1/solve'; against '/api/register'
?[0m?[0;34m12:59 DEBUG o.s.s.w.u.m.RegexRequestMatcher - Checking match of request : '/api/quizzes/1/solve'; against '/actuator/shutdown'
?[0m?[0;34m12:59 DEBUG o.s.security.web.FilterChainProxy - Secured POST /api/quizzes/1/solve
?[0m?[0;34m12:59 DEBUG o.s.s.w.c.HttpSessionSecurityContextRepository - Stored SecurityContextImpl [Authentication=UsernamePasswordAuthenticationToken [Principal=engine.UserDetailsImp@5af7cb2c, Credentials=[PROTECTED], Authenticated=true, Details=WebAuthenticationDetails [RemoteIpAddress=127.0.0.1, SessionId=null], Granted Authorities=[]]] to HttpSession [org.apache.catalina.session.StandardSessionFacade@31a3704a]
?[0m?[0;34m12:59 DEBUG o.s.s.w.c.HttpSessionSecurityContextRepository - Stored SecurityContextImpl [Authentication=UsernamePasswordAuthenticationToken [Principal=engine.UserDetailsImp@5af7cb2c, Credentials=[PROTECTED], Authenticated=true, Details=WebAuthenticationDetails [RemoteIpAddress=127.0.0.1, SessionId=null], Granted Authorities=[]]] to HttpSession [org.apache.catalina.session.StandardSessionFacade@31a3704a]
?[0m?[0;34m12:59 DEBUG o.s.s.w.c.SecurityContextPersistenceFilter - Cleared SecurityContextHolder to complete request
?[1;31m
Start test 33?[0m
?[0m?[0;34m12:59 DEBUG o.s.security.web.FilterChainProxy - Securing POST /api/quizzes/1/solve
?[0m?[0;34m12:59 DEBUG o.s.s.w.c.SecurityContextPersistenceFilter - Set SecurityContextHolder to empty SecurityContext
?[0m?[0;34m
?[0m?[0;34mTHE loadUserByUsername is called with the argument: user@google.com
?[0m?[0;34m
?[0m?[0;34m12:59 DEBUG o.s.s.a.d.DaoAuthenticationProvider - Authenticated user
?[0m?[0;34m12:59 DEBUG o.s.s.w.a.w.BasicAuthenticationFilter - Set SecurityContextHolder to UsernamePasswordAuthenticationToken [Principal=engine.UserDetailsImp@3e54f8a4, Credentials=[PROTECTED], Authenticated=true, Details=WebAuthenticationDetails [RemoteIpAddress=127.0.0.1, SessionId=null], Granted Authorities=[]]
?[0m?[0;34m12:59 DEBUG o.s.s.w.c.HttpSessionSecurityContextRepository - Created HttpSession as SecurityContext is non-default
?[0m?[0;34m12:59 DEBUG o.s.s.w.c.HttpSessionSecurityContextRepository - Stored SecurityContextImpl [Authentication=UsernamePasswordAuthenticationToken [Principal=engine.UserDetailsImp@3e54f8a4, Credentials=[PROTECTED], Authenticated=true, Details=WebAuthenticationDetails [RemoteIpAddress=127.0.0.1, SessionId=null], Granted Authorities=[]]] to HttpSession [org.apache.catalina.session.StandardSessionFacade@3200cb40]
?[0m?[0;34m12:59 DEBUG o.s.s.w.u.m.RegexRequestMatcher - Checking match of request : '/api/quizzes/1/solve'; against '/api/register'
?[0m?[0;34m12:59 DEBUG o.s.s.w.u.m.RegexRequestMatcher - Checking match of request : '/api/quizzes/1/solve'; against '/actuator/shutdown'
?[0m?[0;34m12:59 DEBUG o.s.security.web.FilterChainProxy - Secured POST /api/quizzes/1/solve
?[0m?[0;34m12:59 DEBUG o.s.s.w.c.HttpSessionSecurityContextRepository - Stored SecurityContextImpl [Authentication=UsernamePasswordAuthenticationToken [Principal=engine.UserDetailsImp@3e54f8a4, Credentials=[PROTECTED], Authenticated=true, Details=WebAuthenticationDetails [RemoteIpAddress=127.0.0.1, SessionId=null], Granted Authorities=[]]] to HttpSession [org.apache.catalina.session.StandardSessionFacade@3200cb40]
?[0m?[0;34m12:59 DEBUG o.s.s.w.c.HttpSessionSecurityContextRepository - Stored SecurityContextImpl [Authentication=UsernamePasswordAuthenticationToken [Principal=engine.UserDetailsImp@3e54f8a4, Credentials=[PROTECTED], Authenticated=true, Details=WebAuthenticationDetails [RemoteIpAddress=127.0.0.1, SessionId=null], Granted Authorities=[]]] to HttpSession [org.apache.catalina.session.StandardSessionFacade@3200cb40]
?[0m?[0;34m12:59 DEBUG o.s.s.w.c.SecurityContextPersistenceFilter - Cleared SecurityContextHolder to complete request
?[1;31m
Start test 34?[0m
?[0m?[0;34m12:59 DEBUG o.s.security.web.FilterChainProxy - Securing POST /api/quizzes/1/solve
?[0m?[0;34m12:59 DEBUG o.s.s.w.c.SecurityContextPersistenceFilter - Set SecurityContextHolder to empty SecurityContext
?[0m?[0;34m
?[0m?[0;34mTHE loadUserByUsername is called with the argument: test@google.com
?[0m?[0;34m
?[0m?[0;34m12:59 DEBUG o.s.s.a.d.DaoAuthenticationProvider - Authenticated user
?[0m?[0;34m12:59 DEBUG o.s.s.w.a.w.BasicAuthenticationFilter - Set SecurityContextHolder to UsernamePasswordAuthenticationToken [Principal=engine.UserDetailsImp@d3a6cfe, Credentials=[PROTECTED], Authenticated=true, Details=WebAuthenticationDetails [RemoteIpAddress=127.0.0.1, SessionId=null], Granted Authorities=[]]
?[0m?[0;34m12:59 DEBUG o.s.s.w.c.HttpSessionSecurityContextRepository - Created HttpSession as SecurityContext is non-default
?[0m?[0;34m12:59 DEBUG o.s.s.w.c.HttpSessionSecurityContextRepository - Stored SecurityContextImpl [Authentication=UsernamePasswordAuthenticationToken [Principal=engine.UserDetailsImp@d3a6cfe, Credentials=[PROTECTED], Authenticated=true, Details=WebAuthenticationDetails [RemoteIpAddress=127.0.0.1, SessionId=null], Granted Authorities=[]]] to HttpSession [org.apache.catalina.session.StandardSessionFacade@6c671c4c]
?[0m?[0;34m12:59 DEBUG o.s.s.w.u.m.RegexRequestMatcher - Checking match of request : '/api/quizzes/1/solve'; against '/api/register'
?[0m?[0;34m12:59 DEBUG o.s.s.w.u.m.RegexRequestMatcher - Checking match of request : '/api/quizzes/1/solve'; against '/actuator/shutdown'
?[0m?[0;34m12:59 DEBUG o.s.security.web.FilterChainProxy - Secured POST /api/quizzes/1/solve
?[0m?[0;34m12:59 DEBUG o.s.s.w.c.HttpSessionSecurityContextRepository - Stored SecurityContextImpl [Authentication=UsernamePasswordAuthenticationToken [Principal=engine.UserDetailsImp@d3a6cfe, Credentials=[PROTECTED], Authenticated=true, Details=WebAuthenticationDetails [RemoteIpAddress=127.0.0.1, SessionId=null], Granted Authorities=[]]] to HttpSession [org.apache.catalina.session.StandardSessionFacade@6c671c4c]
?[0m?[0;34m12:59 DEBUG o.s.s.w.c.HttpSessionSecurityContextRepository - Stored SecurityContextImpl [Authentication=UsernamePasswordAuthenticationToken [Principal=engine.UserDetailsImp@d3a6cfe, Credentials=[PROTECTED], Authenticated=true, Details=WebAuthenticationDetails [RemoteIpAddress=127.0.0.1, SessionId=null], Granted Authorities=[]]] to HttpSession [org.apache.catalina.session.StandardSessionFacade@6c671c4c]
?[0m?[0;34m12:59 DEBUG o.s.s.w.c.SecurityContextPersistenceFilter - Cleared SecurityContextHolder to complete request
?[1;31m
Start test 35?[0m
?[0m?[0;34m12:59 DEBUG o.s.security.web.FilterChainProxy - Securing POST /api/quizzes/1/solve
?[0m?[0;34m12:59 DEBUG o.s.s.w.c.SecurityContextPersistenceFilter - Set SecurityContextHolder to empty SecurityContext
?[0m?[0;34m
?[0m?[0;34mTHE loadUserByUsername is called with the argument: user@google.com
?[0m?[0;34m
?[0m?[0;34m12:59 DEBUG o.s.s.a.d.DaoAuthenticationProvider - Authenticated user
?[0m?[0;34m12:59 DEBUG o.s.s.w.a.w.BasicAuthenticationFilter - Set SecurityContextHolder to UsernamePasswordAuthenticationToken [Principal=engine.UserDetailsImp@3d17141b, Credentials=[PROTECTED], Authenticated=true, Details=WebAuthenticationDetails [RemoteIpAddress=127.0.0.1, SessionId=null], Granted Authorities=[]]
?[0m?[0;34m12:59 DEBUG o.s.s.w.c.HttpSessionSecurityContextRepository - Created HttpSession as SecurityContext is non-default
?[0m?[0;34m12:59 DEBUG o.s.s.w.c.HttpSessionSecurityContextRepository - Stored SecurityContextImpl [Authentication=UsernamePasswordAuthenticationToken [Principal=engine.UserDetailsImp@3d17141b, Credentials=[PROTECTED], Authenticated=true, Details=WebAuthenticationDetails [RemoteIpAddress=127.0.0.1, SessionId=null], Granted Authorities=[]]] to HttpSession [org.apache.catalina.session.StandardSessionFacade@2e3f1f82]
?[0m?[0;34m12:59 DEBUG o.s.s.w.u.m.RegexRequestMatcher - Checking match of request : '/api/quizzes/1/solve'; against '/api/register'
?[0m?[0;34m12:59 DEBUG o.s.s.w.u.m.RegexRequestMatcher - Checking match of request : '/api/quizzes/1/solve'; against '/actuator/shutdown'
?[0m?[0;34m12:59 DEBUG o.s.security.web.FilterChainProxy - Secured POST /api/quizzes/1/solve
?[0m?[0;34m12:59 DEBUG o.s.s.w.c.HttpSessionSecurityContextRepository - Stored SecurityContextImpl [Authentication=UsernamePasswordAuthenticationToken [Principal=engine.UserDetailsImp@3d17141b, Credentials=[PROTECTED], Authenticated=true, Details=WebAuthenticationDetails [RemoteIpAddress=127.0.0.1, SessionId=null], Granted Authorities=[]]] to HttpSession [org.apache.catalina.session.StandardSessionFacade@2e3f1f82]
?[0m?[0;34m12:59 DEBUG o.s.s.w.c.HttpSessionSecurityContextRepository - Stored SecurityContextImpl [Authentication=UsernamePasswordAuthenticationToken [Principal=engine.UserDetailsImp@3d17141b, Credentials=[PROTECTED], Authenticated=true, Details=WebAuthenticationDetails [RemoteIpAddress=127.0.0.1, SessionId=null], Granted Authorities=[]]] to HttpSession [org.apache.catalina.session.StandardSessionFacade@2e3f1f82]
?[0m?[0;34m12:59 DEBUG o.s.s.w.c.SecurityContextPersistenceFilter - Cleared SecurityContextHolder to complete request
?[1;31m
Start test 36?[0m
?[0m?[0;34m12:59 DEBUG o.s.security.web.FilterChainProxy - Securing POST /api/quizzes/2/solve
?[0m?[0;34m12:59 DEBUG o.s.s.w.c.SecurityContextPersistenceFilter - Set SecurityContextHolder to empty SecurityContext
?[0m?[0;34m
?[0m?[0;34mTHE loadUserByUsername is called with the argument: user@google.com
?[0m?[0;34m
?[0m?[0;34m12:59 DEBUG o.s.s.a.d.DaoAuthenticationProvider - Authenticated user
?[0m?[0;34m12:59 DEBUG o.s.s.w.a.w.BasicAuthenticationFilter - Set SecurityContextHolder to UsernamePasswordAuthenticationToken [Principal=engine.UserDetailsImp@701a4c37, Credentials=[PROTECTED], Authenticated=true, Details=WebAuthenticationDetails [RemoteIpAddress=127.0.0.1, SessionId=null], Granted Authorities=[]]
?[0m?[0;34m12:59 DEBUG o.s.s.w.c.HttpSessionSecurityContextRepository - Created HttpSession as SecurityContext is non-default
?[0m?[0;34m12:59 DEBUG o.s.s.w.c.HttpSessionSecurityContextRepository - Stored SecurityContextImpl [Authentication=UsernamePasswordAuthenticationToken [Principal=engine.UserDetailsImp@701a4c37, Credentials=[PROTECTED], Authenticated=true, Details=WebAuthenticationDetails [RemoteIpAddress=127.0.0.1, SessionId=null], Granted Authorities=[]]] to HttpSession [org.apache.catalina.session.StandardSessionFacade@33f5b47b]
?[0m?[0;34m12:59 DEBUG o.s.s.w.u.m.RegexRequestMatcher - Checking match of request : '/api/quizzes/2/solve'; against '/api/register'
?[0m?[0;34m12:59 DEBUG o.s.s.w.u.m.RegexRequestMatcher - Checking match of request : '/api/quizzes/2/solve'; against '/actuator/shutdown'
?[0m?[0;34m12:59 DEBUG o.s.security.web.FilterChainProxy - Secured POST /api/quizzes/2/solve
?[0m?[0;34m12:59 DEBUG o.s.s.w.c.HttpSessionSecurityContextRepository - Stored SecurityContextImpl [Authentication=UsernamePasswordAuthenticationToken [Principal=engine.UserDetailsImp@701a4c37, Credentials=[PROTECTED], Authenticated=true, Details=WebAuthenticationDetails [RemoteIpAddress=127.0.0.1, SessionId=null], Granted Authorities=[]]] to HttpSession [org.apache.catalina.session.StandardSessionFacade@33f5b47b]
?[0m?[0;34m12:59 DEBUG o.s.s.w.c.HttpSessionSecurityContextRepository - Stored SecurityContextImpl [Authentication=UsernamePasswordAuthenticationToken [Principal=engine.UserDetailsImp@701a4c37, Credentials=[PROTECTED], Authenticated=true, Details=WebAuthenticationDetails [RemoteIpAddress=127.0.0.1, SessionId=null], Granted Authorities=[]]] to HttpSession [org.apache.catalina.session.StandardSessionFacade@33f5b47b]
?[0m?[0;34m12:59 DEBUG o.s.s.w.c.SecurityContextPersistenceFilter - Cleared SecurityContextHolder to complete request
?[1;31m
Start test 37?[0m
?[0m?[0;34m12:59 DEBUG o.s.security.web.FilterChainProxy - Securing POST /api/quizzes/2/solve
?[0m?[0;34m12:59 DEBUG o.s.s.w.c.SecurityContextPersistenceFilter - Set SecurityContextHolder to empty SecurityContext
?[0m?[0;34m
?[0m?[0;34mTHE loadUserByUsername is called with the argument: test@google.com
?[0m?[0;34m
?[0m?[0;34m12:59 DEBUG o.s.s.a.d.DaoAuthenticationProvider - Authenticated user
?[0m?[0;34m12:59 DEBUG o.s.s.w.a.w.BasicAuthenticationFilter - Set SecurityContextHolder to UsernamePasswordAuthenticationToken [Principal=engine.UserDetailsImp@382d449f, Credentials=[PROTECTED], Authenticated=true, Details=WebAuthenticationDetails [RemoteIpAddress=127.0.0.1, SessionId=null], Granted Authorities=[]]
?[0m?[0;34m12:59 DEBUG o.s.s.w.c.HttpSessionSecurityContextRepository - Created HttpSession as SecurityContext is non-default
?[0m?[0;34m12:59 DEBUG o.s.s.w.c.HttpSessionSecurityContextRepository - Stored SecurityContextImpl [Authentication=UsernamePasswordAuthenticationToken [Principal=engine.UserDetailsImp@382d449f, Credentials=[PROTECTED], Authenticated=true, Details=WebAuthenticationDetails [RemoteIpAddress=127.0.0.1, SessionId=null], Granted Authorities=[]]] to HttpSession [org.apache.catalina.session.StandardSessionFacade@41530883]
?[0m?[0;34m12:59 DEBUG o.s.s.w.u.m.RegexRequestMatcher - Checking match of request : '/api/quizzes/2/solve'; against '/api/register'
?[0m?[0;34m12:59 DEBUG o.s.s.w.u.m.RegexRequestMatcher - Checking match of request : '/api/quizzes/2/solve'; against '/actuator/shutdown'
?[0m?[0;34m12:59 DEBUG o.s.security.web.FilterChainProxy - Secured POST /api/quizzes/2/solve
?[0m?[0;34m12:59 DEBUG o.s.s.w.c.HttpSessionSecurityContextRepository - Stored SecurityContextImpl [Authentication=UsernamePasswordAuthenticationToken [Principal=engine.UserDetailsImp@382d449f, Credentials=[PROTECTED], Authenticated=true, Details=WebAuthenticationDetails [RemoteIpAddress=127.0.0.1, SessionId=null], Granted Authorities=[]]] to HttpSession [org.apache.catalina.session.StandardSessionFacade@41530883]
?[0m?[0;34m12:59 DEBUG o.s.s.w.c.HttpSessionSecurityContextRepository - Stored SecurityContextImpl [Authentication=UsernamePasswordAuthenticationToken [Principal=engine.UserDetailsImp@382d449f, Credentials=[PROTECTED], Authenticated=true, Details=WebAuthenticationDetails [RemoteIpAddress=127.0.0.1, SessionId=null], Granted Authorities=[]]] to HttpSession [org.apache.catalina.session.StandardSessionFacade@41530883]
?[0m?[0;34m12:59 DEBUG o.s.s.w.c.SecurityContextPersistenceFilter - Cleared SecurityContextHolder to complete request
?[1;31m
Start test 38?[0m
?[0m?[0;34m12:59 DEBUG o.s.security.web.FilterChainProxy - Securing POST /api/quizzes/2/solve
?[0m?[0;34m12:59 DEBUG o.s.s.w.c.SecurityContextPersistenceFilter - Set SecurityContextHolder to empty SecurityContext
?[0m?[0;34m
?[0m?[0;34mTHE loadUserByUsername is called with the argument: user@google.com
?[0m?[0;34m
?[0m?[0;34m12:59 DEBUG o.s.s.a.d.DaoAuthenticationProvider - Authenticated user
?[0m?[0;34m12:59 DEBUG o.s.s.w.a.w.BasicAuthenticationFilter - Set SecurityContextHolder to UsernamePasswordAuthenticationToken [Principal=engine.UserDetailsImp@735a609a, Credentials=[PROTECTED], Authenticated=true, Details=WebAuthenticationDetails [RemoteIpAddress=127.0.0.1, SessionId=null], Granted Authorities=[]]
?[0m?[0;34m12:59 DEBUG o.s.s.w.c.HttpSessionSecurityContextRepository - Created HttpSession as SecurityContext is non-default
?[0m?[0;34m12:59 DEBUG o.s.s.w.c.HttpSessionSecurityContextRepository - Stored SecurityContextImpl [Authentication=UsernamePasswordAuthenticationToken [Principal=engine.UserDetailsImp@735a609a, Credentials=[PROTECTED], Authenticated=true, Details=WebAuthenticationDetails [RemoteIpAddress=127.0.0.1, SessionId=null], Granted Authorities=[]]] to HttpSession [org.apache.catalina.session.StandardSessionFacade@b671fc2]
?[0m?[0;34m12:59 DEBUG o.s.s.w.u.m.RegexRequestMatcher - Checking match of request : '/api/quizzes/2/solve'; against '/api/register'
?[0m?[0;34m12:59 DEBUG o.s.s.w.u.m.RegexRequestMatcher - Checking match of request : '/api/quizzes/2/solve'; against '/actuator/shutdown'
?[0m?[0;34m12:59 DEBUG o.s.security.web.FilterChainProxy - Secured POST /api/quizzes/2/solve
?[0m?[0;34m12:59 DEBUG o.s.s.w.c.HttpSessionSecurityContextRepository - Stored SecurityContextImpl [Authentication=UsernamePasswordAuthenticationToken [Principal=engine.UserDetailsImp@735a609a, Credentials=[PROTECTED], Authenticated=true, Details=WebAuthenticationDetails [RemoteIpAddress=127.0.0.1, SessionId=null], Granted Authorities=[]]] to HttpSession [org.apache.catalina.session.StandardSessionFacade@b671fc2]
?[0m?[0;34m12:59 DEBUG o.s.s.w.c.HttpSessionSecurityContextRepository - Stored SecurityContextImpl [Authentication=UsernamePasswordAuthenticationToken [Principal=engine.UserDetailsImp@735a609a, Credentials=[PROTECTED], Authenticated=true, Details=WebAuthenticationDetails [RemoteIpAddress=127.0.0.1, SessionId=null], Granted Authorities=[]]] to HttpSession [org.apache.catalina.session.StandardSessionFacade@b671fc2]
?[0m?[0;34m12:59 DEBUG o.s.s.w.c.SecurityContextPersistenceFilter - Cleared SecurityContextHolder to complete request
?[1;31m
Start test 39?[0m
?[0m?[0;34m12:59 DEBUG o.s.security.web.FilterChainProxy - Securing POST /api/quizzes/2/solve
?[0m?[0;34m12:59 DEBUG o.s.s.w.c.SecurityContextPersistenceFilter - Set SecurityContextHolder to empty SecurityContext
?[0m?[0;34m
?[0m?[0;34mTHE loadUserByUsername is called with the argument: test@google.com
?[0m?[0;34m
?[0m?[0;34m12:59 DEBUG o.s.s.a.d.DaoAuthenticationProvider - Authenticated user
?[0m?[0;34m12:59 DEBUG o.s.s.w.a.w.BasicAuthenticationFilter - Set SecurityContextHolder to UsernamePasswordAuthenticationToken [Principal=engine.UserDetailsImp@3421f5b3, Credentials=[PROTECTED], Authenticated=true, Details=WebAuthenticationDetails [RemoteIpAddress=127.0.0.1, SessionId=null], Granted Authorities=[]]
?[0m?[0;34m12:59 DEBUG o.s.s.w.c.HttpSessionSecurityContextRepository - Created HttpSession as SecurityContext is non-default
?[0m?[0;34m12:59 DEBUG o.s.s.w.c.HttpSessionSecurityContextRepository - Stored SecurityContextImpl [Authentication=UsernamePasswordAuthenticationToken [Principal=engine.UserDetailsImp@3421f5b3, Credentials=[PROTECTED], Authenticated=true, Details=WebAuthenticationDetails [RemoteIpAddress=127.0.0.1, SessionId=null], Granted Authorities=[]]] to HttpSession [org.apache.catalina.session.StandardSessionFacade@12b4593c]
?[0m?[0;34m12:59 DEBUG o.s.s.w.u.m.RegexRequestMatcher - Checking match of request : '/api/quizzes/2/solve'; against '/api/register'
?[0m?[0;34m12:59 DEBUG o.s.s.w.u.m.RegexRequestMatcher - Checking match of request : '/api/quizzes/2/solve'; against '/actuator/shutdown'
?[0m?[0;34m12:59 DEBUG o.s.security.web.FilterChainProxy - Secured POST /api/quizzes/2/solve
?[0m?[0;34m12:59 DEBUG o.s.s.w.c.HttpSessionSecurityContextRepository - Stored SecurityContextImpl [Authentication=UsernamePasswordAuthenticationToken [Principal=engine.UserDetailsImp@3421f5b3, Credentials=[PROTECTED], Authenticated=true, Details=WebAuthenticationDetails [RemoteIpAddress=127.0.0.1, SessionId=null], Granted Authorities=[]]] to HttpSession [org.apache.catalina.session.StandardSessionFacade@12b4593c]
?[0m?[0;34m12:59 DEBUG o.s.s.w.c.HttpSessionSecurityContextRepository - Stored SecurityContextImpl [Authentication=UsernamePasswordAuthenticationToken [Principal=engine.UserDetailsImp@3421f5b3, Credentials=[PROTECTED], Authenticated=true, Details=WebAuthenticationDetails [RemoteIpAddress=127.0.0.1, SessionId=null], Granted Authorities=[]]] to HttpSession [org.apache.catalina.session.StandardSessionFacade@12b4593c]
?[0m?[0;34m12:59 DEBUG o.s.s.w.c.SecurityContextPersistenceFilter - Cleared SecurityContextHolder to complete request
?[1;31m
Start test 40?[0m
?[0m?[0;34m12:59 DEBUG o.s.security.web.FilterChainProxy - Securing GET /api/quizzes
?[0m?[0;34m12:59 DEBUG o.s.s.w.c.SecurityContextPersistenceFilter - Set SecurityContextHolder to empty SecurityContext
?[0m?[0;34m
?[0m?[0;34mTHE loadUserByUsername is called with the argument: test@google.com
?[0m?[0;34m
?[0m?[0;34m12:59 DEBUG o.s.s.a.d.DaoAuthenticationProvider - Authenticated user
?[0m?[0;34m12:59 DEBUG o.s.s.w.a.w.BasicAuthenticationFilter - Set SecurityContextHolder to UsernamePasswordAuthenticationToken [Principal=engine.UserDetailsImp@52155c78, Credentials=[PROTECTED], Authenticated=true, Details=WebAuthenticationDetails [RemoteIpAddress=127.0.0.1, SessionId=null], Granted Authorities=[]]
?[0m?[0;34m12:59 DEBUG o.s.s.w.c.HttpSessionSecurityContextRepository - Created HttpSession as SecurityContext is non-default
?[0m?[0;34m12:59 DEBUG o.s.s.w.c.HttpSessionSecurityContextRepository - Stored SecurityContextImpl [Authentication=UsernamePasswordAuthenticationToken [Principal=engine.UserDetailsImp@52155c78, Credentials=[PROTECTED], Authenticated=true, Details=WebAuthenticationDetails [RemoteIpAddress=127.0.0.1, SessionId=null], Granted Authorities=[]]] to HttpSession [org.apache.catalina.session.StandardSessionFacade@52b8b818]
?[0m?[0;34m12:59 DEBUG o.s.security.web.FilterChainProxy - Secured GET /api/quizzes
?[0m?[0;34m12:59 DEBUG o.s.s.w.c.HttpSessionSecurityContextRepository - Stored SecurityContextImpl [Authentication=UsernamePasswordAuthenticationToken [Principal=engine.UserDetailsImp@52155c78, Credentials=[PROTECTED], Authenticated=true, Details=WebAuthenticationDetails [RemoteIpAddress=127.0.0.1, SessionId=null], Granted Authorities=[]]] to HttpSession [org.apache.catalina.session.StandardSessionFacade@52b8b818]
?[0m?[0;34m12:59 DEBUG o.s.s.w.c.HttpSessionSecurityContextRepository - Stored SecurityContextImpl [Authentication=UsernamePasswordAuthenticationToken [Principal=engine.UserDetailsImp@52155c78, Credentials=[PROTECTED], Authenticated=true, Details=WebAuthenticationDetails [RemoteIpAddress=127.0.0.1, SessionId=null], Granted Authorities=[]]] to HttpSession [org.apache.catalina.session.StandardSessionFacade@52b8b818]
?[0m?[0;34m12:59 DEBUG o.s.s.w.c.SecurityContextPersistenceFilter - Cleared SecurityContextHolder to complete request
?[1;31m
Start test 41?[0m
?[0m?[0;34m12:59 DEBUG o.s.security.web.FilterChainProxy - Securing GET /api/quizzes
?[0m?[0;34m12:59 DEBUG o.s.s.w.c.SecurityContextPersistenceFilter - Set SecurityContextHolder to empty SecurityContext
?[0m?[0;34m
?[0m?[0;34mTHE loadUserByUsername is called with the argument: user@google.com
?[0m?[0;34m
?[0m?[0;34m12:59 DEBUG o.s.s.a.d.DaoAuthenticationProvider - Authenticated user
?[0m?[0;34m12:59 DEBUG o.s.s.w.a.w.BasicAuthenticationFilter - Set SecurityContextHolder to UsernamePasswordAuthenticationToken [Principal=engine.UserDetailsImp@599e53b5, Credentials=[PROTECTED], Authenticated=true, Details=WebAuthenticationDetails [RemoteIpAddress=127.0.0.1, SessionId=null], Granted Authorities=[]]
?[0m?[0;34m12:59 DEBUG o.s.s.w.c.HttpSessionSecurityContextRepository - Created HttpSession as SecurityContext is non-default
?[0m?[0;34m12:59 DEBUG o.s.s.w.c.HttpSessionSecurityContextRepository - Stored SecurityContextImpl [Authentication=UsernamePasswordAuthenticationToken [Principal=engine.UserDetailsImp@599e53b5, Credentials=[PROTECTED], Authenticated=true, Details=WebAuthenticationDetails [RemoteIpAddress=127.0.0.1, SessionId=null], Granted Authorities=[]]] to HttpSession [org.apache.catalina.session.StandardSessionFacade@27a12ea2]
?[0m?[0;34m12:59 DEBUG o.s.security.web.FilterChainProxy - Secured GET /api/quizzes
?[0m?[0;34m12:59 DEBUG o.s.s.w.c.HttpSessionSecurityContextRepository - Stored SecurityContextImpl [Authentication=UsernamePasswordAuthenticationToken [Principal=engine.UserDetailsImp@599e53b5, Credentials=[PROTECTED], Authenticated=true, Details=WebAuthenticationDetails [RemoteIpAddress=127.0.0.1, SessionId=null], Granted Authorities=[]]] to HttpSession [org.apache.catalina.session.StandardSessionFacade@27a12ea2]
?[0m?[0;34m12:59 DEBUG o.s.s.w.c.HttpSessionSecurityContextRepository - Stored SecurityContextImpl [Authentication=UsernamePasswordAuthenticationToken [Principal=engine.UserDetailsImp@599e53b5, Credentials=[PROTECTED], Authenticated=true, Details=WebAuthenticationDetails [RemoteIpAddress=127.0.0.1, SessionId=null], Granted Authorities=[]]] to HttpSession [org.apache.catalina.session.StandardSessionFacade@27a12ea2]
?[0m?[0;34m12:59 DEBUG o.s.s.w.c.SecurityContextPersistenceFilter - Cleared SecurityContextHolder to complete request
?[1;31m
Start test 42?[0m
?[0m?[0;34m12:59 DEBUG o.s.security.web.FilterChainProxy - Securing POST /actuator/shutdown
?[0m?[0;34m12:59 DEBUG o.s.s.w.c.SecurityContextPersistenceFilter - Set SecurityContextHolder to empty SecurityContext
?[0m?[0;34m12:59 DEBUG o.s.s.w.a.AnonymousAuthenticationFilter - Set SecurityContextHolder to anonymous SecurityContext
?[0m?[0;34m12:59 DEBUG o.s.s.w.u.m.RegexRequestMatcher - Checking match of request : '/actuator/shutdown'; against '/api/register'
?[0m?[0;34m12:59 DEBUG o.s.s.w.u.m.RegexRequestMatcher - Checking match of request : '/actuator/shutdown'; against '/actuator/shutdown'
?[0m?[0;34m12:59 DEBUG o.s.security.web.FilterChainProxy - Secured POST /actuator/shutdown
?[0m?[0;34m12:59 DEBUG o.s.s.w.c.HttpSessionSecurityContextRepository - Did not store anonymous SecurityContext
?[0m?[0;34m12:59 DEBUG o.s.s.w.c.HttpSessionSecurityContextRepository - Did not store anonymous SecurityContext
?[0m?[0;34m12:59 DEBUG o.s.s.w.c.SecurityContextPersistenceFilter - Cleared SecurityContextHolder to complete request
?[0;34m12:59 INFO  o.s.o.j.LocalContainerEntityManagerFactoryBean - Closing JPA EntityManagerFactory for persistence unit 'default'
?[0m?[0;34m12:59 INFO  com.zaxxer.hikari.HikariDataSource - HikariPool-1 - Shutdown initiated...
?[0m?[0;34m12:59 INFO  com.zaxxer.hikari.HikariDataSource - HikariPool-1 - Shutdown completed.
?[0;34m
?[0m?[0;34m  .   ____          _            __ _ _
?[0m?[0;34m /\\ / ___'_ __ _ _(_)_ __  __ _ \ \ \ \
?[0m?[0;34m( ( )\___ | '_ | '_| | '_ \/ _` | \ \ \ \
?[0m?[0;34m \\/  ___)| |_)| | | | | || (_| |  ) ) ) )
?[0m?[0;34m  '  |____| .__|_| |_|_| |_\__, | / / / /
?[0m?[0;34m =========|_|==============|___/=/_/_/_/
?[0m?[0;34m :: Spring Boot ::                (v2.5.6)
?[0m?[0;34m
?[0m?[0;34m12:59 INFO  engine.WebQuizEngine - Starting WebQuizEngine using Java 17.0.12 on DESKTOP-B2JKAIH with PID 24896 (started by bouab in C:\Users\bouab\DEV\Towards_SE\backend_projects\QuizzEngine\Web Quiz Engine with Java\task)
?[0m?[0;34m12:59 INFO  engine.WebQuizEngine - No active profile set, falling back to default profiles: default
?[0m?[0;34m12:59 INFO  o.s.d.r.c.RepositoryConfigurationDelegate - Bootstrapping Spring Data JPA repositories in DEFAULT mode.
?[0m?[0;34m12:59 INFO  o.s.d.r.c.RepositoryConfigurationDelegate - Finished Spring Data repository scanning in 5 ms. Found 2 JPA repository interfaces.
?[0m?[0;34m12:59 INFO  o.s.b.w.e.tomcat.TomcatWebServer - Tomcat initialized with port(s): 8889 (http)
?[0m?[0;34m12:59 INFO  o.a.coyote.http11.Http11NioProtocol - Initializing ProtocolHandler ["http-nio-8889"]
?[0m?[0;34m12:59 INFO  o.a.catalina.core.StandardService - Starting service [Tomcat]
?[0m?[0;34m12:59 INFO  o.a.catalina.core.StandardEngine - Starting Servlet engine: [Apache Tomcat/9.0.54]
?[0m?[0;34m12:59 INFO  o.a.c.c.C.[Tomcat].[localhost].[/] - Initializing Spring embedded WebApplicationContext
?[0m?[0;34m12:59 INFO  o.s.b.w.s.c.ServletWebServerApplicationContext - Root WebApplicationContext: initialization completed in 255 ms
?[0m?[0;34m12:59 INFO  com.zaxxer.hikari.HikariDataSource - HikariPool-2 - Starting...
?[0m?[0;34m12:59 INFO  com.zaxxer.hikari.HikariDataSource - HikariPool-2 - Start completed.
?[0m?[0;34m12:59 INFO  o.s.b.a.h.H2ConsoleAutoConfiguration - H2 console available at '/h2-console'. Database available at 'jdbc:h2:file:../quizdb'
?[0m?[0;34m12:59 INFO  o.h.jpa.internal.util.LogHelper - HHH000204: Processing PersistenceUnitInfo [name: default]
?[0m?[0;34m12:59 INFO  org.hibernate.dialect.Dialect - HHH000400: Using dialect: org.hibernate.dialect.H2Dialect
?[0m?[0;34m12:59 INFO  o.h.e.t.j.p.i.JtaPlatformInitiator - HHH000490: Using JtaPlatform implementation: [org.hibernate.engine.transaction.jta.platform.internal.NoJtaPlatform]
?[0m?[0;34m12:59 INFO  o.s.o.j.LocalContainerEntityManagerFactoryBean - Initialized JPA EntityManagerFactory for persistence unit 'default'
?[0m?[0;34m12:59 INFO  o.s.s.web.DefaultSecurityFilterChain - Will secure any request with [org.springframework.security.web.context.request.async.WebAsyncManagerIntegrationFilter@35fea0cd, org.springframework.security.web.context.SecurityContextPersistenceFilter@75f67fe5, org.springframework.security.web.header.HeaderWriterFilter@48971262, org.springframework.security.web.authentication.logout.LogoutFilter@59845cb3, org.springframework.security.web.authentication.www.BasicAuthenticationFilter@63ee2891, org.springframework.security.web.savedrequest.RequestCacheAwareFilter@7469c73d, org.springframework.security.web.servletapi.SecurityContextHolderAwareRequestFilter@41dcfd0, org.springframework.security.web.authentication.AnonymousAuthenticationFilter@2746bc43, org.springframework.security.web.session.SessionManagementFilter@19d043a8, org.springframework.security.web.access.ExceptionTranslationFilter@435848de, org.springframework.security.web.access.intercept.AuthorizationFilter@4ee41c66]
?[0m?[0;34m12:59 WARN  o.s.b.a.o.j.JpaBaseConfiguration$JpaWebConfiguration - spring.jpa.open-in-view is enabled by default. Therefore, database queries may be performed during view rendering. Explicitly configure spring.jpa.open-in-view to disable this warning
?[0m?[0;34m12:59 INFO  o.s.b.a.e.web.EndpointLinksResolver - Exposing 15 endpoint(s) beneath base path '/actuator'
?[0m?[0;34m12:59 INFO  o.a.coyote.http11.Http11NioProtocol - Starting ProtocolHandler ["http-nio-8889"]
?[0m?[0;34m12:59 INFO  o.s.b.w.e.tomcat.TomcatWebServer - Tomcat started on port(s): 8889 (http) with context path ''
?[0m?[0;34m12:59 INFO  engine.WebQuizEngine - Started WebQuizEngine in 0.749 seconds (JVM running for 19.416)
?[0m?[1;31m
Start test 43?[0m
?[0;34m12:59 INFO  o.a.c.c.C.[Tomcat].[localhost].[/] - Initializing Spring DispatcherServlet 'dispatcherServlet'
?[0m?[0;34m12:59 INFO  o.s.web.servlet.DispatcherServlet - Initializing Servlet 'dispatcherServlet'
?[0m?[0;34m12:59 INFO  o.s.web.servlet.DispatcherServlet - Completed initialization in 1 ms
?[0m?[0;34m12:59 DEBUG o.s.security.web.FilterChainProxy - Securing GET /api/quizzes
?[0m?[0;34m12:59 DEBUG o.s.s.w.c.SecurityContextPersistenceFilter - Set SecurityContextHolder to empty SecurityContext
?[0m?[0;34m
?[0m?[0;34mTHE loadUserByUsername is called with the argument: test@google.com
?[0m?[0;34m
?[0m?[0;34m12:59 DEBUG o.s.s.a.d.DaoAuthenticationProvider - Authenticated user
?[0m?[0;34m12:59 DEBUG o.s.s.w.a.w.BasicAuthenticationFilter - Set SecurityContextHolder to UsernamePasswordAuthenticationToken [Principal=engine.UserDetailsImp@3c1aba8e, Credentials=[PROTECTED], Authenticated=true, Details=WebAuthenticationDetails [RemoteIpAddress=127.0.0.1, SessionId=null], Granted Authorities=[]]
?[0m?[0;34m12:59 DEBUG o.s.s.w.c.HttpSessionSecurityContextRepository - Created HttpSession as SecurityContext is non-default
?[0m?[0;34m12:59 DEBUG o.s.s.w.c.HttpSessionSecurityContextRepository - Stored SecurityContextImpl [Authentication=UsernamePasswordAuthenticationToken [Principal=engine.UserDetailsImp@3c1aba8e, Credentials=[PROTECTED], Authenticated=true, Details=WebAuthenticationDetails [RemoteIpAddress=127.0.0.1, SessionId=null], Granted Authorities=[]]] to HttpSession [org.apache.catalina.session.StandardSessionFacade@6c666b1a]
?[0m?[0;34m12:59 DEBUG o.s.security.web.FilterChainProxy - Secured GET /api/quizzes
?[0m?[0;34m12:59 DEBUG o.s.s.w.c.HttpSessionSecurityContextRepository - Stored SecurityContextImpl [Authentication=UsernamePasswordAuthenticationToken [Principal=engine.UserDetailsImp@3c1aba8e, Credentials=[PROTECTED], Authenticated=true, Details=WebAuthenticationDetails [RemoteIpAddress=127.0.0.1, SessionId=null], Granted Authorities=[]]] to HttpSession [org.apache.catalina.session.StandardSessionFacade@6c666b1a]
?[0m?[0;34m12:59 DEBUG o.s.s.w.c.HttpSessionSecurityContextRepository - Stored SecurityContextImpl [Authentication=UsernamePasswordAuthenticationToken [Principal=engine.UserDetailsImp@3c1aba8e, Credentials=[PROTECTED], Authenticated=true, Details=WebAuthenticationDetails [RemoteIpAddress=127.0.0.1, SessionId=null], Granted Authorities=[]]] to HttpSession [org.apache.catalina.session.StandardSessionFacade@6c666b1a]
?[0m?[0;34m12:59 DEBUG o.s.s.w.c.SecurityContextPersistenceFilter - Cleared SecurityContextHolder to complete request
?[1;31m
Start test 44?[0m
?[0;34m12:59 DEBUG o.s.security.web.FilterChainProxy - Securing GET /api/quizzes
?[0m?[0;34m12:59 DEBUG o.s.s.w.c.SecurityContextPersistenceFilter - Set SecurityContextHolder to empty SecurityContext
?[0m?[0;34m
?[0m?[0;34mTHE loadUserByUsername is called with the argument: user@google.com
?[0m?[0;34m
?[0m?[0;34m12:59 DEBUG o.s.s.a.d.DaoAuthenticationProvider - Authenticated user
?[0m?[0;34m12:59 DEBUG o.s.s.w.a.w.BasicAuthenticationFilter - Set SecurityContextHolder to UsernamePasswordAuthenticationToken [Principal=engine.UserDetailsImp@b2a2d4b, Credentials=[PROTECTED], Authenticated=true, Details=WebAuthenticationDetails [RemoteIpAddress=127.0.0.1, SessionId=null], Granted Authorities=[]]
?[0m?[0;34m12:59 DEBUG o.s.s.w.c.HttpSessionSecurityContextRepository - Created HttpSession as SecurityContext is non-default
?[0m?[0;34m12:59 DEBUG o.s.s.w.c.HttpSessionSecurityContextRepository - Stored SecurityContextImpl [Authentication=UsernamePasswordAuthenticationToken [Principal=engine.UserDetailsImp@b2a2d4b, Credentials=[PROTECTED], Authenticated=true, Details=WebAuthenticationDetails [RemoteIpAddress=127.0.0.1, SessionId=null], Granted Authorities=[]]] to HttpSession [org.apache.catalina.session.StandardSessionFacade@12cb901d]
?[0m?[0;34m12:59 DEBUG o.s.security.web.FilterChainProxy - Secured GET /api/quizzes
?[0m?[0;34m12:59 DEBUG o.s.s.w.c.HttpSessionSecurityContextRepository - Stored SecurityContextImpl [Authentication=UsernamePasswordAuthenticationToken [Principal=engine.UserDetailsImp@b2a2d4b, Credentials=[PROTECTED], Authenticated=true, Details=WebAuthenticationDetails [RemoteIpAddress=127.0.0.1, SessionId=null], Granted Authorities=[]]] to HttpSession [org.apache.catalina.session.StandardSessionFacade@12cb901d]
?[0m?[0;34m12:59 DEBUG o.s.s.w.c.HttpSessionSecurityContextRepository - Stored SecurityContextImpl [Authentication=UsernamePasswordAuthenticationToken [Principal=engine.UserDetailsImp@b2a2d4b, Credentials=[PROTECTED], Authenticated=true, Details=WebAuthenticationDetails [RemoteIpAddress=127.0.0.1, SessionId=null], Granted Authorities=[]]] to HttpSession [org.apache.catalina.session.StandardSessionFacade@12cb901d]
?[0m?[0;34m12:59 DEBUG o.s.s.w.c.SecurityContextPersistenceFilter - Cleared SecurityContextHolder to complete request
?[1;31m
Start test 45?[0m
?[0;34m12:59 DEBUG o.s.security.web.FilterChainProxy - Securing POST /api/quizzes/1/solve
?[0m?[0;34m12:59 DEBUG o.s.s.w.c.SecurityContextPersistenceFilter - Set SecurityContextHolder to empty SecurityContext
?[0m?[0;34m
?[0m?[0;34mTHE loadUserByUsername is called with the argument: test@google.com
?[0m?[0;34m
?[0m?[0;34m12:59 DEBUG o.s.s.a.d.DaoAuthenticationProvider - Authenticated user
?[0m?[0;34m12:59 DEBUG o.s.s.w.a.w.BasicAuthenticationFilter - Set SecurityContextHolder to UsernamePasswordAuthenticationToken [Principal=engine.UserDetailsImp@7cee177a, Credentials=[PROTECTED], Authenticated=true, Details=WebAuthenticationDetails [RemoteIpAddress=127.0.0.1, SessionId=null], Granted Authorities=[]]
?[0m?[0;34m12:59 DEBUG o.s.s.w.c.HttpSessionSecurityContextRepository - Created HttpSession as SecurityContext is non-default
?[0m?[0;34m12:59 DEBUG o.s.s.w.c.HttpSessionSecurityContextRepository - Stored SecurityContextImpl [Authentication=UsernamePasswordAuthenticationToken [Principal=engine.UserDetailsImp@7cee177a, Credentials=[PROTECTED], Authenticated=true, Details=WebAuthenticationDetails [RemoteIpAddress=127.0.0.1, SessionId=null], Granted Authorities=[]]] to HttpSession [org.apache.catalina.session.StandardSessionFacade@6d9a3f3c]
?[0m?[0;34m12:59 DEBUG o.s.s.w.u.m.RegexRequestMatcher - Checking match of request : '/api/quizzes/1/solve'; against '/api/register'
?[0m?[0;34m12:59 DEBUG o.s.s.w.u.m.RegexRequestMatcher - Checking match of request : '/api/quizzes/1/solve'; against '/actuator/shutdown'
?[0m?[0;34m12:59 DEBUG o.s.security.web.FilterChainProxy - Secured POST /api/quizzes/1/solve
?[0m?[0;34m12:59 DEBUG o.s.s.w.c.HttpSessionSecurityContextRepository - Stored SecurityContextImpl [Authentication=UsernamePasswordAuthenticationToken [Principal=engine.UserDetailsImp@7cee177a, Credentials=[PROTECTED], Authenticated=true, Details=WebAuthenticationDetails [RemoteIpAddress=127.0.0.1, SessionId=null], Granted Authorities=[]]] to HttpSession [org.apache.catalina.session.StandardSessionFacade@6d9a3f3c]
?[0m?[0;34m12:59 DEBUG o.s.s.w.c.HttpSessionSecurityContextRepository - Stored SecurityContextImpl [Authentication=UsernamePasswordAuthenticationToken [Principal=engine.UserDetailsImp@7cee177a, Credentials=[PROTECTED], Authenticated=true, Details=WebAuthenticationDetails [RemoteIpAddress=127.0.0.1, SessionId=null], Granted Authorities=[]]] to HttpSession [org.apache.catalina.session.StandardSessionFacade@6d9a3f3c]
?[0m?[0;34m12:59 DEBUG o.s.s.w.c.SecurityContextPersistenceFilter - Cleared SecurityContextHolder to complete request
?[1;31m
Start test 46?[0m
?[0;34m12:59 DEBUG o.s.security.web.FilterChainProxy - Securing POST /api/quizzes/1/solve
?[0m?[0;34m12:59 DEBUG o.s.s.w.c.SecurityContextPersistenceFilter - Set SecurityContextHolder to empty SecurityContext
?[0m?[0;34m
?[0m?[0;34mTHE loadUserByUsername is called with the argument: user@google.com
?[0m?[0;34m
?[0m?[0;34m12:59 DEBUG o.s.s.a.d.DaoAuthenticationProvider - Authenticated user
?[0m?[0;34m12:59 DEBUG o.s.s.w.a.w.BasicAuthenticationFilter - Set SecurityContextHolder to UsernamePasswordAuthenticationToken [Principal=engine.UserDetailsImp@262d8a35, Credentials=[PROTECTED], Authenticated=true, Details=WebAuthenticationDetails [RemoteIpAddress=127.0.0.1, SessionId=null], Granted Authorities=[]]
?[0m?[0;34m12:59 DEBUG o.s.s.w.c.HttpSessionSecurityContextRepository - Created HttpSession as SecurityContext is non-default
?[0m?[0;34m12:59 DEBUG o.s.s.w.c.HttpSessionSecurityContextRepository - Stored SecurityContextImpl [Authentication=UsernamePasswordAuthenticationToken [Principal=engine.UserDetailsImp@262d8a35, Credentials=[PROTECTED], Authenticated=true, Details=WebAuthenticationDetails [RemoteIpAddress=127.0.0.1, SessionId=null], Granted Authorities=[]]] to HttpSession [org.apache.catalina.session.StandardSessionFacade@4a9668ec]
?[0m?[0;34m12:59 DEBUG o.s.s.w.u.m.RegexRequestMatcher - Checking match of request : '/api/quizzes/1/solve'; against '/api/register'
?[0m?[0;34m12:59 DEBUG o.s.s.w.u.m.RegexRequestMatcher - Checking match of request : '/api/quizzes/1/solve'; against '/actuator/shutdown'
?[0m?[0;34m12:59 DEBUG o.s.security.web.FilterChainProxy - Secured POST /api/quizzes/1/solve
?[0m?[0;34m12:59 DEBUG o.s.s.w.c.HttpSessionSecurityContextRepository - Stored SecurityContextImpl [Authentication=UsernamePasswordAuthenticationToken [Principal=engine.UserDetailsImp@262d8a35, Credentials=[PROTECTED], Authenticated=true, Details=WebAuthenticationDetails [RemoteIpAddress=127.0.0.1, SessionId=null], Granted Authorities=[]]] to HttpSession [org.apache.catalina.session.StandardSessionFacade@4a9668ec]
?[0m?[0;34m12:59 DEBUG o.s.s.w.c.HttpSessionSecurityContextRepository - Stored SecurityContextImpl [Authentication=UsernamePasswordAuthenticationToken [Principal=engine.UserDetailsImp@262d8a35, Credentials=[PROTECTED], Authenticated=true, Details=WebAuthenticationDetails [RemoteIpAddress=127.0.0.1, SessionId=null], Granted Authorities=[]]] to HttpSession [org.apache.catalina.session.StandardSessionFacade@4a9668ec]
?[0m?[0;34m12:59 DEBUG o.s.s.w.c.SecurityContextPersistenceFilter - Cleared SecurityContextHolder to complete request
?[1;31m
Start test 47?[0m
?[0;34m12:59 DEBUG o.s.security.web.FilterChainProxy - Securing POST /api/quizzes/2/solve
?[0m?[0;34m12:59 DEBUG o.s.s.w.c.SecurityContextPersistenceFilter - Set SecurityContextHolder to empty SecurityContext
?[0m?[0;34m
?[0m?[0;34mTHE loadUserByUsername is called with the argument: test@google.com
?[0m?[0;34m
?[0m?[0;34m12:59 DEBUG o.s.s.a.d.DaoAuthenticationProvider - Authenticated user
?[0m?[0;34m12:59 DEBUG o.s.s.w.a.w.BasicAuthenticationFilter - Set SecurityContextHolder to UsernamePasswordAuthenticationToken [Principal=engine.UserDetailsImp@d379876, Credentials=[PROTECTED], Authenticated=true, Details=WebAuthenticationDetails [RemoteIpAddress=127.0.0.1, SessionId=null], Granted Authorities=[]]
?[0m?[0;34m12:59 DEBUG o.s.s.w.c.HttpSessionSecurityContextRepository - Created HttpSession as SecurityContext is non-default
?[0m?[0;34m12:59 DEBUG o.s.s.w.c.HttpSessionSecurityContextRepository - Stored SecurityContextImpl [Authentication=UsernamePasswordAuthenticationToken [Principal=engine.UserDetailsImp@d379876, Credentials=[PROTECTED], Authenticated=true, Details=WebAuthenticationDetails [RemoteIpAddress=127.0.0.1, SessionId=null], Granted Authorities=[]]] to HttpSession [org.apache.catalina.session.StandardSessionFacade@249d05cb]
?[0m?[0;34m12:59 DEBUG o.s.s.w.u.m.RegexRequestMatcher - Checking match of request : '/api/quizzes/2/solve'; against '/api/register'
?[0m?[0;34m12:59 DEBUG o.s.s.w.u.m.RegexRequestMatcher - Checking match of request : '/api/quizzes/2/solve'; against '/actuator/shutdown'
?[0m?[0;34m12:59 DEBUG o.s.security.web.FilterChainProxy - Secured POST /api/quizzes/2/solve
?[0m?[0;34m12:59 DEBUG o.s.s.w.c.HttpSessionSecurityContextRepository - Stored SecurityContextImpl [Authentication=UsernamePasswordAuthenticationToken [Principal=engine.UserDetailsImp@d379876, Credentials=[PROTECTED], Authenticated=true, Details=WebAuthenticationDetails [RemoteIpAddress=127.0.0.1, SessionId=null], Granted Authorities=[]]] to HttpSession [org.apache.catalina.session.StandardSessionFacade@249d05cb]
?[0m?[0;34m12:59 DEBUG o.s.s.w.c.HttpSessionSecurityContextRepository - Stored SecurityContextImpl [Authentication=UsernamePasswordAuthenticationToken [Principal=engine.UserDetailsImp@d379876, Credentials=[PROTECTED], Authenticated=true, Details=WebAuthenticationDetails [RemoteIpAddress=127.0.0.1, SessionId=null], Granted Authorities=[]]] to HttpSession [org.apache.catalina.session.StandardSessionFacade@249d05cb]
?[0m?[0;34m12:59 DEBUG o.s.s.w.c.SecurityContextPersistenceFilter - Cleared SecurityContextHolder to complete request
?[1;31m
Start test 48?[0m
?[0;34m12:59 DEBUG o.s.security.web.FilterChainProxy - Securing POST /api/quizzes/2/solve
?[0m?[0;34m12:59 DEBUG o.s.s.w.c.SecurityContextPersistenceFilter - Set SecurityContextHolder to empty SecurityContext
?[0m?[0;34m
?[0m?[0;34mTHE loadUserByUsername is called with the argument: user@google.com
?[0m?[0;34m
?[0m?[0;34m12:59 DEBUG o.s.s.a.d.DaoAuthenticationProvider - Authenticated user
?[0m?[0;34m12:59 DEBUG o.s.s.w.a.w.BasicAuthenticationFilter - Set SecurityContextHolder to UsernamePasswordAuthenticationToken [Principal=engine.UserDetailsImp@71ac8206, Credentials=[PROTECTED], Authenticated=true, Details=WebAuthenticationDetails [RemoteIpAddress=127.0.0.1, SessionId=null], Granted Authorities=[]]
?[0m?[0;34m12:59 DEBUG o.s.s.w.c.HttpSessionSecurityContextRepository - Created HttpSession as SecurityContext is non-default
?[0m?[0;34m12:59 DEBUG o.s.s.w.c.HttpSessionSecurityContextRepository - Stored SecurityContextImpl [Authentication=UsernamePasswordAuthenticationToken [Principal=engine.UserDetailsImp@71ac8206, Credentials=[PROTECTED], Authenticated=true, Details=WebAuthenticationDetails [RemoteIpAddress=127.0.0.1, SessionId=null], Granted Authorities=[]]] to HttpSession [org.apache.catalina.session.StandardSessionFacade@46000ccf]
?[0m?[0;34m12:59 DEBUG o.s.s.w.u.m.RegexRequestMatcher - Checking match of request : '/api/quizzes/2/solve'; against '/api/register'
?[0m?[0;34m12:59 DEBUG o.s.s.w.u.m.RegexRequestMatcher - Checking match of request : '/api/quizzes/2/solve'; against '/actuator/shutdown'
?[0m?[0;34m12:59 DEBUG o.s.security.web.FilterChainProxy - Secured POST /api/quizzes/2/solve
?[0m?[0;34m12:59 DEBUG o.s.s.w.c.HttpSessionSecurityContextRepository - Stored SecurityContextImpl [Authentication=UsernamePasswordAuthenticationToken [Principal=engine.UserDetailsImp@71ac8206, Credentials=[PROTECTED], Authenticated=true, Details=WebAuthenticationDetails [RemoteIpAddress=127.0.0.1, SessionId=null], Granted Authorities=[]]] to HttpSession [org.apache.catalina.session.StandardSessionFacade@46000ccf]
?[0m?[0;34m12:59 DEBUG o.s.s.w.c.HttpSessionSecurityContextRepository - Stored SecurityContextImpl [Authentication=UsernamePasswordAuthenticationToken [Principal=engine.UserDetailsImp@71ac8206, Credentials=[PROTECTED], Authenticated=true, Details=WebAuthenticationDetails [RemoteIpAddress=127.0.0.1, SessionId=null], Granted Authorities=[]]] to HttpSession [org.apache.catalina.session.StandardSessionFacade@46000ccf]
?[0m?[0;34m12:59 DEBUG o.s.s.w.c.SecurityContextPersistenceFilter - Cleared SecurityContextHolder to complete request
?[1;31m
Start test 49?[0m
?[0;34m12:59 DEBUG o.s.security.web.FilterChainProxy - Securing POST /api/quizzes
?[0m?[0;34m12:59 DEBUG o.s.s.w.c.SecurityContextPersistenceFilter - Set SecurityContextHolder to empty SecurityContext
?[0m?[0;34m
?[0m?[0;34mTHE loadUserByUsername is called with the argument: test@google.com
?[0m?[0;34m
?[0m?[0;34m12:59 DEBUG o.s.s.a.d.DaoAuthenticationProvider - Authenticated user
?[0m?[0;34m12:59 DEBUG o.s.s.w.a.w.BasicAuthenticationFilter - Set SecurityContextHolder to UsernamePasswordAuthenticationToken [Principal=engine.UserDetailsImp@5b015a45, Credentials=[PROTECTED], Authenticated=true, Details=WebAuthenticationDetails [RemoteIpAddress=127.0.0.1, SessionId=null], Granted Authorities=[]]
?[0m?[0;34m12:59 DEBUG o.s.s.w.c.HttpSessionSecurityContextRepository - Created HttpSession as SecurityContext is non-default
?[0m?[0;34m12:59 DEBUG o.s.s.w.c.HttpSessionSecurityContextRepository - Stored SecurityContextImpl [Authentication=UsernamePasswordAuthenticationToken [Principal=engine.UserDetailsImp@5b015a45, Credentials=[PROTECTED], Authenticated=true, Details=WebAuthenticationDetails [RemoteIpAddress=127.0.0.1, SessionId=null], Granted Authorities=[]]] to HttpSession [org.apache.catalina.session.StandardSessionFacade@5c5f03b1]
?[0m?[0;34m12:59 DEBUG o.s.s.w.u.m.RegexRequestMatcher - Checking match of request : '/api/quizzes'; against '/api/register'
?[0m?[0;34m12:59 DEBUG o.s.s.w.u.m.RegexRequestMatcher - Checking match of request : '/api/quizzes'; against '/actuator/shutdown'
?[0m?[0;34m12:59 DEBUG o.s.security.web.FilterChainProxy - Secured POST /api/quizzes
?[0m?[0;34m12:59 WARN  o.s.w.s.m.m.a.ExceptionHandlerExceptionResolver - Failure in @ExceptionHandler engine.Exceptionist#handleBadRequestExceptions(RuntimeException, WebRequest)
?[0m?[0;34morg.springframework.web.HttpMediaTypeNotAcceptableException: Could not find acceptable representation
?[0m?[0;34m	at org.springframework.web.servlet.mvc.method.annotation.AbstractMessageConverterMethodProcessor.writeWithMessageConverters(AbstractMessageConverterMethodProcessor.java:315)
?[0m?[0;34m	at org.springframework.web.servlet.mvc.method.annotation.HttpEntityMethodProcessor.handleReturnValue(HttpEntityMethodProcessor.java:219)
?[0m?[0;34m	at org.springframework.web.method.support.HandlerMethodReturnValueHandlerComposite.handleReturnValue(HandlerMethodReturnValueHandlerComposite.java:78)
?[0m?[0;34m	at org.springframework.web.servlet.mvc.method.annotation.ServletInvocableHandlerMethod.invokeAndHandle(ServletInvocableHandlerMethod.java:135)
?[0m?[0;34m	at org.springframework.web.servlet.mvc.method.annotation.ExceptionHandlerExceptionResolver.doResolveHandlerMethodException(ExceptionHandlerExceptionResolver.java:428)
?[0m?[0;34m	at org.springframework.web.servlet.handler.AbstractHandlerMethodExceptionResolver.doResolveException(AbstractHandlerMethodExceptionResolver.java:75)
?[0m?[0;34m	at org.springframework.web.servlet.handler.AbstractHandlerExceptionResolver.resolveException(AbstractHandlerExceptionResolver.java:142)
?[0m?[0;34m	at org.springframework.web.servlet.handler.HandlerExceptionResolverComposite.resolveException(HandlerExceptionResolverComposite.java:80)
?[0m?[0;34m	at org.springframework.web.servlet.DispatcherServlet.processHandlerException(DispatcherServlet.java:1327)
?[0m?[0;34m	at org.springframework.web.servlet.DispatcherServlet.processDispatchResult(DispatcherServlet.java:1138)
?[0m?[0;34m	at org.springframework.web.servlet.DispatcherServlet.doDispatch(DispatcherServlet.java:1084)
?[0m?[0;34m	at org.springframework.web.servlet.DispatcherServlet.doService(DispatcherServlet.java:963)
?[0m?[0;34m	at org.springframework.web.servlet.FrameworkServlet.processRequest(FrameworkServlet.java:1006)
?[0m?[0;34m	at org.springframework.web.servlet.FrameworkServlet.doPost(FrameworkServlet.java:909)
?[0m?[0;34m	at javax.servlet.http.HttpServlet.service(HttpServlet.java:681)
?[0m?[0;34m	at org.springframework.web.servlet.FrameworkServlet.service(FrameworkServlet.java:883)
?[0m?[0;34m	at javax.servlet.http.HttpServlet.service(HttpServlet.java:764)
?[0m?[0;34m	at jdk.internal.reflect.GeneratedMethodAccessor64.invoke(Unknown Source)
?[0m?[0;34m	at java.base/jdk.internal.reflect.DelegatingMethodAccessorImpl.invoke(DelegatingMethodAccessorImpl.java:43)
?[0m?[0;34m	at java.base/java.lang.reflect.Method.invoke(Method.java:568)
?[0m?[0;34m	at org.apache.catalina.security.SecurityUtil.lambda$execute$0(SecurityUtil.java:280)
?[0m?[0;34m	at java.base/java.security.AccessController.doPrivileged(AccessController.java:712)
?[0m?[0;34m	at java.base/javax.security.auth.Subject.doAsPrivileged(Subject.java:584)
?[0m?[0;34m	at org.apache.catalina.security.SecurityUtil.execute(SecurityUtil.java:311)
?[0m?[0;34m	at org.apache.catalina.security.SecurityUtil.doAsPrivilege(SecurityUtil.java:170)
?[0m?[0;34m	at org.apache.catalina.core.ApplicationFilterChain.internalDoFilter(ApplicationFilterChain.java:221)
?[0m?[0;34m	at org.apache.catalina.core.ApplicationFilterChain.lambda$doFilter$0(ApplicationFilterChain.java:145)
?[0m?[0;34m	at java.base/java.security.AccessController.doPrivileged(AccessController.java:569)
?[0m?[0;34m	at org.apache.catalina.core.ApplicationFilterChain.doFilter(ApplicationFilterChain.java:143)
?[0m?[0;34m	at org.apache.tomcat.websocket.server.WsFilter.doFilter(WsFilter.java:53)
?[0m?[0;34m	at jdk.internal.reflect.GeneratedMethodAccessor54.invoke(Unknown Source)
?[0m?[0;34m	at java.base/jdk.internal.reflect.DelegatingMethodAccessorImpl.invoke(DelegatingMethodAccessorImpl.java:43)
?[0m?[0;34m	at java.base/java.lang.reflect.Method.invoke(Method.java:568)
?[0m?[0;34m	at org.apache.catalina.security.SecurityUtil.lambda$execute$0(SecurityUtil.java:280)
?[0m?[0;34m	at java.base/java.security.AccessController.doPrivileged(AccessController.java:712)
?[0m?[0;34m	at java.base/javax.security.auth.Subject.doAsPrivileged(Subject.java:584)
?[0m?[0;34m	at org.apache.catalina.security.SecurityUtil.execute(SecurityUtil.java:311)
?[0m?[0;34m	at org.apache.catalina.security.SecurityUtil.doAsPrivilege(SecurityUtil.java:253)
?[0m?[0;34m	at org.apache.catalina.core.ApplicationFilterChain.internalDoFilter(ApplicationFilterChain.java:187)
?[0m?[0;34m	at org.apache.catalina.core.ApplicationFilterChain.lambda$doFilter$0(ApplicationFilterChain.java:145)
?[0m?[0;34m	at java.base/java.security.AccessController.doPrivileged(AccessController.java:569)
?[0m?[0;34m	at org.apache.catalina.core.ApplicationFilterChain.doFilter(ApplicationFilterChain.java:143)
?[0m?[0;34m	at org.springframework.security.web.FilterChainProxy$VirtualFilterChain.doFilter(FilterChainProxy.java:327)
?[0m?[0;34m	at org.springframework.security.web.access.intercept.AuthorizationFilter.doFilterInternal(AuthorizationFilter.java:58)
?[0m?[0;34m	at org.springframework.web.filter.OncePerRequestFilter.doFilter(OncePerRequestFilter.java:119)
?[0m?[0;34m	at org.springframework.security.web.FilterChainProxy$VirtualFilterChain.doFilter(FilterChainProxy.java:336)
?[0m?[0;34m	at org.springframework.security.web.access.ExceptionTranslationFilter.doFilter(ExceptionTranslationFilter.java:121)
?[0m?[0;34m	at org.springframework.security.web.access.ExceptionTranslationFilter.doFilter(ExceptionTranslationFilter.java:115)
?[0m?[0;34m	at org.springframework.security.web.FilterChainProxy$VirtualFilterChain.doFilter(FilterChainProxy.java:336)
?[0m?[0;34m	at org.springframework.security.web.session.SessionManagementFilter.doFilter(SessionManagementFilter.java:126)
?[0m?[0;34m	at org.springframework.security.web.session.SessionManagementFilter.doFilter(SessionManagementFilter.java:81)
?[0m?[0;34m	at org.springframework.security.web.FilterChainProxy$VirtualFilterChain.doFilter(FilterChainProxy.java:336)
?[0m?[0;34m	at org.springframework.security.web.authentication.AnonymousAuthenticationFilter.doFilter(AnonymousAuthenticationFilter.java:105)
?[0m?[0;34m	at org.springframework.security.web.FilterChainProxy$VirtualFilterChain.doFilter(FilterChainProxy.java:336)
?[0m?[0;34m	at org.springframework.security.web.servletapi.SecurityContextHolderAwareRequestFilter.doFilter(SecurityContextHolderAwareRequestFilter.java:149)
?[0m?[0;34m	at org.springframework.security.web.FilterChainProxy$VirtualFilterChain.doFilter(FilterChainProxy.java:336)
?[0m?[0;34m	at org.springframework.security.web.savedrequest.RequestCacheAwareFilter.doFilter(RequestCacheAwareFilter.java:63)
?[0m?[0;34m	at org.springframework.security.web.FilterChainProxy$VirtualFilterChain.doFilter(FilterChainProxy.java:336)
?[0m?[0;34m	at org.springframework.security.web.authentication.www.BasicAuthenticationFilter.doFilterInternal(BasicAuthenticationFilter.java:178)
?[0m?[0;34m	at org.springframework.web.filter.OncePerRequestFilter.doFilter(OncePerRequestFilter.java:119)
?[0m?[0;34m	at org.springframework.security.web.FilterChainProxy$VirtualFilterChain.doFilter(FilterChainProxy.java:336)
?[0m?[0;34m	at org.springframework.security.web.authentication.logout.LogoutFilter.doFilter(LogoutFilter.java:103)
?[0m?[0;34m	at org.springframework.security.web.authentication.logout.LogoutFilter.doFilter(LogoutFilter.java:89)
?[0m?[0;34m	at org.springframework.security.web.FilterChainProxy$VirtualFilterChain.doFilter(FilterChainProxy.java:336)
?[0m?[0;34m	at org.springframework.security.web.header.HeaderWriterFilter.doHeadersAfter(HeaderWriterFilter.java:90)
?[0m?[0;34m	at org.springframework.security.web.header.HeaderWriterFilter.doFilterInternal(HeaderWriterFilter.java:75)
?[0m?[0;34m	at org.springframework.web.filter.OncePerRequestFilter.doFilter(OncePerRequestFilter.java:119)
?[0m?[0;34m	at org.springframework.security.web.FilterChainProxy$VirtualFilterChain.doFilter(FilterChainProxy.java:336)
?[0m?[0;34m	at org.springframework.security.web.context.SecurityContextPersistenceFilter.doFilter(SecurityContextPersistenceFilter.java:110)
?[0m?[0;34m	at org.springframework.security.web.context.SecurityContextPersistenceFilter.doFilter(SecurityContextPersistenceFilter.java:80)
?[0m?[0;34m	at org.springframework.security.web.FilterChainProxy$VirtualFilterChain.doFilter(FilterChainProxy.java:336)
?[0m?[0;34m	at org.springframework.security.web.context.request.async.WebAsyncManagerIntegrationFilter.doFilterInternal(WebAsyncManagerIntegrationFilter.java:55)
?[0m?[0;34m	at org.springframework.web.filter.OncePerRequestFilter.doFilter(OncePerRequestFilter.java:119)
?[0m?[0;34m	at org.springframework.security.web.FilterChainProxy$VirtualFilterChain.doFilter(FilterChainProxy.java:336)
?[0m?[0;34m	at org.springframework.security.web.FilterChainProxy.doFilterInternal(FilterChainProxy.java:211)
?[0m?[0;34m	at org.springframework.security.web.FilterChainProxy.doFilter(FilterChainProxy.java:183)
?[0m?[0;34m	at org.springframework.web.filter.DelegatingFilterProxy.invokeDelegate(DelegatingFilterProxy.java:358)
?[0m?[0;34m	at org.springframework.web.filter.DelegatingFilterProxy.doFilter(DelegatingFilterProxy.java:271)
?[0m?[0;34m	at jdk.internal.reflect.GeneratedMethodAccessor54.invoke(Unknown Source)
?[0m?[0;34m	at java.base/jdk.internal.reflect.DelegatingMethodAccessorImpl.invoke(DelegatingMethodAccessorImpl.java:43)
?[0m?[0;34m	at java.base/java.lang.reflect.Method.invoke(Method.java:568)
?[0m?[0;34m	at org.apache.catalina.security.SecurityUtil.lambda$execute$0(SecurityUtil.java:280)
?[0m?[0;34m	at java.base/java.security.AccessController.doPrivileged(AccessController.java:712)
?[0m?[0;34m	at java.base/javax.security.auth.Subject.doAsPrivileged(Subject.java:584)
?[0m?[0;34m	at org.apache.catalina.security.SecurityUtil.execute(SecurityUtil.java:311)
?[0m?[0;34m	at org.apache.catalina.security.SecurityUtil.doAsPrivilege(SecurityUtil.java:253)
?[0m?[0;34m	at org.apache.catalina.core.ApplicationFilterChain.internalDoFilter(ApplicationFilterChain.java:187)
?[0m?[0;34m	at org.apache.catalina.core.ApplicationFilterChain.lambda$doFilter$0(ApplicationFilterChain.java:145)
?[0m?[0;34m	at java.base/java.security.AccessController.doPrivileged(AccessController.java:569)
?[0m?[0;34m	at org.apache.catalina.core.ApplicationFilterChain.doFilter(ApplicationFilterChain.java:143)
?[0m?[0;34m	at org.springframework.web.filter.RequestContextFilter.doFilterInternal(RequestContextFilter.java:100)
?[0m?[0;34m	at org.springframework.web.filter.OncePerRequestFilter.doFilter(OncePerRequestFilter.java:119)
?[0m?[0;34m	at jdk.internal.reflect.GeneratedMethodAccessor54.invoke(Unknown Source)
?[0m?[0;34m	at java.base/jdk.internal.reflect.DelegatingMethodAccessorImpl.invoke(DelegatingMethodAccessorImpl.java:43)
?[0m?[0;34m	at java.base/java.lang.reflect.Method.invoke(Method.java:568)
?[0m?[0;34m	at org.apache.catalina.security.SecurityUtil.lambda$execute$0(SecurityUtil.java:280)
?[0m?[0;34m	at java.base/java.security.AccessController.doPrivileged(AccessController.java:712)
?[0m?[0;34m	at java.base/javax.security.auth.Subject.doAsPrivileged(Subject.java:584)
?[0m?[0;34m	at org.apache.catalina.security.SecurityUtil.execute(SecurityUtil.java:311)
?[0m?[0;34m	at org.apache.catalina.security.SecurityUtil.doAsPrivilege(SecurityUtil.java:253)
?[0m?[0;34m	at org.apache.catalina.core.ApplicationFilterChain.internalDoFilter(ApplicationFilterChain.java:187)
?[0m?[0;34m	at org.apache.catalina.core.ApplicationFilterChain.lambda$doFilter$0(ApplicationFilterChain.java:145)
?[0m?[0;34m	at java.base/java.security.AccessController.doPrivileged(AccessController.java:569)
?[0m?[0;34m	at org.apache.catalina.core.ApplicationFilterChain.doFilter(ApplicationFilterChain.java:143)
?[0m?[0;34m	at org.springframework.web.filter.FormContentFilter.doFilterInternal(FormContentFilter.java:93)
?[0m?[0;34m	at org.springframework.web.filter.OncePerRequestFilter.doFilter(OncePerRequestFilter.java:119)
?[0m?[0;34m	at jdk.internal.reflect.GeneratedMethodAccessor54.invoke(Unknown Source)
?[0m?[0;34m	at java.base/jdk.internal.reflect.DelegatingMethodAccessorImpl.invoke(DelegatingMethodAccessorImpl.java:43)
?[0m?[0;34m	at java.base/java.lang.reflect.Method.invoke(Method.java:568)
?[0m?[0;34m	at org.apache.catalina.security.SecurityUtil.lambda$execute$0(SecurityUtil.java:280)
?[0m?[0;34m	at java.base/java.security.AccessController.doPrivileged(AccessController.java:712)
?[0m?[0;34m	at java.base/javax.security.auth.Subject.doAsPrivileged(Subject.java:584)
?[0m?[0;34m	at org.apache.catalina.security.SecurityUtil.execute(SecurityUtil.java:311)
?[0m?[0;34m	at org.apache.catalina.security.SecurityUtil.doAsPrivilege(SecurityUtil.java:253)
?[0m?[0;34m	at org.apache.catalina.core.ApplicationFilterChain.internalDoFilter(ApplicationFilterChain.java:187)
?[0m?[0;34m	at org.apache.catalina.core.ApplicationFilterChain.lambda$doFilter$0(ApplicationFilterChain.java:145)
?[0m?[0;34m	at java.base/java.security.AccessController.doPrivileged(AccessController.java:569)
?[0m?[0;34m	at org.apache.catalina.core.ApplicationFilterChain.doFilter(ApplicationFilterChain.java:143)
?[0m?[0;34m	at org.springframework.boot.actuate.metrics.web.servlet.WebMvcMetricsFilter.doFilterInternal(WebMvcMetricsFilter.java:96)
?[0m?[0;34m	at org.springframework.web.filter.OncePerRequestFilter.doFilter(OncePerRequestFilter.java:119)
?[0m?[0;34m	at jdk.internal.reflect.GeneratedMethodAccessor54.invoke(Unknown Source)
?[0m?[0;34m	at java.base/jdk.internal.reflect.DelegatingMethodAccessorImpl.invoke(DelegatingMethodAccessorImpl.java:43)
?[0m?[0;34m	at java.base/java.lang.reflect.Method.invoke(Method.java:568)
?[0m?[0;34m	at org.apache.catalina.security.SecurityUtil.lambda$execute$0(SecurityUtil.java:280)
?[0m?[0;34m	at java.base/java.security.AccessController.doPrivileged(AccessController.java:712)
?[0m?[0;34m	at java.base/javax.security.auth.Subject.doAsPrivileged(Subject.java:584)
?[0m?[0;34m	at org.apache.catalina.security.SecurityUtil.execute(SecurityUtil.java:311)
?[0m?[0;34m	at org.apache.catalina.security.SecurityUtil.doAsPrivilege(SecurityUtil.java:253)
?[0m?[0;34m	at org.apache.catalina.core.ApplicationFilterChain.internalDoFilter(ApplicationFilterChain.java:187)
?[0m?[0;34m	at org.apache.catalina.core.ApplicationFilterChain.lambda$doFilter$0(ApplicationFilterChain.java:145)
?[0m?[0;34m	at java.base/java.security.AccessController.doPrivileged(AccessController.java:569)
?[0m?[0;34m	at org.apache.catalina.core.ApplicationFilterChain.doFilter(ApplicationFilterChain.java:143)
?[0m?[0;34m	at org.springframework.web.filter.CharacterEncodingFilter.doFilterInternal(CharacterEncodingFilter.java:201)
?[0m?[0;34m	at org.springframework.web.filter.OncePerRequestFilter.doFilter(OncePerRequestFilter.java:119)
?[0m?[0;34m	at jdk.internal.reflect.GeneratedMethodAccessor54.invoke(Unknown Source)
?[0m?[0;34m	at java.base/jdk.internal.reflect.DelegatingMethodAccessorImpl.invoke(DelegatingMethodAccessorImpl.java:43)
?[0m?[0;34m	at java.base/java.lang.reflect.Method.invoke(Method.java:568)
?[0m?[0;34m	at org.apache.catalina.security.SecurityUtil.lambda$execute$0(SecurityUtil.java:280)
?[0m?[0;34m	at java.base/java.security.AccessController.doPrivileged(AccessController.java:712)
?[0m?[0;34m	at java.base/javax.security.auth.Subject.doAsPrivileged(Subject.java:584)
?[0m?[0;34m	at org.apache.catalina.security.SecurityUtil.execute(SecurityUtil.java:311)
?[0m?[0;34m	at org.apache.catalina.security.SecurityUtil.doAsPrivilege(SecurityUtil.java:253)
?[0m?[0;34m	at org.apache.catalina.core.ApplicationFilterChain.internalDoFilter(ApplicationFilterChain.java:187)
?[0m?[0;34m	at org.apache.catalina.core.ApplicationFilterChain.lambda$doFilter$0(ApplicationFilterChain.java:145)
?[0m?[0;34m	at java.base/java.security.AccessController.doPrivileged(AccessController.java:569)
?[0m?[0;34m	at org.apache.catalina.core.ApplicationFilterChain.doFilter(ApplicationFilterChain.java:143)
?[0m?[0;34m	at org.apache.catalina.core.StandardWrapperValve.invoke(StandardWrapperValve.java:197)
?[0m?[0;34m	at org.apache.catalina.core.StandardContextValve.invoke(StandardContextValve.java:97)
?[0m?[0;34m	at org.apache.catalina.authenticator.AuthenticatorBase.invoke(AuthenticatorBase.java:540)
?[0m?[0;34m	at org.apache.catalina.core.StandardHostValve.invoke(StandardHostValve.java:135)
?[0m?[0;34m	at org.apache.catalina.valves.ErrorReportValve.invoke(ErrorReportValve.java:92)
?[0m?[0;34m	at org.apache.catalina.core.StandardEngineValve.invoke(StandardEngineValve.java:78)
?[0m?[0;34m	at org.apache.catalina.connector.CoyoteAdapter.service(CoyoteAdapter.java:357)
?[0m?[0;34m	at org.apache.coyote.http11.Http11Processor.service(Http11Processor.java:382)
?[0m?[0;34m	at org.apache.coyote.AbstractProcessorLight.process(AbstractProcessorLight.java:65)
?[0m?[0;34m	at org.apache.coyote.AbstractProtocol$ConnectionHandler.process(AbstractProtocol.java:895)
?[0m?[0;34m	at org.apache.tomcat.util.net.NioEndpoint$SocketProcessor.doRun(NioEndpoint.java:1722)
?[0m?[0;34m	at org.apache.tomcat.util.net.SocketProcessorBase.run(SocketProcessorBase.java:49)
?[0m?[0;34m	at org.apache.tomcat.util.threads.ThreadPoolExecutor.runWorker(ThreadPoolExecutor.java:1191)
?[0m?[0;34m	at org.apache.tomcat.util.threads.ThreadPoolExecutor$Worker.run(ThreadPoolExecutor.java:659)
?[0m?[0;34m	at org.apache.tomcat.util.threads.TaskThread$WrappingRunnable.run(TaskThread.java:61)
?[0m?[0;34m	at java.base/java.lang.Thread.run(Thread.java:842)
?[0m?[0;34m12:59 DEBUG o.s.s.w.c.HttpSessionSecurityContextRepository - Stored SecurityContextImpl [Authentication=UsernamePasswordAuthenticationToken [Principal=engine.UserDetailsImp@5b015a45, Credentials=[PROTECTED], Authenticated=true, Details=WebAuthenticationDetails [RemoteIpAddress=127.0.0.1, SessionId=null], Granted Authorities=[]]] to HttpSession [org.apache.catalina.session.StandardSessionFacade@5c5f03b1]
?[0m?[0;34m12:59 WARN  o.s.w.s.m.s.DefaultHandlerExceptionResolver - Resolved [org.springframework.http.converter.HttpMessageNotReadableException: JSON parse error: Unexpected character ('"' (code 34)): was expecting comma to separate Object entries; nested exception is com.fasterxml.jackson.core.JsonParseException: Unexpected character ('"' (code 34)): was expecting comma to separate Object entries<LF> at [Source: (PushbackInputStream); line: 4, column: 4]]
?[0m?[0;34m12:59 DEBUG o.s.s.w.c.HttpSessionSecurityContextRepository - Stored SecurityContextImpl [Authentication=UsernamePasswordAuthenticationToken [Principal=engine.UserDetailsImp@5b015a45, Credentials=[PROTECTED], Authenticated=true, Details=WebAuthenticationDetails [RemoteIpAddress=127.0.0.1, SessionId=null], Granted Authorities=[]]] to HttpSession [org.apache.catalina.session.StandardSessionFacade@5c5f03b1]
?[0m?[0;34m12:59 DEBUG o.s.s.w.c.SecurityContextPersistenceFilter - Cleared SecurityContextHolder to complete request
?[0m?[0;34m12:59 DEBUG o.s.security.web.FilterChainProxy - Securing POST /error
?[0m?[0;34m12:59 DEBUG o.s.s.w.c.HttpSessionSecurityContextRepository - Retrieved SecurityContextImpl [Authentication=UsernamePasswordAuthenticationToken [Principal=engine.UserDetailsImp@5b015a45, Credentials=[PROTECTED], Authenticated=true, Details=WebAuthenticationDetails [RemoteIpAddress=127.0.0.1, SessionId=null], Granted Authorities=[]]]
?[0m?[0;34m12:59 DEBUG o.s.s.w.c.SecurityContextPersistenceFilter - Set SecurityContextHolder to SecurityContextImpl [Authentication=UsernamePasswordAuthenticationToken [Principal=engine.UserDetailsImp@5b015a45, Credentials=[PROTECTED], Authenticated=true, Details=WebAuthenticationDetails [RemoteIpAddress=127.0.0.1, SessionId=null], Granted Authorities=[]]]
?[0m?[0;34m12:59 DEBUG o.s.security.web.FilterChainProxy - Secured POST /error
?[0m?[0;34m12:59 DEBUG o.s.s.w.c.SecurityContextPersistenceFilter - Cleared SecurityContextHolder to complete request
?[1;31m
Start test 50?[0m
?[0m?[0;34m12:59 DEBUG o.s.security.web.FilterChainProxy - Securing POST /api/quizzes
?[0m?[0;34m12:59 DEBUG o.s.s.w.c.SecurityContextPersistenceFilter - Set SecurityContextHolder to empty SecurityContext
?[0m?[0;34m
?[0m?[0;34mTHE loadUserByUsername is called with the argument: user@google.com
?[0m?[0;34m
?[0m?[0;34m12:59 DEBUG o.s.s.a.d.DaoAuthenticationProvider - Authenticated user
?[0m?[0;34m12:59 DEBUG o.s.s.w.a.w.BasicAuthenticationFilter - Set SecurityContextHolder to UsernamePasswordAuthenticationToken [Principal=engine.UserDetailsImp@2ca9d7b8, Credentials=[PROTECTED], Authenticated=true, Details=WebAuthenticationDetails [RemoteIpAddress=127.0.0.1, SessionId=null], Granted Authorities=[]]
?[0m?[0;34m12:59 DEBUG o.s.s.w.c.HttpSessionSecurityContextRepository - Created HttpSession as SecurityContext is non-default
?[0m?[0;34m12:59 DEBUG o.s.s.w.c.HttpSessionSecurityContextRepository - Stored SecurityContextImpl [Authentication=UsernamePasswordAuthenticationToken [Principal=engine.UserDetailsImp@2ca9d7b8, Credentials=[PROTECTED], Authenticated=true, Details=WebAuthenticationDetails [RemoteIpAddress=127.0.0.1, SessionId=null], Granted Authorities=[]]] to HttpSession [org.apache.catalina.session.StandardSessionFacade@7c85b390]
?[0m?[0;34m12:59 DEBUG o.s.s.w.u.m.RegexRequestMatcher - Checking match of request : '/api/quizzes'; against '/api/register'
?[0m?[0;34m12:59 DEBUG o.s.s.w.u.m.RegexRequestMatcher - Checking match of request : '/api/quizzes'; against '/actuator/shutdown'
?[0m?[0;34m12:59 DEBUG o.s.security.web.FilterChainProxy - Secured POST /api/quizzes
?[0m?[0;34m12:59 WARN  o.s.w.s.m.m.a.ExceptionHandlerExceptionResolver - Failure in @ExceptionHandler engine.Exceptionist#handleBadRequestExceptions(RuntimeException, WebRequest)
?[0m?[0;34morg.springframework.web.HttpMediaTypeNotAcceptableException: Could not find acceptable representation
?[0m?[0;34m	at org.springframework.web.servlet.mvc.method.annotation.AbstractMessageConverterMethodProcessor.writeWithMessageConverters(AbstractMessageConverterMethodProcessor.java:315)
?[0m?[0;34m	at org.springframework.web.servlet.mvc.method.annotation.HttpEntityMethodProcessor.handleReturnValue(HttpEntityMethodProcessor.java:219)
?[0m?[0;34m	at org.springframework.web.method.support.HandlerMethodReturnValueHandlerComposite.handleReturnValue(HandlerMethodReturnValueHandlerComposite.java:78)
?[0m?[0;34m	at org.springframework.web.servlet.mvc.method.annotation.ServletInvocableHandlerMethod.invokeAndHandle(ServletInvocableHandlerMethod.java:135)
?[0m?[0;34m	at org.springframework.web.servlet.mvc.method.annotation.ExceptionHandlerExceptionResolver.doResolveHandlerMethodException(ExceptionHandlerExceptionResolver.java:428)
?[0m?[0;34m	at org.springframework.web.servlet.handler.AbstractHandlerMethodExceptionResolver.doResolveException(AbstractHandlerMethodExceptionResolver.java:75)
?[0m?[0;34m	at org.springframework.web.servlet.handler.AbstractHandlerExceptionResolver.resolveException(AbstractHandlerExceptionResolver.java:142)
?[0m?[0;34m	at org.springframework.web.servlet.handler.HandlerExceptionResolverComposite.resolveException(HandlerExceptionResolverComposite.java:80)
?[0m?[0;34m	at org.springframework.web.servlet.DispatcherServlet.processHandlerException(DispatcherServlet.java:1327)
?[0m?[0;34m	at org.springframework.web.servlet.DispatcherServlet.processDispatchResult(DispatcherServlet.java:1138)
?[0m?[0;34m	at org.springframework.web.servlet.DispatcherServlet.doDispatch(DispatcherServlet.java:1084)
?[0m?[0;34m	at org.springframework.web.servlet.DispatcherServlet.doService(DispatcherServlet.java:963)
?[0m?[0;34m	at org.springframework.web.servlet.FrameworkServlet.processRequest(FrameworkServlet.java:1006)
?[0m?[0;34m	at org.springframework.web.servlet.FrameworkServlet.doPost(FrameworkServlet.java:909)
?[0m?[0;34m	at javax.servlet.http.HttpServlet.service(HttpServlet.java:681)
?[0m?[0;34m	at org.springframework.web.servlet.FrameworkServlet.service(FrameworkServlet.java:883)
?[0m?[0;34m	at javax.servlet.http.HttpServlet.service(HttpServlet.java:764)
?[0m?[0;34m	at jdk.internal.reflect.GeneratedMethodAccessor64.invoke(Unknown Source)
?[0m?[0;34m	at java.base/jdk.internal.reflect.DelegatingMethodAccessorImpl.invoke(DelegatingMethodAccessorImpl.java:43)
?[0m?[0;34m	at java.base/java.lang.reflect.Method.invoke(Method.java:568)
?[0m?[0;34m	at org.apache.catalina.security.SecurityUtil.lambda$execute$0(SecurityUtil.java:280)
?[0m?[0;34m	at java.base/java.security.AccessController.doPrivileged(AccessController.java:712)
?[0m?[0;34m	at java.base/javax.security.auth.Subject.doAsPrivileged(Subject.java:584)
?[0m?[0;34m	at org.apache.catalina.security.SecurityUtil.execute(SecurityUtil.java:311)
?[0m?[0;34m	at org.apache.catalina.security.SecurityUtil.doAsPrivilege(SecurityUtil.java:170)
?[0m?[0;34m	at org.apache.catalina.core.ApplicationFilterChain.internalDoFilter(ApplicationFilterChain.java:221)
?[0m?[0;34m	at org.apache.catalina.core.ApplicationFilterChain.lambda$doFilter$0(ApplicationFilterChain.java:145)
?[0m?[0;34m	at java.base/java.security.AccessController.doPrivileged(AccessController.java:569)
?[0m?[0;34m	at org.apache.catalina.core.ApplicationFilterChain.doFilter(ApplicationFilterChain.java:143)
?[0m?[0;34m	at org.apache.tomcat.websocket.server.WsFilter.doFilter(WsFilter.java:53)
?[0m?[0;34m	at jdk.internal.reflect.GeneratedMethodAccessor54.invoke(Unknown Source)
?[0m?[0;34m	at java.base/jdk.internal.reflect.DelegatingMethodAccessorImpl.invoke(DelegatingMethodAccessorImpl.java:43)
?[0m?[0;34m	at java.base/java.lang.reflect.Method.invoke(Method.java:568)
?[0m?[0;34m	at org.apache.catalina.security.SecurityUtil.lambda$execute$0(SecurityUtil.java:280)
?[0m?[0;34m	at java.base/java.security.AccessController.doPrivileged(AccessController.java:712)
?[0m?[0;34m	at java.base/javax.security.auth.Subject.doAsPrivileged(Subject.java:584)
?[0m?[0;34m	at org.apache.catalina.security.SecurityUtil.execute(SecurityUtil.java:311)
?[0m?[0;34m	at org.apache.catalina.security.SecurityUtil.doAsPrivilege(SecurityUtil.java:253)
?[0m?[0;34m	at org.apache.catalina.core.ApplicationFilterChain.internalDoFilter(ApplicationFilterChain.java:187)
?[0m?[0;34m	at org.apache.catalina.core.ApplicationFilterChain.lambda$doFilter$0(ApplicationFilterChain.java:145)
?[0m?[0;34m	at java.base/java.security.AccessController.doPrivileged(AccessController.java:569)
?[0m?[0;34m	at org.apache.catalina.core.ApplicationFilterChain.doFilter(ApplicationFilterChain.java:143)
?[0m?[0;34m	at org.springframework.security.web.FilterChainProxy$VirtualFilterChain.doFilter(FilterChainProxy.java:327)
?[0m?[0;34m	at org.springframework.security.web.access.intercept.AuthorizationFilter.doFilterInternal(AuthorizationFilter.java:58)
?[0m?[0;34m	at org.springframework.web.filter.OncePerRequestFilter.doFilter(OncePerRequestFilter.java:119)
?[0m?[0;34m	at org.springframework.security.web.FilterChainProxy$VirtualFilterChain.doFilter(FilterChainProxy.java:336)
?[0m?[0;34m	at org.springframework.security.web.access.ExceptionTranslationFilter.doFilter(ExceptionTranslationFilter.java:121)
?[0m?[0;34m	at org.springframework.security.web.access.ExceptionTranslationFilter.doFilter(ExceptionTranslationFilter.java:115)
?[0m?[0;34m	at org.springframework.security.web.FilterChainProxy$VirtualFilterChain.doFilter(FilterChainProxy.java:336)
?[0m?[0;34m	at org.springframework.security.web.session.SessionManagementFilter.doFilter(SessionManagementFilter.java:126)
?[0m?[0;34m	at org.springframework.security.web.session.SessionManagementFilter.doFilter(SessionManagementFilter.java:81)
?[0m?[0;34m	at org.springframework.security.web.FilterChainProxy$VirtualFilterChain.doFilter(FilterChainProxy.java:336)
?[0m?[0;34m	at org.springframework.security.web.authentication.AnonymousAuthenticationFilter.doFilter(AnonymousAuthenticationFilter.java:105)
?[0m?[0;34m	at org.springframework.security.web.FilterChainProxy$VirtualFilterChain.doFilter(FilterChainProxy.java:336)
?[0m?[0;34m	at org.springframework.security.web.servletapi.SecurityContextHolderAwareRequestFilter.doFilter(SecurityContextHolderAwareRequestFilter.java:149)
?[0m?[0;34m	at org.springframework.security.web.FilterChainProxy$VirtualFilterChain.doFilter(FilterChainProxy.java:336)
?[0m?[0;34m	at org.springframework.security.web.savedrequest.RequestCacheAwareFilter.doFilter(RequestCacheAwareFilter.java:63)
?[0m?[0;34m	at org.springframework.security.web.FilterChainProxy$VirtualFilterChain.doFilter(FilterChainProxy.java:336)
?[0m?[0;34m	at org.springframework.security.web.authentication.www.BasicAuthenticationFilter.doFilterInternal(BasicAuthenticationFilter.java:178)
?[0m?[0;34m	at org.springframework.web.filter.OncePerRequestFilter.doFilter(OncePerRequestFilter.java:119)
?[0m?[0;34m	at org.springframework.security.web.FilterChainProxy$VirtualFilterChain.doFilter(FilterChainProxy.java:336)
?[0m?[0;34m	at org.springframework.security.web.authentication.logout.LogoutFilter.doFilter(LogoutFilter.java:103)
?[0m?[0;34m	at org.springframework.security.web.authentication.logout.LogoutFilter.doFilter(LogoutFilter.java:89)
?[0m?[0;34m	at org.springframework.security.web.FilterChainProxy$VirtualFilterChain.doFilter(FilterChainProxy.java:336)
?[0m?[0;34m	at org.springframework.security.web.header.HeaderWriterFilter.doHeadersAfter(HeaderWriterFilter.java:90)
?[0m?[0;34m	at org.springframework.security.web.header.HeaderWriterFilter.doFilterInternal(HeaderWriterFilter.java:75)
?[0m?[0;34m	at org.springframework.web.filter.OncePerRequestFilter.doFilter(OncePerRequestFilter.java:119)
?[0m?[0;34m	at org.springframework.security.web.FilterChainProxy$VirtualFilterChain.doFilter(FilterChainProxy.java:336)
?[0m?[0;34m	at org.springframework.security.web.context.SecurityContextPersistenceFilter.doFilter(SecurityContextPersistenceFilter.java:110)
?[0m?[0;34m	at org.springframework.security.web.context.SecurityContextPersistenceFilter.doFilter(SecurityContextPersistenceFilter.java:80)
?[0m?[0;34m	at org.springframework.security.web.FilterChainProxy$VirtualFilterChain.doFilter(FilterChainProxy.java:336)
?[0m?[0;34m	at org.springframework.security.web.context.request.async.WebAsyncManagerIntegrationFilter.doFilterInternal(WebAsyncManagerIntegrationFilter.java:55)
?[0m?[0;34m	at org.springframework.web.filter.OncePerRequestFilter.doFilter(OncePerRequestFilter.java:119)
?[0m?[0;34m	at org.springframework.security.web.FilterChainProxy$VirtualFilterChain.doFilter(FilterChainProxy.java:336)
?[0m?[0;34m	at org.springframework.security.web.FilterChainProxy.doFilterInternal(FilterChainProxy.java:211)
?[0m?[0;34m	at org.springframework.security.web.FilterChainProxy.doFilter(FilterChainProxy.java:183)
?[0m?[0;34m	at org.springframework.web.filter.DelegatingFilterProxy.invokeDelegate(DelegatingFilterProxy.java:358)
?[0m?[0;34m	at org.springframework.web.filter.DelegatingFilterProxy.doFilter(DelegatingFilterProxy.java:271)
?[0m?[0;34m	at jdk.internal.reflect.GeneratedMethodAccessor54.invoke(Unknown Source)
?[0m?[0;34m	at java.base/jdk.internal.reflect.DelegatingMethodAccessorImpl.invoke(DelegatingMethodAccessorImpl.java:43)
?[0m?[0;34m	at java.base/java.lang.reflect.Method.invoke(Method.java:568)
?[0m?[0;34m	at org.apache.catalina.security.SecurityUtil.lambda$execute$0(SecurityUtil.java:280)
?[0m?[0;34m	at java.base/java.security.AccessController.doPrivileged(AccessController.java:712)
?[0m?[0;34m	at java.base/javax.security.auth.Subject.doAsPrivileged(Subject.java:584)
?[0m?[0;34m	at org.apache.catalina.security.SecurityUtil.execute(SecurityUtil.java:311)
?[0m?[0;34m	at org.apache.catalina.security.SecurityUtil.doAsPrivilege(SecurityUtil.java:253)
?[0m?[0;34m	at org.apache.catalina.core.ApplicationFilterChain.internalDoFilter(ApplicationFilterChain.java:187)
?[0m?[0;34m	at org.apache.catalina.core.ApplicationFilterChain.lambda$doFilter$0(ApplicationFilterChain.java:145)
?[0m?[0;34m	at java.base/java.security.AccessController.doPrivileged(AccessController.java:569)
?[0m?[0;34m	at org.apache.catalina.core.ApplicationFilterChain.doFilter(ApplicationFilterChain.java:143)
?[0m?[0;34m	at org.springframework.web.filter.RequestContextFilter.doFilterInternal(RequestContextFilter.java:100)
?[0m?[0;34m	at org.springframework.web.filter.OncePerRequestFilter.doFilter(OncePerRequestFilter.java:119)
?[0m?[0;34m	at jdk.internal.reflect.GeneratedMethodAccessor54.invoke(Unknown Source)
?[0m?[0;34m	at java.base/jdk.internal.reflect.DelegatingMethodAccessorImpl.invoke(DelegatingMethodAccessorImpl.java:43)
?[0m?[0;34m	at java.base/java.lang.reflect.Method.invoke(Method.java:568)
?[0m?[0;34m	at org.apache.catalina.security.SecurityUtil.lambda$execute$0(SecurityUtil.java:280)
?[0m?[0;34m	at java.base/java.security.AccessController.doPrivileged(AccessController.java:712)
?[0m?[0;34m	at java.base/javax.security.auth.Subject.doAsPrivileged(Subject.java:584)
?[0m?[0;34m	at org.apache.catalina.security.SecurityUtil.execute(SecurityUtil.java:311)
?[0m?[0;34m	at org.apache.catalina.security.SecurityUtil.doAsPrivilege(SecurityUtil.java:253)
?[0m?[0;34m	at org.apache.catalina.core.ApplicationFilterChain.internalDoFilter(ApplicationFilterChain.java:187)
?[0m?[0;34m	at org.apache.catalina.core.ApplicationFilterChain.lambda$doFilter$0(ApplicationFilterChain.java:145)
?[0m?[0;34m	at java.base/java.security.AccessController.doPrivileged(AccessController.java:569)
?[0m?[0;34m	at org.apache.catalina.core.ApplicationFilterChain.doFilter(ApplicationFilterChain.java:143)
?[0m?[0;34m	at org.springframework.web.filter.FormContentFilter.doFilterInternal(FormContentFilter.java:93)
?[0m?[0;34m	at org.springframework.web.filter.OncePerRequestFilter.doFilter(OncePerRequestFilter.java:119)
?[0m?[0;34m	at jdk.internal.reflect.GeneratedMethodAccessor54.invoke(Unknown Source)
?[0m?[0;34m	at java.base/jdk.internal.reflect.DelegatingMethodAccessorImpl.invoke(DelegatingMethodAccessorImpl.java:43)
?[0m?[0;34m	at java.base/java.lang.reflect.Method.invoke(Method.java:568)
?[0m?[0;34m	at org.apache.catalina.security.SecurityUtil.lambda$execute$0(SecurityUtil.java:280)
?[0m?[0;34m	at java.base/java.security.AccessController.doPrivileged(AccessController.java:712)
?[0m?[0;34m	at java.base/javax.security.auth.Subject.doAsPrivileged(Subject.java:584)
?[0m?[0;34m	at org.apache.catalina.security.SecurityUtil.execute(SecurityUtil.java:311)
?[0m?[0;34m	at org.apache.catalina.security.SecurityUtil.doAsPrivilege(SecurityUtil.java:253)
?[0m?[0;34m	at org.apache.catalina.core.ApplicationFilterChain.internalDoFilter(ApplicationFilterChain.java:187)
?[0m?[0;34m	at org.apache.catalina.core.ApplicationFilterChain.lambda$doFilter$0(ApplicationFilterChain.java:145)
?[0m?[0;34m	at java.base/java.security.AccessController.doPrivileged(AccessController.java:569)
?[0m?[0;34m	at org.apache.catalina.core.ApplicationFilterChain.doFilter(ApplicationFilterChain.java:143)
?[0m?[0;34m	at org.springframework.boot.actuate.metrics.web.servlet.WebMvcMetricsFilter.doFilterInternal(WebMvcMetricsFilter.java:96)
?[0m?[0;34m	at org.springframework.web.filter.OncePerRequestFilter.doFilter(OncePerRequestFilter.java:119)
?[0m?[0;34m	at jdk.internal.reflect.GeneratedMethodAccessor54.invoke(Unknown Source)
?[0m?[0;34m	at java.base/jdk.internal.reflect.DelegatingMethodAccessorImpl.invoke(DelegatingMethodAccessorImpl.java:43)
?[0m?[0;34m	at java.base/java.lang.reflect.Method.invoke(Method.java:568)
?[0m?[0;34m	at org.apache.catalina.security.SecurityUtil.lambda$execute$0(SecurityUtil.java:280)
?[0m?[0;34m	at java.base/java.security.AccessController.doPrivileged(AccessController.java:712)
?[0m?[0;34m	at java.base/javax.security.auth.Subject.doAsPrivileged(Subject.java:584)
?[0m?[0;34m	at org.apache.catalina.security.SecurityUtil.execute(SecurityUtil.java:311)
?[0m?[0;34m	at org.apache.catalina.security.SecurityUtil.doAsPrivilege(SecurityUtil.java:253)
?[0m?[0;34m	at org.apache.catalina.core.ApplicationFilterChain.internalDoFilter(ApplicationFilterChain.java:187)
?[0m?[0;34m	at org.apache.catalina.core.ApplicationFilterChain.lambda$doFilter$0(ApplicationFilterChain.java:145)
?[0m?[0;34m	at java.base/java.security.AccessController.doPrivileged(AccessController.java:569)
?[0m?[0;34m	at org.apache.catalina.core.ApplicationFilterChain.doFilter(ApplicationFilterChain.java:143)
?[0m?[0;34m	at org.springframework.web.filter.CharacterEncodingFilter.doFilterInternal(CharacterEncodingFilter.java:201)
?[0m?[0;34m	at org.springframework.web.filter.OncePerRequestFilter.doFilter(OncePerRequestFilter.java:119)
?[0m?[0;34m	at jdk.internal.reflect.GeneratedMethodAccessor54.invoke(Unknown Source)
?[0m?[0;34m	at java.base/jdk.internal.reflect.DelegatingMethodAccessorImpl.invoke(DelegatingMethodAccessorImpl.java:43)
?[0m?[0;34m	at java.base/java.lang.reflect.Method.invoke(Method.java:568)
?[0m?[0;34m	at org.apache.catalina.security.SecurityUtil.lambda$execute$0(SecurityUtil.java:280)
?[0m?[0;34m	at java.base/java.security.AccessController.doPrivileged(AccessController.java:712)
?[0m?[0;34m	at java.base/javax.security.auth.Subject.doAsPrivileged(Subject.java:584)
?[0m?[0;34m	at org.apache.catalina.security.SecurityUtil.execute(SecurityUtil.java:311)
?[0m?[0;34m	at org.apache.catalina.security.SecurityUtil.doAsPrivilege(SecurityUtil.java:253)
?[0m?[0;34m	at org.apache.catalina.core.ApplicationFilterChain.internalDoFilter(ApplicationFilterChain.java:187)
?[0m?[0;34m	at org.apache.catalina.core.ApplicationFilterChain.lambda$doFilter$0(ApplicationFilterChain.java:145)
?[0m?[0;34m	at java.base/java.security.AccessController.doPrivileged(AccessController.java:569)
?[0m?[0;34m	at org.apache.catalina.core.ApplicationFilterChain.doFilter(ApplicationFilterChain.java:143)
?[0m?[0;34m	at org.apache.catalina.core.StandardWrapperValve.invoke(StandardWrapperValve.java:197)
?[0m?[0;34m	at org.apache.catalina.core.StandardContextValve.invoke(StandardContextValve.java:97)
?[0m?[0;34m	at org.apache.catalina.authenticator.AuthenticatorBase.invoke(AuthenticatorBase.java:540)
?[0m?[0;34m	at org.apache.catalina.core.StandardHostValve.invoke(StandardHostValve.java:135)
?[0m?[0;34m	at org.apache.catalina.valves.ErrorReportValve.invoke(ErrorReportValve.java:92)
?[0m?[0;34m	at org.apache.catalina.core.StandardEngineValve.invoke(StandardEngineValve.java:78)
?[0m?[0;34m	at org.apache.catalina.connector.CoyoteAdapter.service(CoyoteAdapter.java:357)
?[0m?[0;34m	at org.apache.coyote.http11.Http11Processor.service(Http11Processor.java:382)
?[0m?[0;34m	at org.apache.coyote.AbstractProcessorLight.process(AbstractProcessorLight.java:65)
?[0m?[0;34m	at org.apache.coyote.AbstractProtocol$ConnectionHandler.process(AbstractProtocol.java:895)
?[0m?[0;34m	at org.apache.tomcat.util.net.NioEndpoint$SocketProcessor.doRun(NioEndpoint.java:1722)
?[0m?[0;34m	at org.apache.tomcat.util.net.SocketProcessorBase.run(SocketProcessorBase.java:49)
?[0m?[0;34m	at org.apache.tomcat.util.threads.ThreadPoolExecutor.runWorker(ThreadPoolExecutor.java:1191)
?[0m?[0;34m	at org.apache.tomcat.util.threads.ThreadPoolExecutor$Worker.run(ThreadPoolExecutor.java:659)
?[0m?[0;34m	at org.apache.tomcat.util.threads.TaskThread$WrappingRunnable.run(TaskThread.java:61)
?[0m?[0;34m	at java.base/java.lang.Thread.run(Thread.java:842)
?[0m?[0;34m12:59 DEBUG o.s.s.w.c.HttpSessionSecurityContextRepository - Stored SecurityContextImpl [Authentication=UsernamePasswordAuthenticationToken [Principal=engine.UserDetailsImp@2ca9d7b8, Credentials=[PROTECTED], Authenticated=true, Details=WebAuthenticationDetails [RemoteIpAddress=127.0.0.1, SessionId=null], Granted Authorities=[]]] to HttpSession [org.apache.catalina.session.StandardSessionFacade@7c85b390]
?[0m?[0;34m12:59 WARN  o.s.w.s.m.s.DefaultHandlerExceptionResolver - Resolved [org.springframework.http.converter.HttpMessageNotReadableException: JSON parse error: Unexpected character ('"' (code 34)): was expecting comma to separate Object entries; nested exception is com.fasterxml.jackson.core.JsonParseException: Unexpected character ('"' (code 34)): was expecting comma to separate Object entries<LF> at [Source: (PushbackInputStream); line: 5, column: 4]]
?[0m?[0;34m12:59 DEBUG o.s.s.w.c.HttpSessionSecurityContextRepository - Stored SecurityContextImpl [Authentication=UsernamePasswordAuthenticationToken [Principal=engine.UserDetailsImp@2ca9d7b8, Credentials=[PROTECTED], Authenticated=true, Details=WebAuthenticationDetails [RemoteIpAddress=127.0.0.1, SessionId=null], Granted Authorities=[]]] to HttpSession [org.apache.catalina.session.StandardSessionFacade@7c85b390]
?[0m?[0;34m12:59 DEBUG o.s.s.w.c.SecurityContextPersistenceFilter - Cleared SecurityContextHolder to complete request
?[0m?[0;34m12:59 DEBUG o.s.security.web.FilterChainProxy - Securing POST /error
?[0m?[0;34m12:59 DEBUG o.s.s.w.c.HttpSessionSecurityContextRepository - Retrieved SecurityContextImpl [Authentication=UsernamePasswordAuthenticationToken [Principal=engine.UserDetailsImp@2ca9d7b8, Credentials=[PROTECTED], Authenticated=true, Details=WebAuthenticationDetails [RemoteIpAddress=127.0.0.1, SessionId=null], Granted Authorities=[]]]
?[0m?[0;34m12:59 DEBUG o.s.s.w.c.SecurityContextPersistenceFilter - Set SecurityContextHolder to SecurityContextImpl [Authentication=UsernamePasswordAuthenticationToken [Principal=engine.UserDetailsImp@2ca9d7b8, Credentials=[PROTECTED], Authenticated=true, Details=WebAuthenticationDetails [RemoteIpAddress=127.0.0.1, SessionId=null], Granted Authorities=[]]]
?[0m?[0;34m12:59 DEBUG o.s.security.web.FilterChainProxy - Secured POST /error
?[0m?[0;34m12:59 DEBUG o.s.s.w.c.SecurityContextPersistenceFilter - Cleared SecurityContextHolder to complete request
?[1;31m
Start test 51?[0m
?[0m?[0;34m12:59 DEBUG o.s.security.web.FilterChainProxy - Securing POST /api/quizzes
?[0m?[0;34m12:59 DEBUG o.s.s.w.c.SecurityContextPersistenceFilter - Set SecurityContextHolder to empty SecurityContext
?[0m?[0;34m
?[0m?[0;34mTHE loadUserByUsername is called with the argument: test@google.com
?[0m?[0;34m
?[0m?[0;34m12:59 DEBUG o.s.s.a.d.DaoAuthenticationProvider - Authenticated user
?[0m?[0;34m12:59 DEBUG o.s.s.w.a.w.BasicAuthenticationFilter - Set SecurityContextHolder to UsernamePasswordAuthenticationToken [Principal=engine.UserDetailsImp@25d6945, Credentials=[PROTECTED], Authenticated=true, Details=WebAuthenticationDetails [RemoteIpAddress=127.0.0.1, SessionId=null], Granted Authorities=[]]
?[0m?[0;34m12:59 DEBUG o.s.s.w.c.HttpSessionSecurityContextRepository - Created HttpSession as SecurityContext is non-default
?[0m?[0;34m12:59 DEBUG o.s.s.w.c.HttpSessionSecurityContextRepository - Stored SecurityContextImpl [Authentication=UsernamePasswordAuthenticationToken [Principal=engine.UserDetailsImp@25d6945, Credentials=[PROTECTED], Authenticated=true, Details=WebAuthenticationDetails [RemoteIpAddress=127.0.0.1, SessionId=null], Granted Authorities=[]]] to HttpSession [org.apache.catalina.session.StandardSessionFacade@2ecffd38]
?[0m?[0;34m12:59 DEBUG o.s.s.w.u.m.RegexRequestMatcher - Checking match of request : '/api/quizzes'; against '/api/register'
?[0m?[0;34m12:59 DEBUG o.s.s.w.u.m.RegexRequestMatcher - Checking match of request : '/api/quizzes'; against '/actuator/shutdown'
?[0m?[0;34m12:59 DEBUG o.s.security.web.FilterChainProxy - Secured POST /api/quizzes
?[0m?[0;34m12:59 WARN  o.s.w.s.m.m.a.ExceptionHandlerExceptionResolver - Failure in @ExceptionHandler engine.Exceptionist#handleBadRequestExceptions(RuntimeException, WebRequest)
?[0m?[0;34morg.springframework.web.HttpMediaTypeNotAcceptableException: Could not find acceptable representation
?[0m?[0;34m	at org.springframework.web.servlet.mvc.method.annotation.AbstractMessageConverterMethodProcessor.writeWithMessageConverters(AbstractMessageConverterMethodProcessor.java:315)
?[0m?[0;34m	at org.springframework.web.servlet.mvc.method.annotation.HttpEntityMethodProcessor.handleReturnValue(HttpEntityMethodProcessor.java:219)
?[0m?[0;34m	at org.springframework.web.method.support.HandlerMethodReturnValueHandlerComposite.handleReturnValue(HandlerMethodReturnValueHandlerComposite.java:78)
?[0m?[0;34m	at org.springframework.web.servlet.mvc.method.annotation.ServletInvocableHandlerMethod.invokeAndHandle(ServletInvocableHandlerMethod.java:135)
?[0m?[0;34m	at org.springframework.web.servlet.mvc.method.annotation.ExceptionHandlerExceptionResolver.doResolveHandlerMethodException(ExceptionHandlerExceptionResolver.java:428)
?[0m?[0;34m	at org.springframework.web.servlet.handler.AbstractHandlerMethodExceptionResolver.doResolveException(AbstractHandlerMethodExceptionResolver.java:75)
?[0m?[0;34m	at org.springframework.web.servlet.handler.AbstractHandlerExceptionResolver.resolveException(AbstractHandlerExceptionResolver.java:142)
?[0m?[0;34m	at org.springframework.web.servlet.handler.HandlerExceptionResolverComposite.resolveException(HandlerExceptionResolverComposite.java:80)
?[0m?[0;34m	at org.springframework.web.servlet.DispatcherServlet.processHandlerException(DispatcherServlet.java:1327)
?[0m?[0;34m	at org.springframework.web.servlet.DispatcherServlet.processDispatchResult(DispatcherServlet.java:1138)
?[0m?[0;34m	at org.springframework.web.servlet.DispatcherServlet.doDispatch(DispatcherServlet.java:1084)
?[0m?[0;34m	at org.springframework.web.servlet.DispatcherServlet.doService(DispatcherServlet.java:963)
?[0m?[0;34m	at org.springframework.web.servlet.FrameworkServlet.processRequest(FrameworkServlet.java:1006)
?[0m?[0;34m	at org.springframework.web.servlet.FrameworkServlet.doPost(FrameworkServlet.java:909)
?[0m?[0;34m	at javax.servlet.http.HttpServlet.service(HttpServlet.java:681)
?[0m?[0;34m	at org.springframework.web.servlet.FrameworkServlet.service(FrameworkServlet.java:883)
?[0m?[0;34m	at javax.servlet.http.HttpServlet.service(HttpServlet.java:764)
?[0m?[0;34m	at jdk.internal.reflect.GeneratedMethodAccessor64.invoke(Unknown Source)
?[0m?[0;34m	at java.base/jdk.internal.reflect.DelegatingMethodAccessorImpl.invoke(DelegatingMethodAccessorImpl.java:43)
?[0m?[0;34m	at java.base/java.lang.reflect.Method.invoke(Method.java:568)
?[0m?[0;34m	at org.apache.catalina.security.SecurityUtil.lambda$execute$0(SecurityUtil.java:280)
?[0m?[0;34m	at java.base/java.security.AccessController.doPrivileged(AccessController.java:712)
?[0m?[0;34m	at java.base/javax.security.auth.Subject.doAsPrivileged(Subject.java:584)
?[0m?[0;34m	at org.apache.catalina.security.SecurityUtil.execute(SecurityUtil.java:311)
?[0m?[0;34m	at org.apache.catalina.security.SecurityUtil.doAsPrivilege(SecurityUtil.java:170)
?[0m?[0;34m	at org.apache.catalina.core.ApplicationFilterChain.internalDoFilter(ApplicationFilterChain.java:221)
?[0m?[0;34m	at org.apache.catalina.core.ApplicationFilterChain.lambda$doFilter$0(ApplicationFilterChain.java:145)
?[0m?[0;34m	at java.base/java.security.AccessController.doPrivileged(AccessController.java:569)
?[0m?[0;34m	at org.apache.catalina.core.ApplicationFilterChain.doFilter(ApplicationFilterChain.java:143)
?[0m?[0;34m	at org.apache.tomcat.websocket.server.WsFilter.doFilter(WsFilter.java:53)
?[0m?[0;34m	at jdk.internal.reflect.GeneratedMethodAccessor54.invoke(Unknown Source)
?[0m?[0;34m	at java.base/jdk.internal.reflect.DelegatingMethodAccessorImpl.invoke(DelegatingMethodAccessorImpl.java:43)
?[0m?[0;34m	at java.base/java.lang.reflect.Method.invoke(Method.java:568)
?[0m?[0;34m	at org.apache.catalina.security.SecurityUtil.lambda$execute$0(SecurityUtil.java:280)
?[0m?[0;34m	at java.base/java.security.AccessController.doPrivileged(AccessController.java:712)
?[0m?[0;34m	at java.base/javax.security.auth.Subject.doAsPrivileged(Subject.java:584)
?[0m?[0;34m	at org.apache.catalina.security.SecurityUtil.execute(SecurityUtil.java:311)
?[0m?[0;34m	at org.apache.catalina.security.SecurityUtil.doAsPrivilege(SecurityUtil.java:253)
?[0m?[0;34m	at org.apache.catalina.core.ApplicationFilterChain.internalDoFilter(ApplicationFilterChain.java:187)
?[0m?[0;34m	at org.apache.catalina.core.ApplicationFilterChain.lambda$doFilter$0(ApplicationFilterChain.java:145)
?[0m?[0;34m	at java.base/java.security.AccessController.doPrivileged(AccessController.java:569)
?[0m?[0;34m	at org.apache.catalina.core.ApplicationFilterChain.doFilter(ApplicationFilterChain.java:143)
?[0m?[0;34m	at org.springframework.security.web.FilterChainProxy$VirtualFilterChain.doFilter(FilterChainProxy.java:327)
?[0m?[0;34m	at org.springframework.security.web.access.intercept.AuthorizationFilter.doFilterInternal(AuthorizationFilter.java:58)
?[0m?[0;34m	at org.springframework.web.filter.OncePerRequestFilter.doFilter(OncePerRequestFilter.java:119)
?[0m?[0;34m	at org.springframework.security.web.FilterChainProxy$VirtualFilterChain.doFilter(FilterChainProxy.java:336)
?[0m?[0;34m	at org.springframework.security.web.access.ExceptionTranslationFilter.doFilter(ExceptionTranslationFilter.java:121)
?[0m?[0;34m	at org.springframework.security.web.access.ExceptionTranslationFilter.doFilter(ExceptionTranslationFilter.java:115)
?[0m?[0;34m	at org.springframework.security.web.FilterChainProxy$VirtualFilterChain.doFilter(FilterChainProxy.java:336)
?[0m?[0;34m	at org.springframework.security.web.session.SessionManagementFilter.doFilter(SessionManagementFilter.java:126)
?[0m?[0;34m	at org.springframework.security.web.session.SessionManagementFilter.doFilter(SessionManagementFilter.java:81)
?[0m?[0;34m	at org.springframework.security.web.FilterChainProxy$VirtualFilterChain.doFilter(FilterChainProxy.java:336)
?[0m?[0;34m	at org.springframework.security.web.authentication.AnonymousAuthenticationFilter.doFilter(AnonymousAuthenticationFilter.java:105)
?[0m?[0;34m	at org.springframework.security.web.FilterChainProxy$VirtualFilterChain.doFilter(FilterChainProxy.java:336)
?[0m?[0;34m	at org.springframework.security.web.servletapi.SecurityContextHolderAwareRequestFilter.doFilter(SecurityContextHolderAwareRequestFilter.java:149)
?[0m?[0;34m	at org.springframework.security.web.FilterChainProxy$VirtualFilterChain.doFilter(FilterChainProxy.java:336)
?[0m?[0;34m	at org.springframework.security.web.savedrequest.RequestCacheAwareFilter.doFilter(RequestCacheAwareFilter.java:63)
?[0m?[0;34m	at org.springframework.security.web.FilterChainProxy$VirtualFilterChain.doFilter(FilterChainProxy.java:336)
?[0m?[0;34m	at org.springframework.security.web.authentication.www.BasicAuthenticationFilter.doFilterInternal(BasicAuthenticationFilter.java:178)
?[0m?[0;34m	at org.springframework.web.filter.OncePerRequestFilter.doFilter(OncePerRequestFilter.java:119)
?[0m?[0;34m	at org.springframework.security.web.FilterChainProxy$VirtualFilterChain.doFilter(FilterChainProxy.java:336)
?[0m?[0;34m	at org.springframework.security.web.authentication.logout.LogoutFilter.doFilter(LogoutFilter.java:103)
?[0m?[0;34m	at org.springframework.security.web.authentication.logout.LogoutFilter.doFilter(LogoutFilter.java:89)
?[0m?[0;34m	at org.springframework.security.web.FilterChainProxy$VirtualFilterChain.doFilter(FilterChainProxy.java:336)
?[0m?[0;34m	at org.springframework.security.web.header.HeaderWriterFilter.doHeadersAfter(HeaderWriterFilter.java:90)
?[0m?[0;34m	at org.springframework.security.web.header.HeaderWriterFilter.doFilterInternal(HeaderWriterFilter.java:75)
?[0m?[0;34m	at org.springframework.web.filter.OncePerRequestFilter.doFilter(OncePerRequestFilter.java:119)
?[0m?[0;34m	at org.springframework.security.web.FilterChainProxy$VirtualFilterChain.doFilter(FilterChainProxy.java:336)
?[0m?[0;34m	at org.springframework.security.web.context.SecurityContextPersistenceFilter.doFilter(SecurityContextPersistenceFilter.java:110)
?[0m?[0;34m	at org.springframework.security.web.context.SecurityContextPersistenceFilter.doFilter(SecurityContextPersistenceFilter.java:80)
?[0m?[0;34m	at org.springframework.security.web.FilterChainProxy$VirtualFilterChain.doFilter(FilterChainProxy.java:336)
?[0m?[0;34m	at org.springframework.security.web.context.request.async.WebAsyncManagerIntegrationFilter.doFilterInternal(WebAsyncManagerIntegrationFilter.java:55)
?[0m?[0;34m	at org.springframework.web.filter.OncePerRequestFilter.doFilter(OncePerRequestFilter.java:119)
?[0m?[0;34m	at org.springframework.security.web.FilterChainProxy$VirtualFilterChain.doFilter(FilterChainProxy.java:336)
?[0m?[0;34m	at org.springframework.security.web.FilterChainProxy.doFilterInternal(FilterChainProxy.java:211)
?[0m?[0;34m	at org.springframework.security.web.FilterChainProxy.doFilter(FilterChainProxy.java:183)
?[0m?[0;34m	at org.springframework.web.filter.DelegatingFilterProxy.invokeDelegate(DelegatingFilterProxy.java:358)
?[0m?[0;34m	at org.springframework.web.filter.DelegatingFilterProxy.doFilter(DelegatingFilterProxy.java:271)
?[0m?[0;34m	at jdk.internal.reflect.GeneratedMethodAccessor54.invoke(Unknown Source)
?[0m?[0;34m	at java.base/jdk.internal.reflect.DelegatingMethodAccessorImpl.invoke(DelegatingMethodAccessorImpl.java:43)
?[0m?[0;34m	at java.base/java.lang.reflect.Method.invoke(Method.java:568)
?[0m?[0;34m	at org.apache.catalina.security.SecurityUtil.lambda$execute$0(SecurityUtil.java:280)
?[0m?[0;34m	at java.base/java.security.AccessController.doPrivileged(AccessController.java:712)
?[0m?[0;34m	at java.base/javax.security.auth.Subject.doAsPrivileged(Subject.java:584)
?[0m?[0;34m	at org.apache.catalina.security.SecurityUtil.execute(SecurityUtil.java:311)
?[0m?[0;34m	at org.apache.catalina.security.SecurityUtil.doAsPrivilege(SecurityUtil.java:253)
?[0m?[0;34m	at org.apache.catalina.core.ApplicationFilterChain.internalDoFilter(ApplicationFilterChain.java:187)
?[0m?[0;34m	at org.apache.catalina.core.ApplicationFilterChain.lambda$doFilter$0(ApplicationFilterChain.java:145)
?[0m?[0;34m	at java.base/java.security.AccessController.doPrivileged(AccessController.java:569)
?[0m?[0;34m	at org.apache.catalina.core.ApplicationFilterChain.doFilter(ApplicationFilterChain.java:143)
?[0m?[0;34m	at org.springframework.web.filter.RequestContextFilter.doFilterInternal(RequestContextFilter.java:100)
?[0m?[0;34m	at org.springframework.web.filter.OncePerRequestFilter.doFilter(OncePerRequestFilter.java:119)
?[0m?[0;34m	at jdk.internal.reflect.GeneratedMethodAccessor54.invoke(Unknown Source)
?[0m?[0;34m	at java.base/jdk.internal.reflect.DelegatingMethodAccessorImpl.invoke(DelegatingMethodAccessorImpl.java:43)
?[0m?[0;34m	at java.base/java.lang.reflect.Method.invoke(Method.java:568)
?[0m?[0;34m	at org.apache.catalina.security.SecurityUtil.lambda$execute$0(SecurityUtil.java:280)
?[0m?[0;34m	at java.base/java.security.AccessController.doPrivileged(AccessController.java:712)
?[0m?[0;34m	at java.base/javax.security.auth.Subject.doAsPrivileged(Subject.java:584)
?[0m?[0;34m	at org.apache.catalina.security.SecurityUtil.execute(SecurityUtil.java:311)
?[0m?[0;34m	at org.apache.catalina.security.SecurityUtil.doAsPrivilege(SecurityUtil.java:253)
?[0m?[0;34m	at org.apache.catalina.core.ApplicationFilterChain.internalDoFilter(ApplicationFilterChain.java:187)
?[0m?[0;34m	at org.apache.catalina.core.ApplicationFilterChain.lambda$doFilter$0(ApplicationFilterChain.java:145)
?[0m?[0;34m	at java.base/java.security.AccessController.doPrivileged(AccessController.java:569)
?[0m?[0;34m	at org.apache.catalina.core.ApplicationFilterChain.doFilter(ApplicationFilterChain.java:143)
?[0m?[0;34m	at org.springframework.web.filter.FormContentFilter.doFilterInternal(FormContentFilter.java:93)
?[0m?[0;34m	at org.springframework.web.filter.OncePerRequestFilter.doFilter(OncePerRequestFilter.java:119)
?[0m?[0;34m	at jdk.internal.reflect.GeneratedMethodAccessor54.invoke(Unknown Source)
?[0m?[0;34m	at java.base/jdk.internal.reflect.DelegatingMethodAccessorImpl.invoke(DelegatingMethodAccessorImpl.java:43)
?[0m?[0;34m	at java.base/java.lang.reflect.Method.invoke(Method.java:568)
?[0m?[0;34m	at org.apache.catalina.security.SecurityUtil.lambda$execute$0(SecurityUtil.java:280)
?[0m?[0;34m	at java.base/java.security.AccessController.doPrivileged(AccessController.java:712)
?[0m?[0;34m	at java.base/javax.security.auth.Subject.doAsPrivileged(Subject.java:584)
?[0m?[0;34m	at org.apache.catalina.security.SecurityUtil.execute(SecurityUtil.java:311)
?[0m?[0;34m	at org.apache.catalina.security.SecurityUtil.doAsPrivilege(SecurityUtil.java:253)
?[0m?[0;34m	at org.apache.catalina.core.ApplicationFilterChain.internalDoFilter(ApplicationFilterChain.java:187)
?[0m?[0;34m	at org.apache.catalina.core.ApplicationFilterChain.lambda$doFilter$0(ApplicationFilterChain.java:145)
?[0m?[0;34m	at java.base/java.security.AccessController.doPrivileged(AccessController.java:569)
?[0m?[0;34m	at org.apache.catalina.core.ApplicationFilterChain.doFilter(ApplicationFilterChain.java:143)
?[0m?[0;34m	at org.springframework.boot.actuate.metrics.web.servlet.WebMvcMetricsFilter.doFilterInternal(WebMvcMetricsFilter.java:96)
?[0m?[0;34m	at org.springframework.web.filter.OncePerRequestFilter.doFilter(OncePerRequestFilter.java:119)
?[0m?[0;34m	at jdk.internal.reflect.GeneratedMethodAccessor54.invoke(Unknown Source)
?[0m?[0;34m	at java.base/jdk.internal.reflect.DelegatingMethodAccessorImpl.invoke(DelegatingMethodAccessorImpl.java:43)
?[0m?[0;34m	at java.base/java.lang.reflect.Method.invoke(Method.java:568)
?[0m?[0;34m	at org.apache.catalina.security.SecurityUtil.lambda$execute$0(SecurityUtil.java:280)
?[0m?[0;34m	at java.base/java.security.AccessController.doPrivileged(AccessController.java:712)
?[0m?[0;34m	at java.base/javax.security.auth.Subject.doAsPrivileged(Subject.java:584)
?[0m?[0;34m	at org.apache.catalina.security.SecurityUtil.execute(SecurityUtil.java:311)
?[0m?[0;34m	at org.apache.catalina.security.SecurityUtil.doAsPrivilege(SecurityUtil.java:253)
?[0m?[0;34m	at org.apache.catalina.core.ApplicationFilterChain.internalDoFilter(ApplicationFilterChain.java:187)
?[0m?[0;34m	at org.apache.catalina.core.ApplicationFilterChain.lambda$doFilter$0(ApplicationFilterChain.java:145)
?[0m?[0;34m	at java.base/java.security.AccessController.doPrivileged(AccessController.java:569)
?[0m?[0;34m	at org.apache.catalina.core.ApplicationFilterChain.doFilter(ApplicationFilterChain.java:143)
?[0m?[0;34m	at org.springframework.web.filter.CharacterEncodingFilter.doFilterInternal(CharacterEncodingFilter.java:201)
?[0m?[0;34m	at org.springframework.web.filter.OncePerRequestFilter.doFilter(OncePerRequestFilter.java:119)
?[0m?[0;34m	at jdk.internal.reflect.GeneratedMethodAccessor54.invoke(Unknown Source)
?[0m?[0;34m	at java.base/jdk.internal.reflect.DelegatingMethodAccessorImpl.invoke(DelegatingMethodAccessorImpl.java:43)
?[0m?[0;34m	at java.base/java.lang.reflect.Method.invoke(Method.java:568)
?[0m?[0;34m	at org.apache.catalina.security.SecurityUtil.lambda$execute$0(SecurityUtil.java:280)
?[0m?[0;34m	at java.base/java.security.AccessController.doPrivileged(AccessController.java:712)
?[0m?[0;34m	at java.base/javax.security.auth.Subject.doAsPrivileged(Subject.java:584)
?[0m?[0;34m	at org.apache.catalina.security.SecurityUtil.execute(SecurityUtil.java:311)
?[0m?[0;34m	at org.apache.catalina.security.SecurityUtil.doAsPrivilege(SecurityUtil.java:253)
?[0m?[0;34m	at org.apache.catalina.core.ApplicationFilterChain.internalDoFilter(ApplicationFilterChain.java:187)
?[0m?[0;34m	at org.apache.catalina.core.ApplicationFilterChain.lambda$doFilter$0(ApplicationFilterChain.java:145)
?[0m?[0;34m	at java.base/java.security.AccessController.doPrivileged(AccessController.java:569)
?[0m?[0;34m	at org.apache.catalina.core.ApplicationFilterChain.doFilter(ApplicationFilterChain.java:143)
?[0m?[0;34m	at org.apache.catalina.core.StandardWrapperValve.invoke(StandardWrapperValve.java:197)
?[0m?[0;34m	at org.apache.catalina.core.StandardContextValve.invoke(StandardContextValve.java:97)
?[0m?[0;34m	at org.apache.catalina.authenticator.AuthenticatorBase.invoke(AuthenticatorBase.java:540)
?[0m?[0;34m	at org.apache.catalina.core.StandardHostValve.invoke(StandardHostValve.java:135)
?[0m?[0;34m	at org.apache.catalina.valves.ErrorReportValve.invoke(ErrorReportValve.java:92)
?[0m?[0;34m	at org.apache.catalina.core.StandardEngineValve.invoke(StandardEngineValve.java:78)
?[0m?[0;34m	at org.apache.catalina.connector.CoyoteAdapter.service(CoyoteAdapter.java:357)
?[0m?[0;34m	at org.apache.coyote.http11.Http11Processor.service(Http11Processor.java:382)
?[0m?[0;34m	at org.apache.coyote.AbstractProcessorLight.process(AbstractProcessorLight.java:65)
?[0m?[0;34m	at org.apache.coyote.AbstractProtocol$ConnectionHandler.process(AbstractProtocol.java:895)
?[0m?[0;34m	at org.apache.tomcat.util.net.NioEndpoint$SocketProcessor.doRun(NioEndpoint.java:1722)
?[0m?[0;34m	at org.apache.tomcat.util.net.SocketProcessorBase.run(SocketProcessorBase.java:49)
?[0m?[0;34m	at org.apache.tomcat.util.threads.ThreadPoolExecutor.runWorker(ThreadPoolExecutor.java:1191)
?[0m?[0;34m	at org.apache.tomcat.util.threads.ThreadPoolExecutor$Worker.run(ThreadPoolExecutor.java:659)
?[0m?[0;34m	at org.apache.tomcat.util.threads.TaskThread$WrappingRunnable.run(TaskThread.java:61)
?[0m?[0;34m	at java.base/java.lang.Thread.run(Thread.java:842)
?[0m?[0;34m12:59 DEBUG o.s.s.w.c.HttpSessionSecurityContextRepository - Stored SecurityContextImpl [Authentication=UsernamePasswordAuthenticationToken [Principal=engine.UserDetailsImp@25d6945, Credentials=[PROTECTED], Authenticated=true, Details=WebAuthenticationDetails [RemoteIpAddress=127.0.0.1, SessionId=null], Granted Authorities=[]]] to HttpSession [org.apache.catalina.session.StandardSessionFacade@2ecffd38]
?[0m?[0;34m12:59 WARN  o.s.w.s.m.s.DefaultHandlerExceptionResolver - Resolved [org.springframework.http.converter.HttpMessageNotReadableException: JSON parse error: Unexpected character ('"' (code 34)): was expecting comma to separate Object entries; nested exception is com.fasterxml.jackson.core.JsonParseException: Unexpected character ('"' (code 34)): was expecting comma to separate Object entries<LF> at [Source: (PushbackInputStream); line: 4, column: 4]]
?[0m?[0;34m12:59 DEBUG o.s.s.w.c.HttpSessionSecurityContextRepository - Stored SecurityContextImpl [Authentication=UsernamePasswordAuthenticationToken [Principal=engine.UserDetailsImp@25d6945, Credentials=[PROTECTED], Authenticated=true, Details=WebAuthenticationDetails [RemoteIpAddress=127.0.0.1, SessionId=null], Granted Authorities=[]]] to HttpSession [org.apache.catalina.session.StandardSessionFacade@2ecffd38]
?[0m?[0;34m12:59 DEBUG o.s.s.w.c.SecurityContextPersistenceFilter - Cleared SecurityContextHolder to complete request
?[0m?[0;34m12:59 DEBUG o.s.security.web.FilterChainProxy - Securing POST /error
?[0m?[0;34m12:59 DEBUG o.s.s.w.c.HttpSessionSecurityContextRepository - Retrieved SecurityContextImpl [Authentication=UsernamePasswordAuthenticationToken [Principal=engine.UserDetailsImp@25d6945, Credentials=[PROTECTED], Authenticated=true, Details=WebAuthenticationDetails [RemoteIpAddress=127.0.0.1, SessionId=null], Granted Authorities=[]]]
?[0m?[0;34m12:59 DEBUG o.s.s.w.c.SecurityContextPersistenceFilter - Set SecurityContextHolder to SecurityContextImpl [Authentication=UsernamePasswordAuthenticationToken [Principal=engine.UserDetailsImp@25d6945, Credentials=[PROTECTED], Authenticated=true, Details=WebAuthenticationDetails [RemoteIpAddress=127.0.0.1, SessionId=null], Granted Authorities=[]]]
?[0m?[0;34m12:59 DEBUG o.s.security.web.FilterChainProxy - Secured POST /error
?[0m?[0;34m12:59 DEBUG o.s.s.w.c.SecurityContextPersistenceFilter - Cleared SecurityContextHolder to complete request
?[1;31m
Start test 52?[0m
?[0m?[0;34m12:59 DEBUG o.s.security.web.FilterChainProxy - Securing POST /api/quizzes
?[0m?[0;34m12:59 DEBUG o.s.s.w.c.SecurityContextPersistenceFilter - Set SecurityContextHolder to empty SecurityContext
?[0m?[0;34m
?[0m?[0;34mTHE loadUserByUsername is called with the argument: user@google.com
?[0m?[0;34m
?[0m?[0;34m12:59 DEBUG o.s.s.a.d.DaoAuthenticationProvider - Authenticated user
?[0m?[0;34m12:59 DEBUG o.s.s.w.a.w.BasicAuthenticationFilter - Set SecurityContextHolder to UsernamePasswordAuthenticationToken [Principal=engine.UserDetailsImp@53c3271d, Credentials=[PROTECTED], Authenticated=true, Details=WebAuthenticationDetails [RemoteIpAddress=127.0.0.1, SessionId=null], Granted Authorities=[]]
?[0m?[0;34m12:59 DEBUG o.s.s.w.c.HttpSessionSecurityContextRepository - Created HttpSession as SecurityContext is non-default
?[0m?[0;34m12:59 DEBUG o.s.s.w.c.HttpSessionSecurityContextRepository - Stored SecurityContextImpl [Authentication=UsernamePasswordAuthenticationToken [Principal=engine.UserDetailsImp@53c3271d, Credentials=[PROTECTED], Authenticated=true, Details=WebAuthenticationDetails [RemoteIpAddress=127.0.0.1, SessionId=null], Granted Authorities=[]]] to HttpSession [org.apache.catalina.session.StandardSessionFacade@b1e4c1e]
?[0m?[0;34m12:59 DEBUG o.s.s.w.u.m.RegexRequestMatcher - Checking match of request : '/api/quizzes'; against '/api/register'
?[0m?[0;34m12:59 DEBUG o.s.s.w.u.m.RegexRequestMatcher - Checking match of request : '/api/quizzes'; against '/actuator/shutdown'
?[0m?[0;34m12:59 DEBUG o.s.security.web.FilterChainProxy - Secured POST /api/quizzes
?[0m?[0;34m12:59 WARN  o.s.w.s.m.m.a.ExceptionHandlerExceptionResolver - Failure in @ExceptionHandler engine.Exceptionist#handleBadRequestExceptions(RuntimeException, WebRequest)
?[0m?[0;34morg.springframework.web.HttpMediaTypeNotAcceptableException: Could not find acceptable representation
?[0m?[0;34m	at org.springframework.web.servlet.mvc.method.annotation.AbstractMessageConverterMethodProcessor.writeWithMessageConverters(AbstractMessageConverterMethodProcessor.java:315)
?[0m?[0;34m	at org.springframework.web.servlet.mvc.method.annotation.HttpEntityMethodProcessor.handleReturnValue(HttpEntityMethodProcessor.java:219)
?[0m?[0;34m	at org.springframework.web.method.support.HandlerMethodReturnValueHandlerComposite.handleReturnValue(HandlerMethodReturnValueHandlerComposite.java:78)
?[0m?[0;34m	at org.springframework.web.servlet.mvc.method.annotation.ServletInvocableHandlerMethod.invokeAndHandle(ServletInvocableHandlerMethod.java:135)
?[0m?[0;34m	at org.springframework.web.servlet.mvc.method.annotation.ExceptionHandlerExceptionResolver.doResolveHandlerMethodException(ExceptionHandlerExceptionResolver.java:428)
?[0m?[0;34m	at org.springframework.web.servlet.handler.AbstractHandlerMethodExceptionResolver.doResolveException(AbstractHandlerMethodExceptionResolver.java:75)
?[0m?[0;34m	at org.springframework.web.servlet.handler.AbstractHandlerExceptionResolver.resolveException(AbstractHandlerExceptionResolver.java:142)
?[0m?[0;34m	at org.springframework.web.servlet.handler.HandlerExceptionResolverComposite.resolveException(HandlerExceptionResolverComposite.java:80)
?[0m?[0;34m	at org.springframework.web.servlet.DispatcherServlet.processHandlerException(DispatcherServlet.java:1327)
?[0m?[0;34m	at org.springframework.web.servlet.DispatcherServlet.processDispatchResult(DispatcherServlet.java:1138)
?[0m?[0;34m	at org.springframework.web.servlet.DispatcherServlet.doDispatch(DispatcherServlet.java:1084)
?[0m?[0;34m	at org.springframework.web.servlet.DispatcherServlet.doService(DispatcherServlet.java:963)
?[0m?[0;34m	at org.springframework.web.servlet.FrameworkServlet.processRequest(FrameworkServlet.java:1006)
?[0m?[0;34m	at org.springframework.web.servlet.FrameworkServlet.doPost(FrameworkServlet.java:909)
?[0m?[0;34m	at javax.servlet.http.HttpServlet.service(HttpServlet.java:681)
?[0m?[0;34m	at org.springframework.web.servlet.FrameworkServlet.service(FrameworkServlet.java:883)
?[0m?[0;34m	at javax.servlet.http.HttpServlet.service(HttpServlet.java:764)
?[0m?[0;34m	at jdk.internal.reflect.GeneratedMethodAccessor64.invoke(Unknown Source)
?[0m?[0;34m	at java.base/jdk.internal.reflect.DelegatingMethodAccessorImpl.invoke(DelegatingMethodAccessorImpl.java:43)
?[0m?[0;34m	at java.base/java.lang.reflect.Method.invoke(Method.java:568)
?[0m?[0;34m	at org.apache.catalina.security.SecurityUtil.lambda$execute$0(SecurityUtil.java:280)
?[0m?[0;34m	at java.base/java.security.AccessController.doPrivileged(AccessController.java:712)
?[0m?[0;34m	at java.base/javax.security.auth.Subject.doAsPrivileged(Subject.java:584)
?[0m?[0;34m	at org.apache.catalina.security.SecurityUtil.execute(SecurityUtil.java:311)
?[0m?[0;34m	at org.apache.catalina.security.SecurityUtil.doAsPrivilege(SecurityUtil.java:170)
?[0m?[0;34m	at org.apache.catalina.core.ApplicationFilterChain.internalDoFilter(ApplicationFilterChain.java:221)
?[0m?[0;34m	at org.apache.catalina.core.ApplicationFilterChain.lambda$doFilter$0(ApplicationFilterChain.java:145)
?[0m?[0;34m	at java.base/java.security.AccessController.doPrivileged(AccessController.java:569)
?[0m?[0;34m	at org.apache.catalina.core.ApplicationFilterChain.doFilter(ApplicationFilterChain.java:143)
?[0m?[0;34m	at org.apache.tomcat.websocket.server.WsFilter.doFilter(WsFilter.java:53)
?[0m?[0;34m	at jdk.internal.reflect.GeneratedMethodAccessor54.invoke(Unknown Source)
?[0m?[0;34m	at java.base/jdk.internal.reflect.DelegatingMethodAccessorImpl.invoke(DelegatingMethodAccessorImpl.java:43)
?[0m?[0;34m	at java.base/java.lang.reflect.Method.invoke(Method.java:568)
?[0m?[0;34m	at org.apache.catalina.security.SecurityUtil.lambda$execute$0(SecurityUtil.java:280)
?[0m?[0;34m	at java.base/java.security.AccessController.doPrivileged(AccessController.java:712)
?[0m?[0;34m	at java.base/javax.security.auth.Subject.doAsPrivileged(Subject.java:584)
?[0m?[0;34m	at org.apache.catalina.security.SecurityUtil.execute(SecurityUtil.java:311)
?[0m?[0;34m	at org.apache.catalina.security.SecurityUtil.doAsPrivilege(SecurityUtil.java:253)
?[0m?[0;34m	at org.apache.catalina.core.ApplicationFilterChain.internalDoFilter(ApplicationFilterChain.java:187)
?[0m?[0;34m	at org.apache.catalina.core.ApplicationFilterChain.lambda$doFilter$0(ApplicationFilterChain.java:145)
?[0m?[0;34m	at java.base/java.security.AccessController.doPrivileged(AccessController.java:569)
?[0m?[0;34m	at org.apache.catalina.core.ApplicationFilterChain.doFilter(ApplicationFilterChain.java:143)
?[0m?[0;34m	at org.springframework.security.web.FilterChainProxy$VirtualFilterChain.doFilter(FilterChainProxy.java:327)
?[0m?[0;34m	at org.springframework.security.web.access.intercept.AuthorizationFilter.doFilterInternal(AuthorizationFilter.java:58)
?[0m?[0;34m	at org.springframework.web.filter.OncePerRequestFilter.doFilter(OncePerRequestFilter.java:119)
?[0m?[0;34m	at org.springframework.security.web.FilterChainProxy$VirtualFilterChain.doFilter(FilterChainProxy.java:336)
?[0m?[0;34m	at org.springframework.security.web.access.ExceptionTranslationFilter.doFilter(ExceptionTranslationFilter.java:121)
?[0m?[0;34m	at org.springframework.security.web.access.ExceptionTranslationFilter.doFilter(ExceptionTranslationFilter.java:115)
?[0m?[0;34m	at org.springframework.security.web.FilterChainProxy$VirtualFilterChain.doFilter(FilterChainProxy.java:336)
?[0m?[0;34m	at org.springframework.security.web.session.SessionManagementFilter.doFilter(SessionManagementFilter.java:126)
?[0m?[0;34m	at org.springframework.security.web.session.SessionManagementFilter.doFilter(SessionManagementFilter.java:81)
?[0m?[0;34m	at org.springframework.security.web.FilterChainProxy$VirtualFilterChain.doFilter(FilterChainProxy.java:336)
?[0m?[0;34m	at org.springframework.security.web.authentication.AnonymousAuthenticationFilter.doFilter(AnonymousAuthenticationFilter.java:105)
?[0m?[0;34m	at org.springframework.security.web.FilterChainProxy$VirtualFilterChain.doFilter(FilterChainProxy.java:336)
?[0m?[0;34m	at org.springframework.security.web.servletapi.SecurityContextHolderAwareRequestFilter.doFilter(SecurityContextHolderAwareRequestFilter.java:149)
?[0m?[0;34m	at org.springframework.security.web.FilterChainProxy$VirtualFilterChain.doFilter(FilterChainProxy.java:336)
?[0m?[0;34m	at org.springframework.security.web.savedrequest.RequestCacheAwareFilter.doFilter(RequestCacheAwareFilter.java:63)
?[0m?[0;34m	at org.springframework.security.web.FilterChainProxy$VirtualFilterChain.doFilter(FilterChainProxy.java:336)
?[0m?[0;34m	at org.springframework.security.web.authentication.www.BasicAuthenticationFilter.doFilterInternal(BasicAuthenticationFilter.java:178)
?[0m?[0;34m	at org.springframework.web.filter.OncePerRequestFilter.doFilter(OncePerRequestFilter.java:119)
?[0m?[0;34m	at org.springframework.security.web.FilterChainProxy$VirtualFilterChain.doFilter(FilterChainProxy.java:336)
?[0m?[0;34m	at org.springframework.security.web.authentication.logout.LogoutFilter.doFilter(LogoutFilter.java:103)
?[0m?[0;34m	at org.springframework.security.web.authentication.logout.LogoutFilter.doFilter(LogoutFilter.java:89)
?[0m?[0;34m	at org.springframework.security.web.FilterChainProxy$VirtualFilterChain.doFilter(FilterChainProxy.java:336)
?[0m?[0;34m	at org.springframework.security.web.header.HeaderWriterFilter.doHeadersAfter(HeaderWriterFilter.java:90)
?[0m?[0;34m	at org.springframework.security.web.header.HeaderWriterFilter.doFilterInternal(HeaderWriterFilter.java:75)
?[0m?[0;34m	at org.springframework.web.filter.OncePerRequestFilter.doFilter(OncePerRequestFilter.java:119)
?[0m?[0;34m	at org.springframework.security.web.FilterChainProxy$VirtualFilterChain.doFilter(FilterChainProxy.java:336)
?[0m?[0;34m	at org.springframework.security.web.context.SecurityContextPersistenceFilter.doFilter(SecurityContextPersistenceFilter.java:110)
?[0m?[0;34m	at org.springframework.security.web.context.SecurityContextPersistenceFilter.doFilter(SecurityContextPersistenceFilter.java:80)
?[0m?[0;34m	at org.springframework.security.web.FilterChainProxy$VirtualFilterChain.doFilter(FilterChainProxy.java:336)
?[0m?[0;34m	at org.springframework.security.web.context.request.async.WebAsyncManagerIntegrationFilter.doFilterInternal(WebAsyncManagerIntegrationFilter.java:55)
?[0m?[0;34m	at org.springframework.web.filter.OncePerRequestFilter.doFilter(OncePerRequestFilter.java:119)
?[0m?[0;34m	at org.springframework.security.web.FilterChainProxy$VirtualFilterChain.doFilter(FilterChainProxy.java:336)
?[0m?[0;34m	at org.springframework.security.web.FilterChainProxy.doFilterInternal(FilterChainProxy.java:211)
?[0m?[0;34m	at org.springframework.security.web.FilterChainProxy.doFilter(FilterChainProxy.java:183)
?[0m?[0;34m	at org.springframework.web.filter.DelegatingFilterProxy.invokeDelegate(DelegatingFilterProxy.java:358)
?[0m?[0;34m	at org.springframework.web.filter.DelegatingFilterProxy.doFilter(DelegatingFilterProxy.java:271)
?[0m?[0;34m	at jdk.internal.reflect.GeneratedMethodAccessor54.invoke(Unknown Source)
?[0m?[0;34m	at java.base/jdk.internal.reflect.DelegatingMethodAccessorImpl.invoke(DelegatingMethodAccessorImpl.java:43)
?[0m?[0;34m	at java.base/java.lang.reflect.Method.invoke(Method.java:568)
?[0m?[0;34m	at org.apache.catalina.security.SecurityUtil.lambda$execute$0(SecurityUtil.java:280)
?[0m?[0;34m	at java.base/java.security.AccessController.doPrivileged(AccessController.java:712)
?[0m?[0;34m	at java.base/javax.security.auth.Subject.doAsPrivileged(Subject.java:584)
?[0m?[0;34m	at org.apache.catalina.security.SecurityUtil.execute(SecurityUtil.java:311)
?[0m?[0;34m	at org.apache.catalina.security.SecurityUtil.doAsPrivilege(SecurityUtil.java:253)
?[0m?[0;34m	at org.apache.catalina.core.ApplicationFilterChain.internalDoFilter(ApplicationFilterChain.java:187)
?[0m?[0;34m	at org.apache.catalina.core.ApplicationFilterChain.lambda$doFilter$0(ApplicationFilterChain.java:145)
?[0m?[0;34m	at java.base/java.security.AccessController.doPrivileged(AccessController.java:569)
?[0m?[0;34m	at org.apache.catalina.core.ApplicationFilterChain.doFilter(ApplicationFilterChain.java:143)
?[0m?[0;34m	at org.springframework.web.filter.RequestContextFilter.doFilterInternal(RequestContextFilter.java:100)
?[0m?[0;34m	at org.springframework.web.filter.OncePerRequestFilter.doFilter(OncePerRequestFilter.java:119)
?[0m?[0;34m	at jdk.internal.reflect.GeneratedMethodAccessor54.invoke(Unknown Source)
?[0m?[0;34m	at java.base/jdk.internal.reflect.DelegatingMethodAccessorImpl.invoke(DelegatingMethodAccessorImpl.java:43)
?[0m?[0;34m	at java.base/java.lang.reflect.Method.invoke(Method.java:568)
?[0m?[0;34m	at org.apache.catalina.security.SecurityUtil.lambda$execute$0(SecurityUtil.java:280)
?[0m?[0;34m	at java.base/java.security.AccessController.doPrivileged(AccessController.java:712)
?[0m?[0;34m	at java.base/javax.security.auth.Subject.doAsPrivileged(Subject.java:584)
?[0m?[0;34m	at org.apache.catalina.security.SecurityUtil.execute(SecurityUtil.java:311)
?[0m?[0;34m	at org.apache.catalina.security.SecurityUtil.doAsPrivilege(SecurityUtil.java:253)
?[0m?[0;34m	at org.apache.catalina.core.ApplicationFilterChain.internalDoFilter(ApplicationFilterChain.java:187)
?[0m?[0;34m	at org.apache.catalina.core.ApplicationFilterChain.lambda$doFilter$0(ApplicationFilterChain.java:145)
?[0m?[0;34m	at java.base/java.security.AccessController.doPrivileged(AccessController.java:569)
?[0m?[0;34m	at org.apache.catalina.core.ApplicationFilterChain.doFilter(ApplicationFilterChain.java:143)
?[0m?[0;34m	at org.springframework.web.filter.FormContentFilter.doFilterInternal(FormContentFilter.java:93)
?[0m?[0;34m	at org.springframework.web.filter.OncePerRequestFilter.doFilter(OncePerRequestFilter.java:119)
?[0m?[0;34m	at jdk.internal.reflect.GeneratedMethodAccessor54.invoke(Unknown Source)
?[0m?[0;34m	at java.base/jdk.internal.reflect.DelegatingMethodAccessorImpl.invoke(DelegatingMethodAccessorImpl.java:43)
?[0m?[0;34m	at java.base/java.lang.reflect.Method.invoke(Method.java:568)
?[0m?[0;34m	at org.apache.catalina.security.SecurityUtil.lambda$execute$0(SecurityUtil.java:280)
?[0m?[0;34m	at java.base/java.security.AccessController.doPrivileged(AccessController.java:712)
?[0m?[0;34m	at java.base/javax.security.auth.Subject.doAsPrivileged(Subject.java:584)
?[0m?[0;34m	at org.apache.catalina.security.SecurityUtil.execute(SecurityUtil.java:311)
?[0m?[0;34m	at org.apache.catalina.security.SecurityUtil.doAsPrivilege(SecurityUtil.java:253)
?[0m?[0;34m	at org.apache.catalina.core.ApplicationFilterChain.internalDoFilter(ApplicationFilterChain.java:187)
?[0m?[0;34m	at org.apache.catalina.core.ApplicationFilterChain.lambda$doFilter$0(ApplicationFilterChain.java:145)
?[0m?[0;34m	at java.base/java.security.AccessController.doPrivileged(AccessController.java:569)
?[0m?[0;34m	at org.apache.catalina.core.ApplicationFilterChain.doFilter(ApplicationFilterChain.java:143)
?[0m?[0;34m	at org.springframework.boot.actuate.metrics.web.servlet.WebMvcMetricsFilter.doFilterInternal(WebMvcMetricsFilter.java:96)
?[0m?[0;34m	at org.springframework.web.filter.OncePerRequestFilter.doFilter(OncePerRequestFilter.java:119)
?[0m?[0;34m	at jdk.internal.reflect.GeneratedMethodAccessor54.invoke(Unknown Source)
?[0m?[0;34m	at java.base/jdk.internal.reflect.DelegatingMethodAccessorImpl.invoke(DelegatingMethodAccessorImpl.java:43)
?[0m?[0;34m	at java.base/java.lang.reflect.Method.invoke(Method.java:568)
?[0m?[0;34m	at org.apache.catalina.security.SecurityUtil.lambda$execute$0(SecurityUtil.java:280)
?[0m?[0;34m	at java.base/java.security.AccessController.doPrivileged(AccessController.java:712)
?[0m?[0;34m	at java.base/javax.security.auth.Subject.doAsPrivileged(Subject.java:584)
?[0m?[0;34m	at org.apache.catalina.security.SecurityUtil.execute(SecurityUtil.java:311)
?[0m?[0;34m	at org.apache.catalina.security.SecurityUtil.doAsPrivilege(SecurityUtil.java:253)
?[0m?[0;34m	at org.apache.catalina.core.ApplicationFilterChain.internalDoFilter(ApplicationFilterChain.java:187)
?[0m?[0;34m	at org.apache.catalina.core.ApplicationFilterChain.lambda$doFilter$0(ApplicationFilterChain.java:145)
?[0m?[0;34m	at java.base/java.security.AccessController.doPrivileged(AccessController.java:569)
?[0m?[0;34m	at org.apache.catalina.core.ApplicationFilterChain.doFilter(ApplicationFilterChain.java:143)
?[0m?[0;34m	at org.springframework.web.filter.CharacterEncodingFilter.doFilterInternal(CharacterEncodingFilter.java:201)
?[0m?[0;34m	at org.springframework.web.filter.OncePerRequestFilter.doFilter(OncePerRequestFilter.java:119)
?[0m?[0;34m	at jdk.internal.reflect.GeneratedMethodAccessor54.invoke(Unknown Source)
?[0m?[0;34m	at java.base/jdk.internal.reflect.DelegatingMethodAccessorImpl.invoke(DelegatingMethodAccessorImpl.java:43)
?[0m?[0;34m	at java.base/java.lang.reflect.Method.invoke(Method.java:568)
?[0m?[0;34m	at org.apache.catalina.security.SecurityUtil.lambda$execute$0(SecurityUtil.java:280)
?[0m?[0;34m	at java.base/java.security.AccessController.doPrivileged(AccessController.java:712)
?[0m?[0;34m	at java.base/javax.security.auth.Subject.doAsPrivileged(Subject.java:584)
?[0m?[0;34m	at org.apache.catalina.security.SecurityUtil.execute(SecurityUtil.java:311)
?[0m?[0;34m	at org.apache.catalina.security.SecurityUtil.doAsPrivilege(SecurityUtil.java:253)
?[0m?[0;34m	at org.apache.catalina.core.ApplicationFilterChain.internalDoFilter(ApplicationFilterChain.java:187)
?[0m?[0;34m	at org.apache.catalina.core.ApplicationFilterChain.lambda$doFilter$0(ApplicationFilterChain.java:145)
?[0m?[0;34m	at java.base/java.security.AccessController.doPrivileged(AccessController.java:569)
?[0m?[0;34m	at org.apache.catalina.core.ApplicationFilterChain.doFilter(ApplicationFilterChain.java:143)
?[0m?[0;34m	at org.apache.catalina.core.StandardWrapperValve.invoke(StandardWrapperValve.java:197)
?[0m?[0;34m	at org.apache.catalina.core.StandardContextValve.invoke(StandardContextValve.java:97)
?[0m?[0;34m	at org.apache.catalina.authenticator.AuthenticatorBase.invoke(AuthenticatorBase.java:540)
?[0m?[0;34m	at org.apache.catalina.core.StandardHostValve.invoke(StandardHostValve.java:135)
?[0m?[0;34m	at org.apache.catalina.valves.ErrorReportValve.invoke(ErrorReportValve.java:92)
?[0m?[0;34m	at org.apache.catalina.core.StandardEngineValve.invoke(StandardEngineValve.java:78)
?[0m?[0;34m	at org.apache.catalina.connector.CoyoteAdapter.service(CoyoteAdapter.java:357)
?[0m?[0;34m	at org.apache.coyote.http11.Http11Processor.service(Http11Processor.java:382)
?[0m?[0;34m	at org.apache.coyote.AbstractProcessorLight.process(AbstractProcessorLight.java:65)
?[0m?[0;34m	at org.apache.coyote.AbstractProtocol$ConnectionHandler.process(AbstractProtocol.java:895)
?[0m?[0;34m	at org.apache.tomcat.util.net.NioEndpoint$SocketProcessor.doRun(NioEndpoint.java:1722)
?[0m?[0;34m	at org.apache.tomcat.util.net.SocketProcessorBase.run(SocketProcessorBase.java:49)
?[0m?[0;34m	at org.apache.tomcat.util.threads.ThreadPoolExecutor.runWorker(ThreadPoolExecutor.java:1191)
?[0m?[0;34m	at org.apache.tomcat.util.threads.ThreadPoolExecutor$Worker.run(ThreadPoolExecutor.java:659)
?[0m?[0;34m	at org.apache.tomcat.util.threads.TaskThread$WrappingRunnable.run(TaskThread.java:61)
?[0m?[0;34m	at java.base/java.lang.Thread.run(Thread.java:842)
?[0m?[0;34m12:59 DEBUG o.s.s.w.c.HttpSessionSecurityContextRepository - Stored SecurityContextImpl [Authentication=UsernamePasswordAuthenticationToken [Principal=engine.UserDetailsImp@53c3271d, Credentials=[PROTECTED], Authenticated=true, Details=WebAuthenticationDetails [RemoteIpAddress=127.0.0.1, SessionId=null], Granted Authorities=[]]] to HttpSession [org.apache.catalina.session.StandardSessionFacade@b1e4c1e]
?[0m?[0;34m12:59 WARN  o.s.w.s.m.s.DefaultHandlerExceptionResolver - Resolved [org.springframework.http.converter.HttpMessageNotReadableException: JSON parse error: Unexpected character ('"' (code 34)): was expecting comma to separate Object entries; nested exception is com.fasterxml.jackson.core.JsonParseException: Unexpected character ('"' (code 34)): was expecting comma to separate Object entries<LF> at [Source: (PushbackInputStream); line: 5, column: 4]]
?[0m?[0;34m12:59 DEBUG o.s.s.w.c.HttpSessionSecurityContextRepository - Stored SecurityContextImpl [Authentication=UsernamePasswordAuthenticationToken [Principal=engine.UserDetailsImp@53c3271d, Credentials=[PROTECTED], Authenticated=true, Details=WebAuthenticationDetails [RemoteIpAddress=127.0.0.1, SessionId=null], Granted Authorities=[]]] to HttpSession [org.apache.catalina.session.StandardSessionFacade@b1e4c1e]
?[0m?[0;34m12:59 DEBUG o.s.s.w.c.SecurityContextPersistenceFilter - Cleared SecurityContextHolder to complete request
?[0m?[0;34m12:59 DEBUG o.s.security.web.FilterChainProxy - Securing POST /error
?[0m?[0;34m12:59 DEBUG o.s.s.w.c.HttpSessionSecurityContextRepository - Retrieved SecurityContextImpl [Authentication=UsernamePasswordAuthenticationToken [Principal=engine.UserDetailsImp@53c3271d, Credentials=[PROTECTED], Authenticated=true, Details=WebAuthenticationDetails [RemoteIpAddress=127.0.0.1, SessionId=null], Granted Authorities=[]]]
?[0m?[0;34m12:59 DEBUG o.s.s.w.c.SecurityContextPersistenceFilter - Set SecurityContextHolder to SecurityContextImpl [Authentication=UsernamePasswordAuthenticationToken [Principal=engine.UserDetailsImp@53c3271d, Credentials=[PROTECTED], Authenticated=true, Details=WebAuthenticationDetails [RemoteIpAddress=127.0.0.1, SessionId=null], Granted Authorities=[]]]
?[0m?[0;34m12:59 DEBUG o.s.security.web.FilterChainProxy - Secured POST /error
?[0m?[0;34m12:59 DEBUG o.s.s.w.c.SecurityContextPersistenceFilter - Cleared SecurityContextHolder to complete request
?[1;31m
Start test 53?[0m
?[0m?[0;34m12:59 DEBUG o.s.security.web.FilterChainProxy - Securing POST /api/quizzes
?[0m?[0;34m12:59 DEBUG o.s.s.w.c.SecurityContextPersistenceFilter - Set SecurityContextHolder to empty SecurityContext
?[0m?[0;34m
?[0m?[0;34mTHE loadUserByUsername is called with the argument: test@google.com
?[0m?[0;34m
?[0m?[0;34m12:59 DEBUG o.s.s.a.d.DaoAuthenticationProvider - Authenticated user
?[0m?[0;34m12:59 DEBUG o.s.s.w.a.w.BasicAuthenticationFilter - Set SecurityContextHolder to UsernamePasswordAuthenticationToken [Principal=engine.UserDetailsImp@224c0fb7, Credentials=[PROTECTED], Authenticated=true, Details=WebAuthenticationDetails [RemoteIpAddress=127.0.0.1, SessionId=null], Granted Authorities=[]]
?[0m?[0;34m12:59 DEBUG o.s.s.w.c.HttpSessionSecurityContextRepository - Created HttpSession as SecurityContext is non-default
?[0m?[0;34m12:59 DEBUG o.s.s.w.c.HttpSessionSecurityContextRepository - Stored SecurityContextImpl [Authentication=UsernamePasswordAuthenticationToken [Principal=engine.UserDetailsImp@224c0fb7, Credentials=[PROTECTED], Authenticated=true, Details=WebAuthenticationDetails [RemoteIpAddress=127.0.0.1, SessionId=null], Granted Authorities=[]]] to HttpSession [org.apache.catalina.session.StandardSessionFacade@35f97752]
?[0m?[0;34m12:59 DEBUG o.s.s.w.u.m.RegexRequestMatcher - Checking match of request : '/api/quizzes'; against '/api/register'
?[0m?[0;34m12:59 DEBUG o.s.s.w.u.m.RegexRequestMatcher - Checking match of request : '/api/quizzes'; against '/actuator/shutdown'
?[0m?[0;34m12:59 DEBUG o.s.security.web.FilterChainProxy - Secured POST /api/quizzes
?[0m?[0;34m12:59 DEBUG o.s.s.w.c.HttpSessionSecurityContextRepository - Stored SecurityContextImpl [Authentication=UsernamePasswordAuthenticationToken [Principal=engine.UserDetailsImp@224c0fb7, Credentials=[PROTECTED], Authenticated=true, Details=WebAuthenticationDetails [RemoteIpAddress=127.0.0.1, SessionId=null], Granted Authorities=[]]] to HttpSession [org.apache.catalina.session.StandardSessionFacade@35f97752]
?[0m?[0;34m12:59 WARN  o.s.w.s.m.s.DefaultHandlerExceptionResolver - Resolved [org.springframework.web.bind.MethodArgumentNotValidException: Validation failed for argument [1] in public java.lang.String engine.WebQuizEngine.addQuiz(org.springframework.security.core.userdetails.UserDetails,engine.Quiz) throws com.fasterxml.jackson.core.JsonProcessingException: [Field error in object 'quiz' on field 'options': rejected value [null]; codes [NotNull.quiz.options,NotNull.options,NotNull.java.util.List,NotNull]; arguments [org.springframework.context.support.DefaultMessageSourceResolvable: codes [quiz.options,options]; arguments []; default message [options]]; default message [must not be null]] ]
?[0m?[0;34m12:59 DEBUG o.s.s.w.c.HttpSessionSecurityContextRepository - Stored SecurityContextImpl [Authentication=UsernamePasswordAuthenticationToken [Principal=engine.UserDetailsImp@224c0fb7, Credentials=[PROTECTED], Authenticated=true, Details=WebAuthenticationDetails [RemoteIpAddress=127.0.0.1, SessionId=null], Granted Authorities=[]]] to HttpSession [org.apache.catalina.session.StandardSessionFacade@35f97752]
?[0m?[0;34m12:59 DEBUG o.s.s.w.c.SecurityContextPersistenceFilter - Cleared SecurityContextHolder to complete request
?[0m?[0;34m12:59 DEBUG o.s.security.web.FilterChainProxy - Securing POST /error
?[0m?[0;34m12:59 DEBUG o.s.s.w.c.HttpSessionSecurityContextRepository - Retrieved SecurityContextImpl [Authentication=UsernamePasswordAuthenticationToken [Principal=engine.UserDetailsImp@224c0fb7, Credentials=[PROTECTED], Authenticated=true, Details=WebAuthenticationDetails [RemoteIpAddress=127.0.0.1, SessionId=null], Granted Authorities=[]]]
?[0m?[0;34m12:59 DEBUG o.s.s.w.c.SecurityContextPersistenceFilter - Set SecurityContextHolder to SecurityContextImpl [Authentication=UsernamePasswordAuthenticationToken [Principal=engine.UserDetailsImp@224c0fb7, Credentials=[PROTECTED], Authenticated=true, Details=WebAuthenticationDetails [RemoteIpAddress=127.0.0.1, SessionId=null], Granted Authorities=[]]]
?[0m?[0;34m12:59 DEBUG o.s.security.web.FilterChainProxy - Secured POST /error
?[0m?[0;34m12:59 DEBUG o.s.s.w.c.SecurityContextPersistenceFilter - Cleared SecurityContextHolder to complete request
?[1;31m
Start test 54?[0m
?[0m?[0;34m12:59 DEBUG o.s.security.web.FilterChainProxy - Securing POST /api/quizzes
?[0m?[0;34m12:59 DEBUG o.s.s.w.c.SecurityContextPersistenceFilter - Set SecurityContextHolder to empty SecurityContext
?[0m?[0;34m
?[0m?[0;34mTHE loadUserByUsername is called with the argument: user@google.com
?[0m?[0;34m
?[0m?[0;34m12:59 DEBUG o.s.s.a.d.DaoAuthenticationProvider - Authenticated user
?[0m?[0;34m12:59 DEBUG o.s.s.w.a.w.BasicAuthenticationFilter - Set SecurityContextHolder to UsernamePasswordAuthenticationToken [Principal=engine.UserDetailsImp@74707f76, Credentials=[PROTECTED], Authenticated=true, Details=WebAuthenticationDetails [RemoteIpAddress=127.0.0.1, SessionId=null], Granted Authorities=[]]
?[0m?[0;34m12:59 DEBUG o.s.s.w.c.HttpSessionSecurityContextRepository - Created HttpSession as SecurityContext is non-default
?[0m?[0;34m12:59 DEBUG o.s.s.w.c.HttpSessionSecurityContextRepository - Stored SecurityContextImpl [Authentication=UsernamePasswordAuthenticationToken [Principal=engine.UserDetailsImp@74707f76, Credentials=[PROTECTED], Authenticated=true, Details=WebAuthenticationDetails [RemoteIpAddress=127.0.0.1, SessionId=null], Granted Authorities=[]]] to HttpSession [org.apache.catalina.session.StandardSessionFacade@27c91e62]
?[0m?[0;34m12:59 DEBUG o.s.s.w.u.m.RegexRequestMatcher - Checking match of request : '/api/quizzes'; against '/api/register'
?[0m?[0;34m12:59 DEBUG o.s.s.w.u.m.RegexRequestMatcher - Checking match of request : '/api/quizzes'; against '/actuator/shutdown'
?[0m?[0;34m12:59 DEBUG o.s.security.web.FilterChainProxy - Secured POST /api/quizzes
?[0m?[0;34m12:59 WARN  o.s.w.s.m.m.a.ExceptionHandlerExceptionResolver - Failure in @ExceptionHandler engine.Exceptionist#handleBadRequestExceptions(RuntimeException, WebRequest)
?[0m?[0;34morg.springframework.web.HttpMediaTypeNotAcceptableException: Could not find acceptable representation
?[0m?[0;34m	at org.springframework.web.servlet.mvc.method.annotation.AbstractMessageConverterMethodProcessor.writeWithMessageConverters(AbstractMessageConverterMethodProcessor.java:315)
?[0m?[0;34m	at org.springframework.web.servlet.mvc.method.annotation.HttpEntityMethodProcessor.handleReturnValue(HttpEntityMethodProcessor.java:219)
?[0m?[0;34m	at org.springframework.web.method.support.HandlerMethodReturnValueHandlerComposite.handleReturnValue(HandlerMethodReturnValueHandlerComposite.java:78)
?[0m?[0;34m	at org.springframework.web.servlet.mvc.method.annotation.ServletInvocableHandlerMethod.invokeAndHandle(ServletInvocableHandlerMethod.java:135)
?[0m?[0;34m	at org.springframework.web.servlet.mvc.method.annotation.ExceptionHandlerExceptionResolver.doResolveHandlerMethodException(ExceptionHandlerExceptionResolver.java:428)
?[0m?[0;34m	at org.springframework.web.servlet.handler.AbstractHandlerMethodExceptionResolver.doResolveException(AbstractHandlerMethodExceptionResolver.java:75)
?[0m?[0;34m	at org.springframework.web.servlet.handler.AbstractHandlerExceptionResolver.resolveException(AbstractHandlerExceptionResolver.java:142)
?[0m?[0;34m	at org.springframework.web.servlet.handler.HandlerExceptionResolverComposite.resolveException(HandlerExceptionResolverComposite.java:80)
?[0m?[0;34m	at org.springframework.web.servlet.DispatcherServlet.processHandlerException(DispatcherServlet.java:1327)
?[0m?[0;34m	at org.springframework.web.servlet.DispatcherServlet.processDispatchResult(DispatcherServlet.java:1138)
?[0m?[0;34m	at org.springframework.web.servlet.DispatcherServlet.doDispatch(DispatcherServlet.java:1084)
?[0m?[0;34m	at org.springframework.web.servlet.DispatcherServlet.doService(DispatcherServlet.java:963)
?[0m?[0;34m	at org.springframework.web.servlet.FrameworkServlet.processRequest(FrameworkServlet.java:1006)
?[0m?[0;34m	at org.springframework.web.servlet.FrameworkServlet.doPost(FrameworkServlet.java:909)
?[0m?[0;34m	at javax.servlet.http.HttpServlet.service(HttpServlet.java:681)
?[0m?[0;34m	at org.springframework.web.servlet.FrameworkServlet.service(FrameworkServlet.java:883)
?[0m?[0;34m	at javax.servlet.http.HttpServlet.service(HttpServlet.java:764)
?[0m?[0;34m	at jdk.internal.reflect.GeneratedMethodAccessor64.invoke(Unknown Source)
?[0m?[0;34m	at java.base/jdk.internal.reflect.DelegatingMethodAccessorImpl.invoke(DelegatingMethodAccessorImpl.java:43)
?[0m?[0;34m	at java.base/java.lang.reflect.Method.invoke(Method.java:568)
?[0m?[0;34m	at org.apache.catalina.security.SecurityUtil.lambda$execute$0(SecurityUtil.java:280)
?[0m?[0;34m	at java.base/java.security.AccessController.doPrivileged(AccessController.java:712)
?[0m?[0;34m	at java.base/javax.security.auth.Subject.doAsPrivileged(Subject.java:584)
?[0m?[0;34m	at org.apache.catalina.security.SecurityUtil.execute(SecurityUtil.java:311)
?[0m?[0;34m	at org.apache.catalina.security.SecurityUtil.doAsPrivilege(SecurityUtil.java:170)
?[0m?[0;34m	at org.apache.catalina.core.ApplicationFilterChain.internalDoFilter(ApplicationFilterChain.java:221)
?[0m?[0;34m	at org.apache.catalina.core.ApplicationFilterChain.lambda$doFilter$0(ApplicationFilterChain.java:145)
?[0m?[0;34m	at java.base/java.security.AccessController.doPrivileged(AccessController.java:569)
?[0m?[0;34m	at org.apache.catalina.core.ApplicationFilterChain.doFilter(ApplicationFilterChain.java:143)
?[0m?[0;34m	at org.apache.tomcat.websocket.server.WsFilter.doFilter(WsFilter.java:53)
?[0m?[0;34m	at jdk.internal.reflect.GeneratedMethodAccessor54.invoke(Unknown Source)
?[0m?[0;34m	at java.base/jdk.internal.reflect.DelegatingMethodAccessorImpl.invoke(DelegatingMethodAccessorImpl.java:43)
?[0m?[0;34m	at java.base/java.lang.reflect.Method.invoke(Method.java:568)
?[0m?[0;34m	at org.apache.catalina.security.SecurityUtil.lambda$execute$0(SecurityUtil.java:280)
?[0m?[0;34m	at java.base/java.security.AccessController.doPrivileged(AccessController.java:712)
?[0m?[0;34m	at java.base/javax.security.auth.Subject.doAsPrivileged(Subject.java:584)
?[0m?[0;34m	at org.apache.catalina.security.SecurityUtil.execute(SecurityUtil.java:311)
?[0m?[0;34m	at org.apache.catalina.security.SecurityUtil.doAsPrivilege(SecurityUtil.java:253)
?[0m?[0;34m	at org.apache.catalina.core.ApplicationFilterChain.internalDoFilter(ApplicationFilterChain.java:187)
?[0m?[0;34m	at org.apache.catalina.core.ApplicationFilterChain.lambda$doFilter$0(ApplicationFilterChain.java:145)
?[0m?[0;34m	at java.base/java.security.AccessController.doPrivileged(AccessController.java:569)
?[0m?[0;34m	at org.apache.catalina.core.ApplicationFilterChain.doFilter(ApplicationFilterChain.java:143)
?[0m?[0;34m	at org.springframework.security.web.FilterChainProxy$VirtualFilterChain.doFilter(FilterChainProxy.java:327)
?[0m?[0;34m	at org.springframework.security.web.access.intercept.AuthorizationFilter.doFilterInternal(AuthorizationFilter.java:58)
?[0m?[0;34m	at org.springframework.web.filter.OncePerRequestFilter.doFilter(OncePerRequestFilter.java:119)
?[0m?[0;34m	at org.springframework.security.web.FilterChainProxy$VirtualFilterChain.doFilter(FilterChainProxy.java:336)
?[0m?[0;34m	at org.springframework.security.web.access.ExceptionTranslationFilter.doFilter(ExceptionTranslationFilter.java:121)
?[0m?[0;34m	at org.springframework.security.web.access.ExceptionTranslationFilter.doFilter(ExceptionTranslationFilter.java:115)
?[0m?[0;34m	at org.springframework.security.web.FilterChainProxy$VirtualFilterChain.doFilter(FilterChainProxy.java:336)
?[0m?[0;34m	at org.springframework.security.web.session.SessionManagementFilter.doFilter(SessionManagementFilter.java:126)
?[0m?[0;34m	at org.springframework.security.web.session.SessionManagementFilter.doFilter(SessionManagementFilter.java:81)
?[0m?[0;34m	at org.springframework.security.web.FilterChainProxy$VirtualFilterChain.doFilter(FilterChainProxy.java:336)
?[0m?[0;34m	at org.springframework.security.web.authentication.AnonymousAuthenticationFilter.doFilter(AnonymousAuthenticationFilter.java:105)
?[0m?[0;34m	at org.springframework.security.web.FilterChainProxy$VirtualFilterChain.doFilter(FilterChainProxy.java:336)
?[0m?[0;34m	at org.springframework.security.web.servletapi.SecurityContextHolderAwareRequestFilter.doFilter(SecurityContextHolderAwareRequestFilter.java:149)
?[0m?[0;34m	at org.springframework.security.web.FilterChainProxy$VirtualFilterChain.doFilter(FilterChainProxy.java:336)
?[0m?[0;34m	at org.springframework.security.web.savedrequest.RequestCacheAwareFilter.doFilter(RequestCacheAwareFilter.java:63)
?[0m?[0;34m	at org.springframework.security.web.FilterChainProxy$VirtualFilterChain.doFilter(FilterChainProxy.java:336)
?[0m?[0;34m	at org.springframework.security.web.authentication.www.BasicAuthenticationFilter.doFilterInternal(BasicAuthenticationFilter.java:178)
?[0m?[0;34m	at org.springframework.web.filter.OncePerRequestFilter.doFilter(OncePerRequestFilter.java:119)
?[0m?[0;34m	at org.springframework.security.web.FilterChainProxy$VirtualFilterChain.doFilter(FilterChainProxy.java:336)
?[0m?[0;34m	at org.springframework.security.web.authentication.logout.LogoutFilter.doFilter(LogoutFilter.java:103)
?[0m?[0;34m	at org.springframework.security.web.authentication.logout.LogoutFilter.doFilter(LogoutFilter.java:89)
?[0m?[0;34m	at org.springframework.security.web.FilterChainProxy$VirtualFilterChain.doFilter(FilterChainProxy.java:336)
?[0m?[0;34m	at org.springframework.security.web.header.HeaderWriterFilter.doHeadersAfter(HeaderWriterFilter.java:90)
?[0m?[0;34m	at org.springframework.security.web.header.HeaderWriterFilter.doFilterInternal(HeaderWriterFilter.java:75)
?[0m?[0;34m	at org.springframework.web.filter.OncePerRequestFilter.doFilter(OncePerRequestFilter.java:119)
?[0m?[0;34m	at org.springframework.security.web.FilterChainProxy$VirtualFilterChain.doFilter(FilterChainProxy.java:336)
?[0m?[0;34m	at org.springframework.security.web.context.SecurityContextPersistenceFilter.doFilter(SecurityContextPersistenceFilter.java:110)
?[0m?[0;34m	at org.springframework.security.web.context.SecurityContextPersistenceFilter.doFilter(SecurityContextPersistenceFilter.java:80)
?[0m?[0;34m	at org.springframework.security.web.FilterChainProxy$VirtualFilterChain.doFilter(FilterChainProxy.java:336)
?[0m?[0;34m	at org.springframework.security.web.context.request.async.WebAsyncManagerIntegrationFilter.doFilterInternal(WebAsyncManagerIntegrationFilter.java:55)
?[0m?[0;34m	at org.springframework.web.filter.OncePerRequestFilter.doFilter(OncePerRequestFilter.java:119)
?[0m?[0;34m	at org.springframework.security.web.FilterChainProxy$VirtualFilterChain.doFilter(FilterChainProxy.java:336)
?[0m?[0;34m	at org.springframework.security.web.FilterChainProxy.doFilterInternal(FilterChainProxy.java:211)
?[0m?[0;34m	at org.springframework.security.web.FilterChainProxy.doFilter(FilterChainProxy.java:183)
?[0m?[0;34m	at org.springframework.web.filter.DelegatingFilterProxy.invokeDelegate(DelegatingFilterProxy.java:358)
?[0m?[0;34m	at org.springframework.web.filter.DelegatingFilterProxy.doFilter(DelegatingFilterProxy.java:271)
?[0m?[0;34m	at jdk.internal.reflect.GeneratedMethodAccessor54.invoke(Unknown Source)
?[0m?[0;34m	at java.base/jdk.internal.reflect.DelegatingMethodAccessorImpl.invoke(DelegatingMethodAccessorImpl.java:43)
?[0m?[0;34m	at java.base/java.lang.reflect.Method.invoke(Method.java:568)
?[0m?[0;34m	at org.apache.catalina.security.SecurityUtil.lambda$execute$0(SecurityUtil.java:280)
?[0m?[0;34m	at java.base/java.security.AccessController.doPrivileged(AccessController.java:712)
?[0m?[0;34m	at java.base/javax.security.auth.Subject.doAsPrivileged(Subject.java:584)
?[0m?[0;34m	at org.apache.catalina.security.SecurityUtil.execute(SecurityUtil.java:311)
?[0m?[0;34m	at org.apache.catalina.security.SecurityUtil.doAsPrivilege(SecurityUtil.java:253)
?[0m?[0;34m	at org.apache.catalina.core.ApplicationFilterChain.internalDoFilter(ApplicationFilterChain.java:187)
?[0m?[0;34m	at org.apache.catalina.core.ApplicationFilterChain.lambda$doFilter$0(ApplicationFilterChain.java:145)
?[0m?[0;34m	at java.base/java.security.AccessController.doPrivileged(AccessController.java:569)
?[0m?[0;34m	at org.apache.catalina.core.ApplicationFilterChain.doFilter(ApplicationFilterChain.java:143)
?[0m?[0;34m	at org.springframework.web.filter.RequestContextFilter.doFilterInternal(RequestContextFilter.java:100)
?[0m?[0;34m	at org.springframework.web.filter.OncePerRequestFilter.doFilter(OncePerRequestFilter.java:119)
?[0m?[0;34m	at jdk.internal.reflect.GeneratedMethodAccessor54.invoke(Unknown Source)
?[0m?[0;34m	at java.base/jdk.internal.reflect.DelegatingMethodAccessorImpl.invoke(DelegatingMethodAccessorImpl.java:43)
?[0m?[0;34m	at java.base/java.lang.reflect.Method.invoke(Method.java:568)
?[0m?[0;34m	at org.apache.catalina.security.SecurityUtil.lambda$execute$0(SecurityUtil.java:280)
?[0m?[0;34m	at java.base/java.security.AccessController.doPrivileged(AccessController.java:712)
?[0m?[0;34m	at java.base/javax.security.auth.Subject.doAsPrivileged(Subject.java:584)
?[0m?[0;34m	at org.apache.catalina.security.SecurityUtil.execute(SecurityUtil.java:311)
?[0m?[0;34m	at org.apache.catalina.security.SecurityUtil.doAsPrivilege(SecurityUtil.java:253)
?[0m?[0;34m	at org.apache.catalina.core.ApplicationFilterChain.internalDoFilter(ApplicationFilterChain.java:187)
?[0m?[0;34m	at org.apache.catalina.core.ApplicationFilterChain.lambda$doFilter$0(ApplicationFilterChain.java:145)
?[0m?[0;34m	at java.base/java.security.AccessController.doPrivileged(AccessController.java:569)
?[0m?[0;34m	at org.apache.catalina.core.ApplicationFilterChain.doFilter(ApplicationFilterChain.java:143)
?[0m?[0;34m	at org.springframework.web.filter.FormContentFilter.doFilterInternal(FormContentFilter.java:93)
?[0m?[0;34m	at org.springframework.web.filter.OncePerRequestFilter.doFilter(OncePerRequestFilter.java:119)
?[0m?[0;34m	at jdk.internal.reflect.GeneratedMethodAccessor54.invoke(Unknown Source)
?[0m?[0;34m	at java.base/jdk.internal.reflect.DelegatingMethodAccessorImpl.invoke(DelegatingMethodAccessorImpl.java:43)
?[0m?[0;34m	at java.base/java.lang.reflect.Method.invoke(Method.java:568)
?[0m?[0;34m	at org.apache.catalina.security.SecurityUtil.lambda$execute$0(SecurityUtil.java:280)
?[0m?[0;34m	at java.base/java.security.AccessController.doPrivileged(AccessController.java:712)
?[0m?[0;34m	at java.base/javax.security.auth.Subject.doAsPrivileged(Subject.java:584)
?[0m?[0;34m	at org.apache.catalina.security.SecurityUtil.execute(SecurityUtil.java:311)
?[0m?[0;34m	at org.apache.catalina.security.SecurityUtil.doAsPrivilege(SecurityUtil.java:253)
?[0m?[0;34m	at org.apache.catalina.core.ApplicationFilterChain.internalDoFilter(ApplicationFilterChain.java:187)
?[0m?[0;34m	at org.apache.catalina.core.ApplicationFilterChain.lambda$doFilter$0(ApplicationFilterChain.java:145)
?[0m?[0;34m	at java.base/java.security.AccessController.doPrivileged(AccessController.java:569)
?[0m?[0;34m	at org.apache.catalina.core.ApplicationFilterChain.doFilter(ApplicationFilterChain.java:143)
?[0m?[0;34m	at org.springframework.boot.actuate.metrics.web.servlet.WebMvcMetricsFilter.doFilterInternal(WebMvcMetricsFilter.java:96)
?[0m?[0;34m	at org.springframework.web.filter.OncePerRequestFilter.doFilter(OncePerRequestFilter.java:119)
?[0m?[0;34m	at jdk.internal.reflect.GeneratedMethodAccessor54.invoke(Unknown Source)
?[0m?[0;34m	at java.base/jdk.internal.reflect.DelegatingMethodAccessorImpl.invoke(DelegatingMethodAccessorImpl.java:43)
?[0m?[0;34m	at java.base/java.lang.reflect.Method.invoke(Method.java:568)
?[0m?[0;34m	at org.apache.catalina.security.SecurityUtil.lambda$execute$0(SecurityUtil.java:280)
?[0m?[0;34m	at java.base/java.security.AccessController.doPrivileged(AccessController.java:712)
?[0m?[0;34m	at java.base/javax.security.auth.Subject.doAsPrivileged(Subject.java:584)
?[0m?[0;34m	at org.apache.catalina.security.SecurityUtil.execute(SecurityUtil.java:311)
?[0m?[0;34m	at org.apache.catalina.security.SecurityUtil.doAsPrivilege(SecurityUtil.java:253)
?[0m?[0;34m	at org.apache.catalina.core.ApplicationFilterChain.internalDoFilter(ApplicationFilterChain.java:187)
?[0m?[0;34m	at org.apache.catalina.core.ApplicationFilterChain.lambda$doFilter$0(ApplicationFilterChain.java:145)
?[0m?[0;34m	at java.base/java.security.AccessController.doPrivileged(AccessController.java:569)
?[0m?[0;34m	at org.apache.catalina.core.ApplicationFilterChain.doFilter(ApplicationFilterChain.java:143)
?[0m?[0;34m	at org.springframework.web.filter.CharacterEncodingFilter.doFilterInternal(CharacterEncodingFilter.java:201)
?[0m?[0;34m	at org.springframework.web.filter.OncePerRequestFilter.doFilter(OncePerRequestFilter.java:119)
?[0m?[0;34m	at jdk.internal.reflect.GeneratedMethodAccessor54.invoke(Unknown Source)
?[0m?[0;34m	at java.base/jdk.internal.reflect.DelegatingMethodAccessorImpl.invoke(DelegatingMethodAccessorImpl.java:43)
?[0m?[0;34m	at java.base/java.lang.reflect.Method.invoke(Method.java:568)
?[0m?[0;34m	at org.apache.catalina.security.SecurityUtil.lambda$execute$0(SecurityUtil.java:280)
?[0m?[0;34m	at java.base/java.security.AccessController.doPrivileged(AccessController.java:712)
?[0m?[0;34m	at java.base/javax.security.auth.Subject.doAsPrivileged(Subject.java:584)
?[0m?[0;34m	at org.apache.catalina.security.SecurityUtil.execute(SecurityUtil.java:311)
?[0m?[0;34m	at org.apache.catalina.security.SecurityUtil.doAsPrivilege(SecurityUtil.java:253)
?[0m?[0;34m	at org.apache.catalina.core.ApplicationFilterChain.internalDoFilter(ApplicationFilterChain.java:187)
?[0m?[0;34m	at org.apache.catalina.core.ApplicationFilterChain.lambda$doFilter$0(ApplicationFilterChain.java:145)
?[0m?[0;34m	at java.base/java.security.AccessController.doPrivileged(AccessController.java:569)
?[0m?[0;34m	at org.apache.catalina.core.ApplicationFilterChain.doFilter(ApplicationFilterChain.java:143)
?[0m?[0;34m	at org.apache.catalina.core.StandardWrapperValve.invoke(StandardWrapperValve.java:197)
?[0m?[0;34m	at org.apache.catalina.core.StandardContextValve.invoke(StandardContextValve.java:97)
?[0m?[0;34m	at org.apache.catalina.authenticator.AuthenticatorBase.invoke(AuthenticatorBase.java:540)
?[0m?[0;34m	at org.apache.catalina.core.StandardHostValve.invoke(StandardHostValve.java:135)
?[0m?[0;34m	at org.apache.catalina.valves.ErrorReportValve.invoke(ErrorReportValve.java:92)
?[0m?[0;34m	at org.apache.catalina.core.StandardEngineValve.invoke(StandardEngineValve.java:78)
?[0m?[0;34m	at org.apache.catalina.connector.CoyoteAdapter.service(CoyoteAdapter.java:357)
?[0m?[0;34m	at org.apache.coyote.http11.Http11Processor.service(Http11Processor.java:382)
?[0m?[0;34m	at org.apache.coyote.AbstractProcessorLight.process(AbstractProcessorLight.java:65)
?[0m?[0;34m	at org.apache.coyote.AbstractProtocol$ConnectionHandler.process(AbstractProtocol.java:895)
?[0m?[0;34m	at org.apache.tomcat.util.net.NioEndpoint$SocketProcessor.doRun(NioEndpoint.java:1722)
?[0m?[0;34m	at org.apache.tomcat.util.net.SocketProcessorBase.run(SocketProcessorBase.java:49)
?[0m?[0;34m	at org.apache.tomcat.util.threads.ThreadPoolExecutor.runWorker(ThreadPoolExecutor.java:1191)
?[0m?[0;34m	at org.apache.tomcat.util.threads.ThreadPoolExecutor$Worker.run(ThreadPoolExecutor.java:659)
?[0m?[0;34m	at org.apache.tomcat.util.threads.TaskThread$WrappingRunnable.run(TaskThread.java:61)
?[0m?[0;34m	at java.base/java.lang.Thread.run(Thread.java:842)
?[0m?[0;34m12:59 DEBUG o.s.s.w.c.HttpSessionSecurityContextRepository - Stored SecurityContextImpl [Authentication=UsernamePasswordAuthenticationToken [Principal=engine.UserDetailsImp@74707f76, Credentials=[PROTECTED], Authenticated=true, Details=WebAuthenticationDetails [RemoteIpAddress=127.0.0.1, SessionId=null], Granted Authorities=[]]] to HttpSession [org.apache.catalina.session.StandardSessionFacade@27c91e62]
?[0m?[0;34m12:59 WARN  o.s.w.s.m.s.DefaultHandlerExceptionResolver - Resolved [org.springframework.http.converter.HttpMessageNotReadableException: JSON parse error: Unexpected character ('"' (code 34)): was expecting comma to separate Object entries; nested exception is com.fasterxml.jackson.core.JsonParseException: Unexpected character ('"' (code 34)): was expecting comma to separate Object entries<LF> at [Source: (PushbackInputStream); line: 5, column: 4]]
?[0m?[0;34m12:59 DEBUG o.s.s.w.c.HttpSessionSecurityContextRepository - Stored SecurityContextImpl [Authentication=UsernamePasswordAuthenticationToken [Principal=engine.UserDetailsImp@74707f76, Credentials=[PROTECTED], Authenticated=true, Details=WebAuthenticationDetails [RemoteIpAddress=127.0.0.1, SessionId=null], Granted Authorities=[]]] to HttpSession [org.apache.catalina.session.StandardSessionFacade@27c91e62]
?[0m?[0;34m12:59 DEBUG o.s.s.w.c.SecurityContextPersistenceFilter - Cleared SecurityContextHolder to complete request
?[0m?[0;34m12:59 DEBUG o.s.security.web.FilterChainProxy - Securing POST /error
?[0m?[0;34m12:59 DEBUG o.s.s.w.c.HttpSessionSecurityContextRepository - Retrieved SecurityContextImpl [Authentication=UsernamePasswordAuthenticationToken [Principal=engine.UserDetailsImp@74707f76, Credentials=[PROTECTED], Authenticated=true, Details=WebAuthenticationDetails [RemoteIpAddress=127.0.0.1, SessionId=null], Granted Authorities=[]]]
?[0m?[0;34m12:59 DEBUG o.s.s.w.c.SecurityContextPersistenceFilter - Set SecurityContextHolder to SecurityContextImpl [Authentication=UsernamePasswordAuthenticationToken [Principal=engine.UserDetailsImp@74707f76, Credentials=[PROTECTED], Authenticated=true, Details=WebAuthenticationDetails [RemoteIpAddress=127.0.0.1, SessionId=null], Granted Authorities=[]]]
?[0m?[0;34m12:59 DEBUG o.s.security.web.FilterChainProxy - Secured POST /error
?[0m?[0;34m12:59 DEBUG o.s.s.w.c.SecurityContextPersistenceFilter - Cleared SecurityContextHolder to complete request
?[1;31m
Start test 55?[0m
?[0m?[0;34m12:59 DEBUG o.s.security.web.FilterChainProxy - Securing POST /api/quizzes
?[0m?[0;34m12:59 DEBUG o.s.s.w.c.SecurityContextPersistenceFilter - Set SecurityContextHolder to empty SecurityContext
?[0m?[0;34m
?[0m?[0;34mTHE loadUserByUsername is called with the argument: test@google.com
?[0m?[0;34m
?[0m?[0;34m12:59 DEBUG o.s.s.a.d.DaoAuthenticationProvider - Authenticated user
?[0m?[0;34m12:59 DEBUG o.s.s.w.a.w.BasicAuthenticationFilter - Set SecurityContextHolder to UsernamePasswordAuthenticationToken [Principal=engine.UserDetailsImp@c023b60, Credentials=[PROTECTED], Authenticated=true, Details=WebAuthenticationDetails [RemoteIpAddress=127.0.0.1, SessionId=null], Granted Authorities=[]]
?[0m?[0;34m12:59 DEBUG o.s.s.w.c.HttpSessionSecurityContextRepository - Created HttpSession as SecurityContext is non-default
?[0m?[0;34m12:59 DEBUG o.s.s.w.c.HttpSessionSecurityContextRepository - Stored SecurityContextImpl [Authentication=UsernamePasswordAuthenticationToken [Principal=engine.UserDetailsImp@c023b60, Credentials=[PROTECTED], Authenticated=true, Details=WebAuthenticationDetails [RemoteIpAddress=127.0.0.1, SessionId=null], Granted Authorities=[]]] to HttpSession [org.apache.catalina.session.StandardSessionFacade@65fe1a5]
?[0m?[0;34m12:59 DEBUG o.s.s.w.u.m.RegexRequestMatcher - Checking match of request : '/api/quizzes'; against '/api/register'
?[0m?[0;34m12:59 DEBUG o.s.s.w.u.m.RegexRequestMatcher - Checking match of request : '/api/quizzes'; against '/actuator/shutdown'
?[0m?[0;34m12:59 DEBUG o.s.security.web.FilterChainProxy - Secured POST /api/quizzes
?[0m?[0;34m12:59 WARN  o.s.w.s.m.m.a.ExceptionHandlerExceptionResolver - Failure in @ExceptionHandler engine.Exceptionist#handleBadRequestExceptions(RuntimeException, WebRequest)
?[0m?[0;34morg.springframework.web.HttpMediaTypeNotAcceptableException: Could not find acceptable representation
?[0m?[0;34m	at org.springframework.web.servlet.mvc.method.annotation.AbstractMessageConverterMethodProcessor.writeWithMessageConverters(AbstractMessageConverterMethodProcessor.java:315)
?[0m?[0;34m	at org.springframework.web.servlet.mvc.method.annotation.HttpEntityMethodProcessor.handleReturnValue(HttpEntityMethodProcessor.java:219)
?[0m?[0;34m	at org.springframework.web.method.support.HandlerMethodReturnValueHandlerComposite.handleReturnValue(HandlerMethodReturnValueHandlerComposite.java:78)
?[0m?[0;34m	at org.springframework.web.servlet.mvc.method.annotation.ServletInvocableHandlerMethod.invokeAndHandle(ServletInvocableHandlerMethod.java:135)
?[0m?[0;34m	at org.springframework.web.servlet.mvc.method.annotation.ExceptionHandlerExceptionResolver.doResolveHandlerMethodException(ExceptionHandlerExceptionResolver.java:428)
?[0m?[0;34m	at org.springframework.web.servlet.handler.AbstractHandlerMethodExceptionResolver.doResolveException(AbstractHandlerMethodExceptionResolver.java:75)
?[0m?[0;34m	at org.springframework.web.servlet.handler.AbstractHandlerExceptionResolver.resolveException(AbstractHandlerExceptionResolver.java:142)
?[0m?[0;34m	at org.springframework.web.servlet.handler.HandlerExceptionResolverComposite.resolveException(HandlerExceptionResolverComposite.java:80)
?[0m?[0;34m	at org.springframework.web.servlet.DispatcherServlet.processHandlerException(DispatcherServlet.java:1327)
?[0m?[0;34m	at org.springframework.web.servlet.DispatcherServlet.processDispatchResult(DispatcherServlet.java:1138)
?[0m?[0;34m	at org.springframework.web.servlet.DispatcherServlet.doDispatch(DispatcherServlet.java:1084)
?[0m?[0;34m	at org.springframework.web.servlet.DispatcherServlet.doService(DispatcherServlet.java:963)
?[0m?[0;34m	at org.springframework.web.servlet.FrameworkServlet.processRequest(FrameworkServlet.java:1006)
?[0m?[0;34m	at org.springframework.web.servlet.FrameworkServlet.doPost(FrameworkServlet.java:909)
?[0m?[0;34m	at javax.servlet.http.HttpServlet.service(HttpServlet.java:681)
?[0m?[0;34m	at org.springframework.web.servlet.FrameworkServlet.service(FrameworkServlet.java:883)
?[0m?[0;34m	at javax.servlet.http.HttpServlet.service(HttpServlet.java:764)
?[0m?[0;34m	at jdk.internal.reflect.GeneratedMethodAccessor64.invoke(Unknown Source)
?[0m?[0;34m	at java.base/jdk.internal.reflect.DelegatingMethodAccessorImpl.invoke(DelegatingMethodAccessorImpl.java:43)
?[0m?[0;34m	at java.base/java.lang.reflect.Method.invoke(Method.java:568)
?[0m?[0;34m	at org.apache.catalina.security.SecurityUtil.lambda$execute$0(SecurityUtil.java:280)
?[0m?[0;34m	at java.base/java.security.AccessController.doPrivileged(AccessController.java:712)
?[0m?[0;34m	at java.base/javax.security.auth.Subject.doAsPrivileged(Subject.java:584)
?[0m?[0;34m	at org.apache.catalina.security.SecurityUtil.execute(SecurityUtil.java:311)
?[0m?[0;34m	at org.apache.catalina.security.SecurityUtil.doAsPrivilege(SecurityUtil.java:170)
?[0m?[0;34m	at org.apache.catalina.core.ApplicationFilterChain.internalDoFilter(ApplicationFilterChain.java:221)
?[0m?[0;34m	at org.apache.catalina.core.ApplicationFilterChain.lambda$doFilter$0(ApplicationFilterChain.java:145)
?[0m?[0;34m	at java.base/java.security.AccessController.doPrivileged(AccessController.java:569)
?[0m?[0;34m	at org.apache.catalina.core.ApplicationFilterChain.doFilter(ApplicationFilterChain.java:143)
?[0m?[0;34m	at org.apache.tomcat.websocket.server.WsFilter.doFilter(WsFilter.java:53)
?[0m?[0;34m	at jdk.internal.reflect.GeneratedMethodAccessor54.invoke(Unknown Source)
?[0m?[0;34m	at java.base/jdk.internal.reflect.DelegatingMethodAccessorImpl.invoke(DelegatingMethodAccessorImpl.java:43)
?[0m?[0;34m	at java.base/java.lang.reflect.Method.invoke(Method.java:568)
?[0m?[0;34m	at org.apache.catalina.security.SecurityUtil.lambda$execute$0(SecurityUtil.java:280)
?[0m?[0;34m	at java.base/java.security.AccessController.doPrivileged(AccessController.java:712)
?[0m?[0;34m	at java.base/javax.security.auth.Subject.doAsPrivileged(Subject.java:584)
?[0m?[0;34m	at org.apache.catalina.security.SecurityUtil.execute(SecurityUtil.java:311)
?[0m?[0;34m	at org.apache.catalina.security.SecurityUtil.doAsPrivilege(SecurityUtil.java:253)
?[0m?[0;34m	at org.apache.catalina.core.ApplicationFilterChain.internalDoFilter(ApplicationFilterChain.java:187)
?[0m?[0;34m	at org.apache.catalina.core.ApplicationFilterChain.lambda$doFilter$0(ApplicationFilterChain.java:145)
?[0m?[0;34m	at java.base/java.security.AccessController.doPrivileged(AccessController.java:569)
?[0m?[0;34m	at org.apache.catalina.core.ApplicationFilterChain.doFilter(ApplicationFilterChain.java:143)
?[0m?[0;34m	at org.springframework.security.web.FilterChainProxy$VirtualFilterChain.doFilter(FilterChainProxy.java:327)
?[0m?[0;34m	at org.springframework.security.web.access.intercept.AuthorizationFilter.doFilterInternal(AuthorizationFilter.java:58)
?[0m?[0;34m	at org.springframework.web.filter.OncePerRequestFilter.doFilter(OncePerRequestFilter.java:119)
?[0m?[0;34m	at org.springframework.security.web.FilterChainProxy$VirtualFilterChain.doFilter(FilterChainProxy.java:336)
?[0m?[0;34m	at org.springframework.security.web.access.ExceptionTranslationFilter.doFilter(ExceptionTranslationFilter.java:121)
?[0m?[0;34m	at org.springframework.security.web.access.ExceptionTranslationFilter.doFilter(ExceptionTranslationFilter.java:115)
?[0m?[0;34m	at org.springframework.security.web.FilterChainProxy$VirtualFilterChain.doFilter(FilterChainProxy.java:336)
?[0m?[0;34m	at org.springframework.security.web.session.SessionManagementFilter.doFilter(SessionManagementFilter.java:126)
?[0m?[0;34m	at org.springframework.security.web.session.SessionManagementFilter.doFilter(SessionManagementFilter.java:81)
?[0m?[0;34m	at org.springframework.security.web.FilterChainProxy$VirtualFilterChain.doFilter(FilterChainProxy.java:336)
?[0m?[0;34m	at org.springframework.security.web.authentication.AnonymousAuthenticationFilter.doFilter(AnonymousAuthenticationFilter.java:105)
?[0m?[0;34m	at org.springframework.security.web.FilterChainProxy$VirtualFilterChain.doFilter(FilterChainProxy.java:336)
?[0m?[0;34m	at org.springframework.security.web.servletapi.SecurityContextHolderAwareRequestFilter.doFilter(SecurityContextHolderAwareRequestFilter.java:149)
?[0m?[0;34m	at org.springframework.security.web.FilterChainProxy$VirtualFilterChain.doFilter(FilterChainProxy.java:336)
?[0m?[0;34m	at org.springframework.security.web.savedrequest.RequestCacheAwareFilter.doFilter(RequestCacheAwareFilter.java:63)
?[0m?[0;34m	at org.springframework.security.web.FilterChainProxy$VirtualFilterChain.doFilter(FilterChainProxy.java:336)
?[0m?[0;34m	at org.springframework.security.web.authentication.www.BasicAuthenticationFilter.doFilterInternal(BasicAuthenticationFilter.java:178)
?[0m?[0;34m	at org.springframework.web.filter.OncePerRequestFilter.doFilter(OncePerRequestFilter.java:119)
?[0m?[0;34m	at org.springframework.security.web.FilterChainProxy$VirtualFilterChain.doFilter(FilterChainProxy.java:336)
?[0m?[0;34m	at org.springframework.security.web.authentication.logout.LogoutFilter.doFilter(LogoutFilter.java:103)
?[0m?[0;34m	at org.springframework.security.web.authentication.logout.LogoutFilter.doFilter(LogoutFilter.java:89)
?[0m?[0;34m	at org.springframework.security.web.FilterChainProxy$VirtualFilterChain.doFilter(FilterChainProxy.java:336)
?[0m?[0;34m	at org.springframework.security.web.header.HeaderWriterFilter.doHeadersAfter(HeaderWriterFilter.java:90)
?[0m?[0;34m	at org.springframework.security.web.header.HeaderWriterFilter.doFilterInternal(HeaderWriterFilter.java:75)
?[0m?[0;34m	at org.springframework.web.filter.OncePerRequestFilter.doFilter(OncePerRequestFilter.java:119)
?[0m?[0;34m	at org.springframework.security.web.FilterChainProxy$VirtualFilterChain.doFilter(FilterChainProxy.java:336)
?[0m?[0;34m	at org.springframework.security.web.context.SecurityContextPersistenceFilter.doFilter(SecurityContextPersistenceFilter.java:110)
?[0m?[0;34m	at org.springframework.security.web.context.SecurityContextPersistenceFilter.doFilter(SecurityContextPersistenceFilter.java:80)
?[0m?[0;34m	at org.springframework.security.web.FilterChainProxy$VirtualFilterChain.doFilter(FilterChainProxy.java:336)
?[0m?[0;34m	at org.springframework.security.web.context.request.async.WebAsyncManagerIntegrationFilter.doFilterInternal(WebAsyncManagerIntegrationFilter.java:55)
?[0m?[0;34m	at org.springframework.web.filter.OncePerRequestFilter.doFilter(OncePerRequestFilter.java:119)
?[0m?[0;34m	at org.springframework.security.web.FilterChainProxy$VirtualFilterChain.doFilter(FilterChainProxy.java:336)
?[0m?[0;34m	at org.springframework.security.web.FilterChainProxy.doFilterInternal(FilterChainProxy.java:211)
?[0m?[0;34m	at org.springframework.security.web.FilterChainProxy.doFilter(FilterChainProxy.java:183)
?[0m?[0;34m	at org.springframework.web.filter.DelegatingFilterProxy.invokeDelegate(DelegatingFilterProxy.java:358)
?[0m?[0;34m	at org.springframework.web.filter.DelegatingFilterProxy.doFilter(DelegatingFilterProxy.java:271)
?[0m?[0;34m	at jdk.internal.reflect.GeneratedMethodAccessor54.invoke(Unknown Source)
?[0m?[0;34m	at java.base/jdk.internal.reflect.DelegatingMethodAccessorImpl.invoke(DelegatingMethodAccessorImpl.java:43)
?[0m?[0;34m	at java.base/java.lang.reflect.Method.invoke(Method.java:568)
?[0m?[0;34m	at org.apache.catalina.security.SecurityUtil.lambda$execute$0(SecurityUtil.java:280)
?[0m?[0;34m	at java.base/java.security.AccessController.doPrivileged(AccessController.java:712)
?[0m?[0;34m	at java.base/javax.security.auth.Subject.doAsPrivileged(Subject.java:584)
?[0m?[0;34m	at org.apache.catalina.security.SecurityUtil.execute(SecurityUtil.java:311)
?[0m?[0;34m	at org.apache.catalina.security.SecurityUtil.doAsPrivilege(SecurityUtil.java:253)
?[0m?[0;34m	at org.apache.catalina.core.ApplicationFilterChain.internalDoFilter(ApplicationFilterChain.java:187)
?[0m?[0;34m	at org.apache.catalina.core.ApplicationFilterChain.lambda$doFilter$0(ApplicationFilterChain.java:145)
?[0m?[0;34m	at java.base/java.security.AccessController.doPrivileged(AccessController.java:569)
?[0m?[0;34m	at org.apache.catalina.core.ApplicationFilterChain.doFilter(ApplicationFilterChain.java:143)
?[0m?[0;34m	at org.springframework.web.filter.RequestContextFilter.doFilterInternal(RequestContextFilter.java:100)
?[0m?[0;34m	at org.springframework.web.filter.OncePerRequestFilter.doFilter(OncePerRequestFilter.java:119)
?[0m?[0;34m	at jdk.internal.reflect.GeneratedMethodAccessor54.invoke(Unknown Source)
?[0m?[0;34m	at java.base/jdk.internal.reflect.DelegatingMethodAccessorImpl.invoke(DelegatingMethodAccessorImpl.java:43)
?[0m?[0;34m	at java.base/java.lang.reflect.Method.invoke(Method.java:568)
?[0m?[0;34m	at org.apache.catalina.security.SecurityUtil.lambda$execute$0(SecurityUtil.java:280)
?[0m?[0;34m	at java.base/java.security.AccessController.doPrivileged(AccessController.java:712)
?[0m?[0;34m	at java.base/javax.security.auth.Subject.doAsPrivileged(Subject.java:584)
?[0m?[0;34m	at org.apache.catalina.security.SecurityUtil.execute(SecurityUtil.java:311)
?[0m?[0;34m	at org.apache.catalina.security.SecurityUtil.doAsPrivilege(SecurityUtil.java:253)
?[0m?[0;34m	at org.apache.catalina.core.ApplicationFilterChain.internalDoFilter(ApplicationFilterChain.java:187)
?[0m?[0;34m	at org.apache.catalina.core.ApplicationFilterChain.lambda$doFilter$0(ApplicationFilterChain.java:145)
?[0m?[0;34m	at java.base/java.security.AccessController.doPrivileged(AccessController.java:569)
?[0m?[0;34m	at org.apache.catalina.core.ApplicationFilterChain.doFilter(ApplicationFilterChain.java:143)
?[0m?[0;34m	at org.springframework.web.filter.FormContentFilter.doFilterInternal(FormContentFilter.java:93)
?[0m?[0;34m	at org.springframework.web.filter.OncePerRequestFilter.doFilter(OncePerRequestFilter.java:119)
?[0m?[0;34m	at jdk.internal.reflect.GeneratedMethodAccessor54.invoke(Unknown Source)
?[0m?[0;34m	at java.base/jdk.internal.reflect.DelegatingMethodAccessorImpl.invoke(DelegatingMethodAccessorImpl.java:43)
?[0m?[0;34m	at java.base/java.lang.reflect.Method.invoke(Method.java:568)
?[0m?[0;34m	at org.apache.catalina.security.SecurityUtil.lambda$execute$0(SecurityUtil.java:280)
?[0m?[0;34m	at java.base/java.security.AccessController.doPrivileged(AccessController.java:712)
?[0m?[0;34m	at java.base/javax.security.auth.Subject.doAsPrivileged(Subject.java:584)
?[0m?[0;34m	at org.apache.catalina.security.SecurityUtil.execute(SecurityUtil.java:311)
?[0m?[0;34m	at org.apache.catalina.security.SecurityUtil.doAsPrivilege(SecurityUtil.java:253)
?[0m?[0;34m	at org.apache.catalina.core.ApplicationFilterChain.internalDoFilter(ApplicationFilterChain.java:187)
?[0m?[0;34m	at org.apache.catalina.core.ApplicationFilterChain.lambda$doFilter$0(ApplicationFilterChain.java:145)
?[0m?[0;34m	at java.base/java.security.AccessController.doPrivileged(AccessController.java:569)
?[0m?[0;34m	at org.apache.catalina.core.ApplicationFilterChain.doFilter(ApplicationFilterChain.java:143)
?[0m?[0;34m	at org.springframework.boot.actuate.metrics.web.servlet.WebMvcMetricsFilter.doFilterInternal(WebMvcMetricsFilter.java:96)
?[0m?[0;34m	at org.springframework.web.filter.OncePerRequestFilter.doFilter(OncePerRequestFilter.java:119)
?[0m?[0;34m	at jdk.internal.reflect.GeneratedMethodAccessor54.invoke(Unknown Source)
?[0m?[0;34m	at java.base/jdk.internal.reflect.DelegatingMethodAccessorImpl.invoke(DelegatingMethodAccessorImpl.java:43)
?[0m?[0;34m	at java.base/java.lang.reflect.Method.invoke(Method.java:568)
?[0m?[0;34m	at org.apache.catalina.security.SecurityUtil.lambda$execute$0(SecurityUtil.java:280)
?[0m?[0;34m	at java.base/java.security.AccessController.doPrivileged(AccessController.java:712)
?[0m?[0;34m	at java.base/javax.security.auth.Subject.doAsPrivileged(Subject.java:584)
?[0m?[0;34m	at org.apache.catalina.security.SecurityUtil.execute(SecurityUtil.java:311)
?[0m?[0;34m	at org.apache.catalina.security.SecurityUtil.doAsPrivilege(SecurityUtil.java:253)
?[0m?[0;34m	at org.apache.catalina.core.ApplicationFilterChain.internalDoFilter(ApplicationFilterChain.java:187)
?[0m?[0;34m	at org.apache.catalina.core.ApplicationFilterChain.lambda$doFilter$0(ApplicationFilterChain.java:145)
?[0m?[0;34m	at java.base/java.security.AccessController.doPrivileged(AccessController.java:569)
?[0m?[0;34m	at org.apache.catalina.core.ApplicationFilterChain.doFilter(ApplicationFilterChain.java:143)
?[0m?[0;34m	at org.springframework.web.filter.CharacterEncodingFilter.doFilterInternal(CharacterEncodingFilter.java:201)
?[0m?[0;34m	at org.springframework.web.filter.OncePerRequestFilter.doFilter(OncePerRequestFilter.java:119)
?[0m?[0;34m	at jdk.internal.reflect.GeneratedMethodAccessor54.invoke(Unknown Source)
?[0m?[0;34m	at java.base/jdk.internal.reflect.DelegatingMethodAccessorImpl.invoke(DelegatingMethodAccessorImpl.java:43)
?[0m?[0;34m	at java.base/java.lang.reflect.Method.invoke(Method.java:568)
?[0m?[0;34m	at org.apache.catalina.security.SecurityUtil.lambda$execute$0(SecurityUtil.java:280)
?[0m?[0;34m	at java.base/java.security.AccessController.doPrivileged(AccessController.java:712)
?[0m?[0;34m	at java.base/javax.security.auth.Subject.doAsPrivileged(Subject.java:584)
?[0m?[0;34m	at org.apache.catalina.security.SecurityUtil.execute(SecurityUtil.java:311)
?[0m?[0;34m	at org.apache.catalina.security.SecurityUtil.doAsPrivilege(SecurityUtil.java:253)
?[0m?[0;34m	at org.apache.catalina.core.ApplicationFilterChain.internalDoFilter(ApplicationFilterChain.java:187)
?[0m?[0;34m	at org.apache.catalina.core.ApplicationFilterChain.lambda$doFilter$0(ApplicationFilterChain.java:145)
?[0m?[0;34m	at java.base/java.security.AccessController.doPrivileged(AccessController.java:569)
?[0m?[0;34m	at org.apache.catalina.core.ApplicationFilterChain.doFilter(ApplicationFilterChain.java:143)
?[0m?[0;34m	at org.apache.catalina.core.StandardWrapperValve.invoke(StandardWrapperValve.java:197)
?[0m?[0;34m	at org.apache.catalina.core.StandardContextValve.invoke(StandardContextValve.java:97)
?[0m?[0;34m	at org.apache.catalina.authenticator.AuthenticatorBase.invoke(AuthenticatorBase.java:540)
?[0m?[0;34m	at org.apache.catalina.core.StandardHostValve.invoke(StandardHostValve.java:135)
?[0m?[0;34m	at org.apache.catalina.valves.ErrorReportValve.invoke(ErrorReportValve.java:92)
?[0m?[0;34m	at org.apache.catalina.core.StandardEngineValve.invoke(StandardEngineValve.java:78)
?[0m?[0;34m	at org.apache.catalina.connector.CoyoteAdapter.service(CoyoteAdapter.java:357)
?[0m?[0;34m	at org.apache.coyote.http11.Http11Processor.service(Http11Processor.java:382)
?[0m?[0;34m	at org.apache.coyote.AbstractProcessorLight.process(AbstractProcessorLight.java:65)
?[0m?[0;34m	at org.apache.coyote.AbstractProtocol$ConnectionHandler.process(AbstractProtocol.java:895)
?[0m?[0;34m	at org.apache.tomcat.util.net.NioEndpoint$SocketProcessor.doRun(NioEndpoint.java:1722)
?[0m?[0;34m	at org.apache.tomcat.util.net.SocketProcessorBase.run(SocketProcessorBase.java:49)
?[0m?[0;34m	at org.apache.tomcat.util.threads.ThreadPoolExecutor.runWorker(ThreadPoolExecutor.java:1191)
?[0m?[0;34m	at org.apache.tomcat.util.threads.ThreadPoolExecutor$Worker.run(ThreadPoolExecutor.java:659)
?[0m?[0;34m	at org.apache.tomcat.util.threads.TaskThread$WrappingRunnable.run(TaskThread.java:61)
?[0m?[0;34m	at java.base/java.lang.Thread.run(Thread.java:842)
?[0m?[0;34m12:59 DEBUG o.s.s.w.c.HttpSessionSecurityContextRepository - Stored SecurityContextImpl [Authentication=UsernamePasswordAuthenticationToken [Principal=engine.UserDetailsImp@c023b60, Credentials=[PROTECTED], Authenticated=true, Details=WebAuthenticationDetails [RemoteIpAddress=127.0.0.1, SessionId=null], Granted Authorities=[]]] to HttpSession [org.apache.catalina.session.StandardSessionFacade@65fe1a5]
?[0m?[0;34m12:59 WARN  o.s.w.s.m.s.DefaultHandlerExceptionResolver - Resolved [org.springframework.http.converter.HttpMessageNotReadableException: JSON parse error: Unexpected character ('"' (code 34)): was expecting comma to separate Object entries; nested exception is com.fasterxml.jackson.core.JsonParseException: Unexpected character ('"' (code 34)): was expecting comma to separate Object entries<LF> at [Source: (PushbackInputStream); line: 5, column: 4]]
?[0m?[0;34m12:59 DEBUG o.s.s.w.c.HttpSessionSecurityContextRepository - Stored SecurityContextImpl [Authentication=UsernamePasswordAuthenticationToken [Principal=engine.UserDetailsImp@c023b60, Credentials=[PROTECTED], Authenticated=true, Details=WebAuthenticationDetails [RemoteIpAddress=127.0.0.1, SessionId=null], Granted Authorities=[]]] to HttpSession [org.apache.catalina.session.StandardSessionFacade@65fe1a5]
?[0m?[0;34m12:59 DEBUG o.s.s.w.c.SecurityContextPersistenceFilter - Cleared SecurityContextHolder to complete request
?[0m?[0;34m12:59 DEBUG o.s.security.web.FilterChainProxy - Securing POST /error
?[0m?[0;34m12:59 DEBUG o.s.s.w.c.HttpSessionSecurityContextRepository - Retrieved SecurityContextImpl [Authentication=UsernamePasswordAuthenticationToken [Principal=engine.UserDetailsImp@c023b60, Credentials=[PROTECTED], Authenticated=true, Details=WebAuthenticationDetails [RemoteIpAddress=127.0.0.1, SessionId=null], Granted Authorities=[]]]
?[0m?[0;34m12:59 DEBUG o.s.s.w.c.SecurityContextPersistenceFilter - Set SecurityContextHolder to SecurityContextImpl [Authentication=UsernamePasswordAuthenticationToken [Principal=engine.UserDetailsImp@c023b60, Credentials=[PROTECTED], Authenticated=true, Details=WebAuthenticationDetails [RemoteIpAddress=127.0.0.1, SessionId=null], Granted Authorities=[]]]
?[0m?[0;34m12:59 DEBUG o.s.security.web.FilterChainProxy - Secured POST /error
?[0m?[0;34m12:59 DEBUG o.s.s.w.c.SecurityContextPersistenceFilter - Cleared SecurityContextHolder to complete request
?[1;31m
Start test 56?[0m
?[0;34m12:59 DEBUG o.s.security.web.FilterChainProxy - Securing POST /api/quizzes
?[0m?[0;34m12:59 DEBUG o.s.s.w.c.SecurityContextPersistenceFilter - Set SecurityContextHolder to empty SecurityContext
?[0m?[0;34m
?[0m?[0;34mTHE loadUserByUsername is called with the argument: test@google.com
?[0m?[0;34m
?[0m?[0;34m12:59 DEBUG o.s.s.a.d.DaoAuthenticationProvider - Authenticated user
?[0m?[0;34m12:59 DEBUG o.s.s.w.a.w.BasicAuthenticationFilter - Set SecurityContextHolder to UsernamePasswordAuthenticationToken [Principal=engine.UserDetailsImp@4c7e47db, Credentials=[PROTECTED], Authenticated=true, Details=WebAuthenticationDetails [RemoteIpAddress=127.0.0.1, SessionId=null], Granted Authorities=[]]
?[0m?[0;34m12:59 DEBUG o.s.s.w.c.HttpSessionSecurityContextRepository - Created HttpSession as SecurityContext is non-default
?[0m?[0;34m12:59 DEBUG o.s.s.w.c.HttpSessionSecurityContextRepository - Stored SecurityContextImpl [Authentication=UsernamePasswordAuthenticationToken [Principal=engine.UserDetailsImp@4c7e47db, Credentials=[PROTECTED], Authenticated=true, Details=WebAuthenticationDetails [RemoteIpAddress=127.0.0.1, SessionId=null], Granted Authorities=[]]] to HttpSession [org.apache.catalina.session.StandardSessionFacade@3d26310]
?[0m?[0;34m12:59 DEBUG o.s.s.w.u.m.RegexRequestMatcher - Checking match of request : '/api/quizzes'; against '/api/register'
?[0m?[0;34m12:59 DEBUG o.s.s.w.u.m.RegexRequestMatcher - Checking match of request : '/api/quizzes'; against '/actuator/shutdown'
?[0m?[0;34m12:59 DEBUG o.s.security.web.FilterChainProxy - Secured POST /api/quizzes
?[0m?[0;34m12:59 DEBUG o.s.s.w.c.HttpSessionSecurityContextRepository - Stored SecurityContextImpl [Authentication=UsernamePasswordAuthenticationToken [Principal=engine.UserDetailsImp@4c7e47db, Credentials=[PROTECTED], Authenticated=true, Details=WebAuthenticationDetails [RemoteIpAddress=127.0.0.1, SessionId=null], Granted Authorities=[]]] to HttpSession [org.apache.catalina.session.StandardSessionFacade@3d26310]
?[0m?[0;34m12:59 DEBUG o.s.s.w.c.HttpSessionSecurityContextRepository - Stored SecurityContextImpl [Authentication=UsernamePasswordAuthenticationToken [Principal=engine.UserDetailsImp@4c7e47db, Credentials=[PROTECTED], Authenticated=true, Details=WebAuthenticationDetails [RemoteIpAddress=127.0.0.1, SessionId=null], Granted Authorities=[]]] to HttpSession [org.apache.catalina.session.StandardSessionFacade@3d26310]
?[0m?[0;34m12:59 DEBUG o.s.s.w.c.SecurityContextPersistenceFilter - Cleared SecurityContextHolder to complete request
?[1;31m
Start test 57?[0m
?[0;34m12:59 DEBUG o.s.security.web.FilterChainProxy - Securing GET /api/quizzes/3
?[0m?[0;34m12:59 DEBUG o.s.s.w.c.SecurityContextPersistenceFilter - Set SecurityContextHolder to empty SecurityContext
?[0m?[0;34m
?[0m?[0;34mTHE loadUserByUsername is called with the argument: test@google.com
?[0m?[0;34m
?[0m?[0;34m12:59 DEBUG o.s.s.a.d.DaoAuthenticationProvider - Authenticated user
?[0m?[0;34m12:59 DEBUG o.s.s.w.a.w.BasicAuthenticationFilter - Set SecurityContextHolder to UsernamePasswordAuthenticationToken [Principal=engine.UserDetailsImp@78b206e0, Credentials=[PROTECTED], Authenticated=true, Details=WebAuthenticationDetails [RemoteIpAddress=127.0.0.1, SessionId=null], Granted Authorities=[]]
?[0m?[0;34m12:59 DEBUG o.s.s.w.c.HttpSessionSecurityContextRepository - Created HttpSession as SecurityContext is non-default
?[0m?[0;34m12:59 DEBUG o.s.s.w.c.HttpSessionSecurityContextRepository - Stored SecurityContextImpl [Authentication=UsernamePasswordAuthenticationToken [Principal=engine.UserDetailsImp@78b206e0, Credentials=[PROTECTED], Authenticated=true, Details=WebAuthenticationDetails [RemoteIpAddress=127.0.0.1, SessionId=null], Granted Authorities=[]]] to HttpSession [org.apache.catalina.session.StandardSessionFacade@64d3fd7e]
?[0m?[0;34m12:59 DEBUG o.s.security.web.FilterChainProxy - Secured GET /api/quizzes/3
?[0m?[0;34m12:59 DEBUG o.s.s.w.c.HttpSessionSecurityContextRepository - Stored SecurityContextImpl [Authentication=UsernamePasswordAuthenticationToken [Principal=engine.UserDetailsImp@78b206e0, Credentials=[PROTECTED], Authenticated=true, Details=WebAuthenticationDetails [RemoteIpAddress=127.0.0.1, SessionId=null], Granted Authorities=[]]] to HttpSession [org.apache.catalina.session.StandardSessionFacade@64d3fd7e]
?[0m?[0;34m12:59 DEBUG o.s.s.w.c.HttpSessionSecurityContextRepository - Stored SecurityContextImpl [Authentication=UsernamePasswordAuthenticationToken [Principal=engine.UserDetailsImp@78b206e0, Credentials=[PROTECTED], Authenticated=true, Details=WebAuthenticationDetails [RemoteIpAddress=127.0.0.1, SessionId=null], Granted Authorities=[]]] to HttpSession [org.apache.catalina.session.StandardSessionFacade@64d3fd7e]
?[0m?[0;34m12:59 DEBUG o.s.s.w.c.SecurityContextPersistenceFilter - Cleared SecurityContextHolder to complete request
?[1;31m
Start test 58?[0m
?[0;34m12:59 DEBUG o.s.security.web.FilterChainProxy - Securing GET /api/quizzes/128
?[0m?[0;34m12:59 DEBUG o.s.s.w.c.SecurityContextPersistenceFilter - Set SecurityContextHolder to empty SecurityContext
?[0m?[0;34m
?[0m?[0;34mTHE loadUserByUsername is called with the argument: test@google.com
?[0m?[0;34m
?[0m?[0;34m12:59 DEBUG o.s.s.a.d.DaoAuthenticationProvider - Authenticated user
?[0m?[0;34m12:59 DEBUG o.s.s.w.a.w.BasicAuthenticationFilter - Set SecurityContextHolder to UsernamePasswordAuthenticationToken [Principal=engine.UserDetailsImp@7990743a, Credentials=[PROTECTED], Authenticated=true, Details=WebAuthenticationDetails [RemoteIpAddress=127.0.0.1, SessionId=null], Granted Authorities=[]]
?[0m?[0;34m12:59 DEBUG o.s.s.w.c.HttpSessionSecurityContextRepository - Created HttpSession as SecurityContext is non-default
?[0m?[0;34m12:59 DEBUG o.s.s.w.c.HttpSessionSecurityContextRepository - Stored SecurityContextImpl [Authentication=UsernamePasswordAuthenticationToken [Principal=engine.UserDetailsImp@7990743a, Credentials=[PROTECTED], Authenticated=true, Details=WebAuthenticationDetails [RemoteIpAddress=127.0.0.1, SessionId=null], Granted Authorities=[]]] to HttpSession [org.apache.catalina.session.StandardSessionFacade@15f2f8f0]
?[0m?[0;34m12:59 DEBUG o.s.security.web.FilterChainProxy - Secured GET /api/quizzes/128
?[0m?[0;34m12:59 WARN  o.s.w.s.m.m.a.ExceptionHandlerExceptionResolver - Failure in @ExceptionHandler engine.Exceptionist#handleBadRequestExceptions(RuntimeException, WebRequest)
?[0m?[0;34morg.springframework.web.HttpMediaTypeNotAcceptableException: Could not find acceptable representation
?[0m?[0;34m	at org.springframework.web.servlet.mvc.method.annotation.AbstractMessageConverterMethodProcessor.writeWithMessageConverters(AbstractMessageConverterMethodProcessor.java:315)
?[0m?[0;34m	at org.springframework.web.servlet.mvc.method.annotation.HttpEntityMethodProcessor.handleReturnValue(HttpEntityMethodProcessor.java:219)
?[0m?[0;34m	at org.springframework.web.method.support.HandlerMethodReturnValueHandlerComposite.handleReturnValue(HandlerMethodReturnValueHandlerComposite.java:78)
?[0m?[0;34m	at org.springframework.web.servlet.mvc.method.annotation.ServletInvocableHandlerMethod.invokeAndHandle(ServletInvocableHandlerMethod.java:135)
?[0m?[0;34m	at org.springframework.web.servlet.mvc.method.annotation.ExceptionHandlerExceptionResolver.doResolveHandlerMethodException(ExceptionHandlerExceptionResolver.java:428)
?[0m?[0;34m	at org.springframework.web.servlet.handler.AbstractHandlerMethodExceptionResolver.doResolveException(AbstractHandlerMethodExceptionResolver.java:75)
?[0m?[0;34m	at org.springframework.web.servlet.handler.AbstractHandlerExceptionResolver.resolveException(AbstractHandlerExceptionResolver.java:142)
?[0m?[0;34m	at org.springframework.web.servlet.handler.HandlerExceptionResolverComposite.resolveException(HandlerExceptionResolverComposite.java:80)
?[0m?[0;34m	at org.springframework.web.servlet.DispatcherServlet.processHandlerException(DispatcherServlet.java:1327)
?[0m?[0;34m	at org.springframework.web.servlet.DispatcherServlet.processDispatchResult(DispatcherServlet.java:1138)
?[0m?[0;34m	at org.springframework.web.servlet.DispatcherServlet.doDispatch(DispatcherServlet.java:1084)
?[0m?[0;34m	at org.springframework.web.servlet.DispatcherServlet.doService(DispatcherServlet.java:963)
?[0m?[0;34m	at org.springframework.web.servlet.FrameworkServlet.processRequest(FrameworkServlet.java:1006)
?[0m?[0;34m	at org.springframework.web.servlet.FrameworkServlet.doGet(FrameworkServlet.java:898)
?[0m?[0;34m	at javax.servlet.http.HttpServlet.service(HttpServlet.java:655)
?[0m?[0;34m	at org.springframework.web.servlet.FrameworkServlet.service(FrameworkServlet.java:883)
?[0m?[0;34m	at javax.servlet.http.HttpServlet.service(HttpServlet.java:764)
?[0m?[0;34m	at jdk.internal.reflect.GeneratedMethodAccessor64.invoke(Unknown Source)
?[0m?[0;34m	at java.base/jdk.internal.reflect.DelegatingMethodAccessorImpl.invoke(DelegatingMethodAccessorImpl.java:43)
?[0m?[0;34m	at java.base/java.lang.reflect.Method.invoke(Method.java:568)
?[0m?[0;34m	at org.apache.catalina.security.SecurityUtil.lambda$execute$0(SecurityUtil.java:280)
?[0m?[0;34m	at java.base/java.security.AccessController.doPrivileged(AccessController.java:712)
?[0m?[0;34m	at java.base/javax.security.auth.Subject.doAsPrivileged(Subject.java:584)
?[0m?[0;34m	at org.apache.catalina.security.SecurityUtil.execute(SecurityUtil.java:311)
?[0m?[0;34m	at org.apache.catalina.security.SecurityUtil.doAsPrivilege(SecurityUtil.java:170)
?[0m?[0;34m	at org.apache.catalina.core.ApplicationFilterChain.internalDoFilter(ApplicationFilterChain.java:221)
?[0m?[0;34m	at org.apache.catalina.core.ApplicationFilterChain.lambda$doFilter$0(ApplicationFilterChain.java:145)
?[0m?[0;34m	at java.base/java.security.AccessController.doPrivileged(AccessController.java:569)
?[0m?[0;34m	at org.apache.catalina.core.ApplicationFilterChain.doFilter(ApplicationFilterChain.java:143)
?[0m?[0;34m	at org.apache.tomcat.websocket.server.WsFilter.doFilter(WsFilter.java:53)
?[0m?[0;34m	at jdk.internal.reflect.GeneratedMethodAccessor54.invoke(Unknown Source)
?[0m?[0;34m	at java.base/jdk.internal.reflect.DelegatingMethodAccessorImpl.invoke(DelegatingMethodAccessorImpl.java:43)
?[0m?[0;34m	at java.base/java.lang.reflect.Method.invoke(Method.java:568)
?[0m?[0;34m	at org.apache.catalina.security.SecurityUtil.lambda$execute$0(SecurityUtil.java:280)
?[0m?[0;34m	at java.base/java.security.AccessController.doPrivileged(AccessController.java:712)
?[0m?[0;34m	at java.base/javax.security.auth.Subject.doAsPrivileged(Subject.java:584)
?[0m?[0;34m	at org.apache.catalina.security.SecurityUtil.execute(SecurityUtil.java:311)
?[0m?[0;34m	at org.apache.catalina.security.SecurityUtil.doAsPrivilege(SecurityUtil.java:253)
?[0m?[0;34m	at org.apache.catalina.core.ApplicationFilterChain.internalDoFilter(ApplicationFilterChain.java:187)
?[0m?[0;34m	at org.apache.catalina.core.ApplicationFilterChain.lambda$doFilter$0(ApplicationFilterChain.java:145)
?[0m?[0;34m	at java.base/java.security.AccessController.doPrivileged(AccessController.java:569)
?[0m?[0;34m	at org.apache.catalina.core.ApplicationFilterChain.doFilter(ApplicationFilterChain.java:143)
?[0m?[0;34m	at org.springframework.security.web.FilterChainProxy$VirtualFilterChain.doFilter(FilterChainProxy.java:327)
?[0m?[0;34m	at org.springframework.security.web.access.intercept.AuthorizationFilter.doFilterInternal(AuthorizationFilter.java:58)
?[0m?[0;34m	at org.springframework.web.filter.OncePerRequestFilter.doFilter(OncePerRequestFilter.java:119)
?[0m?[0;34m	at org.springframework.security.web.FilterChainProxy$VirtualFilterChain.doFilter(FilterChainProxy.java:336)
?[0m?[0;34m	at org.springframework.security.web.access.ExceptionTranslationFilter.doFilter(ExceptionTranslationFilter.java:121)
?[0m?[0;34m	at org.springframework.security.web.access.ExceptionTranslationFilter.doFilter(ExceptionTranslationFilter.java:115)
?[0m?[0;34m	at org.springframework.security.web.FilterChainProxy$VirtualFilterChain.doFilter(FilterChainProxy.java:336)
?[0m?[0;34m	at org.springframework.security.web.session.SessionManagementFilter.doFilter(SessionManagementFilter.java:126)
?[0m?[0;34m	at org.springframework.security.web.session.SessionManagementFilter.doFilter(SessionManagementFilter.java:81)
?[0m?[0;34m	at org.springframework.security.web.FilterChainProxy$VirtualFilterChain.doFilter(FilterChainProxy.java:336)
?[0m?[0;34m	at org.springframework.security.web.authentication.AnonymousAuthenticationFilter.doFilter(AnonymousAuthenticationFilter.java:105)
?[0m?[0;34m	at org.springframework.security.web.FilterChainProxy$VirtualFilterChain.doFilter(FilterChainProxy.java:336)
?[0m?[0;34m	at org.springframework.security.web.servletapi.SecurityContextHolderAwareRequestFilter.doFilter(SecurityContextHolderAwareRequestFilter.java:149)
?[0m?[0;34m	at org.springframework.security.web.FilterChainProxy$VirtualFilterChain.doFilter(FilterChainProxy.java:336)
?[0m?[0;34m	at org.springframework.security.web.savedrequest.RequestCacheAwareFilter.doFilter(RequestCacheAwareFilter.java:63)
?[0m?[0;34m	at org.springframework.security.web.FilterChainProxy$VirtualFilterChain.doFilter(FilterChainProxy.java:336)
?[0m?[0;34m	at org.springframework.security.web.authentication.www.BasicAuthenticationFilter.doFilterInternal(BasicAuthenticationFilter.java:178)
?[0m?[0;34m	at org.springframework.web.filter.OncePerRequestFilter.doFilter(OncePerRequestFilter.java:119)
?[0m?[0;34m	at org.springframework.security.web.FilterChainProxy$VirtualFilterChain.doFilter(FilterChainProxy.java:336)
?[0m?[0;34m	at org.springframework.security.web.authentication.logout.LogoutFilter.doFilter(LogoutFilter.java:103)
?[0m?[0;34m	at org.springframework.security.web.authentication.logout.LogoutFilter.doFilter(LogoutFilter.java:89)
?[0m?[0;34m	at org.springframework.security.web.FilterChainProxy$VirtualFilterChain.doFilter(FilterChainProxy.java:336)
?[0m?[0;34m	at org.springframework.security.web.header.HeaderWriterFilter.doHeadersAfter(HeaderWriterFilter.java:90)
?[0m?[0;34m	at org.springframework.security.web.header.HeaderWriterFilter.doFilterInternal(HeaderWriterFilter.java:75)
?[0m?[0;34m	at org.springframework.web.filter.OncePerRequestFilter.doFilter(OncePerRequestFilter.java:119)
?[0m?[0;34m	at org.springframework.security.web.FilterChainProxy$VirtualFilterChain.doFilter(FilterChainProxy.java:336)
?[0m?[0;34m	at org.springframework.security.web.context.SecurityContextPersistenceFilter.doFilter(SecurityContextPersistenceFilter.java:110)
?[0m?[0;34m	at org.springframework.security.web.context.SecurityContextPersistenceFilter.doFilter(SecurityContextPersistenceFilter.java:80)
?[0m?[0;34m	at org.springframework.security.web.FilterChainProxy$VirtualFilterChain.doFilter(FilterChainProxy.java:336)
?[0m?[0;34m	at org.springframework.security.web.context.request.async.WebAsyncManagerIntegrationFilter.doFilterInternal(WebAsyncManagerIntegrationFilter.java:55)
?[0m?[0;34m	at org.springframework.web.filter.OncePerRequestFilter.doFilter(OncePerRequestFilter.java:119)
?[0m?[0;34m	at org.springframework.security.web.FilterChainProxy$VirtualFilterChain.doFilter(FilterChainProxy.java:336)
?[0m?[0;34m	at org.springframework.security.web.FilterChainProxy.doFilterInternal(FilterChainProxy.java:211)
?[0m?[0;34m	at org.springframework.security.web.FilterChainProxy.doFilter(FilterChainProxy.java:183)
?[0m?[0;34m	at org.springframework.web.filter.DelegatingFilterProxy.invokeDelegate(DelegatingFilterProxy.java:358)
?[0m?[0;34m	at org.springframework.web.filter.DelegatingFilterProxy.doFilter(DelegatingFilterProxy.java:271)
?[0m?[0;34m	at jdk.internal.reflect.GeneratedMethodAccessor54.invoke(Unknown Source)
?[0m?[0;34m	at java.base/jdk.internal.reflect.DelegatingMethodAccessorImpl.invoke(DelegatingMethodAccessorImpl.java:43)
?[0m?[0;34m	at java.base/java.lang.reflect.Method.invoke(Method.java:568)
?[0m?[0;34m	at org.apache.catalina.security.SecurityUtil.lambda$execute$0(SecurityUtil.java:280)
?[0m?[0;34m	at java.base/java.security.AccessController.doPrivileged(AccessController.java:712)
?[0m?[0;34m	at java.base/javax.security.auth.Subject.doAsPrivileged(Subject.java:584)
?[0m?[0;34m	at org.apache.catalina.security.SecurityUtil.execute(SecurityUtil.java:311)
?[0m?[0;34m	at org.apache.catalina.security.SecurityUtil.doAsPrivilege(SecurityUtil.java:253)
?[0m?[0;34m	at org.apache.catalina.core.ApplicationFilterChain.internalDoFilter(ApplicationFilterChain.java:187)
?[0m?[0;34m	at org.apache.catalina.core.ApplicationFilterChain.lambda$doFilter$0(ApplicationFilterChain.java:145)
?[0m?[0;34m	at java.base/java.security.AccessController.doPrivileged(AccessController.java:569)
?[0m?[0;34m	at org.apache.catalina.core.ApplicationFilterChain.doFilter(ApplicationFilterChain.java:143)
?[0m?[0;34m	at org.springframework.web.filter.RequestContextFilter.doFilterInternal(RequestContextFilter.java:100)
?[0m?[0;34m	at org.springframework.web.filter.OncePerRequestFilter.doFilter(OncePerRequestFilter.java:119)
?[0m?[0;34m	at jdk.internal.reflect.GeneratedMethodAccessor54.invoke(Unknown Source)
?[0m?[0;34m	at java.base/jdk.internal.reflect.DelegatingMethodAccessorImpl.invoke(DelegatingMethodAccessorImpl.java:43)
?[0m?[0;34m	at java.base/java.lang.reflect.Method.invoke(Method.java:568)
?[0m?[0;34m	at org.apache.catalina.security.SecurityUtil.lambda$execute$0(SecurityUtil.java:280)
?[0m?[0;34m	at java.base/java.security.AccessController.doPrivileged(AccessController.java:712)
?[0m?[0;34m	at java.base/javax.security.auth.Subject.doAsPrivileged(Subject.java:584)
?[0m?[0;34m	at org.apache.catalina.security.SecurityUtil.execute(SecurityUtil.java:311)
?[0m?[0;34m	at org.apache.catalina.security.SecurityUtil.doAsPrivilege(SecurityUtil.java:253)
?[0m?[0;34m	at org.apache.catalina.core.ApplicationFilterChain.internalDoFilter(ApplicationFilterChain.java:187)
?[0m?[0;34m	at org.apache.catalina.core.ApplicationFilterChain.lambda$doFilter$0(ApplicationFilterChain.java:145)
?[0m?[0;34m	at java.base/java.security.AccessController.doPrivileged(AccessController.java:569)
?[0m?[0;34m	at org.apache.catalina.core.ApplicationFilterChain.doFilter(ApplicationFilterChain.java:143)
?[0m?[0;34m	at org.springframework.web.filter.FormContentFilter.doFilterInternal(FormContentFilter.java:93)
?[0m?[0;34m	at org.springframework.web.filter.OncePerRequestFilter.doFilter(OncePerRequestFilter.java:119)
?[0m?[0;34m	at jdk.internal.reflect.GeneratedMethodAccessor54.invoke(Unknown Source)
?[0m?[0;34m	at java.base/jdk.internal.reflect.DelegatingMethodAccessorImpl.invoke(DelegatingMethodAccessorImpl.java:43)
?[0m?[0;34m	at java.base/java.lang.reflect.Method.invoke(Method.java:568)
?[0m?[0;34m	at org.apache.catalina.security.SecurityUtil.lambda$execute$0(SecurityUtil.java:280)
?[0m?[0;34m	at java.base/java.security.AccessController.doPrivileged(AccessController.java:712)
?[0m?[0;34m	at java.base/javax.security.auth.Subject.doAsPrivileged(Subject.java:584)
?[0m?[0;34m	at org.apache.catalina.security.SecurityUtil.execute(SecurityUtil.java:311)
?[0m?[0;34m	at org.apache.catalina.security.SecurityUtil.doAsPrivilege(SecurityUtil.java:253)
?[0m?[0;34m	at org.apache.catalina.core.ApplicationFilterChain.internalDoFilter(ApplicationFilterChain.java:187)
?[0m?[0;34m	at org.apache.catalina.core.ApplicationFilterChain.lambda$doFilter$0(ApplicationFilterChain.java:145)
?[0m?[0;34m	at java.base/java.security.AccessController.doPrivileged(AccessController.java:569)
?[0m?[0;34m	at org.apache.catalina.core.ApplicationFilterChain.doFilter(ApplicationFilterChain.java:143)
?[0m?[0;34m	at org.springframework.boot.actuate.metrics.web.servlet.WebMvcMetricsFilter.doFilterInternal(WebMvcMetricsFilter.java:96)
?[0m?[0;34m	at org.springframework.web.filter.OncePerRequestFilter.doFilter(OncePerRequestFilter.java:119)
?[0m?[0;34m	at jdk.internal.reflect.GeneratedMethodAccessor54.invoke(Unknown Source)
?[0m?[0;34m	at java.base/jdk.internal.reflect.DelegatingMethodAccessorImpl.invoke(DelegatingMethodAccessorImpl.java:43)
?[0m?[0;34m	at java.base/java.lang.reflect.Method.invoke(Method.java:568)
?[0m?[0;34m	at org.apache.catalina.security.SecurityUtil.lambda$execute$0(SecurityUtil.java:280)
?[0m?[0;34m	at java.base/java.security.AccessController.doPrivileged(AccessController.java:712)
?[0m?[0;34m	at java.base/javax.security.auth.Subject.doAsPrivileged(Subject.java:584)
?[0m?[0;34m	at org.apache.catalina.security.SecurityUtil.execute(SecurityUtil.java:311)
?[0m?[0;34m	at org.apache.catalina.security.SecurityUtil.doAsPrivilege(SecurityUtil.java:253)
?[0m?[0;34m	at org.apache.catalina.core.ApplicationFilterChain.internalDoFilter(ApplicationFilterChain.java:187)
?[0m?[0;34m	at org.apache.catalina.core.ApplicationFilterChain.lambda$doFilter$0(ApplicationFilterChain.java:145)
?[0m?[0;34m	at java.base/java.security.AccessController.doPrivileged(AccessController.java:569)
?[0m?[0;34m	at org.apache.catalina.core.ApplicationFilterChain.doFilter(ApplicationFilterChain.java:143)
?[0m?[0;34m	at org.springframework.web.filter.CharacterEncodingFilter.doFilterInternal(CharacterEncodingFilter.java:201)
?[0m?[0;34m	at org.springframework.web.filter.OncePerRequestFilter.doFilter(OncePerRequestFilter.java:119)
?[0m?[0;34m	at jdk.internal.reflect.GeneratedMethodAccessor54.invoke(Unknown Source)
?[0m?[0;34m	at java.base/jdk.internal.reflect.DelegatingMethodAccessorImpl.invoke(DelegatingMethodAccessorImpl.java:43)
?[0m?[0;34m	at java.base/java.lang.reflect.Method.invoke(Method.java:568)
?[0m?[0;34m	at org.apache.catalina.security.SecurityUtil.lambda$execute$0(SecurityUtil.java:280)
?[0m?[0;34m	at java.base/java.security.AccessController.doPrivileged(AccessController.java:712)
?[0m?[0;34m	at java.base/javax.security.auth.Subject.doAsPrivileged(Subject.java:584)
?[0m?[0;34m	at org.apache.catalina.security.SecurityUtil.execute(SecurityUtil.java:311)
?[0m?[0;34m	at org.apache.catalina.security.SecurityUtil.doAsPrivilege(SecurityUtil.java:253)
?[0m?[0;34m	at org.apache.catalina.core.ApplicationFilterChain.internalDoFilter(ApplicationFilterChain.java:187)
?[0m?[0;34m	at org.apache.catalina.core.ApplicationFilterChain.lambda$doFilter$0(ApplicationFilterChain.java:145)
?[0m?[0;34m	at java.base/java.security.AccessController.doPrivileged(AccessController.java:569)
?[0m?[0;34m	at org.apache.catalina.core.ApplicationFilterChain.doFilter(ApplicationFilterChain.java:143)
?[0m?[0;34m	at org.apache.catalina.core.StandardWrapperValve.invoke(StandardWrapperValve.java:197)
?[0m?[0;34m	at org.apache.catalina.core.StandardContextValve.invoke(StandardContextValve.java:97)
?[0m?[0;34m	at org.apache.catalina.authenticator.AuthenticatorBase.invoke(AuthenticatorBase.java:540)
?[0m?[0;34m	at org.apache.catalina.core.StandardHostValve.invoke(StandardHostValve.java:135)
?[0m?[0;34m	at org.apache.catalina.valves.ErrorReportValve.invoke(ErrorReportValve.java:92)
?[0m?[0;34m	at org.apache.catalina.core.StandardEngineValve.invoke(StandardEngineValve.java:78)
?[0m?[0;34m	at org.apache.catalina.connector.CoyoteAdapter.service(CoyoteAdapter.java:357)
?[0m?[0;34m	at org.apache.coyote.http11.Http11Processor.service(Http11Processor.java:382)
?[0m?[0;34m	at org.apache.coyote.AbstractProcessorLight.process(AbstractProcessorLight.java:65)
?[0m?[0;34m	at org.apache.coyote.AbstractProtocol$ConnectionHandler.process(AbstractProtocol.java:895)
?[0m?[0;34m	at org.apache.tomcat.util.net.NioEndpoint$SocketProcessor.doRun(NioEndpoint.java:1722)
?[0m?[0;34m	at org.apache.tomcat.util.net.SocketProcessorBase.run(SocketProcessorBase.java:49)
?[0m?[0;34m	at org.apache.tomcat.util.threads.ThreadPoolExecutor.runWorker(ThreadPoolExecutor.java:1191)
?[0m?[0;34m	at org.apache.tomcat.util.threads.ThreadPoolExecutor$Worker.run(ThreadPoolExecutor.java:659)
?[0m?[0;34m	at org.apache.tomcat.util.threads.TaskThread$WrappingRunnable.run(TaskThread.java:61)
?[0m?[0;34m	at java.base/java.lang.Thread.run(Thread.java:842)
?[0m?[0;34m12:59 DEBUG o.s.s.w.c.HttpSessionSecurityContextRepository - Stored SecurityContextImpl [Authentication=UsernamePasswordAuthenticationToken [Principal=engine.UserDetailsImp@7990743a, Credentials=[PROTECTED], Authenticated=true, Details=WebAuthenticationDetails [RemoteIpAddress=127.0.0.1, SessionId=null], Granted Authorities=[]]] to HttpSession [org.apache.catalina.session.StandardSessionFacade@15f2f8f0]
?[0m?[0;34m12:59 DEBUG o.s.s.w.c.HttpSessionSecurityContextRepository - Stored SecurityContextImpl [Authentication=UsernamePasswordAuthenticationToken [Principal=engine.UserDetailsImp@7990743a, Credentials=[PROTECTED], Authenticated=true, Details=WebAuthenticationDetails [RemoteIpAddress=127.0.0.1, SessionId=null], Granted Authorities=[]]] to HttpSession [org.apache.catalina.session.StandardSessionFacade@15f2f8f0]
?[0m?[0;34m12:59 DEBUG o.s.s.w.c.SecurityContextPersistenceFilter - Cleared SecurityContextHolder to complete request
?[0m?[0;34m12:59 DEBUG o.s.security.web.FilterChainProxy - Securing GET /error
?[0m?[0;34m12:59 DEBUG o.s.s.w.c.HttpSessionSecurityContextRepository - Retrieved SecurityContextImpl [Authentication=UsernamePasswordAuthenticationToken [Principal=engine.UserDetailsImp@7990743a, Credentials=[PROTECTED], Authenticated=true, Details=WebAuthenticationDetails [RemoteIpAddress=127.0.0.1, SessionId=null], Granted Authorities=[]]]
?[0m?[0;34m12:59 DEBUG o.s.s.w.c.SecurityContextPersistenceFilter - Set SecurityContextHolder to SecurityContextImpl [Authentication=UsernamePasswordAuthenticationToken [Principal=engine.UserDetailsImp@7990743a, Credentials=[PROTECTED], Authenticated=true, Details=WebAuthenticationDetails [RemoteIpAddress=127.0.0.1, SessionId=null], Granted Authorities=[]]]
?[0m?[0;34m12:59 DEBUG o.s.security.web.FilterChainProxy - Secured GET /error
?[0m?[0;34m12:59 DEBUG o.s.s.w.c.SecurityContextPersistenceFilter - Cleared SecurityContextHolder to complete request
?[1;31m
Start test 59?[0m
?[0m?[0;34m12:59 DEBUG o.s.security.web.FilterChainProxy - Securing POST /api/quizzes/3/solve
?[0m?[0;34m12:59 DEBUG o.s.s.w.c.SecurityContextPersistenceFilter - Set SecurityContextHolder to empty SecurityContext
?[0m?[0;34m
?[0m?[0;34mTHE loadUserByUsername is called with the argument: test@google.com
?[0m?[0;34m
?[0m?[0;34m12:59 DEBUG o.s.s.a.d.DaoAuthenticationProvider - Authenticated user
?[0m?[0;34m12:59 DEBUG o.s.s.w.a.w.BasicAuthenticationFilter - Set SecurityContextHolder to UsernamePasswordAuthenticationToken [Principal=engine.UserDetailsImp@6bf6a52a, Credentials=[PROTECTED], Authenticated=true, Details=WebAuthenticationDetails [RemoteIpAddress=127.0.0.1, SessionId=null], Granted Authorities=[]]
?[0m?[0;34m12:59 DEBUG o.s.s.w.c.HttpSessionSecurityContextRepository - Created HttpSession as SecurityContext is non-default
?[0m?[0;34m12:59 DEBUG o.s.s.w.c.HttpSessionSecurityContextRepository - Stored SecurityContextImpl [Authentication=UsernamePasswordAuthenticationToken [Principal=engine.UserDetailsImp@6bf6a52a, Credentials=[PROTECTED], Authenticated=true, Details=WebAuthenticationDetails [RemoteIpAddress=127.0.0.1, SessionId=null], Granted Authorities=[]]] to HttpSession [org.apache.catalina.session.StandardSessionFacade@3887a2f7]
?[0m?[0;34m12:59 DEBUG o.s.s.w.u.m.RegexRequestMatcher - Checking match of request : '/api/quizzes/3/solve'; against '/api/register'
?[0m?[0;34m12:59 DEBUG o.s.s.w.u.m.RegexRequestMatcher - Checking match of request : '/api/quizzes/3/solve'; against '/actuator/shutdown'
?[0m?[0;34m12:59 DEBUG o.s.security.web.FilterChainProxy - Secured POST /api/quizzes/3/solve
?[0m?[0;34m12:59 DEBUG o.s.s.w.c.HttpSessionSecurityContextRepository - Stored SecurityContextImpl [Authentication=UsernamePasswordAuthenticationToken [Principal=engine.UserDetailsImp@6bf6a52a, Credentials=[PROTECTED], Authenticated=true, Details=WebAuthenticationDetails [RemoteIpAddress=127.0.0.1, SessionId=null], Granted Authorities=[]]] to HttpSession [org.apache.catalina.session.StandardSessionFacade@3887a2f7]
?[0m?[0;34m12:59 DEBUG o.s.s.w.c.HttpSessionSecurityContextRepository - Stored SecurityContextImpl [Authentication=UsernamePasswordAuthenticationToken [Principal=engine.UserDetailsImp@6bf6a52a, Credentials=[PROTECTED], Authenticated=true, Details=WebAuthenticationDetails [RemoteIpAddress=127.0.0.1, SessionId=null], Granted Authorities=[]]] to HttpSession [org.apache.catalina.session.StandardSessionFacade@3887a2f7]
?[0m?[0;34m12:59 DEBUG o.s.s.w.c.SecurityContextPersistenceFilter - Cleared SecurityContextHolder to complete request
?[1;31m
Start test 60?[0m
?[0m?[0;34m12:59 DEBUG o.s.security.web.FilterChainProxy - Securing POST /api/quizzes/3/solve
?[0m?[0;34m12:59 DEBUG o.s.s.w.c.SecurityContextPersistenceFilter - Set SecurityContextHolder to empty SecurityContext
?[0m?[0;34m
?[0m?[0;34mTHE loadUserByUsername is called with the argument: user@google.com
?[0m?[0;34m
?[0m?[0;34m12:59 DEBUG o.s.s.a.d.DaoAuthenticationProvider - Authenticated user
?[0m?[0;34m12:59 DEBUG o.s.s.w.a.w.BasicAuthenticationFilter - Set SecurityContextHolder to UsernamePasswordAuthenticationToken [Principal=engine.UserDetailsImp@18332355, Credentials=[PROTECTED], Authenticated=true, Details=WebAuthenticationDetails [RemoteIpAddress=127.0.0.1, SessionId=null], Granted Authorities=[]]
?[0m?[0;34m12:59 DEBUG o.s.s.w.c.HttpSessionSecurityContextRepository - Created HttpSession as SecurityContext is non-default
?[0m?[0;34m12:59 DEBUG o.s.s.w.c.HttpSessionSecurityContextRepository - Stored SecurityContextImpl [Authentication=UsernamePasswordAuthenticationToken [Principal=engine.UserDetailsImp@18332355, Credentials=[PROTECTED], Authenticated=true, Details=WebAuthenticationDetails [RemoteIpAddress=127.0.0.1, SessionId=null], Granted Authorities=[]]] to HttpSession [org.apache.catalina.session.StandardSessionFacade@200c2808]
?[0m?[0;34m12:59 DEBUG o.s.s.w.u.m.RegexRequestMatcher - Checking match of request : '/api/quizzes/3/solve'; against '/api/register'
?[0m?[0;34m12:59 DEBUG o.s.s.w.u.m.RegexRequestMatcher - Checking match of request : '/api/quizzes/3/solve'; against '/actuator/shutdown'
?[0m?[0;34m12:59 DEBUG o.s.security.web.FilterChainProxy - Secured POST /api/quizzes/3/solve
?[0m?[0;34m12:59 DEBUG o.s.s.w.c.HttpSessionSecurityContextRepository - Stored SecurityContextImpl [Authentication=UsernamePasswordAuthenticationToken [Principal=engine.UserDetailsImp@18332355, Credentials=[PROTECTED], Authenticated=true, Details=WebAuthenticationDetails [RemoteIpAddress=127.0.0.1, SessionId=null], Granted Authorities=[]]] to HttpSession [org.apache.catalina.session.StandardSessionFacade@200c2808]
?[0m?[0;34m12:59 DEBUG o.s.s.w.c.HttpSessionSecurityContextRepository - Stored SecurityContextImpl [Authentication=UsernamePasswordAuthenticationToken [Principal=engine.UserDetailsImp@18332355, Credentials=[PROTECTED], Authenticated=true, Details=WebAuthenticationDetails [RemoteIpAddress=127.0.0.1, SessionId=null], Granted Authorities=[]]] to HttpSession [org.apache.catalina.session.StandardSessionFacade@200c2808]
?[0m?[0;34m12:59 DEBUG o.s.s.w.c.SecurityContextPersistenceFilter - Cleared SecurityContextHolder to complete request
?[1;31m
Start test 61?[0m
?[0m?[0;34m12:59 DEBUG o.s.security.web.FilterChainProxy - Securing POST /api/quizzes/3/solve
?[0m?[0;34m12:59 DEBUG o.s.s.w.c.SecurityContextPersistenceFilter - Set SecurityContextHolder to empty SecurityContext
?[0m?[0;34m
?[0m?[0;34mTHE loadUserByUsername is called with the argument: test@google.com
?[0m?[0;34m
?[0m?[0;34m12:59 DEBUG o.s.s.a.d.DaoAuthenticationProvider - Authenticated user
?[0m?[0;34m12:59 DEBUG o.s.s.w.a.w.BasicAuthenticationFilter - Set SecurityContextHolder to UsernamePasswordAuthenticationToken [Principal=engine.UserDetailsImp@5bc2fa56, Credentials=[PROTECTED], Authenticated=true, Details=WebAuthenticationDetails [RemoteIpAddress=127.0.0.1, SessionId=null], Granted Authorities=[]]
?[0m?[0;34m12:59 DEBUG o.s.s.w.c.HttpSessionSecurityContextRepository - Created HttpSession as SecurityContext is non-default
?[0m?[0;34m12:59 DEBUG o.s.s.w.c.HttpSessionSecurityContextRepository - Stored SecurityContextImpl [Authentication=UsernamePasswordAuthenticationToken [Principal=engine.UserDetailsImp@5bc2fa56, Credentials=[PROTECTED], Authenticated=true, Details=WebAuthenticationDetails [RemoteIpAddress=127.0.0.1, SessionId=null], Granted Authorities=[]]] to HttpSession [org.apache.catalina.session.StandardSessionFacade@2b64dde7]
?[0m?[0;34m12:59 DEBUG o.s.s.w.u.m.RegexRequestMatcher - Checking match of request : '/api/quizzes/3/solve'; against '/api/register'
?[0m?[0;34m12:59 DEBUG o.s.s.w.u.m.RegexRequestMatcher - Checking match of request : '/api/quizzes/3/solve'; against '/actuator/shutdown'
?[0m?[0;34m12:59 DEBUG o.s.security.web.FilterChainProxy - Secured POST /api/quizzes/3/solve
?[0m?[0;34m12:59 DEBUG o.s.s.w.c.HttpSessionSecurityContextRepository - Stored SecurityContextImpl [Authentication=UsernamePasswordAuthenticationToken [Principal=engine.UserDetailsImp@5bc2fa56, Credentials=[PROTECTED], Authenticated=true, Details=WebAuthenticationDetails [RemoteIpAddress=127.0.0.1, SessionId=null], Granted Authorities=[]]] to HttpSession [org.apache.catalina.session.StandardSessionFacade@2b64dde7]
?[0m?[0;34m12:59 DEBUG o.s.s.w.c.HttpSessionSecurityContextRepository - Stored SecurityContextImpl [Authentication=UsernamePasswordAuthenticationToken [Principal=engine.UserDetailsImp@5bc2fa56, Credentials=[PROTECTED], Authenticated=true, Details=WebAuthenticationDetails [RemoteIpAddress=127.0.0.1, SessionId=null], Granted Authorities=[]]] to HttpSession [org.apache.catalina.session.StandardSessionFacade@2b64dde7]
?[0m?[0;34m12:59 DEBUG o.s.s.w.c.SecurityContextPersistenceFilter - Cleared SecurityContextHolder to complete request
?[1;31m
Start test 62?[0m
?[0m?[0;34m12:59 DEBUG o.s.security.web.FilterChainProxy - Securing POST /api/quizzes/3/solve
?[0m?[0;34m12:59 DEBUG o.s.s.w.c.SecurityContextPersistenceFilter - Set SecurityContextHolder to empty SecurityContext
?[0m?[0;34m
?[0m?[0;34mTHE loadUserByUsername is called with the argument: user@google.com
?[0m?[0;34m
?[0m?[0;34m12:59 DEBUG o.s.s.a.d.DaoAuthenticationProvider - Authenticated user
?[0m?[0;34m12:59 DEBUG o.s.s.w.a.w.BasicAuthenticationFilter - Set SecurityContextHolder to UsernamePasswordAuthenticationToken [Principal=engine.UserDetailsImp@60f84122, Credentials=[PROTECTED], Authenticated=true, Details=WebAuthenticationDetails [RemoteIpAddress=127.0.0.1, SessionId=null], Granted Authorities=[]]
?[0m?[0;34m12:59 DEBUG o.s.s.w.c.HttpSessionSecurityContextRepository - Created HttpSession as SecurityContext is non-default
?[0m?[0;34m12:59 DEBUG o.s.s.w.c.HttpSessionSecurityContextRepository - Stored SecurityContextImpl [Authentication=UsernamePasswordAuthenticationToken [Principal=engine.UserDetailsImp@60f84122, Credentials=[PROTECTED], Authenticated=true, Details=WebAuthenticationDetails [RemoteIpAddress=127.0.0.1, SessionId=null], Granted Authorities=[]]] to HttpSession [org.apache.catalina.session.StandardSessionFacade@42b865cd]
?[0m?[0;34m12:59 DEBUG o.s.s.w.u.m.RegexRequestMatcher - Checking match of request : '/api/quizzes/3/solve'; against '/api/register'
?[0m?[0;34m12:59 DEBUG o.s.s.w.u.m.RegexRequestMatcher - Checking match of request : '/api/quizzes/3/solve'; against '/actuator/shutdown'
?[0m?[0;34m12:59 DEBUG o.s.security.web.FilterChainProxy - Secured POST /api/quizzes/3/solve
?[0m?[0;34m12:59 DEBUG o.s.s.w.c.HttpSessionSecurityContextRepository - Stored SecurityContextImpl [Authentication=UsernamePasswordAuthenticationToken [Principal=engine.UserDetailsImp@60f84122, Credentials=[PROTECTED], Authenticated=true, Details=WebAuthenticationDetails [RemoteIpAddress=127.0.0.1, SessionId=null], Granted Authorities=[]]] to HttpSession [org.apache.catalina.session.StandardSessionFacade@42b865cd]
?[0m?[0;34m12:59 DEBUG o.s.s.w.c.HttpSessionSecurityContextRepository - Stored SecurityContextImpl [Authentication=UsernamePasswordAuthenticationToken [Principal=engine.UserDetailsImp@60f84122, Credentials=[PROTECTED], Authenticated=true, Details=WebAuthenticationDetails [RemoteIpAddress=127.0.0.1, SessionId=null], Granted Authorities=[]]] to HttpSession [org.apache.catalina.session.StandardSessionFacade@42b865cd]
?[0m?[0;34m12:59 DEBUG o.s.s.w.c.SecurityContextPersistenceFilter - Cleared SecurityContextHolder to complete request
?[1;31m
Start test 63?[0m
?[0m?[0;34m12:59 DEBUG o.s.security.web.FilterChainProxy - Securing POST /api/quizzes/3/solve
?[0m?[0;34m12:59 DEBUG o.s.s.w.c.SecurityContextPersistenceFilter - Set SecurityContextHolder to empty SecurityContext
?[0m?[0;34m
?[0m?[0;34mTHE loadUserByUsername is called with the argument: test@google.com
?[0m?[0;34m
?[0m?[0;34m12:59 DEBUG o.s.s.a.d.DaoAuthenticationProvider - Authenticated user
?[0m?[0;34m12:59 DEBUG o.s.s.w.a.w.BasicAuthenticationFilter - Set SecurityContextHolder to UsernamePasswordAuthenticationToken [Principal=engine.UserDetailsImp@6965b4b8, Credentials=[PROTECTED], Authenticated=true, Details=WebAuthenticationDetails [RemoteIpAddress=127.0.0.1, SessionId=null], Granted Authorities=[]]
?[0m?[0;34m12:59 DEBUG o.s.s.w.c.HttpSessionSecurityContextRepository - Created HttpSession as SecurityContext is non-default
?[0m?[0;34m12:59 DEBUG o.s.s.w.c.HttpSessionSecurityContextRepository - Stored SecurityContextImpl [Authentication=UsernamePasswordAuthenticationToken [Principal=engine.UserDetailsImp@6965b4b8, Credentials=[PROTECTED], Authenticated=true, Details=WebAuthenticationDetails [RemoteIpAddress=127.0.0.1, SessionId=null], Granted Authorities=[]]] to HttpSession [org.apache.catalina.session.StandardSessionFacade@6174c9b2]
?[0m?[0;34m12:59 DEBUG o.s.s.w.u.m.RegexRequestMatcher - Checking match of request : '/api/quizzes/3/solve'; against '/api/register'
?[0m?[0;34m12:59 DEBUG o.s.s.w.u.m.RegexRequestMatcher - Checking match of request : '/api/quizzes/3/solve'; against '/actuator/shutdown'
?[0m?[0;34m12:59 DEBUG o.s.security.web.FilterChainProxy - Secured POST /api/quizzes/3/solve
?[0m?[0;34m12:59 DEBUG o.s.s.w.c.HttpSessionSecurityContextRepository - Stored SecurityContextImpl [Authentication=UsernamePasswordAuthenticationToken [Principal=engine.UserDetailsImp@6965b4b8, Credentials=[PROTECTED], Authenticated=true, Details=WebAuthenticationDetails [RemoteIpAddress=127.0.0.1, SessionId=null], Granted Authorities=[]]] to HttpSession [org.apache.catalina.session.StandardSessionFacade@6174c9b2]
?[0m?[0;34m12:59 DEBUG o.s.s.w.c.HttpSessionSecurityContextRepository - Stored SecurityContextImpl [Authentication=UsernamePasswordAuthenticationToken [Principal=engine.UserDetailsImp@6965b4b8, Credentials=[PROTECTED], Authenticated=true, Details=WebAuthenticationDetails [RemoteIpAddress=127.0.0.1, SessionId=null], Granted Authorities=[]]] to HttpSession [org.apache.catalina.session.StandardSessionFacade@6174c9b2]
?[0m?[0;34m12:59 DEBUG o.s.s.w.c.SecurityContextPersistenceFilter - Cleared SecurityContextHolder to complete request
?[1;31m
Start test 64?[0m
?[0m?[0;34m12:59 DEBUG o.s.security.web.FilterChainProxy - Securing POST /api/quizzes/3/solve
?[0m?[0;34m12:59 DEBUG o.s.s.w.c.SecurityContextPersistenceFilter - Set SecurityContextHolder to empty SecurityContext
?[0m?[0;34m
?[0m?[0;34mTHE loadUserByUsername is called with the argument: user@google.com
?[0m?[0;34m
?[0m?[0;34m12:59 DEBUG o.s.s.a.d.DaoAuthenticationProvider - Authenticated user
?[0m?[0;34m12:59 DEBUG o.s.s.w.a.w.BasicAuthenticationFilter - Set SecurityContextHolder to UsernamePasswordAuthenticationToken [Principal=engine.UserDetailsImp@a70ba05, Credentials=[PROTECTED], Authenticated=true, Details=WebAuthenticationDetails [RemoteIpAddress=127.0.0.1, SessionId=null], Granted Authorities=[]]
?[0m?[0;34m12:59 DEBUG o.s.s.w.c.HttpSessionSecurityContextRepository - Created HttpSession as SecurityContext is non-default
?[0m?[0;34m12:59 DEBUG o.s.s.w.c.HttpSessionSecurityContextRepository - Stored SecurityContextImpl [Authentication=UsernamePasswordAuthenticationToken [Principal=engine.UserDetailsImp@a70ba05, Credentials=[PROTECTED], Authenticated=true, Details=WebAuthenticationDetails [RemoteIpAddress=127.0.0.1, SessionId=null], Granted Authorities=[]]] to HttpSession [org.apache.catalina.session.StandardSessionFacade@6615f16f]
?[0m?[0;34m12:59 DEBUG o.s.s.w.u.m.RegexRequestMatcher - Checking match of request : '/api/quizzes/3/solve'; against '/api/register'
?[0m?[0;34m12:59 DEBUG o.s.s.w.u.m.RegexRequestMatcher - Checking match of request : '/api/quizzes/3/solve'; against '/actuator/shutdown'
?[0m?[0;34m12:59 DEBUG o.s.security.web.FilterChainProxy - Secured POST /api/quizzes/3/solve
?[0m?[0;34m12:59 DEBUG o.s.s.w.c.HttpSessionSecurityContextRepository - Stored SecurityContextImpl [Authentication=UsernamePasswordAuthenticationToken [Principal=engine.UserDetailsImp@a70ba05, Credentials=[PROTECTED], Authenticated=true, Details=WebAuthenticationDetails [RemoteIpAddress=127.0.0.1, SessionId=null], Granted Authorities=[]]] to HttpSession [org.apache.catalina.session.StandardSessionFacade@6615f16f]
?[0m?[0;34m12:59 DEBUG o.s.s.w.c.HttpSessionSecurityContextRepository - Stored SecurityContextImpl [Authentication=UsernamePasswordAuthenticationToken [Principal=engine.UserDetailsImp@a70ba05, Credentials=[PROTECTED], Authenticated=true, Details=WebAuthenticationDetails [RemoteIpAddress=127.0.0.1, SessionId=null], Granted Authorities=[]]] to HttpSession [org.apache.catalina.session.StandardSessionFacade@6615f16f]
?[0m?[0;34m12:59 DEBUG o.s.s.w.c.SecurityContextPersistenceFilter - Cleared SecurityContextHolder to complete request
?[1;31m
Start test 65?[0m
?[0m?[0;34m12:59 DEBUG o.s.security.web.FilterChainProxy - Securing POST /api/quizzes/3/solve
?[0m?[0;34m12:59 DEBUG o.s.s.w.c.SecurityContextPersistenceFilter - Set SecurityContextHolder to empty SecurityContext
?[0m?[0;34m
?[0m?[0;34mTHE loadUserByUsername is called with the argument: test@google.com
?[0m?[0;34m
?[0m?[0;34m12:59 DEBUG o.s.s.a.d.DaoAuthenticationProvider - Authenticated user
?[0m?[0;34m12:59 DEBUG o.s.s.w.a.w.BasicAuthenticationFilter - Set SecurityContextHolder to UsernamePasswordAuthenticationToken [Principal=engine.UserDetailsImp@7836b60b, Credentials=[PROTECTED], Authenticated=true, Details=WebAuthenticationDetails [RemoteIpAddress=127.0.0.1, SessionId=null], Granted Authorities=[]]
?[0m?[0;34m12:59 DEBUG o.s.s.w.c.HttpSessionSecurityContextRepository - Created HttpSession as SecurityContext is non-default
?[0m?[0;34m12:59 DEBUG o.s.s.w.c.HttpSessionSecurityContextRepository - Stored SecurityContextImpl [Authentication=UsernamePasswordAuthenticationToken [Principal=engine.UserDetailsImp@7836b60b, Credentials=[PROTECTED], Authenticated=true, Details=WebAuthenticationDetails [RemoteIpAddress=127.0.0.1, SessionId=null], Granted Authorities=[]]] to HttpSession [org.apache.catalina.session.StandardSessionFacade@63b7052b]
?[0m?[0;34m12:59 DEBUG o.s.s.w.u.m.RegexRequestMatcher - Checking match of request : '/api/quizzes/3/solve'; against '/api/register'
?[0m?[0;34m12:59 DEBUG o.s.s.w.u.m.RegexRequestMatcher - Checking match of request : '/api/quizzes/3/solve'; against '/actuator/shutdown'
?[0m?[0;34m12:59 DEBUG o.s.security.web.FilterChainProxy - Secured POST /api/quizzes/3/solve
?[0m?[0;34m12:59 DEBUG o.s.s.w.c.HttpSessionSecurityContextRepository - Stored SecurityContextImpl [Authentication=UsernamePasswordAuthenticationToken [Principal=engine.UserDetailsImp@7836b60b, Credentials=[PROTECTED], Authenticated=true, Details=WebAuthenticationDetails [RemoteIpAddress=127.0.0.1, SessionId=null], Granted Authorities=[]]] to HttpSession [org.apache.catalina.session.StandardSessionFacade@63b7052b]
?[0m?[0;34m12:59 DEBUG o.s.s.w.c.HttpSessionSecurityContextRepository - Stored SecurityContextImpl [Authentication=UsernamePasswordAuthenticationToken [Principal=engine.UserDetailsImp@7836b60b, Credentials=[PROTECTED], Authenticated=true, Details=WebAuthenticationDetails [RemoteIpAddress=127.0.0.1, SessionId=null], Granted Authorities=[]]] to HttpSession [org.apache.catalina.session.StandardSessionFacade@63b7052b]
?[0m?[0;34m12:59 DEBUG o.s.s.w.c.SecurityContextPersistenceFilter - Cleared SecurityContextHolder to complete request
?[1;31m
Start test 66?[0m
?[0m?[0;34m12:59 DEBUG o.s.security.web.FilterChainProxy - Securing POST /api/quizzes/3/solve
?[0m?[0;34m12:59 DEBUG o.s.s.w.c.SecurityContextPersistenceFilter - Set SecurityContextHolder to empty SecurityContext
?[0m?[0;34m
?[0m?[0;34mTHE loadUserByUsername is called with the argument: user@google.com
?[0m?[0;34m
?[0m?[0;34m12:59 DEBUG o.s.s.a.d.DaoAuthenticationProvider - Authenticated user
?[0m?[0;34m12:59 DEBUG o.s.s.w.a.w.BasicAuthenticationFilter - Set SecurityContextHolder to UsernamePasswordAuthenticationToken [Principal=engine.UserDetailsImp@239d5ee5, Credentials=[PROTECTED], Authenticated=true, Details=WebAuthenticationDetails [RemoteIpAddress=127.0.0.1, SessionId=null], Granted Authorities=[]]
?[0m?[0;34m12:59 DEBUG o.s.s.w.c.HttpSessionSecurityContextRepository - Created HttpSession as SecurityContext is non-default
?[0m?[0;34m12:59 DEBUG o.s.s.w.c.HttpSessionSecurityContextRepository - Stored SecurityContextImpl [Authentication=UsernamePasswordAuthenticationToken [Principal=engine.UserDetailsImp@239d5ee5, Credentials=[PROTECTED], Authenticated=true, Details=WebAuthenticationDetails [RemoteIpAddress=127.0.0.1, SessionId=null], Granted Authorities=[]]] to HttpSession [org.apache.catalina.session.StandardSessionFacade@6e1f5c38]
?[0m?[0;34m12:59 DEBUG o.s.s.w.u.m.RegexRequestMatcher - Checking match of request : '/api/quizzes/3/solve'; against '/api/register'
?[0m?[0;34m12:59 DEBUG o.s.s.w.u.m.RegexRequestMatcher - Checking match of request : '/api/quizzes/3/solve'; against '/actuator/shutdown'
?[0m?[0;34m12:59 DEBUG o.s.security.web.FilterChainProxy - Secured POST /api/quizzes/3/solve
?[0m?[0;34m12:59 DEBUG o.s.s.w.c.HttpSessionSecurityContextRepository - Stored SecurityContextImpl [Authentication=UsernamePasswordAuthenticationToken [Principal=engine.UserDetailsImp@239d5ee5, Credentials=[PROTECTED], Authenticated=true, Details=WebAuthenticationDetails [RemoteIpAddress=127.0.0.1, SessionId=null], Granted Authorities=[]]] to HttpSession [org.apache.catalina.session.StandardSessionFacade@6e1f5c38]
?[0m?[0;34m12:59 DEBUG o.s.s.w.c.HttpSessionSecurityContextRepository - Stored SecurityContextImpl [Authentication=UsernamePasswordAuthenticationToken [Principal=engine.UserDetailsImp@239d5ee5, Credentials=[PROTECTED], Authenticated=true, Details=WebAuthenticationDetails [RemoteIpAddress=127.0.0.1, SessionId=null], Granted Authorities=[]]] to HttpSession [org.apache.catalina.session.StandardSessionFacade@6e1f5c38]
?[0m?[0;34m12:59 DEBUG o.s.s.w.c.SecurityContextPersistenceFilter - Cleared SecurityContextHolder to complete request
?[1;31m
Start test 67?[0m
?[0m?[0;34m12:59 DEBUG o.s.security.web.FilterChainProxy - Securing POST /api/quizzes/3/solve
?[0m?[0;34m12:59 DEBUG o.s.s.w.c.SecurityContextPersistenceFilter - Set SecurityContextHolder to empty SecurityContext
?[0m?[0;34m
?[0m?[0;34mTHE loadUserByUsername is called with the argument: test@google.com
?[0m?[0;34m
?[0m?[0;34m12:59 DEBUG o.s.s.a.d.DaoAuthenticationProvider - Authenticated user
?[0m?[0;34m12:59 DEBUG o.s.s.w.a.w.BasicAuthenticationFilter - Set SecurityContextHolder to UsernamePasswordAuthenticationToken [Principal=engine.UserDetailsImp@5d60c7, Credentials=[PROTECTED], Authenticated=true, Details=WebAuthenticationDetails [RemoteIpAddress=127.0.0.1, SessionId=null], Granted Authorities=[]]
?[0m?[0;34m12:59 DEBUG o.s.s.w.c.HttpSessionSecurityContextRepository - Created HttpSession as SecurityContext is non-default
?[0m?[0;34m12:59 DEBUG o.s.s.w.c.HttpSessionSecurityContextRepository - Stored SecurityContextImpl [Authentication=UsernamePasswordAuthenticationToken [Principal=engine.UserDetailsImp@5d60c7, Credentials=[PROTECTED], Authenticated=true, Details=WebAuthenticationDetails [RemoteIpAddress=127.0.0.1, SessionId=null], Granted Authorities=[]]] to HttpSession [org.apache.catalina.session.StandardSessionFacade@8c79c9a]
?[0m?[0;34m12:59 DEBUG o.s.s.w.u.m.RegexRequestMatcher - Checking match of request : '/api/quizzes/3/solve'; against '/api/register'
?[0m?[0;34m12:59 DEBUG o.s.s.w.u.m.RegexRequestMatcher - Checking match of request : '/api/quizzes/3/solve'; against '/actuator/shutdown'
?[0m?[0;34m12:59 DEBUG o.s.security.web.FilterChainProxy - Secured POST /api/quizzes/3/solve
?[0m?[0;34m12:59 DEBUG o.s.s.w.c.HttpSessionSecurityContextRepository - Stored SecurityContextImpl [Authentication=UsernamePasswordAuthenticationToken [Principal=engine.UserDetailsImp@5d60c7, Credentials=[PROTECTED], Authenticated=true, Details=WebAuthenticationDetails [RemoteIpAddress=127.0.0.1, SessionId=null], Granted Authorities=[]]] to HttpSession [org.apache.catalina.session.StandardSessionFacade@8c79c9a]
?[0m?[0;34m12:59 DEBUG o.s.s.w.c.HttpSessionSecurityContextRepository - Stored SecurityContextImpl [Authentication=UsernamePasswordAuthenticationToken [Principal=engine.UserDetailsImp@5d60c7, Credentials=[PROTECTED], Authenticated=true, Details=WebAuthenticationDetails [RemoteIpAddress=127.0.0.1, SessionId=null], Granted Authorities=[]]] to HttpSession [org.apache.catalina.session.StandardSessionFacade@8c79c9a]
?[0m?[0;34m12:59 DEBUG o.s.s.w.c.SecurityContextPersistenceFilter - Cleared SecurityContextHolder to complete request
?[1;31m
Start test 68?[0m
?[0m?[0;34m12:59 DEBUG o.s.security.web.FilterChainProxy - Securing POST /api/quizzes/3/solve
?[0m?[0;34m12:59 DEBUG o.s.s.w.c.SecurityContextPersistenceFilter - Set SecurityContextHolder to empty SecurityContext
?[0m?[0;34m
?[0m?[0;34mTHE loadUserByUsername is called with the argument: user@google.com
?[0m?[0;34m
?[0m?[0;34m12:59 DEBUG o.s.s.a.d.DaoAuthenticationProvider - Authenticated user
?[0m?[0;34m12:59 DEBUG o.s.s.w.a.w.BasicAuthenticationFilter - Set SecurityContextHolder to UsernamePasswordAuthenticationToken [Principal=engine.UserDetailsImp@5e963f03, Credentials=[PROTECTED], Authenticated=true, Details=WebAuthenticationDetails [RemoteIpAddress=127.0.0.1, SessionId=null], Granted Authorities=[]]
?[0m?[0;34m12:59 DEBUG o.s.s.w.c.HttpSessionSecurityContextRepository - Created HttpSession as SecurityContext is non-default
?[0m?[0;34m12:59 DEBUG o.s.s.w.c.HttpSessionSecurityContextRepository - Stored SecurityContextImpl [Authentication=UsernamePasswordAuthenticationToken [Principal=engine.UserDetailsImp@5e963f03, Credentials=[PROTECTED], Authenticated=true, Details=WebAuthenticationDetails [RemoteIpAddress=127.0.0.1, SessionId=null], Granted Authorities=[]]] to HttpSession [org.apache.catalina.session.StandardSessionFacade@25482952]
?[0m?[0;34m12:59 DEBUG o.s.s.w.u.m.RegexRequestMatcher - Checking match of request : '/api/quizzes/3/solve'; against '/api/register'
?[0m?[0;34m12:59 DEBUG o.s.s.w.u.m.RegexRequestMatcher - Checking match of request : '/api/quizzes/3/solve'; against '/actuator/shutdown'
?[0m?[0;34m12:59 DEBUG o.s.security.web.FilterChainProxy - Secured POST /api/quizzes/3/solve
?[0m?[0;34m12:59 DEBUG o.s.s.w.c.HttpSessionSecurityContextRepository - Stored SecurityContextImpl [Authentication=UsernamePasswordAuthenticationToken [Principal=engine.UserDetailsImp@5e963f03, Credentials=[PROTECTED], Authenticated=true, Details=WebAuthenticationDetails [RemoteIpAddress=127.0.0.1, SessionId=null], Granted Authorities=[]]] to HttpSession [org.apache.catalina.session.StandardSessionFacade@25482952]
?[0m?[0;34m12:59 DEBUG o.s.s.w.c.HttpSessionSecurityContextRepository - Stored SecurityContextImpl [Authentication=UsernamePasswordAuthenticationToken [Principal=engine.UserDetailsImp@5e963f03, Credentials=[PROTECTED], Authenticated=true, Details=WebAuthenticationDetails [RemoteIpAddress=127.0.0.1, SessionId=null], Granted Authorities=[]]] to HttpSession [org.apache.catalina.session.StandardSessionFacade@25482952]
?[0m?[0;34m12:59 DEBUG o.s.s.w.c.SecurityContextPersistenceFilter - Cleared SecurityContextHolder to complete request
?[1;31m
Start test 69?[0m
?[0m?[0;34m12:59 DEBUG o.s.security.web.FilterChainProxy - Securing POST /api/quizzes/3/solve
?[0m?[0;34m12:59 DEBUG o.s.s.w.c.SecurityContextPersistenceFilter - Set SecurityContextHolder to empty SecurityContext
?[0m?[0;34m
?[0m?[0;34mTHE loadUserByUsername is called with the argument: test@google.com
?[0m?[0;34m
?[0m?[0;34m12:59 DEBUG o.s.s.a.d.DaoAuthenticationProvider - Authenticated user
?[0m?[0;34m12:59 DEBUG o.s.s.w.a.w.BasicAuthenticationFilter - Set SecurityContextHolder to UsernamePasswordAuthenticationToken [Principal=engine.UserDetailsImp@1320f958, Credentials=[PROTECTED], Authenticated=true, Details=WebAuthenticationDetails [RemoteIpAddress=127.0.0.1, SessionId=null], Granted Authorities=[]]
?[0m?[0;34m12:59 DEBUG o.s.s.w.c.HttpSessionSecurityContextRepository - Created HttpSession as SecurityContext is non-default
?[0m?[0;34m12:59 DEBUG o.s.s.w.c.HttpSessionSecurityContextRepository - Stored SecurityContextImpl [Authentication=UsernamePasswordAuthenticationToken [Principal=engine.UserDetailsImp@1320f958, Credentials=[PROTECTED], Authenticated=true, Details=WebAuthenticationDetails [RemoteIpAddress=127.0.0.1, SessionId=null], Granted Authorities=[]]] to HttpSession [org.apache.catalina.session.StandardSessionFacade@23e507e2]
?[0m?[0;34m12:59 DEBUG o.s.s.w.u.m.RegexRequestMatcher - Checking match of request : '/api/quizzes/3/solve'; against '/api/register'
?[0m?[0;34m12:59 DEBUG o.s.s.w.u.m.RegexRequestMatcher - Checking match of request : '/api/quizzes/3/solve'; against '/actuator/shutdown'
?[0m?[0;34m12:59 DEBUG o.s.security.web.FilterChainProxy - Secured POST /api/quizzes/3/solve
?[0m?[0;34m12:59 DEBUG o.s.s.w.c.HttpSessionSecurityContextRepository - Stored SecurityContextImpl [Authentication=UsernamePasswordAuthenticationToken [Principal=engine.UserDetailsImp@1320f958, Credentials=[PROTECTED], Authenticated=true, Details=WebAuthenticationDetails [RemoteIpAddress=127.0.0.1, SessionId=null], Granted Authorities=[]]] to HttpSession [org.apache.catalina.session.StandardSessionFacade@23e507e2]
?[0m?[0;34m12:59 DEBUG o.s.s.w.c.HttpSessionSecurityContextRepository - Stored SecurityContextImpl [Authentication=UsernamePasswordAuthenticationToken [Principal=engine.UserDetailsImp@1320f958, Credentials=[PROTECTED], Authenticated=true, Details=WebAuthenticationDetails [RemoteIpAddress=127.0.0.1, SessionId=null], Granted Authorities=[]]] to HttpSession [org.apache.catalina.session.StandardSessionFacade@23e507e2]
?[0m?[0;34m12:59 DEBUG o.s.s.w.c.SecurityContextPersistenceFilter - Cleared SecurityContextHolder to complete request
?[1;31m
Start test 70?[0m
?[0m?[0;34m12:59 DEBUG o.s.security.web.FilterChainProxy - Securing POST /api/quizzes/3/solve
?[0m?[0;34m12:59 DEBUG o.s.s.w.c.SecurityContextPersistenceFilter - Set SecurityContextHolder to empty SecurityContext
?[0m?[0;34m
?[0m?[0;34mTHE loadUserByUsername is called with the argument: user@google.com
?[0m?[0;34m
?[0m?[0;34m12:59 DEBUG o.s.s.a.d.DaoAuthenticationProvider - Authenticated user
?[0m?[0;34m12:59 DEBUG o.s.s.w.a.w.BasicAuthenticationFilter - Set SecurityContextHolder to UsernamePasswordAuthenticationToken [Principal=engine.UserDetailsImp@64783e63, Credentials=[PROTECTED], Authenticated=true, Details=WebAuthenticationDetails [RemoteIpAddress=127.0.0.1, SessionId=null], Granted Authorities=[]]
?[0m?[0;34m12:59 DEBUG o.s.s.w.c.HttpSessionSecurityContextRepository - Created HttpSession as SecurityContext is non-default
?[0m?[0;34m12:59 DEBUG o.s.s.w.c.HttpSessionSecurityContextRepository - Stored SecurityContextImpl [Authentication=UsernamePasswordAuthenticationToken [Principal=engine.UserDetailsImp@64783e63, Credentials=[PROTECTED], Authenticated=true, Details=WebAuthenticationDetails [RemoteIpAddress=127.0.0.1, SessionId=null], Granted Authorities=[]]] to HttpSession [org.apache.catalina.session.StandardSessionFacade@3bc6ef3a]
?[0m?[0;34m12:59 DEBUG o.s.s.w.u.m.RegexRequestMatcher - Checking match of request : '/api/quizzes/3/solve'; against '/api/register'
?[0m?[0;34m12:59 DEBUG o.s.s.w.u.m.RegexRequestMatcher - Checking match of request : '/api/quizzes/3/solve'; against '/actuator/shutdown'
?[0m?[0;34m12:59 DEBUG o.s.security.web.FilterChainProxy - Secured POST /api/quizzes/3/solve
?[0m?[0;34m12:59 DEBUG o.s.s.w.c.HttpSessionSecurityContextRepository - Stored SecurityContextImpl [Authentication=UsernamePasswordAuthenticationToken [Principal=engine.UserDetailsImp@64783e63, Credentials=[PROTECTED], Authenticated=true, Details=WebAuthenticationDetails [RemoteIpAddress=127.0.0.1, SessionId=null], Granted Authorities=[]]] to HttpSession [org.apache.catalina.session.StandardSessionFacade@3bc6ef3a]
?[0m?[0;34m12:59 DEBUG o.s.s.w.c.HttpSessionSecurityContextRepository - Stored SecurityContextImpl [Authentication=UsernamePasswordAuthenticationToken [Principal=engine.UserDetailsImp@64783e63, Credentials=[PROTECTED], Authenticated=true, Details=WebAuthenticationDetails [RemoteIpAddress=127.0.0.1, SessionId=null], Granted Authorities=[]]] to HttpSession [org.apache.catalina.session.StandardSessionFacade@3bc6ef3a]
?[0m?[0;34m12:59 DEBUG o.s.s.w.c.SecurityContextPersistenceFilter - Cleared SecurityContextHolder to complete request
?[1;31m
Start test 71?[0m
?[0m?[0;34m12:59 DEBUG o.s.security.web.FilterChainProxy - Securing POST /api/quizzes/3/solve
?[0m?[0;34m12:59 DEBUG o.s.s.w.c.SecurityContextPersistenceFilter - Set SecurityContextHolder to empty SecurityContext
?[0m?[0;34m
?[0m?[0;34mTHE loadUserByUsername is called with the argument: test@google.com
?[0m?[0;34m
?[0m?[0;34m12:59 DEBUG o.s.s.a.d.DaoAuthenticationProvider - Authenticated user
?[0m?[0;34m12:59 DEBUG o.s.s.w.a.w.BasicAuthenticationFilter - Set SecurityContextHolder to UsernamePasswordAuthenticationToken [Principal=engine.UserDetailsImp@724e6718, Credentials=[PROTECTED], Authenticated=true, Details=WebAuthenticationDetails [RemoteIpAddress=127.0.0.1, SessionId=null], Granted Authorities=[]]
?[0m?[0;34m12:59 DEBUG o.s.s.w.c.HttpSessionSecurityContextRepository - Created HttpSession as SecurityContext is non-default
?[0m?[0;34m12:59 DEBUG o.s.s.w.c.HttpSessionSecurityContextRepository - Stored SecurityContextImpl [Authentication=UsernamePasswordAuthenticationToken [Principal=engine.UserDetailsImp@724e6718, Credentials=[PROTECTED], Authenticated=true, Details=WebAuthenticationDetails [RemoteIpAddress=127.0.0.1, SessionId=null], Granted Authorities=[]]] to HttpSession [org.apache.catalina.session.StandardSessionFacade@5b4e2734]
?[0m?[0;34m12:59 DEBUG o.s.s.w.u.m.RegexRequestMatcher - Checking match of request : '/api/quizzes/3/solve'; against '/api/register'
?[0m?[0;34m12:59 DEBUG o.s.s.w.u.m.RegexRequestMatcher - Checking match of request : '/api/quizzes/3/solve'; against '/actuator/shutdown'
?[0m?[0;34m12:59 DEBUG o.s.security.web.FilterChainProxy - Secured POST /api/quizzes/3/solve
?[0m?[0;34m12:59 DEBUG o.s.s.w.c.HttpSessionSecurityContextRepository - Stored SecurityContextImpl [Authentication=UsernamePasswordAuthenticationToken [Principal=engine.UserDetailsImp@724e6718, Credentials=[PROTECTED], Authenticated=true, Details=WebAuthenticationDetails [RemoteIpAddress=127.0.0.1, SessionId=null], Granted Authorities=[]]] to HttpSession [org.apache.catalina.session.StandardSessionFacade@5b4e2734]
?[0m?[0;34m12:59 DEBUG o.s.s.w.c.HttpSessionSecurityContextRepository - Stored SecurityContextImpl [Authentication=UsernamePasswordAuthenticationToken [Principal=engine.UserDetailsImp@724e6718, Credentials=[PROTECTED], Authenticated=true, Details=WebAuthenticationDetails [RemoteIpAddress=127.0.0.1, SessionId=null], Granted Authorities=[]]] to HttpSession [org.apache.catalina.session.StandardSessionFacade@5b4e2734]
?[0m?[0;34m12:59 DEBUG o.s.s.w.c.SecurityContextPersistenceFilter - Cleared SecurityContextHolder to complete request
?[1;31m
Start test 72?[0m
?[0m?[0;34m12:59 DEBUG o.s.security.web.FilterChainProxy - Securing POST /api/quizzes/3/solve
?[0m?[0;34m12:59 DEBUG o.s.s.w.c.SecurityContextPersistenceFilter - Set SecurityContextHolder to empty SecurityContext
?[0m?[0;34m
?[0m?[0;34mTHE loadUserByUsername is called with the argument: user@google.com
?[0m?[0;34m
?[0m?[0;34m12:59 DEBUG o.s.s.a.d.DaoAuthenticationProvider - Authenticated user
?[0m?[0;34m12:59 DEBUG o.s.s.w.a.w.BasicAuthenticationFilter - Set SecurityContextHolder to UsernamePasswordAuthenticationToken [Principal=engine.UserDetailsImp@d0207f4, Credentials=[PROTECTED], Authenticated=true, Details=WebAuthenticationDetails [RemoteIpAddress=127.0.0.1, SessionId=null], Granted Authorities=[]]
?[0m?[0;34m12:59 DEBUG o.s.s.w.c.HttpSessionSecurityContextRepository - Created HttpSession as SecurityContext is non-default
?[0m?[0;34m12:59 DEBUG o.s.s.w.c.HttpSessionSecurityContextRepository - Stored SecurityContextImpl [Authentication=UsernamePasswordAuthenticationToken [Principal=engine.UserDetailsImp@d0207f4, Credentials=[PROTECTED], Authenticated=true, Details=WebAuthenticationDetails [RemoteIpAddress=127.0.0.1, SessionId=null], Granted Authorities=[]]] to HttpSession [org.apache.catalina.session.StandardSessionFacade@5faebfb0]
?[0m?[0;34m12:59 DEBUG o.s.s.w.u.m.RegexRequestMatcher - Checking match of request : '/api/quizzes/3/solve'; against '/api/register'
?[0m?[0;34m12:59 DEBUG o.s.s.w.u.m.RegexRequestMatcher - Checking match of request : '/api/quizzes/3/solve'; against '/actuator/shutdown'
?[0m?[0;34m12:59 DEBUG o.s.security.web.FilterChainProxy - Secured POST /api/quizzes/3/solve
?[0m?[0;34m12:59 DEBUG o.s.s.w.c.HttpSessionSecurityContextRepository - Stored SecurityContextImpl [Authentication=UsernamePasswordAuthenticationToken [Principal=engine.UserDetailsImp@d0207f4, Credentials=[PROTECTED], Authenticated=true, Details=WebAuthenticationDetails [RemoteIpAddress=127.0.0.1, SessionId=null], Granted Authorities=[]]] to HttpSession [org.apache.catalina.session.StandardSessionFacade@5faebfb0]
?[0m?[0;34m12:59 DEBUG o.s.s.w.c.HttpSessionSecurityContextRepository - Stored SecurityContextImpl [Authentication=UsernamePasswordAuthenticationToken [Principal=engine.UserDetailsImp@d0207f4, Credentials=[PROTECTED], Authenticated=true, Details=WebAuthenticationDetails [RemoteIpAddress=127.0.0.1, SessionId=null], Granted Authorities=[]]] to HttpSession [org.apache.catalina.session.StandardSessionFacade@5faebfb0]
?[0m?[0;34m12:59 DEBUG o.s.s.w.c.SecurityContextPersistenceFilter - Cleared SecurityContextHolder to complete request
?[1;31m
Start test 73?[0m
?[0m?[0;34m12:59 DEBUG o.s.security.web.FilterChainProxy - Securing POST /api/quizzes/3/solve
?[0m?[0;34m12:59 DEBUG o.s.s.w.c.SecurityContextPersistenceFilter - Set SecurityContextHolder to empty SecurityContext
?[0m?[0;34m
?[0m?[0;34mTHE loadUserByUsername is called with the argument: test@google.com
?[0m?[0;34m
?[0m?[0;34m12:59 DEBUG o.s.s.a.d.DaoAuthenticationProvider - Authenticated user
?[0m?[0;34m12:59 DEBUG o.s.s.w.a.w.BasicAuthenticationFilter - Set SecurityContextHolder to UsernamePasswordAuthenticationToken [Principal=engine.UserDetailsImp@7b6b3aa6, Credentials=[PROTECTED], Authenticated=true, Details=WebAuthenticationDetails [RemoteIpAddress=127.0.0.1, SessionId=null], Granted Authorities=[]]
?[0m?[0;34m12:59 DEBUG o.s.s.w.c.HttpSessionSecurityContextRepository - Created HttpSession as SecurityContext is non-default
?[0m?[0;34m12:59 DEBUG o.s.s.w.c.HttpSessionSecurityContextRepository - Stored SecurityContextImpl [Authentication=UsernamePasswordAuthenticationToken [Principal=engine.UserDetailsImp@7b6b3aa6, Credentials=[PROTECTED], Authenticated=true, Details=WebAuthenticationDetails [RemoteIpAddress=127.0.0.1, SessionId=null], Granted Authorities=[]]] to HttpSession [org.apache.catalina.session.StandardSessionFacade@3a76e57f]
?[0m?[0;34m12:59 DEBUG o.s.s.w.u.m.RegexRequestMatcher - Checking match of request : '/api/quizzes/3/solve'; against '/api/register'
?[0m?[0;34m12:59 DEBUG o.s.s.w.u.m.RegexRequestMatcher - Checking match of request : '/api/quizzes/3/solve'; against '/actuator/shutdown'
?[0m?[0;34m12:59 DEBUG o.s.security.web.FilterChainProxy - Secured POST /api/quizzes/3/solve
?[0m?[0;34m12:59 DEBUG o.s.s.w.c.HttpSessionSecurityContextRepository - Stored SecurityContextImpl [Authentication=UsernamePasswordAuthenticationToken [Principal=engine.UserDetailsImp@7b6b3aa6, Credentials=[PROTECTED], Authenticated=true, Details=WebAuthenticationDetails [RemoteIpAddress=127.0.0.1, SessionId=null], Granted Authorities=[]]] to HttpSession [org.apache.catalina.session.StandardSessionFacade@3a76e57f]
?[0m?[0;34m12:59 DEBUG o.s.s.w.c.HttpSessionSecurityContextRepository - Stored SecurityContextImpl [Authentication=UsernamePasswordAuthenticationToken [Principal=engine.UserDetailsImp@7b6b3aa6, Credentials=[PROTECTED], Authenticated=true, Details=WebAuthenticationDetails [RemoteIpAddress=127.0.0.1, SessionId=null], Granted Authorities=[]]] to HttpSession [org.apache.catalina.session.StandardSessionFacade@3a76e57f]
?[0m?[0;34m12:59 DEBUG o.s.s.w.c.SecurityContextPersistenceFilter - Cleared SecurityContextHolder to complete request
?[1;31m
Start test 74?[0m
?[0m?[0;34m12:59 DEBUG o.s.security.web.FilterChainProxy - Securing POST /api/quizzes
?[0m?[0;34m12:59 DEBUG o.s.s.w.c.SecurityContextPersistenceFilter - Set SecurityContextHolder to empty SecurityContext
?[0m?[0;34m
?[0m?[0;34mTHE loadUserByUsername is called with the argument: test@google.com
?[0m?[0;34m
?[0m?[0;34m12:59 DEBUG o.s.s.a.d.DaoAuthenticationProvider - Authenticated user
?[0m?[0;34m12:59 DEBUG o.s.s.w.a.w.BasicAuthenticationFilter - Set SecurityContextHolder to UsernamePasswordAuthenticationToken [Principal=engine.UserDetailsImp@37011118, Credentials=[PROTECTED], Authenticated=true, Details=WebAuthenticationDetails [RemoteIpAddress=127.0.0.1, SessionId=null], Granted Authorities=[]]
?[0m?[0;34m12:59 DEBUG o.s.s.w.c.HttpSessionSecurityContextRepository - Created HttpSession as SecurityContext is non-default
?[0m?[0;34m12:59 DEBUG o.s.s.w.c.HttpSessionSecurityContextRepository - Stored SecurityContextImpl [Authentication=UsernamePasswordAuthenticationToken [Principal=engine.UserDetailsImp@37011118, Credentials=[PROTECTED], Authenticated=true, Details=WebAuthenticationDetails [RemoteIpAddress=127.0.0.1, SessionId=null], Granted Authorities=[]]] to HttpSession [org.apache.catalina.session.StandardSessionFacade@7ddce40]
?[0m?[0;34m12:59 DEBUG o.s.s.w.u.m.RegexRequestMatcher - Checking match of request : '/api/quizzes'; against '/api/register'
?[0m?[0;34m12:59 DEBUG o.s.s.w.u.m.RegexRequestMatcher - Checking match of request : '/api/quizzes'; against '/actuator/shutdown'
?[0m?[0;34m12:59 DEBUG o.s.security.web.FilterChainProxy - Secured POST /api/quizzes
?[0m?[0;34m12:59 DEBUG o.s.s.w.c.HttpSessionSecurityContextRepository - Stored SecurityContextImpl [Authentication=UsernamePasswordAuthenticationToken [Principal=engine.UserDetailsImp@37011118, Credentials=[PROTECTED], Authenticated=true, Details=WebAuthenticationDetails [RemoteIpAddress=127.0.0.1, SessionId=null], Granted Authorities=[]]] to HttpSession [org.apache.catalina.session.StandardSessionFacade@7ddce40]
?[0m?[0;34m12:59 DEBUG o.s.s.w.c.HttpSessionSecurityContextRepository - Stored SecurityContextImpl [Authentication=UsernamePasswordAuthenticationToken [Principal=engine.UserDetailsImp@37011118, Credentials=[PROTECTED], Authenticated=true, Details=WebAuthenticationDetails [RemoteIpAddress=127.0.0.1, SessionId=null], Granted Authorities=[]]] to HttpSession [org.apache.catalina.session.StandardSessionFacade@7ddce40]
?[0m?[0;34m12:59 DEBUG o.s.s.w.c.SecurityContextPersistenceFilter - Cleared SecurityContextHolder to complete request
?[1;31m
Start test 75?[0m
?[0m?[0;34m12:59 DEBUG o.s.security.web.FilterChainProxy - Securing GET /api/quizzes/4
?[0m?[0;34m12:59 DEBUG o.s.s.w.c.SecurityContextPersistenceFilter - Set SecurityContextHolder to empty SecurityContext
?[0m?[0;34m
?[0m?[0;34mTHE loadUserByUsername is called with the argument: test@google.com
?[0m?[0;34m
?[0m?[0;34m12:59 DEBUG o.s.s.a.d.DaoAuthenticationProvider - Authenticated user
?[0m?[0;34m12:59 DEBUG o.s.s.w.a.w.BasicAuthenticationFilter - Set SecurityContextHolder to UsernamePasswordAuthenticationToken [Principal=engine.UserDetailsImp@2bfecc2, Credentials=[PROTECTED], Authenticated=true, Details=WebAuthenticationDetails [RemoteIpAddress=127.0.0.1, SessionId=null], Granted Authorities=[]]
?[0m?[0;34m12:59 DEBUG o.s.s.w.c.HttpSessionSecurityContextRepository - Created HttpSession as SecurityContext is non-default
?[0m?[0;34m12:59 DEBUG o.s.s.w.c.HttpSessionSecurityContextRepository - Stored SecurityContextImpl [Authentication=UsernamePasswordAuthenticationToken [Principal=engine.UserDetailsImp@2bfecc2, Credentials=[PROTECTED], Authenticated=true, Details=WebAuthenticationDetails [RemoteIpAddress=127.0.0.1, SessionId=null], Granted Authorities=[]]] to HttpSession [org.apache.catalina.session.StandardSessionFacade@45db3ef6]
?[0m?[0;34m12:59 DEBUG o.s.security.web.FilterChainProxy - Secured GET /api/quizzes/4
?[0m?[0;34m12:59 DEBUG o.s.s.w.c.HttpSessionSecurityContextRepository - Stored SecurityContextImpl [Authentication=UsernamePasswordAuthenticationToken [Principal=engine.UserDetailsImp@2bfecc2, Credentials=[PROTECTED], Authenticated=true, Details=WebAuthenticationDetails [RemoteIpAddress=127.0.0.1, SessionId=null], Granted Authorities=[]]] to HttpSession [org.apache.catalina.session.StandardSessionFacade@45db3ef6]
?[0m?[0;34m12:59 DEBUG o.s.s.w.c.HttpSessionSecurityContextRepository - Stored SecurityContextImpl [Authentication=UsernamePasswordAuthenticationToken [Principal=engine.UserDetailsImp@2bfecc2, Credentials=[PROTECTED], Authenticated=true, Details=WebAuthenticationDetails [RemoteIpAddress=127.0.0.1, SessionId=null], Granted Authorities=[]]] to HttpSession [org.apache.catalina.session.StandardSessionFacade@45db3ef6]
?[0m?[0;34m12:59 DEBUG o.s.s.w.c.SecurityContextPersistenceFilter - Cleared SecurityContextHolder to complete request
?[1;31m
Start test 76?[0m
?[0m?[0;34m12:59 DEBUG o.s.security.web.FilterChainProxy - Securing GET /api/quizzes/129
?[0m?[0;34m12:59 DEBUG o.s.s.w.c.SecurityContextPersistenceFilter - Set SecurityContextHolder to empty SecurityContext
?[0m?[0;34m
?[0m?[0;34mTHE loadUserByUsername is called with the argument: test@google.com
?[0m?[0;34m
?[0m?[0;34m12:59 DEBUG o.s.s.a.d.DaoAuthenticationProvider - Authenticated user
?[0m?[0;34m12:59 DEBUG o.s.s.w.a.w.BasicAuthenticationFilter - Set SecurityContextHolder to UsernamePasswordAuthenticationToken [Principal=engine.UserDetailsImp@35acfb5e, Credentials=[PROTECTED], Authenticated=true, Details=WebAuthenticationDetails [RemoteIpAddress=127.0.0.1, SessionId=null], Granted Authorities=[]]
?[0m?[0;34m12:59 DEBUG o.s.s.w.c.HttpSessionSecurityContextRepository - Created HttpSession as SecurityContext is non-default
?[0m?[0;34m12:59 DEBUG o.s.s.w.c.HttpSessionSecurityContextRepository - Stored SecurityContextImpl [Authentication=UsernamePasswordAuthenticationToken [Principal=engine.UserDetailsImp@35acfb5e, Credentials=[PROTECTED], Authenticated=true, Details=WebAuthenticationDetails [RemoteIpAddress=127.0.0.1, SessionId=null], Granted Authorities=[]]] to HttpSession [org.apache.catalina.session.StandardSessionFacade@7a0ab418]
?[0m?[0;34m12:59 DEBUG o.s.security.web.FilterChainProxy - Secured GET /api/quizzes/129
?[0m?[0;34m12:59 WARN  o.s.w.s.m.m.a.ExceptionHandlerExceptionResolver - Failure in @ExceptionHandler engine.Exceptionist#handleBadRequestExceptions(RuntimeException, WebRequest)
?[0m?[0;34morg.springframework.web.HttpMediaTypeNotAcceptableException: Could not find acceptable representation
?[0m?[0;34m	at org.springframework.web.servlet.mvc.method.annotation.AbstractMessageConverterMethodProcessor.writeWithMessageConverters(AbstractMessageConverterMethodProcessor.java:315)
?[0m?[0;34m	at org.springframework.web.servlet.mvc.method.annotation.HttpEntityMethodProcessor.handleReturnValue(HttpEntityMethodProcessor.java:219)
?[0m?[0;34m	at org.springframework.web.method.support.HandlerMethodReturnValueHandlerComposite.handleReturnValue(HandlerMethodReturnValueHandlerComposite.java:78)
?[0m?[0;34m	at org.springframework.web.servlet.mvc.method.annotation.ServletInvocableHandlerMethod.invokeAndHandle(ServletInvocableHandlerMethod.java:135)
?[0m?[0;34m	at org.springframework.web.servlet.mvc.method.annotation.ExceptionHandlerExceptionResolver.doResolveHandlerMethodException(ExceptionHandlerExceptionResolver.java:428)
?[0m?[0;34m	at org.springframework.web.servlet.handler.AbstractHandlerMethodExceptionResolver.doResolveException(AbstractHandlerMethodExceptionResolver.java:75)
?[0m?[0;34m	at org.springframework.web.servlet.handler.AbstractHandlerExceptionResolver.resolveException(AbstractHandlerExceptionResolver.java:142)
?[0m?[0;34m	at org.springframework.web.servlet.handler.HandlerExceptionResolverComposite.resolveException(HandlerExceptionResolverComposite.java:80)
?[0m?[0;34m	at org.springframework.web.servlet.DispatcherServlet.processHandlerException(DispatcherServlet.java:1327)
?[0m?[0;34m	at org.springframework.web.servlet.DispatcherServlet.processDispatchResult(DispatcherServlet.java:1138)
?[0m?[0;34m	at org.springframework.web.servlet.DispatcherServlet.doDispatch(DispatcherServlet.java:1084)
?[0m?[0;34m	at org.springframework.web.servlet.DispatcherServlet.doService(DispatcherServlet.java:963)
?[0m?[0;34m	at org.springframework.web.servlet.FrameworkServlet.processRequest(FrameworkServlet.java:1006)
?[0m?[0;34m	at org.springframework.web.servlet.FrameworkServlet.doGet(FrameworkServlet.java:898)
?[0m?[0;34m	at javax.servlet.http.HttpServlet.service(HttpServlet.java:655)
?[0m?[0;34m	at org.springframework.web.servlet.FrameworkServlet.service(FrameworkServlet.java:883)
?[0m?[0;34m	at javax.servlet.http.HttpServlet.service(HttpServlet.java:764)
?[0m?[0;34m	at jdk.internal.reflect.GeneratedMethodAccessor64.invoke(Unknown Source)
?[0m?[0;34m	at java.base/jdk.internal.reflect.DelegatingMethodAccessorImpl.invoke(DelegatingMethodAccessorImpl.java:43)
?[0m?[0;34m	at java.base/java.lang.reflect.Method.invoke(Method.java:568)
?[0m?[0;34m	at org.apache.catalina.security.SecurityUtil.lambda$execute$0(SecurityUtil.java:280)
?[0m?[0;34m	at java.base/java.security.AccessController.doPrivileged(AccessController.java:712)
?[0m?[0;34m	at java.base/javax.security.auth.Subject.doAsPrivileged(Subject.java:584)
?[0m?[0;34m	at org.apache.catalina.security.SecurityUtil.execute(SecurityUtil.java:311)
?[0m?[0;34m	at org.apache.catalina.security.SecurityUtil.doAsPrivilege(SecurityUtil.java:170)
?[0m?[0;34m	at org.apache.catalina.core.ApplicationFilterChain.internalDoFilter(ApplicationFilterChain.java:221)
?[0m?[0;34m	at org.apache.catalina.core.ApplicationFilterChain.lambda$doFilter$0(ApplicationFilterChain.java:145)
?[0m?[0;34m	at java.base/java.security.AccessController.doPrivileged(AccessController.java:569)
?[0m?[0;34m	at org.apache.catalina.core.ApplicationFilterChain.doFilter(ApplicationFilterChain.java:143)
?[0m?[0;34m	at org.apache.tomcat.websocket.server.WsFilter.doFilter(WsFilter.java:53)
?[0m?[0;34m	at jdk.internal.reflect.GeneratedMethodAccessor54.invoke(Unknown Source)
?[0m?[0;34m	at java.base/jdk.internal.reflect.DelegatingMethodAccessorImpl.invoke(DelegatingMethodAccessorImpl.java:43)
?[0m?[0;34m	at java.base/java.lang.reflect.Method.invoke(Method.java:568)
?[0m?[0;34m	at org.apache.catalina.security.SecurityUtil.lambda$execute$0(SecurityUtil.java:280)
?[0m?[0;34m	at java.base/java.security.AccessController.doPrivileged(AccessController.java:712)
?[0m?[0;34m	at java.base/javax.security.auth.Subject.doAsPrivileged(Subject.java:584)
?[0m?[0;34m	at org.apache.catalina.security.SecurityUtil.execute(SecurityUtil.java:311)
?[0m?[0;34m	at org.apache.catalina.security.SecurityUtil.doAsPrivilege(SecurityUtil.java:253)
?[0m?[0;34m	at org.apache.catalina.core.ApplicationFilterChain.internalDoFilter(ApplicationFilterChain.java:187)
?[0m?[0;34m	at org.apache.catalina.core.ApplicationFilterChain.lambda$doFilter$0(ApplicationFilterChain.java:145)
?[0m?[0;34m	at java.base/java.security.AccessController.doPrivileged(AccessController.java:569)
?[0m?[0;34m	at org.apache.catalina.core.ApplicationFilterChain.doFilter(ApplicationFilterChain.java:143)
?[0m?[0;34m	at org.springframework.security.web.FilterChainProxy$VirtualFilterChain.doFilter(FilterChainProxy.java:327)
?[0m?[0;34m	at org.springframework.security.web.access.intercept.AuthorizationFilter.doFilterInternal(AuthorizationFilter.java:58)
?[0m?[0;34m	at org.springframework.web.filter.OncePerRequestFilter.doFilter(OncePerRequestFilter.java:119)
?[0m?[0;34m	at org.springframework.security.web.FilterChainProxy$VirtualFilterChain.doFilter(FilterChainProxy.java:336)
?[0m?[0;34m	at org.springframework.security.web.access.ExceptionTranslationFilter.doFilter(ExceptionTranslationFilter.java:121)
?[0m?[0;34m	at org.springframework.security.web.access.ExceptionTranslationFilter.doFilter(ExceptionTranslationFilter.java:115)
?[0m?[0;34m	at org.springframework.security.web.FilterChainProxy$VirtualFilterChain.doFilter(FilterChainProxy.java:336)
?[0m?[0;34m	at org.springframework.security.web.session.SessionManagementFilter.doFilter(SessionManagementFilter.java:126)
?[0m?[0;34m	at org.springframework.security.web.session.SessionManagementFilter.doFilter(SessionManagementFilter.java:81)
?[0m?[0;34m	at org.springframework.security.web.FilterChainProxy$VirtualFilterChain.doFilter(FilterChainProxy.java:336)
?[0m?[0;34m	at org.springframework.security.web.authentication.AnonymousAuthenticationFilter.doFilter(AnonymousAuthenticationFilter.java:105)
?[0m?[0;34m	at org.springframework.security.web.FilterChainProxy$VirtualFilterChain.doFilter(FilterChainProxy.java:336)
?[0m?[0;34m	at org.springframework.security.web.servletapi.SecurityContextHolderAwareRequestFilter.doFilter(SecurityContextHolderAwareRequestFilter.java:149)
?[0m?[0;34m	at org.springframework.security.web.FilterChainProxy$VirtualFilterChain.doFilter(FilterChainProxy.java:336)
?[0m?[0;34m	at org.springframework.security.web.savedrequest.RequestCacheAwareFilter.doFilter(RequestCacheAwareFilter.java:63)
?[0m?[0;34m	at org.springframework.security.web.FilterChainProxy$VirtualFilterChain.doFilter(FilterChainProxy.java:336)
?[0m?[0;34m	at org.springframework.security.web.authentication.www.BasicAuthenticationFilter.doFilterInternal(BasicAuthenticationFilter.java:178)
?[0m?[0;34m	at org.springframework.web.filter.OncePerRequestFilter.doFilter(OncePerRequestFilter.java:119)
?[0m?[0;34m	at org.springframework.security.web.FilterChainProxy$VirtualFilterChain.doFilter(FilterChainProxy.java:336)
?[0m?[0;34m	at org.springframework.security.web.authentication.logout.LogoutFilter.doFilter(LogoutFilter.java:103)
?[0m?[0;34m	at org.springframework.security.web.authentication.logout.LogoutFilter.doFilter(LogoutFilter.java:89)
?[0m?[0;34m	at org.springframework.security.web.FilterChainProxy$VirtualFilterChain.doFilter(FilterChainProxy.java:336)
?[0m?[0;34m	at org.springframework.security.web.header.HeaderWriterFilter.doHeadersAfter(HeaderWriterFilter.java:90)
?[0m?[0;34m	at org.springframework.security.web.header.HeaderWriterFilter.doFilterInternal(HeaderWriterFilter.java:75)
?[0m?[0;34m	at org.springframework.web.filter.OncePerRequestFilter.doFilter(OncePerRequestFilter.java:119)
?[0m?[0;34m	at org.springframework.security.web.FilterChainProxy$VirtualFilterChain.doFilter(FilterChainProxy.java:336)
?[0m?[0;34m	at org.springframework.security.web.context.SecurityContextPersistenceFilter.doFilter(SecurityContextPersistenceFilter.java:110)
?[0m?[0;34m	at org.springframework.security.web.context.SecurityContextPersistenceFilter.doFilter(SecurityContextPersistenceFilter.java:80)
?[0m?[0;34m	at org.springframework.security.web.FilterChainProxy$VirtualFilterChain.doFilter(FilterChainProxy.java:336)
?[0m?[0;34m	at org.springframework.security.web.context.request.async.WebAsyncManagerIntegrationFilter.doFilterInternal(WebAsyncManagerIntegrationFilter.java:55)
?[0m?[0;34m	at org.springframework.web.filter.OncePerRequestFilter.doFilter(OncePerRequestFilter.java:119)
?[0m?[0;34m	at org.springframework.security.web.FilterChainProxy$VirtualFilterChain.doFilter(FilterChainProxy.java:336)
?[0m?[0;34m	at org.springframework.security.web.FilterChainProxy.doFilterInternal(FilterChainProxy.java:211)
?[0m?[0;34m	at org.springframework.security.web.FilterChainProxy.doFilter(FilterChainProxy.java:183)
?[0m?[0;34m	at org.springframework.web.filter.DelegatingFilterProxy.invokeDelegate(DelegatingFilterProxy.java:358)
?[0m?[0;34m	at org.springframework.web.filter.DelegatingFilterProxy.doFilter(DelegatingFilterProxy.java:271)
?[0m?[0;34m	at jdk.internal.reflect.GeneratedMethodAccessor54.invoke(Unknown Source)
?[0m?[0;34m	at java.base/jdk.internal.reflect.DelegatingMethodAccessorImpl.invoke(DelegatingMethodAccessorImpl.java:43)
?[0m?[0;34m	at java.base/java.lang.reflect.Method.invoke(Method.java:568)
?[0m?[0;34m	at org.apache.catalina.security.SecurityUtil.lambda$execute$0(SecurityUtil.java:280)
?[0m?[0;34m	at java.base/java.security.AccessController.doPrivileged(AccessController.java:712)
?[0m?[0;34m	at java.base/javax.security.auth.Subject.doAsPrivileged(Subject.java:584)
?[0m?[0;34m	at org.apache.catalina.security.SecurityUtil.execute(SecurityUtil.java:311)
?[0m?[0;34m	at org.apache.catalina.security.SecurityUtil.doAsPrivilege(SecurityUtil.java:253)
?[0m?[0;34m	at org.apache.catalina.core.ApplicationFilterChain.internalDoFilter(ApplicationFilterChain.java:187)
?[0m?[0;34m	at org.apache.catalina.core.ApplicationFilterChain.lambda$doFilter$0(ApplicationFilterChain.java:145)
?[0m?[0;34m	at java.base/java.security.AccessController.doPrivileged(AccessController.java:569)
?[0m?[0;34m	at org.apache.catalina.core.ApplicationFilterChain.doFilter(ApplicationFilterChain.java:143)
?[0m?[0;34m	at org.springframework.web.filter.RequestContextFilter.doFilterInternal(RequestContextFilter.java:100)
?[0m?[0;34m	at org.springframework.web.filter.OncePerRequestFilter.doFilter(OncePerRequestFilter.java:119)
?[0m?[0;34m	at jdk.internal.reflect.GeneratedMethodAccessor54.invoke(Unknown Source)
?[0m?[0;34m	at java.base/jdk.internal.reflect.DelegatingMethodAccessorImpl.invoke(DelegatingMethodAccessorImpl.java:43)
?[0m?[0;34m	at java.base/java.lang.reflect.Method.invoke(Method.java:568)
?[0m?[0;34m	at org.apache.catalina.security.SecurityUtil.lambda$execute$0(SecurityUtil.java:280)
?[0m?[0;34m	at java.base/java.security.AccessController.doPrivileged(AccessController.java:712)
?[0m?[0;34m	at java.base/javax.security.auth.Subject.doAsPrivileged(Subject.java:584)
?[0m?[0;34m	at org.apache.catalina.security.SecurityUtil.execute(SecurityUtil.java:311)
?[0m?[0;34m	at org.apache.catalina.security.SecurityUtil.doAsPrivilege(SecurityUtil.java:253)
?[0m?[0;34m	at org.apache.catalina.core.ApplicationFilterChain.internalDoFilter(ApplicationFilterChain.java:187)
?[0m?[0;34m	at org.apache.catalina.core.ApplicationFilterChain.lambda$doFilter$0(ApplicationFilterChain.java:145)
?[0m?[0;34m	at java.base/java.security.AccessController.doPrivileged(AccessController.java:569)
?[0m?[0;34m	at org.apache.catalina.core.ApplicationFilterChain.doFilter(ApplicationFilterChain.java:143)
?[0m?[0;34m	at org.springframework.web.filter.FormContentFilter.doFilterInternal(FormContentFilter.java:93)
?[0m?[0;34m	at org.springframework.web.filter.OncePerRequestFilter.doFilter(OncePerRequestFilter.java:119)
?[0m?[0;34m	at jdk.internal.reflect.GeneratedMethodAccessor54.invoke(Unknown Source)
?[0m?[0;34m	at java.base/jdk.internal.reflect.DelegatingMethodAccessorImpl.invoke(DelegatingMethodAccessorImpl.java:43)
?[0m?[0;34m	at java.base/java.lang.reflect.Method.invoke(Method.java:568)
?[0m?[0;34m	at org.apache.catalina.security.SecurityUtil.lambda$execute$0(SecurityUtil.java:280)
?[0m?[0;34m	at java.base/java.security.AccessController.doPrivileged(AccessController.java:712)
?[0m?[0;34m	at java.base/javax.security.auth.Subject.doAsPrivileged(Subject.java:584)
?[0m?[0;34m	at org.apache.catalina.security.SecurityUtil.execute(SecurityUtil.java:311)
?[0m?[0;34m	at org.apache.catalina.security.SecurityUtil.doAsPrivilege(SecurityUtil.java:253)
?[0m?[0;34m	at org.apache.catalina.core.ApplicationFilterChain.internalDoFilter(ApplicationFilterChain.java:187)
?[0m?[0;34m	at org.apache.catalina.core.ApplicationFilterChain.lambda$doFilter$0(ApplicationFilterChain.java:145)
?[0m?[0;34m	at java.base/java.security.AccessController.doPrivileged(AccessController.java:569)
?[0m?[0;34m	at org.apache.catalina.core.ApplicationFilterChain.doFilter(ApplicationFilterChain.java:143)
?[0m?[0;34m	at org.springframework.boot.actuate.metrics.web.servlet.WebMvcMetricsFilter.doFilterInternal(WebMvcMetricsFilter.java:96)
?[0m?[0;34m	at org.springframework.web.filter.OncePerRequestFilter.doFilter(OncePerRequestFilter.java:119)
?[0m?[0;34m	at jdk.internal.reflect.GeneratedMethodAccessor54.invoke(Unknown Source)
?[0m?[0;34m	at java.base/jdk.internal.reflect.DelegatingMethodAccessorImpl.invoke(DelegatingMethodAccessorImpl.java:43)
?[0m?[0;34m	at java.base/java.lang.reflect.Method.invoke(Method.java:568)
?[0m?[0;34m	at org.apache.catalina.security.SecurityUtil.lambda$execute$0(SecurityUtil.java:280)
?[0m?[0;34m	at java.base/java.security.AccessController.doPrivileged(AccessController.java:712)
?[0m?[0;34m	at java.base/javax.security.auth.Subject.doAsPrivileged(Subject.java:584)
?[0m?[0;34m	at org.apache.catalina.security.SecurityUtil.execute(SecurityUtil.java:311)
?[0m?[0;34m	at org.apache.catalina.security.SecurityUtil.doAsPrivilege(SecurityUtil.java:253)
?[0m?[0;34m	at org.apache.catalina.core.ApplicationFilterChain.internalDoFilter(ApplicationFilterChain.java:187)
?[0m?[0;34m	at org.apache.catalina.core.ApplicationFilterChain.lambda$doFilter$0(ApplicationFilterChain.java:145)
?[0m?[0;34m	at java.base/java.security.AccessController.doPrivileged(AccessController.java:569)
?[0m?[0;34m	at org.apache.catalina.core.ApplicationFilterChain.doFilter(ApplicationFilterChain.java:143)
?[0m?[0;34m	at org.springframework.web.filter.CharacterEncodingFilter.doFilterInternal(CharacterEncodingFilter.java:201)
?[0m?[0;34m	at org.springframework.web.filter.OncePerRequestFilter.doFilter(OncePerRequestFilter.java:119)
?[0m?[0;34m	at jdk.internal.reflect.GeneratedMethodAccessor54.invoke(Unknown Source)
?[0m?[0;34m	at java.base/jdk.internal.reflect.DelegatingMethodAccessorImpl.invoke(DelegatingMethodAccessorImpl.java:43)
?[0m?[0;34m	at java.base/java.lang.reflect.Method.invoke(Method.java:568)
?[0m?[0;34m	at org.apache.catalina.security.SecurityUtil.lambda$execute$0(SecurityUtil.java:280)
?[0m?[0;34m	at java.base/java.security.AccessController.doPrivileged(AccessController.java:712)
?[0m?[0;34m	at java.base/javax.security.auth.Subject.doAsPrivileged(Subject.java:584)
?[0m?[0;34m	at org.apache.catalina.security.SecurityUtil.execute(SecurityUtil.java:311)
?[0m?[0;34m	at org.apache.catalina.security.SecurityUtil.doAsPrivilege(SecurityUtil.java:253)
?[0m?[0;34m	at org.apache.catalina.core.ApplicationFilterChain.internalDoFilter(ApplicationFilterChain.java:187)
?[0m?[0;34m	at org.apache.catalina.core.ApplicationFilterChain.lambda$doFilter$0(ApplicationFilterChain.java:145)
?[0m?[0;34m	at java.base/java.security.AccessController.doPrivileged(AccessController.java:569)
?[0m?[0;34m	at org.apache.catalina.core.ApplicationFilterChain.doFilter(ApplicationFilterChain.java:143)
?[0m?[0;34m	at org.apache.catalina.core.StandardWrapperValve.invoke(StandardWrapperValve.java:197)
?[0m?[0;34m	at org.apache.catalina.core.StandardContextValve.invoke(StandardContextValve.java:97)
?[0m?[0;34m	at org.apache.catalina.authenticator.AuthenticatorBase.invoke(AuthenticatorBase.java:540)
?[0m?[0;34m	at org.apache.catalina.core.StandardHostValve.invoke(StandardHostValve.java:135)
?[0m?[0;34m	at org.apache.catalina.valves.ErrorReportValve.invoke(ErrorReportValve.java:92)
?[0m?[0;34m	at org.apache.catalina.core.StandardEngineValve.invoke(StandardEngineValve.java:78)
?[0m?[0;34m	at org.apache.catalina.connector.CoyoteAdapter.service(CoyoteAdapter.java:357)
?[0m?[0;34m	at org.apache.coyote.http11.Http11Processor.service(Http11Processor.java:382)
?[0m?[0;34m	at org.apache.coyote.AbstractProcessorLight.process(AbstractProcessorLight.java:65)
?[0m?[0;34m	at org.apache.coyote.AbstractProtocol$ConnectionHandler.process(AbstractProtocol.java:895)
?[0m?[0;34m	at org.apache.tomcat.util.net.NioEndpoint$SocketProcessor.doRun(NioEndpoint.java:1722)
?[0m?[0;34m	at org.apache.tomcat.util.net.SocketProcessorBase.run(SocketProcessorBase.java:49)
?[0m?[0;34m	at org.apache.tomcat.util.threads.ThreadPoolExecutor.runWorker(ThreadPoolExecutor.java:1191)
?[0m?[0;34m	at org.apache.tomcat.util.threads.ThreadPoolExecutor$Worker.run(ThreadPoolExecutor.java:659)
?[0m?[0;34m	at org.apache.tomcat.util.threads.TaskThread$WrappingRunnable.run(TaskThread.java:61)
?[0m?[0;34m	at java.base/java.lang.Thread.run(Thread.java:842)
?[0m?[0;34m12:59 DEBUG o.s.s.w.c.HttpSessionSecurityContextRepository - Stored SecurityContextImpl [Authentication=UsernamePasswordAuthenticationToken [Principal=engine.UserDetailsImp@35acfb5e, Credentials=[PROTECTED], Authenticated=true, Details=WebAuthenticationDetails [RemoteIpAddress=127.0.0.1, SessionId=null], Granted Authorities=[]]] to HttpSession [org.apache.catalina.session.StandardSessionFacade@7a0ab418]
?[0m?[0;34m12:59 DEBUG o.s.s.w.c.HttpSessionSecurityContextRepository - Stored SecurityContextImpl [Authentication=UsernamePasswordAuthenticationToken [Principal=engine.UserDetailsImp@35acfb5e, Credentials=[PROTECTED], Authenticated=true, Details=WebAuthenticationDetails [RemoteIpAddress=127.0.0.1, SessionId=null], Granted Authorities=[]]] to HttpSession [org.apache.catalina.session.StandardSessionFacade@7a0ab418]
?[0m?[0;34m12:59 DEBUG o.s.s.w.c.SecurityContextPersistenceFilter - Cleared SecurityContextHolder to complete request
?[0m?[0;34m12:59 DEBUG o.s.security.web.FilterChainProxy - Securing GET /error
?[0m?[0;34m12:59 DEBUG o.s.s.w.c.HttpSessionSecurityContextRepository - Retrieved SecurityContextImpl [Authentication=UsernamePasswordAuthenticationToken [Principal=engine.UserDetailsImp@35acfb5e, Credentials=[PROTECTED], Authenticated=true, Details=WebAuthenticationDetails [RemoteIpAddress=127.0.0.1, SessionId=null], Granted Authorities=[]]]
?[0m?[0;34m12:59 DEBUG o.s.s.w.c.SecurityContextPersistenceFilter - Set SecurityContextHolder to SecurityContextImpl [Authentication=UsernamePasswordAuthenticationToken [Principal=engine.UserDetailsImp@35acfb5e, Credentials=[PROTECTED], Authenticated=true, Details=WebAuthenticationDetails [RemoteIpAddress=127.0.0.1, SessionId=null], Granted Authorities=[]]]
?[0m?[0;34m12:59 DEBUG o.s.security.web.FilterChainProxy - Secured GET /error
?[0m?[0;34m12:59 DEBUG o.s.s.w.c.SecurityContextPersistenceFilter - Cleared SecurityContextHolder to complete request
?[1;31m
Start test 77?[0m
?[0m?[0;34m12:59 DEBUG o.s.security.web.FilterChainProxy - Securing POST /api/quizzes/4/solve
?[0m?[0;34m12:59 DEBUG o.s.s.w.c.SecurityContextPersistenceFilter - Set SecurityContextHolder to empty SecurityContext
?[0m?[0;34m
?[0m?[0;34mTHE loadUserByUsername is called with the argument: test@google.com
?[0m?[0;34m
?[0m?[0;34m12:59 DEBUG o.s.s.a.d.DaoAuthenticationProvider - Authenticated user
?[0m?[0;34m12:59 DEBUG o.s.s.w.a.w.BasicAuthenticationFilter - Set SecurityContextHolder to UsernamePasswordAuthenticationToken [Principal=engine.UserDetailsImp@7ecc5b4e, Credentials=[PROTECTED], Authenticated=true, Details=WebAuthenticationDetails [RemoteIpAddress=127.0.0.1, SessionId=null], Granted Authorities=[]]
?[0m?[0;34m12:59 DEBUG o.s.s.w.c.HttpSessionSecurityContextRepository - Created HttpSession as SecurityContext is non-default
?[0m?[0;34m12:59 DEBUG o.s.s.w.c.HttpSessionSecurityContextRepository - Stored SecurityContextImpl [Authentication=UsernamePasswordAuthenticationToken [Principal=engine.UserDetailsImp@7ecc5b4e, Credentials=[PROTECTED], Authenticated=true, Details=WebAuthenticationDetails [RemoteIpAddress=127.0.0.1, SessionId=null], Granted Authorities=[]]] to HttpSession [org.apache.catalina.session.StandardSessionFacade@4c73dc7c]
?[0m?[0;34m12:59 DEBUG o.s.s.w.u.m.RegexRequestMatcher - Checking match of request : '/api/quizzes/4/solve'; against '/api/register'
?[0m?[0;34m12:59 DEBUG o.s.s.w.u.m.RegexRequestMatcher - Checking match of request : '/api/quizzes/4/solve'; against '/actuator/shutdown'
?[0m?[0;34m12:59 DEBUG o.s.security.web.FilterChainProxy - Secured POST /api/quizzes/4/solve
?[0m?[0;34m12:59 DEBUG o.s.s.w.c.HttpSessionSecurityContextRepository - Stored SecurityContextImpl [Authentication=UsernamePasswordAuthenticationToken [Principal=engine.UserDetailsImp@7ecc5b4e, Credentials=[PROTECTED], Authenticated=true, Details=WebAuthenticationDetails [RemoteIpAddress=127.0.0.1, SessionId=null], Granted Authorities=[]]] to HttpSession [org.apache.catalina.session.StandardSessionFacade@4c73dc7c]
?[0m?[0;34m12:59 DEBUG o.s.s.w.c.HttpSessionSecurityContextRepository - Stored SecurityContextImpl [Authentication=UsernamePasswordAuthenticationToken [Principal=engine.UserDetailsImp@7ecc5b4e, Credentials=[PROTECTED], Authenticated=true, Details=WebAuthenticationDetails [RemoteIpAddress=127.0.0.1, SessionId=null], Granted Authorities=[]]] to HttpSession [org.apache.catalina.session.StandardSessionFacade@4c73dc7c]
?[0m?[0;34m12:59 DEBUG o.s.s.w.c.SecurityContextPersistenceFilter - Cleared SecurityContextHolder to complete request
?[1;31m
Start test 78?[0m
?[0m?[0;34m12:59 DEBUG o.s.security.web.FilterChainProxy - Securing POST /api/quizzes/4/solve
?[0m?[0;34m12:59 DEBUG o.s.s.w.c.SecurityContextPersistenceFilter - Set SecurityContextHolder to empty SecurityContext
?[0m?[0;34m
?[0m?[0;34mTHE loadUserByUsername is called with the argument: user@google.com
?[0m?[0;34m
?[0m?[0;34m12:59 DEBUG o.s.s.a.d.DaoAuthenticationProvider - Authenticated user
?[0m?[0;34m12:59 DEBUG o.s.s.w.a.w.BasicAuthenticationFilter - Set SecurityContextHolder to UsernamePasswordAuthenticationToken [Principal=engine.UserDetailsImp@35dec250, Credentials=[PROTECTED], Authenticated=true, Details=WebAuthenticationDetails [RemoteIpAddress=127.0.0.1, SessionId=null], Granted Authorities=[]]
?[0m?[0;34m12:59 DEBUG o.s.s.w.c.HttpSessionSecurityContextRepository - Created HttpSession as SecurityContext is non-default
?[0m?[0;34m12:59 DEBUG o.s.s.w.c.HttpSessionSecurityContextRepository - Stored SecurityContextImpl [Authentication=UsernamePasswordAuthenticationToken [Principal=engine.UserDetailsImp@35dec250, Credentials=[PROTECTED], Authenticated=true, Details=WebAuthenticationDetails [RemoteIpAddress=127.0.0.1, SessionId=null], Granted Authorities=[]]] to HttpSession [org.apache.catalina.session.StandardSessionFacade@1bcce412]
?[0m?[0;34m12:59 DEBUG o.s.s.w.u.m.RegexRequestMatcher - Checking match of request : '/api/quizzes/4/solve'; against '/api/register'
?[0m?[0;34m12:59 DEBUG o.s.s.w.u.m.RegexRequestMatcher - Checking match of request : '/api/quizzes/4/solve'; against '/actuator/shutdown'
?[0m?[0;34m12:59 DEBUG o.s.security.web.FilterChainProxy - Secured POST /api/quizzes/4/solve
?[0m?[0;34m12:59 DEBUG o.s.s.w.c.HttpSessionSecurityContextRepository - Stored SecurityContextImpl [Authentication=UsernamePasswordAuthenticationToken [Principal=engine.UserDetailsImp@35dec250, Credentials=[PROTECTED], Authenticated=true, Details=WebAuthenticationDetails [RemoteIpAddress=127.0.0.1, SessionId=null], Granted Authorities=[]]] to HttpSession [org.apache.catalina.session.StandardSessionFacade@1bcce412]
?[0m?[0;34m12:59 DEBUG o.s.s.w.c.HttpSessionSecurityContextRepository - Stored SecurityContextImpl [Authentication=UsernamePasswordAuthenticationToken [Principal=engine.UserDetailsImp@35dec250, Credentials=[PROTECTED], Authenticated=true, Details=WebAuthenticationDetails [RemoteIpAddress=127.0.0.1, SessionId=null], Granted Authorities=[]]] to HttpSession [org.apache.catalina.session.StandardSessionFacade@1bcce412]
?[0m?[0;34m12:59 DEBUG o.s.s.w.c.SecurityContextPersistenceFilter - Cleared SecurityContextHolder to complete request
?[1;31m
Start test 79?[0m
?[0m?[0;34m12:59 DEBUG o.s.security.web.FilterChainProxy - Securing POST /api/quizzes/4/solve
?[0m?[0;34m12:59 DEBUG o.s.s.w.c.SecurityContextPersistenceFilter - Set SecurityContextHolder to empty SecurityContext
?[0m?[0;34m
?[0m?[0;34mTHE loadUserByUsername is called with the argument: test@google.com
?[0m?[0;34m
?[0m?[0;34m12:59 DEBUG o.s.s.a.d.DaoAuthenticationProvider - Authenticated user
?[0m?[0;34m12:59 DEBUG o.s.s.w.a.w.BasicAuthenticationFilter - Set SecurityContextHolder to UsernamePasswordAuthenticationToken [Principal=engine.UserDetailsImp@138412a, Credentials=[PROTECTED], Authenticated=true, Details=WebAuthenticationDetails [RemoteIpAddress=127.0.0.1, SessionId=null], Granted Authorities=[]]
?[0m?[0;34m12:59 DEBUG o.s.s.w.c.HttpSessionSecurityContextRepository - Created HttpSession as SecurityContext is non-default
?[0m?[0;34m12:59 DEBUG o.s.s.w.c.HttpSessionSecurityContextRepository - Stored SecurityContextImpl [Authentication=UsernamePasswordAuthenticationToken [Principal=engine.UserDetailsImp@138412a, Credentials=[PROTECTED], Authenticated=true, Details=WebAuthenticationDetails [RemoteIpAddress=127.0.0.1, SessionId=null], Granted Authorities=[]]] to HttpSession [org.apache.catalina.session.StandardSessionFacade@58b309e3]
?[0m?[0;34m12:59 DEBUG o.s.s.w.u.m.RegexRequestMatcher - Checking match of request : '/api/quizzes/4/solve'; against '/api/register'
?[0m?[0;34m12:59 DEBUG o.s.s.w.u.m.RegexRequestMatcher - Checking match of request : '/api/quizzes/4/solve'; against '/actuator/shutdown'
?[0m?[0;34m12:59 DEBUG o.s.security.web.FilterChainProxy - Secured POST /api/quizzes/4/solve
?[0m?[0;34m12:59 DEBUG o.s.s.w.c.HttpSessionSecurityContextRepository - Stored SecurityContextImpl [Authentication=UsernamePasswordAuthenticationToken [Principal=engine.UserDetailsImp@138412a, Credentials=[PROTECTED], Authenticated=true, Details=WebAuthenticationDetails [RemoteIpAddress=127.0.0.1, SessionId=null], Granted Authorities=[]]] to HttpSession [org.apache.catalina.session.StandardSessionFacade@58b309e3]
?[0m?[0;34m12:59 DEBUG o.s.s.w.c.HttpSessionSecurityContextRepository - Stored SecurityContextImpl [Authentication=UsernamePasswordAuthenticationToken [Principal=engine.UserDetailsImp@138412a, Credentials=[PROTECTED], Authenticated=true, Details=WebAuthenticationDetails [RemoteIpAddress=127.0.0.1, SessionId=null], Granted Authorities=[]]] to HttpSession [org.apache.catalina.session.StandardSessionFacade@58b309e3]
?[0m?[0;34m12:59 DEBUG o.s.s.w.c.SecurityContextPersistenceFilter - Cleared SecurityContextHolder to complete request
?[1;31m
Start test 80?[0m
?[0m?[0;34m12:59 DEBUG o.s.security.web.FilterChainProxy - Securing POST /api/quizzes/4/solve
?[0m?[0;34m12:59 DEBUG o.s.s.w.c.SecurityContextPersistenceFilter - Set SecurityContextHolder to empty SecurityContext
?[0m?[0;34m
?[0m?[0;34mTHE loadUserByUsername is called with the argument: user@google.com
?[0m?[0;34m
?[0m?[0;34m12:59 DEBUG o.s.s.a.d.DaoAuthenticationProvider - Authenticated user
?[0m?[0;34m12:59 DEBUG o.s.s.w.a.w.BasicAuthenticationFilter - Set SecurityContextHolder to UsernamePasswordAuthenticationToken [Principal=engine.UserDetailsImp@52005e36, Credentials=[PROTECTED], Authenticated=true, Details=WebAuthenticationDetails [RemoteIpAddress=127.0.0.1, SessionId=null], Granted Authorities=[]]
?[0m?[0;34m12:59 DEBUG o.s.s.w.c.HttpSessionSecurityContextRepository - Created HttpSession as SecurityContext is non-default
?[0m?[0;34m12:59 DEBUG o.s.s.w.c.HttpSessionSecurityContextRepository - Stored SecurityContextImpl [Authentication=UsernamePasswordAuthenticationToken [Principal=engine.UserDetailsImp@52005e36, Credentials=[PROTECTED], Authenticated=true, Details=WebAuthenticationDetails [RemoteIpAddress=127.0.0.1, SessionId=null], Granted Authorities=[]]] to HttpSession [org.apache.catalina.session.StandardSessionFacade@59b49fd7]
?[0m?[0;34m12:59 DEBUG o.s.s.w.u.m.RegexRequestMatcher - Checking match of request : '/api/quizzes/4/solve'; against '/api/register'
?[0m?[0;34m12:59 DEBUG o.s.s.w.u.m.RegexRequestMatcher - Checking match of request : '/api/quizzes/4/solve'; against '/actuator/shutdown'
?[0m?[0;34m12:59 DEBUG o.s.security.web.FilterChainProxy - Secured POST /api/quizzes/4/solve
?[0m?[0;34m12:59 DEBUG o.s.s.w.c.HttpSessionSecurityContextRepository - Stored SecurityContextImpl [Authentication=UsernamePasswordAuthenticationToken [Principal=engine.UserDetailsImp@52005e36, Credentials=[PROTECTED], Authenticated=true, Details=WebAuthenticationDetails [RemoteIpAddress=127.0.0.1, SessionId=null], Granted Authorities=[]]] to HttpSession [org.apache.catalina.session.StandardSessionFacade@59b49fd7]
?[0m?[0;34m12:59 DEBUG o.s.s.w.c.HttpSessionSecurityContextRepository - Stored SecurityContextImpl [Authentication=UsernamePasswordAuthenticationToken [Principal=engine.UserDetailsImp@52005e36, Credentials=[PROTECTED], Authenticated=true, Details=WebAuthenticationDetails [RemoteIpAddress=127.0.0.1, SessionId=null], Granted Authorities=[]]] to HttpSession [org.apache.catalina.session.StandardSessionFacade@59b49fd7]
?[0m?[0;34m12:59 DEBUG o.s.s.w.c.SecurityContextPersistenceFilter - Cleared SecurityContextHolder to complete request
?[1;31m
Start test 81?[0m
?[0m?[0;34m12:59 DEBUG o.s.security.web.FilterChainProxy - Securing POST /api/quizzes/4/solve
?[0m?[0;34m12:59 DEBUG o.s.s.w.c.SecurityContextPersistenceFilter - Set SecurityContextHolder to empty SecurityContext
?[0m?[0;34m
?[0m?[0;34mTHE loadUserByUsername is called with the argument: test@google.com
?[0m?[0;34m
?[0m?[0;34m12:59 DEBUG o.s.s.a.d.DaoAuthenticationProvider - Authenticated user
?[0m?[0;34m12:59 DEBUG o.s.s.w.a.w.BasicAuthenticationFilter - Set SecurityContextHolder to UsernamePasswordAuthenticationToken [Principal=engine.UserDetailsImp@615ffa57, Credentials=[PROTECTED], Authenticated=true, Details=WebAuthenticationDetails [RemoteIpAddress=127.0.0.1, SessionId=null], Granted Authorities=[]]
?[0m?[0;34m12:59 DEBUG o.s.s.w.c.HttpSessionSecurityContextRepository - Created HttpSession as SecurityContext is non-default
?[0m?[0;34m12:59 DEBUG o.s.s.w.c.HttpSessionSecurityContextRepository - Stored SecurityContextImpl [Authentication=UsernamePasswordAuthenticationToken [Principal=engine.UserDetailsImp@615ffa57, Credentials=[PROTECTED], Authenticated=true, Details=WebAuthenticationDetails [RemoteIpAddress=127.0.0.1, SessionId=null], Granted Authorities=[]]] to HttpSession [org.apache.catalina.session.StandardSessionFacade@3181a63e]
?[0m?[0;34m12:59 DEBUG o.s.s.w.u.m.RegexRequestMatcher - Checking match of request : '/api/quizzes/4/solve'; against '/api/register'
?[0m?[0;34m12:59 DEBUG o.s.s.w.u.m.RegexRequestMatcher - Checking match of request : '/api/quizzes/4/solve'; against '/actuator/shutdown'
?[0m?[0;34m12:59 DEBUG o.s.security.web.FilterChainProxy - Secured POST /api/quizzes/4/solve
?[0m?[0;34m12:59 DEBUG o.s.s.w.c.HttpSessionSecurityContextRepository - Stored SecurityContextImpl [Authentication=UsernamePasswordAuthenticationToken [Principal=engine.UserDetailsImp@615ffa57, Credentials=[PROTECTED], Authenticated=true, Details=WebAuthenticationDetails [RemoteIpAddress=127.0.0.1, SessionId=null], Granted Authorities=[]]] to HttpSession [org.apache.catalina.session.StandardSessionFacade@3181a63e]
?[0m?[0;34m12:59 DEBUG o.s.s.w.c.HttpSessionSecurityContextRepository - Stored SecurityContextImpl [Authentication=UsernamePasswordAuthenticationToken [Principal=engine.UserDetailsImp@615ffa57, Credentials=[PROTECTED], Authenticated=true, Details=WebAuthenticationDetails [RemoteIpAddress=127.0.0.1, SessionId=null], Granted Authorities=[]]] to HttpSession [org.apache.catalina.session.StandardSessionFacade@3181a63e]
?[0m?[0;34m12:59 DEBUG o.s.s.w.c.SecurityContextPersistenceFilter - Cleared SecurityContextHolder to complete request
?[1;31m
Start test 82?[0m
?[0m?[0;34m12:59 DEBUG o.s.security.web.FilterChainProxy - Securing POST /api/quizzes/4/solve
?[0m?[0;34m12:59 DEBUG o.s.s.w.c.SecurityContextPersistenceFilter - Set SecurityContextHolder to empty SecurityContext
?[0m?[0;34m
?[0m?[0;34mTHE loadUserByUsername is called with the argument: user@google.com
?[0m?[0;34m
?[0m?[0;34m12:59 DEBUG o.s.s.a.d.DaoAuthenticationProvider - Authenticated user
?[0m?[0;34m12:59 DEBUG o.s.s.w.a.w.BasicAuthenticationFilter - Set SecurityContextHolder to UsernamePasswordAuthenticationToken [Principal=engine.UserDetailsImp@39b9a1b9, Credentials=[PROTECTED], Authenticated=true, Details=WebAuthenticationDetails [RemoteIpAddress=127.0.0.1, SessionId=null], Granted Authorities=[]]
?[0m?[0;34m12:59 DEBUG o.s.s.w.c.HttpSessionSecurityContextRepository - Created HttpSession as SecurityContext is non-default
?[0m?[0;34m12:59 DEBUG o.s.s.w.c.HttpSessionSecurityContextRepository - Stored SecurityContextImpl [Authentication=UsernamePasswordAuthenticationToken [Principal=engine.UserDetailsImp@39b9a1b9, Credentials=[PROTECTED], Authenticated=true, Details=WebAuthenticationDetails [RemoteIpAddress=127.0.0.1, SessionId=null], Granted Authorities=[]]] to HttpSession [org.apache.catalina.session.StandardSessionFacade@5cf15157]
?[0m?[0;34m12:59 DEBUG o.s.s.w.u.m.RegexRequestMatcher - Checking match of request : '/api/quizzes/4/solve'; against '/api/register'
?[0m?[0;34m12:59 DEBUG o.s.s.w.u.m.RegexRequestMatcher - Checking match of request : '/api/quizzes/4/solve'; against '/actuator/shutdown'
?[0m?[0;34m12:59 DEBUG o.s.security.web.FilterChainProxy - Secured POST /api/quizzes/4/solve
?[0m?[0;34m12:59 DEBUG o.s.s.w.c.HttpSessionSecurityContextRepository - Stored SecurityContextImpl [Authentication=UsernamePasswordAuthenticationToken [Principal=engine.UserDetailsImp@39b9a1b9, Credentials=[PROTECTED], Authenticated=true, Details=WebAuthenticationDetails [RemoteIpAddress=127.0.0.1, SessionId=null], Granted Authorities=[]]] to HttpSession [org.apache.catalina.session.StandardSessionFacade@5cf15157]
?[0m?[0;34m12:59 DEBUG o.s.s.w.c.HttpSessionSecurityContextRepository - Stored SecurityContextImpl [Authentication=UsernamePasswordAuthenticationToken [Principal=engine.UserDetailsImp@39b9a1b9, Credentials=[PROTECTED], Authenticated=true, Details=WebAuthenticationDetails [RemoteIpAddress=127.0.0.1, SessionId=null], Granted Authorities=[]]] to HttpSession [org.apache.catalina.session.StandardSessionFacade@5cf15157]
?[0m?[0;34m12:59 DEBUG o.s.s.w.c.SecurityContextPersistenceFilter - Cleared SecurityContextHolder to complete request
?[1;31m
Start test 83?[0m
?[0m?[0;34m12:59 DEBUG o.s.security.web.FilterChainProxy - Securing POST /api/quizzes/4/solve
?[0m?[0;34m12:59 DEBUG o.s.s.w.c.SecurityContextPersistenceFilter - Set SecurityContextHolder to empty SecurityContext
?[0m?[0;34m
?[0m?[0;34mTHE loadUserByUsername is called with the argument: test@google.com
?[0m?[0;34m
?[0m?[0;34m12:59 DEBUG o.s.s.a.d.DaoAuthenticationProvider - Authenticated user
?[0m?[0;34m12:59 DEBUG o.s.s.w.a.w.BasicAuthenticationFilter - Set SecurityContextHolder to UsernamePasswordAuthenticationToken [Principal=engine.UserDetailsImp@34730c2b, Credentials=[PROTECTED], Authenticated=true, Details=WebAuthenticationDetails [RemoteIpAddress=127.0.0.1, SessionId=null], Granted Authorities=[]]
?[0m?[0;34m12:59 DEBUG o.s.s.w.c.HttpSessionSecurityContextRepository - Created HttpSession as SecurityContext is non-default
?[0m?[0;34m12:59 DEBUG o.s.s.w.c.HttpSessionSecurityContextRepository - Stored SecurityContextImpl [Authentication=UsernamePasswordAuthenticationToken [Principal=engine.UserDetailsImp@34730c2b, Credentials=[PROTECTED], Authenticated=true, Details=WebAuthenticationDetails [RemoteIpAddress=127.0.0.1, SessionId=null], Granted Authorities=[]]] to HttpSession [org.apache.catalina.session.StandardSessionFacade@2700ad87]
?[0m?[0;34m12:59 DEBUG o.s.s.w.u.m.RegexRequestMatcher - Checking match of request : '/api/quizzes/4/solve'; against '/api/register'
?[0m?[0;34m12:59 DEBUG o.s.s.w.u.m.RegexRequestMatcher - Checking match of request : '/api/quizzes/4/solve'; against '/actuator/shutdown'
?[0m?[0;34m12:59 DEBUG o.s.security.web.FilterChainProxy - Secured POST /api/quizzes/4/solve
?[0m?[0;34m12:59 DEBUG o.s.s.w.c.HttpSessionSecurityContextRepository - Stored SecurityContextImpl [Authentication=UsernamePasswordAuthenticationToken [Principal=engine.UserDetailsImp@34730c2b, Credentials=[PROTECTED], Authenticated=true, Details=WebAuthenticationDetails [RemoteIpAddress=127.0.0.1, SessionId=null], Granted Authorities=[]]] to HttpSession [org.apache.catalina.session.StandardSessionFacade@2700ad87]
?[0m?[0;34m12:59 DEBUG o.s.s.w.c.HttpSessionSecurityContextRepository - Stored SecurityContextImpl [Authentication=UsernamePasswordAuthenticationToken [Principal=engine.UserDetailsImp@34730c2b, Credentials=[PROTECTED], Authenticated=true, Details=WebAuthenticationDetails [RemoteIpAddress=127.0.0.1, SessionId=null], Granted Authorities=[]]] to HttpSession [org.apache.catalina.session.StandardSessionFacade@2700ad87]
?[0m?[0;34m12:59 DEBUG o.s.s.w.c.SecurityContextPersistenceFilter - Cleared SecurityContextHolder to complete request
?[1;31m
Start test 84?[0m
?[0m?[0;34m12:59 DEBUG o.s.security.web.FilterChainProxy - Securing POST /api/quizzes/4/solve
?[0m?[0;34m12:59 DEBUG o.s.s.w.c.SecurityContextPersistenceFilter - Set SecurityContextHolder to empty SecurityContext
?[0m?[0;34m
?[0m?[0;34mTHE loadUserByUsername is called with the argument: user@google.com
?[0m?[0;34m
?[0m?[0;34m12:59 DEBUG o.s.s.a.d.DaoAuthenticationProvider - Authenticated user
?[0m?[0;34m12:59 DEBUG o.s.s.w.a.w.BasicAuthenticationFilter - Set SecurityContextHolder to UsernamePasswordAuthenticationToken [Principal=engine.UserDetailsImp@5d0553e1, Credentials=[PROTECTED], Authenticated=true, Details=WebAuthenticationDetails [RemoteIpAddress=127.0.0.1, SessionId=null], Granted Authorities=[]]
?[0m?[0;34m12:59 DEBUG o.s.s.w.c.HttpSessionSecurityContextRepository - Created HttpSession as SecurityContext is non-default
?[0m?[0;34m12:59 DEBUG o.s.s.w.c.HttpSessionSecurityContextRepository - Stored SecurityContextImpl [Authentication=UsernamePasswordAuthenticationToken [Principal=engine.UserDetailsImp@5d0553e1, Credentials=[PROTECTED], Authenticated=true, Details=WebAuthenticationDetails [RemoteIpAddress=127.0.0.1, SessionId=null], Granted Authorities=[]]] to HttpSession [org.apache.catalina.session.StandardSessionFacade@5bf6a145]
?[0m?[0;34m12:59 DEBUG o.s.s.w.u.m.RegexRequestMatcher - Checking match of request : '/api/quizzes/4/solve'; against '/api/register'
?[0m?[0;34m12:59 DEBUG o.s.s.w.u.m.RegexRequestMatcher - Checking match of request : '/api/quizzes/4/solve'; against '/actuator/shutdown'
?[0m?[0;34m12:59 DEBUG o.s.security.web.FilterChainProxy - Secured POST /api/quizzes/4/solve
?[0m?[0;34m12:59 DEBUG o.s.s.w.c.HttpSessionSecurityContextRepository - Stored SecurityContextImpl [Authentication=UsernamePasswordAuthenticationToken [Principal=engine.UserDetailsImp@5d0553e1, Credentials=[PROTECTED], Authenticated=true, Details=WebAuthenticationDetails [RemoteIpAddress=127.0.0.1, SessionId=null], Granted Authorities=[]]] to HttpSession [org.apache.catalina.session.StandardSessionFacade@5bf6a145]
?[0m?[0;34m12:59 DEBUG o.s.s.w.c.HttpSessionSecurityContextRepository - Stored SecurityContextImpl [Authentication=UsernamePasswordAuthenticationToken [Principal=engine.UserDetailsImp@5d0553e1, Credentials=[PROTECTED], Authenticated=true, Details=WebAuthenticationDetails [RemoteIpAddress=127.0.0.1, SessionId=null], Granted Authorities=[]]] to HttpSession [org.apache.catalina.session.StandardSessionFacade@5bf6a145]
?[0m?[0;34m12:59 DEBUG o.s.s.w.c.SecurityContextPersistenceFilter - Cleared SecurityContextHolder to complete request
?[1;31m
Start test 85?[0m
?[0m?[0;34m12:59 DEBUG o.s.security.web.FilterChainProxy - Securing POST /api/quizzes/4/solve
?[0m?[0;34m12:59 DEBUG o.s.s.w.c.SecurityContextPersistenceFilter - Set SecurityContextHolder to empty SecurityContext
?[0m?[0;34m
?[0m?[0;34mTHE loadUserByUsername is called with the argument: test@google.com
?[0m?[0;34m
?[0m?[0;34m12:59 DEBUG o.s.s.a.d.DaoAuthenticationProvider - Authenticated user
?[0m?[0;34m12:59 DEBUG o.s.s.w.a.w.BasicAuthenticationFilter - Set SecurityContextHolder to UsernamePasswordAuthenticationToken [Principal=engine.UserDetailsImp@1bdaceb8, Credentials=[PROTECTED], Authenticated=true, Details=WebAuthenticationDetails [RemoteIpAddress=127.0.0.1, SessionId=null], Granted Authorities=[]]
?[0m?[0;34m12:59 DEBUG o.s.s.w.c.HttpSessionSecurityContextRepository - Created HttpSession as SecurityContext is non-default
?[0m?[0;34m12:59 DEBUG o.s.s.w.c.HttpSessionSecurityContextRepository - Stored SecurityContextImpl [Authentication=UsernamePasswordAuthenticationToken [Principal=engine.UserDetailsImp@1bdaceb8, Credentials=[PROTECTED], Authenticated=true, Details=WebAuthenticationDetails [RemoteIpAddress=127.0.0.1, SessionId=null], Granted Authorities=[]]] to HttpSession [org.apache.catalina.session.StandardSessionFacade@5a8d60ca]
?[0m?[0;34m12:59 DEBUG o.s.s.w.u.m.RegexRequestMatcher - Checking match of request : '/api/quizzes/4/solve'; against '/api/register'
?[0m?[0;34m12:59 DEBUG o.s.s.w.u.m.RegexRequestMatcher - Checking match of request : '/api/quizzes/4/solve'; against '/actuator/shutdown'
?[0m?[0;34m12:59 DEBUG o.s.security.web.FilterChainProxy - Secured POST /api/quizzes/4/solve
?[0m?[0;34m12:59 DEBUG o.s.s.w.c.HttpSessionSecurityContextRepository - Stored SecurityContextImpl [Authentication=UsernamePasswordAuthenticationToken [Principal=engine.UserDetailsImp@1bdaceb8, Credentials=[PROTECTED], Authenticated=true, Details=WebAuthenticationDetails [RemoteIpAddress=127.0.0.1, SessionId=null], Granted Authorities=[]]] to HttpSession [org.apache.catalina.session.StandardSessionFacade@5a8d60ca]
?[0m?[0;34m12:59 DEBUG o.s.s.w.c.HttpSessionSecurityContextRepository - Stored SecurityContextImpl [Authentication=UsernamePasswordAuthenticationToken [Principal=engine.UserDetailsImp@1bdaceb8, Credentials=[PROTECTED], Authenticated=true, Details=WebAuthenticationDetails [RemoteIpAddress=127.0.0.1, SessionId=null], Granted Authorities=[]]] to HttpSession [org.apache.catalina.session.StandardSessionFacade@5a8d60ca]
?[0m?[0;34m12:59 DEBUG o.s.s.w.c.SecurityContextPersistenceFilter - Cleared SecurityContextHolder to complete request
?[1;31m
Start test 86?[0m
?[0m?[0;34m12:59 DEBUG o.s.security.web.FilterChainProxy - Securing POST /api/quizzes/4/solve
?[0m?[0;34m12:59 DEBUG o.s.s.w.c.SecurityContextPersistenceFilter - Set SecurityContextHolder to empty SecurityContext
?[0m?[0;34m
?[0m?[0;34mTHE loadUserByUsername is called with the argument: user@google.com
?[0m?[0;34m
?[0m?[0;34m12:59 DEBUG o.s.s.a.d.DaoAuthenticationProvider - Authenticated user
?[0m?[0;34m12:59 DEBUG o.s.s.w.a.w.BasicAuthenticationFilter - Set SecurityContextHolder to UsernamePasswordAuthenticationToken [Principal=engine.UserDetailsImp@732a5075, Credentials=[PROTECTED], Authenticated=true, Details=WebAuthenticationDetails [RemoteIpAddress=127.0.0.1, SessionId=null], Granted Authorities=[]]
?[0m?[0;34m12:59 DEBUG o.s.s.w.c.HttpSessionSecurityContextRepository - Created HttpSession as SecurityContext is non-default
?[0m?[0;34m12:59 DEBUG o.s.s.w.c.HttpSessionSecurityContextRepository - Stored SecurityContextImpl [Authentication=UsernamePasswordAuthenticationToken [Principal=engine.UserDetailsImp@732a5075, Credentials=[PROTECTED], Authenticated=true, Details=WebAuthenticationDetails [RemoteIpAddress=127.0.0.1, SessionId=null], Granted Authorities=[]]] to HttpSession [org.apache.catalina.session.StandardSessionFacade@49c57ebb]
?[0m?[0;34m12:59 DEBUG o.s.s.w.u.m.RegexRequestMatcher - Checking match of request : '/api/quizzes/4/solve'; against '/api/register'
?[0m?[0;34m12:59 DEBUG o.s.s.w.u.m.RegexRequestMatcher - Checking match of request : '/api/quizzes/4/solve'; against '/actuator/shutdown'
?[0m?[0;34m12:59 DEBUG o.s.security.web.FilterChainProxy - Secured POST /api/quizzes/4/solve
?[0m?[0;34m12:59 DEBUG o.s.s.w.c.HttpSessionSecurityContextRepository - Stored SecurityContextImpl [Authentication=UsernamePasswordAuthenticationToken [Principal=engine.UserDetailsImp@732a5075, Credentials=[PROTECTED], Authenticated=true, Details=WebAuthenticationDetails [RemoteIpAddress=127.0.0.1, SessionId=null], Granted Authorities=[]]] to HttpSession [org.apache.catalina.session.StandardSessionFacade@49c57ebb]
?[0m?[0;34m12:59 DEBUG o.s.s.w.c.HttpSessionSecurityContextRepository - Stored SecurityContextImpl [Authentication=UsernamePasswordAuthenticationToken [Principal=engine.UserDetailsImp@732a5075, Credentials=[PROTECTED], Authenticated=true, Details=WebAuthenticationDetails [RemoteIpAddress=127.0.0.1, SessionId=null], Granted Authorities=[]]] to HttpSession [org.apache.catalina.session.StandardSessionFacade@49c57ebb]
?[0m?[0;34m12:59 DEBUG o.s.s.w.c.SecurityContextPersistenceFilter - Cleared SecurityContextHolder to complete request
?[1;31m
Start test 87?[0m
?[0m?[0;34m12:59 DEBUG o.s.security.web.FilterChainProxy - Securing POST /api/quizzes/4/solve
?[0m?[0;34m12:59 DEBUG o.s.s.w.c.SecurityContextPersistenceFilter - Set SecurityContextHolder to empty SecurityContext
?[0m?[0;34m
?[0m?[0;34mTHE loadUserByUsername is called with the argument: test@google.com
?[0m?[0;34m
?[0m?[0;34m12:59 DEBUG o.s.s.a.d.DaoAuthenticationProvider - Authenticated user
?[0m?[0;34m12:59 DEBUG o.s.s.w.a.w.BasicAuthenticationFilter - Set SecurityContextHolder to UsernamePasswordAuthenticationToken [Principal=engine.UserDetailsImp@342488d7, Credentials=[PROTECTED], Authenticated=true, Details=WebAuthenticationDetails [RemoteIpAddress=127.0.0.1, SessionId=null], Granted Authorities=[]]
?[0m?[0;34m12:59 DEBUG o.s.s.w.c.HttpSessionSecurityContextRepository - Created HttpSession as SecurityContext is non-default
?[0m?[0;34m12:59 DEBUG o.s.s.w.c.HttpSessionSecurityContextRepository - Stored SecurityContextImpl [Authentication=UsernamePasswordAuthenticationToken [Principal=engine.UserDetailsImp@342488d7, Credentials=[PROTECTED], Authenticated=true, Details=WebAuthenticationDetails [RemoteIpAddress=127.0.0.1, SessionId=null], Granted Authorities=[]]] to HttpSession [org.apache.catalina.session.StandardSessionFacade@34ee0f]
?[0m?[0;34m12:59 DEBUG o.s.s.w.u.m.RegexRequestMatcher - Checking match of request : '/api/quizzes/4/solve'; against '/api/register'
?[0m?[0;34m12:59 DEBUG o.s.s.w.u.m.RegexRequestMatcher - Checking match of request : '/api/quizzes/4/solve'; against '/actuator/shutdown'
?[0m?[0;34m12:59 DEBUG o.s.security.web.FilterChainProxy - Secured POST /api/quizzes/4/solve
?[0m?[0;34m12:59 DEBUG o.s.s.w.c.HttpSessionSecurityContextRepository - Stored SecurityContextImpl [Authentication=UsernamePasswordAuthenticationToken [Principal=engine.UserDetailsImp@342488d7, Credentials=[PROTECTED], Authenticated=true, Details=WebAuthenticationDetails [RemoteIpAddress=127.0.0.1, SessionId=null], Granted Authorities=[]]] to HttpSession [org.apache.catalina.session.StandardSessionFacade@34ee0f]
?[0m?[0;34m12:59 DEBUG o.s.s.w.c.HttpSessionSecurityContextRepository - Stored SecurityContextImpl [Authentication=UsernamePasswordAuthenticationToken [Principal=engine.UserDetailsImp@342488d7, Credentials=[PROTECTED], Authenticated=true, Details=WebAuthenticationDetails [RemoteIpAddress=127.0.0.1, SessionId=null], Granted Authorities=[]]] to HttpSession [org.apache.catalina.session.StandardSessionFacade@34ee0f]
?[0m?[0;34m12:59 DEBUG o.s.s.w.c.SecurityContextPersistenceFilter - Cleared SecurityContextHolder to complete request
?[1;31m
Start test 88?[0m
?[0m?[0;34m12:59 DEBUG o.s.security.web.FilterChainProxy - Securing POST /api/quizzes/4/solve
?[0m?[0;34m12:59 DEBUG o.s.s.w.c.SecurityContextPersistenceFilter - Set SecurityContextHolder to empty SecurityContext
?[0m?[0;34m
?[0m?[0;34mTHE loadUserByUsername is called with the argument: user@google.com
?[0m?[0;34m
?[0m?[0;34m12:59 DEBUG o.s.s.a.d.DaoAuthenticationProvider - Authenticated user
?[0m?[0;34m12:59 DEBUG o.s.s.w.a.w.BasicAuthenticationFilter - Set SecurityContextHolder to UsernamePasswordAuthenticationToken [Principal=engine.UserDetailsImp@4a1e0695, Credentials=[PROTECTED], Authenticated=true, Details=WebAuthenticationDetails [RemoteIpAddress=127.0.0.1, SessionId=null], Granted Authorities=[]]
?[0m?[0;34m12:59 DEBUG o.s.s.w.c.HttpSessionSecurityContextRepository - Created HttpSession as SecurityContext is non-default
?[0m?[0;34m12:59 DEBUG o.s.s.w.c.HttpSessionSecurityContextRepository - Stored SecurityContextImpl [Authentication=UsernamePasswordAuthenticationToken [Principal=engine.UserDetailsImp@4a1e0695, Credentials=[PROTECTED], Authenticated=true, Details=WebAuthenticationDetails [RemoteIpAddress=127.0.0.1, SessionId=null], Granted Authorities=[]]] to HttpSession [org.apache.catalina.session.StandardSessionFacade@5dd49dc5]
?[0m?[0;34m12:59 DEBUG o.s.s.w.u.m.RegexRequestMatcher - Checking match of request : '/api/quizzes/4/solve'; against '/api/register'
?[0m?[0;34m12:59 DEBUG o.s.s.w.u.m.RegexRequestMatcher - Checking match of request : '/api/quizzes/4/solve'; against '/actuator/shutdown'
?[0m?[0;34m12:59 DEBUG o.s.security.web.FilterChainProxy - Secured POST /api/quizzes/4/solve
?[0m?[0;34m12:59 DEBUG o.s.s.w.c.HttpSessionSecurityContextRepository - Stored SecurityContextImpl [Authentication=UsernamePasswordAuthenticationToken [Principal=engine.UserDetailsImp@4a1e0695, Credentials=[PROTECTED], Authenticated=true, Details=WebAuthenticationDetails [RemoteIpAddress=127.0.0.1, SessionId=null], Granted Authorities=[]]] to HttpSession [org.apache.catalina.session.StandardSessionFacade@5dd49dc5]
?[0m?[0;34m12:59 DEBUG o.s.s.w.c.HttpSessionSecurityContextRepository - Stored SecurityContextImpl [Authentication=UsernamePasswordAuthenticationToken [Principal=engine.UserDetailsImp@4a1e0695, Credentials=[PROTECTED], Authenticated=true, Details=WebAuthenticationDetails [RemoteIpAddress=127.0.0.1, SessionId=null], Granted Authorities=[]]] to HttpSession [org.apache.catalina.session.StandardSessionFacade@5dd49dc5]
?[0m?[0;34m12:59 DEBUG o.s.s.w.c.SecurityContextPersistenceFilter - Cleared SecurityContextHolder to complete request
?[1;31m
Start test 89?[0m
?[0m?[0;34m12:59 DEBUG o.s.security.web.FilterChainProxy - Securing POST /api/quizzes/4/solve
?[0m?[0;34m12:59 DEBUG o.s.s.w.c.SecurityContextPersistenceFilter - Set SecurityContextHolder to empty SecurityContext
?[0m?[0;34m
?[0m?[0;34mTHE loadUserByUsername is called with the argument: test@google.com
?[0m?[0;34m
?[0m?[0;34m12:59 DEBUG o.s.s.a.d.DaoAuthenticationProvider - Authenticated user
?[0m?[0;34m12:59 DEBUG o.s.s.w.a.w.BasicAuthenticationFilter - Set SecurityContextHolder to UsernamePasswordAuthenticationToken [Principal=engine.UserDetailsImp@5708c705, Credentials=[PROTECTED], Authenticated=true, Details=WebAuthenticationDetails [RemoteIpAddress=127.0.0.1, SessionId=null], Granted Authorities=[]]
?[0m?[0;34m12:59 DEBUG o.s.s.w.c.HttpSessionSecurityContextRepository - Created HttpSession as SecurityContext is non-default
?[0m?[0;34m12:59 DEBUG o.s.s.w.c.HttpSessionSecurityContextRepository - Stored SecurityContextImpl [Authentication=UsernamePasswordAuthenticationToken [Principal=engine.UserDetailsImp@5708c705, Credentials=[PROTECTED], Authenticated=true, Details=WebAuthenticationDetails [RemoteIpAddress=127.0.0.1, SessionId=null], Granted Authorities=[]]] to HttpSession [org.apache.catalina.session.StandardSessionFacade@6d1d1dab]
?[0m?[0;34m12:59 DEBUG o.s.s.w.u.m.RegexRequestMatcher - Checking match of request : '/api/quizzes/4/solve'; against '/api/register'
?[0m?[0;34m12:59 DEBUG o.s.s.w.u.m.RegexRequestMatcher - Checking match of request : '/api/quizzes/4/solve'; against '/actuator/shutdown'
?[0m?[0;34m12:59 DEBUG o.s.security.web.FilterChainProxy - Secured POST /api/quizzes/4/solve
?[0m?[0;34m12:59 DEBUG o.s.s.w.c.HttpSessionSecurityContextRepository - Stored SecurityContextImpl [Authentication=UsernamePasswordAuthenticationToken [Principal=engine.UserDetailsImp@5708c705, Credentials=[PROTECTED], Authenticated=true, Details=WebAuthenticationDetails [RemoteIpAddress=127.0.0.1, SessionId=null], Granted Authorities=[]]] to HttpSession [org.apache.catalina.session.StandardSessionFacade@6d1d1dab]
?[0m?[0;34m12:59 DEBUG o.s.s.w.c.HttpSessionSecurityContextRepository - Stored SecurityContextImpl [Authentication=UsernamePasswordAuthenticationToken [Principal=engine.UserDetailsImp@5708c705, Credentials=[PROTECTED], Authenticated=true, Details=WebAuthenticationDetails [RemoteIpAddress=127.0.0.1, SessionId=null], Granted Authorities=[]]] to HttpSession [org.apache.catalina.session.StandardSessionFacade@6d1d1dab]
?[0m?[0;34m12:59 DEBUG o.s.s.w.c.SecurityContextPersistenceFilter - Cleared SecurityContextHolder to complete request
?[1;31m
Start test 90?[0m
?[0m?[0;34m12:59 DEBUG o.s.security.web.FilterChainProxy - Securing POST /api/quizzes/4/solve
?[0m?[0;34m12:59 DEBUG o.s.s.w.c.SecurityContextPersistenceFilter - Set SecurityContextHolder to empty SecurityContext
?[0m?[0;34m
?[0m?[0;34mTHE loadUserByUsername is called with the argument: user@google.com
?[0m?[0;34m
?[0m?[0;34m12:59 DEBUG o.s.s.a.d.DaoAuthenticationProvider - Authenticated user
?[0m?[0;34m12:59 DEBUG o.s.s.w.a.w.BasicAuthenticationFilter - Set SecurityContextHolder to UsernamePasswordAuthenticationToken [Principal=engine.UserDetailsImp@5e1bb415, Credentials=[PROTECTED], Authenticated=true, Details=WebAuthenticationDetails [RemoteIpAddress=127.0.0.1, SessionId=null], Granted Authorities=[]]
?[0m?[0;34m12:59 DEBUG o.s.s.w.c.HttpSessionSecurityContextRepository - Created HttpSession as SecurityContext is non-default
?[0m?[0;34m12:59 DEBUG o.s.s.w.c.HttpSessionSecurityContextRepository - Stored SecurityContextImpl [Authentication=UsernamePasswordAuthenticationToken [Principal=engine.UserDetailsImp@5e1bb415, Credentials=[PROTECTED], Authenticated=true, Details=WebAuthenticationDetails [RemoteIpAddress=127.0.0.1, SessionId=null], Granted Authorities=[]]] to HttpSession [org.apache.catalina.session.StandardSessionFacade@13fb498a]
?[0m?[0;34m12:59 DEBUG o.s.s.w.u.m.RegexRequestMatcher - Checking match of request : '/api/quizzes/4/solve'; against '/api/register'
?[0m?[0;34m12:59 DEBUG o.s.s.w.u.m.RegexRequestMatcher - Checking match of request : '/api/quizzes/4/solve'; against '/actuator/shutdown'
?[0m?[0;34m12:59 DEBUG o.s.security.web.FilterChainProxy - Secured POST /api/quizzes/4/solve
?[0m?[0;34m12:59 DEBUG o.s.s.w.c.HttpSessionSecurityContextRepository - Stored SecurityContextImpl [Authentication=UsernamePasswordAuthenticationToken [Principal=engine.UserDetailsImp@5e1bb415, Credentials=[PROTECTED], Authenticated=true, Details=WebAuthenticationDetails [RemoteIpAddress=127.0.0.1, SessionId=null], Granted Authorities=[]]] to HttpSession [org.apache.catalina.session.StandardSessionFacade@13fb498a]
?[0m?[0;34m12:59 DEBUG o.s.s.w.c.HttpSessionSecurityContextRepository - Stored SecurityContextImpl [Authentication=UsernamePasswordAuthenticationToken [Principal=engine.UserDetailsImp@5e1bb415, Credentials=[PROTECTED], Authenticated=true, Details=WebAuthenticationDetails [RemoteIpAddress=127.0.0.1, SessionId=null], Granted Authorities=[]]] to HttpSession [org.apache.catalina.session.StandardSessionFacade@13fb498a]
?[0m?[0;34m12:59 DEBUG o.s.s.w.c.SecurityContextPersistenceFilter - Cleared SecurityContextHolder to complete request
?[1;31m
Start test 91?[0m
?[0m?[0;34m12:59 DEBUG o.s.security.web.FilterChainProxy - Securing POST /api/quizzes/4/solve
?[0m?[0;34m12:59 DEBUG o.s.s.w.c.SecurityContextPersistenceFilter - Set SecurityContextHolder to empty SecurityContext
?[0m?[0;34m
?[0m?[0;34mTHE loadUserByUsername is called with the argument: test@google.com
?[0m?[0;34m
?[0m?[0;34m12:59 DEBUG o.s.s.a.d.DaoAuthenticationProvider - Authenticated user
?[0m?[0;34m12:59 DEBUG o.s.s.w.a.w.BasicAuthenticationFilter - Set SecurityContextHolder to UsernamePasswordAuthenticationToken [Principal=engine.UserDetailsImp@61be7a53, Credentials=[PROTECTED], Authenticated=true, Details=WebAuthenticationDetails [RemoteIpAddress=127.0.0.1, SessionId=null], Granted Authorities=[]]
?[0m?[0;34m12:59 DEBUG o.s.s.w.c.HttpSessionSecurityContextRepository - Created HttpSession as SecurityContext is non-default
?[0m?[0;34m12:59 DEBUG o.s.s.w.c.HttpSessionSecurityContextRepository - Stored SecurityContextImpl [Authentication=UsernamePasswordAuthenticationToken [Principal=engine.UserDetailsImp@61be7a53, Credentials=[PROTECTED], Authenticated=true, Details=WebAuthenticationDetails [RemoteIpAddress=127.0.0.1, SessionId=null], Granted Authorities=[]]] to HttpSession [org.apache.catalina.session.StandardSessionFacade@3a458e89]
?[0m?[0;34m12:59 DEBUG o.s.s.w.u.m.RegexRequestMatcher - Checking match of request : '/api/quizzes/4/solve'; against '/api/register'
?[0m?[0;34m12:59 DEBUG o.s.s.w.u.m.RegexRequestMatcher - Checking match of request : '/api/quizzes/4/solve'; against '/actuator/shutdown'
?[0m?[0;34m12:59 DEBUG o.s.security.web.FilterChainProxy - Secured POST /api/quizzes/4/solve
?[0m?[0;34m12:59 DEBUG o.s.s.w.c.HttpSessionSecurityContextRepository - Stored SecurityContextImpl [Authentication=UsernamePasswordAuthenticationToken [Principal=engine.UserDetailsImp@61be7a53, Credentials=[PROTECTED], Authenticated=true, Details=WebAuthenticationDetails [RemoteIpAddress=127.0.0.1, SessionId=null], Granted Authorities=[]]] to HttpSession [org.apache.catalina.session.StandardSessionFacade@3a458e89]
?[0m?[0;34m12:59 DEBUG o.s.s.w.c.HttpSessionSecurityContextRepository - Stored SecurityContextImpl [Authentication=UsernamePasswordAuthenticationToken [Principal=engine.UserDetailsImp@61be7a53, Credentials=[PROTECTED], Authenticated=true, Details=WebAuthenticationDetails [RemoteIpAddress=127.0.0.1, SessionId=null], Granted Authorities=[]]] to HttpSession [org.apache.catalina.session.StandardSessionFacade@3a458e89]
?[0m?[0;34m12:59 DEBUG o.s.s.w.c.SecurityContextPersistenceFilter - Cleared SecurityContextHolder to complete request
?[1;31m
Start test 92?[0m
?[0m?[0;34m12:59 DEBUG o.s.security.web.FilterChainProxy - Securing POST /api/quizzes
?[0m?[0;34m12:59 DEBUG o.s.s.w.c.SecurityContextPersistenceFilter - Set SecurityContextHolder to empty SecurityContext
?[0m?[0;34m
?[0m?[0;34mTHE loadUserByUsername is called with the argument: test@google.com
?[0m?[0;34m
?[0m?[0;34m12:59 DEBUG o.s.s.a.d.DaoAuthenticationProvider - Authenticated user
?[0m?[0;34m12:59 DEBUG o.s.s.w.a.w.BasicAuthenticationFilter - Set SecurityContextHolder to UsernamePasswordAuthenticationToken [Principal=engine.UserDetailsImp@1948e3fe, Credentials=[PROTECTED], Authenticated=true, Details=WebAuthenticationDetails [RemoteIpAddress=127.0.0.1, SessionId=null], Granted Authorities=[]]
?[0m?[0;34m12:59 DEBUG o.s.s.w.c.HttpSessionSecurityContextRepository - Created HttpSession as SecurityContext is non-default
?[0m?[0;34m12:59 DEBUG o.s.s.w.c.HttpSessionSecurityContextRepository - Stored SecurityContextImpl [Authentication=UsernamePasswordAuthenticationToken [Principal=engine.UserDetailsImp@1948e3fe, Credentials=[PROTECTED], Authenticated=true, Details=WebAuthenticationDetails [RemoteIpAddress=127.0.0.1, SessionId=null], Granted Authorities=[]]] to HttpSession [org.apache.catalina.session.StandardSessionFacade@3921063a]
?[0m?[0;34m12:59 DEBUG o.s.s.w.u.m.RegexRequestMatcher - Checking match of request : '/api/quizzes'; against '/api/register'
?[0m?[0;34m12:59 DEBUG o.s.s.w.u.m.RegexRequestMatcher - Checking match of request : '/api/quizzes'; against '/actuator/shutdown'
?[0m?[0;34m12:59 DEBUG o.s.security.web.FilterChainProxy - Secured POST /api/quizzes
?[0m?[0;34m12:59 DEBUG o.s.s.w.c.HttpSessionSecurityContextRepository - Stored SecurityContextImpl [Authentication=UsernamePasswordAuthenticationToken [Principal=engine.UserDetailsImp@1948e3fe, Credentials=[PROTECTED], Authenticated=true, Details=WebAuthenticationDetails [RemoteIpAddress=127.0.0.1, SessionId=null], Granted Authorities=[]]] to HttpSession [org.apache.catalina.session.StandardSessionFacade@3921063a]
?[0m?[0;34m12:59 DEBUG o.s.s.w.c.HttpSessionSecurityContextRepository - Stored SecurityContextImpl [Authentication=UsernamePasswordAuthenticationToken [Principal=engine.UserDetailsImp@1948e3fe, Credentials=[PROTECTED], Authenticated=true, Details=WebAuthenticationDetails [RemoteIpAddress=127.0.0.1, SessionId=null], Granted Authorities=[]]] to HttpSession [org.apache.catalina.session.StandardSessionFacade@3921063a]
?[0m?[0;34m12:59 DEBUG o.s.s.w.c.SecurityContextPersistenceFilter - Cleared SecurityContextHolder to complete request
?[1;31m
Start test 93?[0m
?[0m?[0;34m12:59 DEBUG o.s.security.web.FilterChainProxy - Securing GET /api/quizzes/5
?[0m?[0;34m12:59 DEBUG o.s.s.w.c.SecurityContextPersistenceFilter - Set SecurityContextHolder to empty SecurityContext
?[0m?[0;34m
?[0m?[0;34mTHE loadUserByUsername is called with the argument: test@google.com
?[0m?[0;34m
?[0m?[0;34m12:59 DEBUG o.s.s.a.d.DaoAuthenticationProvider - Authenticated user
?[0m?[0;34m12:59 DEBUG o.s.s.w.a.w.BasicAuthenticationFilter - Set SecurityContextHolder to UsernamePasswordAuthenticationToken [Principal=engine.UserDetailsImp@38438c10, Credentials=[PROTECTED], Authenticated=true, Details=WebAuthenticationDetails [RemoteIpAddress=127.0.0.1, SessionId=null], Granted Authorities=[]]
?[0m?[0;34m12:59 DEBUG o.s.s.w.c.HttpSessionSecurityContextRepository - Created HttpSession as SecurityContext is non-default
?[0m?[0;34m12:59 DEBUG o.s.s.w.c.HttpSessionSecurityContextRepository - Stored SecurityContextImpl [Authentication=UsernamePasswordAuthenticationToken [Principal=engine.UserDetailsImp@38438c10, Credentials=[PROTECTED], Authenticated=true, Details=WebAuthenticationDetails [RemoteIpAddress=127.0.0.1, SessionId=null], Granted Authorities=[]]] to HttpSession [org.apache.catalina.session.StandardSessionFacade@e598973]
?[0m?[0;34m12:59 DEBUG o.s.security.web.FilterChainProxy - Secured GET /api/quizzes/5
?[0m?[0;34m12:59 DEBUG o.s.s.w.c.HttpSessionSecurityContextRepository - Stored SecurityContextImpl [Authentication=UsernamePasswordAuthenticationToken [Principal=engine.UserDetailsImp@38438c10, Credentials=[PROTECTED], Authenticated=true, Details=WebAuthenticationDetails [RemoteIpAddress=127.0.0.1, SessionId=null], Granted Authorities=[]]] to HttpSession [org.apache.catalina.session.StandardSessionFacade@e598973]
?[0m?[0;34m12:59 DEBUG o.s.s.w.c.HttpSessionSecurityContextRepository - Stored SecurityContextImpl [Authentication=UsernamePasswordAuthenticationToken [Principal=engine.UserDetailsImp@38438c10, Credentials=[PROTECTED], Authenticated=true, Details=WebAuthenticationDetails [RemoteIpAddress=127.0.0.1, SessionId=null], Granted Authorities=[]]] to HttpSession [org.apache.catalina.session.StandardSessionFacade@e598973]
?[0m?[0;34m12:59 DEBUG o.s.s.w.c.SecurityContextPersistenceFilter - Cleared SecurityContextHolder to complete request
?[1;31m
Start test 94?[0m
?[0m?[0;34m12:59 DEBUG o.s.security.web.FilterChainProxy - Securing GET /api/quizzes/130
?[0m?[0;34m12:59 DEBUG o.s.s.w.c.SecurityContextPersistenceFilter - Set SecurityContextHolder to empty SecurityContext
?[0m?[0;34m
?[0m?[0;34mTHE loadUserByUsername is called with the argument: test@google.com
?[0m?[0;34m
?[0m?[0;34m12:59 DEBUG o.s.s.a.d.DaoAuthenticationProvider - Authenticated user
?[0m?[0;34m12:59 DEBUG o.s.s.w.a.w.BasicAuthenticationFilter - Set SecurityContextHolder to UsernamePasswordAuthenticationToken [Principal=engine.UserDetailsImp@35e8b8d1, Credentials=[PROTECTED], Authenticated=true, Details=WebAuthenticationDetails [RemoteIpAddress=127.0.0.1, SessionId=null], Granted Authorities=[]]
?[0m?[0;34m12:59 DEBUG o.s.s.w.c.HttpSessionSecurityContextRepository - Created HttpSession as SecurityContext is non-default
?[0m?[0;34m12:59 DEBUG o.s.s.w.c.HttpSessionSecurityContextRepository - Stored SecurityContextImpl [Authentication=UsernamePasswordAuthenticationToken [Principal=engine.UserDetailsImp@35e8b8d1, Credentials=[PROTECTED], Authenticated=true, Details=WebAuthenticationDetails [RemoteIpAddress=127.0.0.1, SessionId=null], Granted Authorities=[]]] to HttpSession [org.apache.catalina.session.StandardSessionFacade@2c352f9]
?[0m?[0;34m12:59 DEBUG o.s.security.web.FilterChainProxy - Secured GET /api/quizzes/130
?[0m?[0;34m12:59 WARN  o.s.w.s.m.m.a.ExceptionHandlerExceptionResolver - Failure in @ExceptionHandler engine.Exceptionist#handleBadRequestExceptions(RuntimeException, WebRequest)
?[0m?[0;34morg.springframework.web.HttpMediaTypeNotAcceptableException: Could not find acceptable representation
?[0m?[0;34m	at org.springframework.web.servlet.mvc.method.annotation.AbstractMessageConverterMethodProcessor.writeWithMessageConverters(AbstractMessageConverterMethodProcessor.java:315)
?[0m?[0;34m	at org.springframework.web.servlet.mvc.method.annotation.HttpEntityMethodProcessor.handleReturnValue(HttpEntityMethodProcessor.java:219)
?[0m?[0;34m	at org.springframework.web.method.support.HandlerMethodReturnValueHandlerComposite.handleReturnValue(HandlerMethodReturnValueHandlerComposite.java:78)
?[0m?[0;34m	at org.springframework.web.servlet.mvc.method.annotation.ServletInvocableHandlerMethod.invokeAndHandle(ServletInvocableHandlerMethod.java:135)
?[0m?[0;34m	at org.springframework.web.servlet.mvc.method.annotation.ExceptionHandlerExceptionResolver.doResolveHandlerMethodException(ExceptionHandlerExceptionResolver.java:428)
?[0m?[0;34m	at org.springframework.web.servlet.handler.AbstractHandlerMethodExceptionResolver.doResolveException(AbstractHandlerMethodExceptionResolver.java:75)
?[0m?[0;34m	at org.springframework.web.servlet.handler.AbstractHandlerExceptionResolver.resolveException(AbstractHandlerExceptionResolver.java:142)
?[0m?[0;34m	at org.springframework.web.servlet.handler.HandlerExceptionResolverComposite.resolveException(HandlerExceptionResolverComposite.java:80)
?[0m?[0;34m	at org.springframework.web.servlet.DispatcherServlet.processHandlerException(DispatcherServlet.java:1327)
?[0m?[0;34m	at org.springframework.web.servlet.DispatcherServlet.processDispatchResult(DispatcherServlet.java:1138)
?[0m?[0;34m	at org.springframework.web.servlet.DispatcherServlet.doDispatch(DispatcherServlet.java:1084)
?[0m?[0;34m	at org.springframework.web.servlet.DispatcherServlet.doService(DispatcherServlet.java:963)
?[0m?[0;34m	at org.springframework.web.servlet.FrameworkServlet.processRequest(FrameworkServlet.java:1006)
?[0m?[0;34m	at org.springframework.web.servlet.FrameworkServlet.doGet(FrameworkServlet.java:898)
?[0m?[0;34m	at javax.servlet.http.HttpServlet.service(HttpServlet.java:655)
?[0m?[0;34m	at org.springframework.web.servlet.FrameworkServlet.service(FrameworkServlet.java:883)
?[0m?[0;34m	at javax.servlet.http.HttpServlet.service(HttpServlet.java:764)
?[0m?[0;34m	at jdk.internal.reflect.GeneratedMethodAccessor64.invoke(Unknown Source)
?[0m?[0;34m	at java.base/jdk.internal.reflect.DelegatingMethodAccessorImpl.invoke(DelegatingMethodAccessorImpl.java:43)
?[0m?[0;34m	at java.base/java.lang.reflect.Method.invoke(Method.java:568)
?[0m?[0;34m	at org.apache.catalina.security.SecurityUtil.lambda$execute$0(SecurityUtil.java:280)
?[0m?[0;34m	at java.base/java.security.AccessController.doPrivileged(AccessController.java:712)
?[0m?[0;34m	at java.base/javax.security.auth.Subject.doAsPrivileged(Subject.java:584)
?[0m?[0;34m	at org.apache.catalina.security.SecurityUtil.execute(SecurityUtil.java:311)
?[0m?[0;34m	at org.apache.catalina.security.SecurityUtil.doAsPrivilege(SecurityUtil.java:170)
?[0m?[0;34m	at org.apache.catalina.core.ApplicationFilterChain.internalDoFilter(ApplicationFilterChain.java:221)
?[0m?[0;34m	at org.apache.catalina.core.ApplicationFilterChain.lambda$doFilter$0(ApplicationFilterChain.java:145)
?[0m?[0;34m	at java.base/java.security.AccessController.doPrivileged(AccessController.java:569)
?[0m?[0;34m	at org.apache.catalina.core.ApplicationFilterChain.doFilter(ApplicationFilterChain.java:143)
?[0m?[0;34m	at org.apache.tomcat.websocket.server.WsFilter.doFilter(WsFilter.java:53)
?[0m?[0;34m	at jdk.internal.reflect.GeneratedMethodAccessor54.invoke(Unknown Source)
?[0m?[0;34m	at java.base/jdk.internal.reflect.DelegatingMethodAccessorImpl.invoke(DelegatingMethodAccessorImpl.java:43)
?[0m?[0;34m	at java.base/java.lang.reflect.Method.invoke(Method.java:568)
?[0m?[0;34m	at org.apache.catalina.security.SecurityUtil.lambda$execute$0(SecurityUtil.java:280)
?[0m?[0;34m	at java.base/java.security.AccessController.doPrivileged(AccessController.java:712)
?[0m?[0;34m	at java.base/javax.security.auth.Subject.doAsPrivileged(Subject.java:584)
?[0m?[0;34m	at org.apache.catalina.security.SecurityUtil.execute(SecurityUtil.java:311)
?[0m?[0;34m	at org.apache.catalina.security.SecurityUtil.doAsPrivilege(SecurityUtil.java:253)
?[0m?[0;34m	at org.apache.catalina.core.ApplicationFilterChain.internalDoFilter(ApplicationFilterChain.java:187)
?[0m?[0;34m	at org.apache.catalina.core.ApplicationFilterChain.lambda$doFilter$0(ApplicationFilterChain.java:145)
?[0m?[0;34m	at java.base/java.security.AccessController.doPrivileged(AccessController.java:569)
?[0m?[0;34m	at org.apache.catalina.core.ApplicationFilterChain.doFilter(ApplicationFilterChain.java:143)
?[0m?[0;34m	at org.springframework.security.web.FilterChainProxy$VirtualFilterChain.doFilter(FilterChainProxy.java:327)
?[0m?[0;34m	at org.springframework.security.web.access.intercept.AuthorizationFilter.doFilterInternal(AuthorizationFilter.java:58)
?[0m?[0;34m	at org.springframework.web.filter.OncePerRequestFilter.doFilter(OncePerRequestFilter.java:119)
?[0m?[0;34m	at org.springframework.security.web.FilterChainProxy$VirtualFilterChain.doFilter(FilterChainProxy.java:336)
?[0m?[0;34m	at org.springframework.security.web.access.ExceptionTranslationFilter.doFilter(ExceptionTranslationFilter.java:121)
?[0m?[0;34m	at org.springframework.security.web.access.ExceptionTranslationFilter.doFilter(ExceptionTranslationFilter.java:115)
?[0m?[0;34m	at org.springframework.security.web.FilterChainProxy$VirtualFilterChain.doFilter(FilterChainProxy.java:336)
?[0m?[0;34m	at org.springframework.security.web.session.SessionManagementFilter.doFilter(SessionManagementFilter.java:126)
?[0m?[0;34m	at org.springframework.security.web.session.SessionManagementFilter.doFilter(SessionManagementFilter.java:81)
?[0m?[0;34m	at org.springframework.security.web.FilterChainProxy$VirtualFilterChain.doFilter(FilterChainProxy.java:336)
?[0m?[0;34m	at org.springframework.security.web.authentication.AnonymousAuthenticationFilter.doFilter(AnonymousAuthenticationFilter.java:105)
?[0m?[0;34m	at org.springframework.security.web.FilterChainProxy$VirtualFilterChain.doFilter(FilterChainProxy.java:336)
?[0m?[0;34m	at org.springframework.security.web.servletapi.SecurityContextHolderAwareRequestFilter.doFilter(SecurityContextHolderAwareRequestFilter.java:149)
?[0m?[0;34m	at org.springframework.security.web.FilterChainProxy$VirtualFilterChain.doFilter(FilterChainProxy.java:336)
?[0m?[0;34m	at org.springframework.security.web.savedrequest.RequestCacheAwareFilter.doFilter(RequestCacheAwareFilter.java:63)
?[0m?[0;34m	at org.springframework.security.web.FilterChainProxy$VirtualFilterChain.doFilter(FilterChainProxy.java:336)
?[0m?[0;34m	at org.springframework.security.web.authentication.www.BasicAuthenticationFilter.doFilterInternal(BasicAuthenticationFilter.java:178)
?[0m?[0;34m	at org.springframework.web.filter.OncePerRequestFilter.doFilter(OncePerRequestFilter.java:119)
?[0m?[0;34m	at org.springframework.security.web.FilterChainProxy$VirtualFilterChain.doFilter(FilterChainProxy.java:336)
?[0m?[0;34m	at org.springframework.security.web.authentication.logout.LogoutFilter.doFilter(LogoutFilter.java:103)
?[0m?[0;34m	at org.springframework.security.web.authentication.logout.LogoutFilter.doFilter(LogoutFilter.java:89)
?[0m?[0;34m	at org.springframework.security.web.FilterChainProxy$VirtualFilterChain.doFilter(FilterChainProxy.java:336)
?[0m?[0;34m	at org.springframework.security.web.header.HeaderWriterFilter.doHeadersAfter(HeaderWriterFilter.java:90)
?[0m?[0;34m	at org.springframework.security.web.header.HeaderWriterFilter.doFilterInternal(HeaderWriterFilter.java:75)
?[0m?[0;34m	at org.springframework.web.filter.OncePerRequestFilter.doFilter(OncePerRequestFilter.java:119)
?[0m?[0;34m	at org.springframework.security.web.FilterChainProxy$VirtualFilterChain.doFilter(FilterChainProxy.java:336)
?[0m?[0;34m	at org.springframework.security.web.context.SecurityContextPersistenceFilter.doFilter(SecurityContextPersistenceFilter.java:110)
?[0m?[0;34m	at org.springframework.security.web.context.SecurityContextPersistenceFilter.doFilter(SecurityContextPersistenceFilter.java:80)
?[0m?[0;34m	at org.springframework.security.web.FilterChainProxy$VirtualFilterChain.doFilter(FilterChainProxy.java:336)
?[0m?[0;34m	at org.springframework.security.web.context.request.async.WebAsyncManagerIntegrationFilter.doFilterInternal(WebAsyncManagerIntegrationFilter.java:55)
?[0m?[0;34m	at org.springframework.web.filter.OncePerRequestFilter.doFilter(OncePerRequestFilter.java:119)
?[0m?[0;34m	at org.springframework.security.web.FilterChainProxy$VirtualFilterChain.doFilter(FilterChainProxy.java:336)
?[0m?[0;34m	at org.springframework.security.web.FilterChainProxy.doFilterInternal(FilterChainProxy.java:211)
?[0m?[0;34m	at org.springframework.security.web.FilterChainProxy.doFilter(FilterChainProxy.java:183)
?[0m?[0;34m	at org.springframework.web.filter.DelegatingFilterProxy.invokeDelegate(DelegatingFilterProxy.java:358)
?[0m?[0;34m	at org.springframework.web.filter.DelegatingFilterProxy.doFilter(DelegatingFilterProxy.java:271)
?[0m?[0;34m	at jdk.internal.reflect.GeneratedMethodAccessor54.invoke(Unknown Source)
?[0m?[0;34m	at java.base/jdk.internal.reflect.DelegatingMethodAccessorImpl.invoke(DelegatingMethodAccessorImpl.java:43)
?[0m?[0;34m	at java.base/java.lang.reflect.Method.invoke(Method.java:568)
?[0m?[0;34m	at org.apache.catalina.security.SecurityUtil.lambda$execute$0(SecurityUtil.java:280)
?[0m?[0;34m	at java.base/java.security.AccessController.doPrivileged(AccessController.java:712)
?[0m?[0;34m	at java.base/javax.security.auth.Subject.doAsPrivileged(Subject.java:584)
?[0m?[0;34m	at org.apache.catalina.security.SecurityUtil.execute(SecurityUtil.java:311)
?[0m?[0;34m	at org.apache.catalina.security.SecurityUtil.doAsPrivilege(SecurityUtil.java:253)
?[0m?[0;34m	at org.apache.catalina.core.ApplicationFilterChain.internalDoFilter(ApplicationFilterChain.java:187)
?[0m?[0;34m	at org.apache.catalina.core.ApplicationFilterChain.lambda$doFilter$0(ApplicationFilterChain.java:145)
?[0m?[0;34m	at java.base/java.security.AccessController.doPrivileged(AccessController.java:569)
?[0m?[0;34m	at org.apache.catalina.core.ApplicationFilterChain.doFilter(ApplicationFilterChain.java:143)
?[0m?[0;34m	at org.springframework.web.filter.RequestContextFilter.doFilterInternal(RequestContextFilter.java:100)
?[0m?[0;34m	at org.springframework.web.filter.OncePerRequestFilter.doFilter(OncePerRequestFilter.java:119)
?[0m?[0;34m	at jdk.internal.reflect.GeneratedMethodAccessor54.invoke(Unknown Source)
?[0m?[0;34m	at java.base/jdk.internal.reflect.DelegatingMethodAccessorImpl.invoke(DelegatingMethodAccessorImpl.java:43)
?[0m?[0;34m	at java.base/java.lang.reflect.Method.invoke(Method.java:568)
?[0m?[0;34m	at org.apache.catalina.security.SecurityUtil.lambda$execute$0(SecurityUtil.java:280)
?[0m?[0;34m	at java.base/java.security.AccessController.doPrivileged(AccessController.java:712)
?[0m?[0;34m	at java.base/javax.security.auth.Subject.doAsPrivileged(Subject.java:584)
?[0m?[0;34m	at org.apache.catalina.security.SecurityUtil.execute(SecurityUtil.java:311)
?[0m?[0;34m	at org.apache.catalina.security.SecurityUtil.doAsPrivilege(SecurityUtil.java:253)
?[0m?[0;34m	at org.apache.catalina.core.ApplicationFilterChain.internalDoFilter(ApplicationFilterChain.java:187)
?[0m?[0;34m	at org.apache.catalina.core.ApplicationFilterChain.lambda$doFilter$0(ApplicationFilterChain.java:145)
?[0m?[0;34m	at java.base/java.security.AccessController.doPrivileged(AccessController.java:569)
?[0m?[0;34m	at org.apache.catalina.core.ApplicationFilterChain.doFilter(ApplicationFilterChain.java:143)
?[0m?[0;34m	at org.springframework.web.filter.FormContentFilter.doFilterInternal(FormContentFilter.java:93)
?[0m?[0;34m	at org.springframework.web.filter.OncePerRequestFilter.doFilter(OncePerRequestFilter.java:119)
?[0m?[0;34m	at jdk.internal.reflect.GeneratedMethodAccessor54.invoke(Unknown Source)
?[0m?[0;34m	at java.base/jdk.internal.reflect.DelegatingMethodAccessorImpl.invoke(DelegatingMethodAccessorImpl.java:43)
?[0m?[0;34m	at java.base/java.lang.reflect.Method.invoke(Method.java:568)
?[0m?[0;34m	at org.apache.catalina.security.SecurityUtil.lambda$execute$0(SecurityUtil.java:280)
?[0m?[0;34m	at java.base/java.security.AccessController.doPrivileged(AccessController.java:712)
?[0m?[0;34m	at java.base/javax.security.auth.Subject.doAsPrivileged(Subject.java:584)
?[0m?[0;34m	at org.apache.catalina.security.SecurityUtil.execute(SecurityUtil.java:311)
?[0m?[0;34m	at org.apache.catalina.security.SecurityUtil.doAsPrivilege(SecurityUtil.java:253)
?[0m?[0;34m	at org.apache.catalina.core.ApplicationFilterChain.internalDoFilter(ApplicationFilterChain.java:187)
?[0m?[0;34m	at org.apache.catalina.core.ApplicationFilterChain.lambda$doFilter$0(ApplicationFilterChain.java:145)
?[0m?[0;34m	at java.base/java.security.AccessController.doPrivileged(AccessController.java:569)
?[0m?[0;34m	at org.apache.catalina.core.ApplicationFilterChain.doFilter(ApplicationFilterChain.java:143)
?[0m?[0;34m	at org.springframework.boot.actuate.metrics.web.servlet.WebMvcMetricsFilter.doFilterInternal(WebMvcMetricsFilter.java:96)
?[0m?[0;34m	at org.springframework.web.filter.OncePerRequestFilter.doFilter(OncePerRequestFilter.java:119)
?[0m?[0;34m	at jdk.internal.reflect.GeneratedMethodAccessor54.invoke(Unknown Source)
?[0m?[0;34m	at java.base/jdk.internal.reflect.DelegatingMethodAccessorImpl.invoke(DelegatingMethodAccessorImpl.java:43)
?[0m?[0;34m	at java.base/java.lang.reflect.Method.invoke(Method.java:568)
?[0m?[0;34m	at org.apache.catalina.security.SecurityUtil.lambda$execute$0(SecurityUtil.java:280)
?[0m?[0;34m	at java.base/java.security.AccessController.doPrivileged(AccessController.java:712)
?[0m?[0;34m	at java.base/javax.security.auth.Subject.doAsPrivileged(Subject.java:584)
?[0m?[0;34m	at org.apache.catalina.security.SecurityUtil.execute(SecurityUtil.java:311)
?[0m?[0;34m	at org.apache.catalina.security.SecurityUtil.doAsPrivilege(SecurityUtil.java:253)
?[0m?[0;34m	at org.apache.catalina.core.ApplicationFilterChain.internalDoFilter(ApplicationFilterChain.java:187)
?[0m?[0;34m	at org.apache.catalina.core.ApplicationFilterChain.lambda$doFilter$0(ApplicationFilterChain.java:145)
?[0m?[0;34m	at java.base/java.security.AccessController.doPrivileged(AccessController.java:569)
?[0m?[0;34m	at org.apache.catalina.core.ApplicationFilterChain.doFilter(ApplicationFilterChain.java:143)
?[0m?[0;34m	at org.springframework.web.filter.CharacterEncodingFilter.doFilterInternal(CharacterEncodingFilter.java:201)
?[0m?[0;34m	at org.springframework.web.filter.OncePerRequestFilter.doFilter(OncePerRequestFilter.java:119)
?[0m?[0;34m	at jdk.internal.reflect.GeneratedMethodAccessor54.invoke(Unknown Source)
?[0m?[0;34m	at java.base/jdk.internal.reflect.DelegatingMethodAccessorImpl.invoke(DelegatingMethodAccessorImpl.java:43)
?[0m?[0;34m	at java.base/java.lang.reflect.Method.invoke(Method.java:568)
?[0m?[0;34m	at org.apache.catalina.security.SecurityUtil.lambda$execute$0(SecurityUtil.java:280)
?[0m?[0;34m	at java.base/java.security.AccessController.doPrivileged(AccessController.java:712)
?[0m?[0;34m	at java.base/javax.security.auth.Subject.doAsPrivileged(Subject.java:584)
?[0m?[0;34m	at org.apache.catalina.security.SecurityUtil.execute(SecurityUtil.java:311)
?[0m?[0;34m	at org.apache.catalina.security.SecurityUtil.doAsPrivilege(SecurityUtil.java:253)
?[0m?[0;34m	at org.apache.catalina.core.ApplicationFilterChain.internalDoFilter(ApplicationFilterChain.java:187)
?[0m?[0;34m	at org.apache.catalina.core.ApplicationFilterChain.lambda$doFilter$0(ApplicationFilterChain.java:145)
?[0m?[0;34m	at java.base/java.security.AccessController.doPrivileged(AccessController.java:569)
?[0m?[0;34m	at org.apache.catalina.core.ApplicationFilterChain.doFilter(ApplicationFilterChain.java:143)
?[0m?[0;34m	at org.apache.catalina.core.StandardWrapperValve.invoke(StandardWrapperValve.java:197)
?[0m?[0;34m	at org.apache.catalina.core.StandardContextValve.invoke(StandardContextValve.java:97)
?[0m?[0;34m	at org.apache.catalina.authenticator.AuthenticatorBase.invoke(AuthenticatorBase.java:540)
?[0m?[0;34m	at org.apache.catalina.core.StandardHostValve.invoke(StandardHostValve.java:135)
?[0m?[0;34m	at org.apache.catalina.valves.ErrorReportValve.invoke(ErrorReportValve.java:92)
?[0m?[0;34m	at org.apache.catalina.core.StandardEngineValve.invoke(StandardEngineValve.java:78)
?[0m?[0;34m	at org.apache.catalina.connector.CoyoteAdapter.service(CoyoteAdapter.java:357)
?[0m?[0;34m	at org.apache.coyote.http11.Http11Processor.service(Http11Processor.java:382)
?[0m?[0;34m	at org.apache.coyote.AbstractProcessorLight.process(AbstractProcessorLight.java:65)
?[0m?[0;34m	at org.apache.coyote.AbstractProtocol$ConnectionHandler.process(AbstractProtocol.java:895)
?[0m?[0;34m	at org.apache.tomcat.util.net.NioEndpoint$SocketProcessor.doRun(NioEndpoint.java:1722)
?[0m?[0;34m	at org.apache.tomcat.util.net.SocketProcessorBase.run(SocketProcessorBase.java:49)
?[0m?[0;34m	at org.apache.tomcat.util.threads.ThreadPoolExecutor.runWorker(ThreadPoolExecutor.java:1191)
?[0m?[0;34m	at org.apache.tomcat.util.threads.ThreadPoolExecutor$Worker.run(ThreadPoolExecutor.java:659)
?[0m?[0;34m	at org.apache.tomcat.util.threads.TaskThread$WrappingRunnable.run(TaskThread.java:61)
?[0m?[0;34m	at java.base/java.lang.Thread.run(Thread.java:842)
?[0m?[0;34m12:59 DEBUG o.s.s.w.c.HttpSessionSecurityContextRepository - Stored SecurityContextImpl [Authentication=UsernamePasswordAuthenticationToken [Principal=engine.UserDetailsImp@35e8b8d1, Credentials=[PROTECTED], Authenticated=true, Details=WebAuthenticationDetails [RemoteIpAddress=127.0.0.1, SessionId=null], Granted Authorities=[]]] to HttpSession [org.apache.catalina.session.StandardSessionFacade@2c352f9]
?[0m?[0;34m12:59 DEBUG o.s.s.w.c.HttpSessionSecurityContextRepository - Stored SecurityContextImpl [Authentication=UsernamePasswordAuthenticationToken [Principal=engine.UserDetailsImp@35e8b8d1, Credentials=[PROTECTED], Authenticated=true, Details=WebAuthenticationDetails [RemoteIpAddress=127.0.0.1, SessionId=null], Granted Authorities=[]]] to HttpSession [org.apache.catalina.session.StandardSessionFacade@2c352f9]
?[0m?[0;34m12:59 DEBUG o.s.s.w.c.SecurityContextPersistenceFilter - Cleared SecurityContextHolder to complete request
?[0m?[0;34m12:59 DEBUG o.s.security.web.FilterChainProxy - Securing GET /error
?[0m?[0;34m12:59 DEBUG o.s.s.w.c.HttpSessionSecurityContextRepository - Retrieved SecurityContextImpl [Authentication=UsernamePasswordAuthenticationToken [Principal=engine.UserDetailsImp@35e8b8d1, Credentials=[PROTECTED], Authenticated=true, Details=WebAuthenticationDetails [RemoteIpAddress=127.0.0.1, SessionId=null], Granted Authorities=[]]]
?[0m?[0;34m12:59 DEBUG o.s.s.w.c.SecurityContextPersistenceFilter - Set SecurityContextHolder to SecurityContextImpl [Authentication=UsernamePasswordAuthenticationToken [Principal=engine.UserDetailsImp@35e8b8d1, Credentials=[PROTECTED], Authenticated=true, Details=WebAuthenticationDetails [RemoteIpAddress=127.0.0.1, SessionId=null], Granted Authorities=[]]]
?[0m?[0;34m12:59 DEBUG o.s.security.web.FilterChainProxy - Secured GET /error
?[0m?[0;34m12:59 DEBUG o.s.s.w.c.SecurityContextPersistenceFilter - Cleared SecurityContextHolder to complete request
?[1;31m
Start test 95?[0m
?[0m?[0;34m12:59 DEBUG o.s.security.web.FilterChainProxy - Securing POST /api/quizzes/5/solve
?[0m?[0;34m12:59 DEBUG o.s.s.w.c.SecurityContextPersistenceFilter - Set SecurityContextHolder to empty SecurityContext
?[0m?[0;34m
?[0m?[0;34mTHE loadUserByUsername is called with the argument: test@google.com
?[0m?[0;34m
?[0m?[0;34m12:59 DEBUG o.s.s.a.d.DaoAuthenticationProvider - Authenticated user
?[0m?[0;34m12:59 DEBUG o.s.s.w.a.w.BasicAuthenticationFilter - Set SecurityContextHolder to UsernamePasswordAuthenticationToken [Principal=engine.UserDetailsImp@3191290f, Credentials=[PROTECTED], Authenticated=true, Details=WebAuthenticationDetails [RemoteIpAddress=127.0.0.1, SessionId=null], Granted Authorities=[]]
?[0m?[0;34m12:59 DEBUG o.s.s.w.c.HttpSessionSecurityContextRepository - Created HttpSession as SecurityContext is non-default
?[0m?[0;34m12:59 DEBUG o.s.s.w.c.HttpSessionSecurityContextRepository - Stored SecurityContextImpl [Authentication=UsernamePasswordAuthenticationToken [Principal=engine.UserDetailsImp@3191290f, Credentials=[PROTECTED], Authenticated=true, Details=WebAuthenticationDetails [RemoteIpAddress=127.0.0.1, SessionId=null], Granted Authorities=[]]] to HttpSession [org.apache.catalina.session.StandardSessionFacade@351956f]
?[0m?[0;34m12:59 DEBUG o.s.s.w.u.m.RegexRequestMatcher - Checking match of request : '/api/quizzes/5/solve'; against '/api/register'
?[0m?[0;34m12:59 DEBUG o.s.s.w.u.m.RegexRequestMatcher - Checking match of request : '/api/quizzes/5/solve'; against '/actuator/shutdown'
?[0m?[0;34m12:59 DEBUG o.s.security.web.FilterChainProxy - Secured POST /api/quizzes/5/solve
?[0m?[0;34m12:59 DEBUG o.s.s.w.c.HttpSessionSecurityContextRepository - Stored SecurityContextImpl [Authentication=UsernamePasswordAuthenticationToken [Principal=engine.UserDetailsImp@3191290f, Credentials=[PROTECTED], Authenticated=true, Details=WebAuthenticationDetails [RemoteIpAddress=127.0.0.1, SessionId=null], Granted Authorities=[]]] to HttpSession [org.apache.catalina.session.StandardSessionFacade@351956f]
?[0m?[0;34m12:59 DEBUG o.s.s.w.c.HttpSessionSecurityContextRepository - Stored SecurityContextImpl [Authentication=UsernamePasswordAuthenticationToken [Principal=engine.UserDetailsImp@3191290f, Credentials=[PROTECTED], Authenticated=true, Details=WebAuthenticationDetails [RemoteIpAddress=127.0.0.1, SessionId=null], Granted Authorities=[]]] to HttpSession [org.apache.catalina.session.StandardSessionFacade@351956f]
?[0m?[0;34m12:59 DEBUG o.s.s.w.c.SecurityContextPersistenceFilter - Cleared SecurityContextHolder to complete request
?[1;31m
Start test 96?[0m
?[0m?[0;34m12:59 DEBUG o.s.security.web.FilterChainProxy - Securing POST /api/quizzes/5/solve
?[0m?[0;34m12:59 DEBUG o.s.s.w.c.SecurityContextPersistenceFilter - Set SecurityContextHolder to empty SecurityContext
?[0m?[0;34m
?[0m?[0;34mTHE loadUserByUsername is called with the argument: user@google.com
?[0m?[0;34m
?[0m?[0;34m12:59 DEBUG o.s.s.a.d.DaoAuthenticationProvider - Authenticated user
?[0m?[0;34m12:59 DEBUG o.s.s.w.a.w.BasicAuthenticationFilter - Set SecurityContextHolder to UsernamePasswordAuthenticationToken [Principal=engine.UserDetailsImp@607f0052, Credentials=[PROTECTED], Authenticated=true, Details=WebAuthenticationDetails [RemoteIpAddress=127.0.0.1, SessionId=null], Granted Authorities=[]]
?[0m?[0;34m12:59 DEBUG o.s.s.w.c.HttpSessionSecurityContextRepository - Created HttpSession as SecurityContext is non-default
?[0m?[0;34m12:59 DEBUG o.s.s.w.c.HttpSessionSecurityContextRepository - Stored SecurityContextImpl [Authentication=UsernamePasswordAuthenticationToken [Principal=engine.UserDetailsImp@607f0052, Credentials=[PROTECTED], Authenticated=true, Details=WebAuthenticationDetails [RemoteIpAddress=127.0.0.1, SessionId=null], Granted Authorities=[]]] to HttpSession [org.apache.catalina.session.StandardSessionFacade@35072b58]
?[0m?[0;34m12:59 DEBUG o.s.s.w.u.m.RegexRequestMatcher - Checking match of request : '/api/quizzes/5/solve'; against '/api/register'
?[0m?[0;34m12:59 DEBUG o.s.s.w.u.m.RegexRequestMatcher - Checking match of request : '/api/quizzes/5/solve'; against '/actuator/shutdown'
?[0m?[0;34m12:59 DEBUG o.s.security.web.FilterChainProxy - Secured POST /api/quizzes/5/solve
?[0m?[0;34m12:59 DEBUG o.s.s.w.c.HttpSessionSecurityContextRepository - Stored SecurityContextImpl [Authentication=UsernamePasswordAuthenticationToken [Principal=engine.UserDetailsImp@607f0052, Credentials=[PROTECTED], Authenticated=true, Details=WebAuthenticationDetails [RemoteIpAddress=127.0.0.1, SessionId=null], Granted Authorities=[]]] to HttpSession [org.apache.catalina.session.StandardSessionFacade@35072b58]
?[0m?[0;34m12:59 DEBUG o.s.s.w.c.HttpSessionSecurityContextRepository - Stored SecurityContextImpl [Authentication=UsernamePasswordAuthenticationToken [Principal=engine.UserDetailsImp@607f0052, Credentials=[PROTECTED], Authenticated=true, Details=WebAuthenticationDetails [RemoteIpAddress=127.0.0.1, SessionId=null], Granted Authorities=[]]] to HttpSession [org.apache.catalina.session.StandardSessionFacade@35072b58]
?[0m?[0;34m12:59 DEBUG o.s.s.w.c.SecurityContextPersistenceFilter - Cleared SecurityContextHolder to complete request
?[1;31m
Start test 97?[0m
?[0m?[0;34m12:59 DEBUG o.s.security.web.FilterChainProxy - Securing POST /api/quizzes/5/solve
?[0m?[0;34m12:59 DEBUG o.s.s.w.c.SecurityContextPersistenceFilter - Set SecurityContextHolder to empty SecurityContext
?[0m?[0;34m
?[0m?[0;34mTHE loadUserByUsername is called with the argument: test@google.com
?[0m?[0;34m
?[0m?[0;34m12:59 DEBUG o.s.s.a.d.DaoAuthenticationProvider - Authenticated user
?[0m?[0;34m12:59 DEBUG o.s.s.w.a.w.BasicAuthenticationFilter - Set SecurityContextHolder to UsernamePasswordAuthenticationToken [Principal=engine.UserDetailsImp@186ee781, Credentials=[PROTECTED], Authenticated=true, Details=WebAuthenticationDetails [RemoteIpAddress=127.0.0.1, SessionId=null], Granted Authorities=[]]
?[0m?[0;34m12:59 DEBUG o.s.s.w.c.HttpSessionSecurityContextRepository - Created HttpSession as SecurityContext is non-default
?[0m?[0;34m12:59 DEBUG o.s.s.w.c.HttpSessionSecurityContextRepository - Stored SecurityContextImpl [Authentication=UsernamePasswordAuthenticationToken [Principal=engine.UserDetailsImp@186ee781, Credentials=[PROTECTED], Authenticated=true, Details=WebAuthenticationDetails [RemoteIpAddress=127.0.0.1, SessionId=null], Granted Authorities=[]]] to HttpSession [org.apache.catalina.session.StandardSessionFacade@15b0976f]
?[0m?[0;34m12:59 DEBUG o.s.s.w.u.m.RegexRequestMatcher - Checking match of request : '/api/quizzes/5/solve'; against '/api/register'
?[0m?[0;34m12:59 DEBUG o.s.s.w.u.m.RegexRequestMatcher - Checking match of request : '/api/quizzes/5/solve'; against '/actuator/shutdown'
?[0m?[0;34m12:59 DEBUG o.s.security.web.FilterChainProxy - Secured POST /api/quizzes/5/solve
?[0m?[0;34m12:59 DEBUG o.s.s.w.c.HttpSessionSecurityContextRepository - Stored SecurityContextImpl [Authentication=UsernamePasswordAuthenticationToken [Principal=engine.UserDetailsImp@186ee781, Credentials=[PROTECTED], Authenticated=true, Details=WebAuthenticationDetails [RemoteIpAddress=127.0.0.1, SessionId=null], Granted Authorities=[]]] to HttpSession [org.apache.catalina.session.StandardSessionFacade@15b0976f]
?[0m?[0;34m12:59 DEBUG o.s.s.w.c.HttpSessionSecurityContextRepository - Stored SecurityContextImpl [Authentication=UsernamePasswordAuthenticationToken [Principal=engine.UserDetailsImp@186ee781, Credentials=[PROTECTED], Authenticated=true, Details=WebAuthenticationDetails [RemoteIpAddress=127.0.0.1, SessionId=null], Granted Authorities=[]]] to HttpSession [org.apache.catalina.session.StandardSessionFacade@15b0976f]
?[0m?[0;34m12:59 DEBUG o.s.s.w.c.SecurityContextPersistenceFilter - Cleared SecurityContextHolder to complete request
?[1;31m
Start test 98?[0m
?[0m?[0;34m12:59 DEBUG o.s.security.web.FilterChainProxy - Securing POST /api/quizzes/5/solve
?[0m?[0;34m12:59 DEBUG o.s.s.w.c.SecurityContextPersistenceFilter - Set SecurityContextHolder to empty SecurityContext
?[0m?[0;34m
?[0m?[0;34mTHE loadUserByUsername is called with the argument: user@google.com
?[0m?[0;34m
?[0m?[0;34m12:59 DEBUG o.s.s.a.d.DaoAuthenticationProvider - Authenticated user
?[0m?[0;34m12:59 DEBUG o.s.s.w.a.w.BasicAuthenticationFilter - Set SecurityContextHolder to UsernamePasswordAuthenticationToken [Principal=engine.UserDetailsImp@48d82d37, Credentials=[PROTECTED], Authenticated=true, Details=WebAuthenticationDetails [RemoteIpAddress=127.0.0.1, SessionId=null], Granted Authorities=[]]
?[0m?[0;34m12:59 DEBUG o.s.s.w.c.HttpSessionSecurityContextRepository - Created HttpSession as SecurityContext is non-default
?[0m?[0;34m12:59 DEBUG o.s.s.w.c.HttpSessionSecurityContextRepository - Stored SecurityContextImpl [Authentication=UsernamePasswordAuthenticationToken [Principal=engine.UserDetailsImp@48d82d37, Credentials=[PROTECTED], Authenticated=true, Details=WebAuthenticationDetails [RemoteIpAddress=127.0.0.1, SessionId=null], Granted Authorities=[]]] to HttpSession [org.apache.catalina.session.StandardSessionFacade@6dfa5028]
?[0m?[0;34m12:59 DEBUG o.s.s.w.u.m.RegexRequestMatcher - Checking match of request : '/api/quizzes/5/solve'; against '/api/register'
?[0m?[0;34m12:59 DEBUG o.s.s.w.u.m.RegexRequestMatcher - Checking match of request : '/api/quizzes/5/solve'; against '/actuator/shutdown'
?[0m?[0;34m12:59 DEBUG o.s.security.web.FilterChainProxy - Secured POST /api/quizzes/5/solve
?[0m?[0;34m12:59 DEBUG o.s.s.w.c.HttpSessionSecurityContextRepository - Stored SecurityContextImpl [Authentication=UsernamePasswordAuthenticationToken [Principal=engine.UserDetailsImp@48d82d37, Credentials=[PROTECTED], Authenticated=true, Details=WebAuthenticationDetails [RemoteIpAddress=127.0.0.1, SessionId=null], Granted Authorities=[]]] to HttpSession [org.apache.catalina.session.StandardSessionFacade@6dfa5028]
?[0m?[0;34m12:59 DEBUG o.s.s.w.c.HttpSessionSecurityContextRepository - Stored SecurityContextImpl [Authentication=UsernamePasswordAuthenticationToken [Principal=engine.UserDetailsImp@48d82d37, Credentials=[PROTECTED], Authenticated=true, Details=WebAuthenticationDetails [RemoteIpAddress=127.0.0.1, SessionId=null], Granted Authorities=[]]] to HttpSession [org.apache.catalina.session.StandardSessionFacade@6dfa5028]
?[0m?[0;34m12:59 DEBUG o.s.s.w.c.SecurityContextPersistenceFilter - Cleared SecurityContextHolder to complete request
?[1;31m
Start test 99?[0m
?[0m?[0;34m12:59 DEBUG o.s.security.web.FilterChainProxy - Securing POST /api/quizzes/5/solve
?[0m?[0;34m12:59 DEBUG o.s.s.w.c.SecurityContextPersistenceFilter - Set SecurityContextHolder to empty SecurityContext
?[0m?[0;34m
?[0m?[0;34mTHE loadUserByUsername is called with the argument: test@google.com
?[0m?[0;34m
?[0m?[0;34m12:59 DEBUG o.s.s.a.d.DaoAuthenticationProvider - Authenticated user
?[0m?[0;34m12:59 DEBUG o.s.s.w.a.w.BasicAuthenticationFilter - Set SecurityContextHolder to UsernamePasswordAuthenticationToken [Principal=engine.UserDetailsImp@1ef3aebf, Credentials=[PROTECTED], Authenticated=true, Details=WebAuthenticationDetails [RemoteIpAddress=127.0.0.1, SessionId=null], Granted Authorities=[]]
?[0m?[0;34m12:59 DEBUG o.s.s.w.c.HttpSessionSecurityContextRepository - Created HttpSession as SecurityContext is non-default
?[0m?[0;34m12:59 DEBUG o.s.s.w.c.HttpSessionSecurityContextRepository - Stored SecurityContextImpl [Authentication=UsernamePasswordAuthenticationToken [Principal=engine.UserDetailsImp@1ef3aebf, Credentials=[PROTECTED], Authenticated=true, Details=WebAuthenticationDetails [RemoteIpAddress=127.0.0.1, SessionId=null], Granted Authorities=[]]] to HttpSession [org.apache.catalina.session.StandardSessionFacade@51be9116]
?[0m?[0;34m12:59 DEBUG o.s.s.w.u.m.RegexRequestMatcher - Checking match of request : '/api/quizzes/5/solve'; against '/api/register'
?[0m?[0;34m12:59 DEBUG o.s.s.w.u.m.RegexRequestMatcher - Checking match of request : '/api/quizzes/5/solve'; against '/actuator/shutdown'
?[0m?[0;34m12:59 DEBUG o.s.security.web.FilterChainProxy - Secured POST /api/quizzes/5/solve
?[0m?[0;34m12:59 DEBUG o.s.s.w.c.HttpSessionSecurityContextRepository - Stored SecurityContextImpl [Authentication=UsernamePasswordAuthenticationToken [Principal=engine.UserDetailsImp@1ef3aebf, Credentials=[PROTECTED], Authenticated=true, Details=WebAuthenticationDetails [RemoteIpAddress=127.0.0.1, SessionId=null], Granted Authorities=[]]] to HttpSession [org.apache.catalina.session.StandardSessionFacade@51be9116]
?[0m?[0;34m12:59 DEBUG o.s.s.w.c.HttpSessionSecurityContextRepository - Stored SecurityContextImpl [Authentication=UsernamePasswordAuthenticationToken [Principal=engine.UserDetailsImp@1ef3aebf, Credentials=[PROTECTED], Authenticated=true, Details=WebAuthenticationDetails [RemoteIpAddress=127.0.0.1, SessionId=null], Granted Authorities=[]]] to HttpSession [org.apache.catalina.session.StandardSessionFacade@51be9116]
?[0m?[0;34m12:59 DEBUG o.s.s.w.c.SecurityContextPersistenceFilter - Cleared SecurityContextHolder to complete request
?[1;31m
Start test 100?[0m
?[0m?[0;34m12:59 DEBUG o.s.security.web.FilterChainProxy - Securing POST /api/quizzes/5/solve
?[0m?[0;34m12:59 DEBUG o.s.s.w.c.SecurityContextPersistenceFilter - Set SecurityContextHolder to empty SecurityContext
?[0m?[0;34m
?[0m?[0;34mTHE loadUserByUsername is called with the argument: user@google.com
?[0m?[0;34m
?[0m?[0;34m12:59 DEBUG o.s.s.a.d.DaoAuthenticationProvider - Authenticated user
?[0m?[0;34m12:59 DEBUG o.s.s.w.a.w.BasicAuthenticationFilter - Set SecurityContextHolder to UsernamePasswordAuthenticationToken [Principal=engine.UserDetailsImp@307d9759, Credentials=[PROTECTED], Authenticated=true, Details=WebAuthenticationDetails [RemoteIpAddress=127.0.0.1, SessionId=null], Granted Authorities=[]]
?[0m?[0;34m12:59 DEBUG o.s.s.w.c.HttpSessionSecurityContextRepository - Created HttpSession as SecurityContext is non-default
?[0m?[0;34m12:59 DEBUG o.s.s.w.c.HttpSessionSecurityContextRepository - Stored SecurityContextImpl [Authentication=UsernamePasswordAuthenticationToken [Principal=engine.UserDetailsImp@307d9759, Credentials=[PROTECTED], Authenticated=true, Details=WebAuthenticationDetails [RemoteIpAddress=127.0.0.1, SessionId=null], Granted Authorities=[]]] to HttpSession [org.apache.catalina.session.StandardSessionFacade@29f1362a]
?[0m?[0;34m12:59 DEBUG o.s.s.w.u.m.RegexRequestMatcher - Checking match of request : '/api/quizzes/5/solve'; against '/api/register'
?[0m?[0;34m12:59 DEBUG o.s.s.w.u.m.RegexRequestMatcher - Checking match of request : '/api/quizzes/5/solve'; against '/actuator/shutdown'
?[0m?[0;34m12:59 DEBUG o.s.security.web.FilterChainProxy - Secured POST /api/quizzes/5/solve
?[0m?[0;34m12:59 DEBUG o.s.s.w.c.HttpSessionSecurityContextRepository - Stored SecurityContextImpl [Authentication=UsernamePasswordAuthenticationToken [Principal=engine.UserDetailsImp@307d9759, Credentials=[PROTECTED], Authenticated=true, Details=WebAuthenticationDetails [RemoteIpAddress=127.0.0.1, SessionId=null], Granted Authorities=[]]] to HttpSession [org.apache.catalina.session.StandardSessionFacade@29f1362a]
?[0m?[0;34m12:59 DEBUG o.s.s.w.c.HttpSessionSecurityContextRepository - Stored SecurityContextImpl [Authentication=UsernamePasswordAuthenticationToken [Principal=engine.UserDetailsImp@307d9759, Credentials=[PROTECTED], Authenticated=true, Details=WebAuthenticationDetails [RemoteIpAddress=127.0.0.1, SessionId=null], Granted Authorities=[]]] to HttpSession [org.apache.catalina.session.StandardSessionFacade@29f1362a]
?[0m?[0;34m12:59 DEBUG o.s.s.w.c.SecurityContextPersistenceFilter - Cleared SecurityContextHolder to complete request
?[1;31m
Start test 101?[0m
?[0m?[0;34m12:59 DEBUG o.s.security.web.FilterChainProxy - Securing POST /api/quizzes/5/solve
?[0m?[0;34m12:59 DEBUG o.s.s.w.c.SecurityContextPersistenceFilter - Set SecurityContextHolder to empty SecurityContext
?[0m?[0;34m
?[0m?[0;34mTHE loadUserByUsername is called with the argument: test@google.com
?[0m?[0;34m
?[0m?[0;34m12:59 DEBUG o.s.s.a.d.DaoAuthenticationProvider - Authenticated user
?[0m?[0;34m12:59 DEBUG o.s.s.w.a.w.BasicAuthenticationFilter - Set SecurityContextHolder to UsernamePasswordAuthenticationToken [Principal=engine.UserDetailsImp@742f2430, Credentials=[PROTECTED], Authenticated=true, Details=WebAuthenticationDetails [RemoteIpAddress=127.0.0.1, SessionId=null], Granted Authorities=[]]
?[0m?[0;34m12:59 DEBUG o.s.s.w.c.HttpSessionSecurityContextRepository - Created HttpSession as SecurityContext is non-default
?[0m?[0;34m12:59 DEBUG o.s.s.w.c.HttpSessionSecurityContextRepository - Stored SecurityContextImpl [Authentication=UsernamePasswordAuthenticationToken [Principal=engine.UserDetailsImp@742f2430, Credentials=[PROTECTED], Authenticated=true, Details=WebAuthenticationDetails [RemoteIpAddress=127.0.0.1, SessionId=null], Granted Authorities=[]]] to HttpSession [org.apache.catalina.session.StandardSessionFacade@68a99241]
?[0m?[0;34m12:59 DEBUG o.s.s.w.u.m.RegexRequestMatcher - Checking match of request : '/api/quizzes/5/solve'; against '/api/register'
?[0m?[0;34m12:59 DEBUG o.s.s.w.u.m.RegexRequestMatcher - Checking match of request : '/api/quizzes/5/solve'; against '/actuator/shutdown'
?[0m?[0;34m12:59 DEBUG o.s.security.web.FilterChainProxy - Secured POST /api/quizzes/5/solve
?[0m?[0;34m12:59 DEBUG o.s.s.w.c.HttpSessionSecurityContextRepository - Stored SecurityContextImpl [Authentication=UsernamePasswordAuthenticationToken [Principal=engine.UserDetailsImp@742f2430, Credentials=[PROTECTED], Authenticated=true, Details=WebAuthenticationDetails [RemoteIpAddress=127.0.0.1, SessionId=null], Granted Authorities=[]]] to HttpSession [org.apache.catalina.session.StandardSessionFacade@68a99241]
?[0m?[0;34m12:59 DEBUG o.s.s.w.c.HttpSessionSecurityContextRepository - Stored SecurityContextImpl [Authentication=UsernamePasswordAuthenticationToken [Principal=engine.UserDetailsImp@742f2430, Credentials=[PROTECTED], Authenticated=true, Details=WebAuthenticationDetails [RemoteIpAddress=127.0.0.1, SessionId=null], Granted Authorities=[]]] to HttpSession [org.apache.catalina.session.StandardSessionFacade@68a99241]
?[0m?[0;34m12:59 DEBUG o.s.s.w.c.SecurityContextPersistenceFilter - Cleared SecurityContextHolder to complete request
?[1;31m
Start test 102?[0m
?[0m?[0;34m12:59 DEBUG o.s.security.web.FilterChainProxy - Securing POST /api/quizzes/5/solve
?[0m?[0;34m12:59 DEBUG o.s.s.w.c.SecurityContextPersistenceFilter - Set SecurityContextHolder to empty SecurityContext
?[0m?[0;34m
?[0m?[0;34mTHE loadUserByUsername is called with the argument: user@google.com
?[0m?[0;34m
?[0m?[0;34m12:59 DEBUG o.s.s.a.d.DaoAuthenticationProvider - Authenticated user
?[0m?[0;34m12:59 DEBUG o.s.s.w.a.w.BasicAuthenticationFilter - Set SecurityContextHolder to UsernamePasswordAuthenticationToken [Principal=engine.UserDetailsImp@45b3eddc, Credentials=[PROTECTED], Authenticated=true, Details=WebAuthenticationDetails [RemoteIpAddress=127.0.0.1, SessionId=null], Granted Authorities=[]]
?[0m?[0;34m12:59 DEBUG o.s.s.w.c.HttpSessionSecurityContextRepository - Created HttpSession as SecurityContext is non-default
?[0m?[0;34m12:59 DEBUG o.s.s.w.c.HttpSessionSecurityContextRepository - Stored SecurityContextImpl [Authentication=UsernamePasswordAuthenticationToken [Principal=engine.UserDetailsImp@45b3eddc, Credentials=[PROTECTED], Authenticated=true, Details=WebAuthenticationDetails [RemoteIpAddress=127.0.0.1, SessionId=null], Granted Authorities=[]]] to HttpSession [org.apache.catalina.session.StandardSessionFacade@39299fca]
?[0m?[0;34m12:59 DEBUG o.s.s.w.u.m.RegexRequestMatcher - Checking match of request : '/api/quizzes/5/solve'; against '/api/register'
?[0m?[0;34m12:59 DEBUG o.s.s.w.u.m.RegexRequestMatcher - Checking match of request : '/api/quizzes/5/solve'; against '/actuator/shutdown'
?[0m?[0;34m12:59 DEBUG o.s.security.web.FilterChainProxy - Secured POST /api/quizzes/5/solve
?[0m?[0;34m12:59 DEBUG o.s.s.w.c.HttpSessionSecurityContextRepository - Stored SecurityContextImpl [Authentication=UsernamePasswordAuthenticationToken [Principal=engine.UserDetailsImp@45b3eddc, Credentials=[PROTECTED], Authenticated=true, Details=WebAuthenticationDetails [RemoteIpAddress=127.0.0.1, SessionId=null], Granted Authorities=[]]] to HttpSession [org.apache.catalina.session.StandardSessionFacade@39299fca]
?[0m?[0;34m12:59 DEBUG o.s.s.w.c.HttpSessionSecurityContextRepository - Stored SecurityContextImpl [Authentication=UsernamePasswordAuthenticationToken [Principal=engine.UserDetailsImp@45b3eddc, Credentials=[PROTECTED], Authenticated=true, Details=WebAuthenticationDetails [RemoteIpAddress=127.0.0.1, SessionId=null], Granted Authorities=[]]] to HttpSession [org.apache.catalina.session.StandardSessionFacade@39299fca]
?[0m?[0;34m12:59 DEBUG o.s.s.w.c.SecurityContextPersistenceFilter - Cleared SecurityContextHolder to complete request
?[1;31m
Start test 103?[0m
?[0m?[0;34m12:59 DEBUG o.s.security.web.FilterChainProxy - Securing POST /api/quizzes/5/solve
?[0m?[0;34m12:59 DEBUG o.s.s.w.c.SecurityContextPersistenceFilter - Set SecurityContextHolder to empty SecurityContext
?[0m?[0;34m
?[0m?[0;34mTHE loadUserByUsername is called with the argument: test@google.com
?[0m?[0;34m
?[0m?[0;34m12:59 DEBUG o.s.s.a.d.DaoAuthenticationProvider - Authenticated user
?[0m?[0;34m12:59 DEBUG o.s.s.w.a.w.BasicAuthenticationFilter - Set SecurityContextHolder to UsernamePasswordAuthenticationToken [Principal=engine.UserDetailsImp@1ae81e22, Credentials=[PROTECTED], Authenticated=true, Details=WebAuthenticationDetails [RemoteIpAddress=127.0.0.1, SessionId=null], Granted Authorities=[]]
?[0m?[0;34m12:59 DEBUG o.s.s.w.c.HttpSessionSecurityContextRepository - Created HttpSession as SecurityContext is non-default
?[0m?[0;34m12:59 DEBUG o.s.s.w.c.HttpSessionSecurityContextRepository - Stored SecurityContextImpl [Authentication=UsernamePasswordAuthenticationToken [Principal=engine.UserDetailsImp@1ae81e22, Credentials=[PROTECTED], Authenticated=true, Details=WebAuthenticationDetails [RemoteIpAddress=127.0.0.1, SessionId=null], Granted Authorities=[]]] to HttpSession [org.apache.catalina.session.StandardSessionFacade@73981d16]
?[0m?[0;34m12:59 DEBUG o.s.s.w.u.m.RegexRequestMatcher - Checking match of request : '/api/quizzes/5/solve'; against '/api/register'
?[0m?[0;34m12:59 DEBUG o.s.s.w.u.m.RegexRequestMatcher - Checking match of request : '/api/quizzes/5/solve'; against '/actuator/shutdown'
?[0m?[0;34m12:59 DEBUG o.s.security.web.FilterChainProxy - Secured POST /api/quizzes/5/solve
?[0m?[0;34m12:59 DEBUG o.s.s.w.c.HttpSessionSecurityContextRepository - Stored SecurityContextImpl [Authentication=UsernamePasswordAuthenticationToken [Principal=engine.UserDetailsImp@1ae81e22, Credentials=[PROTECTED], Authenticated=true, Details=WebAuthenticationDetails [RemoteIpAddress=127.0.0.1, SessionId=null], Granted Authorities=[]]] to HttpSession [org.apache.catalina.session.StandardSessionFacade@73981d16]
?[0m?[0;34m12:59 DEBUG o.s.s.w.c.HttpSessionSecurityContextRepository - Stored SecurityContextImpl [Authentication=UsernamePasswordAuthenticationToken [Principal=engine.UserDetailsImp@1ae81e22, Credentials=[PROTECTED], Authenticated=true, Details=WebAuthenticationDetails [RemoteIpAddress=127.0.0.1, SessionId=null], Granted Authorities=[]]] to HttpSession [org.apache.catalina.session.StandardSessionFacade@73981d16]
?[0m?[0;34m12:59 DEBUG o.s.s.w.c.SecurityContextPersistenceFilter - Cleared SecurityContextHolder to complete request
?[1;31m
Start test 104?[0m
?[0m?[0;34m12:59 DEBUG o.s.security.web.FilterChainProxy - Securing POST /api/quizzes/5/solve
?[0m?[0;34m12:59 DEBUG o.s.s.w.c.SecurityContextPersistenceFilter - Set SecurityContextHolder to empty SecurityContext
?[0m?[0;34m
?[0m?[0;34mTHE loadUserByUsername is called with the argument: user@google.com
?[0m?[0;34m
?[0m?[0;34m12:59 DEBUG o.s.s.a.d.DaoAuthenticationProvider - Authenticated user
?[0m?[0;34m12:59 DEBUG o.s.s.w.a.w.BasicAuthenticationFilter - Set SecurityContextHolder to UsernamePasswordAuthenticationToken [Principal=engine.UserDetailsImp@4f5158c6, Credentials=[PROTECTED], Authenticated=true, Details=WebAuthenticationDetails [RemoteIpAddress=127.0.0.1, SessionId=null], Granted Authorities=[]]
?[0m?[0;34m12:59 DEBUG o.s.s.w.c.HttpSessionSecurityContextRepository - Created HttpSession as SecurityContext is non-default
?[0m?[0;34m12:59 DEBUG o.s.s.w.c.HttpSessionSecurityContextRepository - Stored SecurityContextImpl [Authentication=UsernamePasswordAuthenticationToken [Principal=engine.UserDetailsImp@4f5158c6, Credentials=[PROTECTED], Authenticated=true, Details=WebAuthenticationDetails [RemoteIpAddress=127.0.0.1, SessionId=null], Granted Authorities=[]]] to HttpSession [org.apache.catalina.session.StandardSessionFacade@55b5dccf]
?[0m?[0;34m12:59 DEBUG o.s.s.w.u.m.RegexRequestMatcher - Checking match of request : '/api/quizzes/5/solve'; against '/api/register'
?[0m?[0;34m12:59 DEBUG o.s.s.w.u.m.RegexRequestMatcher - Checking match of request : '/api/quizzes/5/solve'; against '/actuator/shutdown'
?[0m?[0;34m12:59 DEBUG o.s.security.web.FilterChainProxy - Secured POST /api/quizzes/5/solve
?[0m?[0;34m12:59 DEBUG o.s.s.w.c.HttpSessionSecurityContextRepository - Stored SecurityContextImpl [Authentication=UsernamePasswordAuthenticationToken [Principal=engine.UserDetailsImp@4f5158c6, Credentials=[PROTECTED], Authenticated=true, Details=WebAuthenticationDetails [RemoteIpAddress=127.0.0.1, SessionId=null], Granted Authorities=[]]] to HttpSession [org.apache.catalina.session.StandardSessionFacade@55b5dccf]
?[0m?[0;34m12:59 DEBUG o.s.s.w.c.HttpSessionSecurityContextRepository - Stored SecurityContextImpl [Authentication=UsernamePasswordAuthenticationToken [Principal=engine.UserDetailsImp@4f5158c6, Credentials=[PROTECTED], Authenticated=true, Details=WebAuthenticationDetails [RemoteIpAddress=127.0.0.1, SessionId=null], Granted Authorities=[]]] to HttpSession [org.apache.catalina.session.StandardSessionFacade@55b5dccf]
?[0m?[0;34m12:59 DEBUG o.s.s.w.c.SecurityContextPersistenceFilter - Cleared SecurityContextHolder to complete request
?[1;31m
Start test 105?[0m
?[0m?[0;34m12:59 DEBUG o.s.security.web.FilterChainProxy - Securing POST /api/quizzes/5/solve
?[0m?[0;34m12:59 DEBUG o.s.s.w.c.SecurityContextPersistenceFilter - Set SecurityContextHolder to empty SecurityContext
?[0m?[0;34m
?[0m?[0;34mTHE loadUserByUsername is called with the argument: test@google.com
?[0m?[0;34m
?[0m?[0;34m12:59 DEBUG o.s.s.a.d.DaoAuthenticationProvider - Authenticated user
?[0m?[0;34m12:59 DEBUG o.s.s.w.a.w.BasicAuthenticationFilter - Set SecurityContextHolder to UsernamePasswordAuthenticationToken [Principal=engine.UserDetailsImp@509f9b71, Credentials=[PROTECTED], Authenticated=true, Details=WebAuthenticationDetails [RemoteIpAddress=127.0.0.1, SessionId=null], Granted Authorities=[]]
?[0m?[0;34m12:59 DEBUG o.s.s.w.c.HttpSessionSecurityContextRepository - Created HttpSession as SecurityContext is non-default
?[0m?[0;34m12:59 DEBUG o.s.s.w.c.HttpSessionSecurityContextRepository - Stored SecurityContextImpl [Authentication=UsernamePasswordAuthenticationToken [Principal=engine.UserDetailsImp@509f9b71, Credentials=[PROTECTED], Authenticated=true, Details=WebAuthenticationDetails [RemoteIpAddress=127.0.0.1, SessionId=null], Granted Authorities=[]]] to HttpSession [org.apache.catalina.session.StandardSessionFacade@40e300a8]
?[0m?[0;34m12:59 DEBUG o.s.s.w.u.m.RegexRequestMatcher - Checking match of request : '/api/quizzes/5/solve'; against '/api/register'
?[0m?[0;34m12:59 DEBUG o.s.s.w.u.m.RegexRequestMatcher - Checking match of request : '/api/quizzes/5/solve'; against '/actuator/shutdown'
?[0m?[0;34m12:59 DEBUG o.s.security.web.FilterChainProxy - Secured POST /api/quizzes/5/solve
?[0m?[0;34m12:59 DEBUG o.s.s.w.c.HttpSessionSecurityContextRepository - Stored SecurityContextImpl [Authentication=UsernamePasswordAuthenticationToken [Principal=engine.UserDetailsImp@509f9b71, Credentials=[PROTECTED], Authenticated=true, Details=WebAuthenticationDetails [RemoteIpAddress=127.0.0.1, SessionId=null], Granted Authorities=[]]] to HttpSession [org.apache.catalina.session.StandardSessionFacade@40e300a8]
?[0m?[0;34m12:59 DEBUG o.s.s.w.c.HttpSessionSecurityContextRepository - Stored SecurityContextImpl [Authentication=UsernamePasswordAuthenticationToken [Principal=engine.UserDetailsImp@509f9b71, Credentials=[PROTECTED], Authenticated=true, Details=WebAuthenticationDetails [RemoteIpAddress=127.0.0.1, SessionId=null], Granted Authorities=[]]] to HttpSession [org.apache.catalina.session.StandardSessionFacade@40e300a8]
?[0m?[0;34m12:59 DEBUG o.s.s.w.c.SecurityContextPersistenceFilter - Cleared SecurityContextHolder to complete request
?[1;31m
Start test 106?[0m
?[0m?[0;34m12:59 DEBUG o.s.security.web.FilterChainProxy - Securing POST /api/quizzes/5/solve
?[0m?[0;34m12:59 DEBUG o.s.s.w.c.SecurityContextPersistenceFilter - Set SecurityContextHolder to empty SecurityContext
?[0m?[0;34m
?[0m?[0;34mTHE loadUserByUsername is called with the argument: test@google.com
?[0m?[0;34m
?[0m?[0;34m12:59 DEBUG o.s.s.a.d.DaoAuthenticationProvider - Authenticated user
?[0m?[0;34m12:59 DEBUG o.s.s.w.a.w.BasicAuthenticationFilter - Set SecurityContextHolder to UsernamePasswordAuthenticationToken [Principal=engine.UserDetailsImp@467e1db4, Credentials=[PROTECTED], Authenticated=true, Details=WebAuthenticationDetails [RemoteIpAddress=127.0.0.1, SessionId=null], Granted Authorities=[]]
?[0m?[0;34m12:59 DEBUG o.s.s.w.c.HttpSessionSecurityContextRepository - Created HttpSession as SecurityContext is non-default
?[0m?[0;34m12:59 DEBUG o.s.s.w.c.HttpSessionSecurityContextRepository - Stored SecurityContextImpl [Authentication=UsernamePasswordAuthenticationToken [Principal=engine.UserDetailsImp@467e1db4, Credentials=[PROTECTED], Authenticated=true, Details=WebAuthenticationDetails [RemoteIpAddress=127.0.0.1, SessionId=null], Granted Authorities=[]]] to HttpSession [org.apache.catalina.session.StandardSessionFacade@52a4928b]
?[0m?[0;34m12:59 DEBUG o.s.s.w.u.m.RegexRequestMatcher - Checking match of request : '/api/quizzes/5/solve'; against '/api/register'
?[0m?[0;34m12:59 DEBUG o.s.s.w.u.m.RegexRequestMatcher - Checking match of request : '/api/quizzes/5/solve'; against '/actuator/shutdown'
?[0m?[0;34m12:59 DEBUG o.s.security.web.FilterChainProxy - Secured POST /api/quizzes/5/solve
?[0m?[0;34m12:59 DEBUG o.s.s.w.c.HttpSessionSecurityContextRepository - Stored SecurityContextImpl [Authentication=UsernamePasswordAuthenticationToken [Principal=engine.UserDetailsImp@467e1db4, Credentials=[PROTECTED], Authenticated=true, Details=WebAuthenticationDetails [RemoteIpAddress=127.0.0.1, SessionId=null], Granted Authorities=[]]] to HttpSession [org.apache.catalina.session.StandardSessionFacade@52a4928b]
?[0m?[0;34m12:59 DEBUG o.s.s.w.c.HttpSessionSecurityContextRepository - Stored SecurityContextImpl [Authentication=UsernamePasswordAuthenticationToken [Principal=engine.UserDetailsImp@467e1db4, Credentials=[PROTECTED], Authenticated=true, Details=WebAuthenticationDetails [RemoteIpAddress=127.0.0.1, SessionId=null], Granted Authorities=[]]] to HttpSession [org.apache.catalina.session.StandardSessionFacade@52a4928b]
?[0m?[0;34m12:59 DEBUG o.s.s.w.c.SecurityContextPersistenceFilter - Cleared SecurityContextHolder to complete request
?[1;31m
Start test 107?[0m
?[0m?[0;34m12:59 DEBUG o.s.security.web.FilterChainProxy - Securing POST /api/quizzes/5/solve
?[0m?[0;34m12:59 DEBUG o.s.s.w.c.SecurityContextPersistenceFilter - Set SecurityContextHolder to empty SecurityContext
?[0m?[0;34m
?[0m?[0;34mTHE loadUserByUsername is called with the argument: user@google.com
?[0m?[0;34m
?[0m?[0;34m12:59 DEBUG o.s.s.a.d.DaoAuthenticationProvider - Authenticated user
?[0m?[0;34m12:59 DEBUG o.s.s.w.a.w.BasicAuthenticationFilter - Set SecurityContextHolder to UsernamePasswordAuthenticationToken [Principal=engine.UserDetailsImp@3d6ab41, Credentials=[PROTECTED], Authenticated=true, Details=WebAuthenticationDetails [RemoteIpAddress=127.0.0.1, SessionId=null], Granted Authorities=[]]
?[0m?[0;34m12:59 DEBUG o.s.s.w.c.HttpSessionSecurityContextRepository - Created HttpSession as SecurityContext is non-default
?[0m?[0;34m12:59 DEBUG o.s.s.w.c.HttpSessionSecurityContextRepository - Stored SecurityContextImpl [Authentication=UsernamePasswordAuthenticationToken [Principal=engine.UserDetailsImp@3d6ab41, Credentials=[PROTECTED], Authenticated=true, Details=WebAuthenticationDetails [RemoteIpAddress=127.0.0.1, SessionId=null], Granted Authorities=[]]] to HttpSession [org.apache.catalina.session.StandardSessionFacade@7fe86897]
?[0m?[0;34m12:59 DEBUG o.s.s.w.u.m.RegexRequestMatcher - Checking match of request : '/api/quizzes/5/solve'; against '/api/register'
?[0m?[0;34m12:59 DEBUG o.s.s.w.u.m.RegexRequestMatcher - Checking match of request : '/api/quizzes/5/solve'; against '/actuator/shutdown'
?[0m?[0;34m12:59 DEBUG o.s.security.web.FilterChainProxy - Secured POST /api/quizzes/5/solve
?[0m?[0;34m12:59 DEBUG o.s.s.w.c.HttpSessionSecurityContextRepository - Stored SecurityContextImpl [Authentication=UsernamePasswordAuthenticationToken [Principal=engine.UserDetailsImp@3d6ab41, Credentials=[PROTECTED], Authenticated=true, Details=WebAuthenticationDetails [RemoteIpAddress=127.0.0.1, SessionId=null], Granted Authorities=[]]] to HttpSession [org.apache.catalina.session.StandardSessionFacade@7fe86897]
?[0m?[0;34m12:59 DEBUG o.s.s.w.c.HttpSessionSecurityContextRepository - Stored SecurityContextImpl [Authentication=UsernamePasswordAuthenticationToken [Principal=engine.UserDetailsImp@3d6ab41, Credentials=[PROTECTED], Authenticated=true, Details=WebAuthenticationDetails [RemoteIpAddress=127.0.0.1, SessionId=null], Granted Authorities=[]]] to HttpSession [org.apache.catalina.session.StandardSessionFacade@7fe86897]
?[0m?[0;34m12:59 DEBUG o.s.s.w.c.SecurityContextPersistenceFilter - Cleared SecurityContextHolder to complete request
?[1;31m
Start test 108?[0m
?[0m?[0;34m12:59 DEBUG o.s.security.web.FilterChainProxy - Securing POST /api/quizzes/5/solve
?[0m?[0;34m12:59 DEBUG o.s.s.w.c.SecurityContextPersistenceFilter - Set SecurityContextHolder to empty SecurityContext
?[0m?[0;34m
?[0m?[0;34mTHE loadUserByUsername is called with the argument: test@google.com
?[0m?[0;34m
?[0m?[0;34m12:59 DEBUG o.s.s.a.d.DaoAuthenticationProvider - Authenticated user
?[0m?[0;34m12:59 DEBUG o.s.s.w.a.w.BasicAuthenticationFilter - Set SecurityContextHolder to UsernamePasswordAuthenticationToken [Principal=engine.UserDetailsImp@55c8f578, Credentials=[PROTECTED], Authenticated=true, Details=WebAuthenticationDetails [RemoteIpAddress=127.0.0.1, SessionId=null], Granted Authorities=[]]
?[0m?[0;34m12:59 DEBUG o.s.s.w.c.HttpSessionSecurityContextRepository - Created HttpSession as SecurityContext is non-default
?[0m?[0;34m12:59 DEBUG o.s.s.w.c.HttpSessionSecurityContextRepository - Stored SecurityContextImpl [Authentication=UsernamePasswordAuthenticationToken [Principal=engine.UserDetailsImp@55c8f578, Credentials=[PROTECTED], Authenticated=true, Details=WebAuthenticationDetails [RemoteIpAddress=127.0.0.1, SessionId=null], Granted Authorities=[]]] to HttpSession [org.apache.catalina.session.StandardSessionFacade@3b6aa1c2]
?[0m?[0;34m12:59 DEBUG o.s.s.w.u.m.RegexRequestMatcher - Checking match of request : '/api/quizzes/5/solve'; against '/api/register'
?[0m?[0;34m12:59 DEBUG o.s.s.w.u.m.RegexRequestMatcher - Checking match of request : '/api/quizzes/5/solve'; against '/actuator/shutdown'
?[0m?[0;34m12:59 DEBUG o.s.security.web.FilterChainProxy - Secured POST /api/quizzes/5/solve
?[0m?[0;34m12:59 DEBUG o.s.s.w.c.HttpSessionSecurityContextRepository - Stored SecurityContextImpl [Authentication=UsernamePasswordAuthenticationToken [Principal=engine.UserDetailsImp@55c8f578, Credentials=[PROTECTED], Authenticated=true, Details=WebAuthenticationDetails [RemoteIpAddress=127.0.0.1, SessionId=null], Granted Authorities=[]]] to HttpSession [org.apache.catalina.session.StandardSessionFacade@3b6aa1c2]
?[0m?[0;34m12:59 DEBUG o.s.s.w.c.HttpSessionSecurityContextRepository - Stored SecurityContextImpl [Authentication=UsernamePasswordAuthenticationToken [Principal=engine.UserDetailsImp@55c8f578, Credentials=[PROTECTED], Authenticated=true, Details=WebAuthenticationDetails [RemoteIpAddress=127.0.0.1, SessionId=null], Granted Authorities=[]]] to HttpSession [org.apache.catalina.session.StandardSessionFacade@3b6aa1c2]
?[0m?[0;34m12:59 DEBUG o.s.s.w.c.SecurityContextPersistenceFilter - Cleared SecurityContextHolder to complete request
?[1;31m
Start test 109?[0m
?[0m?[0;34m12:59 DEBUG o.s.security.web.FilterChainProxy - Securing POST /api/quizzes/5/solve
?[0m?[0;34m12:59 DEBUG o.s.s.w.c.SecurityContextPersistenceFilter - Set SecurityContextHolder to empty SecurityContext
?[0m?[0;34m
?[0m?[0;34mTHE loadUserByUsername is called with the argument: user@google.com
?[0m?[0;34m
?[0m?[0;34m12:59 DEBUG o.s.s.a.d.DaoAuthenticationProvider - Authenticated user
?[0m?[0;34m12:59 DEBUG o.s.s.w.a.w.BasicAuthenticationFilter - Set SecurityContextHolder to UsernamePasswordAuthenticationToken [Principal=engine.UserDetailsImp@283f1e5b, Credentials=[PROTECTED], Authenticated=true, Details=WebAuthenticationDetails [RemoteIpAddress=127.0.0.1, SessionId=null], Granted Authorities=[]]
?[0m?[0;34m12:59 DEBUG o.s.s.w.c.HttpSessionSecurityContextRepository - Created HttpSession as SecurityContext is non-default
?[0m?[0;34m12:59 DEBUG o.s.s.w.c.HttpSessionSecurityContextRepository - Stored SecurityContextImpl [Authentication=UsernamePasswordAuthenticationToken [Principal=engine.UserDetailsImp@283f1e5b, Credentials=[PROTECTED], Authenticated=true, Details=WebAuthenticationDetails [RemoteIpAddress=127.0.0.1, SessionId=null], Granted Authorities=[]]] to HttpSession [org.apache.catalina.session.StandardSessionFacade@27e22b4f]
?[0m?[0;34m12:59 DEBUG o.s.s.w.u.m.RegexRequestMatcher - Checking match of request : '/api/quizzes/5/solve'; against '/api/register'
?[0m?[0;34m12:59 DEBUG o.s.s.w.u.m.RegexRequestMatcher - Checking match of request : '/api/quizzes/5/solve'; against '/actuator/shutdown'
?[0m?[0;34m12:59 DEBUG o.s.security.web.FilterChainProxy - Secured POST /api/quizzes/5/solve
?[0m?[0;34m12:59 DEBUG o.s.s.w.c.HttpSessionSecurityContextRepository - Stored SecurityContextImpl [Authentication=UsernamePasswordAuthenticationToken [Principal=engine.UserDetailsImp@283f1e5b, Credentials=[PROTECTED], Authenticated=true, Details=WebAuthenticationDetails [RemoteIpAddress=127.0.0.1, SessionId=null], Granted Authorities=[]]] to HttpSession [org.apache.catalina.session.StandardSessionFacade@27e22b4f]
?[0m?[0;34m12:59 DEBUG o.s.s.w.c.HttpSessionSecurityContextRepository - Stored SecurityContextImpl [Authentication=UsernamePasswordAuthenticationToken [Principal=engine.UserDetailsImp@283f1e5b, Credentials=[PROTECTED], Authenticated=true, Details=WebAuthenticationDetails [RemoteIpAddress=127.0.0.1, SessionId=null], Granted Authorities=[]]] to HttpSession [org.apache.catalina.session.StandardSessionFacade@27e22b4f]
?[0m?[0;34m12:59 DEBUG o.s.s.w.c.SecurityContextPersistenceFilter - Cleared SecurityContextHolder to complete request
?[1;31m
Start test 110?[0m
?[0m?[0;34m12:59 DEBUG o.s.security.web.FilterChainProxy - Securing POST /api/quizzes
?[0m?[0;34m12:59 DEBUG o.s.s.w.c.SecurityContextPersistenceFilter - Set SecurityContextHolder to empty SecurityContext
?[0m?[0;34m
?[0m?[0;34mTHE loadUserByUsername is called with the argument: test@google.com
?[0m?[0;34m
?[0m?[0;34m12:59 DEBUG o.s.s.a.d.DaoAuthenticationProvider - Authenticated user
?[0m?[0;34m12:59 DEBUG o.s.s.w.a.w.BasicAuthenticationFilter - Set SecurityContextHolder to UsernamePasswordAuthenticationToken [Principal=engine.UserDetailsImp@51334ee5, Credentials=[PROTECTED], Authenticated=true, Details=WebAuthenticationDetails [RemoteIpAddress=127.0.0.1, SessionId=null], Granted Authorities=[]]
?[0m?[0;34m12:59 DEBUG o.s.s.w.c.HttpSessionSecurityContextRepository - Created HttpSession as SecurityContext is non-default
?[0m?[0;34m12:59 DEBUG o.s.s.w.c.HttpSessionSecurityContextRepository - Stored SecurityContextImpl [Authentication=UsernamePasswordAuthenticationToken [Principal=engine.UserDetailsImp@51334ee5, Credentials=[PROTECTED], Authenticated=true, Details=WebAuthenticationDetails [RemoteIpAddress=127.0.0.1, SessionId=null], Granted Authorities=[]]] to HttpSession [org.apache.catalina.session.StandardSessionFacade@7462cd6c]
?[0m?[0;34m12:59 DEBUG o.s.s.w.u.m.RegexRequestMatcher - Checking match of request : '/api/quizzes'; against '/api/register'
?[0m?[0;34m12:59 DEBUG o.s.s.w.u.m.RegexRequestMatcher - Checking match of request : '/api/quizzes'; against '/actuator/shutdown'
?[0m?[0;34m12:59 DEBUG o.s.security.web.FilterChainProxy - Secured POST /api/quizzes
?[0m?[0;34m12:59 DEBUG o.s.s.w.c.HttpSessionSecurityContextRepository - Stored SecurityContextImpl [Authentication=UsernamePasswordAuthenticationToken [Principal=engine.UserDetailsImp@51334ee5, Credentials=[PROTECTED], Authenticated=true, Details=WebAuthenticationDetails [RemoteIpAddress=127.0.0.1, SessionId=null], Granted Authorities=[]]] to HttpSession [org.apache.catalina.session.StandardSessionFacade@7462cd6c]
?[0m?[0;34m12:59 DEBUG o.s.s.w.c.HttpSessionSecurityContextRepository - Stored SecurityContextImpl [Authentication=UsernamePasswordAuthenticationToken [Principal=engine.UserDetailsImp@51334ee5, Credentials=[PROTECTED], Authenticated=true, Details=WebAuthenticationDetails [RemoteIpAddress=127.0.0.1, SessionId=null], Granted Authorities=[]]] to HttpSession [org.apache.catalina.session.StandardSessionFacade@7462cd6c]
?[0m?[0;34m12:59 DEBUG o.s.s.w.c.SecurityContextPersistenceFilter - Cleared SecurityContextHolder to complete request
?[1;31m
Start test 111?[0m
?[0m?[0;34m12:59 DEBUG o.s.security.web.FilterChainProxy - Securing GET /api/quizzes/6
?[0m?[0;34m12:59 DEBUG o.s.s.w.c.SecurityContextPersistenceFilter - Set SecurityContextHolder to empty SecurityContext
?[0m?[0;34m
?[0m?[0;34mTHE loadUserByUsername is called with the argument: test@google.com
?[0m?[0;34m
?[0m?[0;34m12:59 DEBUG o.s.s.a.d.DaoAuthenticationProvider - Authenticated user
?[0m?[0;34m12:59 DEBUG o.s.s.w.a.w.BasicAuthenticationFilter - Set SecurityContextHolder to UsernamePasswordAuthenticationToken [Principal=engine.UserDetailsImp@5197cc71, Credentials=[PROTECTED], Authenticated=true, Details=WebAuthenticationDetails [RemoteIpAddress=127.0.0.1, SessionId=null], Granted Authorities=[]]
?[0m?[0;34m12:59 DEBUG o.s.s.w.c.HttpSessionSecurityContextRepository - Created HttpSession as SecurityContext is non-default
?[0m?[0;34m12:59 DEBUG o.s.s.w.c.HttpSessionSecurityContextRepository - Stored SecurityContextImpl [Authentication=UsernamePasswordAuthenticationToken [Principal=engine.UserDetailsImp@5197cc71, Credentials=[PROTECTED], Authenticated=true, Details=WebAuthenticationDetails [RemoteIpAddress=127.0.0.1, SessionId=null], Granted Authorities=[]]] to HttpSession [org.apache.catalina.session.StandardSessionFacade@2022093]
?[0m?[0;34m12:59 DEBUG o.s.security.web.FilterChainProxy - Secured GET /api/quizzes/6
?[0m?[0;34m12:59 DEBUG o.s.s.w.c.HttpSessionSecurityContextRepository - Stored SecurityContextImpl [Authentication=UsernamePasswordAuthenticationToken [Principal=engine.UserDetailsImp@5197cc71, Credentials=[PROTECTED], Authenticated=true, Details=WebAuthenticationDetails [RemoteIpAddress=127.0.0.1, SessionId=null], Granted Authorities=[]]] to HttpSession [org.apache.catalina.session.StandardSessionFacade@2022093]
?[0m?[0;34m12:59 DEBUG o.s.s.w.c.HttpSessionSecurityContextRepository - Stored SecurityContextImpl [Authentication=UsernamePasswordAuthenticationToken [Principal=engine.UserDetailsImp@5197cc71, Credentials=[PROTECTED], Authenticated=true, Details=WebAuthenticationDetails [RemoteIpAddress=127.0.0.1, SessionId=null], Granted Authorities=[]]] to HttpSession [org.apache.catalina.session.StandardSessionFacade@2022093]
?[0m?[0;34m12:59 DEBUG o.s.s.w.c.SecurityContextPersistenceFilter - Cleared SecurityContextHolder to complete request
?[1;31m
Start test 112?[0m
?[0m?[0;34m12:59 DEBUG o.s.security.web.FilterChainProxy - Securing GET /api/quizzes/131
?[0m?[0;34m12:59 DEBUG o.s.s.w.c.SecurityContextPersistenceFilter - Set SecurityContextHolder to empty SecurityContext
?[0m?[0;34m
?[0m?[0;34mTHE loadUserByUsername is called with the argument: test@google.com
?[0m?[0;34m
?[0m?[0;34m12:59 DEBUG o.s.s.a.d.DaoAuthenticationProvider - Authenticated user
?[0m?[0;34m12:59 DEBUG o.s.s.w.a.w.BasicAuthenticationFilter - Set SecurityContextHolder to UsernamePasswordAuthenticationToken [Principal=engine.UserDetailsImp@184d37ad, Credentials=[PROTECTED], Authenticated=true, Details=WebAuthenticationDetails [RemoteIpAddress=127.0.0.1, SessionId=null], Granted Authorities=[]]
?[0m?[0;34m12:59 DEBUG o.s.s.w.c.HttpSessionSecurityContextRepository - Created HttpSession as SecurityContext is non-default
?[0m?[0;34m12:59 DEBUG o.s.s.w.c.HttpSessionSecurityContextRepository - Stored SecurityContextImpl [Authentication=UsernamePasswordAuthenticationToken [Principal=engine.UserDetailsImp@184d37ad, Credentials=[PROTECTED], Authenticated=true, Details=WebAuthenticationDetails [RemoteIpAddress=127.0.0.1, SessionId=null], Granted Authorities=[]]] to HttpSession [org.apache.catalina.session.StandardSessionFacade@4068f180]
?[0m?[0;34m12:59 DEBUG o.s.security.web.FilterChainProxy - Secured GET /api/quizzes/131
?[0m?[0;34m12:59 WARN  o.s.w.s.m.m.a.ExceptionHandlerExceptionResolver - Failure in @ExceptionHandler engine.Exceptionist#handleBadRequestExceptions(RuntimeException, WebRequest)
?[0m?[0;34morg.springframework.web.HttpMediaTypeNotAcceptableException: Could not find acceptable representation
?[0m?[0;34m	at org.springframework.web.servlet.mvc.method.annotation.AbstractMessageConverterMethodProcessor.writeWithMessageConverters(AbstractMessageConverterMethodProcessor.java:315)
?[0m?[0;34m	at org.springframework.web.servlet.mvc.method.annotation.HttpEntityMethodProcessor.handleReturnValue(HttpEntityMethodProcessor.java:219)
?[0m?[0;34m	at org.springframework.web.method.support.HandlerMethodReturnValueHandlerComposite.handleReturnValue(HandlerMethodReturnValueHandlerComposite.java:78)
?[0m?[0;34m	at org.springframework.web.servlet.mvc.method.annotation.ServletInvocableHandlerMethod.invokeAndHandle(ServletInvocableHandlerMethod.java:135)
?[0m?[0;34m	at org.springframework.web.servlet.mvc.method.annotation.ExceptionHandlerExceptionResolver.doResolveHandlerMethodException(ExceptionHandlerExceptionResolver.java:428)
?[0m?[0;34m	at org.springframework.web.servlet.handler.AbstractHandlerMethodExceptionResolver.doResolveException(AbstractHandlerMethodExceptionResolver.java:75)
?[0m?[0;34m	at org.springframework.web.servlet.handler.AbstractHandlerExceptionResolver.resolveException(AbstractHandlerExceptionResolver.java:142)
?[0m?[0;34m	at org.springframework.web.servlet.handler.HandlerExceptionResolverComposite.resolveException(HandlerExceptionResolverComposite.java:80)
?[0m?[0;34m	at org.springframework.web.servlet.DispatcherServlet.processHandlerException(DispatcherServlet.java:1327)
?[0m?[0;34m	at org.springframework.web.servlet.DispatcherServlet.processDispatchResult(DispatcherServlet.java:1138)
?[0m?[0;34m	at org.springframework.web.servlet.DispatcherServlet.doDispatch(DispatcherServlet.java:1084)
?[0m?[0;34m	at org.springframework.web.servlet.DispatcherServlet.doService(DispatcherServlet.java:963)
?[0m?[0;34m	at org.springframework.web.servlet.FrameworkServlet.processRequest(FrameworkServlet.java:1006)
?[0m?[0;34m	at org.springframework.web.servlet.FrameworkServlet.doGet(FrameworkServlet.java:898)
?[0m?[0;34m	at javax.servlet.http.HttpServlet.service(HttpServlet.java:655)
?[0m?[0;34m	at org.springframework.web.servlet.FrameworkServlet.service(FrameworkServlet.java:883)
?[0m?[0;34m	at javax.servlet.http.HttpServlet.service(HttpServlet.java:764)
?[0m?[0;34m	at jdk.internal.reflect.GeneratedMethodAccessor64.invoke(Unknown Source)
?[0m?[0;34m	at java.base/jdk.internal.reflect.DelegatingMethodAccessorImpl.invoke(DelegatingMethodAccessorImpl.java:43)
?[0m?[0;34m	at java.base/java.lang.reflect.Method.invoke(Method.java:568)
?[0m?[0;34m	at org.apache.catalina.security.SecurityUtil.lambda$execute$0(SecurityUtil.java:280)
?[0m?[0;34m	at java.base/java.security.AccessController.doPrivileged(AccessController.java:712)
?[0m?[0;34m	at java.base/javax.security.auth.Subject.doAsPrivileged(Subject.java:584)
?[0m?[0;34m	at org.apache.catalina.security.SecurityUtil.execute(SecurityUtil.java:311)
?[0m?[0;34m	at org.apache.catalina.security.SecurityUtil.doAsPrivilege(SecurityUtil.java:170)
?[0m?[0;34m	at org.apache.catalina.core.ApplicationFilterChain.internalDoFilter(ApplicationFilterChain.java:221)
?[0m?[0;34m	at org.apache.catalina.core.ApplicationFilterChain.lambda$doFilter$0(ApplicationFilterChain.java:145)
?[0m?[0;34m	at java.base/java.security.AccessController.doPrivileged(AccessController.java:569)
?[0m?[0;34m	at org.apache.catalina.core.ApplicationFilterChain.doFilter(ApplicationFilterChain.java:143)
?[0m?[0;34m	at org.apache.tomcat.websocket.server.WsFilter.doFilter(WsFilter.java:53)
?[0m?[0;34m	at jdk.internal.reflect.GeneratedMethodAccessor54.invoke(Unknown Source)
?[0m?[0;34m	at java.base/jdk.internal.reflect.DelegatingMethodAccessorImpl.invoke(DelegatingMethodAccessorImpl.java:43)
?[0m?[0;34m	at java.base/java.lang.reflect.Method.invoke(Method.java:568)
?[0m?[0;34m	at org.apache.catalina.security.SecurityUtil.lambda$execute$0(SecurityUtil.java:280)
?[0m?[0;34m	at java.base/java.security.AccessController.doPrivileged(AccessController.java:712)
?[0m?[0;34m	at java.base/javax.security.auth.Subject.doAsPrivileged(Subject.java:584)
?[0m?[0;34m	at org.apache.catalina.security.SecurityUtil.execute(SecurityUtil.java:311)
?[0m?[0;34m	at org.apache.catalina.security.SecurityUtil.doAsPrivilege(SecurityUtil.java:253)
?[0m?[0;34m	at org.apache.catalina.core.ApplicationFilterChain.internalDoFilter(ApplicationFilterChain.java:187)
?[0m?[0;34m	at org.apache.catalina.core.ApplicationFilterChain.lambda$doFilter$0(ApplicationFilterChain.java:145)
?[0m?[0;34m	at java.base/java.security.AccessController.doPrivileged(AccessController.java:569)
?[0m?[0;34m	at org.apache.catalina.core.ApplicationFilterChain.doFilter(ApplicationFilterChain.java:143)
?[0m?[0;34m	at org.springframework.security.web.FilterChainProxy$VirtualFilterChain.doFilter(FilterChainProxy.java:327)
?[0m?[0;34m	at org.springframework.security.web.access.intercept.AuthorizationFilter.doFilterInternal(AuthorizationFilter.java:58)
?[0m?[0;34m	at org.springframework.web.filter.OncePerRequestFilter.doFilter(OncePerRequestFilter.java:119)
?[0m?[0;34m	at org.springframework.security.web.FilterChainProxy$VirtualFilterChain.doFilter(FilterChainProxy.java:336)
?[0m?[0;34m	at org.springframework.security.web.access.ExceptionTranslationFilter.doFilter(ExceptionTranslationFilter.java:121)
?[0m?[0;34m	at org.springframework.security.web.access.ExceptionTranslationFilter.doFilter(ExceptionTranslationFilter.java:115)
?[0m?[0;34m	at org.springframework.security.web.FilterChainProxy$VirtualFilterChain.doFilter(FilterChainProxy.java:336)
?[0m?[0;34m	at org.springframework.security.web.session.SessionManagementFilter.doFilter(SessionManagementFilter.java:126)
?[0m?[0;34m	at org.springframework.security.web.session.SessionManagementFilter.doFilter(SessionManagementFilter.java:81)
?[0m?[0;34m	at org.springframework.security.web.FilterChainProxy$VirtualFilterChain.doFilter(FilterChainProxy.java:336)
?[0m?[0;34m	at org.springframework.security.web.authentication.AnonymousAuthenticationFilter.doFilter(AnonymousAuthenticationFilter.java:105)
?[0m?[0;34m	at org.springframework.security.web.FilterChainProxy$VirtualFilterChain.doFilter(FilterChainProxy.java:336)
?[0m?[0;34m	at org.springframework.security.web.servletapi.SecurityContextHolderAwareRequestFilter.doFilter(SecurityContextHolderAwareRequestFilter.java:149)
?[0m?[0;34m	at org.springframework.security.web.FilterChainProxy$VirtualFilterChain.doFilter(FilterChainProxy.java:336)
?[0m?[0;34m	at org.springframework.security.web.savedrequest.RequestCacheAwareFilter.doFilter(RequestCacheAwareFilter.java:63)
?[0m?[0;34m	at org.springframework.security.web.FilterChainProxy$VirtualFilterChain.doFilter(FilterChainProxy.java:336)
?[0m?[0;34m	at org.springframework.security.web.authentication.www.BasicAuthenticationFilter.doFilterInternal(BasicAuthenticationFilter.java:178)
?[0m?[0;34m	at org.springframework.web.filter.OncePerRequestFilter.doFilter(OncePerRequestFilter.java:119)
?[0m?[0;34m	at org.springframework.security.web.FilterChainProxy$VirtualFilterChain.doFilter(FilterChainProxy.java:336)
?[0m?[0;34m	at org.springframework.security.web.authentication.logout.LogoutFilter.doFilter(LogoutFilter.java:103)
?[0m?[0;34m	at org.springframework.security.web.authentication.logout.LogoutFilter.doFilter(LogoutFilter.java:89)
?[0m?[0;34m	at org.springframework.security.web.FilterChainProxy$VirtualFilterChain.doFilter(FilterChainProxy.java:336)
?[0m?[0;34m	at org.springframework.security.web.header.HeaderWriterFilter.doHeadersAfter(HeaderWriterFilter.java:90)
?[0m?[0;34m	at org.springframework.security.web.header.HeaderWriterFilter.doFilterInternal(HeaderWriterFilter.java:75)
?[0m?[0;34m	at org.springframework.web.filter.OncePerRequestFilter.doFilter(OncePerRequestFilter.java:119)
?[0m?[0;34m	at org.springframework.security.web.FilterChainProxy$VirtualFilterChain.doFilter(FilterChainProxy.java:336)
?[0m?[0;34m	at org.springframework.security.web.context.SecurityContextPersistenceFilter.doFilter(SecurityContextPersistenceFilter.java:110)
?[0m?[0;34m	at org.springframework.security.web.context.SecurityContextPersistenceFilter.doFilter(SecurityContextPersistenceFilter.java:80)
?[0m?[0;34m	at org.springframework.security.web.FilterChainProxy$VirtualFilterChain.doFilter(FilterChainProxy.java:336)
?[0m?[0;34m	at org.springframework.security.web.context.request.async.WebAsyncManagerIntegrationFilter.doFilterInternal(WebAsyncManagerIntegrationFilter.java:55)
?[0m?[0;34m	at org.springframework.web.filter.OncePerRequestFilter.doFilter(OncePerRequestFilter.java:119)
?[0m?[0;34m	at org.springframework.security.web.FilterChainProxy$VirtualFilterChain.doFilter(FilterChainProxy.java:336)
?[0m?[0;34m	at org.springframework.security.web.FilterChainProxy.doFilterInternal(FilterChainProxy.java:211)
?[0m?[0;34m	at org.springframework.security.web.FilterChainProxy.doFilter(FilterChainProxy.java:183)
?[0m?[0;34m	at org.springframework.web.filter.DelegatingFilterProxy.invokeDelegate(DelegatingFilterProxy.java:358)
?[0m?[0;34m	at org.springframework.web.filter.DelegatingFilterProxy.doFilter(DelegatingFilterProxy.java:271)
?[0m?[0;34m	at jdk.internal.reflect.GeneratedMethodAccessor54.invoke(Unknown Source)
?[0m?[0;34m	at java.base/jdk.internal.reflect.DelegatingMethodAccessorImpl.invoke(DelegatingMethodAccessorImpl.java:43)
?[0m?[0;34m	at java.base/java.lang.reflect.Method.invoke(Method.java:568)
?[0m?[0;34m	at org.apache.catalina.security.SecurityUtil.lambda$execute$0(SecurityUtil.java:280)
?[0m?[0;34m	at java.base/java.security.AccessController.doPrivileged(AccessController.java:712)
?[0m?[0;34m	at java.base/javax.security.auth.Subject.doAsPrivileged(Subject.java:584)
?[0m?[0;34m	at org.apache.catalina.security.SecurityUtil.execute(SecurityUtil.java:311)
?[0m?[0;34m	at org.apache.catalina.security.SecurityUtil.doAsPrivilege(SecurityUtil.java:253)
?[0m?[0;34m	at org.apache.catalina.core.ApplicationFilterChain.internalDoFilter(ApplicationFilterChain.java:187)
?[0m?[0;34m	at org.apache.catalina.core.ApplicationFilterChain.lambda$doFilter$0(ApplicationFilterChain.java:145)
?[0m?[0;34m	at java.base/java.security.AccessController.doPrivileged(AccessController.java:569)
?[0m?[0;34m	at org.apache.catalina.core.ApplicationFilterChain.doFilter(ApplicationFilterChain.java:143)
?[0m?[0;34m	at org.springframework.web.filter.RequestContextFilter.doFilterInternal(RequestContextFilter.java:100)
?[0m?[0;34m	at org.springframework.web.filter.OncePerRequestFilter.doFilter(OncePerRequestFilter.java:119)
?[0m?[0;34m	at jdk.internal.reflect.GeneratedMethodAccessor54.invoke(Unknown Source)
?[0m?[0;34m	at java.base/jdk.internal.reflect.DelegatingMethodAccessorImpl.invoke(DelegatingMethodAccessorImpl.java:43)
?[0m?[0;34m	at java.base/java.lang.reflect.Method.invoke(Method.java:568)
?[0m?[0;34m	at org.apache.catalina.security.SecurityUtil.lambda$execute$0(SecurityUtil.java:280)
?[0m?[0;34m	at java.base/java.security.AccessController.doPrivileged(AccessController.java:712)
?[0m?[0;34m	at java.base/javax.security.auth.Subject.doAsPrivileged(Subject.java:584)
?[0m?[0;34m	at org.apache.catalina.security.SecurityUtil.execute(SecurityUtil.java:311)
?[0m?[0;34m	at org.apache.catalina.security.SecurityUtil.doAsPrivilege(SecurityUtil.java:253)
?[0m?[0;34m	at org.apache.catalina.core.ApplicationFilterChain.internalDoFilter(ApplicationFilterChain.java:187)
?[0m?[0;34m	at org.apache.catalina.core.ApplicationFilterChain.lambda$doFilter$0(ApplicationFilterChain.java:145)
?[0m?[0;34m	at java.base/java.security.AccessController.doPrivileged(AccessController.java:569)
?[0m?[0;34m	at org.apache.catalina.core.ApplicationFilterChain.doFilter(ApplicationFilterChain.java:143)
?[0m?[0;34m	at org.springframework.web.filter.FormContentFilter.doFilterInternal(FormContentFilter.java:93)
?[0m?[0;34m	at org.springframework.web.filter.OncePerRequestFilter.doFilter(OncePerRequestFilter.java:119)
?[0m?[0;34m	at jdk.internal.reflect.GeneratedMethodAccessor54.invoke(Unknown Source)
?[0m?[0;34m	at java.base/jdk.internal.reflect.DelegatingMethodAccessorImpl.invoke(DelegatingMethodAccessorImpl.java:43)
?[0m?[0;34m	at java.base/java.lang.reflect.Method.invoke(Method.java:568)
?[0m?[0;34m	at org.apache.catalina.security.SecurityUtil.lambda$execute$0(SecurityUtil.java:280)
?[0m?[0;34m	at java.base/java.security.AccessController.doPrivileged(AccessController.java:712)
?[0m?[0;34m	at java.base/javax.security.auth.Subject.doAsPrivileged(Subject.java:584)
?[0m?[0;34m	at org.apache.catalina.security.SecurityUtil.execute(SecurityUtil.java:311)
?[0m?[0;34m	at org.apache.catalina.security.SecurityUtil.doAsPrivilege(SecurityUtil.java:253)
?[0m?[0;34m	at org.apache.catalina.core.ApplicationFilterChain.internalDoFilter(ApplicationFilterChain.java:187)
?[0m?[0;34m	at org.apache.catalina.core.ApplicationFilterChain.lambda$doFilter$0(ApplicationFilterChain.java:145)
?[0m?[0;34m	at java.base/java.security.AccessController.doPrivileged(AccessController.java:569)
?[0m?[0;34m	at org.apache.catalina.core.ApplicationFilterChain.doFilter(ApplicationFilterChain.java:143)
?[0m?[0;34m	at org.springframework.boot.actuate.metrics.web.servlet.WebMvcMetricsFilter.doFilterInternal(WebMvcMetricsFilter.java:96)
?[0m?[0;34m	at org.springframework.web.filter.OncePerRequestFilter.doFilter(OncePerRequestFilter.java:119)
?[0m?[0;34m	at jdk.internal.reflect.GeneratedMethodAccessor54.invoke(Unknown Source)
?[0m?[0;34m	at java.base/jdk.internal.reflect.DelegatingMethodAccessorImpl.invoke(DelegatingMethodAccessorImpl.java:43)
?[0m?[0;34m	at java.base/java.lang.reflect.Method.invoke(Method.java:568)
?[0m?[0;34m	at org.apache.catalina.security.SecurityUtil.lambda$execute$0(SecurityUtil.java:280)
?[0m?[0;34m	at java.base/java.security.AccessController.doPrivileged(AccessController.java:712)
?[0m?[0;34m	at java.base/javax.security.auth.Subject.doAsPrivileged(Subject.java:584)
?[0m?[0;34m	at org.apache.catalina.security.SecurityUtil.execute(SecurityUtil.java:311)
?[0m?[0;34m	at org.apache.catalina.security.SecurityUtil.doAsPrivilege(SecurityUtil.java:253)
?[0m?[0;34m	at org.apache.catalina.core.ApplicationFilterChain.internalDoFilter(ApplicationFilterChain.java:187)
?[0m?[0;34m	at org.apache.catalina.core.ApplicationFilterChain.lambda$doFilter$0(ApplicationFilterChain.java:145)
?[0m?[0;34m	at java.base/java.security.AccessController.doPrivileged(AccessController.java:569)
?[0m?[0;34m	at org.apache.catalina.core.ApplicationFilterChain.doFilter(ApplicationFilterChain.java:143)
?[0m?[0;34m	at org.springframework.web.filter.CharacterEncodingFilter.doFilterInternal(CharacterEncodingFilter.java:201)
?[0m?[0;34m	at org.springframework.web.filter.OncePerRequestFilter.doFilter(OncePerRequestFilter.java:119)
?[0m?[0;34m	at jdk.internal.reflect.GeneratedMethodAccessor54.invoke(Unknown Source)
?[0m?[0;34m	at java.base/jdk.internal.reflect.DelegatingMethodAccessorImpl.invoke(DelegatingMethodAccessorImpl.java:43)
?[0m?[0;34m	at java.base/java.lang.reflect.Method.invoke(Method.java:568)
?[0m?[0;34m	at org.apache.catalina.security.SecurityUtil.lambda$execute$0(SecurityUtil.java:280)
?[0m?[0;34m	at java.base/java.security.AccessController.doPrivileged(AccessController.java:712)
?[0m?[0;34m	at java.base/javax.security.auth.Subject.doAsPrivileged(Subject.java:584)
?[0m?[0;34m	at org.apache.catalina.security.SecurityUtil.execute(SecurityUtil.java:311)
?[0m?[0;34m	at org.apache.catalina.security.SecurityUtil.doAsPrivilege(SecurityUtil.java:253)
?[0m?[0;34m	at org.apache.catalina.core.ApplicationFilterChain.internalDoFilter(ApplicationFilterChain.java:187)
?[0m?[0;34m	at org.apache.catalina.core.ApplicationFilterChain.lambda$doFilter$0(ApplicationFilterChain.java:145)
?[0m?[0;34m	at java.base/java.security.AccessController.doPrivileged(AccessController.java:569)
?[0m?[0;34m	at org.apache.catalina.core.ApplicationFilterChain.doFilter(ApplicationFilterChain.java:143)
?[0m?[0;34m	at org.apache.catalina.core.StandardWrapperValve.invoke(StandardWrapperValve.java:197)
?[0m?[0;34m	at org.apache.catalina.core.StandardContextValve.invoke(StandardContextValve.java:97)
?[0m?[0;34m	at org.apache.catalina.authenticator.AuthenticatorBase.invoke(AuthenticatorBase.java:540)
?[0m?[0;34m	at org.apache.catalina.core.StandardHostValve.invoke(StandardHostValve.java:135)
?[0m?[0;34m	at org.apache.catalina.valves.ErrorReportValve.invoke(ErrorReportValve.java:92)
?[0m?[0;34m	at org.apache.catalina.core.StandardEngineValve.invoke(StandardEngineValve.java:78)
?[0m?[0;34m	at org.apache.catalina.connector.CoyoteAdapter.service(CoyoteAdapter.java:357)
?[0m?[0;34m	at org.apache.coyote.http11.Http11Processor.service(Http11Processor.java:382)
?[0m?[0;34m	at org.apache.coyote.AbstractProcessorLight.process(AbstractProcessorLight.java:65)
?[0m?[0;34m	at org.apache.coyote.AbstractProtocol$ConnectionHandler.process(AbstractProtocol.java:895)
?[0m?[0;34m	at org.apache.tomcat.util.net.NioEndpoint$SocketProcessor.doRun(NioEndpoint.java:1722)
?[0m?[0;34m	at org.apache.tomcat.util.net.SocketProcessorBase.run(SocketProcessorBase.java:49)
?[0m?[0;34m	at org.apache.tomcat.util.threads.ThreadPoolExecutor.runWorker(ThreadPoolExecutor.java:1191)
?[0m?[0;34m	at org.apache.tomcat.util.threads.ThreadPoolExecutor$Worker.run(ThreadPoolExecutor.java:659)
?[0m?[0;34m	at org.apache.tomcat.util.threads.TaskThread$WrappingRunnable.run(TaskThread.java:61)
?[0m?[0;34m	at java.base/java.lang.Thread.run(Thread.java:842)
?[0m?[0;34m12:59 DEBUG o.s.s.w.c.HttpSessionSecurityContextRepository - Stored SecurityContextImpl [Authentication=UsernamePasswordAuthenticationToken [Principal=engine.UserDetailsImp@184d37ad, Credentials=[PROTECTED], Authenticated=true, Details=WebAuthenticationDetails [RemoteIpAddress=127.0.0.1, SessionId=null], Granted Authorities=[]]] to HttpSession [org.apache.catalina.session.StandardSessionFacade@4068f180]
?[0m?[0;34m12:59 DEBUG o.s.s.w.c.HttpSessionSecurityContextRepository - Stored SecurityContextImpl [Authentication=UsernamePasswordAuthenticationToken [Principal=engine.UserDetailsImp@184d37ad, Credentials=[PROTECTED], Authenticated=true, Details=WebAuthenticationDetails [RemoteIpAddress=127.0.0.1, SessionId=null], Granted Authorities=[]]] to HttpSession [org.apache.catalina.session.StandardSessionFacade@4068f180]
?[0m?[0;34m12:59 DEBUG o.s.s.w.c.SecurityContextPersistenceFilter - Cleared SecurityContextHolder to complete request
?[0m?[0;34m12:59 DEBUG o.s.security.web.FilterChainProxy - Securing GET /error
?[0m?[0;34m12:59 DEBUG o.s.s.w.c.HttpSessionSecurityContextRepository - Retrieved SecurityContextImpl [Authentication=UsernamePasswordAuthenticationToken [Principal=engine.UserDetailsImp@184d37ad, Credentials=[PROTECTED], Authenticated=true, Details=WebAuthenticationDetails [RemoteIpAddress=127.0.0.1, SessionId=null], Granted Authorities=[]]]
?[0m?[0;34m12:59 DEBUG o.s.s.w.c.SecurityContextPersistenceFilter - Set SecurityContextHolder to SecurityContextImpl [Authentication=UsernamePasswordAuthenticationToken [Principal=engine.UserDetailsImp@184d37ad, Credentials=[PROTECTED], Authenticated=true, Details=WebAuthenticationDetails [RemoteIpAddress=127.0.0.1, SessionId=null], Granted Authorities=[]]]
?[0m?[0;34m12:59 DEBUG o.s.security.web.FilterChainProxy - Secured GET /error
?[0m?[0;34m12:59 DEBUG o.s.s.w.c.SecurityContextPersistenceFilter - Cleared SecurityContextHolder to complete request
?[1;31m
Start test 113?[0m
?[0m?[0;34m12:59 DEBUG o.s.security.web.FilterChainProxy - Securing POST /api/quizzes/6/solve
?[0m?[0;34m12:59 DEBUG o.s.s.w.c.SecurityContextPersistenceFilter - Set SecurityContextHolder to empty SecurityContext
?[0m?[0;34m
?[0m?[0;34mTHE loadUserByUsername is called with the argument: test@google.com
?[0m?[0;34m
?[0m?[0;34m12:59 DEBUG o.s.s.a.d.DaoAuthenticationProvider - Authenticated user
?[0m?[0;34m12:59 DEBUG o.s.s.w.a.w.BasicAuthenticationFilter - Set SecurityContextHolder to UsernamePasswordAuthenticationToken [Principal=engine.UserDetailsImp@7d0b3612, Credentials=[PROTECTED], Authenticated=true, Details=WebAuthenticationDetails [RemoteIpAddress=127.0.0.1, SessionId=null], Granted Authorities=[]]
?[0m?[0;34m12:59 DEBUG o.s.s.w.c.HttpSessionSecurityContextRepository - Created HttpSession as SecurityContext is non-default
?[0m?[0;34m12:59 DEBUG o.s.s.w.c.HttpSessionSecurityContextRepository - Stored SecurityContextImpl [Authentication=UsernamePasswordAuthenticationToken [Principal=engine.UserDetailsImp@7d0b3612, Credentials=[PROTECTED], Authenticated=true, Details=WebAuthenticationDetails [RemoteIpAddress=127.0.0.1, SessionId=null], Granted Authorities=[]]] to HttpSession [org.apache.catalina.session.StandardSessionFacade@2791ada5]
?[0m?[0;34m12:59 DEBUG o.s.s.w.u.m.RegexRequestMatcher - Checking match of request : '/api/quizzes/6/solve'; against '/api/register'
?[0m?[0;34m12:59 DEBUG o.s.s.w.u.m.RegexRequestMatcher - Checking match of request : '/api/quizzes/6/solve'; against '/actuator/shutdown'
?[0m?[0;34m12:59 DEBUG o.s.security.web.FilterChainProxy - Secured POST /api/quizzes/6/solve
?[0m?[0;34m12:59 DEBUG o.s.s.w.c.HttpSessionSecurityContextRepository - Stored SecurityContextImpl [Authentication=UsernamePasswordAuthenticationToken [Principal=engine.UserDetailsImp@7d0b3612, Credentials=[PROTECTED], Authenticated=true, Details=WebAuthenticationDetails [RemoteIpAddress=127.0.0.1, SessionId=null], Granted Authorities=[]]] to HttpSession [org.apache.catalina.session.StandardSessionFacade@2791ada5]
?[0m?[0;34m12:59 DEBUG o.s.s.w.c.HttpSessionSecurityContextRepository - Stored SecurityContextImpl [Authentication=UsernamePasswordAuthenticationToken [Principal=engine.UserDetailsImp@7d0b3612, Credentials=[PROTECTED], Authenticated=true, Details=WebAuthenticationDetails [RemoteIpAddress=127.0.0.1, SessionId=null], Granted Authorities=[]]] to HttpSession [org.apache.catalina.session.StandardSessionFacade@2791ada5]
?[0m?[0;34m12:59 DEBUG o.s.s.w.c.SecurityContextPersistenceFilter - Cleared SecurityContextHolder to complete request
?[1;31m
Start test 114?[0m
?[0m?[0;34m12:59 DEBUG o.s.security.web.FilterChainProxy - Securing POST /api/quizzes/6/solve
?[0m?[0;34m12:59 DEBUG o.s.s.w.c.SecurityContextPersistenceFilter - Set SecurityContextHolder to empty SecurityContext
?[0m?[0;34m
?[0m?[0;34mTHE loadUserByUsername is called with the argument: test@google.com
?[0m?[0;34m
?[0m?[0;34m12:59 DEBUG o.s.s.a.d.DaoAuthenticationProvider - Authenticated user
?[0m?[0;34m12:59 DEBUG o.s.s.w.a.w.BasicAuthenticationFilter - Set SecurityContextHolder to UsernamePasswordAuthenticationToken [Principal=engine.UserDetailsImp@3e20245c, Credentials=[PROTECTED], Authenticated=true, Details=WebAuthenticationDetails [RemoteIpAddress=127.0.0.1, SessionId=null], Granted Authorities=[]]
?[0m?[0;34m12:59 DEBUG o.s.s.w.c.HttpSessionSecurityContextRepository - Created HttpSession as SecurityContext is non-default
?[0m?[0;34m12:59 DEBUG o.s.s.w.c.HttpSessionSecurityContextRepository - Stored SecurityContextImpl [Authentication=UsernamePasswordAuthenticationToken [Principal=engine.UserDetailsImp@3e20245c, Credentials=[PROTECTED], Authenticated=true, Details=WebAuthenticationDetails [RemoteIpAddress=127.0.0.1, SessionId=null], Granted Authorities=[]]] to HttpSession [org.apache.catalina.session.StandardSessionFacade@a444985]
?[0m?[0;34m12:59 DEBUG o.s.s.w.u.m.RegexRequestMatcher - Checking match of request : '/api/quizzes/6/solve'; against '/api/register'
?[0m?[0;34m12:59 DEBUG o.s.s.w.u.m.RegexRequestMatcher - Checking match of request : '/api/quizzes/6/solve'; against '/actuator/shutdown'
?[0m?[0;34m12:59 DEBUG o.s.security.web.FilterChainProxy - Secured POST /api/quizzes/6/solve
?[0m?[0;34m12:59 DEBUG o.s.s.w.c.HttpSessionSecurityContextRepository - Stored SecurityContextImpl [Authentication=UsernamePasswordAuthenticationToken [Principal=engine.UserDetailsImp@3e20245c, Credentials=[PROTECTED], Authenticated=true, Details=WebAuthenticationDetails [RemoteIpAddress=127.0.0.1, SessionId=null], Granted Authorities=[]]] to HttpSession [org.apache.catalina.session.StandardSessionFacade@a444985]
?[0m?[0;34m12:59 DEBUG o.s.s.w.c.HttpSessionSecurityContextRepository - Stored SecurityContextImpl [Authentication=UsernamePasswordAuthenticationToken [Principal=engine.UserDetailsImp@3e20245c, Credentials=[PROTECTED], Authenticated=true, Details=WebAuthenticationDetails [RemoteIpAddress=127.0.0.1, SessionId=null], Granted Authorities=[]]] to HttpSession [org.apache.catalina.session.StandardSessionFacade@a444985]
?[0m?[0;34m12:59 DEBUG o.s.s.w.c.SecurityContextPersistenceFilter - Cleared SecurityContextHolder to complete request
?[1;31m
Start test 115?[0m
?[0m?[0;34m12:59 DEBUG o.s.security.web.FilterChainProxy - Securing POST /api/quizzes/6/solve
?[0m?[0;34m12:59 DEBUG o.s.s.w.c.SecurityContextPersistenceFilter - Set SecurityContextHolder to empty SecurityContext
?[0m?[0;34m
?[0m?[0;34mTHE loadUserByUsername is called with the argument: test@google.com
?[0m?[0;34m
?[0m?[0;34m12:59 DEBUG o.s.s.a.d.DaoAuthenticationProvider - Authenticated user
?[0m?[0;34m12:59 DEBUG o.s.s.w.a.w.BasicAuthenticationFilter - Set SecurityContextHolder to UsernamePasswordAuthenticationToken [Principal=engine.UserDetailsImp@6165ab4e, Credentials=[PROTECTED], Authenticated=true, Details=WebAuthenticationDetails [RemoteIpAddress=127.0.0.1, SessionId=null], Granted Authorities=[]]
?[0m?[0;34m12:59 DEBUG o.s.s.w.c.HttpSessionSecurityContextRepository - Created HttpSession as SecurityContext is non-default
?[0m?[0;34m12:59 DEBUG o.s.s.w.c.HttpSessionSecurityContextRepository - Stored SecurityContextImpl [Authentication=UsernamePasswordAuthenticationToken [Principal=engine.UserDetailsImp@6165ab4e, Credentials=[PROTECTED], Authenticated=true, Details=WebAuthenticationDetails [RemoteIpAddress=127.0.0.1, SessionId=null], Granted Authorities=[]]] to HttpSession [org.apache.catalina.session.StandardSessionFacade@671fe9e1]
?[0m?[0;34m12:59 DEBUG o.s.s.w.u.m.RegexRequestMatcher - Checking match of request : '/api/quizzes/6/solve'; against '/api/register'
?[0m?[0;34m12:59 DEBUG o.s.s.w.u.m.RegexRequestMatcher - Checking match of request : '/api/quizzes/6/solve'; against '/actuator/shutdown'
?[0m?[0;34m12:59 DEBUG o.s.security.web.FilterChainProxy - Secured POST /api/quizzes/6/solve
?[0m?[0;34m12:59 DEBUG o.s.s.w.c.HttpSessionSecurityContextRepository - Stored SecurityContextImpl [Authentication=UsernamePasswordAuthenticationToken [Principal=engine.UserDetailsImp@6165ab4e, Credentials=[PROTECTED], Authenticated=true, Details=WebAuthenticationDetails [RemoteIpAddress=127.0.0.1, SessionId=null], Granted Authorities=[]]] to HttpSession [org.apache.catalina.session.StandardSessionFacade@671fe9e1]
?[0m?[0;34m12:59 DEBUG o.s.s.w.c.HttpSessionSecurityContextRepository - Stored SecurityContextImpl [Authentication=UsernamePasswordAuthenticationToken [Principal=engine.UserDetailsImp@6165ab4e, Credentials=[PROTECTED], Authenticated=true, Details=WebAuthenticationDetails [RemoteIpAddress=127.0.0.1, SessionId=null], Granted Authorities=[]]] to HttpSession [org.apache.catalina.session.StandardSessionFacade@671fe9e1]
?[0m?[0;34m12:59 DEBUG o.s.s.w.c.SecurityContextPersistenceFilter - Cleared SecurityContextHolder to complete request
?[1;31m
Start test 116?[0m
?[0m?[0;34m12:59 DEBUG o.s.security.web.FilterChainProxy - Securing POST /api/quizzes/6/solve
?[0m?[0;34m12:59 DEBUG o.s.s.w.c.SecurityContextPersistenceFilter - Set SecurityContextHolder to empty SecurityContext
?[0m?[0;34m
?[0m?[0;34mTHE loadUserByUsername is called with the argument: test@google.com
?[0m?[0;34m
?[0m?[0;34m12:59 DEBUG o.s.s.a.d.DaoAuthenticationProvider - Authenticated user
?[0m?[0;34m12:59 DEBUG o.s.s.w.a.w.BasicAuthenticationFilter - Set SecurityContextHolder to UsernamePasswordAuthenticationToken [Principal=engine.UserDetailsImp@3a5327eb, Credentials=[PROTECTED], Authenticated=true, Details=WebAuthenticationDetails [RemoteIpAddress=127.0.0.1, SessionId=null], Granted Authorities=[]]
?[0m?[0;34m12:59 DEBUG o.s.s.w.c.HttpSessionSecurityContextRepository - Created HttpSession as SecurityContext is non-default
?[0m?[0;34m12:59 DEBUG o.s.s.w.c.HttpSessionSecurityContextRepository - Stored SecurityContextImpl [Authentication=UsernamePasswordAuthenticationToken [Principal=engine.UserDetailsImp@3a5327eb, Credentials=[PROTECTED], Authenticated=true, Details=WebAuthenticationDetails [RemoteIpAddress=127.0.0.1, SessionId=null], Granted Authorities=[]]] to HttpSession [org.apache.catalina.session.StandardSessionFacade@213a3b48]
?[0m?[0;34m12:59 DEBUG o.s.s.w.u.m.RegexRequestMatcher - Checking match of request : '/api/quizzes/6/solve'; against '/api/register'
?[0m?[0;34m12:59 DEBUG o.s.s.w.u.m.RegexRequestMatcher - Checking match of request : '/api/quizzes/6/solve'; against '/actuator/shutdown'
?[0m?[0;34m12:59 DEBUG o.s.security.web.FilterChainProxy - Secured POST /api/quizzes/6/solve
?[0m?[0;34m12:59 DEBUG o.s.s.w.c.HttpSessionSecurityContextRepository - Stored SecurityContextImpl [Authentication=UsernamePasswordAuthenticationToken [Principal=engine.UserDetailsImp@3a5327eb, Credentials=[PROTECTED], Authenticated=true, Details=WebAuthenticationDetails [RemoteIpAddress=127.0.0.1, SessionId=null], Granted Authorities=[]]] to HttpSession [org.apache.catalina.session.StandardSessionFacade@213a3b48]
?[0m?[0;34m12:59 DEBUG o.s.s.w.c.HttpSessionSecurityContextRepository - Stored SecurityContextImpl [Authentication=UsernamePasswordAuthenticationToken [Principal=engine.UserDetailsImp@3a5327eb, Credentials=[PROTECTED], Authenticated=true, Details=WebAuthenticationDetails [RemoteIpAddress=127.0.0.1, SessionId=null], Granted Authorities=[]]] to HttpSession [org.apache.catalina.session.StandardSessionFacade@213a3b48]
?[0m?[0;34m12:59 DEBUG o.s.s.w.c.SecurityContextPersistenceFilter - Cleared SecurityContextHolder to complete request
?[1;31m
Start test 117?[0m
?[0m?[0;34m12:59 DEBUG o.s.security.web.FilterChainProxy - Securing POST /api/quizzes/6/solve
?[0m?[0;34m12:59 DEBUG o.s.s.w.c.SecurityContextPersistenceFilter - Set SecurityContextHolder to empty SecurityContext
?[0m?[0;34m
?[0m?[0;34mTHE loadUserByUsername is called with the argument: test@google.com
?[0m?[0;34m
?[0m?[0;34m12:59 DEBUG o.s.s.a.d.DaoAuthenticationProvider - Authenticated user
?[0m?[0;34m12:59 DEBUG o.s.s.w.a.w.BasicAuthenticationFilter - Set SecurityContextHolder to UsernamePasswordAuthenticationToken [Principal=engine.UserDetailsImp@5c9015e3, Credentials=[PROTECTED], Authenticated=true, Details=WebAuthenticationDetails [RemoteIpAddress=127.0.0.1, SessionId=null], Granted Authorities=[]]
?[0m?[0;34m12:59 DEBUG o.s.s.w.c.HttpSessionSecurityContextRepository - Created HttpSession as SecurityContext is non-default
?[0m?[0;34m12:59 DEBUG o.s.s.w.c.HttpSessionSecurityContextRepository - Stored SecurityContextImpl [Authentication=UsernamePasswordAuthenticationToken [Principal=engine.UserDetailsImp@5c9015e3, Credentials=[PROTECTED], Authenticated=true, Details=WebAuthenticationDetails [RemoteIpAddress=127.0.0.1, SessionId=null], Granted Authorities=[]]] to HttpSession [org.apache.catalina.session.StandardSessionFacade@49eb40e2]
?[0m?[0;34m12:59 DEBUG o.s.s.w.u.m.RegexRequestMatcher - Checking match of request : '/api/quizzes/6/solve'; against '/api/register'
?[0m?[0;34m12:59 DEBUG o.s.s.w.u.m.RegexRequestMatcher - Checking match of request : '/api/quizzes/6/solve'; against '/actuator/shutdown'
?[0m?[0;34m12:59 DEBUG o.s.security.web.FilterChainProxy - Secured POST /api/quizzes/6/solve
?[0m?[0;34m12:59 DEBUG o.s.s.w.c.HttpSessionSecurityContextRepository - Stored SecurityContextImpl [Authentication=UsernamePasswordAuthenticationToken [Principal=engine.UserDetailsImp@5c9015e3, Credentials=[PROTECTED], Authenticated=true, Details=WebAuthenticationDetails [RemoteIpAddress=127.0.0.1, SessionId=null], Granted Authorities=[]]] to HttpSession [org.apache.catalina.session.StandardSessionFacade@49eb40e2]
?[0m?[0;34m12:59 DEBUG o.s.s.w.c.HttpSessionSecurityContextRepository - Stored SecurityContextImpl [Authentication=UsernamePasswordAuthenticationToken [Principal=engine.UserDetailsImp@5c9015e3, Credentials=[PROTECTED], Authenticated=true, Details=WebAuthenticationDetails [RemoteIpAddress=127.0.0.1, SessionId=null], Granted Authorities=[]]] to HttpSession [org.apache.catalina.session.StandardSessionFacade@49eb40e2]
?[0m?[0;34m12:59 DEBUG o.s.s.w.c.SecurityContextPersistenceFilter - Cleared SecurityContextHolder to complete request
?[1;31m
Start test 118?[0m
?[0m?[0;34m12:59 DEBUG o.s.security.web.FilterChainProxy - Securing POST /api/quizzes/6/solve
?[0m?[0;34m12:59 DEBUG o.s.s.w.c.SecurityContextPersistenceFilter - Set SecurityContextHolder to empty SecurityContext
?[0m?[0;34m
?[0m?[0;34mTHE loadUserByUsername is called with the argument: test@google.com
?[0m?[0;34m
?[0m?[0;34m12:59 DEBUG o.s.s.a.d.DaoAuthenticationProvider - Authenticated user
?[0m?[0;34m12:59 DEBUG o.s.s.w.a.w.BasicAuthenticationFilter - Set SecurityContextHolder to UsernamePasswordAuthenticationToken [Principal=engine.UserDetailsImp@193ec6c7, Credentials=[PROTECTED], Authenticated=true, Details=WebAuthenticationDetails [RemoteIpAddress=127.0.0.1, SessionId=null], Granted Authorities=[]]
?[0m?[0;34m12:59 DEBUG o.s.s.w.c.HttpSessionSecurityContextRepository - Created HttpSession as SecurityContext is non-default
?[0m?[0;34m12:59 DEBUG o.s.s.w.c.HttpSessionSecurityContextRepository - Stored SecurityContextImpl [Authentication=UsernamePasswordAuthenticationToken [Principal=engine.UserDetailsImp@193ec6c7, Credentials=[PROTECTED], Authenticated=true, Details=WebAuthenticationDetails [RemoteIpAddress=127.0.0.1, SessionId=null], Granted Authorities=[]]] to HttpSession [org.apache.catalina.session.StandardSessionFacade@624929cc]
?[0m?[0;34m12:59 DEBUG o.s.s.w.u.m.RegexRequestMatcher - Checking match of request : '/api/quizzes/6/solve'; against '/api/register'
?[0m?[0;34m12:59 DEBUG o.s.s.w.u.m.RegexRequestMatcher - Checking match of request : '/api/quizzes/6/solve'; against '/actuator/shutdown'
?[0m?[0;34m12:59 DEBUG o.s.security.web.FilterChainProxy - Secured POST /api/quizzes/6/solve
?[0m?[0;34m12:59 DEBUG o.s.s.w.c.HttpSessionSecurityContextRepository - Stored SecurityContextImpl [Authentication=UsernamePasswordAuthenticationToken [Principal=engine.UserDetailsImp@193ec6c7, Credentials=[PROTECTED], Authenticated=true, Details=WebAuthenticationDetails [RemoteIpAddress=127.0.0.1, SessionId=null], Granted Authorities=[]]] to HttpSession [org.apache.catalina.session.StandardSessionFacade@624929cc]
?[0m?[0;34m12:59 DEBUG o.s.s.w.c.HttpSessionSecurityContextRepository - Stored SecurityContextImpl [Authentication=UsernamePasswordAuthenticationToken [Principal=engine.UserDetailsImp@193ec6c7, Credentials=[PROTECTED], Authenticated=true, Details=WebAuthenticationDetails [RemoteIpAddress=127.0.0.1, SessionId=null], Granted Authorities=[]]] to HttpSession [org.apache.catalina.session.StandardSessionFacade@624929cc]
?[0m?[0;34m12:59 DEBUG o.s.s.w.c.SecurityContextPersistenceFilter - Cleared SecurityContextHolder to complete request
?[1;31m
Start test 119?[0m
?[0m?[0;34m12:59 DEBUG o.s.security.web.FilterChainProxy - Securing POST /api/quizzes/6/solve
?[0m?[0;34m12:59 DEBUG o.s.s.w.c.SecurityContextPersistenceFilter - Set SecurityContextHolder to empty SecurityContext
?[0m?[0;34m
?[0m?[0;34mTHE loadUserByUsername is called with the argument: test@google.com
?[0m?[0;34m
?[0m?[0;34m12:59 DEBUG o.s.s.a.d.DaoAuthenticationProvider - Authenticated user
?[0m?[0;34m12:59 DEBUG o.s.s.w.a.w.BasicAuthenticationFilter - Set SecurityContextHolder to UsernamePasswordAuthenticationToken [Principal=engine.UserDetailsImp@3ed0bc2, Credentials=[PROTECTED], Authenticated=true, Details=WebAuthenticationDetails [RemoteIpAddress=127.0.0.1, SessionId=null], Granted Authorities=[]]
?[0m?[0;34m12:59 DEBUG o.s.s.w.c.HttpSessionSecurityContextRepository - Created HttpSession as SecurityContext is non-default
?[0m?[0;34m12:59 DEBUG o.s.s.w.c.HttpSessionSecurityContextRepository - Stored SecurityContextImpl [Authentication=UsernamePasswordAuthenticationToken [Principal=engine.UserDetailsImp@3ed0bc2, Credentials=[PROTECTED], Authenticated=true, Details=WebAuthenticationDetails [RemoteIpAddress=127.0.0.1, SessionId=null], Granted Authorities=[]]] to HttpSession [org.apache.catalina.session.StandardSessionFacade@1bd3e818]
?[0m?[0;34m12:59 DEBUG o.s.s.w.u.m.RegexRequestMatcher - Checking match of request : '/api/quizzes/6/solve'; against '/api/register'
?[0m?[0;34m12:59 DEBUG o.s.s.w.u.m.RegexRequestMatcher - Checking match of request : '/api/quizzes/6/solve'; against '/actuator/shutdown'
?[0m?[0;34m12:59 DEBUG o.s.security.web.FilterChainProxy - Secured POST /api/quizzes/6/solve
?[0m?[0;34m12:59 DEBUG o.s.s.w.c.HttpSessionSecurityContextRepository - Stored SecurityContextImpl [Authentication=UsernamePasswordAuthenticationToken [Principal=engine.UserDetailsImp@3ed0bc2, Credentials=[PROTECTED], Authenticated=true, Details=WebAuthenticationDetails [RemoteIpAddress=127.0.0.1, SessionId=null], Granted Authorities=[]]] to HttpSession [org.apache.catalina.session.StandardSessionFacade@1bd3e818]
?[0m?[0;34m12:59 DEBUG o.s.s.w.c.HttpSessionSecurityContextRepository - Stored SecurityContextImpl [Authentication=UsernamePasswordAuthenticationToken [Principal=engine.UserDetailsImp@3ed0bc2, Credentials=[PROTECTED], Authenticated=true, Details=WebAuthenticationDetails [RemoteIpAddress=127.0.0.1, SessionId=null], Granted Authorities=[]]] to HttpSession [org.apache.catalina.session.StandardSessionFacade@1bd3e818]
?[0m?[0;34m12:59 DEBUG o.s.s.w.c.SecurityContextPersistenceFilter - Cleared SecurityContextHolder to complete request
?[1;31m
Start test 120?[0m
?[0m?[0;34m12:59 DEBUG o.s.security.web.FilterChainProxy - Securing POST /api/quizzes/6/solve
?[0m?[0;34m12:59 DEBUG o.s.s.w.c.SecurityContextPersistenceFilter - Set SecurityContextHolder to empty SecurityContext
?[0m?[0;34m
?[0m?[0;34mTHE loadUserByUsername is called with the argument: test@google.com
?[0m?[0;34m
?[0m?[0;34m12:59 DEBUG o.s.s.a.d.DaoAuthenticationProvider - Authenticated user
?[0m?[0;34m12:59 DEBUG o.s.s.w.a.w.BasicAuthenticationFilter - Set SecurityContextHolder to UsernamePasswordAuthenticationToken [Principal=engine.UserDetailsImp@7df59b0b, Credentials=[PROTECTED], Authenticated=true, Details=WebAuthenticationDetails [RemoteIpAddress=127.0.0.1, SessionId=null], Granted Authorities=[]]
?[0m?[0;34m12:59 DEBUG o.s.s.w.c.HttpSessionSecurityContextRepository - Created HttpSession as SecurityContext is non-default
?[0m?[0;34m12:59 DEBUG o.s.s.w.c.HttpSessionSecurityContextRepository - Stored SecurityContextImpl [Authentication=UsernamePasswordAuthenticationToken [Principal=engine.UserDetailsImp@7df59b0b, Credentials=[PROTECTED], Authenticated=true, Details=WebAuthenticationDetails [RemoteIpAddress=127.0.0.1, SessionId=null], Granted Authorities=[]]] to HttpSession [org.apache.catalina.session.StandardSessionFacade@4df34417]
?[0m?[0;34m12:59 DEBUG o.s.s.w.u.m.RegexRequestMatcher - Checking match of request : '/api/quizzes/6/solve'; against '/api/register'
?[0m?[0;34m12:59 DEBUG o.s.s.w.u.m.RegexRequestMatcher - Checking match of request : '/api/quizzes/6/solve'; against '/actuator/shutdown'
?[0m?[0;34m12:59 DEBUG o.s.security.web.FilterChainProxy - Secured POST /api/quizzes/6/solve
?[0m?[0;34m12:59 DEBUG o.s.s.w.c.HttpSessionSecurityContextRepository - Stored SecurityContextImpl [Authentication=UsernamePasswordAuthenticationToken [Principal=engine.UserDetailsImp@7df59b0b, Credentials=[PROTECTED], Authenticated=true, Details=WebAuthenticationDetails [RemoteIpAddress=127.0.0.1, SessionId=null], Granted Authorities=[]]] to HttpSession [org.apache.catalina.session.StandardSessionFacade@4df34417]
?[0m?[0;34m12:59 DEBUG o.s.s.w.c.HttpSessionSecurityContextRepository - Stored SecurityContextImpl [Authentication=UsernamePasswordAuthenticationToken [Principal=engine.UserDetailsImp@7df59b0b, Credentials=[PROTECTED], Authenticated=true, Details=WebAuthenticationDetails [RemoteIpAddress=127.0.0.1, SessionId=null], Granted Authorities=[]]] to HttpSession [org.apache.catalina.session.StandardSessionFacade@4df34417]
?[0m?[0;34m12:59 DEBUG o.s.s.w.c.SecurityContextPersistenceFilter - Cleared SecurityContextHolder to complete request
?[1;31m
Start test 121?[0m
?[0m?[0;34m12:59 DEBUG o.s.security.web.FilterChainProxy - Securing POST /api/quizzes/6/solve
?[0m?[0;34m12:59 DEBUG o.s.s.w.c.SecurityContextPersistenceFilter - Set SecurityContextHolder to empty SecurityContext
?[0m?[0;34m
?[0m?[0;34mTHE loadUserByUsername is called with the argument: test@google.com
?[0m?[0;34m
?[0m?[0;34m12:59 DEBUG o.s.s.a.d.DaoAuthenticationProvider - Authenticated user
?[0m?[0;34m12:59 DEBUG o.s.s.w.a.w.BasicAuthenticationFilter - Set SecurityContextHolder to UsernamePasswordAuthenticationToken [Principal=engine.UserDetailsImp@2dc8bcb8, Credentials=[PROTECTED], Authenticated=true, Details=WebAuthenticationDetails [RemoteIpAddress=127.0.0.1, SessionId=null], Granted Authorities=[]]
?[0m?[0;34m12:59 DEBUG o.s.s.w.c.HttpSessionSecurityContextRepository - Created HttpSession as SecurityContext is non-default
?[0m?[0;34m12:59 DEBUG o.s.s.w.c.HttpSessionSecurityContextRepository - Stored SecurityContextImpl [Authentication=UsernamePasswordAuthenticationToken [Principal=engine.UserDetailsImp@2dc8bcb8, Credentials=[PROTECTED], Authenticated=true, Details=WebAuthenticationDetails [RemoteIpAddress=127.0.0.1, SessionId=null], Granted Authorities=[]]] to HttpSession [org.apache.catalina.session.StandardSessionFacade@4d6dddc7]
?[0m?[0;34m12:59 DEBUG o.s.s.w.u.m.RegexRequestMatcher - Checking match of request : '/api/quizzes/6/solve'; against '/api/register'
?[0m?[0;34m12:59 DEBUG o.s.s.w.u.m.RegexRequestMatcher - Checking match of request : '/api/quizzes/6/solve'; against '/actuator/shutdown'
?[0m?[0;34m12:59 DEBUG o.s.security.web.FilterChainProxy - Secured POST /api/quizzes/6/solve
?[0m?[0;34m12:59 DEBUG o.s.s.w.c.HttpSessionSecurityContextRepository - Stored SecurityContextImpl [Authentication=UsernamePasswordAuthenticationToken [Principal=engine.UserDetailsImp@2dc8bcb8, Credentials=[PROTECTED], Authenticated=true, Details=WebAuthenticationDetails [RemoteIpAddress=127.0.0.1, SessionId=null], Granted Authorities=[]]] to HttpSession [org.apache.catalina.session.StandardSessionFacade@4d6dddc7]
?[0m?[0;34m12:59 DEBUG o.s.s.w.c.HttpSessionSecurityContextRepository - Stored SecurityContextImpl [Authentication=UsernamePasswordAuthenticationToken [Principal=engine.UserDetailsImp@2dc8bcb8, Credentials=[PROTECTED], Authenticated=true, Details=WebAuthenticationDetails [RemoteIpAddress=127.0.0.1, SessionId=null], Granted Authorities=[]]] to HttpSession [org.apache.catalina.session.StandardSessionFacade@4d6dddc7]
?[0m?[0;34m12:59 DEBUG o.s.s.w.c.SecurityContextPersistenceFilter - Cleared SecurityContextHolder to complete request
?[1;31m
Start test 122?[0m
?[0m?[0;34m12:59 DEBUG o.s.security.web.FilterChainProxy - Securing POST /api/quizzes/6/solve
?[0m?[0;34m12:59 DEBUG o.s.s.w.c.SecurityContextPersistenceFilter - Set SecurityContextHolder to empty SecurityContext
?[0m?[0;34m
?[0m?[0;34mTHE loadUserByUsername is called with the argument: test@google.com
?[0m?[0;34m
?[0m?[0;34m12:59 DEBUG o.s.s.a.d.DaoAuthenticationProvider - Authenticated user
?[0m?[0;34m12:59 DEBUG o.s.s.w.a.w.BasicAuthenticationFilter - Set SecurityContextHolder to UsernamePasswordAuthenticationToken [Principal=engine.UserDetailsImp@1d0b9336, Credentials=[PROTECTED], Authenticated=true, Details=WebAuthenticationDetails [RemoteIpAddress=127.0.0.1, SessionId=null], Granted Authorities=[]]
?[0m?[0;34m12:59 DEBUG o.s.s.w.c.HttpSessionSecurityContextRepository - Created HttpSession as SecurityContext is non-default
?[0m?[0;34m12:59 DEBUG o.s.s.w.c.HttpSessionSecurityContextRepository - Stored SecurityContextImpl [Authentication=UsernamePasswordAuthenticationToken [Principal=engine.UserDetailsImp@1d0b9336, Credentials=[PROTECTED], Authenticated=true, Details=WebAuthenticationDetails [RemoteIpAddress=127.0.0.1, SessionId=null], Granted Authorities=[]]] to HttpSession [org.apache.catalina.session.StandardSessionFacade@7f9b277e]
?[0m?[0;34m12:59 DEBUG o.s.s.w.u.m.RegexRequestMatcher - Checking match of request : '/api/quizzes/6/solve'; against '/api/register'
?[0m?[0;34m12:59 DEBUG o.s.s.w.u.m.RegexRequestMatcher - Checking match of request : '/api/quizzes/6/solve'; against '/actuator/shutdown'
?[0m?[0;34m12:59 DEBUG o.s.security.web.FilterChainProxy - Secured POST /api/quizzes/6/solve
?[0m?[0;34m12:59 DEBUG o.s.s.w.c.HttpSessionSecurityContextRepository - Stored SecurityContextImpl [Authentication=UsernamePasswordAuthenticationToken [Principal=engine.UserDetailsImp@1d0b9336, Credentials=[PROTECTED], Authenticated=true, Details=WebAuthenticationDetails [RemoteIpAddress=127.0.0.1, SessionId=null], Granted Authorities=[]]] to HttpSession [org.apache.catalina.session.StandardSessionFacade@7f9b277e]
?[0m?[0;34m12:59 DEBUG o.s.s.w.c.HttpSessionSecurityContextRepository - Stored SecurityContextImpl [Authentication=UsernamePasswordAuthenticationToken [Principal=engine.UserDetailsImp@1d0b9336, Credentials=[PROTECTED], Authenticated=true, Details=WebAuthenticationDetails [RemoteIpAddress=127.0.0.1, SessionId=null], Granted Authorities=[]]] to HttpSession [org.apache.catalina.session.StandardSessionFacade@7f9b277e]
?[0m?[0;34m12:59 DEBUG o.s.s.w.c.SecurityContextPersistenceFilter - Cleared SecurityContextHolder to complete request
?[1;31m
Start test 123?[0m
?[0m?[0;34m12:59 DEBUG o.s.security.web.FilterChainProxy - Securing POST /api/quizzes/6/solve
?[0m?[0;34m12:59 DEBUG o.s.s.w.c.SecurityContextPersistenceFilter - Set SecurityContextHolder to empty SecurityContext
?[0m?[0;34m
?[0m?[0;34mTHE loadUserByUsername is called with the argument: test@google.com
?[0m?[0;34m
?[0m?[0;34m12:59 DEBUG o.s.s.a.d.DaoAuthenticationProvider - Authenticated user
?[0m?[0;34m12:59 DEBUG o.s.s.w.a.w.BasicAuthenticationFilter - Set SecurityContextHolder to UsernamePasswordAuthenticationToken [Principal=engine.UserDetailsImp@3e92cc73, Credentials=[PROTECTED], Authenticated=true, Details=WebAuthenticationDetails [RemoteIpAddress=127.0.0.1, SessionId=null], Granted Authorities=[]]
?[0m?[0;34m12:59 DEBUG o.s.s.w.c.HttpSessionSecurityContextRepository - Created HttpSession as SecurityContext is non-default
?[0m?[0;34m12:59 DEBUG o.s.s.w.c.HttpSessionSecurityContextRepository - Stored SecurityContextImpl [Authentication=UsernamePasswordAuthenticationToken [Principal=engine.UserDetailsImp@3e92cc73, Credentials=[PROTECTED], Authenticated=true, Details=WebAuthenticationDetails [RemoteIpAddress=127.0.0.1, SessionId=null], Granted Authorities=[]]] to HttpSession [org.apache.catalina.session.StandardSessionFacade@4d4c7f16]
?[0m?[0;34m12:59 DEBUG o.s.s.w.u.m.RegexRequestMatcher - Checking match of request : '/api/quizzes/6/solve'; against '/api/register'
?[0m?[0;34m12:59 DEBUG o.s.s.w.u.m.RegexRequestMatcher - Checking match of request : '/api/quizzes/6/solve'; against '/actuator/shutdown'
?[0m?[0;34m12:59 DEBUG o.s.security.web.FilterChainProxy - Secured POST /api/quizzes/6/solve
?[0m?[0;34m12:59 DEBUG o.s.s.w.c.HttpSessionSecurityContextRepository - Stored SecurityContextImpl [Authentication=UsernamePasswordAuthenticationToken [Principal=engine.UserDetailsImp@3e92cc73, Credentials=[PROTECTED], Authenticated=true, Details=WebAuthenticationDetails [RemoteIpAddress=127.0.0.1, SessionId=null], Granted Authorities=[]]] to HttpSession [org.apache.catalina.session.StandardSessionFacade@4d4c7f16]
?[0m?[0;34m12:59 DEBUG o.s.s.w.c.HttpSessionSecurityContextRepository - Stored SecurityContextImpl [Authentication=UsernamePasswordAuthenticationToken [Principal=engine.UserDetailsImp@3e92cc73, Credentials=[PROTECTED], Authenticated=true, Details=WebAuthenticationDetails [RemoteIpAddress=127.0.0.1, SessionId=null], Granted Authorities=[]]] to HttpSession [org.apache.catalina.session.StandardSessionFacade@4d4c7f16]
?[0m?[0;34m12:59 DEBUG o.s.s.w.c.SecurityContextPersistenceFilter - Cleared SecurityContextHolder to complete request
?[1;31m
Start test 124?[0m
?[0m?[0;34m12:59 DEBUG o.s.security.web.FilterChainProxy - Securing POST /api/quizzes/6/solve
?[0m?[0;34m12:59 DEBUG o.s.s.w.c.SecurityContextPersistenceFilter - Set SecurityContextHolder to empty SecurityContext
?[0m?[0;34m
?[0m?[0;34mTHE loadUserByUsername is called with the argument: test@google.com
?[0m?[0;34m
?[0m?[0;34m12:59 DEBUG o.s.s.a.d.DaoAuthenticationProvider - Authenticated user
?[0m?[0;34m12:59 DEBUG o.s.s.w.a.w.BasicAuthenticationFilter - Set SecurityContextHolder to UsernamePasswordAuthenticationToken [Principal=engine.UserDetailsImp@1dd79287, Credentials=[PROTECTED], Authenticated=true, Details=WebAuthenticationDetails [RemoteIpAddress=127.0.0.1, SessionId=null], Granted Authorities=[]]
?[0m?[0;34m12:59 DEBUG o.s.s.w.c.HttpSessionSecurityContextRepository - Created HttpSession as SecurityContext is non-default
?[0m?[0;34m12:59 DEBUG o.s.s.w.c.HttpSessionSecurityContextRepository - Stored SecurityContextImpl [Authentication=UsernamePasswordAuthenticationToken [Principal=engine.UserDetailsImp@1dd79287, Credentials=[PROTECTED], Authenticated=true, Details=WebAuthenticationDetails [RemoteIpAddress=127.0.0.1, SessionId=null], Granted Authorities=[]]] to HttpSession [org.apache.catalina.session.StandardSessionFacade@7dfb86fb]
?[0m?[0;34m12:59 DEBUG o.s.s.w.u.m.RegexRequestMatcher - Checking match of request : '/api/quizzes/6/solve'; against '/api/register'
?[0m?[0;34m12:59 DEBUG o.s.s.w.u.m.RegexRequestMatcher - Checking match of request : '/api/quizzes/6/solve'; against '/actuator/shutdown'
?[0m?[0;34m12:59 DEBUG o.s.security.web.FilterChainProxy - Secured POST /api/quizzes/6/solve
?[0m?[0;34m12:59 DEBUG o.s.s.w.c.HttpSessionSecurityContextRepository - Stored SecurityContextImpl [Authentication=UsernamePasswordAuthenticationToken [Principal=engine.UserDetailsImp@1dd79287, Credentials=[PROTECTED], Authenticated=true, Details=WebAuthenticationDetails [RemoteIpAddress=127.0.0.1, SessionId=null], Granted Authorities=[]]] to HttpSession [org.apache.catalina.session.StandardSessionFacade@7dfb86fb]
?[0m?[0;34m12:59 DEBUG o.s.s.w.c.HttpSessionSecurityContextRepository - Stored SecurityContextImpl [Authentication=UsernamePasswordAuthenticationToken [Principal=engine.UserDetailsImp@1dd79287, Credentials=[PROTECTED], Authenticated=true, Details=WebAuthenticationDetails [RemoteIpAddress=127.0.0.1, SessionId=null], Granted Authorities=[]]] to HttpSession [org.apache.catalina.session.StandardSessionFacade@7dfb86fb]
?[0m?[0;34m12:59 DEBUG o.s.s.w.c.SecurityContextPersistenceFilter - Cleared SecurityContextHolder to complete request
?[1;31m
Start test 125?[0m
?[0m?[0;34m12:59 DEBUG o.s.security.web.FilterChainProxy - Securing POST /api/quizzes/6/solve
?[0m?[0;34m12:59 DEBUG o.s.s.w.c.SecurityContextPersistenceFilter - Set SecurityContextHolder to empty SecurityContext
?[0m?[0;34m
?[0m?[0;34mTHE loadUserByUsername is called with the argument: test@google.com
?[0m?[0;34m
?[0m?[0;34m12:59 DEBUG o.s.s.a.d.DaoAuthenticationProvider - Authenticated user
?[0m?[0;34m12:59 DEBUG o.s.s.w.a.w.BasicAuthenticationFilter - Set SecurityContextHolder to UsernamePasswordAuthenticationToken [Principal=engine.UserDetailsImp@378e499, Credentials=[PROTECTED], Authenticated=true, Details=WebAuthenticationDetails [RemoteIpAddress=127.0.0.1, SessionId=null], Granted Authorities=[]]
?[0m?[0;34m12:59 DEBUG o.s.s.w.c.HttpSessionSecurityContextRepository - Created HttpSession as SecurityContext is non-default
?[0m?[0;34m12:59 DEBUG o.s.s.w.c.HttpSessionSecurityContextRepository - Stored SecurityContextImpl [Authentication=UsernamePasswordAuthenticationToken [Principal=engine.UserDetailsImp@378e499, Credentials=[PROTECTED], Authenticated=true, Details=WebAuthenticationDetails [RemoteIpAddress=127.0.0.1, SessionId=null], Granted Authorities=[]]] to HttpSession [org.apache.catalina.session.StandardSessionFacade@5c39267a]
?[0m?[0;34m12:59 DEBUG o.s.s.w.u.m.RegexRequestMatcher - Checking match of request : '/api/quizzes/6/solve'; against '/api/register'
?[0m?[0;34m12:59 DEBUG o.s.s.w.u.m.RegexRequestMatcher - Checking match of request : '/api/quizzes/6/solve'; against '/actuator/shutdown'
?[0m?[0;34m12:59 DEBUG o.s.security.web.FilterChainProxy - Secured POST /api/quizzes/6/solve
?[0m?[0;34m12:59 DEBUG o.s.s.w.c.HttpSessionSecurityContextRepository - Stored SecurityContextImpl [Authentication=UsernamePasswordAuthenticationToken [Principal=engine.UserDetailsImp@378e499, Credentials=[PROTECTED], Authenticated=true, Details=WebAuthenticationDetails [RemoteIpAddress=127.0.0.1, SessionId=null], Granted Authorities=[]]] to HttpSession [org.apache.catalina.session.StandardSessionFacade@5c39267a]
?[0m?[0;34m12:59 DEBUG o.s.s.w.c.HttpSessionSecurityContextRepository - Stored SecurityContextImpl [Authentication=UsernamePasswordAuthenticationToken [Principal=engine.UserDetailsImp@378e499, Credentials=[PROTECTED], Authenticated=true, Details=WebAuthenticationDetails [RemoteIpAddress=127.0.0.1, SessionId=null], Granted Authorities=[]]] to HttpSession [org.apache.catalina.session.StandardSessionFacade@5c39267a]
?[0m?[0;34m12:59 DEBUG o.s.s.w.c.SecurityContextPersistenceFilter - Cleared SecurityContextHolder to complete request
?[1;31m
Start test 126?[0m
?[0m?[0;34m12:59 DEBUG o.s.security.web.FilterChainProxy - Securing POST /api/quizzes/6/solve
?[0m?[0;34m12:59 DEBUG o.s.s.w.c.SecurityContextPersistenceFilter - Set SecurityContextHolder to empty SecurityContext
?[0m?[0;34m
?[0m?[0;34mTHE loadUserByUsername is called with the argument: test@google.com
?[0m?[0;34m
?[0m?[0;34m12:59 DEBUG o.s.s.a.d.DaoAuthenticationProvider - Authenticated user
?[0m?[0;34m12:59 DEBUG o.s.s.w.a.w.BasicAuthenticationFilter - Set SecurityContextHolder to UsernamePasswordAuthenticationToken [Principal=engine.UserDetailsImp@226e0b9b, Credentials=[PROTECTED], Authenticated=true, Details=WebAuthenticationDetails [RemoteIpAddress=127.0.0.1, SessionId=null], Granted Authorities=[]]
?[0m?[0;34m12:59 DEBUG o.s.s.w.c.HttpSessionSecurityContextRepository - Created HttpSession as SecurityContext is non-default
?[0m?[0;34m12:59 DEBUG o.s.s.w.c.HttpSessionSecurityContextRepository - Stored SecurityContextImpl [Authentication=UsernamePasswordAuthenticationToken [Principal=engine.UserDetailsImp@226e0b9b, Credentials=[PROTECTED], Authenticated=true, Details=WebAuthenticationDetails [RemoteIpAddress=127.0.0.1, SessionId=null], Granted Authorities=[]]] to HttpSession [org.apache.catalina.session.StandardSessionFacade@34b10fbc]
?[0m?[0;34m12:59 DEBUG o.s.s.w.u.m.RegexRequestMatcher - Checking match of request : '/api/quizzes/6/solve'; against '/api/register'
?[0m?[0;34m12:59 DEBUG o.s.s.w.u.m.RegexRequestMatcher - Checking match of request : '/api/quizzes/6/solve'; against '/actuator/shutdown'
?[0m?[0;34m12:59 DEBUG o.s.security.web.FilterChainProxy - Secured POST /api/quizzes/6/solve
?[0m?[0;34m12:59 DEBUG o.s.s.w.c.HttpSessionSecurityContextRepository - Stored SecurityContextImpl [Authentication=UsernamePasswordAuthenticationToken [Principal=engine.UserDetailsImp@226e0b9b, Credentials=[PROTECTED], Authenticated=true, Details=WebAuthenticationDetails [RemoteIpAddress=127.0.0.1, SessionId=null], Granted Authorities=[]]] to HttpSession [org.apache.catalina.session.StandardSessionFacade@34b10fbc]
?[0m?[0;34m12:59 DEBUG o.s.s.w.c.HttpSessionSecurityContextRepository - Stored SecurityContextImpl [Authentication=UsernamePasswordAuthenticationToken [Principal=engine.UserDetailsImp@226e0b9b, Credentials=[PROTECTED], Authenticated=true, Details=WebAuthenticationDetails [RemoteIpAddress=127.0.0.1, SessionId=null], Granted Authorities=[]]] to HttpSession [org.apache.catalina.session.StandardSessionFacade@34b10fbc]
?[0m?[0;34m12:59 DEBUG o.s.s.w.c.SecurityContextPersistenceFilter - Cleared SecurityContextHolder to complete request
?[1;31m
Start test 127?[0m
?[0m?[0;34m12:59 DEBUG o.s.security.web.FilterChainProxy - Securing POST /api/quizzes/6/solve
?[0m?[0;34m12:59 DEBUG o.s.s.w.c.SecurityContextPersistenceFilter - Set SecurityContextHolder to empty SecurityContext
?[0m?[0;34m
?[0m?[0;34mTHE loadUserByUsername is called with the argument: test@google.com
?[0m?[0;34m
?[0m?[0;34m12:59 DEBUG o.s.s.a.d.DaoAuthenticationProvider - Authenticated user
?[0m?[0;34m12:59 DEBUG o.s.s.w.a.w.BasicAuthenticationFilter - Set SecurityContextHolder to UsernamePasswordAuthenticationToken [Principal=engine.UserDetailsImp@6725cb72, Credentials=[PROTECTED], Authenticated=true, Details=WebAuthenticationDetails [RemoteIpAddress=127.0.0.1, SessionId=null], Granted Authorities=[]]
?[0m?[0;34m12:59 DEBUG o.s.s.w.c.HttpSessionSecurityContextRepository - Created HttpSession as SecurityContext is non-default
?[0m?[0;34m12:59 DEBUG o.s.s.w.c.HttpSessionSecurityContextRepository - Stored SecurityContextImpl [Authentication=UsernamePasswordAuthenticationToken [Principal=engine.UserDetailsImp@6725cb72, Credentials=[PROTECTED], Authenticated=true, Details=WebAuthenticationDetails [RemoteIpAddress=127.0.0.1, SessionId=null], Granted Authorities=[]]] to HttpSession [org.apache.catalina.session.StandardSessionFacade@2afce6a1]
?[0m?[0;34m12:59 DEBUG o.s.s.w.u.m.RegexRequestMatcher - Checking match of request : '/api/quizzes/6/solve'; against '/api/register'
?[0m?[0;34m12:59 DEBUG o.s.s.w.u.m.RegexRequestMatcher - Checking match of request : '/api/quizzes/6/solve'; against '/actuator/shutdown'
?[0m?[0;34m12:59 DEBUG o.s.security.web.FilterChainProxy - Secured POST /api/quizzes/6/solve
?[0m?[0;34m12:59 DEBUG o.s.s.w.c.HttpSessionSecurityContextRepository - Stored SecurityContextImpl [Authentication=UsernamePasswordAuthenticationToken [Principal=engine.UserDetailsImp@6725cb72, Credentials=[PROTECTED], Authenticated=true, Details=WebAuthenticationDetails [RemoteIpAddress=127.0.0.1, SessionId=null], Granted Authorities=[]]] to HttpSession [org.apache.catalina.session.StandardSessionFacade@2afce6a1]
?[0m?[0;34m12:59 DEBUG o.s.s.w.c.HttpSessionSecurityContextRepository - Stored SecurityContextImpl [Authentication=UsernamePasswordAuthenticationToken [Principal=engine.UserDetailsImp@6725cb72, Credentials=[PROTECTED], Authenticated=true, Details=WebAuthenticationDetails [RemoteIpAddress=127.0.0.1, SessionId=null], Granted Authorities=[]]] to HttpSession [org.apache.catalina.session.StandardSessionFacade@2afce6a1]
?[0m?[0;34m12:59 DEBUG o.s.s.w.c.SecurityContextPersistenceFilter - Cleared SecurityContextHolder to complete request
?[1;31m
Start test 128?[0m
?[0m?[0;34m12:59 DEBUG o.s.security.web.FilterChainProxy - Securing POST /api/quizzes
?[0m?[0;34m12:59 DEBUG o.s.s.w.c.SecurityContextPersistenceFilter - Set SecurityContextHolder to empty SecurityContext
?[0m?[0;34m
?[0m?[0;34mTHE loadUserByUsername is called with the argument: test@google.com
?[0m?[0;34m
?[0m?[0;34m12:59 DEBUG o.s.s.a.d.DaoAuthenticationProvider - Authenticated user
?[0m?[0;34m12:59 DEBUG o.s.s.w.a.w.BasicAuthenticationFilter - Set SecurityContextHolder to UsernamePasswordAuthenticationToken [Principal=engine.UserDetailsImp@39e6e8fa, Credentials=[PROTECTED], Authenticated=true, Details=WebAuthenticationDetails [RemoteIpAddress=127.0.0.1, SessionId=null], Granted Authorities=[]]
?[0m?[0;34m12:59 DEBUG o.s.s.w.c.HttpSessionSecurityContextRepository - Created HttpSession as SecurityContext is non-default
?[0m?[0;34m12:59 DEBUG o.s.s.w.c.HttpSessionSecurityContextRepository - Stored SecurityContextImpl [Authentication=UsernamePasswordAuthenticationToken [Principal=engine.UserDetailsImp@39e6e8fa, Credentials=[PROTECTED], Authenticated=true, Details=WebAuthenticationDetails [RemoteIpAddress=127.0.0.1, SessionId=null], Granted Authorities=[]]] to HttpSession [org.apache.catalina.session.StandardSessionFacade@3ba4c858]
?[0m?[0;34m12:59 DEBUG o.s.s.w.u.m.RegexRequestMatcher - Checking match of request : '/api/quizzes'; against '/api/register'
?[0m?[0;34m12:59 DEBUG o.s.s.w.u.m.RegexRequestMatcher - Checking match of request : '/api/quizzes'; against '/actuator/shutdown'
?[0m?[0;34m12:59 DEBUG o.s.security.web.FilterChainProxy - Secured POST /api/quizzes
?[0m?[0;34m12:59 DEBUG o.s.s.w.c.HttpSessionSecurityContextRepository - Stored SecurityContextImpl [Authentication=UsernamePasswordAuthenticationToken [Principal=engine.UserDetailsImp@39e6e8fa, Credentials=[PROTECTED], Authenticated=true, Details=WebAuthenticationDetails [RemoteIpAddress=127.0.0.1, SessionId=null], Granted Authorities=[]]] to HttpSession [org.apache.catalina.session.StandardSessionFacade@3ba4c858]
?[0m?[0;34m12:59 DEBUG o.s.s.w.c.HttpSessionSecurityContextRepository - Stored SecurityContextImpl [Authentication=UsernamePasswordAuthenticationToken [Principal=engine.UserDetailsImp@39e6e8fa, Credentials=[PROTECTED], Authenticated=true, Details=WebAuthenticationDetails [RemoteIpAddress=127.0.0.1, SessionId=null], Granted Authorities=[]]] to HttpSession [org.apache.catalina.session.StandardSessionFacade@3ba4c858]
?[0m?[0;34m12:59 DEBUG o.s.s.w.c.SecurityContextPersistenceFilter - Cleared SecurityContextHolder to complete request
?[1;31m
Start test 129?[0m
?[0m?[0;34m12:59 DEBUG o.s.security.web.FilterChainProxy - Securing GET /api/quizzes/7
?[0m?[0;34m12:59 DEBUG o.s.s.w.c.SecurityContextPersistenceFilter - Set SecurityContextHolder to empty SecurityContext
?[0m?[0;34m
?[0m?[0;34mTHE loadUserByUsername is called with the argument: test@google.com
?[0m?[0;34m
?[0m?[0;34m12:59 DEBUG o.s.s.a.d.DaoAuthenticationProvider - Authenticated user
?[0m?[0;34m12:59 DEBUG o.s.s.w.a.w.BasicAuthenticationFilter - Set SecurityContextHolder to UsernamePasswordAuthenticationToken [Principal=engine.UserDetailsImp@6b633c0a, Credentials=[PROTECTED], Authenticated=true, Details=WebAuthenticationDetails [RemoteIpAddress=127.0.0.1, SessionId=null], Granted Authorities=[]]
?[0m?[0;34m12:59 DEBUG o.s.s.w.c.HttpSessionSecurityContextRepository - Created HttpSession as SecurityContext is non-default
?[0m?[0;34m12:59 DEBUG o.s.s.w.c.HttpSessionSecurityContextRepository - Stored SecurityContextImpl [Authentication=UsernamePasswordAuthenticationToken [Principal=engine.UserDetailsImp@6b633c0a, Credentials=[PROTECTED], Authenticated=true, Details=WebAuthenticationDetails [RemoteIpAddress=127.0.0.1, SessionId=null], Granted Authorities=[]]] to HttpSession [org.apache.catalina.session.StandardSessionFacade@78bd3081]
?[0m?[0;34m12:59 DEBUG o.s.security.web.FilterChainProxy - Secured GET /api/quizzes/7
?[0m?[0;34m12:59 DEBUG o.s.s.w.c.HttpSessionSecurityContextRepository - Stored SecurityContextImpl [Authentication=UsernamePasswordAuthenticationToken [Principal=engine.UserDetailsImp@6b633c0a, Credentials=[PROTECTED], Authenticated=true, Details=WebAuthenticationDetails [RemoteIpAddress=127.0.0.1, SessionId=null], Granted Authorities=[]]] to HttpSession [org.apache.catalina.session.StandardSessionFacade@78bd3081]
?[0m?[0;34m12:59 DEBUG o.s.s.w.c.HttpSessionSecurityContextRepository - Stored SecurityContextImpl [Authentication=UsernamePasswordAuthenticationToken [Principal=engine.UserDetailsImp@6b633c0a, Credentials=[PROTECTED], Authenticated=true, Details=WebAuthenticationDetails [RemoteIpAddress=127.0.0.1, SessionId=null], Granted Authorities=[]]] to HttpSession [org.apache.catalina.session.StandardSessionFacade@78bd3081]
?[0m?[0;34m12:59 DEBUG o.s.s.w.c.SecurityContextPersistenceFilter - Cleared SecurityContextHolder to complete request
?[1;31m
Start test 130?[0m
?[0m?[0;34m12:59 DEBUG o.s.security.web.FilterChainProxy - Securing GET /api/quizzes/132
?[0m?[0;34m12:59 DEBUG o.s.s.w.c.SecurityContextPersistenceFilter - Set SecurityContextHolder to empty SecurityContext
?[0m?[0;34m
?[0m?[0;34mTHE loadUserByUsername is called with the argument: test@google.com
?[0m?[0;34m
?[0m?[0;34m12:59 DEBUG o.s.s.a.d.DaoAuthenticationProvider - Authenticated user
?[0m?[0;34m12:59 DEBUG o.s.s.w.a.w.BasicAuthenticationFilter - Set SecurityContextHolder to UsernamePasswordAuthenticationToken [Principal=engine.UserDetailsImp@2faefa1f, Credentials=[PROTECTED], Authenticated=true, Details=WebAuthenticationDetails [RemoteIpAddress=127.0.0.1, SessionId=null], Granted Authorities=[]]
?[0m?[0;34m12:59 DEBUG o.s.s.w.c.HttpSessionSecurityContextRepository - Created HttpSession as SecurityContext is non-default
?[0m?[0;34m12:59 DEBUG o.s.s.w.c.HttpSessionSecurityContextRepository - Stored SecurityContextImpl [Authentication=UsernamePasswordAuthenticationToken [Principal=engine.UserDetailsImp@2faefa1f, Credentials=[PROTECTED], Authenticated=true, Details=WebAuthenticationDetails [RemoteIpAddress=127.0.0.1, SessionId=null], Granted Authorities=[]]] to HttpSession [org.apache.catalina.session.StandardSessionFacade@5bdc7efe]
?[0m?[0;34m12:59 DEBUG o.s.security.web.FilterChainProxy - Secured GET /api/quizzes/132
?[0m?[0;34m12:59 WARN  o.s.w.s.m.m.a.ExceptionHandlerExceptionResolver - Failure in @ExceptionHandler engine.Exceptionist#handleBadRequestExceptions(RuntimeException, WebRequest)
?[0m?[0;34morg.springframework.web.HttpMediaTypeNotAcceptableException: Could not find acceptable representation
?[0m?[0;34m	at org.springframework.web.servlet.mvc.method.annotation.AbstractMessageConverterMethodProcessor.writeWithMessageConverters(AbstractMessageConverterMethodProcessor.java:315)
?[0m?[0;34m	at org.springframework.web.servlet.mvc.method.annotation.HttpEntityMethodProcessor.handleReturnValue(HttpEntityMethodProcessor.java:219)
?[0m?[0;34m	at org.springframework.web.method.support.HandlerMethodReturnValueHandlerComposite.handleReturnValue(HandlerMethodReturnValueHandlerComposite.java:78)
?[0m?[0;34m	at org.springframework.web.servlet.mvc.method.annotation.ServletInvocableHandlerMethod.invokeAndHandle(ServletInvocableHandlerMethod.java:135)
?[0m?[0;34m	at org.springframework.web.servlet.mvc.method.annotation.ExceptionHandlerExceptionResolver.doResolveHandlerMethodException(ExceptionHandlerExceptionResolver.java:428)
?[0m?[0;34m	at org.springframework.web.servlet.handler.AbstractHandlerMethodExceptionResolver.doResolveException(AbstractHandlerMethodExceptionResolver.java:75)
?[0m?[0;34m	at org.springframework.web.servlet.handler.AbstractHandlerExceptionResolver.resolveException(AbstractHandlerExceptionResolver.java:142)
?[0m?[0;34m	at org.springframework.web.servlet.handler.HandlerExceptionResolverComposite.resolveException(HandlerExceptionResolverComposite.java:80)
?[0m?[0;34m	at org.springframework.web.servlet.DispatcherServlet.processHandlerException(DispatcherServlet.java:1327)
?[0m?[0;34m	at org.springframework.web.servlet.DispatcherServlet.processDispatchResult(DispatcherServlet.java:1138)
?[0m?[0;34m	at org.springframework.web.servlet.DispatcherServlet.doDispatch(DispatcherServlet.java:1084)
?[0m?[0;34m	at org.springframework.web.servlet.DispatcherServlet.doService(DispatcherServlet.java:963)
?[0m?[0;34m	at org.springframework.web.servlet.FrameworkServlet.processRequest(FrameworkServlet.java:1006)
?[0m?[0;34m	at org.springframework.web.servlet.FrameworkServlet.doGet(FrameworkServlet.java:898)
?[0m?[0;34m	at javax.servlet.http.HttpServlet.service(HttpServlet.java:655)
?[0m?[0;34m	at org.springframework.web.servlet.FrameworkServlet.service(FrameworkServlet.java:883)
?[0m?[0;34m	at javax.servlet.http.HttpServlet.service(HttpServlet.java:764)
?[0m?[0;34m	at jdk.internal.reflect.GeneratedMethodAccessor64.invoke(Unknown Source)
?[0m?[0;34m	at java.base/jdk.internal.reflect.DelegatingMethodAccessorImpl.invoke(DelegatingMethodAccessorImpl.java:43)
?[0m?[0;34m	at java.base/java.lang.reflect.Method.invoke(Method.java:568)
?[0m?[0;34m	at org.apache.catalina.security.SecurityUtil.lambda$execute$0(SecurityUtil.java:280)
?[0m?[0;34m	at java.base/java.security.AccessController.doPrivileged(AccessController.java:712)
?[0m?[0;34m	at java.base/javax.security.auth.Subject.doAsPrivileged(Subject.java:584)
?[0m?[0;34m	at org.apache.catalina.security.SecurityUtil.execute(SecurityUtil.java:311)
?[0m?[0;34m	at org.apache.catalina.security.SecurityUtil.doAsPrivilege(SecurityUtil.java:170)
?[0m?[0;34m	at org.apache.catalina.core.ApplicationFilterChain.internalDoFilter(ApplicationFilterChain.java:221)
?[0m?[0;34m	at org.apache.catalina.core.ApplicationFilterChain.lambda$doFilter$0(ApplicationFilterChain.java:145)
?[0m?[0;34m	at java.base/java.security.AccessController.doPrivileged(AccessController.java:569)
?[0m?[0;34m	at org.apache.catalina.core.ApplicationFilterChain.doFilter(ApplicationFilterChain.java:143)
?[0m?[0;34m	at org.apache.tomcat.websocket.server.WsFilter.doFilter(WsFilter.java:53)
?[0m?[0;34m	at jdk.internal.reflect.GeneratedMethodAccessor54.invoke(Unknown Source)
?[0m?[0;34m	at java.base/jdk.internal.reflect.DelegatingMethodAccessorImpl.invoke(DelegatingMethodAccessorImpl.java:43)
?[0m?[0;34m	at java.base/java.lang.reflect.Method.invoke(Method.java:568)
?[0m?[0;34m	at org.apache.catalina.security.SecurityUtil.lambda$execute$0(SecurityUtil.java:280)
?[0m?[0;34m	at java.base/java.security.AccessController.doPrivileged(AccessController.java:712)
?[0m?[0;34m	at java.base/javax.security.auth.Subject.doAsPrivileged(Subject.java:584)
?[0m?[0;34m	at org.apache.catalina.security.SecurityUtil.execute(SecurityUtil.java:311)
?[0m?[0;34m	at org.apache.catalina.security.SecurityUtil.doAsPrivilege(SecurityUtil.java:253)
?[0m?[0;34m	at org.apache.catalina.core.ApplicationFilterChain.internalDoFilter(ApplicationFilterChain.java:187)
?[0m?[0;34m	at org.apache.catalina.core.ApplicationFilterChain.lambda$doFilter$0(ApplicationFilterChain.java:145)
?[0m?[0;34m	at java.base/java.security.AccessController.doPrivileged(AccessController.java:569)
?[0m?[0;34m	at org.apache.catalina.core.ApplicationFilterChain.doFilter(ApplicationFilterChain.java:143)
?[0m?[0;34m	at org.springframework.security.web.FilterChainProxy$VirtualFilterChain.doFilter(FilterChainProxy.java:327)
?[0m?[0;34m	at org.springframework.security.web.access.intercept.AuthorizationFilter.doFilterInternal(AuthorizationFilter.java:58)
?[0m?[0;34m	at org.springframework.web.filter.OncePerRequestFilter.doFilter(OncePerRequestFilter.java:119)
?[0m?[0;34m	at org.springframework.security.web.FilterChainProxy$VirtualFilterChain.doFilter(FilterChainProxy.java:336)
?[0m?[0;34m	at org.springframework.security.web.access.ExceptionTranslationFilter.doFilter(ExceptionTranslationFilter.java:121)
?[0m?[0;34m	at org.springframework.security.web.access.ExceptionTranslationFilter.doFilter(ExceptionTranslationFilter.java:115)
?[0m?[0;34m	at org.springframework.security.web.FilterChainProxy$VirtualFilterChain.doFilter(FilterChainProxy.java:336)
?[0m?[0;34m	at org.springframework.security.web.session.SessionManagementFilter.doFilter(SessionManagementFilter.java:126)
?[0m?[0;34m	at org.springframework.security.web.session.SessionManagementFilter.doFilter(SessionManagementFilter.java:81)
?[0m?[0;34m	at org.springframework.security.web.FilterChainProxy$VirtualFilterChain.doFilter(FilterChainProxy.java:336)
?[0m?[0;34m	at org.springframework.security.web.authentication.AnonymousAuthenticationFilter.doFilter(AnonymousAuthenticationFilter.java:105)
?[0m?[0;34m	at org.springframework.security.web.FilterChainProxy$VirtualFilterChain.doFilter(FilterChainProxy.java:336)
?[0m?[0;34m	at org.springframework.security.web.servletapi.SecurityContextHolderAwareRequestFilter.doFilter(SecurityContextHolderAwareRequestFilter.java:149)
?[0m?[0;34m	at org.springframework.security.web.FilterChainProxy$VirtualFilterChain.doFilter(FilterChainProxy.java:336)
?[0m?[0;34m	at org.springframework.security.web.savedrequest.RequestCacheAwareFilter.doFilter(RequestCacheAwareFilter.java:63)
?[0m?[0;34m	at org.springframework.security.web.FilterChainProxy$VirtualFilterChain.doFilter(FilterChainProxy.java:336)
?[0m?[0;34m	at org.springframework.security.web.authentication.www.BasicAuthenticationFilter.doFilterInternal(BasicAuthenticationFilter.java:178)
?[0m?[0;34m	at org.springframework.web.filter.OncePerRequestFilter.doFilter(OncePerRequestFilter.java:119)
?[0m?[0;34m	at org.springframework.security.web.FilterChainProxy$VirtualFilterChain.doFilter(FilterChainProxy.java:336)
?[0m?[0;34m	at org.springframework.security.web.authentication.logout.LogoutFilter.doFilter(LogoutFilter.java:103)
?[0m?[0;34m	at org.springframework.security.web.authentication.logout.LogoutFilter.doFilter(LogoutFilter.java:89)
?[0m?[0;34m	at org.springframework.security.web.FilterChainProxy$VirtualFilterChain.doFilter(FilterChainProxy.java:336)
?[0m?[0;34m	at org.springframework.security.web.header.HeaderWriterFilter.doHeadersAfter(HeaderWriterFilter.java:90)
?[0m?[0;34m	at org.springframework.security.web.header.HeaderWriterFilter.doFilterInternal(HeaderWriterFilter.java:75)
?[0m?[0;34m	at org.springframework.web.filter.OncePerRequestFilter.doFilter(OncePerRequestFilter.java:119)
?[0m?[0;34m	at org.springframework.security.web.FilterChainProxy$VirtualFilterChain.doFilter(FilterChainProxy.java:336)
?[0m?[0;34m	at org.springframework.security.web.context.SecurityContextPersistenceFilter.doFilter(SecurityContextPersistenceFilter.java:110)
?[0m?[0;34m	at org.springframework.security.web.context.SecurityContextPersistenceFilter.doFilter(SecurityContextPersistenceFilter.java:80)
?[0m?[0;34m	at org.springframework.security.web.FilterChainProxy$VirtualFilterChain.doFilter(FilterChainProxy.java:336)
?[0m?[0;34m	at org.springframework.security.web.context.request.async.WebAsyncManagerIntegrationFilter.doFilterInternal(WebAsyncManagerIntegrationFilter.java:55)
?[0m?[0;34m	at org.springframework.web.filter.OncePerRequestFilter.doFilter(OncePerRequestFilter.java:119)
?[0m?[0;34m	at org.springframework.security.web.FilterChainProxy$VirtualFilterChain.doFilter(FilterChainProxy.java:336)
?[0m?[0;34m	at org.springframework.security.web.FilterChainProxy.doFilterInternal(FilterChainProxy.java:211)
?[0m?[0;34m	at org.springframework.security.web.FilterChainProxy.doFilter(FilterChainProxy.java:183)
?[0m?[0;34m	at org.springframework.web.filter.DelegatingFilterProxy.invokeDelegate(DelegatingFilterProxy.java:358)
?[0m?[0;34m	at org.springframework.web.filter.DelegatingFilterProxy.doFilter(DelegatingFilterProxy.java:271)
?[0m?[0;34m	at jdk.internal.reflect.GeneratedMethodAccessor54.invoke(Unknown Source)
?[0m?[0;34m	at java.base/jdk.internal.reflect.DelegatingMethodAccessorImpl.invoke(DelegatingMethodAccessorImpl.java:43)
?[0m?[0;34m	at java.base/java.lang.reflect.Method.invoke(Method.java:568)
?[0m?[0;34m	at org.apache.catalina.security.SecurityUtil.lambda$execute$0(SecurityUtil.java:280)
?[0m?[0;34m	at java.base/java.security.AccessController.doPrivileged(AccessController.java:712)
?[0m?[0;34m	at java.base/javax.security.auth.Subject.doAsPrivileged(Subject.java:584)
?[0m?[0;34m	at org.apache.catalina.security.SecurityUtil.execute(SecurityUtil.java:311)
?[0m?[0;34m	at org.apache.catalina.security.SecurityUtil.doAsPrivilege(SecurityUtil.java:253)
?[0m?[0;34m	at org.apache.catalina.core.ApplicationFilterChain.internalDoFilter(ApplicationFilterChain.java:187)
?[0m?[0;34m	at org.apache.catalina.core.ApplicationFilterChain.lambda$doFilter$0(ApplicationFilterChain.java:145)
?[0m?[0;34m	at java.base/java.security.AccessController.doPrivileged(AccessController.java:569)
?[0m?[0;34m	at org.apache.catalina.core.ApplicationFilterChain.doFilter(ApplicationFilterChain.java:143)
?[0m?[0;34m	at org.springframework.web.filter.RequestContextFilter.doFilterInternal(RequestContextFilter.java:100)
?[0m?[0;34m	at org.springframework.web.filter.OncePerRequestFilter.doFilter(OncePerRequestFilter.java:119)
?[0m?[0;34m	at jdk.internal.reflect.GeneratedMethodAccessor54.invoke(Unknown Source)
?[0m?[0;34m	at java.base/jdk.internal.reflect.DelegatingMethodAccessorImpl.invoke(DelegatingMethodAccessorImpl.java:43)
?[0m?[0;34m	at java.base/java.lang.reflect.Method.invoke(Method.java:568)
?[0m?[0;34m	at org.apache.catalina.security.SecurityUtil.lambda$execute$0(SecurityUtil.java:280)
?[0m?[0;34m	at java.base/java.security.AccessController.doPrivileged(AccessController.java:712)
?[0m?[0;34m	at java.base/javax.security.auth.Subject.doAsPrivileged(Subject.java:584)
?[0m?[0;34m	at org.apache.catalina.security.SecurityUtil.execute(SecurityUtil.java:311)
?[0m?[0;34m	at org.apache.catalina.security.SecurityUtil.doAsPrivilege(SecurityUtil.java:253)
?[0m?[0;34m	at org.apache.catalina.core.ApplicationFilterChain.internalDoFilter(ApplicationFilterChain.java:187)
?[0m?[0;34m	at org.apache.catalina.core.ApplicationFilterChain.lambda$doFilter$0(ApplicationFilterChain.java:145)
?[0m?[0;34m	at java.base/java.security.AccessController.doPrivileged(AccessController.java:569)
?[0m?[0;34m	at org.apache.catalina.core.ApplicationFilterChain.doFilter(ApplicationFilterChain.java:143)
?[0m?[0;34m	at org.springframework.web.filter.FormContentFilter.doFilterInternal(FormContentFilter.java:93)
?[0m?[0;34m	at org.springframework.web.filter.OncePerRequestFilter.doFilter(OncePerRequestFilter.java:119)
?[0m?[0;34m	at jdk.internal.reflect.GeneratedMethodAccessor54.invoke(Unknown Source)
?[0m?[0;34m	at java.base/jdk.internal.reflect.DelegatingMethodAccessorImpl.invoke(DelegatingMethodAccessorImpl.java:43)
?[0m?[0;34m	at java.base/java.lang.reflect.Method.invoke(Method.java:568)
?[0m?[0;34m	at org.apache.catalina.security.SecurityUtil.lambda$execute$0(SecurityUtil.java:280)
?[0m?[0;34m	at java.base/java.security.AccessController.doPrivileged(AccessController.java:712)
?[0m?[0;34m	at java.base/javax.security.auth.Subject.doAsPrivileged(Subject.java:584)
?[0m?[0;34m	at org.apache.catalina.security.SecurityUtil.execute(SecurityUtil.java:311)
?[0m?[0;34m	at org.apache.catalina.security.SecurityUtil.doAsPrivilege(SecurityUtil.java:253)
?[0m?[0;34m	at org.apache.catalina.core.ApplicationFilterChain.internalDoFilter(ApplicationFilterChain.java:187)
?[0m?[0;34m	at org.apache.catalina.core.ApplicationFilterChain.lambda$doFilter$0(ApplicationFilterChain.java:145)
?[0m?[0;34m	at java.base/java.security.AccessController.doPrivileged(AccessController.java:569)
?[0m?[0;34m	at org.apache.catalina.core.ApplicationFilterChain.doFilter(ApplicationFilterChain.java:143)
?[0m?[0;34m	at org.springframework.boot.actuate.metrics.web.servlet.WebMvcMetricsFilter.doFilterInternal(WebMvcMetricsFilter.java:96)
?[0m?[0;34m	at org.springframework.web.filter.OncePerRequestFilter.doFilter(OncePerRequestFilter.java:119)
?[0m?[0;34m	at jdk.internal.reflect.GeneratedMethodAccessor54.invoke(Unknown Source)
?[0m?[0;34m	at java.base/jdk.internal.reflect.DelegatingMethodAccessorImpl.invoke(DelegatingMethodAccessorImpl.java:43)
?[0m?[0;34m	at java.base/java.lang.reflect.Method.invoke(Method.java:568)
?[0m?[0;34m	at org.apache.catalina.security.SecurityUtil.lambda$execute$0(SecurityUtil.java:280)
?[0m?[0;34m	at java.base/java.security.AccessController.doPrivileged(AccessController.java:712)
?[0m?[0;34m	at java.base/javax.security.auth.Subject.doAsPrivileged(Subject.java:584)
?[0m?[0;34m	at org.apache.catalina.security.SecurityUtil.execute(SecurityUtil.java:311)
?[0m?[0;34m	at org.apache.catalina.security.SecurityUtil.doAsPrivilege(SecurityUtil.java:253)
?[0m?[0;34m	at org.apache.catalina.core.ApplicationFilterChain.internalDoFilter(ApplicationFilterChain.java:187)
?[0m?[0;34m	at org.apache.catalina.core.ApplicationFilterChain.lambda$doFilter$0(ApplicationFilterChain.java:145)
?[0m?[0;34m	at java.base/java.security.AccessController.doPrivileged(AccessController.java:569)
?[0m?[0;34m	at org.apache.catalina.core.ApplicationFilterChain.doFilter(ApplicationFilterChain.java:143)
?[0m?[0;34m	at org.springframework.web.filter.CharacterEncodingFilter.doFilterInternal(CharacterEncodingFilter.java:201)
?[0m?[0;34m	at org.springframework.web.filter.OncePerRequestFilter.doFilter(OncePerRequestFilter.java:119)
?[0m?[0;34m	at jdk.internal.reflect.GeneratedMethodAccessor54.invoke(Unknown Source)
?[0m?[0;34m	at java.base/jdk.internal.reflect.DelegatingMethodAccessorImpl.invoke(DelegatingMethodAccessorImpl.java:43)
?[0m?[0;34m	at java.base/java.lang.reflect.Method.invoke(Method.java:568)
?[0m?[0;34m	at org.apache.catalina.security.SecurityUtil.lambda$execute$0(SecurityUtil.java:280)
?[0m?[0;34m	at java.base/java.security.AccessController.doPrivileged(AccessController.java:712)
?[0m?[0;34m	at java.base/javax.security.auth.Subject.doAsPrivileged(Subject.java:584)
?[0m?[0;34m	at org.apache.catalina.security.SecurityUtil.execute(SecurityUtil.java:311)
?[0m?[0;34m	at org.apache.catalina.security.SecurityUtil.doAsPrivilege(SecurityUtil.java:253)
?[0m?[0;34m	at org.apache.catalina.core.ApplicationFilterChain.internalDoFilter(ApplicationFilterChain.java:187)
?[0m?[0;34m	at org.apache.catalina.core.ApplicationFilterChain.lambda$doFilter$0(ApplicationFilterChain.java:145)
?[0m?[0;34m	at java.base/java.security.AccessController.doPrivileged(AccessController.java:569)
?[0m?[0;34m	at org.apache.catalina.core.ApplicationFilterChain.doFilter(ApplicationFilterChain.java:143)
?[0m?[0;34m	at org.apache.catalina.core.StandardWrapperValve.invoke(StandardWrapperValve.java:197)
?[0m?[0;34m	at org.apache.catalina.core.StandardContextValve.invoke(StandardContextValve.java:97)
?[0m?[0;34m	at org.apache.catalina.authenticator.AuthenticatorBase.invoke(AuthenticatorBase.java:540)
?[0m?[0;34m	at org.apache.catalina.core.StandardHostValve.invoke(StandardHostValve.java:135)
?[0m?[0;34m	at org.apache.catalina.valves.ErrorReportValve.invoke(ErrorReportValve.java:92)
?[0m?[0;34m	at org.apache.catalina.core.StandardEngineValve.invoke(StandardEngineValve.java:78)
?[0m?[0;34m	at org.apache.catalina.connector.CoyoteAdapter.service(CoyoteAdapter.java:357)
?[0m?[0;34m	at org.apache.coyote.http11.Http11Processor.service(Http11Processor.java:382)
?[0m?[0;34m	at org.apache.coyote.AbstractProcessorLight.process(AbstractProcessorLight.java:65)
?[0m?[0;34m	at org.apache.coyote.AbstractProtocol$ConnectionHandler.process(AbstractProtocol.java:895)
?[0m?[0;34m	at org.apache.tomcat.util.net.NioEndpoint$SocketProcessor.doRun(NioEndpoint.java:1722)
?[0m?[0;34m	at org.apache.tomcat.util.net.SocketProcessorBase.run(SocketProcessorBase.java:49)
?[0m?[0;34m	at org.apache.tomcat.util.threads.ThreadPoolExecutor.runWorker(ThreadPoolExecutor.java:1191)
?[0m?[0;34m	at org.apache.tomcat.util.threads.ThreadPoolExecutor$Worker.run(ThreadPoolExecutor.java:659)
?[0m?[0;34m	at org.apache.tomcat.util.threads.TaskThread$WrappingRunnable.run(TaskThread.java:61)
?[0m?[0;34m	at java.base/java.lang.Thread.run(Thread.java:842)
?[0m?[0;34m12:59 DEBUG o.s.s.w.c.HttpSessionSecurityContextRepository - Stored SecurityContextImpl [Authentication=UsernamePasswordAuthenticationToken [Principal=engine.UserDetailsImp@2faefa1f, Credentials=[PROTECTED], Authenticated=true, Details=WebAuthenticationDetails [RemoteIpAddress=127.0.0.1, SessionId=null], Granted Authorities=[]]] to HttpSession [org.apache.catalina.session.StandardSessionFacade@5bdc7efe]
?[0m?[0;34m12:59 DEBUG o.s.s.w.c.HttpSessionSecurityContextRepository - Stored SecurityContextImpl [Authentication=UsernamePasswordAuthenticationToken [Principal=engine.UserDetailsImp@2faefa1f, Credentials=[PROTECTED], Authenticated=true, Details=WebAuthenticationDetails [RemoteIpAddress=127.0.0.1, SessionId=null], Granted Authorities=[]]] to HttpSession [org.apache.catalina.session.StandardSessionFacade@5bdc7efe]
?[0m?[0;34m12:59 DEBUG o.s.s.w.c.SecurityContextPersistenceFilter - Cleared SecurityContextHolder to complete request
?[0m?[0;34m12:59 DEBUG o.s.security.web.FilterChainProxy - Securing GET /error
?[0m?[0;34m12:59 DEBUG o.s.s.w.c.HttpSessionSecurityContextRepository - Retrieved SecurityContextImpl [Authentication=UsernamePasswordAuthenticationToken [Principal=engine.UserDetailsImp@2faefa1f, Credentials=[PROTECTED], Authenticated=true, Details=WebAuthenticationDetails [RemoteIpAddress=127.0.0.1, SessionId=null], Granted Authorities=[]]]
?[0m?[0;34m12:59 DEBUG o.s.s.w.c.SecurityContextPersistenceFilter - Set SecurityContextHolder to SecurityContextImpl [Authentication=UsernamePasswordAuthenticationToken [Principal=engine.UserDetailsImp@2faefa1f, Credentials=[PROTECTED], Authenticated=true, Details=WebAuthenticationDetails [RemoteIpAddress=127.0.0.1, SessionId=null], Granted Authorities=[]]]
?[0m?[0;34m12:59 DEBUG o.s.security.web.FilterChainProxy - Secured GET /error
?[0m?[0;34m12:59 DEBUG o.s.s.w.c.SecurityContextPersistenceFilter - Cleared SecurityContextHolder to complete request
?[1;31m
Start test 131?[0m
?[0m?[0;34m12:59 DEBUG o.s.security.web.FilterChainProxy - Securing POST /api/quizzes/7/solve
?[0m?[0;34m12:59 DEBUG o.s.s.w.c.SecurityContextPersistenceFilter - Set SecurityContextHolder to empty SecurityContext
?[0m?[0;34m
?[0m?[0;34mTHE loadUserByUsername is called with the argument: user@google.com
?[0m?[0;34m
?[0m?[0;34m12:59 DEBUG o.s.s.a.d.DaoAuthenticationProvider - Authenticated user
?[0m?[0;34m12:59 DEBUG o.s.s.w.a.w.BasicAuthenticationFilter - Set SecurityContextHolder to UsernamePasswordAuthenticationToken [Principal=engine.UserDetailsImp@f84ea94, Credentials=[PROTECTED], Authenticated=true, Details=WebAuthenticationDetails [RemoteIpAddress=127.0.0.1, SessionId=null], Granted Authorities=[]]
?[0m?[0;34m12:59 DEBUG o.s.s.w.c.HttpSessionSecurityContextRepository - Created HttpSession as SecurityContext is non-default
?[0m?[0;34m12:59 DEBUG o.s.s.w.c.HttpSessionSecurityContextRepository - Stored SecurityContextImpl [Authentication=UsernamePasswordAuthenticationToken [Principal=engine.UserDetailsImp@f84ea94, Credentials=[PROTECTED], Authenticated=true, Details=WebAuthenticationDetails [RemoteIpAddress=127.0.0.1, SessionId=null], Granted Authorities=[]]] to HttpSession [org.apache.catalina.session.StandardSessionFacade@2080e0cd]
?[0m?[0;34m12:59 DEBUG o.s.s.w.u.m.RegexRequestMatcher - Checking match of request : '/api/quizzes/7/solve'; against '/api/register'
?[0m?[0;34m12:59 DEBUG o.s.s.w.u.m.RegexRequestMatcher - Checking match of request : '/api/quizzes/7/solve'; against '/actuator/shutdown'
?[0m?[0;34m12:59 DEBUG o.s.security.web.FilterChainProxy - Secured POST /api/quizzes/7/solve
?[0m?[0;34m12:59 DEBUG o.s.s.w.c.HttpSessionSecurityContextRepository - Stored SecurityContextImpl [Authentication=UsernamePasswordAuthenticationToken [Principal=engine.UserDetailsImp@f84ea94, Credentials=[PROTECTED], Authenticated=true, Details=WebAuthenticationDetails [RemoteIpAddress=127.0.0.1, SessionId=null], Granted Authorities=[]]] to HttpSession [org.apache.catalina.session.StandardSessionFacade@2080e0cd]
?[0m?[0;34m12:59 DEBUG o.s.s.w.c.HttpSessionSecurityContextRepository - Stored SecurityContextImpl [Authentication=UsernamePasswordAuthenticationToken [Principal=engine.UserDetailsImp@f84ea94, Credentials=[PROTECTED], Authenticated=true, Details=WebAuthenticationDetails [RemoteIpAddress=127.0.0.1, SessionId=null], Granted Authorities=[]]] to HttpSession [org.apache.catalina.session.StandardSessionFacade@2080e0cd]
?[0m?[0;34m12:59 DEBUG o.s.s.w.c.SecurityContextPersistenceFilter - Cleared SecurityContextHolder to complete request
?[1;31m
Start test 132?[0m
?[0m?[0;34m12:59 DEBUG o.s.security.web.FilterChainProxy - Securing POST /api/quizzes/7/solve
?[0m?[0;34m12:59 DEBUG o.s.s.w.c.SecurityContextPersistenceFilter - Set SecurityContextHolder to empty SecurityContext
?[0m?[0;34m
?[0m?[0;34mTHE loadUserByUsername is called with the argument: user@google.com
?[0m?[0;34m
?[0m?[0;34m12:59 DEBUG o.s.s.a.d.DaoAuthenticationProvider - Authenticated user
?[0m?[0;34m12:59 DEBUG o.s.s.w.a.w.BasicAuthenticationFilter - Set SecurityContextHolder to UsernamePasswordAuthenticationToken [Principal=engine.UserDetailsImp@43eb67e4, Credentials=[PROTECTED], Authenticated=true, Details=WebAuthenticationDetails [RemoteIpAddress=127.0.0.1, SessionId=null], Granted Authorities=[]]
?[0m?[0;34m12:59 DEBUG o.s.s.w.c.HttpSessionSecurityContextRepository - Created HttpSession as SecurityContext is non-default
?[0m?[0;34m12:59 DEBUG o.s.s.w.c.HttpSessionSecurityContextRepository - Stored SecurityContextImpl [Authentication=UsernamePasswordAuthenticationToken [Principal=engine.UserDetailsImp@43eb67e4, Credentials=[PROTECTED], Authenticated=true, Details=WebAuthenticationDetails [RemoteIpAddress=127.0.0.1, SessionId=null], Granted Authorities=[]]] to HttpSession [org.apache.catalina.session.StandardSessionFacade@295a8411]
?[0m?[0;34m12:59 DEBUG o.s.s.w.u.m.RegexRequestMatcher - Checking match of request : '/api/quizzes/7/solve'; against '/api/register'
?[0m?[0;34m12:59 DEBUG o.s.s.w.u.m.RegexRequestMatcher - Checking match of request : '/api/quizzes/7/solve'; against '/actuator/shutdown'
?[0m?[0;34m12:59 DEBUG o.s.security.web.FilterChainProxy - Secured POST /api/quizzes/7/solve
?[0m?[0;34m12:59 DEBUG o.s.s.w.c.HttpSessionSecurityContextRepository - Stored SecurityContextImpl [Authentication=UsernamePasswordAuthenticationToken [Principal=engine.UserDetailsImp@43eb67e4, Credentials=[PROTECTED], Authenticated=true, Details=WebAuthenticationDetails [RemoteIpAddress=127.0.0.1, SessionId=null], Granted Authorities=[]]] to HttpSession [org.apache.catalina.session.StandardSessionFacade@295a8411]
?[0m?[0;34m12:59 DEBUG o.s.s.w.c.HttpSessionSecurityContextRepository - Stored SecurityContextImpl [Authentication=UsernamePasswordAuthenticationToken [Principal=engine.UserDetailsImp@43eb67e4, Credentials=[PROTECTED], Authenticated=true, Details=WebAuthenticationDetails [RemoteIpAddress=127.0.0.1, SessionId=null], Granted Authorities=[]]] to HttpSession [org.apache.catalina.session.StandardSessionFacade@295a8411]
?[0m?[0;34m12:59 DEBUG o.s.s.w.c.SecurityContextPersistenceFilter - Cleared SecurityContextHolder to complete request
?[1;31m
Start test 133?[0m
?[0m?[0;34m12:59 DEBUG o.s.security.web.FilterChainProxy - Securing POST /api/quizzes/7/solve
?[0m?[0;34m12:59 DEBUG o.s.s.w.c.SecurityContextPersistenceFilter - Set SecurityContextHolder to empty SecurityContext
?[0m?[0;34m
?[0m?[0;34mTHE loadUserByUsername is called with the argument: user@google.com
?[0m?[0;34m
?[0m?[0;34m12:59 DEBUG o.s.s.a.d.DaoAuthenticationProvider - Authenticated user
?[0m?[0;34m12:59 DEBUG o.s.s.w.a.w.BasicAuthenticationFilter - Set SecurityContextHolder to UsernamePasswordAuthenticationToken [Principal=engine.UserDetailsImp@6efbbef3, Credentials=[PROTECTED], Authenticated=true, Details=WebAuthenticationDetails [RemoteIpAddress=127.0.0.1, SessionId=null], Granted Authorities=[]]
?[0m?[0;34m12:59 DEBUG o.s.s.w.c.HttpSessionSecurityContextRepository - Created HttpSession as SecurityContext is non-default
?[0m?[0;34m12:59 DEBUG o.s.s.w.c.HttpSessionSecurityContextRepository - Stored SecurityContextImpl [Authentication=UsernamePasswordAuthenticationToken [Principal=engine.UserDetailsImp@6efbbef3, Credentials=[PROTECTED], Authenticated=true, Details=WebAuthenticationDetails [RemoteIpAddress=127.0.0.1, SessionId=null], Granted Authorities=[]]] to HttpSession [org.apache.catalina.session.StandardSessionFacade@e635d24]
?[0m?[0;34m12:59 DEBUG o.s.s.w.u.m.RegexRequestMatcher - Checking match of request : '/api/quizzes/7/solve'; against '/api/register'
?[0m?[0;34m12:59 DEBUG o.s.s.w.u.m.RegexRequestMatcher - Checking match of request : '/api/quizzes/7/solve'; against '/actuator/shutdown'
?[0m?[0;34m12:59 DEBUG o.s.security.web.FilterChainProxy - Secured POST /api/quizzes/7/solve
?[0m?[0;34m12:59 DEBUG o.s.s.w.c.HttpSessionSecurityContextRepository - Stored SecurityContextImpl [Authentication=UsernamePasswordAuthenticationToken [Principal=engine.UserDetailsImp@6efbbef3, Credentials=[PROTECTED], Authenticated=true, Details=WebAuthenticationDetails [RemoteIpAddress=127.0.0.1, SessionId=null], Granted Authorities=[]]] to HttpSession [org.apache.catalina.session.StandardSessionFacade@e635d24]
?[0m?[0;34m12:59 DEBUG o.s.s.w.c.HttpSessionSecurityContextRepository - Stored SecurityContextImpl [Authentication=UsernamePasswordAuthenticationToken [Principal=engine.UserDetailsImp@6efbbef3, Credentials=[PROTECTED], Authenticated=true, Details=WebAuthenticationDetails [RemoteIpAddress=127.0.0.1, SessionId=null], Granted Authorities=[]]] to HttpSession [org.apache.catalina.session.StandardSessionFacade@e635d24]
?[0m?[0;34m12:59 DEBUG o.s.s.w.c.SecurityContextPersistenceFilter - Cleared SecurityContextHolder to complete request
?[1;31m
Start test 134?[0m
?[0m?[0;34m12:59 DEBUG o.s.security.web.FilterChainProxy - Securing POST /api/quizzes/7/solve
?[0m?[0;34m12:59 DEBUG o.s.s.w.c.SecurityContextPersistenceFilter - Set SecurityContextHolder to empty SecurityContext
?[0m?[0;34m
?[0m?[0;34mTHE loadUserByUsername is called with the argument: user@google.com
?[0m?[0;34m
?[0m?[0;34m12:59 DEBUG o.s.s.a.d.DaoAuthenticationProvider - Authenticated user
?[0m?[0;34m12:59 DEBUG o.s.s.w.a.w.BasicAuthenticationFilter - Set SecurityContextHolder to UsernamePasswordAuthenticationToken [Principal=engine.UserDetailsImp@91ca509, Credentials=[PROTECTED], Authenticated=true, Details=WebAuthenticationDetails [RemoteIpAddress=127.0.0.1, SessionId=null], Granted Authorities=[]]
?[0m?[0;34m12:59 DEBUG o.s.s.w.c.HttpSessionSecurityContextRepository - Created HttpSession as SecurityContext is non-default
?[0m?[0;34m12:59 DEBUG o.s.s.w.c.HttpSessionSecurityContextRepository - Stored SecurityContextImpl [Authentication=UsernamePasswordAuthenticationToken [Principal=engine.UserDetailsImp@91ca509, Credentials=[PROTECTED], Authenticated=true, Details=WebAuthenticationDetails [RemoteIpAddress=127.0.0.1, SessionId=null], Granted Authorities=[]]] to HttpSession [org.apache.catalina.session.StandardSessionFacade@7d171915]
?[0m?[0;34m12:59 DEBUG o.s.s.w.u.m.RegexRequestMatcher - Checking match of request : '/api/quizzes/7/solve'; against '/api/register'
?[0m?[0;34m12:59 DEBUG o.s.s.w.u.m.RegexRequestMatcher - Checking match of request : '/api/quizzes/7/solve'; against '/actuator/shutdown'
?[0m?[0;34m12:59 DEBUG o.s.security.web.FilterChainProxy - Secured POST /api/quizzes/7/solve
?[0m?[0;34m12:59 DEBUG o.s.s.w.c.HttpSessionSecurityContextRepository - Stored SecurityContextImpl [Authentication=UsernamePasswordAuthenticationToken [Principal=engine.UserDetailsImp@91ca509, Credentials=[PROTECTED], Authenticated=true, Details=WebAuthenticationDetails [RemoteIpAddress=127.0.0.1, SessionId=null], Granted Authorities=[]]] to HttpSession [org.apache.catalina.session.StandardSessionFacade@7d171915]
?[0m?[0;34m12:59 DEBUG o.s.s.w.c.HttpSessionSecurityContextRepository - Stored SecurityContextImpl [Authentication=UsernamePasswordAuthenticationToken [Principal=engine.UserDetailsImp@91ca509, Credentials=[PROTECTED], Authenticated=true, Details=WebAuthenticationDetails [RemoteIpAddress=127.0.0.1, SessionId=null], Granted Authorities=[]]] to HttpSession [org.apache.catalina.session.StandardSessionFacade@7d171915]
?[0m?[0;34m12:59 DEBUG o.s.s.w.c.SecurityContextPersistenceFilter - Cleared SecurityContextHolder to complete request
?[1;31m
Start test 135?[0m
?[0m?[0;34m12:59 DEBUG o.s.security.web.FilterChainProxy - Securing POST /api/quizzes/7/solve
?[0m?[0;34m12:59 DEBUG o.s.s.w.c.SecurityContextPersistenceFilter - Set SecurityContextHolder to empty SecurityContext
?[0m?[0;34m
?[0m?[0;34mTHE loadUserByUsername is called with the argument: user@google.com
?[0m?[0;34m
?[0m?[0;34m12:59 DEBUG o.s.s.a.d.DaoAuthenticationProvider - Authenticated user
?[0m?[0;34m12:59 DEBUG o.s.s.w.a.w.BasicAuthenticationFilter - Set SecurityContextHolder to UsernamePasswordAuthenticationToken [Principal=engine.UserDetailsImp@559d0803, Credentials=[PROTECTED], Authenticated=true, Details=WebAuthenticationDetails [RemoteIpAddress=127.0.0.1, SessionId=null], Granted Authorities=[]]
?[0m?[0;34m12:59 DEBUG o.s.s.w.c.HttpSessionSecurityContextRepository - Created HttpSession as SecurityContext is non-default
?[0m?[0;34m12:59 DEBUG o.s.s.w.c.HttpSessionSecurityContextRepository - Stored SecurityContextImpl [Authentication=UsernamePasswordAuthenticationToken [Principal=engine.UserDetailsImp@559d0803, Credentials=[PROTECTED], Authenticated=true, Details=WebAuthenticationDetails [RemoteIpAddress=127.0.0.1, SessionId=null], Granted Authorities=[]]] to HttpSession [org.apache.catalina.session.StandardSessionFacade@369a7257]
?[0m?[0;34m12:59 DEBUG o.s.s.w.u.m.RegexRequestMatcher - Checking match of request : '/api/quizzes/7/solve'; against '/api/register'
?[0m?[0;34m12:59 DEBUG o.s.s.w.u.m.RegexRequestMatcher - Checking match of request : '/api/quizzes/7/solve'; against '/actuator/shutdown'
?[0m?[0;34m12:59 DEBUG o.s.security.web.FilterChainProxy - Secured POST /api/quizzes/7/solve
?[0m?[0;34m12:59 DEBUG o.s.s.w.c.HttpSessionSecurityContextRepository - Stored SecurityContextImpl [Authentication=UsernamePasswordAuthenticationToken [Principal=engine.UserDetailsImp@559d0803, Credentials=[PROTECTED], Authenticated=true, Details=WebAuthenticationDetails [RemoteIpAddress=127.0.0.1, SessionId=null], Granted Authorities=[]]] to HttpSession [org.apache.catalina.session.StandardSessionFacade@369a7257]
?[0m?[0;34m12:59 DEBUG o.s.s.w.c.HttpSessionSecurityContextRepository - Stored SecurityContextImpl [Authentication=UsernamePasswordAuthenticationToken [Principal=engine.UserDetailsImp@559d0803, Credentials=[PROTECTED], Authenticated=true, Details=WebAuthenticationDetails [RemoteIpAddress=127.0.0.1, SessionId=null], Granted Authorities=[]]] to HttpSession [org.apache.catalina.session.StandardSessionFacade@369a7257]
?[0m?[0;34m12:59 DEBUG o.s.s.w.c.SecurityContextPersistenceFilter - Cleared SecurityContextHolder to complete request
?[1;31m
Start test 136?[0m
?[0m?[0;34m12:59 DEBUG o.s.security.web.FilterChainProxy - Securing POST /api/quizzes/7/solve
?[0m?[0;34m12:59 DEBUG o.s.s.w.c.SecurityContextPersistenceFilter - Set SecurityContextHolder to empty SecurityContext
?[0m?[0;34m
?[0m?[0;34mTHE loadUserByUsername is called with the argument: user@google.com
?[0m?[0;34m
?[0m?[0;34m12:59 DEBUG o.s.s.a.d.DaoAuthenticationProvider - Authenticated user
?[0m?[0;34m12:59 DEBUG o.s.s.w.a.w.BasicAuthenticationFilter - Set SecurityContextHolder to UsernamePasswordAuthenticationToken [Principal=engine.UserDetailsImp@2c648f8f, Credentials=[PROTECTED], Authenticated=true, Details=WebAuthenticationDetails [RemoteIpAddress=127.0.0.1, SessionId=null], Granted Authorities=[]]
?[0m?[0;34m12:59 DEBUG o.s.s.w.c.HttpSessionSecurityContextRepository - Created HttpSession as SecurityContext is non-default
?[0m?[0;34m12:59 DEBUG o.s.s.w.c.HttpSessionSecurityContextRepository - Stored SecurityContextImpl [Authentication=UsernamePasswordAuthenticationToken [Principal=engine.UserDetailsImp@2c648f8f, Credentials=[PROTECTED], Authenticated=true, Details=WebAuthenticationDetails [RemoteIpAddress=127.0.0.1, SessionId=null], Granted Authorities=[]]] to HttpSession [org.apache.catalina.session.StandardSessionFacade@70e11baf]
?[0m?[0;34m12:59 DEBUG o.s.s.w.u.m.RegexRequestMatcher - Checking match of request : '/api/quizzes/7/solve'; against '/api/register'
?[0m?[0;34m12:59 DEBUG o.s.s.w.u.m.RegexRequestMatcher - Checking match of request : '/api/quizzes/7/solve'; against '/actuator/shutdown'
?[0m?[0;34m12:59 DEBUG o.s.security.web.FilterChainProxy - Secured POST /api/quizzes/7/solve
?[0m?[0;34m12:59 DEBUG o.s.s.w.c.HttpSessionSecurityContextRepository - Stored SecurityContextImpl [Authentication=UsernamePasswordAuthenticationToken [Principal=engine.UserDetailsImp@2c648f8f, Credentials=[PROTECTED], Authenticated=true, Details=WebAuthenticationDetails [RemoteIpAddress=127.0.0.1, SessionId=null], Granted Authorities=[]]] to HttpSession [org.apache.catalina.session.StandardSessionFacade@70e11baf]
?[0m?[0;34m12:59 DEBUG o.s.s.w.c.HttpSessionSecurityContextRepository - Stored SecurityContextImpl [Authentication=UsernamePasswordAuthenticationToken [Principal=engine.UserDetailsImp@2c648f8f, Credentials=[PROTECTED], Authenticated=true, Details=WebAuthenticationDetails [RemoteIpAddress=127.0.0.1, SessionId=null], Granted Authorities=[]]] to HttpSession [org.apache.catalina.session.StandardSessionFacade@70e11baf]
?[0m?[0;34m12:59 DEBUG o.s.s.w.c.SecurityContextPersistenceFilter - Cleared SecurityContextHolder to complete request
?[1;31m
Start test 137?[0m
?[0m?[0;34m12:59 DEBUG o.s.security.web.FilterChainProxy - Securing POST /api/quizzes/7/solve
?[0m?[0;34m12:59 DEBUG o.s.s.w.c.SecurityContextPersistenceFilter - Set SecurityContextHolder to empty SecurityContext
?[0m?[0;34m
?[0m?[0;34mTHE loadUserByUsername is called with the argument: user@google.com
?[0m?[0;34m
?[0m?[0;34m12:59 DEBUG o.s.s.a.d.DaoAuthenticationProvider - Authenticated user
?[0m?[0;34m12:59 DEBUG o.s.s.w.a.w.BasicAuthenticationFilter - Set SecurityContextHolder to UsernamePasswordAuthenticationToken [Principal=engine.UserDetailsImp@65f7469a, Credentials=[PROTECTED], Authenticated=true, Details=WebAuthenticationDetails [RemoteIpAddress=127.0.0.1, SessionId=null], Granted Authorities=[]]
?[0m?[0;34m12:59 DEBUG o.s.s.w.c.HttpSessionSecurityContextRepository - Created HttpSession as SecurityContext is non-default
?[0m?[0;34m12:59 DEBUG o.s.s.w.c.HttpSessionSecurityContextRepository - Stored SecurityContextImpl [Authentication=UsernamePasswordAuthenticationToken [Principal=engine.UserDetailsImp@65f7469a, Credentials=[PROTECTED], Authenticated=true, Details=WebAuthenticationDetails [RemoteIpAddress=127.0.0.1, SessionId=null], Granted Authorities=[]]] to HttpSession [org.apache.catalina.session.StandardSessionFacade@7bb51d3a]
?[0m?[0;34m12:59 DEBUG o.s.s.w.u.m.RegexRequestMatcher - Checking match of request : '/api/quizzes/7/solve'; against '/api/register'
?[0m?[0;34m12:59 DEBUG o.s.s.w.u.m.RegexRequestMatcher - Checking match of request : '/api/quizzes/7/solve'; against '/actuator/shutdown'
?[0m?[0;34m12:59 DEBUG o.s.security.web.FilterChainProxy - Secured POST /api/quizzes/7/solve
?[0m?[0;34m12:59 DEBUG o.s.s.w.c.HttpSessionSecurityContextRepository - Stored SecurityContextImpl [Authentication=UsernamePasswordAuthenticationToken [Principal=engine.UserDetailsImp@65f7469a, Credentials=[PROTECTED], Authenticated=true, Details=WebAuthenticationDetails [RemoteIpAddress=127.0.0.1, SessionId=null], Granted Authorities=[]]] to HttpSession [org.apache.catalina.session.StandardSessionFacade@7bb51d3a]
?[0m?[0;34m12:59 DEBUG o.s.s.w.c.HttpSessionSecurityContextRepository - Stored SecurityContextImpl [Authentication=UsernamePasswordAuthenticationToken [Principal=engine.UserDetailsImp@65f7469a, Credentials=[PROTECTED], Authenticated=true, Details=WebAuthenticationDetails [RemoteIpAddress=127.0.0.1, SessionId=null], Granted Authorities=[]]] to HttpSession [org.apache.catalina.session.StandardSessionFacade@7bb51d3a]
?[0m?[0;34m12:59 DEBUG o.s.s.w.c.SecurityContextPersistenceFilter - Cleared SecurityContextHolder to complete request
?[1;31m
Start test 138?[0m
?[0m?[0;34m12:59 DEBUG o.s.security.web.FilterChainProxy - Securing POST /api/quizzes/7/solve
?[0m?[0;34m12:59 DEBUG o.s.s.w.c.SecurityContextPersistenceFilter - Set SecurityContextHolder to empty SecurityContext
?[0m?[0;34m
?[0m?[0;34mTHE loadUserByUsername is called with the argument: user@google.com
?[0m?[0;34m
?[0m?[0;34m12:59 DEBUG o.s.s.a.d.DaoAuthenticationProvider - Authenticated user
?[0m?[0;34m12:59 DEBUG o.s.s.w.a.w.BasicAuthenticationFilter - Set SecurityContextHolder to UsernamePasswordAuthenticationToken [Principal=engine.UserDetailsImp@6ec27e36, Credentials=[PROTECTED], Authenticated=true, Details=WebAuthenticationDetails [RemoteIpAddress=127.0.0.1, SessionId=null], Granted Authorities=[]]
?[0m?[0;34m12:59 DEBUG o.s.s.w.c.HttpSessionSecurityContextRepository - Created HttpSession as SecurityContext is non-default
?[0m?[0;34m12:59 DEBUG o.s.s.w.c.HttpSessionSecurityContextRepository - Stored SecurityContextImpl [Authentication=UsernamePasswordAuthenticationToken [Principal=engine.UserDetailsImp@6ec27e36, Credentials=[PROTECTED], Authenticated=true, Details=WebAuthenticationDetails [RemoteIpAddress=127.0.0.1, SessionId=null], Granted Authorities=[]]] to HttpSession [org.apache.catalina.session.StandardSessionFacade@787c717e]
?[0m?[0;34m12:59 DEBUG o.s.s.w.u.m.RegexRequestMatcher - Checking match of request : '/api/quizzes/7/solve'; against '/api/register'
?[0m?[0;34m12:59 DEBUG o.s.s.w.u.m.RegexRequestMatcher - Checking match of request : '/api/quizzes/7/solve'; against '/actuator/shutdown'
?[0m?[0;34m12:59 DEBUG o.s.security.web.FilterChainProxy - Secured POST /api/quizzes/7/solve
?[0m?[0;34m12:59 DEBUG o.s.s.w.c.HttpSessionSecurityContextRepository - Stored SecurityContextImpl [Authentication=UsernamePasswordAuthenticationToken [Principal=engine.UserDetailsImp@6ec27e36, Credentials=[PROTECTED], Authenticated=true, Details=WebAuthenticationDetails [RemoteIpAddress=127.0.0.1, SessionId=null], Granted Authorities=[]]] to HttpSession [org.apache.catalina.session.StandardSessionFacade@787c717e]
?[0m?[0;34m12:59 DEBUG o.s.s.w.c.HttpSessionSecurityContextRepository - Stored SecurityContextImpl [Authentication=UsernamePasswordAuthenticationToken [Principal=engine.UserDetailsImp@6ec27e36, Credentials=[PROTECTED], Authenticated=true, Details=WebAuthenticationDetails [RemoteIpAddress=127.0.0.1, SessionId=null], Granted Authorities=[]]] to HttpSession [org.apache.catalina.session.StandardSessionFacade@787c717e]
?[0m?[0;34m12:59 DEBUG o.s.s.w.c.SecurityContextPersistenceFilter - Cleared SecurityContextHolder to complete request
?[1;31m
Start test 139?[0m
?[0m?[0;34m12:59 DEBUG o.s.security.web.FilterChainProxy - Securing POST /api/quizzes/7/solve
?[0m?[0;34m12:59 DEBUG o.s.s.w.c.SecurityContextPersistenceFilter - Set SecurityContextHolder to empty SecurityContext
?[0m?[0;34m
?[0m?[0;34mTHE loadUserByUsername is called with the argument: user@google.com
?[0m?[0;34m
?[0m?[0;34m12:59 DEBUG o.s.s.a.d.DaoAuthenticationProvider - Authenticated user
?[0m?[0;34m12:59 DEBUG o.s.s.w.a.w.BasicAuthenticationFilter - Set SecurityContextHolder to UsernamePasswordAuthenticationToken [Principal=engine.UserDetailsImp@7fc3b7b1, Credentials=[PROTECTED], Authenticated=true, Details=WebAuthenticationDetails [RemoteIpAddress=127.0.0.1, SessionId=null], Granted Authorities=[]]
?[0m?[0;34m12:59 DEBUG o.s.s.w.c.HttpSessionSecurityContextRepository - Created HttpSession as SecurityContext is non-default
?[0m?[0;34m12:59 DEBUG o.s.s.w.c.HttpSessionSecurityContextRepository - Stored SecurityContextImpl [Authentication=UsernamePasswordAuthenticationToken [Principal=engine.UserDetailsImp@7fc3b7b1, Credentials=[PROTECTED], Authenticated=true, Details=WebAuthenticationDetails [RemoteIpAddress=127.0.0.1, SessionId=null], Granted Authorities=[]]] to HttpSession [org.apache.catalina.session.StandardSessionFacade@1d528b3e]
?[0m?[0;34m12:59 DEBUG o.s.s.w.u.m.RegexRequestMatcher - Checking match of request : '/api/quizzes/7/solve'; against '/api/register'
?[0m?[0;34m12:59 DEBUG o.s.s.w.u.m.RegexRequestMatcher - Checking match of request : '/api/quizzes/7/solve'; against '/actuator/shutdown'
?[0m?[0;34m12:59 DEBUG o.s.security.web.FilterChainProxy - Secured POST /api/quizzes/7/solve
?[0m?[0;34m12:59 DEBUG o.s.s.w.c.HttpSessionSecurityContextRepository - Stored SecurityContextImpl [Authentication=UsernamePasswordAuthenticationToken [Principal=engine.UserDetailsImp@7fc3b7b1, Credentials=[PROTECTED], Authenticated=true, Details=WebAuthenticationDetails [RemoteIpAddress=127.0.0.1, SessionId=null], Granted Authorities=[]]] to HttpSession [org.apache.catalina.session.StandardSessionFacade@1d528b3e]
?[0m?[0;34m12:59 DEBUG o.s.s.w.c.HttpSessionSecurityContextRepository - Stored SecurityContextImpl [Authentication=UsernamePasswordAuthenticationToken [Principal=engine.UserDetailsImp@7fc3b7b1, Credentials=[PROTECTED], Authenticated=true, Details=WebAuthenticationDetails [RemoteIpAddress=127.0.0.1, SessionId=null], Granted Authorities=[]]] to HttpSession [org.apache.catalina.session.StandardSessionFacade@1d528b3e]
?[0m?[0;34m12:59 DEBUG o.s.s.w.c.SecurityContextPersistenceFilter - Cleared SecurityContextHolder to complete request
?[1;31m
Start test 140?[0m
?[0m?[0;34m12:59 DEBUG o.s.security.web.FilterChainProxy - Securing POST /api/quizzes/7/solve
?[0m?[0;34m12:59 DEBUG o.s.s.w.c.SecurityContextPersistenceFilter - Set SecurityContextHolder to empty SecurityContext
?[0m?[0;34m
?[0m?[0;34mTHE loadUserByUsername is called with the argument: user@google.com
?[0m?[0;34m
?[0m?[0;34m12:59 DEBUG o.s.s.a.d.DaoAuthenticationProvider - Authenticated user
?[0m?[0;34m12:59 DEBUG o.s.s.w.a.w.BasicAuthenticationFilter - Set SecurityContextHolder to UsernamePasswordAuthenticationToken [Principal=engine.UserDetailsImp@247fcb36, Credentials=[PROTECTED], Authenticated=true, Details=WebAuthenticationDetails [RemoteIpAddress=127.0.0.1, SessionId=null], Granted Authorities=[]]
?[0m?[0;34m12:59 DEBUG o.s.s.w.c.HttpSessionSecurityContextRepository - Created HttpSession as SecurityContext is non-default
?[0m?[0;34m12:59 DEBUG o.s.s.w.c.HttpSessionSecurityContextRepository - Stored SecurityContextImpl [Authentication=UsernamePasswordAuthenticationToken [Principal=engine.UserDetailsImp@247fcb36, Credentials=[PROTECTED], Authenticated=true, Details=WebAuthenticationDetails [RemoteIpAddress=127.0.0.1, SessionId=null], Granted Authorities=[]]] to HttpSession [org.apache.catalina.session.StandardSessionFacade@1cb40fc4]
?[0m?[0;34m12:59 DEBUG o.s.s.w.u.m.RegexRequestMatcher - Checking match of request : '/api/quizzes/7/solve'; against '/api/register'
?[0m?[0;34m12:59 DEBUG o.s.s.w.u.m.RegexRequestMatcher - Checking match of request : '/api/quizzes/7/solve'; against '/actuator/shutdown'
?[0m?[0;34m12:59 DEBUG o.s.security.web.FilterChainProxy - Secured POST /api/quizzes/7/solve
?[0m?[0;34m12:59 DEBUG o.s.s.w.c.HttpSessionSecurityContextRepository - Stored SecurityContextImpl [Authentication=UsernamePasswordAuthenticationToken [Principal=engine.UserDetailsImp@247fcb36, Credentials=[PROTECTED], Authenticated=true, Details=WebAuthenticationDetails [RemoteIpAddress=127.0.0.1, SessionId=null], Granted Authorities=[]]] to HttpSession [org.apache.catalina.session.StandardSessionFacade@1cb40fc4]
?[0m?[0;34m12:59 DEBUG o.s.s.w.c.HttpSessionSecurityContextRepository - Stored SecurityContextImpl [Authentication=UsernamePasswordAuthenticationToken [Principal=engine.UserDetailsImp@247fcb36, Credentials=[PROTECTED], Authenticated=true, Details=WebAuthenticationDetails [RemoteIpAddress=127.0.0.1, SessionId=null], Granted Authorities=[]]] to HttpSession [org.apache.catalina.session.StandardSessionFacade@1cb40fc4]
?[0m?[0;34m12:59 DEBUG o.s.s.w.c.SecurityContextPersistenceFilter - Cleared SecurityContextHolder to complete request
?[1;31m
Start test 141?[0m
?[0m?[0;34m12:59 DEBUG o.s.security.web.FilterChainProxy - Securing POST /api/quizzes/7/solve
?[0m?[0;34m12:59 DEBUG o.s.s.w.c.SecurityContextPersistenceFilter - Set SecurityContextHolder to empty SecurityContext
?[0m?[0;34m
?[0m?[0;34mTHE loadUserByUsername is called with the argument: user@google.com
?[0m?[0;34m
?[0m?[0;34m12:59 DEBUG o.s.s.a.d.DaoAuthenticationProvider - Authenticated user
?[0m?[0;34m12:59 DEBUG o.s.s.w.a.w.BasicAuthenticationFilter - Set SecurityContextHolder to UsernamePasswordAuthenticationToken [Principal=engine.UserDetailsImp@1ea79b59, Credentials=[PROTECTED], Authenticated=true, Details=WebAuthenticationDetails [RemoteIpAddress=127.0.0.1, SessionId=null], Granted Authorities=[]]
?[0m?[0;34m12:59 DEBUG o.s.s.w.c.HttpSessionSecurityContextRepository - Created HttpSession as SecurityContext is non-default
?[0m?[0;34m12:59 DEBUG o.s.s.w.c.HttpSessionSecurityContextRepository - Stored SecurityContextImpl [Authentication=UsernamePasswordAuthenticationToken [Principal=engine.UserDetailsImp@1ea79b59, Credentials=[PROTECTED], Authenticated=true, Details=WebAuthenticationDetails [RemoteIpAddress=127.0.0.1, SessionId=null], Granted Authorities=[]]] to HttpSession [org.apache.catalina.session.StandardSessionFacade@31111479]
?[0m?[0;34m12:59 DEBUG o.s.s.w.u.m.RegexRequestMatcher - Checking match of request : '/api/quizzes/7/solve'; against '/api/register'
?[0m?[0;34m12:59 DEBUG o.s.s.w.u.m.RegexRequestMatcher - Checking match of request : '/api/quizzes/7/solve'; against '/actuator/shutdown'
?[0m?[0;34m12:59 DEBUG o.s.security.web.FilterChainProxy - Secured POST /api/quizzes/7/solve
?[0m?[0;34m12:59 DEBUG o.s.s.w.c.HttpSessionSecurityContextRepository - Stored SecurityContextImpl [Authentication=UsernamePasswordAuthenticationToken [Principal=engine.UserDetailsImp@1ea79b59, Credentials=[PROTECTED], Authenticated=true, Details=WebAuthenticationDetails [RemoteIpAddress=127.0.0.1, SessionId=null], Granted Authorities=[]]] to HttpSession [org.apache.catalina.session.StandardSessionFacade@31111479]
?[0m?[0;34m12:59 DEBUG o.s.s.w.c.HttpSessionSecurityContextRepository - Stored SecurityContextImpl [Authentication=UsernamePasswordAuthenticationToken [Principal=engine.UserDetailsImp@1ea79b59, Credentials=[PROTECTED], Authenticated=true, Details=WebAuthenticationDetails [RemoteIpAddress=127.0.0.1, SessionId=null], Granted Authorities=[]]] to HttpSession [org.apache.catalina.session.StandardSessionFacade@31111479]
?[0m?[0;34m12:59 DEBUG o.s.s.w.c.SecurityContextPersistenceFilter - Cleared SecurityContextHolder to complete request
?[1;31m
Start test 142?[0m
?[0m?[0;34m12:59 DEBUG o.s.security.web.FilterChainProxy - Securing POST /api/quizzes/7/solve
?[0m?[0;34m12:59 DEBUG o.s.s.w.c.SecurityContextPersistenceFilter - Set SecurityContextHolder to empty SecurityContext
?[0m?[0;34m
?[0m?[0;34mTHE loadUserByUsername is called with the argument: user@google.com
?[0m?[0;34m
?[0m?[0;34m12:59 DEBUG o.s.s.a.d.DaoAuthenticationProvider - Authenticated user
?[0m?[0;34m12:59 DEBUG o.s.s.w.a.w.BasicAuthenticationFilter - Set SecurityContextHolder to UsernamePasswordAuthenticationToken [Principal=engine.UserDetailsImp@2d6473c8, Credentials=[PROTECTED], Authenticated=true, Details=WebAuthenticationDetails [RemoteIpAddress=127.0.0.1, SessionId=null], Granted Authorities=[]]
?[0m?[0;34m12:59 DEBUG o.s.s.w.c.HttpSessionSecurityContextRepository - Created HttpSession as SecurityContext is non-default
?[0m?[0;34m12:59 DEBUG o.s.s.w.c.HttpSessionSecurityContextRepository - Stored SecurityContextImpl [Authentication=UsernamePasswordAuthenticationToken [Principal=engine.UserDetailsImp@2d6473c8, Credentials=[PROTECTED], Authenticated=true, Details=WebAuthenticationDetails [RemoteIpAddress=127.0.0.1, SessionId=null], Granted Authorities=[]]] to HttpSession [org.apache.catalina.session.StandardSessionFacade@5f932611]
?[0m?[0;34m12:59 DEBUG o.s.s.w.u.m.RegexRequestMatcher - Checking match of request : '/api/quizzes/7/solve'; against '/api/register'
?[0m?[0;34m12:59 DEBUG o.s.s.w.u.m.RegexRequestMatcher - Checking match of request : '/api/quizzes/7/solve'; against '/actuator/shutdown'
?[0m?[0;34m12:59 DEBUG o.s.security.web.FilterChainProxy - Secured POST /api/quizzes/7/solve
?[0m?[0;34m12:59 DEBUG o.s.s.w.c.HttpSessionSecurityContextRepository - Stored SecurityContextImpl [Authentication=UsernamePasswordAuthenticationToken [Principal=engine.UserDetailsImp@2d6473c8, Credentials=[PROTECTED], Authenticated=true, Details=WebAuthenticationDetails [RemoteIpAddress=127.0.0.1, SessionId=null], Granted Authorities=[]]] to HttpSession [org.apache.catalina.session.StandardSessionFacade@5f932611]
?[0m?[0;34m12:59 DEBUG o.s.s.w.c.HttpSessionSecurityContextRepository - Stored SecurityContextImpl [Authentication=UsernamePasswordAuthenticationToken [Principal=engine.UserDetailsImp@2d6473c8, Credentials=[PROTECTED], Authenticated=true, Details=WebAuthenticationDetails [RemoteIpAddress=127.0.0.1, SessionId=null], Granted Authorities=[]]] to HttpSession [org.apache.catalina.session.StandardSessionFacade@5f932611]
?[0m?[0;34m12:59 DEBUG o.s.s.w.c.SecurityContextPersistenceFilter - Cleared SecurityContextHolder to complete request
?[1;31m
Start test 143?[0m
?[0m?[0;34m12:59 DEBUG o.s.security.web.FilterChainProxy - Securing POST /api/quizzes/7/solve
?[0m?[0;34m12:59 DEBUG o.s.s.w.c.SecurityContextPersistenceFilter - Set SecurityContextHolder to empty SecurityContext
?[0m?[0;34m
?[0m?[0;34mTHE loadUserByUsername is called with the argument: user@google.com
?[0m?[0;34m
?[0m?[0;34m12:59 DEBUG o.s.s.a.d.DaoAuthenticationProvider - Authenticated user
?[0m?[0;34m12:59 DEBUG o.s.s.w.a.w.BasicAuthenticationFilter - Set SecurityContextHolder to UsernamePasswordAuthenticationToken [Principal=engine.UserDetailsImp@41f32386, Credentials=[PROTECTED], Authenticated=true, Details=WebAuthenticationDetails [RemoteIpAddress=127.0.0.1, SessionId=null], Granted Authorities=[]]
?[0m?[0;34m12:59 DEBUG o.s.s.w.c.HttpSessionSecurityContextRepository - Created HttpSession as SecurityContext is non-default
?[0m?[0;34m12:59 DEBUG o.s.s.w.c.HttpSessionSecurityContextRepository - Stored SecurityContextImpl [Authentication=UsernamePasswordAuthenticationToken [Principal=engine.UserDetailsImp@41f32386, Credentials=[PROTECTED], Authenticated=true, Details=WebAuthenticationDetails [RemoteIpAddress=127.0.0.1, SessionId=null], Granted Authorities=[]]] to HttpSession [org.apache.catalina.session.StandardSessionFacade@13dd43f9]
?[0m?[0;34m12:59 DEBUG o.s.s.w.u.m.RegexRequestMatcher - Checking match of request : '/api/quizzes/7/solve'; against '/api/register'
?[0m?[0;34m12:59 DEBUG o.s.s.w.u.m.RegexRequestMatcher - Checking match of request : '/api/quizzes/7/solve'; against '/actuator/shutdown'
?[0m?[0;34m12:59 DEBUG o.s.security.web.FilterChainProxy - Secured POST /api/quizzes/7/solve
?[0m?[0;34m12:59 DEBUG o.s.s.w.c.HttpSessionSecurityContextRepository - Stored SecurityContextImpl [Authentication=UsernamePasswordAuthenticationToken [Principal=engine.UserDetailsImp@41f32386, Credentials=[PROTECTED], Authenticated=true, Details=WebAuthenticationDetails [RemoteIpAddress=127.0.0.1, SessionId=null], Granted Authorities=[]]] to HttpSession [org.apache.catalina.session.StandardSessionFacade@13dd43f9]
?[0m?[0;34m12:59 DEBUG o.s.s.w.c.HttpSessionSecurityContextRepository - Stored SecurityContextImpl [Authentication=UsernamePasswordAuthenticationToken [Principal=engine.UserDetailsImp@41f32386, Credentials=[PROTECTED], Authenticated=true, Details=WebAuthenticationDetails [RemoteIpAddress=127.0.0.1, SessionId=null], Granted Authorities=[]]] to HttpSession [org.apache.catalina.session.StandardSessionFacade@13dd43f9]
?[0m?[0;34m12:59 DEBUG o.s.s.w.c.SecurityContextPersistenceFilter - Cleared SecurityContextHolder to complete request
?[1;31m
Start test 144?[0m
?[0m?[0;34m12:59 DEBUG o.s.security.web.FilterChainProxy - Securing POST /api/quizzes/7/solve
?[0m?[0;34m12:59 DEBUG o.s.s.w.c.SecurityContextPersistenceFilter - Set SecurityContextHolder to empty SecurityContext
?[0m?[0;34m
?[0m?[0;34mTHE loadUserByUsername is called with the argument: user@google.com
?[0m?[0;34m
?[0m?[0;34m12:59 DEBUG o.s.s.a.d.DaoAuthenticationProvider - Authenticated user
?[0m?[0;34m12:59 DEBUG o.s.s.w.a.w.BasicAuthenticationFilter - Set SecurityContextHolder to UsernamePasswordAuthenticationToken [Principal=engine.UserDetailsImp@1d690ee7, Credentials=[PROTECTED], Authenticated=true, Details=WebAuthenticationDetails [RemoteIpAddress=127.0.0.1, SessionId=null], Granted Authorities=[]]
?[0m?[0;34m12:59 DEBUG o.s.s.w.c.HttpSessionSecurityContextRepository - Created HttpSession as SecurityContext is non-default
?[0m?[0;34m12:59 DEBUG o.s.s.w.c.HttpSessionSecurityContextRepository - Stored SecurityContextImpl [Authentication=UsernamePasswordAuthenticationToken [Principal=engine.UserDetailsImp@1d690ee7, Credentials=[PROTECTED], Authenticated=true, Details=WebAuthenticationDetails [RemoteIpAddress=127.0.0.1, SessionId=null], Granted Authorities=[]]] to HttpSession [org.apache.catalina.session.StandardSessionFacade@1bc8887e]
?[0m?[0;34m12:59 DEBUG o.s.s.w.u.m.RegexRequestMatcher - Checking match of request : '/api/quizzes/7/solve'; against '/api/register'
?[0m?[0;34m12:59 DEBUG o.s.s.w.u.m.RegexRequestMatcher - Checking match of request : '/api/quizzes/7/solve'; against '/actuator/shutdown'
?[0m?[0;34m12:59 DEBUG o.s.security.web.FilterChainProxy - Secured POST /api/quizzes/7/solve
?[0m?[0;34m12:59 DEBUG o.s.s.w.c.HttpSessionSecurityContextRepository - Stored SecurityContextImpl [Authentication=UsernamePasswordAuthenticationToken [Principal=engine.UserDetailsImp@1d690ee7, Credentials=[PROTECTED], Authenticated=true, Details=WebAuthenticationDetails [RemoteIpAddress=127.0.0.1, SessionId=null], Granted Authorities=[]]] to HttpSession [org.apache.catalina.session.StandardSessionFacade@1bc8887e]
?[0m?[0;34m12:59 DEBUG o.s.s.w.c.HttpSessionSecurityContextRepository - Stored SecurityContextImpl [Authentication=UsernamePasswordAuthenticationToken [Principal=engine.UserDetailsImp@1d690ee7, Credentials=[PROTECTED], Authenticated=true, Details=WebAuthenticationDetails [RemoteIpAddress=127.0.0.1, SessionId=null], Granted Authorities=[]]] to HttpSession [org.apache.catalina.session.StandardSessionFacade@1bc8887e]
?[0m?[0;34m12:59 DEBUG o.s.s.w.c.SecurityContextPersistenceFilter - Cleared SecurityContextHolder to complete request
?[1;31m
Start test 145?[0m
?[0m?[0;34m12:59 DEBUG o.s.security.web.FilterChainProxy - Securing POST /api/quizzes/7/solve
?[0m?[0;34m12:59 DEBUG o.s.s.w.c.SecurityContextPersistenceFilter - Set SecurityContextHolder to empty SecurityContext
?[0m?[0;34m
?[0m?[0;34mTHE loadUserByUsername is called with the argument: user@google.com
?[0m?[0;34m
?[0m?[0;34m12:59 DEBUG o.s.s.a.d.DaoAuthenticationProvider - Authenticated user
?[0m?[0;34m12:59 DEBUG o.s.s.w.a.w.BasicAuthenticationFilter - Set SecurityContextHolder to UsernamePasswordAuthenticationToken [Principal=engine.UserDetailsImp@210d0e7c, Credentials=[PROTECTED], Authenticated=true, Details=WebAuthenticationDetails [RemoteIpAddress=127.0.0.1, SessionId=null], Granted Authorities=[]]
?[0m?[0;34m12:59 DEBUG o.s.s.w.c.HttpSessionSecurityContextRepository - Created HttpSession as SecurityContext is non-default
?[0m?[0;34m12:59 DEBUG o.s.s.w.c.HttpSessionSecurityContextRepository - Stored SecurityContextImpl [Authentication=UsernamePasswordAuthenticationToken [Principal=engine.UserDetailsImp@210d0e7c, Credentials=[PROTECTED], Authenticated=true, Details=WebAuthenticationDetails [RemoteIpAddress=127.0.0.1, SessionId=null], Granted Authorities=[]]] to HttpSession [org.apache.catalina.session.StandardSessionFacade@1a8261f2]
?[0m?[0;34m12:59 DEBUG o.s.s.w.u.m.RegexRequestMatcher - Checking match of request : '/api/quizzes/7/solve'; against '/api/register'
?[0m?[0;34m12:59 DEBUG o.s.s.w.u.m.RegexRequestMatcher - Checking match of request : '/api/quizzes/7/solve'; against '/actuator/shutdown'
?[0m?[0;34m12:59 DEBUG o.s.security.web.FilterChainProxy - Secured POST /api/quizzes/7/solve
?[0m?[0;34m12:59 DEBUG o.s.s.w.c.HttpSessionSecurityContextRepository - Stored SecurityContextImpl [Authentication=UsernamePasswordAuthenticationToken [Principal=engine.UserDetailsImp@210d0e7c, Credentials=[PROTECTED], Authenticated=true, Details=WebAuthenticationDetails [RemoteIpAddress=127.0.0.1, SessionId=null], Granted Authorities=[]]] to HttpSession [org.apache.catalina.session.StandardSessionFacade@1a8261f2]
?[0m?[0;34m12:59 DEBUG o.s.s.w.c.HttpSessionSecurityContextRepository - Stored SecurityContextImpl [Authentication=UsernamePasswordAuthenticationToken [Principal=engine.UserDetailsImp@210d0e7c, Credentials=[PROTECTED], Authenticated=true, Details=WebAuthenticationDetails [RemoteIpAddress=127.0.0.1, SessionId=null], Granted Authorities=[]]] to HttpSession [org.apache.catalina.session.StandardSessionFacade@1a8261f2]
?[0m?[0;34m12:59 DEBUG o.s.s.w.c.SecurityContextPersistenceFilter - Cleared SecurityContextHolder to complete request
?[1;31m
Start test 146?[0m
?[0m?[0;34m12:59 DEBUG o.s.security.web.FilterChainProxy - Securing GET /api/quizzes
?[0m?[0;34m12:59 DEBUG o.s.s.w.c.SecurityContextPersistenceFilter - Set SecurityContextHolder to empty SecurityContext
?[0m?[0;34m
?[0m?[0;34mTHE loadUserByUsername is called with the argument: user@google.com
?[0m?[0;34m
?[0m?[0;34m12:59 DEBUG o.s.s.a.d.DaoAuthenticationProvider - Authenticated user
?[0m?[0;34m12:59 DEBUG o.s.s.w.a.w.BasicAuthenticationFilter - Set SecurityContextHolder to UsernamePasswordAuthenticationToken [Principal=engine.UserDetailsImp@47081144, Credentials=[PROTECTED], Authenticated=true, Details=WebAuthenticationDetails [RemoteIpAddress=127.0.0.1, SessionId=null], Granted Authorities=[]]
?[0m?[0;34m12:59 DEBUG o.s.s.w.c.HttpSessionSecurityContextRepository - Created HttpSession as SecurityContext is non-default
?[0m?[0;34m12:59 DEBUG o.s.s.w.c.HttpSessionSecurityContextRepository - Stored SecurityContextImpl [Authentication=UsernamePasswordAuthenticationToken [Principal=engine.UserDetailsImp@47081144, Credentials=[PROTECTED], Authenticated=true, Details=WebAuthenticationDetails [RemoteIpAddress=127.0.0.1, SessionId=null], Granted Authorities=[]]] to HttpSession [org.apache.catalina.session.StandardSessionFacade@3f880de6]
?[0m?[0;34m12:59 DEBUG o.s.security.web.FilterChainProxy - Secured GET /api/quizzes
?[0m?[0;34m12:59 DEBUG o.s.s.w.c.HttpSessionSecurityContextRepository - Stored SecurityContextImpl [Authentication=UsernamePasswordAuthenticationToken [Principal=engine.UserDetailsImp@47081144, Credentials=[PROTECTED], Authenticated=true, Details=WebAuthenticationDetails [RemoteIpAddress=127.0.0.1, SessionId=null], Granted Authorities=[]]] to HttpSession [org.apache.catalina.session.StandardSessionFacade@3f880de6]
?[0m?[0;34m12:59 DEBUG o.s.s.w.c.HttpSessionSecurityContextRepository - Stored SecurityContextImpl [Authentication=UsernamePasswordAuthenticationToken [Principal=engine.UserDetailsImp@47081144, Credentials=[PROTECTED], Authenticated=true, Details=WebAuthenticationDetails [RemoteIpAddress=127.0.0.1, SessionId=null], Granted Authorities=[]]] to HttpSession [org.apache.catalina.session.StandardSessionFacade@3f880de6]
?[0m?[0;34m12:59 DEBUG o.s.s.w.c.SecurityContextPersistenceFilter - Cleared SecurityContextHolder to complete request
?[1;31m
Start test 147?[0m
?[0m?[0;34m12:59 DEBUG o.s.security.web.FilterChainProxy - Securing POST /actuator/shutdown
?[0m?[0;34m12:59 DEBUG o.s.s.w.c.SecurityContextPersistenceFilter - Set SecurityContextHolder to empty SecurityContext
?[0m?[0;34m12:59 DEBUG o.s.s.w.a.AnonymousAuthenticationFilter - Set SecurityContextHolder to anonymous SecurityContext
?[0m?[0;34m12:59 DEBUG o.s.s.w.u.m.RegexRequestMatcher - Checking match of request : '/actuator/shutdown'; against '/api/register'
?[0m?[0;34m12:59 DEBUG o.s.s.w.u.m.RegexRequestMatcher - Checking match of request : '/actuator/shutdown'; against '/actuator/shutdown'
?[0m?[0;34m12:59 DEBUG o.s.security.web.FilterChainProxy - Secured POST /actuator/shutdown
?[0m?[0;34m12:59 DEBUG o.s.s.w.c.HttpSessionSecurityContextRepository - Did not store anonymous SecurityContext
?[0m?[0;34m12:59 DEBUG o.s.s.w.c.HttpSessionSecurityContextRepository - Did not store anonymous SecurityContext
?[0m?[0;34m12:59 DEBUG o.s.s.w.c.SecurityContextPersistenceFilter - Cleared SecurityContextHolder to complete request
?[0;34m12:59 INFO  o.s.o.j.LocalContainerEntityManagerFactoryBean - Closing JPA EntityManagerFactory for persistence unit 'default'
?[0m?[0;34m12:59 INFO  com.zaxxer.hikari.HikariDataSource - HikariPool-2 - Shutdown initiated...
?[0m?[0;34m12:59 INFO  com.zaxxer.hikari.HikariDataSource - HikariPool-2 - Shutdown completed.
?[0;34m
?[0m?[0;34m  .   ____          _            __ _ _
?[0m?[0;34m /\\ / ___'_ __ _ _(_)_ __  __ _ \ \ \ \
?[0m?[0;34m( ( )\___ | '_ | '_| | '_ \/ _` | \ \ \ \
?[0m?[0;34m \\/  ___)| |_)| | | | | || (_| |  ) ) ) )
?[0m?[0;34m  '  |____| .__|_| |_|_| |_\__, | / / / /
?[0m?[0;34m =========|_|==============|___/=/_/_/_/
?[0m?[0;34m :: Spring Boot ::                (v2.5.6)
?[0m?[0;34m
?[0m?[0;34m12:59 INFO  engine.WebQuizEngine - Starting WebQuizEngine using Java 17.0.12 on DESKTOP-B2JKAIH with PID 24896 (started by bouab in C:\Users\bouab\DEV\Towards_SE\backend_projects\QuizzEngine\Web Quiz Engine with Java\task)
?[0m?[0;34m12:59 INFO  engine.WebQuizEngine - No active profile set, falling back to default profiles: default
?[0m?[0;34m12:59 INFO  o.s.d.r.c.RepositoryConfigurationDelegate - Bootstrapping Spring Data JPA repositories in DEFAULT mode.
?[0m?[0;34m12:59 INFO  o.s.d.r.c.RepositoryConfigurationDelegate - Finished Spring Data repository scanning in 5 ms. Found 2 JPA repository interfaces.
?[0m?[0;34m12:59 INFO  o.s.b.w.e.tomcat.TomcatWebServer - Tomcat initialized with port(s): 8889 (http)
?[0m?[0;34m12:59 INFO  o.a.coyote.http11.Http11NioProtocol - Initializing ProtocolHandler ["http-nio-8889"]
?[0m?[0;34m12:59 INFO  o.a.catalina.core.StandardService - Starting service [Tomcat]
?[0m?[0;34m12:59 INFO  o.a.catalina.core.StandardEngine - Starting Servlet engine: [Apache Tomcat/9.0.54]
?[0m?[0;34m12:59 INFO  o.a.c.c.C.[Tomcat].[localhost].[/] - Initializing Spring embedded WebApplicationContext
?[0m?[0;34m12:59 INFO  o.s.b.w.s.c.ServletWebServerApplicationContext - Root WebApplicationContext: initialization completed in 252 ms
?[0m?[0;34m12:59 INFO  com.zaxxer.hikari.HikariDataSource - HikariPool-3 - Starting...
?[0m?[0;34m12:59 INFO  com.zaxxer.hikari.HikariDataSource - HikariPool-3 - Start completed.
?[0m?[0;34m12:59 INFO  o.s.b.a.h.H2ConsoleAutoConfiguration - H2 console available at '/h2-console'. Database available at 'jdbc:h2:file:../quizdb'
?[0m?[0;34m12:59 INFO  o.h.jpa.internal.util.LogHelper - HHH000204: Processing PersistenceUnitInfo [name: default]
?[0m?[0;34m12:59 INFO  org.hibernate.dialect.Dialect - HHH000400: Using dialect: org.hibernate.dialect.H2Dialect
?[0m?[0;34m12:59 INFO  o.h.e.t.j.p.i.JtaPlatformInitiator - HHH000490: Using JtaPlatform implementation: [org.hibernate.engine.transaction.jta.platform.internal.NoJtaPlatform]
?[0m?[0;34m12:59 INFO  o.s.o.j.LocalContainerEntityManagerFactoryBean - Initialized JPA EntityManagerFactory for persistence unit 'default'
?[0m?[0;34m12:59 INFO  o.s.s.web.DefaultSecurityFilterChain - Will secure any request with [org.springframework.security.web.context.request.async.WebAsyncManagerIntegrationFilter@5035c23c, org.springframework.security.web.context.SecurityContextPersistenceFilter@7b4b6dca, org.springframework.security.web.header.HeaderWriterFilter@620ba19c, org.springframework.security.web.authentication.logout.LogoutFilter@253fb3fa, org.springframework.security.web.authentication.www.BasicAuthenticationFilter@57283e4, org.springframework.security.web.savedrequest.RequestCacheAwareFilter@3622c9f0, org.springframework.security.web.servletapi.SecurityContextHolderAwareRequestFilter@99a89e9, org.springframework.security.web.authentication.AnonymousAuthenticationFilter@4149067d, org.springframework.security.web.session.SessionManagementFilter@179367ff, org.springframework.security.web.access.ExceptionTranslationFilter@3e5e7f4c, org.springframework.security.web.access.intercept.AuthorizationFilter@8cd00bc]
?[0m?[0;34m12:59 WARN  o.s.b.a.o.j.JpaBaseConfiguration$JpaWebConfiguration - spring.jpa.open-in-view is enabled by default. Therefore, database queries may be performed during view rendering. Explicitly configure spring.jpa.open-in-view to disable this warning
?[0m?[0;34m12:59 INFO  o.s.b.a.e.web.EndpointLinksResolver - Exposing 15 endpoint(s) beneath base path '/actuator'
?[0m?[0;34m12:59 INFO  o.a.coyote.http11.Http11NioProtocol - Starting ProtocolHandler ["http-nio-8889"]
?[0m?[0;34m12:59 INFO  o.s.b.w.e.tomcat.TomcatWebServer - Tomcat started on port(s): 8889 (http) with context path ''
?[0m?[0;34m12:59 INFO  engine.WebQuizEngine - Started WebQuizEngine in 0.624 seconds (JVM running for 37.862)
?[0m?[1;31m
Start test 148?[0m
?[0;34m12:59 INFO  o.a.c.c.C.[Tomcat].[localhost].[/] - Initializing Spring DispatcherServlet 'dispatcherServlet'
?[0m?[0;34m12:59 INFO  o.s.web.servlet.DispatcherServlet - Initializing Servlet 'dispatcherServlet'
?[0m?[0;34m12:59 INFO  o.s.web.servlet.DispatcherServlet - Completed initialization in 2 ms
?[0m?[0;34m12:59 DEBUG o.s.security.web.FilterChainProxy - Securing GET /api/quizzes
?[0m?[0;34m12:59 DEBUG o.s.s.w.c.SecurityContextPersistenceFilter - Set SecurityContextHolder to empty SecurityContext
?[0m?[0;34m
?[0m?[0;34mTHE loadUserByUsername is called with the argument: user@google.com
?[0m?[0;34m
?[0m?[0;34m12:59 DEBUG o.s.s.a.d.DaoAuthenticationProvider - Authenticated user
?[0m?[0;34m12:59 DEBUG o.s.s.w.a.w.BasicAuthenticationFilter - Set SecurityContextHolder to UsernamePasswordAuthenticationToken [Principal=engine.UserDetailsImp@5969b3ab, Credentials=[PROTECTED], Authenticated=true, Details=WebAuthenticationDetails [RemoteIpAddress=127.0.0.1, SessionId=null], Granted Authorities=[]]
?[0m?[0;34m12:59 DEBUG o.s.s.w.c.HttpSessionSecurityContextRepository - Created HttpSession as SecurityContext is non-default
?[0m?[0;34m12:59 DEBUG o.s.s.w.c.HttpSessionSecurityContextRepository - Stored SecurityContextImpl [Authentication=UsernamePasswordAuthenticationToken [Principal=engine.UserDetailsImp@5969b3ab, Credentials=[PROTECTED], Authenticated=true, Details=WebAuthenticationDetails [RemoteIpAddress=127.0.0.1, SessionId=null], Granted Authorities=[]]] to HttpSession [org.apache.catalina.session.StandardSessionFacade@2fbbd5d3]
?[0m?[0;34m12:59 DEBUG o.s.security.web.FilterChainProxy - Secured GET /api/quizzes
?[0m?[0;34m12:59 DEBUG o.s.s.w.c.HttpSessionSecurityContextRepository - Stored SecurityContextImpl [Authentication=UsernamePasswordAuthenticationToken [Principal=engine.UserDetailsImp@5969b3ab, Credentials=[PROTECTED], Authenticated=true, Details=WebAuthenticationDetails [RemoteIpAddress=127.0.0.1, SessionId=null], Granted Authorities=[]]] to HttpSession [org.apache.catalina.session.StandardSessionFacade@2fbbd5d3]
?[0m?[0;34m12:59 DEBUG o.s.s.w.c.HttpSessionSecurityContextRepository - Stored SecurityContextImpl [Authentication=UsernamePasswordAuthenticationToken [Principal=engine.UserDetailsImp@5969b3ab, Credentials=[PROTECTED], Authenticated=true, Details=WebAuthenticationDetails [RemoteIpAddress=127.0.0.1, SessionId=null], Granted Authorities=[]]] to HttpSession [org.apache.catalina.session.StandardSessionFacade@2fbbd5d3]
?[0m?[0;34m12:59 DEBUG o.s.s.w.c.SecurityContextPersistenceFilter - Cleared SecurityContextHolder to complete request
?[1;31m
Start test 149?[0m
?[0;34m12:59 DEBUG o.s.security.web.FilterChainProxy - Securing POST /api/quizzes/6/solve
?[0m?[0;34m12:59 DEBUG o.s.s.w.c.SecurityContextPersistenceFilter - Set SecurityContextHolder to empty SecurityContext
?[0m?[0;34m
?[0m?[0;34mTHE loadUserByUsername is called with the argument: test@google.com
?[0m?[0;34m
?[0m?[0;34m12:59 DEBUG o.s.s.a.d.DaoAuthenticationProvider - Authenticated user
?[0m?[0;34m12:59 DEBUG o.s.s.w.a.w.BasicAuthenticationFilter - Set SecurityContextHolder to UsernamePasswordAuthenticationToken [Principal=engine.UserDetailsImp@69db913c, Credentials=[PROTECTED], Authenticated=true, Details=WebAuthenticationDetails [RemoteIpAddress=127.0.0.1, SessionId=null], Granted Authorities=[]]
?[0m?[0;34m12:59 DEBUG o.s.s.w.c.HttpSessionSecurityContextRepository - Created HttpSession as SecurityContext is non-default
?[0m?[0;34m12:59 DEBUG o.s.s.w.c.HttpSessionSecurityContextRepository - Stored SecurityContextImpl [Authentication=UsernamePasswordAuthenticationToken [Principal=engine.UserDetailsImp@69db913c, Credentials=[PROTECTED], Authenticated=true, Details=WebAuthenticationDetails [RemoteIpAddress=127.0.0.1, SessionId=null], Granted Authorities=[]]] to HttpSession [org.apache.catalina.session.StandardSessionFacade@79cccd4e]
?[0m?[0;34m12:59 DEBUG o.s.s.w.u.m.RegexRequestMatcher - Checking match of request : '/api/quizzes/6/solve'; against '/api/register'
?[0m?[0;34m12:59 DEBUG o.s.s.w.u.m.RegexRequestMatcher - Checking match of request : '/api/quizzes/6/solve'; against '/actuator/shutdown'
?[0m?[0;34m12:59 DEBUG o.s.security.web.FilterChainProxy - Secured POST /api/quizzes/6/solve
?[0m?[0;34m12:59 DEBUG o.s.s.w.c.HttpSessionSecurityContextRepository - Stored SecurityContextImpl [Authentication=UsernamePasswordAuthenticationToken [Principal=engine.UserDetailsImp@69db913c, Credentials=[PROTECTED], Authenticated=true, Details=WebAuthenticationDetails [RemoteIpAddress=127.0.0.1, SessionId=null], Granted Authorities=[]]] to HttpSession [org.apache.catalina.session.StandardSessionFacade@79cccd4e]
?[0m?[0;34m12:59 DEBUG o.s.s.w.c.HttpSessionSecurityContextRepository - Stored SecurityContextImpl [Authentication=UsernamePasswordAuthenticationToken [Principal=engine.UserDetailsImp@69db913c, Credentials=[PROTECTED], Authenticated=true, Details=WebAuthenticationDetails [RemoteIpAddress=127.0.0.1, SessionId=null], Granted Authorities=[]]] to HttpSession [org.apache.catalina.session.StandardSessionFacade@79cccd4e]
?[0m?[0;34m12:59 DEBUG o.s.s.w.c.SecurityContextPersistenceFilter - Cleared SecurityContextHolder to complete request
?[1;31m
Start test 150?[0m
?[0;34m12:59 DEBUG o.s.security.web.FilterChainProxy - Securing POST /api/quizzes/6/solve
?[0m?[0;34m12:59 DEBUG o.s.s.w.c.SecurityContextPersistenceFilter - Set SecurityContextHolder to empty SecurityContext
?[0m?[0;34m
?[0m?[0;34mTHE loadUserByUsername is called with the argument: user@google.com
?[0m?[0;34m
?[0m?[0;34m12:59 DEBUG o.s.s.a.d.DaoAuthenticationProvider - Authenticated user
?[0m?[0;34m12:59 DEBUG o.s.s.w.a.w.BasicAuthenticationFilter - Set SecurityContextHolder to UsernamePasswordAuthenticationToken [Principal=engine.UserDetailsImp@39d89137, Credentials=[PROTECTED], Authenticated=true, Details=WebAuthenticationDetails [RemoteIpAddress=127.0.0.1, SessionId=null], Granted Authorities=[]]
?[0m?[0;34m12:59 DEBUG o.s.s.w.c.HttpSessionSecurityContextRepository - Created HttpSession as SecurityContext is non-default
?[0m?[0;34m12:59 DEBUG o.s.s.w.c.HttpSessionSecurityContextRepository - Stored SecurityContextImpl [Authentication=UsernamePasswordAuthenticationToken [Principal=engine.UserDetailsImp@39d89137, Credentials=[PROTECTED], Authenticated=true, Details=WebAuthenticationDetails [RemoteIpAddress=127.0.0.1, SessionId=null], Granted Authorities=[]]] to HttpSession [org.apache.catalina.session.StandardSessionFacade@701f1c6c]
?[0m?[0;34m12:59 DEBUG o.s.s.w.u.m.RegexRequestMatcher - Checking match of request : '/api/quizzes/6/solve'; against '/api/register'
?[0m?[0;34m12:59 DEBUG o.s.s.w.u.m.RegexRequestMatcher - Checking match of request : '/api/quizzes/6/solve'; against '/actuator/shutdown'
?[0m?[0;34m12:59 DEBUG o.s.security.web.FilterChainProxy - Secured POST /api/quizzes/6/solve
?[0m?[0;34m12:59 DEBUG o.s.s.w.c.HttpSessionSecurityContextRepository - Stored SecurityContextImpl [Authentication=UsernamePasswordAuthenticationToken [Principal=engine.UserDetailsImp@39d89137, Credentials=[PROTECTED], Authenticated=true, Details=WebAuthenticationDetails [RemoteIpAddress=127.0.0.1, SessionId=null], Granted Authorities=[]]] to HttpSession [org.apache.catalina.session.StandardSessionFacade@701f1c6c]
?[0m?[0;34m12:59 DEBUG o.s.s.w.c.HttpSessionSecurityContextRepository - Stored SecurityContextImpl [Authentication=UsernamePasswordAuthenticationToken [Principal=engine.UserDetailsImp@39d89137, Credentials=[PROTECTED], Authenticated=true, Details=WebAuthenticationDetails [RemoteIpAddress=127.0.0.1, SessionId=null], Granted Authorities=[]]] to HttpSession [org.apache.catalina.session.StandardSessionFacade@701f1c6c]
?[0m?[0;34m12:59 DEBUG o.s.s.w.c.SecurityContextPersistenceFilter - Cleared SecurityContextHolder to complete request
?[1;31m
Start test 151?[0m
?[0;34m12:59 DEBUG o.s.security.web.FilterChainProxy - Securing POST /api/quizzes/7/solve
?[0m?[0;34m12:59 DEBUG o.s.s.w.c.SecurityContextPersistenceFilter - Set SecurityContextHolder to empty SecurityContext
?[0m?[0;34m
?[0m?[0;34mTHE loadUserByUsername is called with the argument: test@google.com
?[0m?[0;34m
?[0m?[0;34m12:59 DEBUG o.s.s.a.d.DaoAuthenticationProvider - Authenticated user
?[0m?[0;34m12:59 DEBUG o.s.s.w.a.w.BasicAuthenticationFilter - Set SecurityContextHolder to UsernamePasswordAuthenticationToken [Principal=engine.UserDetailsImp@20e2df54, Credentials=[PROTECTED], Authenticated=true, Details=WebAuthenticationDetails [RemoteIpAddress=127.0.0.1, SessionId=null], Granted Authorities=[]]
?[0m?[0;34m12:59 DEBUG o.s.s.w.c.HttpSessionSecurityContextRepository - Created HttpSession as SecurityContext is non-default
?[0m?[0;34m12:59 DEBUG o.s.s.w.c.HttpSessionSecurityContextRepository - Stored SecurityContextImpl [Authentication=UsernamePasswordAuthenticationToken [Principal=engine.UserDetailsImp@20e2df54, Credentials=[PROTECTED], Authenticated=true, Details=WebAuthenticationDetails [RemoteIpAddress=127.0.0.1, SessionId=null], Granted Authorities=[]]] to HttpSession [org.apache.catalina.session.StandardSessionFacade@4eb29526]
?[0m?[0;34m12:59 DEBUG o.s.s.w.u.m.RegexRequestMatcher - Checking match of request : '/api/quizzes/7/solve'; against '/api/register'
?[0m?[0;34m12:59 DEBUG o.s.s.w.u.m.RegexRequestMatcher - Checking match of request : '/api/quizzes/7/solve'; against '/actuator/shutdown'
?[0m?[0;34m12:59 DEBUG o.s.security.web.FilterChainProxy - Secured POST /api/quizzes/7/solve
?[0m?[0;34m12:59 DEBUG o.s.s.w.c.HttpSessionSecurityContextRepository - Stored SecurityContextImpl [Authentication=UsernamePasswordAuthenticationToken [Principal=engine.UserDetailsImp@20e2df54, Credentials=[PROTECTED], Authenticated=true, Details=WebAuthenticationDetails [RemoteIpAddress=127.0.0.1, SessionId=null], Granted Authorities=[]]] to HttpSession [org.apache.catalina.session.StandardSessionFacade@4eb29526]
?[0m?[0;34m12:59 DEBUG o.s.s.w.c.HttpSessionSecurityContextRepository - Stored SecurityContextImpl [Authentication=UsernamePasswordAuthenticationToken [Principal=engine.UserDetailsImp@20e2df54, Credentials=[PROTECTED], Authenticated=true, Details=WebAuthenticationDetails [RemoteIpAddress=127.0.0.1, SessionId=null], Granted Authorities=[]]] to HttpSession [org.apache.catalina.session.StandardSessionFacade@4eb29526]
?[0m?[0;34m12:59 DEBUG o.s.s.w.c.SecurityContextPersistenceFilter - Cleared SecurityContextHolder to complete request
?[1;31m
Start test 152?[0m
?[0;34m12:59 DEBUG o.s.security.web.FilterChainProxy - Securing POST /api/quizzes/7/solve
?[0m?[0;34m12:59 DEBUG o.s.s.w.c.SecurityContextPersistenceFilter - Set SecurityContextHolder to empty SecurityContext
?[0m?[0;34m
?[0m?[0;34mTHE loadUserByUsername is called with the argument: user@google.com
?[0m?[0;34m
?[0m?[0;34m12:59 DEBUG o.s.s.a.d.DaoAuthenticationProvider - Authenticated user
?[0m?[0;34m12:59 DEBUG o.s.s.w.a.w.BasicAuthenticationFilter - Set SecurityContextHolder to UsernamePasswordAuthenticationToken [Principal=engine.UserDetailsImp@4c10665a, Credentials=[PROTECTED], Authenticated=true, Details=WebAuthenticationDetails [RemoteIpAddress=127.0.0.1, SessionId=null], Granted Authorities=[]]
?[0m?[0;34m12:59 DEBUG o.s.s.w.c.HttpSessionSecurityContextRepository - Created HttpSession as SecurityContext is non-default
?[0m?[0;34m12:59 DEBUG o.s.s.w.c.HttpSessionSecurityContextRepository - Stored SecurityContextImpl [Authentication=UsernamePasswordAuthenticationToken [Principal=engine.UserDetailsImp@4c10665a, Credentials=[PROTECTED], Authenticated=true, Details=WebAuthenticationDetails [RemoteIpAddress=127.0.0.1, SessionId=null], Granted Authorities=[]]] to HttpSession [org.apache.catalina.session.StandardSessionFacade@248539b4]
?[0m?[0;34m12:59 DEBUG o.s.s.w.u.m.RegexRequestMatcher - Checking match of request : '/api/quizzes/7/solve'; against '/api/register'
?[0m?[0;34m12:59 DEBUG o.s.s.w.u.m.RegexRequestMatcher - Checking match of request : '/api/quizzes/7/solve'; against '/actuator/shutdown'
?[0m?[0;34m12:59 DEBUG o.s.security.web.FilterChainProxy - Secured POST /api/quizzes/7/solve
?[0m?[0;34m12:59 DEBUG o.s.s.w.c.HttpSessionSecurityContextRepository - Stored SecurityContextImpl [Authentication=UsernamePasswordAuthenticationToken [Principal=engine.UserDetailsImp@4c10665a, Credentials=[PROTECTED], Authenticated=true, Details=WebAuthenticationDetails [RemoteIpAddress=127.0.0.1, SessionId=null], Granted Authorities=[]]] to HttpSession [org.apache.catalina.session.StandardSessionFacade@248539b4]
?[0m?[0;34m12:59 DEBUG o.s.s.w.c.HttpSessionSecurityContextRepository - Stored SecurityContextImpl [Authentication=UsernamePasswordAuthenticationToken [Principal=engine.UserDetailsImp@4c10665a, Credentials=[PROTECTED], Authenticated=true, Details=WebAuthenticationDetails [RemoteIpAddress=127.0.0.1, SessionId=null], Granted Authorities=[]]] to HttpSession [org.apache.catalina.session.StandardSessionFacade@248539b4]
?[0m?[0;34m12:59 DEBUG o.s.s.w.c.SecurityContextPersistenceFilter - Cleared SecurityContextHolder to complete request
?[1;31m
Start test 153?[0m
?[0;34m12:59 DEBUG o.s.security.web.FilterChainProxy - Securing DELETE /api/quizzes/1
?[0m?[0;34m12:59 DEBUG o.s.s.w.c.SecurityContextPersistenceFilter - Set SecurityContextHolder to empty SecurityContext
?[0m?[0;34m
?[0m?[0;34mTHE loadUserByUsername is called with the argument: test@google.com
?[0m?[0;34m
?[0m?[0;34m12:59 DEBUG o.s.s.a.d.DaoAuthenticationProvider - Authenticated user
?[0m?[0;34m12:59 DEBUG o.s.s.w.a.w.BasicAuthenticationFilter - Set SecurityContextHolder to UsernamePasswordAuthenticationToken [Principal=engine.UserDetailsImp@3603c384, Credentials=[PROTECTED], Authenticated=true, Details=WebAuthenticationDetails [RemoteIpAddress=127.0.0.1, SessionId=null], Granted Authorities=[]]
?[0m?[0;34m12:59 DEBUG o.s.s.w.c.HttpSessionSecurityContextRepository - Created HttpSession as SecurityContext is non-default
?[0m?[0;34m12:59 DEBUG o.s.s.w.c.HttpSessionSecurityContextRepository - Stored SecurityContextImpl [Authentication=UsernamePasswordAuthenticationToken [Principal=engine.UserDetailsImp@3603c384, Credentials=[PROTECTED], Authenticated=true, Details=WebAuthenticationDetails [RemoteIpAddress=127.0.0.1, SessionId=null], Granted Authorities=[]]] to HttpSession [org.apache.catalina.session.StandardSessionFacade@7fd128c7]
?[0m?[0;34m12:59 DEBUG o.s.security.web.FilterChainProxy - Secured DELETE /api/quizzes/1
?[0m?[0;34m12:59 DEBUG o.s.s.w.c.HttpSessionSecurityContextRepository - Stored SecurityContextImpl [Authentication=UsernamePasswordAuthenticationToken [Principal=engine.UserDetailsImp@3603c384, Credentials=[PROTECTED], Authenticated=true, Details=WebAuthenticationDetails [RemoteIpAddress=127.0.0.1, SessionId=null], Granted Authorities=[]]] to HttpSession [org.apache.catalina.session.StandardSessionFacade@7fd128c7]
?[0m?[0;34m12:59 DEBUG o.s.s.w.c.HttpSessionSecurityContextRepository - Stored SecurityContextImpl [Authentication=UsernamePasswordAuthenticationToken [Principal=engine.UserDetailsImp@3603c384, Credentials=[PROTECTED], Authenticated=true, Details=WebAuthenticationDetails [RemoteIpAddress=127.0.0.1, SessionId=null], Granted Authorities=[]]] to HttpSession [org.apache.catalina.session.StandardSessionFacade@7fd128c7]
?[0m?[0;34m12:59 DEBUG o.s.s.w.c.SecurityContextPersistenceFilter - Cleared SecurityContextHolder to complete request
?[1;31m
Start test 154?[0m
?[0;34m12:59 DEBUG o.s.security.web.FilterChainProxy - Securing DELETE /api/quizzes/1
?[0m?[0;34m12:59 DEBUG o.s.s.w.c.SecurityContextPersistenceFilter - Set SecurityContextHolder to empty SecurityContext
?[0m?[0;34m
?[0m?[0;34mTHE loadUserByUsername is called with the argument: test@google.com
?[0m?[0;34m
?[0m?[0;34m12:59 DEBUG o.s.s.a.d.DaoAuthenticationProvider - Authenticated user
?[0m?[0;34m12:59 DEBUG o.s.s.w.a.w.BasicAuthenticationFilter - Set SecurityContextHolder to UsernamePasswordAuthenticationToken [Principal=engine.UserDetailsImp@1ef8ccab, Credentials=[PROTECTED], Authenticated=true, Details=WebAuthenticationDetails [RemoteIpAddress=127.0.0.1, SessionId=null], Granted Authorities=[]]
?[0m?[0;34m12:59 DEBUG o.s.s.w.c.HttpSessionSecurityContextRepository - Created HttpSession as SecurityContext is non-default
?[0m?[0;34m12:59 DEBUG o.s.s.w.c.HttpSessionSecurityContextRepository - Stored SecurityContextImpl [Authentication=UsernamePasswordAuthenticationToken [Principal=engine.UserDetailsImp@1ef8ccab, Credentials=[PROTECTED], Authenticated=true, Details=WebAuthenticationDetails [RemoteIpAddress=127.0.0.1, SessionId=null], Granted Authorities=[]]] to HttpSession [org.apache.catalina.session.StandardSessionFacade@56ad4ee3]
?[0m?[0;34m12:59 DEBUG o.s.security.web.FilterChainProxy - Secured DELETE /api/quizzes/1
?[0m?[0;34m12:59 WARN  o.s.w.s.m.m.a.ExceptionHandlerExceptionResolver - Failure in @ExceptionHandler engine.Exceptionist#handleBadRequestExceptions(RuntimeException, WebRequest)
?[0m?[0;34morg.springframework.web.HttpMediaTypeNotAcceptableException: Could not find acceptable representation
?[0m?[0;34m	at org.springframework.web.servlet.mvc.method.annotation.AbstractMessageConverterMethodProcessor.writeWithMessageConverters(AbstractMessageConverterMethodProcessor.java:315)
?[0m?[0;34m	at org.springframework.web.servlet.mvc.method.annotation.HttpEntityMethodProcessor.handleReturnValue(HttpEntityMethodProcessor.java:219)
?[0m?[0;34m	at org.springframework.web.method.support.HandlerMethodReturnValueHandlerComposite.handleReturnValue(HandlerMethodReturnValueHandlerComposite.java:78)
?[0m?[0;34m	at org.springframework.web.servlet.mvc.method.annotation.ServletInvocableHandlerMethod.invokeAndHandle(ServletInvocableHandlerMethod.java:135)
?[0m?[0;34m	at org.springframework.web.servlet.mvc.method.annotation.ExceptionHandlerExceptionResolver.doResolveHandlerMethodException(ExceptionHandlerExceptionResolver.java:428)
?[0m?[0;34m	at org.springframework.web.servlet.handler.AbstractHandlerMethodExceptionResolver.doResolveException(AbstractHandlerMethodExceptionResolver.java:75)
?[0m?[0;34m	at org.springframework.web.servlet.handler.AbstractHandlerExceptionResolver.resolveException(AbstractHandlerExceptionResolver.java:142)
?[0m?[0;34m	at org.springframework.web.servlet.handler.HandlerExceptionResolverComposite.resolveException(HandlerExceptionResolverComposite.java:80)
?[0m?[0;34m	at org.springframework.web.servlet.DispatcherServlet.processHandlerException(DispatcherServlet.java:1327)
?[0m?[0;34m	at org.springframework.web.servlet.DispatcherServlet.processDispatchResult(DispatcherServlet.java:1138)
?[0m?[0;34m	at org.springframework.web.servlet.DispatcherServlet.doDispatch(DispatcherServlet.java:1084)
?[0m?[0;34m	at org.springframework.web.servlet.DispatcherServlet.doService(DispatcherServlet.java:963)
?[0m?[0;34m	at org.springframework.web.servlet.FrameworkServlet.processRequest(FrameworkServlet.java:1006)
?[0m?[0;34m	at org.springframework.web.servlet.FrameworkServlet.doDelete(FrameworkServlet.java:931)
?[0m?[0;34m	at javax.servlet.http.HttpServlet.service(HttpServlet.java:687)
?[0m?[0;34m	at org.springframework.web.servlet.FrameworkServlet.service(FrameworkServlet.java:883)
?[0m?[0;34m	at javax.servlet.http.HttpServlet.service(HttpServlet.java:764)
?[0m?[0;34m	at jdk.internal.reflect.GeneratedMethodAccessor64.invoke(Unknown Source)
?[0m?[0;34m	at java.base/jdk.internal.reflect.DelegatingMethodAccessorImpl.invoke(DelegatingMethodAccessorImpl.java:43)
?[0m?[0;34m	at java.base/java.lang.reflect.Method.invoke(Method.java:568)
?[0m?[0;34m	at org.apache.catalina.security.SecurityUtil.lambda$execute$0(SecurityUtil.java:280)
?[0m?[0;34m	at java.base/java.security.AccessController.doPrivileged(AccessController.java:712)
?[0m?[0;34m	at java.base/javax.security.auth.Subject.doAsPrivileged(Subject.java:584)
?[0m?[0;34m	at org.apache.catalina.security.SecurityUtil.execute(SecurityUtil.java:311)
?[0m?[0;34m	at org.apache.catalina.security.SecurityUtil.doAsPrivilege(SecurityUtil.java:170)
?[0m?[0;34m	at org.apache.catalina.core.ApplicationFilterChain.internalDoFilter(ApplicationFilterChain.java:221)
?[0m?[0;34m	at org.apache.catalina.core.ApplicationFilterChain.lambda$doFilter$0(ApplicationFilterChain.java:145)
?[0m?[0;34m	at java.base/java.security.AccessController.doPrivileged(AccessController.java:569)
?[0m?[0;34m	at org.apache.catalina.core.ApplicationFilterChain.doFilter(ApplicationFilterChain.java:143)
?[0m?[0;34m	at org.apache.tomcat.websocket.server.WsFilter.doFilter(WsFilter.java:53)
?[0m?[0;34m	at jdk.internal.reflect.GeneratedMethodAccessor54.invoke(Unknown Source)
?[0m?[0;34m	at java.base/jdk.internal.reflect.DelegatingMethodAccessorImpl.invoke(DelegatingMethodAccessorImpl.java:43)
?[0m?[0;34m	at java.base/java.lang.reflect.Method.invoke(Method.java:568)
?[0m?[0;34m	at org.apache.catalina.security.SecurityUtil.lambda$execute$0(SecurityUtil.java:280)
?[0m?[0;34m	at java.base/java.security.AccessController.doPrivileged(AccessController.java:712)
?[0m?[0;34m	at java.base/javax.security.auth.Subject.doAsPrivileged(Subject.java:584)
?[0m?[0;34m	at org.apache.catalina.security.SecurityUtil.execute(SecurityUtil.java:311)
?[0m?[0;34m	at org.apache.catalina.security.SecurityUtil.doAsPrivilege(SecurityUtil.java:253)
?[0m?[0;34m	at org.apache.catalina.core.ApplicationFilterChain.internalDoFilter(ApplicationFilterChain.java:187)
?[0m?[0;34m	at org.apache.catalina.core.ApplicationFilterChain.lambda$doFilter$0(ApplicationFilterChain.java:145)
?[0m?[0;34m	at java.base/java.security.AccessController.doPrivileged(AccessController.java:569)
?[0m?[0;34m	at org.apache.catalina.core.ApplicationFilterChain.doFilter(ApplicationFilterChain.java:143)
?[0m?[0;34m	at org.springframework.security.web.FilterChainProxy$VirtualFilterChain.doFilter(FilterChainProxy.java:327)
?[0m?[0;34m	at org.springframework.security.web.access.intercept.AuthorizationFilter.doFilterInternal(AuthorizationFilter.java:58)
?[0m?[0;34m	at org.springframework.web.filter.OncePerRequestFilter.doFilter(OncePerRequestFilter.java:119)
?[0m?[0;34m	at org.springframework.security.web.FilterChainProxy$VirtualFilterChain.doFilter(FilterChainProxy.java:336)
?[0m?[0;34m	at org.springframework.security.web.access.ExceptionTranslationFilter.doFilter(ExceptionTranslationFilter.java:121)
?[0m?[0;34m	at org.springframework.security.web.access.ExceptionTranslationFilter.doFilter(ExceptionTranslationFilter.java:115)
?[0m?[0;34m	at org.springframework.security.web.FilterChainProxy$VirtualFilterChain.doFilter(FilterChainProxy.java:336)
?[0m?[0;34m	at org.springframework.security.web.session.SessionManagementFilter.doFilter(SessionManagementFilter.java:126)
?[0m?[0;34m	at org.springframework.security.web.session.SessionManagementFilter.doFilter(SessionManagementFilter.java:81)
?[0m?[0;34m	at org.springframework.security.web.FilterChainProxy$VirtualFilterChain.doFilter(FilterChainProxy.java:336)
?[0m?[0;34m	at org.springframework.security.web.authentication.AnonymousAuthenticationFilter.doFilter(AnonymousAuthenticationFilter.java:105)
?[0m?[0;34m	at org.springframework.security.web.FilterChainProxy$VirtualFilterChain.doFilter(FilterChainProxy.java:336)
?[0m?[0;34m	at org.springframework.security.web.servletapi.SecurityContextHolderAwareRequestFilter.doFilter(SecurityContextHolderAwareRequestFilter.java:149)
?[0m?[0;34m	at org.springframework.security.web.FilterChainProxy$VirtualFilterChain.doFilter(FilterChainProxy.java:336)
?[0m?[0;34m	at org.springframework.security.web.savedrequest.RequestCacheAwareFilter.doFilter(RequestCacheAwareFilter.java:63)
?[0m?[0;34m	at org.springframework.security.web.FilterChainProxy$VirtualFilterChain.doFilter(FilterChainProxy.java:336)
?[0m?[0;34m	at org.springframework.security.web.authentication.www.BasicAuthenticationFilter.doFilterInternal(BasicAuthenticationFilter.java:178)
?[0m?[0;34m	at org.springframework.web.filter.OncePerRequestFilter.doFilter(OncePerRequestFilter.java:119)
?[0m?[0;34m	at org.springframework.security.web.FilterChainProxy$VirtualFilterChain.doFilter(FilterChainProxy.java:336)
?[0m?[0;34m	at org.springframework.security.web.authentication.logout.LogoutFilter.doFilter(LogoutFilter.java:103)
?[0m?[0;34m	at org.springframework.security.web.authentication.logout.LogoutFilter.doFilter(LogoutFilter.java:89)
?[0m?[0;34m	at org.springframework.security.web.FilterChainProxy$VirtualFilterChain.doFilter(FilterChainProxy.java:336)
?[0m?[0;34m	at org.springframework.security.web.header.HeaderWriterFilter.doHeadersAfter(HeaderWriterFilter.java:90)
?[0m?[0;34m	at org.springframework.security.web.header.HeaderWriterFilter.doFilterInternal(HeaderWriterFilter.java:75)
?[0m?[0;34m	at org.springframework.web.filter.OncePerRequestFilter.doFilter(OncePerRequestFilter.java:119)
?[0m?[0;34m	at org.springframework.security.web.FilterChainProxy$VirtualFilterChain.doFilter(FilterChainProxy.java:336)
?[0m?[0;34m	at org.springframework.security.web.context.SecurityContextPersistenceFilter.doFilter(SecurityContextPersistenceFilter.java:110)
?[0m?[0;34m	at org.springframework.security.web.context.SecurityContextPersistenceFilter.doFilter(SecurityContextPersistenceFilter.java:80)
?[0m?[0;34m	at org.springframework.security.web.FilterChainProxy$VirtualFilterChain.doFilter(FilterChainProxy.java:336)
?[0m?[0;34m	at org.springframework.security.web.context.request.async.WebAsyncManagerIntegrationFilter.doFilterInternal(WebAsyncManagerIntegrationFilter.java:55)
?[0m?[0;34m	at org.springframework.web.filter.OncePerRequestFilter.doFilter(OncePerRequestFilter.java:119)
?[0m?[0;34m	at org.springframework.security.web.FilterChainProxy$VirtualFilterChain.doFilter(FilterChainProxy.java:336)
?[0m?[0;34m	at org.springframework.security.web.FilterChainProxy.doFilterInternal(FilterChainProxy.java:211)
?[0m?[0;34m	at org.springframework.security.web.FilterChainProxy.doFilter(FilterChainProxy.java:183)
?[0m?[0;34m	at org.springframework.web.filter.DelegatingFilterProxy.invokeDelegate(DelegatingFilterProxy.java:358)
?[0m?[0;34m	at org.springframework.web.filter.DelegatingFilterProxy.doFilter(DelegatingFilterProxy.java:271)
?[0m?[0;34m	at jdk.internal.reflect.GeneratedMethodAccessor54.invoke(Unknown Source)
?[0m?[0;34m	at java.base/jdk.internal.reflect.DelegatingMethodAccessorImpl.invoke(DelegatingMethodAccessorImpl.java:43)
?[0m?[0;34m	at java.base/java.lang.reflect.Method.invoke(Method.java:568)
?[0m?[0;34m	at org.apache.catalina.security.SecurityUtil.lambda$execute$0(SecurityUtil.java:280)
?[0m?[0;34m	at java.base/java.security.AccessController.doPrivileged(AccessController.java:712)
?[0m?[0;34m	at java.base/javax.security.auth.Subject.doAsPrivileged(Subject.java:584)
?[0m?[0;34m	at org.apache.catalina.security.SecurityUtil.execute(SecurityUtil.java:311)
?[0m?[0;34m	at org.apache.catalina.security.SecurityUtil.doAsPrivilege(SecurityUtil.java:253)
?[0m?[0;34m	at org.apache.catalina.core.ApplicationFilterChain.internalDoFilter(ApplicationFilterChain.java:187)
?[0m?[0;34m	at org.apache.catalina.core.ApplicationFilterChain.lambda$doFilter$0(ApplicationFilterChain.java:145)
?[0m?[0;34m	at java.base/java.security.AccessController.doPrivileged(AccessController.java:569)
?[0m?[0;34m	at org.apache.catalina.core.ApplicationFilterChain.doFilter(ApplicationFilterChain.java:143)
?[0m?[0;34m	at org.springframework.web.filter.RequestContextFilter.doFilterInternal(RequestContextFilter.java:100)
?[0m?[0;34m	at org.springframework.web.filter.OncePerRequestFilter.doFilter(OncePerRequestFilter.java:119)
?[0m?[0;34m	at jdk.internal.reflect.GeneratedMethodAccessor54.invoke(Unknown Source)
?[0m?[0;34m	at java.base/jdk.internal.reflect.DelegatingMethodAccessorImpl.invoke(DelegatingMethodAccessorImpl.java:43)
?[0m?[0;34m	at java.base/java.lang.reflect.Method.invoke(Method.java:568)
?[0m?[0;34m	at org.apache.catalina.security.SecurityUtil.lambda$execute$0(SecurityUtil.java:280)
?[0m?[0;34m	at java.base/java.security.AccessController.doPrivileged(AccessController.java:712)
?[0m?[0;34m	at java.base/javax.security.auth.Subject.doAsPrivileged(Subject.java:584)
?[0m?[0;34m	at org.apache.catalina.security.SecurityUtil.execute(SecurityUtil.java:311)
?[0m?[0;34m	at org.apache.catalina.security.SecurityUtil.doAsPrivilege(SecurityUtil.java:253)
?[0m?[0;34m	at org.apache.catalina.core.ApplicationFilterChain.internalDoFilter(ApplicationFilterChain.java:187)
?[0m?[0;34m	at org.apache.catalina.core.ApplicationFilterChain.lambda$doFilter$0(ApplicationFilterChain.java:145)
?[0m?[0;34m	at java.base/java.security.AccessController.doPrivileged(AccessController.java:569)
?[0m?[0;34m	at org.apache.catalina.core.ApplicationFilterChain.doFilter(ApplicationFilterChain.java:143)
?[0m?[0;34m	at org.springframework.web.filter.FormContentFilter.doFilterInternal(FormContentFilter.java:93)
?[0m?[0;34m	at org.springframework.web.filter.OncePerRequestFilter.doFilter(OncePerRequestFilter.java:119)
?[0m?[0;34m	at jdk.internal.reflect.GeneratedMethodAccessor54.invoke(Unknown Source)
?[0m?[0;34m	at java.base/jdk.internal.reflect.DelegatingMethodAccessorImpl.invoke(DelegatingMethodAccessorImpl.java:43)
?[0m?[0;34m	at java.base/java.lang.reflect.Method.invoke(Method.java:568)
?[0m?[0;34m	at org.apache.catalina.security.SecurityUtil.lambda$execute$0(SecurityUtil.java:280)
?[0m?[0;34m	at java.base/java.security.AccessController.doPrivileged(AccessController.java:712)
?[0m?[0;34m	at java.base/javax.security.auth.Subject.doAsPrivileged(Subject.java:584)
?[0m?[0;34m	at org.apache.catalina.security.SecurityUtil.execute(SecurityUtil.java:311)
?[0m?[0;34m	at org.apache.catalina.security.SecurityUtil.doAsPrivilege(SecurityUtil.java:253)
?[0m?[0;34m	at org.apache.catalina.core.ApplicationFilterChain.internalDoFilter(ApplicationFilterChain.java:187)
?[0m?[0;34m	at org.apache.catalina.core.ApplicationFilterChain.lambda$doFilter$0(ApplicationFilterChain.java:145)
?[0m?[0;34m	at java.base/java.security.AccessController.doPrivileged(AccessController.java:569)
?[0m?[0;34m	at org.apache.catalina.core.ApplicationFilterChain.doFilter(ApplicationFilterChain.java:143)
?[0m?[0;34m	at org.springframework.boot.actuate.metrics.web.servlet.WebMvcMetricsFilter.doFilterInternal(WebMvcMetricsFilter.java:96)
?[0m?[0;34m	at org.springframework.web.filter.OncePerRequestFilter.doFilter(OncePerRequestFilter.java:119)
?[0m?[0;34m	at jdk.internal.reflect.GeneratedMethodAccessor54.invoke(Unknown Source)
?[0m?[0;34m	at java.base/jdk.internal.reflect.DelegatingMethodAccessorImpl.invoke(DelegatingMethodAccessorImpl.java:43)
?[0m?[0;34m	at java.base/java.lang.reflect.Method.invoke(Method.java:568)
?[0m?[0;34m	at org.apache.catalina.security.SecurityUtil.lambda$execute$0(SecurityUtil.java:280)
?[0m?[0;34m	at java.base/java.security.AccessController.doPrivileged(AccessController.java:712)
?[0m?[0;34m	at java.base/javax.security.auth.Subject.doAsPrivileged(Subject.java:584)
?[0m?[0;34m	at org.apache.catalina.security.SecurityUtil.execute(SecurityUtil.java:311)
?[0m?[0;34m	at org.apache.catalina.security.SecurityUtil.doAsPrivilege(SecurityUtil.java:253)
?[0m?[0;34m	at org.apache.catalina.core.ApplicationFilterChain.internalDoFilter(ApplicationFilterChain.java:187)
?[0m?[0;34m	at org.apache.catalina.core.ApplicationFilterChain.lambda$doFilter$0(ApplicationFilterChain.java:145)
?[0m?[0;34m	at java.base/java.security.AccessController.doPrivileged(AccessController.java:569)
?[0m?[0;34m	at org.apache.catalina.core.ApplicationFilterChain.doFilter(ApplicationFilterChain.java:143)
?[0m?[0;34m	at org.springframework.web.filter.CharacterEncodingFilter.doFilterInternal(CharacterEncodingFilter.java:201)
?[0m?[0;34m	at org.springframework.web.filter.OncePerRequestFilter.doFilter(OncePerRequestFilter.java:119)
?[0m?[0;34m	at jdk.internal.reflect.GeneratedMethodAccessor54.invoke(Unknown Source)
?[0m?[0;34m	at java.base/jdk.internal.reflect.DelegatingMethodAccessorImpl.invoke(DelegatingMethodAccessorImpl.java:43)
?[0m?[0;34m	at java.base/java.lang.reflect.Method.invoke(Method.java:568)
?[0m?[0;34m	at org.apache.catalina.security.SecurityUtil.lambda$execute$0(SecurityUtil.java:280)
?[0m?[0;34m	at java.base/java.security.AccessController.doPrivileged(AccessController.java:712)
?[0m?[0;34m	at java.base/javax.security.auth.Subject.doAsPrivileged(Subject.java:584)
?[0m?[0;34m	at org.apache.catalina.security.SecurityUtil.execute(SecurityUtil.java:311)
?[0m?[0;34m	at org.apache.catalina.security.SecurityUtil.doAsPrivilege(SecurityUtil.java:253)
?[0m?[0;34m	at org.apache.catalina.core.ApplicationFilterChain.internalDoFilter(ApplicationFilterChain.java:187)
?[0m?[0;34m	at org.apache.catalina.core.ApplicationFilterChain.lambda$doFilter$0(ApplicationFilterChain.java:145)
?[0m?[0;34m	at java.base/java.security.AccessController.doPrivileged(AccessController.java:569)
?[0m?[0;34m	at org.apache.catalina.core.ApplicationFilterChain.doFilter(ApplicationFilterChain.java:143)
?[0m?[0;34m	at org.apache.catalina.core.StandardWrapperValve.invoke(StandardWrapperValve.java:197)
?[0m?[0;34m	at org.apache.catalina.core.StandardContextValve.invoke(StandardContextValve.java:97)
?[0m?[0;34m	at org.apache.catalina.authenticator.AuthenticatorBase.invoke(AuthenticatorBase.java:540)
?[0m?[0;34m	at org.apache.catalina.core.StandardHostValve.invoke(StandardHostValve.java:135)
?[0m?[0;34m	at org.apache.catalina.valves.ErrorReportValve.invoke(ErrorReportValve.java:92)
?[0m?[0;34m	at org.apache.catalina.core.StandardEngineValve.invoke(StandardEngineValve.java:78)
?[0m?[0;34m	at org.apache.catalina.connector.CoyoteAdapter.service(CoyoteAdapter.java:357)
?[0m?[0;34m	at org.apache.coyote.http11.Http11Processor.service(Http11Processor.java:382)
?[0m?[0;34m	at org.apache.coyote.AbstractProcessorLight.process(AbstractProcessorLight.java:65)
?[0m?[0;34m	at org.apache.coyote.AbstractProtocol$ConnectionHandler.process(AbstractProtocol.java:895)
?[0m?[0;34m	at org.apache.tomcat.util.net.NioEndpoint$SocketProcessor.doRun(NioEndpoint.java:1722)
?[0m?[0;34m	at org.apache.tomcat.util.net.SocketProcessorBase.run(SocketProcessorBase.java:49)
?[0m?[0;34m	at org.apache.tomcat.util.threads.ThreadPoolExecutor.runWorker(ThreadPoolExecutor.java:1191)
?[0m?[0;34m	at org.apache.tomcat.util.threads.ThreadPoolExecutor$Worker.run(ThreadPoolExecutor.java:659)
?[0m?[0;34m	at org.apache.tomcat.util.threads.TaskThread$WrappingRunnable.run(TaskThread.java:61)
?[0m?[0;34m	at java.base/java.lang.Thread.run(Thread.java:842)
?[0m?[0;34m12:59 DEBUG o.s.s.w.c.HttpSessionSecurityContextRepository - Stored SecurityContextImpl [Authentication=UsernamePasswordAuthenticationToken [Principal=engine.UserDetailsImp@1ef8ccab, Credentials=[PROTECTED], Authenticated=true, Details=WebAuthenticationDetails [RemoteIpAddress=127.0.0.1, SessionId=null], Granted Authorities=[]]] to HttpSession [org.apache.catalina.session.StandardSessionFacade@56ad4ee3]
?[0m?[0;34m12:59 DEBUG o.s.s.w.c.HttpSessionSecurityContextRepository - Stored SecurityContextImpl [Authentication=UsernamePasswordAuthenticationToken [Principal=engine.UserDetailsImp@1ef8ccab, Credentials=[PROTECTED], Authenticated=true, Details=WebAuthenticationDetails [RemoteIpAddress=127.0.0.1, SessionId=null], Granted Authorities=[]]] to HttpSession [org.apache.catalina.session.StandardSessionFacade@56ad4ee3]
?[0m?[0;34m12:59 DEBUG o.s.s.w.c.SecurityContextPersistenceFilter - Cleared SecurityContextHolder to complete request
?[0m?[0;34m12:59 DEBUG o.s.security.web.FilterChainProxy - Securing DELETE /error
?[0m?[0;34m12:59 DEBUG o.s.s.w.c.HttpSessionSecurityContextRepository - Retrieved SecurityContextImpl [Authentication=UsernamePasswordAuthenticationToken [Principal=engine.UserDetailsImp@1ef8ccab, Credentials=[PROTECTED], Authenticated=true, Details=WebAuthenticationDetails [RemoteIpAddress=127.0.0.1, SessionId=null], Granted Authorities=[]]]
?[0m?[0;34m12:59 DEBUG o.s.s.w.c.SecurityContextPersistenceFilter - Set SecurityContextHolder to SecurityContextImpl [Authentication=UsernamePasswordAuthenticationToken [Principal=engine.UserDetailsImp@1ef8ccab, Credentials=[PROTECTED], Authenticated=true, Details=WebAuthenticationDetails [RemoteIpAddress=127.0.0.1, SessionId=null], Granted Authorities=[]]]
?[0m?[0;34m12:59 DEBUG o.s.security.web.FilterChainProxy - Secured DELETE /error
?[0m?[0;34m12:59 DEBUG o.s.s.w.c.SecurityContextPersistenceFilter - Cleared SecurityContextHolder to complete request
?[1;31m
Start test 155?[0m
?[0;34m12:59 DEBUG o.s.security.web.FilterChainProxy - Securing GET /api/quizzes/1
?[0m?[0;34m12:59 DEBUG o.s.s.w.c.SecurityContextPersistenceFilter - Set SecurityContextHolder to empty SecurityContext
?[0m?[0;34m
?[0m?[0;34mTHE loadUserByUsername is called with the argument: test@google.com
?[0m?[0;34m
?[0m?[0;34m12:59 DEBUG o.s.s.a.d.DaoAuthenticationProvider - Authenticated user
?[0m?[0;34m12:59 DEBUG o.s.s.w.a.w.BasicAuthenticationFilter - Set SecurityContextHolder to UsernamePasswordAuthenticationToken [Principal=engine.UserDetailsImp@3a402e20, Credentials=[PROTECTED], Authenticated=true, Details=WebAuthenticationDetails [RemoteIpAddress=127.0.0.1, SessionId=null], Granted Authorities=[]]
?[0m?[0;34m12:59 DEBUG o.s.s.w.c.HttpSessionSecurityContextRepository - Created HttpSession as SecurityContext is non-default
?[0m?[0;34m12:59 DEBUG o.s.s.w.c.HttpSessionSecurityContextRepository - Stored SecurityContextImpl [Authentication=UsernamePasswordAuthenticationToken [Principal=engine.UserDetailsImp@3a402e20, Credentials=[PROTECTED], Authenticated=true, Details=WebAuthenticationDetails [RemoteIpAddress=127.0.0.1, SessionId=null], Granted Authorities=[]]] to HttpSession [org.apache.catalina.session.StandardSessionFacade@54cbbb9b]
?[0m?[0;34m12:59 DEBUG o.s.security.web.FilterChainProxy - Secured GET /api/quizzes/1
?[0m?[0;34m12:59 WARN  o.s.w.s.m.m.a.ExceptionHandlerExceptionResolver - Failure in @ExceptionHandler engine.Exceptionist#handleBadRequestExceptions(RuntimeException, WebRequest)
?[0m?[0;34morg.springframework.web.HttpMediaTypeNotAcceptableException: Could not find acceptable representation
?[0m?[0;34m	at org.springframework.web.servlet.mvc.method.annotation.AbstractMessageConverterMethodProcessor.writeWithMessageConverters(AbstractMessageConverterMethodProcessor.java:315)
?[0m?[0;34m	at org.springframework.web.servlet.mvc.method.annotation.HttpEntityMethodProcessor.handleReturnValue(HttpEntityMethodProcessor.java:219)
?[0m?[0;34m	at org.springframework.web.method.support.HandlerMethodReturnValueHandlerComposite.handleReturnValue(HandlerMethodReturnValueHandlerComposite.java:78)
?[0m?[0;34m	at org.springframework.web.servlet.mvc.method.annotation.ServletInvocableHandlerMethod.invokeAndHandle(ServletInvocableHandlerMethod.java:135)
?[0m?[0;34m	at org.springframework.web.servlet.mvc.method.annotation.ExceptionHandlerExceptionResolver.doResolveHandlerMethodException(ExceptionHandlerExceptionResolver.java:428)
?[0m?[0;34m	at org.springframework.web.servlet.handler.AbstractHandlerMethodExceptionResolver.doResolveException(AbstractHandlerMethodExceptionResolver.java:75)
?[0m?[0;34m	at org.springframework.web.servlet.handler.AbstractHandlerExceptionResolver.resolveException(AbstractHandlerExceptionResolver.java:142)
?[0m?[0;34m	at org.springframework.web.servlet.handler.HandlerExceptionResolverComposite.resolveException(HandlerExceptionResolverComposite.java:80)
?[0m?[0;34m	at org.springframework.web.servlet.DispatcherServlet.processHandlerException(DispatcherServlet.java:1327)
?[0m?[0;34m	at org.springframework.web.servlet.DispatcherServlet.processDispatchResult(DispatcherServlet.java:1138)
?[0m?[0;34m	at org.springframework.web.servlet.DispatcherServlet.doDispatch(DispatcherServlet.java:1084)
?[0m?[0;34m	at org.springframework.web.servlet.DispatcherServlet.doService(DispatcherServlet.java:963)
?[0m?[0;34m	at org.springframework.web.servlet.FrameworkServlet.processRequest(FrameworkServlet.java:1006)
?[0m?[0;34m	at org.springframework.web.servlet.FrameworkServlet.doGet(FrameworkServlet.java:898)
?[0m?[0;34m	at javax.servlet.http.HttpServlet.service(HttpServlet.java:655)
?[0m?[0;34m	at org.springframework.web.servlet.FrameworkServlet.service(FrameworkServlet.java:883)
?[0m?[0;34m	at javax.servlet.http.HttpServlet.service(HttpServlet.java:764)
?[0m?[0;34m	at jdk.internal.reflect.GeneratedMethodAccessor64.invoke(Unknown Source)
?[0m?[0;34m	at java.base/jdk.internal.reflect.DelegatingMethodAccessorImpl.invoke(DelegatingMethodAccessorImpl.java:43)
?[0m?[0;34m	at java.base/java.lang.reflect.Method.invoke(Method.java:568)
?[0m?[0;34m	at org.apache.catalina.security.SecurityUtil.lambda$execute$0(SecurityUtil.java:280)
?[0m?[0;34m	at java.base/java.security.AccessController.doPrivileged(AccessController.java:712)
?[0m?[0;34m	at java.base/javax.security.auth.Subject.doAsPrivileged(Subject.java:584)
?[0m?[0;34m	at org.apache.catalina.security.SecurityUtil.execute(SecurityUtil.java:311)
?[0m?[0;34m	at org.apache.catalina.security.SecurityUtil.doAsPrivilege(SecurityUtil.java:170)
?[0m?[0;34m	at org.apache.catalina.core.ApplicationFilterChain.internalDoFilter(ApplicationFilterChain.java:221)
?[0m?[0;34m	at org.apache.catalina.core.ApplicationFilterChain.lambda$doFilter$0(ApplicationFilterChain.java:145)
?[0m?[0;34m	at java.base/java.security.AccessController.doPrivileged(AccessController.java:569)
?[0m?[0;34m	at org.apache.catalina.core.ApplicationFilterChain.doFilter(ApplicationFilterChain.java:143)
?[0m?[0;34m	at org.apache.tomcat.websocket.server.WsFilter.doFilter(WsFilter.java:53)
?[0m?[0;34m	at jdk.internal.reflect.GeneratedMethodAccessor54.invoke(Unknown Source)
?[0m?[0;34m	at java.base/jdk.internal.reflect.DelegatingMethodAccessorImpl.invoke(DelegatingMethodAccessorImpl.java:43)
?[0m?[0;34m	at java.base/java.lang.reflect.Method.invoke(Method.java:568)
?[0m?[0;34m	at org.apache.catalina.security.SecurityUtil.lambda$execute$0(SecurityUtil.java:280)
?[0m?[0;34m	at java.base/java.security.AccessController.doPrivileged(AccessController.java:712)
?[0m?[0;34m	at java.base/javax.security.auth.Subject.doAsPrivileged(Subject.java:584)
?[0m?[0;34m	at org.apache.catalina.security.SecurityUtil.execute(SecurityUtil.java:311)
?[0m?[0;34m	at org.apache.catalina.security.SecurityUtil.doAsPrivilege(SecurityUtil.java:253)
?[0m?[0;34m	at org.apache.catalina.core.ApplicationFilterChain.internalDoFilter(ApplicationFilterChain.java:187)
?[0m?[0;34m	at org.apache.catalina.core.ApplicationFilterChain.lambda$doFilter$0(ApplicationFilterChain.java:145)
?[0m?[0;34m	at java.base/java.security.AccessController.doPrivileged(AccessController.java:569)
?[0m?[0;34m	at org.apache.catalina.core.ApplicationFilterChain.doFilter(ApplicationFilterChain.java:143)
?[0m?[0;34m	at org.springframework.security.web.FilterChainProxy$VirtualFilterChain.doFilter(FilterChainProxy.java:327)
?[0m?[0;34m	at org.springframework.security.web.access.intercept.AuthorizationFilter.doFilterInternal(AuthorizationFilter.java:58)
?[0m?[0;34m	at org.springframework.web.filter.OncePerRequestFilter.doFilter(OncePerRequestFilter.java:119)
?[0m?[0;34m	at org.springframework.security.web.FilterChainProxy$VirtualFilterChain.doFilter(FilterChainProxy.java:336)
?[0m?[0;34m	at org.springframework.security.web.access.ExceptionTranslationFilter.doFilter(ExceptionTranslationFilter.java:121)
?[0m?[0;34m	at org.springframework.security.web.access.ExceptionTranslationFilter.doFilter(ExceptionTranslationFilter.java:115)
?[0m?[0;34m	at org.springframework.security.web.FilterChainProxy$VirtualFilterChain.doFilter(FilterChainProxy.java:336)
?[0m?[0;34m	at org.springframework.security.web.session.SessionManagementFilter.doFilter(SessionManagementFilter.java:126)
?[0m?[0;34m	at org.springframework.security.web.session.SessionManagementFilter.doFilter(SessionManagementFilter.java:81)
?[0m?[0;34m	at org.springframework.security.web.FilterChainProxy$VirtualFilterChain.doFilter(FilterChainProxy.java:336)
?[0m?[0;34m	at org.springframework.security.web.authentication.AnonymousAuthenticationFilter.doFilter(AnonymousAuthenticationFilter.java:105)
?[0m?[0;34m	at org.springframework.security.web.FilterChainProxy$VirtualFilterChain.doFilter(FilterChainProxy.java:336)
?[0m?[0;34m	at org.springframework.security.web.servletapi.SecurityContextHolderAwareRequestFilter.doFilter(SecurityContextHolderAwareRequestFilter.java:149)
?[0m?[0;34m	at org.springframework.security.web.FilterChainProxy$VirtualFilterChain.doFilter(FilterChainProxy.java:336)
?[0m?[0;34m	at org.springframework.security.web.savedrequest.RequestCacheAwareFilter.doFilter(RequestCacheAwareFilter.java:63)
?[0m?[0;34m	at org.springframework.security.web.FilterChainProxy$VirtualFilterChain.doFilter(FilterChainProxy.java:336)
?[0m?[0;34m	at org.springframework.security.web.authentication.www.BasicAuthenticationFilter.doFilterInternal(BasicAuthenticationFilter.java:178)
?[0m?[0;34m	at org.springframework.web.filter.OncePerRequestFilter.doFilter(OncePerRequestFilter.java:119)
?[0m?[0;34m	at org.springframework.security.web.FilterChainProxy$VirtualFilterChain.doFilter(FilterChainProxy.java:336)
?[0m?[0;34m	at org.springframework.security.web.authentication.logout.LogoutFilter.doFilter(LogoutFilter.java:103)
?[0m?[0;34m	at org.springframework.security.web.authentication.logout.LogoutFilter.doFilter(LogoutFilter.java:89)
?[0m?[0;34m	at org.springframework.security.web.FilterChainProxy$VirtualFilterChain.doFilter(FilterChainProxy.java:336)
?[0m?[0;34m	at org.springframework.security.web.header.HeaderWriterFilter.doHeadersAfter(HeaderWriterFilter.java:90)
?[0m?[0;34m	at org.springframework.security.web.header.HeaderWriterFilter.doFilterInternal(HeaderWriterFilter.java:75)
?[0m?[0;34m	at org.springframework.web.filter.OncePerRequestFilter.doFilter(OncePerRequestFilter.java:119)
?[0m?[0;34m	at org.springframework.security.web.FilterChainProxy$VirtualFilterChain.doFilter(FilterChainProxy.java:336)
?[0m?[0;34m	at org.springframework.security.web.context.SecurityContextPersistenceFilter.doFilter(SecurityContextPersistenceFilter.java:110)
?[0m?[0;34m	at org.springframework.security.web.context.SecurityContextPersistenceFilter.doFilter(SecurityContextPersistenceFilter.java:80)
?[0m?[0;34m	at org.springframework.security.web.FilterChainProxy$VirtualFilterChain.doFilter(FilterChainProxy.java:336)
?[0m?[0;34m	at org.springframework.security.web.context.request.async.WebAsyncManagerIntegrationFilter.doFilterInternal(WebAsyncManagerIntegrationFilter.java:55)
?[0m?[0;34m	at org.springframework.web.filter.OncePerRequestFilter.doFilter(OncePerRequestFilter.java:119)
?[0m?[0;34m	at org.springframework.security.web.FilterChainProxy$VirtualFilterChain.doFilter(FilterChainProxy.java:336)
?[0m?[0;34m	at org.springframework.security.web.FilterChainProxy.doFilterInternal(FilterChainProxy.java:211)
?[0m?[0;34m	at org.springframework.security.web.FilterChainProxy.doFilter(FilterChainProxy.java:183)
?[0m?[0;34m	at org.springframework.web.filter.DelegatingFilterProxy.invokeDelegate(DelegatingFilterProxy.java:358)
?[0m?[0;34m	at org.springframework.web.filter.DelegatingFilterProxy.doFilter(DelegatingFilterProxy.java:271)
?[0m?[0;34m	at jdk.internal.reflect.GeneratedMethodAccessor54.invoke(Unknown Source)
?[0m?[0;34m	at java.base/jdk.internal.reflect.DelegatingMethodAccessorImpl.invoke(DelegatingMethodAccessorImpl.java:43)
?[0m?[0;34m	at java.base/java.lang.reflect.Method.invoke(Method.java:568)
?[0m?[0;34m	at org.apache.catalina.security.SecurityUtil.lambda$execute$0(SecurityUtil.java:280)
?[0m?[0;34m	at java.base/java.security.AccessController.doPrivileged(AccessController.java:712)
?[0m?[0;34m	at java.base/javax.security.auth.Subject.doAsPrivileged(Subject.java:584)
?[0m?[0;34m	at org.apache.catalina.security.SecurityUtil.execute(SecurityUtil.java:311)
?[0m?[0;34m	at org.apache.catalina.security.SecurityUtil.doAsPrivilege(SecurityUtil.java:253)
?[0m?[0;34m	at org.apache.catalina.core.ApplicationFilterChain.internalDoFilter(ApplicationFilterChain.java:187)
?[0m?[0;34m	at org.apache.catalina.core.ApplicationFilterChain.lambda$doFilter$0(ApplicationFilterChain.java:145)
?[0m?[0;34m	at java.base/java.security.AccessController.doPrivileged(AccessController.java:569)
?[0m?[0;34m	at org.apache.catalina.core.ApplicationFilterChain.doFilter(ApplicationFilterChain.java:143)
?[0m?[0;34m	at org.springframework.web.filter.RequestContextFilter.doFilterInternal(RequestContextFilter.java:100)
?[0m?[0;34m	at org.springframework.web.filter.OncePerRequestFilter.doFilter(OncePerRequestFilter.java:119)
?[0m?[0;34m	at jdk.internal.reflect.GeneratedMethodAccessor54.invoke(Unknown Source)
?[0m?[0;34m	at java.base/jdk.internal.reflect.DelegatingMethodAccessorImpl.invoke(DelegatingMethodAccessorImpl.java:43)
?[0m?[0;34m	at java.base/java.lang.reflect.Method.invoke(Method.java:568)
?[0m?[0;34m	at org.apache.catalina.security.SecurityUtil.lambda$execute$0(SecurityUtil.java:280)
?[0m?[0;34m	at java.base/java.security.AccessController.doPrivileged(AccessController.java:712)
?[0m?[0;34m	at java.base/javax.security.auth.Subject.doAsPrivileged(Subject.java:584)
?[0m?[0;34m	at org.apache.catalina.security.SecurityUtil.execute(SecurityUtil.java:311)
?[0m?[0;34m	at org.apache.catalina.security.SecurityUtil.doAsPrivilege(SecurityUtil.java:253)
?[0m?[0;34m	at org.apache.catalina.core.ApplicationFilterChain.internalDoFilter(ApplicationFilterChain.java:187)
?[0m?[0;34m	at org.apache.catalina.core.ApplicationFilterChain.lambda$doFilter$0(ApplicationFilterChain.java:145)
?[0m?[0;34m	at java.base/java.security.AccessController.doPrivileged(AccessController.java:569)
?[0m?[0;34m	at org.apache.catalina.core.ApplicationFilterChain.doFilter(ApplicationFilterChain.java:143)
?[0m?[0;34m	at org.springframework.web.filter.FormContentFilter.doFilterInternal(FormContentFilter.java:93)
?[0m?[0;34m	at org.springframework.web.filter.OncePerRequestFilter.doFilter(OncePerRequestFilter.java:119)
?[0m?[0;34m	at jdk.internal.reflect.GeneratedMethodAccessor54.invoke(Unknown Source)
?[0m?[0;34m	at java.base/jdk.internal.reflect.DelegatingMethodAccessorImpl.invoke(DelegatingMethodAccessorImpl.java:43)
?[0m?[0;34m	at java.base/java.lang.reflect.Method.invoke(Method.java:568)
?[0m?[0;34m	at org.apache.catalina.security.SecurityUtil.lambda$execute$0(SecurityUtil.java:280)
?[0m?[0;34m	at java.base/java.security.AccessController.doPrivileged(AccessController.java:712)
?[0m?[0;34m	at java.base/javax.security.auth.Subject.doAsPrivileged(Subject.java:584)
?[0m?[0;34m	at org.apache.catalina.security.SecurityUtil.execute(SecurityUtil.java:311)
?[0m?[0;34m	at org.apache.catalina.security.SecurityUtil.doAsPrivilege(SecurityUtil.java:253)
?[0m?[0;34m	at org.apache.catalina.core.ApplicationFilterChain.internalDoFilter(ApplicationFilterChain.java:187)
?[0m?[0;34m	at org.apache.catalina.core.ApplicationFilterChain.lambda$doFilter$0(ApplicationFilterChain.java:145)
?[0m?[0;34m	at java.base/java.security.AccessController.doPrivileged(AccessController.java:569)
?[0m?[0;34m	at org.apache.catalina.core.ApplicationFilterChain.doFilter(ApplicationFilterChain.java:143)
?[0m?[0;34m	at org.springframework.boot.actuate.metrics.web.servlet.WebMvcMetricsFilter.doFilterInternal(WebMvcMetricsFilter.java:96)
?[0m?[0;34m	at org.springframework.web.filter.OncePerRequestFilter.doFilter(OncePerRequestFilter.java:119)
?[0m?[0;34m	at jdk.internal.reflect.GeneratedMethodAccessor54.invoke(Unknown Source)
?[0m?[0;34m	at java.base/jdk.internal.reflect.DelegatingMethodAccessorImpl.invoke(DelegatingMethodAccessorImpl.java:43)
?[0m?[0;34m	at java.base/java.lang.reflect.Method.invoke(Method.java:568)
?[0m?[0;34m	at org.apache.catalina.security.SecurityUtil.lambda$execute$0(SecurityUtil.java:280)
?[0m?[0;34m	at java.base/java.security.AccessController.doPrivileged(AccessController.java:712)
?[0m?[0;34m	at java.base/javax.security.auth.Subject.doAsPrivileged(Subject.java:584)
?[0m?[0;34m	at org.apache.catalina.security.SecurityUtil.execute(SecurityUtil.java:311)
?[0m?[0;34m	at org.apache.catalina.security.SecurityUtil.doAsPrivilege(SecurityUtil.java:253)
?[0m?[0;34m	at org.apache.catalina.core.ApplicationFilterChain.internalDoFilter(ApplicationFilterChain.java:187)
?[0m?[0;34m	at org.apache.catalina.core.ApplicationFilterChain.lambda$doFilter$0(ApplicationFilterChain.java:145)
?[0m?[0;34m	at java.base/java.security.AccessController.doPrivileged(AccessController.java:569)
?[0m?[0;34m	at org.apache.catalina.core.ApplicationFilterChain.doFilter(ApplicationFilterChain.java:143)
?[0m?[0;34m	at org.springframework.web.filter.CharacterEncodingFilter.doFilterInternal(CharacterEncodingFilter.java:201)
?[0m?[0;34m	at org.springframework.web.filter.OncePerRequestFilter.doFilter(OncePerRequestFilter.java:119)
?[0m?[0;34m	at jdk.internal.reflect.GeneratedMethodAccessor54.invoke(Unknown Source)
?[0m?[0;34m	at java.base/jdk.internal.reflect.DelegatingMethodAccessorImpl.invoke(DelegatingMethodAccessorImpl.java:43)
?[0m?[0;34m	at java.base/java.lang.reflect.Method.invoke(Method.java:568)
?[0m?[0;34m	at org.apache.catalina.security.SecurityUtil.lambda$execute$0(SecurityUtil.java:280)
?[0m?[0;34m	at java.base/java.security.AccessController.doPrivileged(AccessController.java:712)
?[0m?[0;34m	at java.base/javax.security.auth.Subject.doAsPrivileged(Subject.java:584)
?[0m?[0;34m	at org.apache.catalina.security.SecurityUtil.execute(SecurityUtil.java:311)
?[0m?[0;34m	at org.apache.catalina.security.SecurityUtil.doAsPrivilege(SecurityUtil.java:253)
?[0m?[0;34m	at org.apache.catalina.core.ApplicationFilterChain.internalDoFilter(ApplicationFilterChain.java:187)
?[0m?[0;34m	at org.apache.catalina.core.ApplicationFilterChain.lambda$doFilter$0(ApplicationFilterChain.java:145)
?[0m?[0;34m	at java.base/java.security.AccessController.doPrivileged(AccessController.java:569)
?[0m?[0;34m	at org.apache.catalina.core.ApplicationFilterChain.doFilter(ApplicationFilterChain.java:143)
?[0m?[0;34m	at org.apache.catalina.core.StandardWrapperValve.invoke(StandardWrapperValve.java:197)
?[0m?[0;34m	at org.apache.catalina.core.StandardContextValve.invoke(StandardContextValve.java:97)
?[0m?[0;34m	at org.apache.catalina.authenticator.AuthenticatorBase.invoke(AuthenticatorBase.java:540)
?[0m?[0;34m	at org.apache.catalina.core.StandardHostValve.invoke(StandardHostValve.java:135)
?[0m?[0;34m	at org.apache.catalina.valves.ErrorReportValve.invoke(ErrorReportValve.java:92)
?[0m?[0;34m	at org.apache.catalina.core.StandardEngineValve.invoke(StandardEngineValve.java:78)
?[0m?[0;34m	at org.apache.catalina.connector.CoyoteAdapter.service(CoyoteAdapter.java:357)
?[0m?[0;34m	at org.apache.coyote.http11.Http11Processor.service(Http11Processor.java:382)
?[0m?[0;34m	at org.apache.coyote.AbstractProcessorLight.process(AbstractProcessorLight.java:65)
?[0m?[0;34m	at org.apache.coyote.AbstractProtocol$ConnectionHandler.process(AbstractProtocol.java:895)
?[0m?[0;34m	at org.apache.tomcat.util.net.NioEndpoint$SocketProcessor.doRun(NioEndpoint.java:1722)
?[0m?[0;34m	at org.apache.tomcat.util.net.SocketProcessorBase.run(SocketProcessorBase.java:49)
?[0m?[0;34m	at org.apache.tomcat.util.threads.ThreadPoolExecutor.runWorker(ThreadPoolExecutor.java:1191)
?[0m?[0;34m	at org.apache.tomcat.util.threads.ThreadPoolExecutor$Worker.run(ThreadPoolExecutor.java:659)
?[0m?[0;34m	at org.apache.tomcat.util.threads.TaskThread$WrappingRunnable.run(TaskThread.java:61)
?[0m?[0;34m	at java.base/java.lang.Thread.run(Thread.java:842)
?[0m?[0;34m12:59 DEBUG o.s.s.w.c.HttpSessionSecurityContextRepository - Stored SecurityContextImpl [Authentication=UsernamePasswordAuthenticationToken [Principal=engine.UserDetailsImp@3a402e20, Credentials=[PROTECTED], Authenticated=true, Details=WebAuthenticationDetails [RemoteIpAddress=127.0.0.1, SessionId=null], Granted Authorities=[]]] to HttpSession [org.apache.catalina.session.StandardSessionFacade@54cbbb9b]
?[0m?[0;34m12:59 DEBUG o.s.s.w.c.HttpSessionSecurityContextRepository - Stored SecurityContextImpl [Authentication=UsernamePasswordAuthenticationToken [Principal=engine.UserDetailsImp@3a402e20, Credentials=[PROTECTED], Authenticated=true, Details=WebAuthenticationDetails [RemoteIpAddress=127.0.0.1, SessionId=null], Granted Authorities=[]]] to HttpSession [org.apache.catalina.session.StandardSessionFacade@54cbbb9b]
?[0m?[0;34m12:59 DEBUG o.s.s.w.c.SecurityContextPersistenceFilter - Cleared SecurityContextHolder to complete request
?[0m?[0;34m12:59 DEBUG o.s.security.web.FilterChainProxy - Securing GET /error
?[0m?[0;34m12:59 DEBUG o.s.s.w.c.HttpSessionSecurityContextRepository - Retrieved SecurityContextImpl [Authentication=UsernamePasswordAuthenticationToken [Principal=engine.UserDetailsImp@3a402e20, Credentials=[PROTECTED], Authenticated=true, Details=WebAuthenticationDetails [RemoteIpAddress=127.0.0.1, SessionId=null], Granted Authorities=[]]]
?[0m?[0;34m12:59 DEBUG o.s.s.w.c.SecurityContextPersistenceFilter - Set SecurityContextHolder to SecurityContextImpl [Authentication=UsernamePasswordAuthenticationToken [Principal=engine.UserDetailsImp@3a402e20, Credentials=[PROTECTED], Authenticated=true, Details=WebAuthenticationDetails [RemoteIpAddress=127.0.0.1, SessionId=null], Granted Authorities=[]]]
?[0m?[0;34m12:59 DEBUG o.s.security.web.FilterChainProxy - Secured GET /error
?[0m?[0;34m12:59 DEBUG o.s.s.w.c.SecurityContextPersistenceFilter - Cleared SecurityContextHolder to complete request
?[1;31m
Start test 156?[0m
?[0;34m12:59 DEBUG o.s.security.web.FilterChainProxy - Securing GET /api/quizzes/1
?[0m?[0;34m12:59 DEBUG o.s.s.w.c.SecurityContextPersistenceFilter - Set SecurityContextHolder to empty SecurityContext
?[0m?[0;34m
?[0m?[0;34mTHE loadUserByUsername is called with the argument: user@google.com
?[0m?[0;34m
?[0m?[0;34m12:59 DEBUG o.s.s.a.d.DaoAuthenticationProvider - Authenticated user
?[0m?[0;34m12:59 DEBUG o.s.s.w.a.w.BasicAuthenticationFilter - Set SecurityContextHolder to UsernamePasswordAuthenticationToken [Principal=engine.UserDetailsImp@74d5e6ea, Credentials=[PROTECTED], Authenticated=true, Details=WebAuthenticationDetails [RemoteIpAddress=127.0.0.1, SessionId=null], Granted Authorities=[]]
?[0m?[0;34m12:59 DEBUG o.s.s.w.c.HttpSessionSecurityContextRepository - Created HttpSession as SecurityContext is non-default
?[0m?[0;34m12:59 DEBUG o.s.s.w.c.HttpSessionSecurityContextRepository - Stored SecurityContextImpl [Authentication=UsernamePasswordAuthenticationToken [Principal=engine.UserDetailsImp@74d5e6ea, Credentials=[PROTECTED], Authenticated=true, Details=WebAuthenticationDetails [RemoteIpAddress=127.0.0.1, SessionId=null], Granted Authorities=[]]] to HttpSession [org.apache.catalina.session.StandardSessionFacade@5ec86b23]
?[0m?[0;34m12:59 DEBUG o.s.security.web.FilterChainProxy - Secured GET /api/quizzes/1
?[0m?[0;34m12:59 WARN  o.s.w.s.m.m.a.ExceptionHandlerExceptionResolver - Failure in @ExceptionHandler engine.Exceptionist#handleBadRequestExceptions(RuntimeException, WebRequest)
?[0m?[0;34morg.springframework.web.HttpMediaTypeNotAcceptableException: Could not find acceptable representation
?[0m?[0;34m	at org.springframework.web.servlet.mvc.method.annotation.AbstractMessageConverterMethodProcessor.writeWithMessageConverters(AbstractMessageConverterMethodProcessor.java:315)
?[0m?[0;34m	at org.springframework.web.servlet.mvc.method.annotation.HttpEntityMethodProcessor.handleReturnValue(HttpEntityMethodProcessor.java:219)
?[0m?[0;34m	at org.springframework.web.method.support.HandlerMethodReturnValueHandlerComposite.handleReturnValue(HandlerMethodReturnValueHandlerComposite.java:78)
?[0m?[0;34m	at org.springframework.web.servlet.mvc.method.annotation.ServletInvocableHandlerMethod.invokeAndHandle(ServletInvocableHandlerMethod.java:135)
?[0m?[0;34m	at org.springframework.web.servlet.mvc.method.annotation.ExceptionHandlerExceptionResolver.doResolveHandlerMethodException(ExceptionHandlerExceptionResolver.java:428)
?[0m?[0;34m	at org.springframework.web.servlet.handler.AbstractHandlerMethodExceptionResolver.doResolveException(AbstractHandlerMethodExceptionResolver.java:75)
?[0m?[0;34m	at org.springframework.web.servlet.handler.AbstractHandlerExceptionResolver.resolveException(AbstractHandlerExceptionResolver.java:142)
?[0m?[0;34m	at org.springframework.web.servlet.handler.HandlerExceptionResolverComposite.resolveException(HandlerExceptionResolverComposite.java:80)
?[0m?[0;34m	at org.springframework.web.servlet.DispatcherServlet.processHandlerException(DispatcherServlet.java:1327)
?[0m?[0;34m	at org.springframework.web.servlet.DispatcherServlet.processDispatchResult(DispatcherServlet.java:1138)
?[0m?[0;34m	at org.springframework.web.servlet.DispatcherServlet.doDispatch(DispatcherServlet.java:1084)
?[0m?[0;34m	at org.springframework.web.servlet.DispatcherServlet.doService(DispatcherServlet.java:963)
?[0m?[0;34m	at org.springframework.web.servlet.FrameworkServlet.processRequest(FrameworkServlet.java:1006)
?[0m?[0;34m	at org.springframework.web.servlet.FrameworkServlet.doGet(FrameworkServlet.java:898)
?[0m?[0;34m	at javax.servlet.http.HttpServlet.service(HttpServlet.java:655)
?[0m?[0;34m	at org.springframework.web.servlet.FrameworkServlet.service(FrameworkServlet.java:883)
?[0m?[0;34m	at javax.servlet.http.HttpServlet.service(HttpServlet.java:764)
?[0m?[0;34m	at jdk.internal.reflect.GeneratedMethodAccessor64.invoke(Unknown Source)
?[0m?[0;34m	at java.base/jdk.internal.reflect.DelegatingMethodAccessorImpl.invoke(DelegatingMethodAccessorImpl.java:43)
?[0m?[0;34m	at java.base/java.lang.reflect.Method.invoke(Method.java:568)
?[0m?[0;34m	at org.apache.catalina.security.SecurityUtil.lambda$execute$0(SecurityUtil.java:280)
?[0m?[0;34m	at java.base/java.security.AccessController.doPrivileged(AccessController.java:712)
?[0m?[0;34m	at java.base/javax.security.auth.Subject.doAsPrivileged(Subject.java:584)
?[0m?[0;34m	at org.apache.catalina.security.SecurityUtil.execute(SecurityUtil.java:311)
?[0m?[0;34m	at org.apache.catalina.security.SecurityUtil.doAsPrivilege(SecurityUtil.java:170)
?[0m?[0;34m	at org.apache.catalina.core.ApplicationFilterChain.internalDoFilter(ApplicationFilterChain.java:221)
?[0m?[0;34m	at org.apache.catalina.core.ApplicationFilterChain.lambda$doFilter$0(ApplicationFilterChain.java:145)
?[0m?[0;34m	at java.base/java.security.AccessController.doPrivileged(AccessController.java:569)
?[0m?[0;34m	at org.apache.catalina.core.ApplicationFilterChain.doFilter(ApplicationFilterChain.java:143)
?[0m?[0;34m	at org.apache.tomcat.websocket.server.WsFilter.doFilter(WsFilter.java:53)
?[0m?[0;34m	at jdk.internal.reflect.GeneratedMethodAccessor54.invoke(Unknown Source)
?[0m?[0;34m	at java.base/jdk.internal.reflect.DelegatingMethodAccessorImpl.invoke(DelegatingMethodAccessorImpl.java:43)
?[0m?[0;34m	at java.base/java.lang.reflect.Method.invoke(Method.java:568)
?[0m?[0;34m	at org.apache.catalina.security.SecurityUtil.lambda$execute$0(SecurityUtil.java:280)
?[0m?[0;34m	at java.base/java.security.AccessController.doPrivileged(AccessController.java:712)
?[0m?[0;34m	at java.base/javax.security.auth.Subject.doAsPrivileged(Subject.java:584)
?[0m?[0;34m	at org.apache.catalina.security.SecurityUtil.execute(SecurityUtil.java:311)
?[0m?[0;34m	at org.apache.catalina.security.SecurityUtil.doAsPrivilege(SecurityUtil.java:253)
?[0m?[0;34m	at org.apache.catalina.core.ApplicationFilterChain.internalDoFilter(ApplicationFilterChain.java:187)
?[0m?[0;34m	at org.apache.catalina.core.ApplicationFilterChain.lambda$doFilter$0(ApplicationFilterChain.java:145)
?[0m?[0;34m	at java.base/java.security.AccessController.doPrivileged(AccessController.java:569)
?[0m?[0;34m	at org.apache.catalina.core.ApplicationFilterChain.doFilter(ApplicationFilterChain.java:143)
?[0m?[0;34m	at org.springframework.security.web.FilterChainProxy$VirtualFilterChain.doFilter(FilterChainProxy.java:327)
?[0m?[0;34m	at org.springframework.security.web.access.intercept.AuthorizationFilter.doFilterInternal(AuthorizationFilter.java:58)
?[0m?[0;34m	at org.springframework.web.filter.OncePerRequestFilter.doFilter(OncePerRequestFilter.java:119)
?[0m?[0;34m	at org.springframework.security.web.FilterChainProxy$VirtualFilterChain.doFilter(FilterChainProxy.java:336)
?[0m?[0;34m	at org.springframework.security.web.access.ExceptionTranslationFilter.doFilter(ExceptionTranslationFilter.java:121)
?[0m?[0;34m	at org.springframework.security.web.access.ExceptionTranslationFilter.doFilter(ExceptionTranslationFilter.java:115)
?[0m?[0;34m	at org.springframework.security.web.FilterChainProxy$VirtualFilterChain.doFilter(FilterChainProxy.java:336)
?[0m?[0;34m	at org.springframework.security.web.session.SessionManagementFilter.doFilter(SessionManagementFilter.java:126)
?[0m?[0;34m	at org.springframework.security.web.session.SessionManagementFilter.doFilter(SessionManagementFilter.java:81)
?[0m?[0;34m	at org.springframework.security.web.FilterChainProxy$VirtualFilterChain.doFilter(FilterChainProxy.java:336)
?[0m?[0;34m	at org.springframework.security.web.authentication.AnonymousAuthenticationFilter.doFilter(AnonymousAuthenticationFilter.java:105)
?[0m?[0;34m	at org.springframework.security.web.FilterChainProxy$VirtualFilterChain.doFilter(FilterChainProxy.java:336)
?[0m?[0;34m	at org.springframework.security.web.servletapi.SecurityContextHolderAwareRequestFilter.doFilter(SecurityContextHolderAwareRequestFilter.java:149)
?[0m?[0;34m	at org.springframework.security.web.FilterChainProxy$VirtualFilterChain.doFilter(FilterChainProxy.java:336)
?[0m?[0;34m	at org.springframework.security.web.savedrequest.RequestCacheAwareFilter.doFilter(RequestCacheAwareFilter.java:63)
?[0m?[0;34m	at org.springframework.security.web.FilterChainProxy$VirtualFilterChain.doFilter(FilterChainProxy.java:336)
?[0m?[0;34m	at org.springframework.security.web.authentication.www.BasicAuthenticationFilter.doFilterInternal(BasicAuthenticationFilter.java:178)
?[0m?[0;34m	at org.springframework.web.filter.OncePerRequestFilter.doFilter(OncePerRequestFilter.java:119)
?[0m?[0;34m	at org.springframework.security.web.FilterChainProxy$VirtualFilterChain.doFilter(FilterChainProxy.java:336)
?[0m?[0;34m	at org.springframework.security.web.authentication.logout.LogoutFilter.doFilter(LogoutFilter.java:103)
?[0m?[0;34m	at org.springframework.security.web.authentication.logout.LogoutFilter.doFilter(LogoutFilter.java:89)
?[0m?[0;34m	at org.springframework.security.web.FilterChainProxy$VirtualFilterChain.doFilter(FilterChainProxy.java:336)
?[0m?[0;34m	at org.springframework.security.web.header.HeaderWriterFilter.doHeadersAfter(HeaderWriterFilter.java:90)
?[0m?[0;34m	at org.springframework.security.web.header.HeaderWriterFilter.doFilterInternal(HeaderWriterFilter.java:75)
?[0m?[0;34m	at org.springframework.web.filter.OncePerRequestFilter.doFilter(OncePerRequestFilter.java:119)
?[0m?[0;34m	at org.springframework.security.web.FilterChainProxy$VirtualFilterChain.doFilter(FilterChainProxy.java:336)
?[0m?[0;34m	at org.springframework.security.web.context.SecurityContextPersistenceFilter.doFilter(SecurityContextPersistenceFilter.java:110)
?[0m?[0;34m	at org.springframework.security.web.context.SecurityContextPersistenceFilter.doFilter(SecurityContextPersistenceFilter.java:80)
?[0m?[0;34m	at org.springframework.security.web.FilterChainProxy$VirtualFilterChain.doFilter(FilterChainProxy.java:336)
?[0m?[0;34m	at org.springframework.security.web.context.request.async.WebAsyncManagerIntegrationFilter.doFilterInternal(WebAsyncManagerIntegrationFilter.java:55)
?[0m?[0;34m	at org.springframework.web.filter.OncePerRequestFilter.doFilter(OncePerRequestFilter.java:119)
?[0m?[0;34m	at org.springframework.security.web.FilterChainProxy$VirtualFilterChain.doFilter(FilterChainProxy.java:336)
?[0m?[0;34m	at org.springframework.security.web.FilterChainProxy.doFilterInternal(FilterChainProxy.java:211)
?[0m?[0;34m	at org.springframework.security.web.FilterChainProxy.doFilter(FilterChainProxy.java:183)
?[0m?[0;34m	at org.springframework.web.filter.DelegatingFilterProxy.invokeDelegate(DelegatingFilterProxy.java:358)
?[0m?[0;34m	at org.springframework.web.filter.DelegatingFilterProxy.doFilter(DelegatingFilterProxy.java:271)
?[0m?[0;34m	at jdk.internal.reflect.GeneratedMethodAccessor54.invoke(Unknown Source)
?[0m?[0;34m	at java.base/jdk.internal.reflect.DelegatingMethodAccessorImpl.invoke(DelegatingMethodAccessorImpl.java:43)
?[0m?[0;34m	at java.base/java.lang.reflect.Method.invoke(Method.java:568)
?[0m?[0;34m	at org.apache.catalina.security.SecurityUtil.lambda$execute$0(SecurityUtil.java:280)
?[0m?[0;34m	at java.base/java.security.AccessController.doPrivileged(AccessController.java:712)
?[0m?[0;34m	at java.base/javax.security.auth.Subject.doAsPrivileged(Subject.java:584)
?[0m?[0;34m	at org.apache.catalina.security.SecurityUtil.execute(SecurityUtil.java:311)
?[0m?[0;34m	at org.apache.catalina.security.SecurityUtil.doAsPrivilege(SecurityUtil.java:253)
?[0m?[0;34m	at org.apache.catalina.core.ApplicationFilterChain.internalDoFilter(ApplicationFilterChain.java:187)
?[0m?[0;34m	at org.apache.catalina.core.ApplicationFilterChain.lambda$doFilter$0(ApplicationFilterChain.java:145)
?[0m?[0;34m	at java.base/java.security.AccessController.doPrivileged(AccessController.java:569)
?[0m?[0;34m	at org.apache.catalina.core.ApplicationFilterChain.doFilter(ApplicationFilterChain.java:143)
?[0m?[0;34m	at org.springframework.web.filter.RequestContextFilter.doFilterInternal(RequestContextFilter.java:100)
?[0m?[0;34m	at org.springframework.web.filter.OncePerRequestFilter.doFilter(OncePerRequestFilter.java:119)
?[0m?[0;34m	at jdk.internal.reflect.GeneratedMethodAccessor54.invoke(Unknown Source)
?[0m?[0;34m	at java.base/jdk.internal.reflect.DelegatingMethodAccessorImpl.invoke(DelegatingMethodAccessorImpl.java:43)
?[0m?[0;34m	at java.base/java.lang.reflect.Method.invoke(Method.java:568)
?[0m?[0;34m	at org.apache.catalina.security.SecurityUtil.lambda$execute$0(SecurityUtil.java:280)
?[0m?[0;34m	at java.base/java.security.AccessController.doPrivileged(AccessController.java:712)
?[0m?[0;34m	at java.base/javax.security.auth.Subject.doAsPrivileged(Subject.java:584)
?[0m?[0;34m	at org.apache.catalina.security.SecurityUtil.execute(SecurityUtil.java:311)
?[0m?[0;34m	at org.apache.catalina.security.SecurityUtil.doAsPrivilege(SecurityUtil.java:253)
?[0m?[0;34m	at org.apache.catalina.core.ApplicationFilterChain.internalDoFilter(ApplicationFilterChain.java:187)
?[0m?[0;34m	at org.apache.catalina.core.ApplicationFilterChain.lambda$doFilter$0(ApplicationFilterChain.java:145)
?[0m?[0;34m	at java.base/java.security.AccessController.doPrivileged(AccessController.java:569)
?[0m?[0;34m	at org.apache.catalina.core.ApplicationFilterChain.doFilter(ApplicationFilterChain.java:143)
?[0m?[0;34m	at org.springframework.web.filter.FormContentFilter.doFilterInternal(FormContentFilter.java:93)
?[0m?[0;34m	at org.springframework.web.filter.OncePerRequestFilter.doFilter(OncePerRequestFilter.java:119)
?[0m?[0;34m	at jdk.internal.reflect.GeneratedMethodAccessor54.invoke(Unknown Source)
?[0m?[0;34m	at java.base/jdk.internal.reflect.DelegatingMethodAccessorImpl.invoke(DelegatingMethodAccessorImpl.java:43)
?[0m?[0;34m	at java.base/java.lang.reflect.Method.invoke(Method.java:568)
?[0m?[0;34m	at org.apache.catalina.security.SecurityUtil.lambda$execute$0(SecurityUtil.java:280)
?[0m?[0;34m	at java.base/java.security.AccessController.doPrivileged(AccessController.java:712)
?[0m?[0;34m	at java.base/javax.security.auth.Subject.doAsPrivileged(Subject.java:584)
?[0m?[0;34m	at org.apache.catalina.security.SecurityUtil.execute(SecurityUtil.java:311)
?[0m?[0;34m	at org.apache.catalina.security.SecurityUtil.doAsPrivilege(SecurityUtil.java:253)
?[0m?[0;34m	at org.apache.catalina.core.ApplicationFilterChain.internalDoFilter(ApplicationFilterChain.java:187)
?[0m?[0;34m	at org.apache.catalina.core.ApplicationFilterChain.lambda$doFilter$0(ApplicationFilterChain.java:145)
?[0m?[0;34m	at java.base/java.security.AccessController.doPrivileged(AccessController.java:569)
?[0m?[0;34m	at org.apache.catalina.core.ApplicationFilterChain.doFilter(ApplicationFilterChain.java:143)
?[0m?[0;34m	at org.springframework.boot.actuate.metrics.web.servlet.WebMvcMetricsFilter.doFilterInternal(WebMvcMetricsFilter.java:96)
?[0m?[0;34m	at org.springframework.web.filter.OncePerRequestFilter.doFilter(OncePerRequestFilter.java:119)
?[0m?[0;34m	at jdk.internal.reflect.GeneratedMethodAccessor54.invoke(Unknown Source)
?[0m?[0;34m	at java.base/jdk.internal.reflect.DelegatingMethodAccessorImpl.invoke(DelegatingMethodAccessorImpl.java:43)
?[0m?[0;34m	at java.base/java.lang.reflect.Method.invoke(Method.java:568)
?[0m?[0;34m	at org.apache.catalina.security.SecurityUtil.lambda$execute$0(SecurityUtil.java:280)
?[0m?[0;34m	at java.base/java.security.AccessController.doPrivileged(AccessController.java:712)
?[0m?[0;34m	at java.base/javax.security.auth.Subject.doAsPrivileged(Subject.java:584)
?[0m?[0;34m	at org.apache.catalina.security.SecurityUtil.execute(SecurityUtil.java:311)
?[0m?[0;34m	at org.apache.catalina.security.SecurityUtil.doAsPrivilege(SecurityUtil.java:253)
?[0m?[0;34m	at org.apache.catalina.core.ApplicationFilterChain.internalDoFilter(ApplicationFilterChain.java:187)
?[0m?[0;34m	at org.apache.catalina.core.ApplicationFilterChain.lambda$doFilter$0(ApplicationFilterChain.java:145)
?[0m?[0;34m	at java.base/java.security.AccessController.doPrivileged(AccessController.java:569)
?[0m?[0;34m	at org.apache.catalina.core.ApplicationFilterChain.doFilter(ApplicationFilterChain.java:143)
?[0m?[0;34m	at org.springframework.web.filter.CharacterEncodingFilter.doFilterInternal(CharacterEncodingFilter.java:201)
?[0m?[0;34m	at org.springframework.web.filter.OncePerRequestFilter.doFilter(OncePerRequestFilter.java:119)
?[0m?[0;34m	at jdk.internal.reflect.GeneratedMethodAccessor54.invoke(Unknown Source)
?[0m?[0;34m	at java.base/jdk.internal.reflect.DelegatingMethodAccessorImpl.invoke(DelegatingMethodAccessorImpl.java:43)
?[0m?[0;34m	at java.base/java.lang.reflect.Method.invoke(Method.java:568)
?[0m?[0;34m	at org.apache.catalina.security.SecurityUtil.lambda$execute$0(SecurityUtil.java:280)
?[0m?[0;34m	at java.base/java.security.AccessController.doPrivileged(AccessController.java:712)
?[0m?[0;34m	at java.base/javax.security.auth.Subject.doAsPrivileged(Subject.java:584)
?[0m?[0;34m	at org.apache.catalina.security.SecurityUtil.execute(SecurityUtil.java:311)
?[0m?[0;34m	at org.apache.catalina.security.SecurityUtil.doAsPrivilege(SecurityUtil.java:253)
?[0m?[0;34m	at org.apache.catalina.core.ApplicationFilterChain.internalDoFilter(ApplicationFilterChain.java:187)
?[0m?[0;34m	at org.apache.catalina.core.ApplicationFilterChain.lambda$doFilter$0(ApplicationFilterChain.java:145)
?[0m?[0;34m	at java.base/java.security.AccessController.doPrivileged(AccessController.java:569)
?[0m?[0;34m	at org.apache.catalina.core.ApplicationFilterChain.doFilter(ApplicationFilterChain.java:143)
?[0m?[0;34m	at org.apache.catalina.core.StandardWrapperValve.invoke(StandardWrapperValve.java:197)
?[0m?[0;34m	at org.apache.catalina.core.StandardContextValve.invoke(StandardContextValve.java:97)
?[0m?[0;34m	at org.apache.catalina.authenticator.AuthenticatorBase.invoke(AuthenticatorBase.java:540)
?[0m?[0;34m	at org.apache.catalina.core.StandardHostValve.invoke(StandardHostValve.java:135)
?[0m?[0;34m	at org.apache.catalina.valves.ErrorReportValve.invoke(ErrorReportValve.java:92)
?[0m?[0;34m	at org.apache.catalina.core.StandardEngineValve.invoke(StandardEngineValve.java:78)
?[0m?[0;34m	at org.apache.catalina.connector.CoyoteAdapter.service(CoyoteAdapter.java:357)
?[0m?[0;34m	at org.apache.coyote.http11.Http11Processor.service(Http11Processor.java:382)
?[0m?[0;34m	at org.apache.coyote.AbstractProcessorLight.process(AbstractProcessorLight.java:65)
?[0m?[0;34m	at org.apache.coyote.AbstractProtocol$ConnectionHandler.process(AbstractProtocol.java:895)
?[0m?[0;34m	at org.apache.tomcat.util.net.NioEndpoint$SocketProcessor.doRun(NioEndpoint.java:1722)
?[0m?[0;34m	at org.apache.tomcat.util.net.SocketProcessorBase.run(SocketProcessorBase.java:49)
?[0m?[0;34m	at org.apache.tomcat.util.threads.ThreadPoolExecutor.runWorker(ThreadPoolExecutor.java:1191)
?[0m?[0;34m	at org.apache.tomcat.util.threads.ThreadPoolExecutor$Worker.run(ThreadPoolExecutor.java:659)
?[0m?[0;34m	at org.apache.tomcat.util.threads.TaskThread$WrappingRunnable.run(TaskThread.java:61)
?[0m?[0;34m	at java.base/java.lang.Thread.run(Thread.java:842)
?[0m?[0;34m12:59 DEBUG o.s.s.w.c.HttpSessionSecurityContextRepository - Stored SecurityContextImpl [Authentication=UsernamePasswordAuthenticationToken [Principal=engine.UserDetailsImp@74d5e6ea, Credentials=[PROTECTED], Authenticated=true, Details=WebAuthenticationDetails [RemoteIpAddress=127.0.0.1, SessionId=null], Granted Authorities=[]]] to HttpSession [org.apache.catalina.session.StandardSessionFacade@5ec86b23]
?[0m?[0;34m12:59 DEBUG o.s.s.w.c.HttpSessionSecurityContextRepository - Stored SecurityContextImpl [Authentication=UsernamePasswordAuthenticationToken [Principal=engine.UserDetailsImp@74d5e6ea, Credentials=[PROTECTED], Authenticated=true, Details=WebAuthenticationDetails [RemoteIpAddress=127.0.0.1, SessionId=null], Granted Authorities=[]]] to HttpSession [org.apache.catalina.session.StandardSessionFacade@5ec86b23]
?[0m?[0;34m12:59 DEBUG o.s.s.w.c.SecurityContextPersistenceFilter - Cleared SecurityContextHolder to complete request
?[0m?[0;34m12:59 DEBUG o.s.security.web.FilterChainProxy - Securing GET /error
?[0m?[0;34m12:59 DEBUG o.s.s.w.c.HttpSessionSecurityContextRepository - Retrieved SecurityContextImpl [Authentication=UsernamePasswordAuthenticationToken [Principal=engine.UserDetailsImp@74d5e6ea, Credentials=[PROTECTED], Authenticated=true, Details=WebAuthenticationDetails [RemoteIpAddress=127.0.0.1, SessionId=null], Granted Authorities=[]]]
?[0m?[0;34m12:59 DEBUG o.s.s.w.c.SecurityContextPersistenceFilter - Set SecurityContextHolder to SecurityContextImpl [Authentication=UsernamePasswordAuthenticationToken [Principal=engine.UserDetailsImp@74d5e6ea, Credentials=[PROTECTED], Authenticated=true, Details=WebAuthenticationDetails [RemoteIpAddress=127.0.0.1, SessionId=null], Granted Authorities=[]]]
?[0m?[0;34m12:59 DEBUG o.s.security.web.FilterChainProxy - Secured GET /error
?[0m?[0;34m12:59 DEBUG o.s.s.w.c.SecurityContextPersistenceFilter - Cleared SecurityContextHolder to complete request
?[1;31m
Start test 157?[0m
?[0;34m12:59 DEBUG o.s.security.web.FilterChainProxy - Securing GET /api/quizzes/2
?[0m?[0;34m12:59 DEBUG o.s.s.w.c.SecurityContextPersistenceFilter - Set SecurityContextHolder to empty SecurityContext
?[0m?[0;34m
?[0m?[0;34mTHE loadUserByUsername is called with the argument: test@google.com
?[0m?[0;34m
?[0m?[0;34m12:59 DEBUG o.s.s.a.d.DaoAuthenticationProvider - Authenticated user
?[0m?[0;34m12:59 DEBUG o.s.s.w.a.w.BasicAuthenticationFilter - Set SecurityContextHolder to UsernamePasswordAuthenticationToken [Principal=engine.UserDetailsImp@22a8693b, Credentials=[PROTECTED], Authenticated=true, Details=WebAuthenticationDetails [RemoteIpAddress=127.0.0.1, SessionId=null], Granted Authorities=[]]
?[0m?[0;34m12:59 DEBUG o.s.s.w.c.HttpSessionSecurityContextRepository - Created HttpSession as SecurityContext is non-default
?[0m?[0;34m12:59 DEBUG o.s.s.w.c.HttpSessionSecurityContextRepository - Stored SecurityContextImpl [Authentication=UsernamePasswordAuthenticationToken [Principal=engine.UserDetailsImp@22a8693b, Credentials=[PROTECTED], Authenticated=true, Details=WebAuthenticationDetails [RemoteIpAddress=127.0.0.1, SessionId=null], Granted Authorities=[]]] to HttpSession [org.apache.catalina.session.StandardSessionFacade@38f49a50]
?[0m?[0;34m12:59 DEBUG o.s.security.web.FilterChainProxy - Secured GET /api/quizzes/2
?[0m?[0;34m12:59 DEBUG o.s.s.w.c.HttpSessionSecurityContextRepository - Stored SecurityContextImpl [Authentication=UsernamePasswordAuthenticationToken [Principal=engine.UserDetailsImp@22a8693b, Credentials=[PROTECTED], Authenticated=true, Details=WebAuthenticationDetails [RemoteIpAddress=127.0.0.1, SessionId=null], Granted Authorities=[]]] to HttpSession [org.apache.catalina.session.StandardSessionFacade@38f49a50]
?[0m?[0;34m12:59 DEBUG o.s.s.w.c.HttpSessionSecurityContextRepository - Stored SecurityContextImpl [Authentication=UsernamePasswordAuthenticationToken [Principal=engine.UserDetailsImp@22a8693b, Credentials=[PROTECTED], Authenticated=true, Details=WebAuthenticationDetails [RemoteIpAddress=127.0.0.1, SessionId=null], Granted Authorities=[]]] to HttpSession [org.apache.catalina.session.StandardSessionFacade@38f49a50]
?[0m?[0;34m12:59 DEBUG o.s.s.w.c.SecurityContextPersistenceFilter - Cleared SecurityContextHolder to complete request
?[1;31m
Start test 158?[0m
?[0m?[0;34m12:59 DEBUG o.s.security.web.FilterChainProxy - Securing GET /api/quizzes/2
?[0m?[0;34m12:59 DEBUG o.s.s.w.c.SecurityContextPersistenceFilter - Set SecurityContextHolder to empty SecurityContext
?[0m?[0;34m
?[0m?[0;34mTHE loadUserByUsername is called with the argument: user@google.com
?[0m?[0;34m
?[0m?[0;34m12:59 DEBUG o.s.s.a.d.DaoAuthenticationProvider - Authenticated user
?[0m?[0;34m12:59 DEBUG o.s.s.w.a.w.BasicAuthenticationFilter - Set SecurityContextHolder to UsernamePasswordAuthenticationToken [Principal=engine.UserDetailsImp@5edd8c28, Credentials=[PROTECTED], Authenticated=true, Details=WebAuthenticationDetails [RemoteIpAddress=127.0.0.1, SessionId=null], Granted Authorities=[]]
?[0m?[0;34m12:59 DEBUG o.s.s.w.c.HttpSessionSecurityContextRepository - Created HttpSession as SecurityContext is non-default
?[0m?[0;34m12:59 DEBUG o.s.s.w.c.HttpSessionSecurityContextRepository - Stored SecurityContextImpl [Authentication=UsernamePasswordAuthenticationToken [Principal=engine.UserDetailsImp@5edd8c28, Credentials=[PROTECTED], Authenticated=true, Details=WebAuthenticationDetails [RemoteIpAddress=127.0.0.1, SessionId=null], Granted Authorities=[]]] to HttpSession [org.apache.catalina.session.StandardSessionFacade@26f6d4f7]
?[0m?[0;34m12:59 DEBUG o.s.security.web.FilterChainProxy - Secured GET /api/quizzes/2
?[0m?[0;34m12:59 DEBUG o.s.s.w.c.HttpSessionSecurityContextRepository - Stored SecurityContextImpl [Authentication=UsernamePasswordAuthenticationToken [Principal=engine.UserDetailsImp@5edd8c28, Credentials=[PROTECTED], Authenticated=true, Details=WebAuthenticationDetails [RemoteIpAddress=127.0.0.1, SessionId=null], Granted Authorities=[]]] to HttpSession [org.apache.catalina.session.StandardSessionFacade@26f6d4f7]
?[0m?[0;34m12:59 DEBUG o.s.s.w.c.HttpSessionSecurityContextRepository - Stored SecurityContextImpl [Authentication=UsernamePasswordAuthenticationToken [Principal=engine.UserDetailsImp@5edd8c28, Credentials=[PROTECTED], Authenticated=true, Details=WebAuthenticationDetails [RemoteIpAddress=127.0.0.1, SessionId=null], Granted Authorities=[]]] to HttpSession [org.apache.catalina.session.StandardSessionFacade@26f6d4f7]
?[0m?[0;34m12:59 DEBUG o.s.s.w.c.SecurityContextPersistenceFilter - Cleared SecurityContextHolder to complete request
?[1;31m
Start test 159?[0m
?[0m?[0;34m12:59 DEBUG o.s.security.web.FilterChainProxy - Securing DELETE /api/quizzes/2
?[0m?[0;34m12:59 DEBUG o.s.s.w.c.SecurityContextPersistenceFilter - Set SecurityContextHolder to empty SecurityContext
?[0m?[0;34m
?[0m?[0;34mTHE loadUserByUsername is called with the argument: test@google.com
?[0m?[0;34m
?[0m?[0;34m12:59 DEBUG o.s.s.a.d.DaoAuthenticationProvider - Authenticated user
?[0m?[0;34m12:59 DEBUG o.s.s.w.a.w.BasicAuthenticationFilter - Set SecurityContextHolder to UsernamePasswordAuthenticationToken [Principal=engine.UserDetailsImp@fe11113, Credentials=[PROTECTED], Authenticated=true, Details=WebAuthenticationDetails [RemoteIpAddress=127.0.0.1, SessionId=null], Granted Authorities=[]]
?[0m?[0;34m12:59 DEBUG o.s.s.w.c.HttpSessionSecurityContextRepository - Created HttpSession as SecurityContext is non-default
?[0m?[0;34m12:59 DEBUG o.s.s.w.c.HttpSessionSecurityContextRepository - Stored SecurityContextImpl [Authentication=UsernamePasswordAuthenticationToken [Principal=engine.UserDetailsImp@fe11113, Credentials=[PROTECTED], Authenticated=true, Details=WebAuthenticationDetails [RemoteIpAddress=127.0.0.1, SessionId=null], Granted Authorities=[]]] to HttpSession [org.apache.catalina.session.StandardSessionFacade@79bd0fed]
?[0m?[0;34m12:59 DEBUG o.s.security.web.FilterChainProxy - Secured DELETE /api/quizzes/2
?[0m?[0;34m12:59 WARN  o.s.w.s.m.m.a.ExceptionHandlerExceptionResolver - Failure in @ExceptionHandler engine.Exceptionist#handleBadRequestExceptions(RuntimeException, WebRequest)
?[0m?[0;34morg.springframework.web.HttpMediaTypeNotAcceptableException: Could not find acceptable representation
?[0m?[0;34m	at org.springframework.web.servlet.mvc.method.annotation.AbstractMessageConverterMethodProcessor.writeWithMessageConverters(AbstractMessageConverterMethodProcessor.java:315)
?[0m?[0;34m	at org.springframework.web.servlet.mvc.method.annotation.HttpEntityMethodProcessor.handleReturnValue(HttpEntityMethodProcessor.java:219)
?[0m?[0;34m	at org.springframework.web.method.support.HandlerMethodReturnValueHandlerComposite.handleReturnValue(HandlerMethodReturnValueHandlerComposite.java:78)
?[0m?[0;34m	at org.springframework.web.servlet.mvc.method.annotation.ServletInvocableHandlerMethod.invokeAndHandle(ServletInvocableHandlerMethod.java:135)
?[0m?[0;34m	at org.springframework.web.servlet.mvc.method.annotation.ExceptionHandlerExceptionResolver.doResolveHandlerMethodException(ExceptionHandlerExceptionResolver.java:428)
?[0m?[0;34m	at org.springframework.web.servlet.handler.AbstractHandlerMethodExceptionResolver.doResolveException(AbstractHandlerMethodExceptionResolver.java:75)
?[0m?[0;34m	at org.springframework.web.servlet.handler.AbstractHandlerExceptionResolver.resolveException(AbstractHandlerExceptionResolver.java:142)
?[0m?[0;34m	at org.springframework.web.servlet.handler.HandlerExceptionResolverComposite.resolveException(HandlerExceptionResolverComposite.java:80)
?[0m?[0;34m	at org.springframework.web.servlet.DispatcherServlet.processHandlerException(DispatcherServlet.java:1327)
?[0m?[0;34m	at org.springframework.web.servlet.DispatcherServlet.processDispatchResult(DispatcherServlet.java:1138)
?[0m?[0;34m	at org.springframework.web.servlet.DispatcherServlet.doDispatch(DispatcherServlet.java:1084)
?[0m?[0;34m	at org.springframework.web.servlet.DispatcherServlet.doService(DispatcherServlet.java:963)
?[0m?[0;34m	at org.springframework.web.servlet.FrameworkServlet.processRequest(FrameworkServlet.java:1006)
?[0m?[0;34m	at org.springframework.web.servlet.FrameworkServlet.doDelete(FrameworkServlet.java:931)
?[0m?[0;34m	at javax.servlet.http.HttpServlet.service(HttpServlet.java:687)
?[0m?[0;34m	at org.springframework.web.servlet.FrameworkServlet.service(FrameworkServlet.java:883)
?[0m?[0;34m	at javax.servlet.http.HttpServlet.service(HttpServlet.java:764)
?[0m?[0;34m	at jdk.internal.reflect.GeneratedMethodAccessor64.invoke(Unknown Source)
?[0m?[0;34m	at java.base/jdk.internal.reflect.DelegatingMethodAccessorImpl.invoke(DelegatingMethodAccessorImpl.java:43)
?[0m?[0;34m	at java.base/java.lang.reflect.Method.invoke(Method.java:568)
?[0m?[0;34m	at org.apache.catalina.security.SecurityUtil.lambda$execute$0(SecurityUtil.java:280)
?[0m?[0;34m	at java.base/java.security.AccessController.doPrivileged(AccessController.java:712)
?[0m?[0;34m	at java.base/javax.security.auth.Subject.doAsPrivileged(Subject.java:584)
?[0m?[0;34m	at org.apache.catalina.security.SecurityUtil.execute(SecurityUtil.java:311)
?[0m?[0;34m	at org.apache.catalina.security.SecurityUtil.doAsPrivilege(SecurityUtil.java:170)
?[0m?[0;34m	at org.apache.catalina.core.ApplicationFilterChain.internalDoFilter(ApplicationFilterChain.java:221)
?[0m?[0;34m	at org.apache.catalina.core.ApplicationFilterChain.lambda$doFilter$0(ApplicationFilterChain.java:145)
?[0m?[0;34m	at java.base/java.security.AccessController.doPrivileged(AccessController.java:569)
?[0m?[0;34m	at org.apache.catalina.core.ApplicationFilterChain.doFilter(ApplicationFilterChain.java:143)
?[0m?[0;34m	at org.apache.tomcat.websocket.server.WsFilter.doFilter(WsFilter.java:53)
?[0m?[0;34m	at jdk.internal.reflect.GeneratedMethodAccessor54.invoke(Unknown Source)
?[0m?[0;34m	at java.base/jdk.internal.reflect.DelegatingMethodAccessorImpl.invoke(DelegatingMethodAccessorImpl.java:43)
?[0m?[0;34m	at java.base/java.lang.reflect.Method.invoke(Method.java:568)
?[0m?[0;34m	at org.apache.catalina.security.SecurityUtil.lambda$execute$0(SecurityUtil.java:280)
?[0m?[0;34m	at java.base/java.security.AccessController.doPrivileged(AccessController.java:712)
?[0m?[0;34m	at java.base/javax.security.auth.Subject.doAsPrivileged(Subject.java:584)
?[0m?[0;34m	at org.apache.catalina.security.SecurityUtil.execute(SecurityUtil.java:311)
?[0m?[0;34m	at org.apache.catalina.security.SecurityUtil.doAsPrivilege(SecurityUtil.java:253)
?[0m?[0;34m	at org.apache.catalina.core.ApplicationFilterChain.internalDoFilter(ApplicationFilterChain.java:187)
?[0m?[0;34m	at org.apache.catalina.core.ApplicationFilterChain.lambda$doFilter$0(ApplicationFilterChain.java:145)
?[0m?[0;34m	at java.base/java.security.AccessController.doPrivileged(AccessController.java:569)
?[0m?[0;34m	at org.apache.catalina.core.ApplicationFilterChain.doFilter(ApplicationFilterChain.java:143)
?[0m?[0;34m	at org.springframework.security.web.FilterChainProxy$VirtualFilterChain.doFilter(FilterChainProxy.java:327)
?[0m?[0;34m	at org.springframework.security.web.access.intercept.AuthorizationFilter.doFilterInternal(AuthorizationFilter.java:58)
?[0m?[0;34m	at org.springframework.web.filter.OncePerRequestFilter.doFilter(OncePerRequestFilter.java:119)
?[0m?[0;34m	at org.springframework.security.web.FilterChainProxy$VirtualFilterChain.doFilter(FilterChainProxy.java:336)
?[0m?[0;34m	at org.springframework.security.web.access.ExceptionTranslationFilter.doFilter(ExceptionTranslationFilter.java:121)
?[0m?[0;34m	at org.springframework.security.web.access.ExceptionTranslationFilter.doFilter(ExceptionTranslationFilter.java:115)
?[0m?[0;34m	at org.springframework.security.web.FilterChainProxy$VirtualFilterChain.doFilter(FilterChainProxy.java:336)
?[0m?[0;34m	at org.springframework.security.web.session.SessionManagementFilter.doFilter(SessionManagementFilter.java:126)
?[0m?[0;34m	at org.springframework.security.web.session.SessionManagementFilter.doFilter(SessionManagementFilter.java:81)
?[0m?[0;34m	at org.springframework.security.web.FilterChainProxy$VirtualFilterChain.doFilter(FilterChainProxy.java:336)
?[0m?[0;34m	at org.springframework.security.web.authentication.AnonymousAuthenticationFilter.doFilter(AnonymousAuthenticationFilter.java:105)
?[0m?[0;34m	at org.springframework.security.web.FilterChainProxy$VirtualFilterChain.doFilter(FilterChainProxy.java:336)
?[0m?[0;34m	at org.springframework.security.web.servletapi.SecurityContextHolderAwareRequestFilter.doFilter(SecurityContextHolderAwareRequestFilter.java:149)
?[0m?[0;34m	at org.springframework.security.web.FilterChainProxy$VirtualFilterChain.doFilter(FilterChainProxy.java:336)
?[0m?[0;34m	at org.springframework.security.web.savedrequest.RequestCacheAwareFilter.doFilter(RequestCacheAwareFilter.java:63)
?[0m?[0;34m	at org.springframework.security.web.FilterChainProxy$VirtualFilterChain.doFilter(FilterChainProxy.java:336)
?[0m?[0;34m	at org.springframework.security.web.authentication.www.BasicAuthenticationFilter.doFilterInternal(BasicAuthenticationFilter.java:178)
?[0m?[0;34m	at org.springframework.web.filter.OncePerRequestFilter.doFilter(OncePerRequestFilter.java:119)
?[0m?[0;34m	at org.springframework.security.web.FilterChainProxy$VirtualFilterChain.doFilter(FilterChainProxy.java:336)
?[0m?[0;34m	at org.springframework.security.web.authentication.logout.LogoutFilter.doFilter(LogoutFilter.java:103)
?[0m?[0;34m	at org.springframework.security.web.authentication.logout.LogoutFilter.doFilter(LogoutFilter.java:89)
?[0m?[0;34m	at org.springframework.security.web.FilterChainProxy$VirtualFilterChain.doFilter(FilterChainProxy.java:336)
?[0m?[0;34m	at org.springframework.security.web.header.HeaderWriterFilter.doHeadersAfter(HeaderWriterFilter.java:90)
?[0m?[0;34m	at org.springframework.security.web.header.HeaderWriterFilter.doFilterInternal(HeaderWriterFilter.java:75)
?[0m?[0;34m	at org.springframework.web.filter.OncePerRequestFilter.doFilter(OncePerRequestFilter.java:119)
?[0m?[0;34m	at org.springframework.security.web.FilterChainProxy$VirtualFilterChain.doFilter(FilterChainProxy.java:336)
?[0m?[0;34m	at org.springframework.security.web.context.SecurityContextPersistenceFilter.doFilter(SecurityContextPersistenceFilter.java:110)
?[0m?[0;34m	at org.springframework.security.web.context.SecurityContextPersistenceFilter.doFilter(SecurityContextPersistenceFilter.java:80)
?[0m?[0;34m	at org.springframework.security.web.FilterChainProxy$VirtualFilterChain.doFilter(FilterChainProxy.java:336)
?[0m?[0;34m	at org.springframework.security.web.context.request.async.WebAsyncManagerIntegrationFilter.doFilterInternal(WebAsyncManagerIntegrationFilter.java:55)
?[0m?[0;34m	at org.springframework.web.filter.OncePerRequestFilter.doFilter(OncePerRequestFilter.java:119)
?[0m?[0;34m	at org.springframework.security.web.FilterChainProxy$VirtualFilterChain.doFilter(FilterChainProxy.java:336)
?[0m?[0;34m	at org.springframework.security.web.FilterChainProxy.doFilterInternal(FilterChainProxy.java:211)
?[0m?[0;34m	at org.springframework.security.web.FilterChainProxy.doFilter(FilterChainProxy.java:183)
?[0m?[0;34m	at org.springframework.web.filter.DelegatingFilterProxy.invokeDelegate(DelegatingFilterProxy.java:358)
?[0m?[0;34m	at org.springframework.web.filter.DelegatingFilterProxy.doFilter(DelegatingFilterProxy.java:271)
?[0m?[0;34m	at jdk.internal.reflect.GeneratedMethodAccessor54.invoke(Unknown Source)
?[0m?[0;34m	at java.base/jdk.internal.reflect.DelegatingMethodAccessorImpl.invoke(DelegatingMethodAccessorImpl.java:43)
?[0m?[0;34m	at java.base/java.lang.reflect.Method.invoke(Method.java:568)
?[0m?[0;34m	at org.apache.catalina.security.SecurityUtil.lambda$execute$0(SecurityUtil.java:280)
?[0m?[0;34m	at java.base/java.security.AccessController.doPrivileged(AccessController.java:712)
?[0m?[0;34m	at java.base/javax.security.auth.Subject.doAsPrivileged(Subject.java:584)
?[0m?[0;34m	at org.apache.catalina.security.SecurityUtil.execute(SecurityUtil.java:311)
?[0m?[0;34m	at org.apache.catalina.security.SecurityUtil.doAsPrivilege(SecurityUtil.java:253)
?[0m?[0;34m	at org.apache.catalina.core.ApplicationFilterChain.internalDoFilter(ApplicationFilterChain.java:187)
?[0m?[0;34m	at org.apache.catalina.core.ApplicationFilterChain.lambda$doFilter$0(ApplicationFilterChain.java:145)
?[0m?[0;34m	at java.base/java.security.AccessController.doPrivileged(AccessController.java:569)
?[0m?[0;34m	at org.apache.catalina.core.ApplicationFilterChain.doFilter(ApplicationFilterChain.java:143)
?[0m?[0;34m	at org.springframework.web.filter.RequestContextFilter.doFilterInternal(RequestContextFilter.java:100)
?[0m?[0;34m	at org.springframework.web.filter.OncePerRequestFilter.doFilter(OncePerRequestFilter.java:119)
?[0m?[0;34m	at jdk.internal.reflect.GeneratedMethodAccessor54.invoke(Unknown Source)
?[0m?[0;34m	at java.base/jdk.internal.reflect.DelegatingMethodAccessorImpl.invoke(DelegatingMethodAccessorImpl.java:43)
?[0m?[0;34m	at java.base/java.lang.reflect.Method.invoke(Method.java:568)
?[0m?[0;34m	at org.apache.catalina.security.SecurityUtil.lambda$execute$0(SecurityUtil.java:280)
?[0m?[0;34m	at java.base/java.security.AccessController.doPrivileged(AccessController.java:712)
?[0m?[0;34m	at java.base/javax.security.auth.Subject.doAsPrivileged(Subject.java:584)
?[0m?[0;34m	at org.apache.catalina.security.SecurityUtil.execute(SecurityUtil.java:311)
?[0m?[0;34m	at org.apache.catalina.security.SecurityUtil.doAsPrivilege(SecurityUtil.java:253)
?[0m?[0;34m	at org.apache.catalina.core.ApplicationFilterChain.internalDoFilter(ApplicationFilterChain.java:187)
?[0m?[0;34m	at org.apache.catalina.core.ApplicationFilterChain.lambda$doFilter$0(ApplicationFilterChain.java:145)
?[0m?[0;34m	at java.base/java.security.AccessController.doPrivileged(AccessController.java:569)
?[0m?[0;34m	at org.apache.catalina.core.ApplicationFilterChain.doFilter(ApplicationFilterChain.java:143)
?[0m?[0;34m	at org.springframework.web.filter.FormContentFilter.doFilterInternal(FormContentFilter.java:93)
?[0m?[0;34m	at org.springframework.web.filter.OncePerRequestFilter.doFilter(OncePerRequestFilter.java:119)
?[0m?[0;34m	at jdk.internal.reflect.GeneratedMethodAccessor54.invoke(Unknown Source)
?[0m?[0;34m	at java.base/jdk.internal.reflect.DelegatingMethodAccessorImpl.invoke(DelegatingMethodAccessorImpl.java:43)
?[0m?[0;34m	at java.base/java.lang.reflect.Method.invoke(Method.java:568)
?[0m?[0;34m	at org.apache.catalina.security.SecurityUtil.lambda$execute$0(SecurityUtil.java:280)
?[0m?[0;34m	at java.base/java.security.AccessController.doPrivileged(AccessController.java:712)
?[0m?[0;34m	at java.base/javax.security.auth.Subject.doAsPrivileged(Subject.java:584)
?[0m?[0;34m	at org.apache.catalina.security.SecurityUtil.execute(SecurityUtil.java:311)
?[0m?[0;34m	at org.apache.catalina.security.SecurityUtil.doAsPrivilege(SecurityUtil.java:253)
?[0m?[0;34m	at org.apache.catalina.core.ApplicationFilterChain.internalDoFilter(ApplicationFilterChain.java:187)
?[0m?[0;34m	at org.apache.catalina.core.ApplicationFilterChain.lambda$doFilter$0(ApplicationFilterChain.java:145)
?[0m?[0;34m	at java.base/java.security.AccessController.doPrivileged(AccessController.java:569)
?[0m?[0;34m	at org.apache.catalina.core.ApplicationFilterChain.doFilter(ApplicationFilterChain.java:143)
?[0m?[0;34m	at org.springframework.boot.actuate.metrics.web.servlet.WebMvcMetricsFilter.doFilterInternal(WebMvcMetricsFilter.java:96)
?[0m?[0;34m	at org.springframework.web.filter.OncePerRequestFilter.doFilter(OncePerRequestFilter.java:119)
?[0m?[0;34m	at jdk.internal.reflect.GeneratedMethodAccessor54.invoke(Unknown Source)
?[0m?[0;34m	at java.base/jdk.internal.reflect.DelegatingMethodAccessorImpl.invoke(DelegatingMethodAccessorImpl.java:43)
?[0m?[0;34m	at java.base/java.lang.reflect.Method.invoke(Method.java:568)
?[0m?[0;34m	at org.apache.catalina.security.SecurityUtil.lambda$execute$0(SecurityUtil.java:280)
?[0m?[0;34m	at java.base/java.security.AccessController.doPrivileged(AccessController.java:712)
?[0m?[0;34m	at java.base/javax.security.auth.Subject.doAsPrivileged(Subject.java:584)
?[0m?[0;34m	at org.apache.catalina.security.SecurityUtil.execute(SecurityUtil.java:311)
?[0m?[0;34m	at org.apache.catalina.security.SecurityUtil.doAsPrivilege(SecurityUtil.java:253)
?[0m?[0;34m	at org.apache.catalina.core.ApplicationFilterChain.internalDoFilter(ApplicationFilterChain.java:187)
?[0m?[0;34m	at org.apache.catalina.core.ApplicationFilterChain.lambda$doFilter$0(ApplicationFilterChain.java:145)
?[0m?[0;34m	at java.base/java.security.AccessController.doPrivileged(AccessController.java:569)
?[0m?[0;34m	at org.apache.catalina.core.ApplicationFilterChain.doFilter(ApplicationFilterChain.java:143)
?[0m?[0;34m	at org.springframework.web.filter.CharacterEncodingFilter.doFilterInternal(CharacterEncodingFilter.java:201)
?[0m?[0;34m	at org.springframework.web.filter.OncePerRequestFilter.doFilter(OncePerRequestFilter.java:119)
?[0m?[0;34m	at jdk.internal.reflect.GeneratedMethodAccessor54.invoke(Unknown Source)
?[0m?[0;34m	at java.base/jdk.internal.reflect.DelegatingMethodAccessorImpl.invoke(DelegatingMethodAccessorImpl.java:43)
?[0m?[0;34m	at java.base/java.lang.reflect.Method.invoke(Method.java:568)
?[0m?[0;34m	at org.apache.catalina.security.SecurityUtil.lambda$execute$0(SecurityUtil.java:280)
?[0m?[0;34m	at java.base/java.security.AccessController.doPrivileged(AccessController.java:712)
?[0m?[0;34m	at java.base/javax.security.auth.Subject.doAsPrivileged(Subject.java:584)
?[0m?[0;34m	at org.apache.catalina.security.SecurityUtil.execute(SecurityUtil.java:311)
?[0m?[0;34m	at org.apache.catalina.security.SecurityUtil.doAsPrivilege(SecurityUtil.java:253)
?[0m?[0;34m	at org.apache.catalina.core.ApplicationFilterChain.internalDoFilter(ApplicationFilterChain.java:187)
?[0m?[0;34m	at org.apache.catalina.core.ApplicationFilterChain.lambda$doFilter$0(ApplicationFilterChain.java:145)
?[0m?[0;34m	at java.base/java.security.AccessController.doPrivileged(AccessController.java:569)
?[0m?[0;34m	at org.apache.catalina.core.ApplicationFilterChain.doFilter(ApplicationFilterChain.java:143)
?[0m?[0;34m	at org.apache.catalina.core.StandardWrapperValve.invoke(StandardWrapperValve.java:197)
?[0m?[0;34m	at org.apache.catalina.core.StandardContextValve.invoke(StandardContextValve.java:97)
?[0m?[0;34m	at org.apache.catalina.authenticator.AuthenticatorBase.invoke(AuthenticatorBase.java:540)
?[0m?[0;34m	at org.apache.catalina.core.StandardHostValve.invoke(StandardHostValve.java:135)
?[0m?[0;34m	at org.apache.catalina.valves.ErrorReportValve.invoke(ErrorReportValve.java:92)
?[0m?[0;34m	at org.apache.catalina.core.StandardEngineValve.invoke(StandardEngineValve.java:78)
?[0m?[0;34m	at org.apache.catalina.connector.CoyoteAdapter.service(CoyoteAdapter.java:357)
?[0m?[0;34m	at org.apache.coyote.http11.Http11Processor.service(Http11Processor.java:382)
?[0m?[0;34m	at org.apache.coyote.AbstractProcessorLight.process(AbstractProcessorLight.java:65)
?[0m?[0;34m	at org.apache.coyote.AbstractProtocol$ConnectionHandler.process(AbstractProtocol.java:895)
?[0m?[0;34m	at org.apache.tomcat.util.net.NioEndpoint$SocketProcessor.doRun(NioEndpoint.java:1722)
?[0m?[0;34m	at org.apache.tomcat.util.net.SocketProcessorBase.run(SocketProcessorBase.java:49)
?[0m?[0;34m	at org.apache.tomcat.util.threads.ThreadPoolExecutor.runWorker(ThreadPoolExecutor.java:1191)
?[0m?[0;34m	at org.apache.tomcat.util.threads.ThreadPoolExecutor$Worker.run(ThreadPoolExecutor.java:659)
?[0m?[0;34m	at org.apache.tomcat.util.threads.TaskThread$WrappingRunnable.run(TaskThread.java:61)
?[0m?[0;34m	at java.base/java.lang.Thread.run(Thread.java:842)
?[0m?[0;34m12:59 DEBUG o.s.s.w.c.HttpSessionSecurityContextRepository - Stored SecurityContextImpl [Authentication=UsernamePasswordAuthenticationToken [Principal=engine.UserDetailsImp@fe11113, Credentials=[PROTECTED], Authenticated=true, Details=WebAuthenticationDetails [RemoteIpAddress=127.0.0.1, SessionId=null], Granted Authorities=[]]] to HttpSession [org.apache.catalina.session.StandardSessionFacade@79bd0fed]
?[0m?[0;34m12:59 DEBUG o.s.s.w.c.HttpSessionSecurityContextRepository - Stored SecurityContextImpl [Authentication=UsernamePasswordAuthenticationToken [Principal=engine.UserDetailsImp@fe11113, Credentials=[PROTECTED], Authenticated=true, Details=WebAuthenticationDetails [RemoteIpAddress=127.0.0.1, SessionId=null], Granted Authorities=[]]] to HttpSession [org.apache.catalina.session.StandardSessionFacade@79bd0fed]
?[0m?[0;34m12:59 DEBUG o.s.s.w.c.SecurityContextPersistenceFilter - Cleared SecurityContextHolder to complete request
?[0m?[0;34m12:59 DEBUG o.s.security.web.FilterChainProxy - Securing DELETE /error
?[0m?[0;34m12:59 DEBUG o.s.s.w.c.HttpSessionSecurityContextRepository - Retrieved SecurityContextImpl [Authentication=UsernamePasswordAuthenticationToken [Principal=engine.UserDetailsImp@fe11113, Credentials=[PROTECTED], Authenticated=true, Details=WebAuthenticationDetails [RemoteIpAddress=127.0.0.1, SessionId=null], Granted Authorities=[]]]
?[0m?[0;34m12:59 DEBUG o.s.s.w.c.SecurityContextPersistenceFilter - Set SecurityContextHolder to SecurityContextImpl [Authentication=UsernamePasswordAuthenticationToken [Principal=engine.UserDetailsImp@fe11113, Credentials=[PROTECTED], Authenticated=true, Details=WebAuthenticationDetails [RemoteIpAddress=127.0.0.1, SessionId=null], Granted Authorities=[]]]
?[0m?[0;34m12:59 DEBUG o.s.security.web.FilterChainProxy - Secured DELETE /error
?[0m?[0;34m12:59 DEBUG o.s.s.w.c.SecurityContextPersistenceFilter - Cleared SecurityContextHolder to complete request
?[1;31m
Start test 160?[0m
?[0m?[0;34m12:59 DEBUG o.s.security.web.FilterChainProxy - Securing DELETE /api/quizzes/2
?[0m?[0;34m12:59 DEBUG o.s.s.w.c.SecurityContextPersistenceFilter - Set SecurityContextHolder to empty SecurityContext
?[0m?[0;34m
?[0m?[0;34mTHE loadUserByUsername is called with the argument: test@google.com
?[0m?[0;34m
?[0m?[0;34m12:59 DEBUG o.s.s.a.d.DaoAuthenticationProvider - Authenticated user
?[0m?[0;34m12:59 DEBUG o.s.s.w.a.w.BasicAuthenticationFilter - Set SecurityContextHolder to UsernamePasswordAuthenticationToken [Principal=engine.UserDetailsImp@4ce1c737, Credentials=[PROTECTED], Authenticated=true, Details=WebAuthenticationDetails [RemoteIpAddress=127.0.0.1, SessionId=null], Granted Authorities=[]]
?[0m?[0;34m12:59 DEBUG o.s.s.w.c.HttpSessionSecurityContextRepository - Created HttpSession as SecurityContext is non-default
?[0m?[0;34m12:59 DEBUG o.s.s.w.c.HttpSessionSecurityContextRepository - Stored SecurityContextImpl [Authentication=UsernamePasswordAuthenticationToken [Principal=engine.UserDetailsImp@4ce1c737, Credentials=[PROTECTED], Authenticated=true, Details=WebAuthenticationDetails [RemoteIpAddress=127.0.0.1, SessionId=null], Granted Authorities=[]]] to HttpSession [org.apache.catalina.session.StandardSessionFacade@2dece6f6]
?[0m?[0;34m12:59 DEBUG o.s.security.web.FilterChainProxy - Secured DELETE /api/quizzes/2
?[0m?[0;34m12:59 WARN  o.s.w.s.m.m.a.ExceptionHandlerExceptionResolver - Failure in @ExceptionHandler engine.Exceptionist#handleBadRequestExceptions(RuntimeException, WebRequest)
?[0m?[0;34morg.springframework.web.HttpMediaTypeNotAcceptableException: Could not find acceptable representation
?[0m?[0;34m	at org.springframework.web.servlet.mvc.method.annotation.AbstractMessageConverterMethodProcessor.writeWithMessageConverters(AbstractMessageConverterMethodProcessor.java:315)
?[0m?[0;34m	at org.springframework.web.servlet.mvc.method.annotation.HttpEntityMethodProcessor.handleReturnValue(HttpEntityMethodProcessor.java:219)
?[0m?[0;34m	at org.springframework.web.method.support.HandlerMethodReturnValueHandlerComposite.handleReturnValue(HandlerMethodReturnValueHandlerComposite.java:78)
?[0m?[0;34m	at org.springframework.web.servlet.mvc.method.annotation.ServletInvocableHandlerMethod.invokeAndHandle(ServletInvocableHandlerMethod.java:135)
?[0m?[0;34m	at org.springframework.web.servlet.mvc.method.annotation.ExceptionHandlerExceptionResolver.doResolveHandlerMethodException(ExceptionHandlerExceptionResolver.java:428)
?[0m?[0;34m	at org.springframework.web.servlet.handler.AbstractHandlerMethodExceptionResolver.doResolveException(AbstractHandlerMethodExceptionResolver.java:75)
?[0m?[0;34m	at org.springframework.web.servlet.handler.AbstractHandlerExceptionResolver.resolveException(AbstractHandlerExceptionResolver.java:142)
?[0m?[0;34m	at org.springframework.web.servlet.handler.HandlerExceptionResolverComposite.resolveException(HandlerExceptionResolverComposite.java:80)
?[0m?[0;34m	at org.springframework.web.servlet.DispatcherServlet.processHandlerException(DispatcherServlet.java:1327)
?[0m?[0;34m	at org.springframework.web.servlet.DispatcherServlet.processDispatchResult(DispatcherServlet.java:1138)
?[0m?[0;34m	at org.springframework.web.servlet.DispatcherServlet.doDispatch(DispatcherServlet.java:1084)
?[0m?[0;34m	at org.springframework.web.servlet.DispatcherServlet.doService(DispatcherServlet.java:963)
?[0m?[0;34m	at org.springframework.web.servlet.FrameworkServlet.processRequest(FrameworkServlet.java:1006)
?[0m?[0;34m	at org.springframework.web.servlet.FrameworkServlet.doDelete(FrameworkServlet.java:931)
?[0m?[0;34m	at javax.servlet.http.HttpServlet.service(HttpServlet.java:687)
?[0m?[0;34m	at org.springframework.web.servlet.FrameworkServlet.service(FrameworkServlet.java:883)
?[0m?[0;34m	at javax.servlet.http.HttpServlet.service(HttpServlet.java:764)
?[0m?[0;34m	at jdk.internal.reflect.GeneratedMethodAccessor64.invoke(Unknown Source)
?[0m?[0;34m	at java.base/jdk.internal.reflect.DelegatingMethodAccessorImpl.invoke(DelegatingMethodAccessorImpl.java:43)
?[0m?[0;34m	at java.base/java.lang.reflect.Method.invoke(Method.java:568)
?[0m?[0;34m	at org.apache.catalina.security.SecurityUtil.lambda$execute$0(SecurityUtil.java:280)
?[0m?[0;34m	at java.base/java.security.AccessController.doPrivileged(AccessController.java:712)
?[0m?[0;34m	at java.base/javax.security.auth.Subject.doAsPrivileged(Subject.java:584)
?[0m?[0;34m	at org.apache.catalina.security.SecurityUtil.execute(SecurityUtil.java:311)
?[0m?[0;34m	at org.apache.catalina.security.SecurityUtil.doAsPrivilege(SecurityUtil.java:170)
?[0m?[0;34m	at org.apache.catalina.core.ApplicationFilterChain.internalDoFilter(ApplicationFilterChain.java:221)
?[0m?[0;34m	at org.apache.catalina.core.ApplicationFilterChain.lambda$doFilter$0(ApplicationFilterChain.java:145)
?[0m?[0;34m	at java.base/java.security.AccessController.doPrivileged(AccessController.java:569)
?[0m?[0;34m	at org.apache.catalina.core.ApplicationFilterChain.doFilter(ApplicationFilterChain.java:143)
?[0m?[0;34m	at org.apache.tomcat.websocket.server.WsFilter.doFilter(WsFilter.java:53)
?[0m?[0;34m	at jdk.internal.reflect.GeneratedMethodAccessor54.invoke(Unknown Source)
?[0m?[0;34m	at java.base/jdk.internal.reflect.DelegatingMethodAccessorImpl.invoke(DelegatingMethodAccessorImpl.java:43)
?[0m?[0;34m	at java.base/java.lang.reflect.Method.invoke(Method.java:568)
?[0m?[0;34m	at org.apache.catalina.security.SecurityUtil.lambda$execute$0(SecurityUtil.java:280)
?[0m?[0;34m	at java.base/java.security.AccessController.doPrivileged(AccessController.java:712)
?[0m?[0;34m	at java.base/javax.security.auth.Subject.doAsPrivileged(Subject.java:584)
?[0m?[0;34m	at org.apache.catalina.security.SecurityUtil.execute(SecurityUtil.java:311)
?[0m?[0;34m	at org.apache.catalina.security.SecurityUtil.doAsPrivilege(SecurityUtil.java:253)
?[0m?[0;34m	at org.apache.catalina.core.ApplicationFilterChain.internalDoFilter(ApplicationFilterChain.java:187)
?[0m?[0;34m	at org.apache.catalina.core.ApplicationFilterChain.lambda$doFilter$0(ApplicationFilterChain.java:145)
?[0m?[0;34m	at java.base/java.security.AccessController.doPrivileged(AccessController.java:569)
?[0m?[0;34m	at org.apache.catalina.core.ApplicationFilterChain.doFilter(ApplicationFilterChain.java:143)
?[0m?[0;34m	at org.springframework.security.web.FilterChainProxy$VirtualFilterChain.doFilter(FilterChainProxy.java:327)
?[0m?[0;34m	at org.springframework.security.web.access.intercept.AuthorizationFilter.doFilterInternal(AuthorizationFilter.java:58)
?[0m?[0;34m	at org.springframework.web.filter.OncePerRequestFilter.doFilter(OncePerRequestFilter.java:119)
?[0m?[0;34m	at org.springframework.security.web.FilterChainProxy$VirtualFilterChain.doFilter(FilterChainProxy.java:336)
?[0m?[0;34m	at org.springframework.security.web.access.ExceptionTranslationFilter.doFilter(ExceptionTranslationFilter.java:121)
?[0m?[0;34m	at org.springframework.security.web.access.ExceptionTranslationFilter.doFilter(ExceptionTranslationFilter.java:115)
?[0m?[0;34m	at org.springframework.security.web.FilterChainProxy$VirtualFilterChain.doFilter(FilterChainProxy.java:336)
?[0m?[0;34m	at org.springframework.security.web.session.SessionManagementFilter.doFilter(SessionManagementFilter.java:126)
?[0m?[0;34m	at org.springframework.security.web.session.SessionManagementFilter.doFilter(SessionManagementFilter.java:81)
?[0m?[0;34m	at org.springframework.security.web.FilterChainProxy$VirtualFilterChain.doFilter(FilterChainProxy.java:336)
?[0m?[0;34m	at org.springframework.security.web.authentication.AnonymousAuthenticationFilter.doFilter(AnonymousAuthenticationFilter.java:105)
?[0m?[0;34m	at org.springframework.security.web.FilterChainProxy$VirtualFilterChain.doFilter(FilterChainProxy.java:336)
?[0m?[0;34m	at org.springframework.security.web.servletapi.SecurityContextHolderAwareRequestFilter.doFilter(SecurityContextHolderAwareRequestFilter.java:149)
?[0m?[0;34m	at org.springframework.security.web.FilterChainProxy$VirtualFilterChain.doFilter(FilterChainProxy.java:336)
?[0m?[0;34m	at org.springframework.security.web.savedrequest.RequestCacheAwareFilter.doFilter(RequestCacheAwareFilter.java:63)
?[0m?[0;34m	at org.springframework.security.web.FilterChainProxy$VirtualFilterChain.doFilter(FilterChainProxy.java:336)
?[0m?[0;34m	at org.springframework.security.web.authentication.www.BasicAuthenticationFilter.doFilterInternal(BasicAuthenticationFilter.java:178)
?[0m?[0;34m	at org.springframework.web.filter.OncePerRequestFilter.doFilter(OncePerRequestFilter.java:119)
?[0m?[0;34m	at org.springframework.security.web.FilterChainProxy$VirtualFilterChain.doFilter(FilterChainProxy.java:336)
?[0m?[0;34m	at org.springframework.security.web.authentication.logout.LogoutFilter.doFilter(LogoutFilter.java:103)
?[0m?[0;34m	at org.springframework.security.web.authentication.logout.LogoutFilter.doFilter(LogoutFilter.java:89)
?[0m?[0;34m	at org.springframework.security.web.FilterChainProxy$VirtualFilterChain.doFilter(FilterChainProxy.java:336)
?[0m?[0;34m	at org.springframework.security.web.header.HeaderWriterFilter.doHeadersAfter(HeaderWriterFilter.java:90)
?[0m?[0;34m	at org.springframework.security.web.header.HeaderWriterFilter.doFilterInternal(HeaderWriterFilter.java:75)
?[0m?[0;34m	at org.springframework.web.filter.OncePerRequestFilter.doFilter(OncePerRequestFilter.java:119)
?[0m?[0;34m	at org.springframework.security.web.FilterChainProxy$VirtualFilterChain.doFilter(FilterChainProxy.java:336)
?[0m?[0;34m	at org.springframework.security.web.context.SecurityContextPersistenceFilter.doFilter(SecurityContextPersistenceFilter.java:110)
?[0m?[0;34m	at org.springframework.security.web.context.SecurityContextPersistenceFilter.doFilter(SecurityContextPersistenceFilter.java:80)
?[0m?[0;34m	at org.springframework.security.web.FilterChainProxy$VirtualFilterChain.doFilter(FilterChainProxy.java:336)
?[0m?[0;34m	at org.springframework.security.web.context.request.async.WebAsyncManagerIntegrationFilter.doFilterInternal(WebAsyncManagerIntegrationFilter.java:55)
?[0m?[0;34m	at org.springframework.web.filter.OncePerRequestFilter.doFilter(OncePerRequestFilter.java:119)
?[0m?[0;34m	at org.springframework.security.web.FilterChainProxy$VirtualFilterChain.doFilter(FilterChainProxy.java:336)
?[0m?[0;34m	at org.springframework.security.web.FilterChainProxy.doFilterInternal(FilterChainProxy.java:211)
?[0m?[0;34m	at org.springframework.security.web.FilterChainProxy.doFilter(FilterChainProxy.java:183)
?[0m?[0;34m	at org.springframework.web.filter.DelegatingFilterProxy.invokeDelegate(DelegatingFilterProxy.java:358)
?[0m?[0;34m	at org.springframework.web.filter.DelegatingFilterProxy.doFilter(DelegatingFilterProxy.java:271)
?[0m?[0;34m	at jdk.internal.reflect.GeneratedMethodAccessor54.invoke(Unknown Source)
?[0m?[0;34m	at java.base/jdk.internal.reflect.DelegatingMethodAccessorImpl.invoke(DelegatingMethodAccessorImpl.java:43)
?[0m?[0;34m	at java.base/java.lang.reflect.Method.invoke(Method.java:568)
?[0m?[0;34m	at org.apache.catalina.security.SecurityUtil.lambda$execute$0(SecurityUtil.java:280)
?[0m?[0;34m	at java.base/java.security.AccessController.doPrivileged(AccessController.java:712)
?[0m?[0;34m	at java.base/javax.security.auth.Subject.doAsPrivileged(Subject.java:584)
?[0m?[0;34m	at org.apache.catalina.security.SecurityUtil.execute(SecurityUtil.java:311)
?[0m?[0;34m	at org.apache.catalina.security.SecurityUtil.doAsPrivilege(SecurityUtil.java:253)
?[0m?[0;34m	at org.apache.catalina.core.ApplicationFilterChain.internalDoFilter(ApplicationFilterChain.java:187)
?[0m?[0;34m	at org.apache.catalina.core.ApplicationFilterChain.lambda$doFilter$0(ApplicationFilterChain.java:145)
?[0m?[0;34m	at java.base/java.security.AccessController.doPrivileged(AccessController.java:569)
?[0m?[0;34m	at org.apache.catalina.core.ApplicationFilterChain.doFilter(ApplicationFilterChain.java:143)
?[0m?[0;34m	at org.springframework.web.filter.RequestContextFilter.doFilterInternal(RequestContextFilter.java:100)
?[0m?[0;34m	at org.springframework.web.filter.OncePerRequestFilter.doFilter(OncePerRequestFilter.java:119)
?[0m?[0;34m	at jdk.internal.reflect.GeneratedMethodAccessor54.invoke(Unknown Source)
?[0m?[0;34m	at java.base/jdk.internal.reflect.DelegatingMethodAccessorImpl.invoke(DelegatingMethodAccessorImpl.java:43)
?[0m?[0;34m	at java.base/java.lang.reflect.Method.invoke(Method.java:568)
?[0m?[0;34m	at org.apache.catalina.security.SecurityUtil.lambda$execute$0(SecurityUtil.java:280)
?[0m?[0;34m	at java.base/java.security.AccessController.doPrivileged(AccessController.java:712)
?[0m?[0;34m	at java.base/javax.security.auth.Subject.doAsPrivileged(Subject.java:584)
?[0m?[0;34m	at org.apache.catalina.security.SecurityUtil.execute(SecurityUtil.java:311)
?[0m?[0;34m	at org.apache.catalina.security.SecurityUtil.doAsPrivilege(SecurityUtil.java:253)
?[0m?[0;34m	at org.apache.catalina.core.ApplicationFilterChain.internalDoFilter(ApplicationFilterChain.java:187)
?[0m?[0;34m	at org.apache.catalina.core.ApplicationFilterChain.lambda$doFilter$0(ApplicationFilterChain.java:145)
?[0m?[0;34m	at java.base/java.security.AccessController.doPrivileged(AccessController.java:569)
?[0m?[0;34m	at org.apache.catalina.core.ApplicationFilterChain.doFilter(ApplicationFilterChain.java:143)
?[0m?[0;34m	at org.springframework.web.filter.FormContentFilter.doFilterInternal(FormContentFilter.java:93)
?[0m?[0;34m	at org.springframework.web.filter.OncePerRequestFilter.doFilter(OncePerRequestFilter.java:119)
?[0m?[0;34m	at jdk.internal.reflect.GeneratedMethodAccessor54.invoke(Unknown Source)
?[0m?[0;34m	at java.base/jdk.internal.reflect.DelegatingMethodAccessorImpl.invoke(DelegatingMethodAccessorImpl.java:43)
?[0m?[0;34m	at java.base/java.lang.reflect.Method.invoke(Method.java:568)
?[0m?[0;34m	at org.apache.catalina.security.SecurityUtil.lambda$execute$0(SecurityUtil.java:280)
?[0m?[0;34m	at java.base/java.security.AccessController.doPrivileged(AccessController.java:712)
?[0m?[0;34m	at java.base/javax.security.auth.Subject.doAsPrivileged(Subject.java:584)
?[0m?[0;34m	at org.apache.catalina.security.SecurityUtil.execute(SecurityUtil.java:311)
?[0m?[0;34m	at org.apache.catalina.security.SecurityUtil.doAsPrivilege(SecurityUtil.java:253)
?[0m?[0;34m	at org.apache.catalina.core.ApplicationFilterChain.internalDoFilter(ApplicationFilterChain.java:187)
?[0m?[0;34m	at org.apache.catalina.core.ApplicationFilterChain.lambda$doFilter$0(ApplicationFilterChain.java:145)
?[0m?[0;34m	at java.base/java.security.AccessController.doPrivileged(AccessController.java:569)
?[0m?[0;34m	at org.apache.catalina.core.ApplicationFilterChain.doFilter(ApplicationFilterChain.java:143)
?[0m?[0;34m	at org.springframework.boot.actuate.metrics.web.servlet.WebMvcMetricsFilter.doFilterInternal(WebMvcMetricsFilter.java:96)
?[0m?[0;34m	at org.springframework.web.filter.OncePerRequestFilter.doFilter(OncePerRequestFilter.java:119)
?[0m?[0;34m	at jdk.internal.reflect.GeneratedMethodAccessor54.invoke(Unknown Source)
?[0m?[0;34m	at java.base/jdk.internal.reflect.DelegatingMethodAccessorImpl.invoke(DelegatingMethodAccessorImpl.java:43)
?[0m?[0;34m	at java.base/java.lang.reflect.Method.invoke(Method.java:568)
?[0m?[0;34m	at org.apache.catalina.security.SecurityUtil.lambda$execute$0(SecurityUtil.java:280)
?[0m?[0;34m	at java.base/java.security.AccessController.doPrivileged(AccessController.java:712)
?[0m?[0;34m	at java.base/javax.security.auth.Subject.doAsPrivileged(Subject.java:584)
?[0m?[0;34m	at org.apache.catalina.security.SecurityUtil.execute(SecurityUtil.java:311)
?[0m?[0;34m	at org.apache.catalina.security.SecurityUtil.doAsPrivilege(SecurityUtil.java:253)
?[0m?[0;34m	at org.apache.catalina.core.ApplicationFilterChain.internalDoFilter(ApplicationFilterChain.java:187)
?[0m?[0;34m	at org.apache.catalina.core.ApplicationFilterChain.lambda$doFilter$0(ApplicationFilterChain.java:145)
?[0m?[0;34m	at java.base/java.security.AccessController.doPrivileged(AccessController.java:569)
?[0m?[0;34m	at org.apache.catalina.core.ApplicationFilterChain.doFilter(ApplicationFilterChain.java:143)
?[0m?[0;34m	at org.springframework.web.filter.CharacterEncodingFilter.doFilterInternal(CharacterEncodingFilter.java:201)
?[0m?[0;34m	at org.springframework.web.filter.OncePerRequestFilter.doFilter(OncePerRequestFilter.java:119)
?[0m?[0;34m	at jdk.internal.reflect.GeneratedMethodAccessor54.invoke(Unknown Source)
?[0m?[0;34m	at java.base/jdk.internal.reflect.DelegatingMethodAccessorImpl.invoke(DelegatingMethodAccessorImpl.java:43)
?[0m?[0;34m	at java.base/java.lang.reflect.Method.invoke(Method.java:568)
?[0m?[0;34m	at org.apache.catalina.security.SecurityUtil.lambda$execute$0(SecurityUtil.java:280)
?[0m?[0;34m	at java.base/java.security.AccessController.doPrivileged(AccessController.java:712)
?[0m?[0;34m	at java.base/javax.security.auth.Subject.doAsPrivileged(Subject.java:584)
?[0m?[0;34m	at org.apache.catalina.security.SecurityUtil.execute(SecurityUtil.java:311)
?[0m?[0;34m	at org.apache.catalina.security.SecurityUtil.doAsPrivilege(SecurityUtil.java:253)
?[0m?[0;34m	at org.apache.catalina.core.ApplicationFilterChain.internalDoFilter(ApplicationFilterChain.java:187)
?[0m?[0;34m	at org.apache.catalina.core.ApplicationFilterChain.lambda$doFilter$0(ApplicationFilterChain.java:145)
?[0m?[0;34m	at java.base/java.security.AccessController.doPrivileged(AccessController.java:569)
?[0m?[0;34m	at org.apache.catalina.core.ApplicationFilterChain.doFilter(ApplicationFilterChain.java:143)
?[0m?[0;34m	at org.apache.catalina.core.StandardWrapperValve.invoke(StandardWrapperValve.java:197)
?[0m?[0;34m	at org.apache.catalina.core.StandardContextValve.invoke(StandardContextValve.java:97)
?[0m?[0;34m	at org.apache.catalina.authenticator.AuthenticatorBase.invoke(AuthenticatorBase.java:540)
?[0m?[0;34m	at org.apache.catalina.core.StandardHostValve.invoke(StandardHostValve.java:135)
?[0m?[0;34m	at org.apache.catalina.valves.ErrorReportValve.invoke(ErrorReportValve.java:92)
?[0m?[0;34m	at org.apache.catalina.core.StandardEngineValve.invoke(StandardEngineValve.java:78)
?[0m?[0;34m	at org.apache.catalina.connector.CoyoteAdapter.service(CoyoteAdapter.java:357)
?[0m?[0;34m	at org.apache.coyote.http11.Http11Processor.service(Http11Processor.java:382)
?[0m?[0;34m	at org.apache.coyote.AbstractProcessorLight.process(AbstractProcessorLight.java:65)
?[0m?[0;34m	at org.apache.coyote.AbstractProtocol$ConnectionHandler.process(AbstractProtocol.java:895)
?[0m?[0;34m	at org.apache.tomcat.util.net.NioEndpoint$SocketProcessor.doRun(NioEndpoint.java:1722)
?[0m?[0;34m	at org.apache.tomcat.util.net.SocketProcessorBase.run(SocketProcessorBase.java:49)
?[0m?[0;34m	at org.apache.tomcat.util.threads.ThreadPoolExecutor.runWorker(ThreadPoolExecutor.java:1191)
?[0m?[0;34m	at org.apache.tomcat.util.threads.ThreadPoolExecutor$Worker.run(ThreadPoolExecutor.java:659)
?[0m?[0;34m	at org.apache.tomcat.util.threads.TaskThread$WrappingRunnable.run(TaskThread.java:61)
?[0m?[0;34m	at java.base/java.lang.Thread.run(Thread.java:842)
?[0m?[0;34m12:59 DEBUG o.s.s.w.c.HttpSessionSecurityContextRepository - Stored SecurityContextImpl [Authentication=UsernamePasswordAuthenticationToken [Principal=engine.UserDetailsImp@4ce1c737, Credentials=[PROTECTED], Authenticated=true, Details=WebAuthenticationDetails [RemoteIpAddress=127.0.0.1, SessionId=null], Granted Authorities=[]]] to HttpSession [org.apache.catalina.session.StandardSessionFacade@2dece6f6]
?[0m?[0;34m12:59 DEBUG o.s.s.w.c.HttpSessionSecurityContextRepository - Stored SecurityContextImpl [Authentication=UsernamePasswordAuthenticationToken [Principal=engine.UserDetailsImp@4ce1c737, Credentials=[PROTECTED], Authenticated=true, Details=WebAuthenticationDetails [RemoteIpAddress=127.0.0.1, SessionId=null], Granted Authorities=[]]] to HttpSession [org.apache.catalina.session.StandardSessionFacade@2dece6f6]
?[0m?[0;34m12:59 DEBUG o.s.s.w.c.SecurityContextPersistenceFilter - Cleared SecurityContextHolder to complete request
?[0m?[0;34m12:59 DEBUG o.s.security.web.FilterChainProxy - Securing DELETE /error
?[0m?[0;34m12:59 DEBUG o.s.s.w.c.HttpSessionSecurityContextRepository - Retrieved SecurityContextImpl [Authentication=UsernamePasswordAuthenticationToken [Principal=engine.UserDetailsImp@4ce1c737, Credentials=[PROTECTED], Authenticated=true, Details=WebAuthenticationDetails [RemoteIpAddress=127.0.0.1, SessionId=null], Granted Authorities=[]]]
?[0m?[0;34m12:59 DEBUG o.s.s.w.c.SecurityContextPersistenceFilter - Set SecurityContextHolder to SecurityContextImpl [Authentication=UsernamePasswordAuthenticationToken [Principal=engine.UserDetailsImp@4ce1c737, Credentials=[PROTECTED], Authenticated=true, Details=WebAuthenticationDetails [RemoteIpAddress=127.0.0.1, SessionId=null], Granted Authorities=[]]]
?[0m?[0;34m12:59 DEBUG o.s.security.web.FilterChainProxy - Secured DELETE /error
?[0m?[0;34m12:59 DEBUG o.s.s.w.c.SecurityContextPersistenceFilter - Cleared SecurityContextHolder to complete request
?[1;31m
Start test 161?[0m
?[0m?[0;34m12:59 DEBUG o.s.security.web.FilterChainProxy - Securing DELETE /api/quizzes/2
?[0m?[0;34m12:59 DEBUG o.s.s.w.c.SecurityContextPersistenceFilter - Set SecurityContextHolder to empty SecurityContext
?[0m?[0;34m
?[0m?[0;34mTHE loadUserByUsername is called with the argument: user@google.com
?[0m?[0;34m
?[0m?[0;34m12:59 DEBUG o.s.s.a.d.DaoAuthenticationProvider - Authenticated user
?[0m?[0;34m12:59 DEBUG o.s.s.w.a.w.BasicAuthenticationFilter - Set SecurityContextHolder to UsernamePasswordAuthenticationToken [Principal=engine.UserDetailsImp@146b118c, Credentials=[PROTECTED], Authenticated=true, Details=WebAuthenticationDetails [RemoteIpAddress=127.0.0.1, SessionId=null], Granted Authorities=[]]
?[0m?[0;34m12:59 DEBUG o.s.s.w.c.HttpSessionSecurityContextRepository - Created HttpSession as SecurityContext is non-default
?[0m?[0;34m12:59 DEBUG o.s.s.w.c.HttpSessionSecurityContextRepository - Stored SecurityContextImpl [Authentication=UsernamePasswordAuthenticationToken [Principal=engine.UserDetailsImp@146b118c, Credentials=[PROTECTED], Authenticated=true, Details=WebAuthenticationDetails [RemoteIpAddress=127.0.0.1, SessionId=null], Granted Authorities=[]]] to HttpSession [org.apache.catalina.session.StandardSessionFacade@348ed718]
?[0m?[0;34m12:59 DEBUG o.s.security.web.FilterChainProxy - Secured DELETE /api/quizzes/2
?[0m?[0;34m12:59 DEBUG o.s.s.w.c.HttpSessionSecurityContextRepository - Stored SecurityContextImpl [Authentication=UsernamePasswordAuthenticationToken [Principal=engine.UserDetailsImp@146b118c, Credentials=[PROTECTED], Authenticated=true, Details=WebAuthenticationDetails [RemoteIpAddress=127.0.0.1, SessionId=null], Granted Authorities=[]]] to HttpSession [org.apache.catalina.session.StandardSessionFacade@348ed718]
?[0m?[0;34m12:59 DEBUG o.s.s.w.c.HttpSessionSecurityContextRepository - Stored SecurityContextImpl [Authentication=UsernamePasswordAuthenticationToken [Principal=engine.UserDetailsImp@146b118c, Credentials=[PROTECTED], Authenticated=true, Details=WebAuthenticationDetails [RemoteIpAddress=127.0.0.1, SessionId=null], Granted Authorities=[]]] to HttpSession [org.apache.catalina.session.StandardSessionFacade@348ed718]
?[0m?[0;34m12:59 DEBUG o.s.s.w.c.SecurityContextPersistenceFilter - Cleared SecurityContextHolder to complete request
?[1;31m
Start test 162?[0m
?[0m?[0;34m12:59 DEBUG o.s.security.web.FilterChainProxy - Securing DELETE /api/quizzes/2
?[0m?[0;34m12:59 DEBUG o.s.s.w.c.SecurityContextPersistenceFilter - Set SecurityContextHolder to empty SecurityContext
?[0m?[0;34m
?[0m?[0;34mTHE loadUserByUsername is called with the argument: user@google.com
?[0m?[0;34m
?[0m?[0;34m12:59 DEBUG o.s.s.a.d.DaoAuthenticationProvider - Authenticated user
?[0m?[0;34m12:59 DEBUG o.s.s.w.a.w.BasicAuthenticationFilter - Set SecurityContextHolder to UsernamePasswordAuthenticationToken [Principal=engine.UserDetailsImp@47bdf03e, Credentials=[PROTECTED], Authenticated=true, Details=WebAuthenticationDetails [RemoteIpAddress=127.0.0.1, SessionId=null], Granted Authorities=[]]
?[0m?[0;34m12:59 DEBUG o.s.s.w.c.HttpSessionSecurityContextRepository - Created HttpSession as SecurityContext is non-default
?[0m?[0;34m12:59 DEBUG o.s.s.w.c.HttpSessionSecurityContextRepository - Stored SecurityContextImpl [Authentication=UsernamePasswordAuthenticationToken [Principal=engine.UserDetailsImp@47bdf03e, Credentials=[PROTECTED], Authenticated=true, Details=WebAuthenticationDetails [RemoteIpAddress=127.0.0.1, SessionId=null], Granted Authorities=[]]] to HttpSession [org.apache.catalina.session.StandardSessionFacade@ceed62d]
?[0m?[0;34m12:59 DEBUG o.s.security.web.FilterChainProxy - Secured DELETE /api/quizzes/2
?[0m?[0;34m12:59 WARN  o.s.w.s.m.m.a.ExceptionHandlerExceptionResolver - Failure in @ExceptionHandler engine.Exceptionist#handleBadRequestExceptions(RuntimeException, WebRequest)
?[0m?[0;34morg.springframework.web.HttpMediaTypeNotAcceptableException: Could not find acceptable representation
?[0m?[0;34m	at org.springframework.web.servlet.mvc.method.annotation.AbstractMessageConverterMethodProcessor.writeWithMessageConverters(AbstractMessageConverterMethodProcessor.java:315)
?[0m?[0;34m	at org.springframework.web.servlet.mvc.method.annotation.HttpEntityMethodProcessor.handleReturnValue(HttpEntityMethodProcessor.java:219)
?[0m?[0;34m	at org.springframework.web.method.support.HandlerMethodReturnValueHandlerComposite.handleReturnValue(HandlerMethodReturnValueHandlerComposite.java:78)
?[0m?[0;34m	at org.springframework.web.servlet.mvc.method.annotation.ServletInvocableHandlerMethod.invokeAndHandle(ServletInvocableHandlerMethod.java:135)
?[0m?[0;34m	at org.springframework.web.servlet.mvc.method.annotation.ExceptionHandlerExceptionResolver.doResolveHandlerMethodException(ExceptionHandlerExceptionResolver.java:428)
?[0m?[0;34m	at org.springframework.web.servlet.handler.AbstractHandlerMethodExceptionResolver.doResolveException(AbstractHandlerMethodExceptionResolver.java:75)
?[0m?[0;34m	at org.springframework.web.servlet.handler.AbstractHandlerExceptionResolver.resolveException(AbstractHandlerExceptionResolver.java:142)
?[0m?[0;34m	at org.springframework.web.servlet.handler.HandlerExceptionResolverComposite.resolveException(HandlerExceptionResolverComposite.java:80)
?[0m?[0;34m	at org.springframework.web.servlet.DispatcherServlet.processHandlerException(DispatcherServlet.java:1327)
?[0m?[0;34m	at org.springframework.web.servlet.DispatcherServlet.processDispatchResult(DispatcherServlet.java:1138)
?[0m?[0;34m	at org.springframework.web.servlet.DispatcherServlet.doDispatch(DispatcherServlet.java:1084)
?[0m?[0;34m	at org.springframework.web.servlet.DispatcherServlet.doService(DispatcherServlet.java:963)
?[0m?[0;34m	at org.springframework.web.servlet.FrameworkServlet.processRequest(FrameworkServlet.java:1006)
?[0m?[0;34m	at org.springframework.web.servlet.FrameworkServlet.doDelete(FrameworkServlet.java:931)
?[0m?[0;34m	at javax.servlet.http.HttpServlet.service(HttpServlet.java:687)
?[0m?[0;34m	at org.springframework.web.servlet.FrameworkServlet.service(FrameworkServlet.java:883)
?[0m?[0;34m	at javax.servlet.http.HttpServlet.service(HttpServlet.java:764)
?[0m?[0;34m	at jdk.internal.reflect.GeneratedMethodAccessor64.invoke(Unknown Source)
?[0m?[0;34m	at java.base/jdk.internal.reflect.DelegatingMethodAccessorImpl.invoke(DelegatingMethodAccessorImpl.java:43)
?[0m?[0;34m	at java.base/java.lang.reflect.Method.invoke(Method.java:568)
?[0m?[0;34m	at org.apache.catalina.security.SecurityUtil.lambda$execute$0(SecurityUtil.java:280)
?[0m?[0;34m	at java.base/java.security.AccessController.doPrivileged(AccessController.java:712)
?[0m?[0;34m	at java.base/javax.security.auth.Subject.doAsPrivileged(Subject.java:584)
?[0m?[0;34m	at org.apache.catalina.security.SecurityUtil.execute(SecurityUtil.java:311)
?[0m?[0;34m	at org.apache.catalina.security.SecurityUtil.doAsPrivilege(SecurityUtil.java:170)
?[0m?[0;34m	at org.apache.catalina.core.ApplicationFilterChain.internalDoFilter(ApplicationFilterChain.java:221)
?[0m?[0;34m	at org.apache.catalina.core.ApplicationFilterChain.lambda$doFilter$0(ApplicationFilterChain.java:145)
?[0m?[0;34m	at java.base/java.security.AccessController.doPrivileged(AccessController.java:569)
?[0m?[0;34m	at org.apache.catalina.core.ApplicationFilterChain.doFilter(ApplicationFilterChain.java:143)
?[0m?[0;34m	at org.apache.tomcat.websocket.server.WsFilter.doFilter(WsFilter.java:53)
?[0m?[0;34m	at jdk.internal.reflect.GeneratedMethodAccessor54.invoke(Unknown Source)
?[0m?[0;34m	at java.base/jdk.internal.reflect.DelegatingMethodAccessorImpl.invoke(DelegatingMethodAccessorImpl.java:43)
?[0m?[0;34m	at java.base/java.lang.reflect.Method.invoke(Method.java:568)
?[0m?[0;34m	at org.apache.catalina.security.SecurityUtil.lambda$execute$0(SecurityUtil.java:280)
?[0m?[0;34m	at java.base/java.security.AccessController.doPrivileged(AccessController.java:712)
?[0m?[0;34m	at java.base/javax.security.auth.Subject.doAsPrivileged(Subject.java:584)
?[0m?[0;34m	at org.apache.catalina.security.SecurityUtil.execute(SecurityUtil.java:311)
?[0m?[0;34m	at org.apache.catalina.security.SecurityUtil.doAsPrivilege(SecurityUtil.java:253)
?[0m?[0;34m	at org.apache.catalina.core.ApplicationFilterChain.internalDoFilter(ApplicationFilterChain.java:187)
?[0m?[0;34m	at org.apache.catalina.core.ApplicationFilterChain.lambda$doFilter$0(ApplicationFilterChain.java:145)
?[0m?[0;34m	at java.base/java.security.AccessController.doPrivileged(AccessController.java:569)
?[0m?[0;34m	at org.apache.catalina.core.ApplicationFilterChain.doFilter(ApplicationFilterChain.java:143)
?[0m?[0;34m	at org.springframework.security.web.FilterChainProxy$VirtualFilterChain.doFilter(FilterChainProxy.java:327)
?[0m?[0;34m	at org.springframework.security.web.access.intercept.AuthorizationFilter.doFilterInternal(AuthorizationFilter.java:58)
?[0m?[0;34m	at org.springframework.web.filter.OncePerRequestFilter.doFilter(OncePerRequestFilter.java:119)
?[0m?[0;34m	at org.springframework.security.web.FilterChainProxy$VirtualFilterChain.doFilter(FilterChainProxy.java:336)
?[0m?[0;34m	at org.springframework.security.web.access.ExceptionTranslationFilter.doFilter(ExceptionTranslationFilter.java:121)
?[0m?[0;34m	at org.springframework.security.web.access.ExceptionTranslationFilter.doFilter(ExceptionTranslationFilter.java:115)
?[0m?[0;34m	at org.springframework.security.web.FilterChainProxy$VirtualFilterChain.doFilter(FilterChainProxy.java:336)
?[0m?[0;34m	at org.springframework.security.web.session.SessionManagementFilter.doFilter(SessionManagementFilter.java:126)
?[0m?[0;34m	at org.springframework.security.web.session.SessionManagementFilter.doFilter(SessionManagementFilter.java:81)
?[0m?[0;34m	at org.springframework.security.web.FilterChainProxy$VirtualFilterChain.doFilter(FilterChainProxy.java:336)
?[0m?[0;34m	at org.springframework.security.web.authentication.AnonymousAuthenticationFilter.doFilter(AnonymousAuthenticationFilter.java:105)
?[0m?[0;34m	at org.springframework.security.web.FilterChainProxy$VirtualFilterChain.doFilter(FilterChainProxy.java:336)
?[0m?[0;34m	at org.springframework.security.web.servletapi.SecurityContextHolderAwareRequestFilter.doFilter(SecurityContextHolderAwareRequestFilter.java:149)
?[0m?[0;34m	at org.springframework.security.web.FilterChainProxy$VirtualFilterChain.doFilter(FilterChainProxy.java:336)
?[0m?[0;34m	at org.springframework.security.web.savedrequest.RequestCacheAwareFilter.doFilter(RequestCacheAwareFilter.java:63)
?[0m?[0;34m	at org.springframework.security.web.FilterChainProxy$VirtualFilterChain.doFilter(FilterChainProxy.java:336)
?[0m?[0;34m	at org.springframework.security.web.authentication.www.BasicAuthenticationFilter.doFilterInternal(BasicAuthenticationFilter.java:178)
?[0m?[0;34m	at org.springframework.web.filter.OncePerRequestFilter.doFilter(OncePerRequestFilter.java:119)
?[0m?[0;34m	at org.springframework.security.web.FilterChainProxy$VirtualFilterChain.doFilter(FilterChainProxy.java:336)
?[0m?[0;34m	at org.springframework.security.web.authentication.logout.LogoutFilter.doFilter(LogoutFilter.java:103)
?[0m?[0;34m	at org.springframework.security.web.authentication.logout.LogoutFilter.doFilter(LogoutFilter.java:89)
?[0m?[0;34m	at org.springframework.security.web.FilterChainProxy$VirtualFilterChain.doFilter(FilterChainProxy.java:336)
?[0m?[0;34m	at org.springframework.security.web.header.HeaderWriterFilter.doHeadersAfter(HeaderWriterFilter.java:90)
?[0m?[0;34m	at org.springframework.security.web.header.HeaderWriterFilter.doFilterInternal(HeaderWriterFilter.java:75)
?[0m?[0;34m	at org.springframework.web.filter.OncePerRequestFilter.doFilter(OncePerRequestFilter.java:119)
?[0m?[0;34m	at org.springframework.security.web.FilterChainProxy$VirtualFilterChain.doFilter(FilterChainProxy.java:336)
?[0m?[0;34m	at org.springframework.security.web.context.SecurityContextPersistenceFilter.doFilter(SecurityContextPersistenceFilter.java:110)
?[0m?[0;34m	at org.springframework.security.web.context.SecurityContextPersistenceFilter.doFilter(SecurityContextPersistenceFilter.java:80)
?[0m?[0;34m	at org.springframework.security.web.FilterChainProxy$VirtualFilterChain.doFilter(FilterChainProxy.java:336)
?[0m?[0;34m	at org.springframework.security.web.context.request.async.WebAsyncManagerIntegrationFilter.doFilterInternal(WebAsyncManagerIntegrationFilter.java:55)
?[0m?[0;34m	at org.springframework.web.filter.OncePerRequestFilter.doFilter(OncePerRequestFilter.java:119)
?[0m?[0;34m	at org.springframework.security.web.FilterChainProxy$VirtualFilterChain.doFilter(FilterChainProxy.java:336)
?[0m?[0;34m	at org.springframework.security.web.FilterChainProxy.doFilterInternal(FilterChainProxy.java:211)
?[0m?[0;34m	at org.springframework.security.web.FilterChainProxy.doFilter(FilterChainProxy.java:183)
?[0m?[0;34m	at org.springframework.web.filter.DelegatingFilterProxy.invokeDelegate(DelegatingFilterProxy.java:358)
?[0m?[0;34m	at org.springframework.web.filter.DelegatingFilterProxy.doFilter(DelegatingFilterProxy.java:271)
?[0m?[0;34m	at jdk.internal.reflect.GeneratedMethodAccessor54.invoke(Unknown Source)
?[0m?[0;34m	at java.base/jdk.internal.reflect.DelegatingMethodAccessorImpl.invoke(DelegatingMethodAccessorImpl.java:43)
?[0m?[0;34m	at java.base/java.lang.reflect.Method.invoke(Method.java:568)
?[0m?[0;34m	at org.apache.catalina.security.SecurityUtil.lambda$execute$0(SecurityUtil.java:280)
?[0m?[0;34m	at java.base/java.security.AccessController.doPrivileged(AccessController.java:712)
?[0m?[0;34m	at java.base/javax.security.auth.Subject.doAsPrivileged(Subject.java:584)
?[0m?[0;34m	at org.apache.catalina.security.SecurityUtil.execute(SecurityUtil.java:311)
?[0m?[0;34m	at org.apache.catalina.security.SecurityUtil.doAsPrivilege(SecurityUtil.java:253)
?[0m?[0;34m	at org.apache.catalina.core.ApplicationFilterChain.internalDoFilter(ApplicationFilterChain.java:187)
?[0m?[0;34m	at org.apache.catalina.core.ApplicationFilterChain.lambda$doFilter$0(ApplicationFilterChain.java:145)
?[0m?[0;34m	at java.base/java.security.AccessController.doPrivileged(AccessController.java:569)
?[0m?[0;34m	at org.apache.catalina.core.ApplicationFilterChain.doFilter(ApplicationFilterChain.java:143)
?[0m?[0;34m	at org.springframework.web.filter.RequestContextFilter.doFilterInternal(RequestContextFilter.java:100)
?[0m?[0;34m	at org.springframework.web.filter.OncePerRequestFilter.doFilter(OncePerRequestFilter.java:119)
?[0m?[0;34m	at jdk.internal.reflect.GeneratedMethodAccessor54.invoke(Unknown Source)
?[0m?[0;34m	at java.base/jdk.internal.reflect.DelegatingMethodAccessorImpl.invoke(DelegatingMethodAccessorImpl.java:43)
?[0m?[0;34m	at java.base/java.lang.reflect.Method.invoke(Method.java:568)
?[0m?[0;34m	at org.apache.catalina.security.SecurityUtil.lambda$execute$0(SecurityUtil.java:280)
?[0m?[0;34m	at java.base/java.security.AccessController.doPrivileged(AccessController.java:712)
?[0m?[0;34m	at java.base/javax.security.auth.Subject.doAsPrivileged(Subject.java:584)
?[0m?[0;34m	at org.apache.catalina.security.SecurityUtil.execute(SecurityUtil.java:311)
?[0m?[0;34m	at org.apache.catalina.security.SecurityUtil.doAsPrivilege(SecurityUtil.java:253)
?[0m?[0;34m	at org.apache.catalina.core.ApplicationFilterChain.internalDoFilter(ApplicationFilterChain.java:187)
?[0m?[0;34m	at org.apache.catalina.core.ApplicationFilterChain.lambda$doFilter$0(ApplicationFilterChain.java:145)
?[0m?[0;34m	at java.base/java.security.AccessController.doPrivileged(AccessController.java:569)
?[0m?[0;34m	at org.apache.catalina.core.ApplicationFilterChain.doFilter(ApplicationFilterChain.java:143)
?[0m?[0;34m	at org.springframework.web.filter.FormContentFilter.doFilterInternal(FormContentFilter.java:93)
?[0m?[0;34m	at org.springframework.web.filter.OncePerRequestFilter.doFilter(OncePerRequestFilter.java:119)
?[0m?[0;34m	at jdk.internal.reflect.GeneratedMethodAccessor54.invoke(Unknown Source)
?[0m?[0;34m	at java.base/jdk.internal.reflect.DelegatingMethodAccessorImpl.invoke(DelegatingMethodAccessorImpl.java:43)
?[0m?[0;34m	at java.base/java.lang.reflect.Method.invoke(Method.java:568)
?[0m?[0;34m	at org.apache.catalina.security.SecurityUtil.lambda$execute$0(SecurityUtil.java:280)
?[0m?[0;34m	at java.base/java.security.AccessController.doPrivileged(AccessController.java:712)
?[0m?[0;34m	at java.base/javax.security.auth.Subject.doAsPrivileged(Subject.java:584)
?[0m?[0;34m	at org.apache.catalina.security.SecurityUtil.execute(SecurityUtil.java:311)
?[0m?[0;34m	at org.apache.catalina.security.SecurityUtil.doAsPrivilege(SecurityUtil.java:253)
?[0m?[0;34m	at org.apache.catalina.core.ApplicationFilterChain.internalDoFilter(ApplicationFilterChain.java:187)
?[0m?[0;34m	at org.apache.catalina.core.ApplicationFilterChain.lambda$doFilter$0(ApplicationFilterChain.java:145)
?[0m?[0;34m	at java.base/java.security.AccessController.doPrivileged(AccessController.java:569)
?[0m?[0;34m	at org.apache.catalina.core.ApplicationFilterChain.doFilter(ApplicationFilterChain.java:143)
?[0m?[0;34m	at org.springframework.boot.actuate.metrics.web.servlet.WebMvcMetricsFilter.doFilterInternal(WebMvcMetricsFilter.java:96)
?[0m?[0;34m	at org.springframework.web.filter.OncePerRequestFilter.doFilter(OncePerRequestFilter.java:119)
?[0m?[0;34m	at jdk.internal.reflect.GeneratedMethodAccessor54.invoke(Unknown Source)
?[0m?[0;34m	at java.base/jdk.internal.reflect.DelegatingMethodAccessorImpl.invoke(DelegatingMethodAccessorImpl.java:43)
?[0m?[0;34m	at java.base/java.lang.reflect.Method.invoke(Method.java:568)
?[0m?[0;34m	at org.apache.catalina.security.SecurityUtil.lambda$execute$0(SecurityUtil.java:280)
?[0m?[0;34m	at java.base/java.security.AccessController.doPrivileged(AccessController.java:712)
?[0m?[0;34m	at java.base/javax.security.auth.Subject.doAsPrivileged(Subject.java:584)
?[0m?[0;34m	at org.apache.catalina.security.SecurityUtil.execute(SecurityUtil.java:311)
?[0m?[0;34m	at org.apache.catalina.security.SecurityUtil.doAsPrivilege(SecurityUtil.java:253)
?[0m?[0;34m	at org.apache.catalina.core.ApplicationFilterChain.internalDoFilter(ApplicationFilterChain.java:187)
?[0m?[0;34m	at org.apache.catalina.core.ApplicationFilterChain.lambda$doFilter$0(ApplicationFilterChain.java:145)
?[0m?[0;34m	at java.base/java.security.AccessController.doPrivileged(AccessController.java:569)
?[0m?[0;34m	at org.apache.catalina.core.ApplicationFilterChain.doFilter(ApplicationFilterChain.java:143)
?[0m?[0;34m	at org.springframework.web.filter.CharacterEncodingFilter.doFilterInternal(CharacterEncodingFilter.java:201)
?[0m?[0;34m	at org.springframework.web.filter.OncePerRequestFilter.doFilter(OncePerRequestFilter.java:119)
?[0m?[0;34m	at jdk.internal.reflect.GeneratedMethodAccessor54.invoke(Unknown Source)
?[0m?[0;34m	at java.base/jdk.internal.reflect.DelegatingMethodAccessorImpl.invoke(DelegatingMethodAccessorImpl.java:43)
?[0m?[0;34m	at java.base/java.lang.reflect.Method.invoke(Method.java:568)
?[0m?[0;34m	at org.apache.catalina.security.SecurityUtil.lambda$execute$0(SecurityUtil.java:280)
?[0m?[0;34m	at java.base/java.security.AccessController.doPrivileged(AccessController.java:712)
?[0m?[0;34m	at java.base/javax.security.auth.Subject.doAsPrivileged(Subject.java:584)
?[0m?[0;34m	at org.apache.catalina.security.SecurityUtil.execute(SecurityUtil.java:311)
?[0m?[0;34m	at org.apache.catalina.security.SecurityUtil.doAsPrivilege(SecurityUtil.java:253)
?[0m?[0;34m	at org.apache.catalina.core.ApplicationFilterChain.internalDoFilter(ApplicationFilterChain.java:187)
?[0m?[0;34m	at org.apache.catalina.core.ApplicationFilterChain.lambda$doFilter$0(ApplicationFilterChain.java:145)
?[0m?[0;34m	at java.base/java.security.AccessController.doPrivileged(AccessController.java:569)
?[0m?[0;34m	at org.apache.catalina.core.ApplicationFilterChain.doFilter(ApplicationFilterChain.java:143)
?[0m?[0;34m	at org.apache.catalina.core.StandardWrapperValve.invoke(StandardWrapperValve.java:197)
?[0m?[0;34m	at org.apache.catalina.core.StandardContextValve.invoke(StandardContextValve.java:97)
?[0m?[0;34m	at org.apache.catalina.authenticator.AuthenticatorBase.invoke(AuthenticatorBase.java:540)
?[0m?[0;34m	at org.apache.catalina.core.StandardHostValve.invoke(StandardHostValve.java:135)
?[0m?[0;34m	at org.apache.catalina.valves.ErrorReportValve.invoke(ErrorReportValve.java:92)
?[0m?[0;34m	at org.apache.catalina.core.StandardEngineValve.invoke(StandardEngineValve.java:78)
?[0m?[0;34m	at org.apache.catalina.connector.CoyoteAdapter.service(CoyoteAdapter.java:357)
?[0m?[0;34m	at org.apache.coyote.http11.Http11Processor.service(Http11Processor.java:382)
?[0m?[0;34m	at org.apache.coyote.AbstractProcessorLight.process(AbstractProcessorLight.java:65)
?[0m?[0;34m	at org.apache.coyote.AbstractProtocol$ConnectionHandler.process(AbstractProtocol.java:895)
?[0m?[0;34m	at org.apache.tomcat.util.net.NioEndpoint$SocketProcessor.doRun(NioEndpoint.java:1722)
?[0m?[0;34m	at org.apache.tomcat.util.net.SocketProcessorBase.run(SocketProcessorBase.java:49)
?[0m?[0;34m	at org.apache.tomcat.util.threads.ThreadPoolExecutor.runWorker(ThreadPoolExecutor.java:1191)
?[0m?[0;34m	at org.apache.tomcat.util.threads.ThreadPoolExecutor$Worker.run(ThreadPoolExecutor.java:659)
?[0m?[0;34m	at org.apache.tomcat.util.threads.TaskThread$WrappingRunnable.run(TaskThread.java:61)
?[0m?[0;34m	at java.base/java.lang.Thread.run(Thread.java:842)
?[0m?[0;34m12:59 DEBUG o.s.s.w.c.HttpSessionSecurityContextRepository - Stored SecurityContextImpl [Authentication=UsernamePasswordAuthenticationToken [Principal=engine.UserDetailsImp@47bdf03e, Credentials=[PROTECTED], Authenticated=true, Details=WebAuthenticationDetails [RemoteIpAddress=127.0.0.1, SessionId=null], Granted Authorities=[]]] to HttpSession [org.apache.catalina.session.StandardSessionFacade@ceed62d]
?[0m?[0;34m12:59 DEBUG o.s.s.w.c.HttpSessionSecurityContextRepository - Stored SecurityContextImpl [Authentication=UsernamePasswordAuthenticationToken [Principal=engine.UserDetailsImp@47bdf03e, Credentials=[PROTECTED], Authenticated=true, Details=WebAuthenticationDetails [RemoteIpAddress=127.0.0.1, SessionId=null], Granted Authorities=[]]] to HttpSession [org.apache.catalina.session.StandardSessionFacade@ceed62d]
?[0m?[0;34m12:59 DEBUG o.s.s.w.c.SecurityContextPersistenceFilter - Cleared SecurityContextHolder to complete request
?[0m?[0;34m12:59 DEBUG o.s.security.web.FilterChainProxy - Securing DELETE /error
?[0m?[0;34m12:59 DEBUG o.s.s.w.c.HttpSessionSecurityContextRepository - Retrieved SecurityContextImpl [Authentication=UsernamePasswordAuthenticationToken [Principal=engine.UserDetailsImp@47bdf03e, Credentials=[PROTECTED], Authenticated=true, Details=WebAuthenticationDetails [RemoteIpAddress=127.0.0.1, SessionId=null], Granted Authorities=[]]]
?[0m?[0;34m12:59 DEBUG o.s.s.w.c.SecurityContextPersistenceFilter - Set SecurityContextHolder to SecurityContextImpl [Authentication=UsernamePasswordAuthenticationToken [Principal=engine.UserDetailsImp@47bdf03e, Credentials=[PROTECTED], Authenticated=true, Details=WebAuthenticationDetails [RemoteIpAddress=127.0.0.1, SessionId=null], Granted Authorities=[]]]
?[0m?[0;34m12:59 DEBUG o.s.security.web.FilterChainProxy - Secured DELETE /error
?[0m?[0;34m12:59 DEBUG o.s.s.w.c.SecurityContextPersistenceFilter - Cleared SecurityContextHolder to complete request
?[1;31m
Start test 163?[0m
?[0m?[0;34m12:59 DEBUG o.s.security.web.FilterChainProxy - Securing DELETE /api/quizzes/2
?[0m?[0;34m12:59 DEBUG o.s.s.w.c.SecurityContextPersistenceFilter - Set SecurityContextHolder to empty SecurityContext
?[0m?[0;34m
?[0m?[0;34mTHE loadUserByUsername is called with the argument: test@google.com
?[0m?[0;34m
?[0m?[0;34m12:59 DEBUG o.s.s.a.d.DaoAuthenticationProvider - Authenticated user
?[0m?[0;34m12:59 DEBUG o.s.s.w.a.w.BasicAuthenticationFilter - Set SecurityContextHolder to UsernamePasswordAuthenticationToken [Principal=engine.UserDetailsImp@57167ea5, Credentials=[PROTECTED], Authenticated=true, Details=WebAuthenticationDetails [RemoteIpAddress=127.0.0.1, SessionId=null], Granted Authorities=[]]
?[0m?[0;34m12:59 DEBUG o.s.s.w.c.HttpSessionSecurityContextRepository - Created HttpSession as SecurityContext is non-default
?[0m?[0;34m12:59 DEBUG o.s.s.w.c.HttpSessionSecurityContextRepository - Stored SecurityContextImpl [Authentication=UsernamePasswordAuthenticationToken [Principal=engine.UserDetailsImp@57167ea5, Credentials=[PROTECTED], Authenticated=true, Details=WebAuthenticationDetails [RemoteIpAddress=127.0.0.1, SessionId=null], Granted Authorities=[]]] to HttpSession [org.apache.catalina.session.StandardSessionFacade@5bcf64f4]
?[0m?[0;34m12:59 DEBUG o.s.security.web.FilterChainProxy - Secured DELETE /api/quizzes/2
?[0m?[0;34m12:59 WARN  o.s.w.s.m.m.a.ExceptionHandlerExceptionResolver - Failure in @ExceptionHandler engine.Exceptionist#handleBadRequestExceptions(RuntimeException, WebRequest)
?[0m?[0;34morg.springframework.web.HttpMediaTypeNotAcceptableException: Could not find acceptable representation
?[0m?[0;34m	at org.springframework.web.servlet.mvc.method.annotation.AbstractMessageConverterMethodProcessor.writeWithMessageConverters(AbstractMessageConverterMethodProcessor.java:315)
?[0m?[0;34m	at org.springframework.web.servlet.mvc.method.annotation.HttpEntityMethodProcessor.handleReturnValue(HttpEntityMethodProcessor.java:219)
?[0m?[0;34m	at org.springframework.web.method.support.HandlerMethodReturnValueHandlerComposite.handleReturnValue(HandlerMethodReturnValueHandlerComposite.java:78)
?[0m?[0;34m	at org.springframework.web.servlet.mvc.method.annotation.ServletInvocableHandlerMethod.invokeAndHandle(ServletInvocableHandlerMethod.java:135)
?[0m?[0;34m	at org.springframework.web.servlet.mvc.method.annotation.ExceptionHandlerExceptionResolver.doResolveHandlerMethodException(ExceptionHandlerExceptionResolver.java:428)
?[0m?[0;34m	at org.springframework.web.servlet.handler.AbstractHandlerMethodExceptionResolver.doResolveException(AbstractHandlerMethodExceptionResolver.java:75)
?[0m?[0;34m	at org.springframework.web.servlet.handler.AbstractHandlerExceptionResolver.resolveException(AbstractHandlerExceptionResolver.java:142)
?[0m?[0;34m	at org.springframework.web.servlet.handler.HandlerExceptionResolverComposite.resolveException(HandlerExceptionResolverComposite.java:80)
?[0m?[0;34m	at org.springframework.web.servlet.DispatcherServlet.processHandlerException(DispatcherServlet.java:1327)
?[0m?[0;34m	at org.springframework.web.servlet.DispatcherServlet.processDispatchResult(DispatcherServlet.java:1138)
?[0m?[0;34m	at org.springframework.web.servlet.DispatcherServlet.doDispatch(DispatcherServlet.java:1084)
?[0m?[0;34m	at org.springframework.web.servlet.DispatcherServlet.doService(DispatcherServlet.java:963)
?[0m?[0;34m	at org.springframework.web.servlet.FrameworkServlet.processRequest(FrameworkServlet.java:1006)
?[0m?[0;34m	at org.springframework.web.servlet.FrameworkServlet.doDelete(FrameworkServlet.java:931)
?[0m?[0;34m	at javax.servlet.http.HttpServlet.service(HttpServlet.java:687)
?[0m?[0;34m	at org.springframework.web.servlet.FrameworkServlet.service(FrameworkServlet.java:883)
?[0m?[0;34m	at javax.servlet.http.HttpServlet.service(HttpServlet.java:764)
?[0m?[0;34m	at jdk.internal.reflect.GeneratedMethodAccessor64.invoke(Unknown Source)
?[0m?[0;34m	at java.base/jdk.internal.reflect.DelegatingMethodAccessorImpl.invoke(DelegatingMethodAccessorImpl.java:43)
?[0m?[0;34m	at java.base/java.lang.reflect.Method.invoke(Method.java:568)
?[0m?[0;34m	at org.apache.catalina.security.SecurityUtil.lambda$execute$0(SecurityUtil.java:280)
?[0m?[0;34m	at java.base/java.security.AccessController.doPrivileged(AccessController.java:712)
?[0m?[0;34m	at java.base/javax.security.auth.Subject.doAsPrivileged(Subject.java:584)
?[0m?[0;34m	at org.apache.catalina.security.SecurityUtil.execute(SecurityUtil.java:311)
?[0m?[0;34m	at org.apache.catalina.security.SecurityUtil.doAsPrivilege(SecurityUtil.java:170)
?[0m?[0;34m	at org.apache.catalina.core.ApplicationFilterChain.internalDoFilter(ApplicationFilterChain.java:221)
?[0m?[0;34m	at org.apache.catalina.core.ApplicationFilterChain.lambda$doFilter$0(ApplicationFilterChain.java:145)
?[0m?[0;34m	at java.base/java.security.AccessController.doPrivileged(AccessController.java:569)
?[0m?[0;34m	at org.apache.catalina.core.ApplicationFilterChain.doFilter(ApplicationFilterChain.java:143)
?[0m?[0;34m	at org.apache.tomcat.websocket.server.WsFilter.doFilter(WsFilter.java:53)
?[0m?[0;34m	at jdk.internal.reflect.GeneratedMethodAccessor54.invoke(Unknown Source)
?[0m?[0;34m	at java.base/jdk.internal.reflect.DelegatingMethodAccessorImpl.invoke(DelegatingMethodAccessorImpl.java:43)
?[0m?[0;34m	at java.base/java.lang.reflect.Method.invoke(Method.java:568)
?[0m?[0;34m	at org.apache.catalina.security.SecurityUtil.lambda$execute$0(SecurityUtil.java:280)
?[0m?[0;34m	at java.base/java.security.AccessController.doPrivileged(AccessController.java:712)
?[0m?[0;34m	at java.base/javax.security.auth.Subject.doAsPrivileged(Subject.java:584)
?[0m?[0;34m	at org.apache.catalina.security.SecurityUtil.execute(SecurityUtil.java:311)
?[0m?[0;34m	at org.apache.catalina.security.SecurityUtil.doAsPrivilege(SecurityUtil.java:253)
?[0m?[0;34m	at org.apache.catalina.core.ApplicationFilterChain.internalDoFilter(ApplicationFilterChain.java:187)
?[0m?[0;34m	at org.apache.catalina.core.ApplicationFilterChain.lambda$doFilter$0(ApplicationFilterChain.java:145)
?[0m?[0;34m	at java.base/java.security.AccessController.doPrivileged(AccessController.java:569)
?[0m?[0;34m	at org.apache.catalina.core.ApplicationFilterChain.doFilter(ApplicationFilterChain.java:143)
?[0m?[0;34m	at org.springframework.security.web.FilterChainProxy$VirtualFilterChain.doFilter(FilterChainProxy.java:327)
?[0m?[0;34m	at org.springframework.security.web.access.intercept.AuthorizationFilter.doFilterInternal(AuthorizationFilter.java:58)
?[0m?[0;34m	at org.springframework.web.filter.OncePerRequestFilter.doFilter(OncePerRequestFilter.java:119)
?[0m?[0;34m	at org.springframework.security.web.FilterChainProxy$VirtualFilterChain.doFilter(FilterChainProxy.java:336)
?[0m?[0;34m	at org.springframework.security.web.access.ExceptionTranslationFilter.doFilter(ExceptionTranslationFilter.java:121)
?[0m?[0;34m	at org.springframework.security.web.access.ExceptionTranslationFilter.doFilter(ExceptionTranslationFilter.java:115)
?[0m?[0;34m	at org.springframework.security.web.FilterChainProxy$VirtualFilterChain.doFilter(FilterChainProxy.java:336)
?[0m?[0;34m	at org.springframework.security.web.session.SessionManagementFilter.doFilter(SessionManagementFilter.java:126)
?[0m?[0;34m	at org.springframework.security.web.session.SessionManagementFilter.doFilter(SessionManagementFilter.java:81)
?[0m?[0;34m	at org.springframework.security.web.FilterChainProxy$VirtualFilterChain.doFilter(FilterChainProxy.java:336)
?[0m?[0;34m	at org.springframework.security.web.authentication.AnonymousAuthenticationFilter.doFilter(AnonymousAuthenticationFilter.java:105)
?[0m?[0;34m	at org.springframework.security.web.FilterChainProxy$VirtualFilterChain.doFilter(FilterChainProxy.java:336)
?[0m?[0;34m	at org.springframework.security.web.servletapi.SecurityContextHolderAwareRequestFilter.doFilter(SecurityContextHolderAwareRequestFilter.java:149)
?[0m?[0;34m	at org.springframework.security.web.FilterChainProxy$VirtualFilterChain.doFilter(FilterChainProxy.java:336)
?[0m?[0;34m	at org.springframework.security.web.savedrequest.RequestCacheAwareFilter.doFilter(RequestCacheAwareFilter.java:63)
?[0m?[0;34m	at org.springframework.security.web.FilterChainProxy$VirtualFilterChain.doFilter(FilterChainProxy.java:336)
?[0m?[0;34m	at org.springframework.security.web.authentication.www.BasicAuthenticationFilter.doFilterInternal(BasicAuthenticationFilter.java:178)
?[0m?[0;34m	at org.springframework.web.filter.OncePerRequestFilter.doFilter(OncePerRequestFilter.java:119)
?[0m?[0;34m	at org.springframework.security.web.FilterChainProxy$VirtualFilterChain.doFilter(FilterChainProxy.java:336)
?[0m?[0;34m	at org.springframework.security.web.authentication.logout.LogoutFilter.doFilter(LogoutFilter.java:103)
?[0m?[0;34m	at org.springframework.security.web.authentication.logout.LogoutFilter.doFilter(LogoutFilter.java:89)
?[0m?[0;34m	at org.springframework.security.web.FilterChainProxy$VirtualFilterChain.doFilter(FilterChainProxy.java:336)
?[0m?[0;34m	at org.springframework.security.web.header.HeaderWriterFilter.doHeadersAfter(HeaderWriterFilter.java:90)
?[0m?[0;34m	at org.springframework.security.web.header.HeaderWriterFilter.doFilterInternal(HeaderWriterFilter.java:75)
?[0m?[0;34m	at org.springframework.web.filter.OncePerRequestFilter.doFilter(OncePerRequestFilter.java:119)
?[0m?[0;34m	at org.springframework.security.web.FilterChainProxy$VirtualFilterChain.doFilter(FilterChainProxy.java:336)
?[0m?[0;34m	at org.springframework.security.web.context.SecurityContextPersistenceFilter.doFilter(SecurityContextPersistenceFilter.java:110)
?[0m?[0;34m	at org.springframework.security.web.context.SecurityContextPersistenceFilter.doFilter(SecurityContextPersistenceFilter.java:80)
?[0m?[0;34m	at org.springframework.security.web.FilterChainProxy$VirtualFilterChain.doFilter(FilterChainProxy.java:336)
?[0m?[0;34m	at org.springframework.security.web.context.request.async.WebAsyncManagerIntegrationFilter.doFilterInternal(WebAsyncManagerIntegrationFilter.java:55)
?[0m?[0;34m	at org.springframework.web.filter.OncePerRequestFilter.doFilter(OncePerRequestFilter.java:119)
?[0m?[0;34m	at org.springframework.security.web.FilterChainProxy$VirtualFilterChain.doFilter(FilterChainProxy.java:336)
?[0m?[0;34m	at org.springframework.security.web.FilterChainProxy.doFilterInternal(FilterChainProxy.java:211)
?[0m?[0;34m	at org.springframework.security.web.FilterChainProxy.doFilter(FilterChainProxy.java:183)
?[0m?[0;34m	at org.springframework.web.filter.DelegatingFilterProxy.invokeDelegate(DelegatingFilterProxy.java:358)
?[0m?[0;34m	at org.springframework.web.filter.DelegatingFilterProxy.doFilter(DelegatingFilterProxy.java:271)
?[0m?[0;34m	at jdk.internal.reflect.GeneratedMethodAccessor54.invoke(Unknown Source)
?[0m?[0;34m	at java.base/jdk.internal.reflect.DelegatingMethodAccessorImpl.invoke(DelegatingMethodAccessorImpl.java:43)
?[0m?[0;34m	at java.base/java.lang.reflect.Method.invoke(Method.java:568)
?[0m?[0;34m	at org.apache.catalina.security.SecurityUtil.lambda$execute$0(SecurityUtil.java:280)
?[0m?[0;34m	at java.base/java.security.AccessController.doPrivileged(AccessController.java:712)
?[0m?[0;34m	at java.base/javax.security.auth.Subject.doAsPrivileged(Subject.java:584)
?[0m?[0;34m	at org.apache.catalina.security.SecurityUtil.execute(SecurityUtil.java:311)
?[0m?[0;34m	at org.apache.catalina.security.SecurityUtil.doAsPrivilege(SecurityUtil.java:253)
?[0m?[0;34m	at org.apache.catalina.core.ApplicationFilterChain.internalDoFilter(ApplicationFilterChain.java:187)
?[0m?[0;34m	at org.apache.catalina.core.ApplicationFilterChain.lambda$doFilter$0(ApplicationFilterChain.java:145)
?[0m?[0;34m	at java.base/java.security.AccessController.doPrivileged(AccessController.java:569)
?[0m?[0;34m	at org.apache.catalina.core.ApplicationFilterChain.doFilter(ApplicationFilterChain.java:143)
?[0m?[0;34m	at org.springframework.web.filter.RequestContextFilter.doFilterInternal(RequestContextFilter.java:100)
?[0m?[0;34m	at org.springframework.web.filter.OncePerRequestFilter.doFilter(OncePerRequestFilter.java:119)
?[0m?[0;34m	at jdk.internal.reflect.GeneratedMethodAccessor54.invoke(Unknown Source)
?[0m?[0;34m	at java.base/jdk.internal.reflect.DelegatingMethodAccessorImpl.invoke(DelegatingMethodAccessorImpl.java:43)
?[0m?[0;34m	at java.base/java.lang.reflect.Method.invoke(Method.java:568)
?[0m?[0;34m	at org.apache.catalina.security.SecurityUtil.lambda$execute$0(SecurityUtil.java:280)
?[0m?[0;34m	at java.base/java.security.AccessController.doPrivileged(AccessController.java:712)
?[0m?[0;34m	at java.base/javax.security.auth.Subject.doAsPrivileged(Subject.java:584)
?[0m?[0;34m	at org.apache.catalina.security.SecurityUtil.execute(SecurityUtil.java:311)
?[0m?[0;34m	at org.apache.catalina.security.SecurityUtil.doAsPrivilege(SecurityUtil.java:253)
?[0m?[0;34m	at org.apache.catalina.core.ApplicationFilterChain.internalDoFilter(ApplicationFilterChain.java:187)
?[0m?[0;34m	at org.apache.catalina.core.ApplicationFilterChain.lambda$doFilter$0(ApplicationFilterChain.java:145)
?[0m?[0;34m	at java.base/java.security.AccessController.doPrivileged(AccessController.java:569)
?[0m?[0;34m	at org.apache.catalina.core.ApplicationFilterChain.doFilter(ApplicationFilterChain.java:143)
?[0m?[0;34m	at org.springframework.web.filter.FormContentFilter.doFilterInternal(FormContentFilter.java:93)
?[0m?[0;34m	at org.springframework.web.filter.OncePerRequestFilter.doFilter(OncePerRequestFilter.java:119)
?[0m?[0;34m	at jdk.internal.reflect.GeneratedMethodAccessor54.invoke(Unknown Source)
?[0m?[0;34m	at java.base/jdk.internal.reflect.DelegatingMethodAccessorImpl.invoke(DelegatingMethodAccessorImpl.java:43)
?[0m?[0;34m	at java.base/java.lang.reflect.Method.invoke(Method.java:568)
?[0m?[0;34m	at org.apache.catalina.security.SecurityUtil.lambda$execute$0(SecurityUtil.java:280)
?[0m?[0;34m	at java.base/java.security.AccessController.doPrivileged(AccessController.java:712)
?[0m?[0;34m	at java.base/javax.security.auth.Subject.doAsPrivileged(Subject.java:584)
?[0m?[0;34m	at org.apache.catalina.security.SecurityUtil.execute(SecurityUtil.java:311)
?[0m?[0;34m	at org.apache.catalina.security.SecurityUtil.doAsPrivilege(SecurityUtil.java:253)
?[0m?[0;34m	at org.apache.catalina.core.ApplicationFilterChain.internalDoFilter(ApplicationFilterChain.java:187)
?[0m?[0;34m	at org.apache.catalina.core.ApplicationFilterChain.lambda$doFilter$0(ApplicationFilterChain.java:145)
?[0m?[0;34m	at java.base/java.security.AccessController.doPrivileged(AccessController.java:569)
?[0m?[0;34m	at org.apache.catalina.core.ApplicationFilterChain.doFilter(ApplicationFilterChain.java:143)
?[0m?[0;34m	at org.springframework.boot.actuate.metrics.web.servlet.WebMvcMetricsFilter.doFilterInternal(WebMvcMetricsFilter.java:96)
?[0m?[0;34m	at org.springframework.web.filter.OncePerRequestFilter.doFilter(OncePerRequestFilter.java:119)
?[0m?[0;34m	at jdk.internal.reflect.GeneratedMethodAccessor54.invoke(Unknown Source)
?[0m?[0;34m	at java.base/jdk.internal.reflect.DelegatingMethodAccessorImpl.invoke(DelegatingMethodAccessorImpl.java:43)
?[0m?[0;34m	at java.base/java.lang.reflect.Method.invoke(Method.java:568)
?[0m?[0;34m	at org.apache.catalina.security.SecurityUtil.lambda$execute$0(SecurityUtil.java:280)
?[0m?[0;34m	at java.base/java.security.AccessController.doPrivileged(AccessController.java:712)
?[0m?[0;34m	at java.base/javax.security.auth.Subject.doAsPrivileged(Subject.java:584)
?[0m?[0;34m	at org.apache.catalina.security.SecurityUtil.execute(SecurityUtil.java:311)
?[0m?[0;34m	at org.apache.catalina.security.SecurityUtil.doAsPrivilege(SecurityUtil.java:253)
?[0m?[0;34m	at org.apache.catalina.core.ApplicationFilterChain.internalDoFilter(ApplicationFilterChain.java:187)
?[0m?[0;34m	at org.apache.catalina.core.ApplicationFilterChain.lambda$doFilter$0(ApplicationFilterChain.java:145)
?[0m?[0;34m	at java.base/java.security.AccessController.doPrivileged(AccessController.java:569)
?[0m?[0;34m	at org.apache.catalina.core.ApplicationFilterChain.doFilter(ApplicationFilterChain.java:143)
?[0m?[0;34m	at org.springframework.web.filter.CharacterEncodingFilter.doFilterInternal(CharacterEncodingFilter.java:201)
?[0m?[0;34m	at org.springframework.web.filter.OncePerRequestFilter.doFilter(OncePerRequestFilter.java:119)
?[0m?[0;34m	at jdk.internal.reflect.GeneratedMethodAccessor54.invoke(Unknown Source)
?[0m?[0;34m	at java.base/jdk.internal.reflect.DelegatingMethodAccessorImpl.invoke(DelegatingMethodAccessorImpl.java:43)
?[0m?[0;34m	at java.base/java.lang.reflect.Method.invoke(Method.java:568)
?[0m?[0;34m	at org.apache.catalina.security.SecurityUtil.lambda$execute$0(SecurityUtil.java:280)
?[0m?[0;34m	at java.base/java.security.AccessController.doPrivileged(AccessController.java:712)
?[0m?[0;34m	at java.base/javax.security.auth.Subject.doAsPrivileged(Subject.java:584)
?[0m?[0;34m	at org.apache.catalina.security.SecurityUtil.execute(SecurityUtil.java:311)
?[0m?[0;34m	at org.apache.catalina.security.SecurityUtil.doAsPrivilege(SecurityUtil.java:253)
?[0m?[0;34m	at org.apache.catalina.core.ApplicationFilterChain.internalDoFilter(ApplicationFilterChain.java:187)
?[0m?[0;34m	at org.apache.catalina.core.ApplicationFilterChain.lambda$doFilter$0(ApplicationFilterChain.java:145)
?[0m?[0;34m	at java.base/java.security.AccessController.doPrivileged(AccessController.java:569)
?[0m?[0;34m	at org.apache.catalina.core.ApplicationFilterChain.doFilter(ApplicationFilterChain.java:143)
?[0m?[0;34m	at org.apache.catalina.core.StandardWrapperValve.invoke(StandardWrapperValve.java:197)
?[0m?[0;34m	at org.apache.catalina.core.StandardContextValve.invoke(StandardContextValve.java:97)
?[0m?[0;34m	at org.apache.catalina.authenticator.AuthenticatorBase.invoke(AuthenticatorBase.java:540)
?[0m?[0;34m	at org.apache.catalina.core.StandardHostValve.invoke(StandardHostValve.java:135)
?[0m?[0;34m	at org.apache.catalina.valves.ErrorReportValve.invoke(ErrorReportValve.java:92)
?[0m?[0;34m	at org.apache.catalina.core.StandardEngineValve.invoke(StandardEngineValve.java:78)
?[0m?[0;34m	at org.apache.catalina.connector.CoyoteAdapter.service(CoyoteAdapter.java:357)
?[0m?[0;34m	at org.apache.coyote.http11.Http11Processor.service(Http11Processor.java:382)
?[0m?[0;34m	at org.apache.coyote.AbstractProcessorLight.process(AbstractProcessorLight.java:65)
?[0m?[0;34m	at org.apache.coyote.AbstractProtocol$ConnectionHandler.process(AbstractProtocol.java:895)
?[0m?[0;34m	at org.apache.tomcat.util.net.NioEndpoint$SocketProcessor.doRun(NioEndpoint.java:1722)
?[0m?[0;34m	at org.apache.tomcat.util.net.SocketProcessorBase.run(SocketProcessorBase.java:49)
?[0m?[0;34m	at org.apache.tomcat.util.threads.ThreadPoolExecutor.runWorker(ThreadPoolExecutor.java:1191)
?[0m?[0;34m	at org.apache.tomcat.util.threads.ThreadPoolExecutor$Worker.run(ThreadPoolExecutor.java:659)
?[0m?[0;34m	at org.apache.tomcat.util.threads.TaskThread$WrappingRunnable.run(TaskThread.java:61)
?[0m?[0;34m	at java.base/java.lang.Thread.run(Thread.java:842)
?[0m?[0;34m12:59 DEBUG o.s.s.w.c.HttpSessionSecurityContextRepository - Stored SecurityContextImpl [Authentication=UsernamePasswordAuthenticationToken [Principal=engine.UserDetailsImp@57167ea5, Credentials=[PROTECTED], Authenticated=true, Details=WebAuthenticationDetails [RemoteIpAddress=127.0.0.1, SessionId=null], Granted Authorities=[]]] to HttpSession [org.apache.catalina.session.StandardSessionFacade@5bcf64f4]
?[0m?[0;34m12:59 DEBUG o.s.s.w.c.HttpSessionSecurityContextRepository - Stored SecurityContextImpl [Authentication=UsernamePasswordAuthenticationToken [Principal=engine.UserDetailsImp@57167ea5, Credentials=[PROTECTED], Authenticated=true, Details=WebAuthenticationDetails [RemoteIpAddress=127.0.0.1, SessionId=null], Granted Authorities=[]]] to HttpSession [org.apache.catalina.session.StandardSessionFacade@5bcf64f4]
?[0m?[0;34m12:59 DEBUG o.s.s.w.c.SecurityContextPersistenceFilter - Cleared SecurityContextHolder to complete request
?[0m?[0;34m12:59 DEBUG o.s.security.web.FilterChainProxy - Securing DELETE /error
?[0m?[0;34m12:59 DEBUG o.s.s.w.c.HttpSessionSecurityContextRepository - Retrieved SecurityContextImpl [Authentication=UsernamePasswordAuthenticationToken [Principal=engine.UserDetailsImp@57167ea5, Credentials=[PROTECTED], Authenticated=true, Details=WebAuthenticationDetails [RemoteIpAddress=127.0.0.1, SessionId=null], Granted Authorities=[]]]
?[0m?[0;34m12:59 DEBUG o.s.s.w.c.SecurityContextPersistenceFilter - Set SecurityContextHolder to SecurityContextImpl [Authentication=UsernamePasswordAuthenticationToken [Principal=engine.UserDetailsImp@57167ea5, Credentials=[PROTECTED], Authenticated=true, Details=WebAuthenticationDetails [RemoteIpAddress=127.0.0.1, SessionId=null], Granted Authorities=[]]]
?[0m?[0;34m12:59 DEBUG o.s.security.web.FilterChainProxy - Secured DELETE /error
?[0m?[0;34m12:59 DEBUG o.s.s.w.c.SecurityContextPersistenceFilter - Cleared SecurityContextHolder to complete request
?[1;31m
Start test 164?[0m
?[0m?[0;34m12:59 DEBUG o.s.security.web.FilterChainProxy - Securing GET /api/quizzes/1
?[0m?[0;34m12:59 DEBUG o.s.s.w.c.SecurityContextPersistenceFilter - Set SecurityContextHolder to empty SecurityContext
?[0m?[0;34m
?[0m?[0;34mTHE loadUserByUsername is called with the argument: test@google.com
?[0m?[0;34m
?[0m?[0;34m12:59 DEBUG o.s.s.a.d.DaoAuthenticationProvider - Authenticated user
?[0m?[0;34m12:59 DEBUG o.s.s.w.a.w.BasicAuthenticationFilter - Set SecurityContextHolder to UsernamePasswordAuthenticationToken [Principal=engine.UserDetailsImp@2afdefc9, Credentials=[PROTECTED], Authenticated=true, Details=WebAuthenticationDetails [RemoteIpAddress=127.0.0.1, SessionId=null], Granted Authorities=[]]
?[0m?[0;34m12:59 DEBUG o.s.s.w.c.HttpSessionSecurityContextRepository - Created HttpSession as SecurityContext is non-default
?[0m?[0;34m12:59 DEBUG o.s.s.w.c.HttpSessionSecurityContextRepository - Stored SecurityContextImpl [Authentication=UsernamePasswordAuthenticationToken [Principal=engine.UserDetailsImp@2afdefc9, Credentials=[PROTECTED], Authenticated=true, Details=WebAuthenticationDetails [RemoteIpAddress=127.0.0.1, SessionId=null], Granted Authorities=[]]] to HttpSession [org.apache.catalina.session.StandardSessionFacade@4a4666cf]
?[0m?[0;34m12:59 DEBUG o.s.security.web.FilterChainProxy - Secured GET /api/quizzes/1
?[0m?[0;34m12:59 WARN  o.s.w.s.m.m.a.ExceptionHandlerExceptionResolver - Failure in @ExceptionHandler engine.Exceptionist#handleBadRequestExceptions(RuntimeException, WebRequest)
?[0m?[0;34morg.springframework.web.HttpMediaTypeNotAcceptableException: Could not find acceptable representation
?[0m?[0;34m	at org.springframework.web.servlet.mvc.method.annotation.AbstractMessageConverterMethodProcessor.writeWithMessageConverters(AbstractMessageConverterMethodProcessor.java:315)
?[0m?[0;34m	at org.springframework.web.servlet.mvc.method.annotation.HttpEntityMethodProcessor.handleReturnValue(HttpEntityMethodProcessor.java:219)
?[0m?[0;34m	at org.springframework.web.method.support.HandlerMethodReturnValueHandlerComposite.handleReturnValue(HandlerMethodReturnValueHandlerComposite.java:78)
?[0m?[0;34m	at org.springframework.web.servlet.mvc.method.annotation.ServletInvocableHandlerMethod.invokeAndHandle(ServletInvocableHandlerMethod.java:135)
?[0m?[0;34m	at org.springframework.web.servlet.mvc.method.annotation.ExceptionHandlerExceptionResolver.doResolveHandlerMethodException(ExceptionHandlerExceptionResolver.java:428)
?[0m?[0;34m	at org.springframework.web.servlet.handler.AbstractHandlerMethodExceptionResolver.doResolveException(AbstractHandlerMethodExceptionResolver.java:75)
?[0m?[0;34m	at org.springframework.web.servlet.handler.AbstractHandlerExceptionResolver.resolveException(AbstractHandlerExceptionResolver.java:142)
?[0m?[0;34m	at org.springframework.web.servlet.handler.HandlerExceptionResolverComposite.resolveException(HandlerExceptionResolverComposite.java:80)
?[0m?[0;34m	at org.springframework.web.servlet.DispatcherServlet.processHandlerException(DispatcherServlet.java:1327)
?[0m?[0;34m	at org.springframework.web.servlet.DispatcherServlet.processDispatchResult(DispatcherServlet.java:1138)
?[0m?[0;34m	at org.springframework.web.servlet.DispatcherServlet.doDispatch(DispatcherServlet.java:1084)
?[0m?[0;34m	at org.springframework.web.servlet.DispatcherServlet.doService(DispatcherServlet.java:963)
?[0m?[0;34m	at org.springframework.web.servlet.FrameworkServlet.processRequest(FrameworkServlet.java:1006)
?[0m?[0;34m	at org.springframework.web.servlet.FrameworkServlet.doGet(FrameworkServlet.java:898)
?[0m?[0;34m	at javax.servlet.http.HttpServlet.service(HttpServlet.java:655)
?[0m?[0;34m	at org.springframework.web.servlet.FrameworkServlet.service(FrameworkServlet.java:883)
?[0m?[0;34m	at javax.servlet.http.HttpServlet.service(HttpServlet.java:764)
?[0m?[0;34m	at jdk.internal.reflect.GeneratedMethodAccessor64.invoke(Unknown Source)
?[0m?[0;34m	at java.base/jdk.internal.reflect.DelegatingMethodAccessorImpl.invoke(DelegatingMethodAccessorImpl.java:43)
?[0m?[0;34m	at java.base/java.lang.reflect.Method.invoke(Method.java:568)
?[0m?[0;34m	at org.apache.catalina.security.SecurityUtil.lambda$execute$0(SecurityUtil.java:280)
?[0m?[0;34m	at java.base/java.security.AccessController.doPrivileged(AccessController.java:712)
?[0m?[0;34m	at java.base/javax.security.auth.Subject.doAsPrivileged(Subject.java:584)
?[0m?[0;34m	at org.apache.catalina.security.SecurityUtil.execute(SecurityUtil.java:311)
?[0m?[0;34m	at org.apache.catalina.security.SecurityUtil.doAsPrivilege(SecurityUtil.java:170)
?[0m?[0;34m	at org.apache.catalina.core.ApplicationFilterChain.internalDoFilter(ApplicationFilterChain.java:221)
?[0m?[0;34m	at org.apache.catalina.core.ApplicationFilterChain.lambda$doFilter$0(ApplicationFilterChain.java:145)
?[0m?[0;34m	at java.base/java.security.AccessController.doPrivileged(AccessController.java:569)
?[0m?[0;34m	at org.apache.catalina.core.ApplicationFilterChain.doFilter(ApplicationFilterChain.java:143)
?[0m?[0;34m	at org.apache.tomcat.websocket.server.WsFilter.doFilter(WsFilter.java:53)
?[0m?[0;34m	at jdk.internal.reflect.GeneratedMethodAccessor54.invoke(Unknown Source)
?[0m?[0;34m	at java.base/jdk.internal.reflect.DelegatingMethodAccessorImpl.invoke(DelegatingMethodAccessorImpl.java:43)
?[0m?[0;34m	at java.base/java.lang.reflect.Method.invoke(Method.java:568)
?[0m?[0;34m	at org.apache.catalina.security.SecurityUtil.lambda$execute$0(SecurityUtil.java:280)
?[0m?[0;34m	at java.base/java.security.AccessController.doPrivileged(AccessController.java:712)
?[0m?[0;34m	at java.base/javax.security.auth.Subject.doAsPrivileged(Subject.java:584)
?[0m?[0;34m	at org.apache.catalina.security.SecurityUtil.execute(SecurityUtil.java:311)
?[0m?[0;34m	at org.apache.catalina.security.SecurityUtil.doAsPrivilege(SecurityUtil.java:253)
?[0m?[0;34m	at org.apache.catalina.core.ApplicationFilterChain.internalDoFilter(ApplicationFilterChain.java:187)
?[0m?[0;34m	at org.apache.catalina.core.ApplicationFilterChain.lambda$doFilter$0(ApplicationFilterChain.java:145)
?[0m?[0;34m	at java.base/java.security.AccessController.doPrivileged(AccessController.java:569)
?[0m?[0;34m	at org.apache.catalina.core.ApplicationFilterChain.doFilter(ApplicationFilterChain.java:143)
?[0m?[0;34m	at org.springframework.security.web.FilterChainProxy$VirtualFilterChain.doFilter(FilterChainProxy.java:327)
?[0m?[0;34m	at org.springframework.security.web.access.intercept.AuthorizationFilter.doFilterInternal(AuthorizationFilter.java:58)
?[0m?[0;34m	at org.springframework.web.filter.OncePerRequestFilter.doFilter(OncePerRequestFilter.java:119)
?[0m?[0;34m	at org.springframework.security.web.FilterChainProxy$VirtualFilterChain.doFilter(FilterChainProxy.java:336)
?[0m?[0;34m	at org.springframework.security.web.access.ExceptionTranslationFilter.doFilter(ExceptionTranslationFilter.java:121)
?[0m?[0;34m	at org.springframework.security.web.access.ExceptionTranslationFilter.doFilter(ExceptionTranslationFilter.java:115)
?[0m?[0;34m	at org.springframework.security.web.FilterChainProxy$VirtualFilterChain.doFilter(FilterChainProxy.java:336)
?[0m?[0;34m	at org.springframework.security.web.session.SessionManagementFilter.doFilter(SessionManagementFilter.java:126)
?[0m?[0;34m	at org.springframework.security.web.session.SessionManagementFilter.doFilter(SessionManagementFilter.java:81)
?[0m?[0;34m	at org.springframework.security.web.FilterChainProxy$VirtualFilterChain.doFilter(FilterChainProxy.java:336)
?[0m?[0;34m	at org.springframework.security.web.authentication.AnonymousAuthenticationFilter.doFilter(AnonymousAuthenticationFilter.java:105)
?[0m?[0;34m	at org.springframework.security.web.FilterChainProxy$VirtualFilterChain.doFilter(FilterChainProxy.java:336)
?[0m?[0;34m	at org.springframework.security.web.servletapi.SecurityContextHolderAwareRequestFilter.doFilter(SecurityContextHolderAwareRequestFilter.java:149)
?[0m?[0;34m	at org.springframework.security.web.FilterChainProxy$VirtualFilterChain.doFilter(FilterChainProxy.java:336)
?[0m?[0;34m	at org.springframework.security.web.savedrequest.RequestCacheAwareFilter.doFilter(RequestCacheAwareFilter.java:63)
?[0m?[0;34m	at org.springframework.security.web.FilterChainProxy$VirtualFilterChain.doFilter(FilterChainProxy.java:336)
?[0m?[0;34m	at org.springframework.security.web.authentication.www.BasicAuthenticationFilter.doFilterInternal(BasicAuthenticationFilter.java:178)
?[0m?[0;34m	at org.springframework.web.filter.OncePerRequestFilter.doFilter(OncePerRequestFilter.java:119)
?[0m?[0;34m	at org.springframework.security.web.FilterChainProxy$VirtualFilterChain.doFilter(FilterChainProxy.java:336)
?[0m?[0;34m	at org.springframework.security.web.authentication.logout.LogoutFilter.doFilter(LogoutFilter.java:103)
?[0m?[0;34m	at org.springframework.security.web.authentication.logout.LogoutFilter.doFilter(LogoutFilter.java:89)
?[0m?[0;34m	at org.springframework.security.web.FilterChainProxy$VirtualFilterChain.doFilter(FilterChainProxy.java:336)
?[0m?[0;34m	at org.springframework.security.web.header.HeaderWriterFilter.doHeadersAfter(HeaderWriterFilter.java:90)
?[0m?[0;34m	at org.springframework.security.web.header.HeaderWriterFilter.doFilterInternal(HeaderWriterFilter.java:75)
?[0m?[0;34m	at org.springframework.web.filter.OncePerRequestFilter.doFilter(OncePerRequestFilter.java:119)
?[0m?[0;34m	at org.springframework.security.web.FilterChainProxy$VirtualFilterChain.doFilter(FilterChainProxy.java:336)
?[0m?[0;34m	at org.springframework.security.web.context.SecurityContextPersistenceFilter.doFilter(SecurityContextPersistenceFilter.java:110)
?[0m?[0;34m	at org.springframework.security.web.context.SecurityContextPersistenceFilter.doFilter(SecurityContextPersistenceFilter.java:80)
?[0m?[0;34m	at org.springframework.security.web.FilterChainProxy$VirtualFilterChain.doFilter(FilterChainProxy.java:336)
?[0m?[0;34m	at org.springframework.security.web.context.request.async.WebAsyncManagerIntegrationFilter.doFilterInternal(WebAsyncManagerIntegrationFilter.java:55)
?[0m?[0;34m	at org.springframework.web.filter.OncePerRequestFilter.doFilter(OncePerRequestFilter.java:119)
?[0m?[0;34m	at org.springframework.security.web.FilterChainProxy$VirtualFilterChain.doFilter(FilterChainProxy.java:336)
?[0m?[0;34m	at org.springframework.security.web.FilterChainProxy.doFilterInternal(FilterChainProxy.java:211)
?[0m?[0;34m	at org.springframework.security.web.FilterChainProxy.doFilter(FilterChainProxy.java:183)
?[0m?[0;34m	at org.springframework.web.filter.DelegatingFilterProxy.invokeDelegate(DelegatingFilterProxy.java:358)
?[0m?[0;34m	at org.springframework.web.filter.DelegatingFilterProxy.doFilter(DelegatingFilterProxy.java:271)
?[0m?[0;34m	at jdk.internal.reflect.GeneratedMethodAccessor54.invoke(Unknown Source)
?[0m?[0;34m	at java.base/jdk.internal.reflect.DelegatingMethodAccessorImpl.invoke(DelegatingMethodAccessorImpl.java:43)
?[0m?[0;34m	at java.base/java.lang.reflect.Method.invoke(Method.java:568)
?[0m?[0;34m	at org.apache.catalina.security.SecurityUtil.lambda$execute$0(SecurityUtil.java:280)
?[0m?[0;34m	at java.base/java.security.AccessController.doPrivileged(AccessController.java:712)
?[0m?[0;34m	at java.base/javax.security.auth.Subject.doAsPrivileged(Subject.java:584)
?[0m?[0;34m	at org.apache.catalina.security.SecurityUtil.execute(SecurityUtil.java:311)
?[0m?[0;34m	at org.apache.catalina.security.SecurityUtil.doAsPrivilege(SecurityUtil.java:253)
?[0m?[0;34m	at org.apache.catalina.core.ApplicationFilterChain.internalDoFilter(ApplicationFilterChain.java:187)
?[0m?[0;34m	at org.apache.catalina.core.ApplicationFilterChain.lambda$doFilter$0(ApplicationFilterChain.java:145)
?[0m?[0;34m	at java.base/java.security.AccessController.doPrivileged(AccessController.java:569)
?[0m?[0;34m	at org.apache.catalina.core.ApplicationFilterChain.doFilter(ApplicationFilterChain.java:143)
?[0m?[0;34m	at org.springframework.web.filter.RequestContextFilter.doFilterInternal(RequestContextFilter.java:100)
?[0m?[0;34m	at org.springframework.web.filter.OncePerRequestFilter.doFilter(OncePerRequestFilter.java:119)
?[0m?[0;34m	at jdk.internal.reflect.GeneratedMethodAccessor54.invoke(Unknown Source)
?[0m?[0;34m	at java.base/jdk.internal.reflect.DelegatingMethodAccessorImpl.invoke(DelegatingMethodAccessorImpl.java:43)
?[0m?[0;34m	at java.base/java.lang.reflect.Method.invoke(Method.java:568)
?[0m?[0;34m	at org.apache.catalina.security.SecurityUtil.lambda$execute$0(SecurityUtil.java:280)
?[0m?[0;34m	at java.base/java.security.AccessController.doPrivileged(AccessController.java:712)
?[0m?[0;34m	at java.base/javax.security.auth.Subject.doAsPrivileged(Subject.java:584)
?[0m?[0;34m	at org.apache.catalina.security.SecurityUtil.execute(SecurityUtil.java:311)
?[0m?[0;34m	at org.apache.catalina.security.SecurityUtil.doAsPrivilege(SecurityUtil.java:253)
?[0m?[0;34m	at org.apache.catalina.core.ApplicationFilterChain.internalDoFilter(ApplicationFilterChain.java:187)
?[0m?[0;34m	at org.apache.catalina.core.ApplicationFilterChain.lambda$doFilter$0(ApplicationFilterChain.java:145)
?[0m?[0;34m	at java.base/java.security.AccessController.doPrivileged(AccessController.java:569)
?[0m?[0;34m	at org.apache.catalina.core.ApplicationFilterChain.doFilter(ApplicationFilterChain.java:143)
?[0m?[0;34m	at org.springframework.web.filter.FormContentFilter.doFilterInternal(FormContentFilter.java:93)
?[0m?[0;34m	at org.springframework.web.filter.OncePerRequestFilter.doFilter(OncePerRequestFilter.java:119)
?[0m?[0;34m	at jdk.internal.reflect.GeneratedMethodAccessor54.invoke(Unknown Source)
?[0m?[0;34m	at java.base/jdk.internal.reflect.DelegatingMethodAccessorImpl.invoke(DelegatingMethodAccessorImpl.java:43)
?[0m?[0;34m	at java.base/java.lang.reflect.Method.invoke(Method.java:568)
?[0m?[0;34m	at org.apache.catalina.security.SecurityUtil.lambda$execute$0(SecurityUtil.java:280)
?[0m?[0;34m	at java.base/java.security.AccessController.doPrivileged(AccessController.java:712)
?[0m?[0;34m	at java.base/javax.security.auth.Subject.doAsPrivileged(Subject.java:584)
?[0m?[0;34m	at org.apache.catalina.security.SecurityUtil.execute(SecurityUtil.java:311)
?[0m?[0;34m	at org.apache.catalina.security.SecurityUtil.doAsPrivilege(SecurityUtil.java:253)
?[0m?[0;34m	at org.apache.catalina.core.ApplicationFilterChain.internalDoFilter(ApplicationFilterChain.java:187)
?[0m?[0;34m	at org.apache.catalina.core.ApplicationFilterChain.lambda$doFilter$0(ApplicationFilterChain.java:145)
?[0m?[0;34m	at java.base/java.security.AccessController.doPrivileged(AccessController.java:569)
?[0m?[0;34m	at org.apache.catalina.core.ApplicationFilterChain.doFilter(ApplicationFilterChain.java:143)
?[0m?[0;34m	at org.springframework.boot.actuate.metrics.web.servlet.WebMvcMetricsFilter.doFilterInternal(WebMvcMetricsFilter.java:96)
?[0m?[0;34m	at org.springframework.web.filter.OncePerRequestFilter.doFilter(OncePerRequestFilter.java:119)
?[0m?[0;34m	at jdk.internal.reflect.GeneratedMethodAccessor54.invoke(Unknown Source)
?[0m?[0;34m	at java.base/jdk.internal.reflect.DelegatingMethodAccessorImpl.invoke(DelegatingMethodAccessorImpl.java:43)
?[0m?[0;34m	at java.base/java.lang.reflect.Method.invoke(Method.java:568)
?[0m?[0;34m	at org.apache.catalina.security.SecurityUtil.lambda$execute$0(SecurityUtil.java:280)
?[0m?[0;34m	at java.base/java.security.AccessController.doPrivileged(AccessController.java:712)
?[0m?[0;34m	at java.base/javax.security.auth.Subject.doAsPrivileged(Subject.java:584)
?[0m?[0;34m	at org.apache.catalina.security.SecurityUtil.execute(SecurityUtil.java:311)
?[0m?[0;34m	at org.apache.catalina.security.SecurityUtil.doAsPrivilege(SecurityUtil.java:253)
?[0m?[0;34m	at org.apache.catalina.core.ApplicationFilterChain.internalDoFilter(ApplicationFilterChain.java:187)
?[0m?[0;34m	at org.apache.catalina.core.ApplicationFilterChain.lambda$doFilter$0(ApplicationFilterChain.java:145)
?[0m?[0;34m	at java.base/java.security.AccessController.doPrivileged(AccessController.java:569)
?[0m?[0;34m	at org.apache.catalina.core.ApplicationFilterChain.doFilter(ApplicationFilterChain.java:143)
?[0m?[0;34m	at org.springframework.web.filter.CharacterEncodingFilter.doFilterInternal(CharacterEncodingFilter.java:201)
?[0m?[0;34m	at org.springframework.web.filter.OncePerRequestFilter.doFilter(OncePerRequestFilter.java:119)
?[0m?[0;34m	at jdk.internal.reflect.GeneratedMethodAccessor54.invoke(Unknown Source)
?[0m?[0;34m	at java.base/jdk.internal.reflect.DelegatingMethodAccessorImpl.invoke(DelegatingMethodAccessorImpl.java:43)
?[0m?[0;34m	at java.base/java.lang.reflect.Method.invoke(Method.java:568)
?[0m?[0;34m	at org.apache.catalina.security.SecurityUtil.lambda$execute$0(SecurityUtil.java:280)
?[0m?[0;34m	at java.base/java.security.AccessController.doPrivileged(AccessController.java:712)
?[0m?[0;34m	at java.base/javax.security.auth.Subject.doAsPrivileged(Subject.java:584)
?[0m?[0;34m	at org.apache.catalina.security.SecurityUtil.execute(SecurityUtil.java:311)
?[0m?[0;34m	at org.apache.catalina.security.SecurityUtil.doAsPrivilege(SecurityUtil.java:253)
?[0m?[0;34m	at org.apache.catalina.core.ApplicationFilterChain.internalDoFilter(ApplicationFilterChain.java:187)
?[0m?[0;34m	at org.apache.catalina.core.ApplicationFilterChain.lambda$doFilter$0(ApplicationFilterChain.java:145)
?[0m?[0;34m	at java.base/java.security.AccessController.doPrivileged(AccessController.java:569)
?[0m?[0;34m	at org.apache.catalina.core.ApplicationFilterChain.doFilter(ApplicationFilterChain.java:143)
?[0m?[0;34m	at org.apache.catalina.core.StandardWrapperValve.invoke(StandardWrapperValve.java:197)
?[0m?[0;34m	at org.apache.catalina.core.StandardContextValve.invoke(StandardContextValve.java:97)
?[0m?[0;34m	at org.apache.catalina.authenticator.AuthenticatorBase.invoke(AuthenticatorBase.java:540)
?[0m?[0;34m	at org.apache.catalina.core.StandardHostValve.invoke(StandardHostValve.java:135)
?[0m?[0;34m	at org.apache.catalina.valves.ErrorReportValve.invoke(ErrorReportValve.java:92)
?[0m?[0;34m	at org.apache.catalina.core.StandardEngineValve.invoke(StandardEngineValve.java:78)
?[0m?[0;34m	at org.apache.catalina.connector.CoyoteAdapter.service(CoyoteAdapter.java:357)
?[0m?[0;34m	at org.apache.coyote.http11.Http11Processor.service(Http11Processor.java:382)
?[0m?[0;34m	at org.apache.coyote.AbstractProcessorLight.process(AbstractProcessorLight.java:65)
?[0m?[0;34m	at org.apache.coyote.AbstractProtocol$ConnectionHandler.process(AbstractProtocol.java:895)
?[0m?[0;34m	at org.apache.tomcat.util.net.NioEndpoint$SocketProcessor.doRun(NioEndpoint.java:1722)
?[0m?[0;34m	at org.apache.tomcat.util.net.SocketProcessorBase.run(SocketProcessorBase.java:49)
?[0m?[0;34m	at org.apache.tomcat.util.threads.ThreadPoolExecutor.runWorker(ThreadPoolExecutor.java:1191)
?[0m?[0;34m	at org.apache.tomcat.util.threads.ThreadPoolExecutor$Worker.run(ThreadPoolExecutor.java:659)
?[0m?[0;34m	at org.apache.tomcat.util.threads.TaskThread$WrappingRunnable.run(TaskThread.java:61)
?[0m?[0;34m	at java.base/java.lang.Thread.run(Thread.java:842)
?[0m?[0;34m12:59 DEBUG o.s.s.w.c.HttpSessionSecurityContextRepository - Stored SecurityContextImpl [Authentication=UsernamePasswordAuthenticationToken [Principal=engine.UserDetailsImp@2afdefc9, Credentials=[PROTECTED], Authenticated=true, Details=WebAuthenticationDetails [RemoteIpAddress=127.0.0.1, SessionId=null], Granted Authorities=[]]] to HttpSession [org.apache.catalina.session.StandardSessionFacade@4a4666cf]
?[0m?[0;34m12:59 DEBUG o.s.s.w.c.HttpSessionSecurityContextRepository - Stored SecurityContextImpl [Authentication=UsernamePasswordAuthenticationToken [Principal=engine.UserDetailsImp@2afdefc9, Credentials=[PROTECTED], Authenticated=true, Details=WebAuthenticationDetails [RemoteIpAddress=127.0.0.1, SessionId=null], Granted Authorities=[]]] to HttpSession [org.apache.catalina.session.StandardSessionFacade@4a4666cf]
?[0m?[0;34m12:59 DEBUG o.s.s.w.c.SecurityContextPersistenceFilter - Cleared SecurityContextHolder to complete request
?[0m?[0;34m12:59 DEBUG o.s.security.web.FilterChainProxy - Securing GET /error
?[0m?[0;34m12:59 DEBUG o.s.s.w.c.HttpSessionSecurityContextRepository - Retrieved SecurityContextImpl [Authentication=UsernamePasswordAuthenticationToken [Principal=engine.UserDetailsImp@2afdefc9, Credentials=[PROTECTED], Authenticated=true, Details=WebAuthenticationDetails [RemoteIpAddress=127.0.0.1, SessionId=null], Granted Authorities=[]]]
?[0m?[0;34m12:59 DEBUG o.s.s.w.c.SecurityContextPersistenceFilter - Set SecurityContextHolder to SecurityContextImpl [Authentication=UsernamePasswordAuthenticationToken [Principal=engine.UserDetailsImp@2afdefc9, Credentials=[PROTECTED], Authenticated=true, Details=WebAuthenticationDetails [RemoteIpAddress=127.0.0.1, SessionId=null], Granted Authorities=[]]]
?[0m?[0;34m12:59 DEBUG o.s.security.web.FilterChainProxy - Secured GET /error
?[0m?[0;34m12:59 DEBUG o.s.s.w.c.SecurityContextPersistenceFilter - Cleared SecurityContextHolder to complete request
?[1;31m
Start test 165?[0m
?[0m?[0;34m12:59 DEBUG o.s.security.web.FilterChainProxy - Securing GET /api/quizzes/1
?[0m?[0;34m12:59 DEBUG o.s.s.w.c.SecurityContextPersistenceFilter - Set SecurityContextHolder to empty SecurityContext
?[0m?[0;34m
?[0m?[0;34mTHE loadUserByUsername is called with the argument: user@google.com
?[0m?[0;34m
?[0m?[0;34m12:59 DEBUG o.s.s.a.d.DaoAuthenticationProvider - Authenticated user
?[0m?[0;34m12:59 DEBUG o.s.s.w.a.w.BasicAuthenticationFilter - Set SecurityContextHolder to UsernamePasswordAuthenticationToken [Principal=engine.UserDetailsImp@59c7be21, Credentials=[PROTECTED], Authenticated=true, Details=WebAuthenticationDetails [RemoteIpAddress=127.0.0.1, SessionId=null], Granted Authorities=[]]
?[0m?[0;34m12:59 DEBUG o.s.s.w.c.HttpSessionSecurityContextRepository - Created HttpSession as SecurityContext is non-default
?[0m?[0;34m12:59 DEBUG o.s.s.w.c.HttpSessionSecurityContextRepository - Stored SecurityContextImpl [Authentication=UsernamePasswordAuthenticationToken [Principal=engine.UserDetailsImp@59c7be21, Credentials=[PROTECTED], Authenticated=true, Details=WebAuthenticationDetails [RemoteIpAddress=127.0.0.1, SessionId=null], Granted Authorities=[]]] to HttpSession [org.apache.catalina.session.StandardSessionFacade@674c3902]
?[0m?[0;34m12:59 DEBUG o.s.security.web.FilterChainProxy - Secured GET /api/quizzes/1
?[0m?[0;34m12:59 WARN  o.s.w.s.m.m.a.ExceptionHandlerExceptionResolver - Failure in @ExceptionHandler engine.Exceptionist#handleBadRequestExceptions(RuntimeException, WebRequest)
?[0m?[0;34morg.springframework.web.HttpMediaTypeNotAcceptableException: Could not find acceptable representation
?[0m?[0;34m	at org.springframework.web.servlet.mvc.method.annotation.AbstractMessageConverterMethodProcessor.writeWithMessageConverters(AbstractMessageConverterMethodProcessor.java:315)
?[0m?[0;34m	at org.springframework.web.servlet.mvc.method.annotation.HttpEntityMethodProcessor.handleReturnValue(HttpEntityMethodProcessor.java:219)
?[0m?[0;34m	at org.springframework.web.method.support.HandlerMethodReturnValueHandlerComposite.handleReturnValue(HandlerMethodReturnValueHandlerComposite.java:78)
?[0m?[0;34m	at org.springframework.web.servlet.mvc.method.annotation.ServletInvocableHandlerMethod.invokeAndHandle(ServletInvocableHandlerMethod.java:135)
?[0m?[0;34m	at org.springframework.web.servlet.mvc.method.annotation.ExceptionHandlerExceptionResolver.doResolveHandlerMethodException(ExceptionHandlerExceptionResolver.java:428)
?[0m?[0;34m	at org.springframework.web.servlet.handler.AbstractHandlerMethodExceptionResolver.doResolveException(AbstractHandlerMethodExceptionResolver.java:75)
?[0m?[0;34m	at org.springframework.web.servlet.handler.AbstractHandlerExceptionResolver.resolveException(AbstractHandlerExceptionResolver.java:142)
?[0m?[0;34m	at org.springframework.web.servlet.handler.HandlerExceptionResolverComposite.resolveException(HandlerExceptionResolverComposite.java:80)
?[0m?[0;34m	at org.springframework.web.servlet.DispatcherServlet.processHandlerException(DispatcherServlet.java:1327)
?[0m?[0;34m	at org.springframework.web.servlet.DispatcherServlet.processDispatchResult(DispatcherServlet.java:1138)
?[0m?[0;34m	at org.springframework.web.servlet.DispatcherServlet.doDispatch(DispatcherServlet.java:1084)
?[0m?[0;34m	at org.springframework.web.servlet.DispatcherServlet.doService(DispatcherServlet.java:963)
?[0m?[0;34m	at org.springframework.web.servlet.FrameworkServlet.processRequest(FrameworkServlet.java:1006)
?[0m?[0;34m	at org.springframework.web.servlet.FrameworkServlet.doGet(FrameworkServlet.java:898)
?[0m?[0;34m	at javax.servlet.http.HttpServlet.service(HttpServlet.java:655)
?[0m?[0;34m	at org.springframework.web.servlet.FrameworkServlet.service(FrameworkServlet.java:883)
?[0m?[0;34m	at javax.servlet.http.HttpServlet.service(HttpServlet.java:764)
?[0m?[0;34m	at jdk.internal.reflect.GeneratedMethodAccessor64.invoke(Unknown Source)
?[0m?[0;34m	at java.base/jdk.internal.reflect.DelegatingMethodAccessorImpl.invoke(DelegatingMethodAccessorImpl.java:43)
?[0m?[0;34m	at java.base/java.lang.reflect.Method.invoke(Method.java:568)
?[0m?[0;34m	at org.apache.catalina.security.SecurityUtil.lambda$execute$0(SecurityUtil.java:280)
?[0m?[0;34m	at java.base/java.security.AccessController.doPrivileged(AccessController.java:712)
?[0m?[0;34m	at java.base/javax.security.auth.Subject.doAsPrivileged(Subject.java:584)
?[0m?[0;34m	at org.apache.catalina.security.SecurityUtil.execute(SecurityUtil.java:311)
?[0m?[0;34m	at org.apache.catalina.security.SecurityUtil.doAsPrivilege(SecurityUtil.java:170)
?[0m?[0;34m	at org.apache.catalina.core.ApplicationFilterChain.internalDoFilter(ApplicationFilterChain.java:221)
?[0m?[0;34m	at org.apache.catalina.core.ApplicationFilterChain.lambda$doFilter$0(ApplicationFilterChain.java:145)
?[0m?[0;34m	at java.base/java.security.AccessController.doPrivileged(AccessController.java:569)
?[0m?[0;34m	at org.apache.catalina.core.ApplicationFilterChain.doFilter(ApplicationFilterChain.java:143)
?[0m?[0;34m	at org.apache.tomcat.websocket.server.WsFilter.doFilter(WsFilter.java:53)
?[0m?[0;34m	at jdk.internal.reflect.GeneratedMethodAccessor54.invoke(Unknown Source)
?[0m?[0;34m	at java.base/jdk.internal.reflect.DelegatingMethodAccessorImpl.invoke(DelegatingMethodAccessorImpl.java:43)
?[0m?[0;34m	at java.base/java.lang.reflect.Method.invoke(Method.java:568)
?[0m?[0;34m	at org.apache.catalina.security.SecurityUtil.lambda$execute$0(SecurityUtil.java:280)
?[0m?[0;34m	at java.base/java.security.AccessController.doPrivileged(AccessController.java:712)
?[0m?[0;34m	at java.base/javax.security.auth.Subject.doAsPrivileged(Subject.java:584)
?[0m?[0;34m	at org.apache.catalina.security.SecurityUtil.execute(SecurityUtil.java:311)
?[0m?[0;34m	at org.apache.catalina.security.SecurityUtil.doAsPrivilege(SecurityUtil.java:253)
?[0m?[0;34m	at org.apache.catalina.core.ApplicationFilterChain.internalDoFilter(ApplicationFilterChain.java:187)
?[0m?[0;34m	at org.apache.catalina.core.ApplicationFilterChain.lambda$doFilter$0(ApplicationFilterChain.java:145)
?[0m?[0;34m	at java.base/java.security.AccessController.doPrivileged(AccessController.java:569)
?[0m?[0;34m	at org.apache.catalina.core.ApplicationFilterChain.doFilter(ApplicationFilterChain.java:143)
?[0m?[0;34m	at org.springframework.security.web.FilterChainProxy$VirtualFilterChain.doFilter(FilterChainProxy.java:327)
?[0m?[0;34m	at org.springframework.security.web.access.intercept.AuthorizationFilter.doFilterInternal(AuthorizationFilter.java:58)
?[0m?[0;34m	at org.springframework.web.filter.OncePerRequestFilter.doFilter(OncePerRequestFilter.java:119)
?[0m?[0;34m	at org.springframework.security.web.FilterChainProxy$VirtualFilterChain.doFilter(FilterChainProxy.java:336)
?[0m?[0;34m	at org.springframework.security.web.access.ExceptionTranslationFilter.doFilter(ExceptionTranslationFilter.java:121)
?[0m?[0;34m	at org.springframework.security.web.access.ExceptionTranslationFilter.doFilter(ExceptionTranslationFilter.java:115)
?[0m?[0;34m	at org.springframework.security.web.FilterChainProxy$VirtualFilterChain.doFilter(FilterChainProxy.java:336)
?[0m?[0;34m	at org.springframework.security.web.session.SessionManagementFilter.doFilter(SessionManagementFilter.java:126)
?[0m?[0;34m	at org.springframework.security.web.session.SessionManagementFilter.doFilter(SessionManagementFilter.java:81)
?[0m?[0;34m	at org.springframework.security.web.FilterChainProxy$VirtualFilterChain.doFilter(FilterChainProxy.java:336)
?[0m?[0;34m	at org.springframework.security.web.authentication.AnonymousAuthenticationFilter.doFilter(AnonymousAuthenticationFilter.java:105)
?[0m?[0;34m	at org.springframework.security.web.FilterChainProxy$VirtualFilterChain.doFilter(FilterChainProxy.java:336)
?[0m?[0;34m	at org.springframework.security.web.servletapi.SecurityContextHolderAwareRequestFilter.doFilter(SecurityContextHolderAwareRequestFilter.java:149)
?[0m?[0;34m	at org.springframework.security.web.FilterChainProxy$VirtualFilterChain.doFilter(FilterChainProxy.java:336)
?[0m?[0;34m	at org.springframework.security.web.savedrequest.RequestCacheAwareFilter.doFilter(RequestCacheAwareFilter.java:63)
?[0m?[0;34m	at org.springframework.security.web.FilterChainProxy$VirtualFilterChain.doFilter(FilterChainProxy.java:336)
?[0m?[0;34m	at org.springframework.security.web.authentication.www.BasicAuthenticationFilter.doFilterInternal(BasicAuthenticationFilter.java:178)
?[0m?[0;34m	at org.springframework.web.filter.OncePerRequestFilter.doFilter(OncePerRequestFilter.java:119)
?[0m?[0;34m	at org.springframework.security.web.FilterChainProxy$VirtualFilterChain.doFilter(FilterChainProxy.java:336)
?[0m?[0;34m	at org.springframework.security.web.authentication.logout.LogoutFilter.doFilter(LogoutFilter.java:103)
?[0m?[0;34m	at org.springframework.security.web.authentication.logout.LogoutFilter.doFilter(LogoutFilter.java:89)
?[0m?[0;34m	at org.springframework.security.web.FilterChainProxy$VirtualFilterChain.doFilter(FilterChainProxy.java:336)
?[0m?[0;34m	at org.springframework.security.web.header.HeaderWriterFilter.doHeadersAfter(HeaderWriterFilter.java:90)
?[0m?[0;34m	at org.springframework.security.web.header.HeaderWriterFilter.doFilterInternal(HeaderWriterFilter.java:75)
?[0m?[0;34m	at org.springframework.web.filter.OncePerRequestFilter.doFilter(OncePerRequestFilter.java:119)
?[0m?[0;34m	at org.springframework.security.web.FilterChainProxy$VirtualFilterChain.doFilter(FilterChainProxy.java:336)
?[0m?[0;34m	at org.springframework.security.web.context.SecurityContextPersistenceFilter.doFilter(SecurityContextPersistenceFilter.java:110)
?[0m?[0;34m	at org.springframework.security.web.context.SecurityContextPersistenceFilter.doFilter(SecurityContextPersistenceFilter.java:80)
?[0m?[0;34m	at org.springframework.security.web.FilterChainProxy$VirtualFilterChain.doFilter(FilterChainProxy.java:336)
?[0m?[0;34m	at org.springframework.security.web.context.request.async.WebAsyncManagerIntegrationFilter.doFilterInternal(WebAsyncManagerIntegrationFilter.java:55)
?[0m?[0;34m	at org.springframework.web.filter.OncePerRequestFilter.doFilter(OncePerRequestFilter.java:119)
?[0m?[0;34m	at org.springframework.security.web.FilterChainProxy$VirtualFilterChain.doFilter(FilterChainProxy.java:336)
?[0m?[0;34m	at org.springframework.security.web.FilterChainProxy.doFilterInternal(FilterChainProxy.java:211)
?[0m?[0;34m	at org.springframework.security.web.FilterChainProxy.doFilter(FilterChainProxy.java:183)
?[0m?[0;34m	at org.springframework.web.filter.DelegatingFilterProxy.invokeDelegate(DelegatingFilterProxy.java:358)
?[0m?[0;34m	at org.springframework.web.filter.DelegatingFilterProxy.doFilter(DelegatingFilterProxy.java:271)
?[0m?[0;34m	at jdk.internal.reflect.GeneratedMethodAccessor54.invoke(Unknown Source)
?[0m?[0;34m	at java.base/jdk.internal.reflect.DelegatingMethodAccessorImpl.invoke(DelegatingMethodAccessorImpl.java:43)
?[0m?[0;34m	at java.base/java.lang.reflect.Method.invoke(Method.java:568)
?[0m?[0;34m	at org.apache.catalina.security.SecurityUtil.lambda$execute$0(SecurityUtil.java:280)
?[0m?[0;34m	at java.base/java.security.AccessController.doPrivileged(AccessController.java:712)
?[0m?[0;34m	at java.base/javax.security.auth.Subject.doAsPrivileged(Subject.java:584)
?[0m?[0;34m	at org.apache.catalina.security.SecurityUtil.execute(SecurityUtil.java:311)
?[0m?[0;34m	at org.apache.catalina.security.SecurityUtil.doAsPrivilege(SecurityUtil.java:253)
?[0m?[0;34m	at org.apache.catalina.core.ApplicationFilterChain.internalDoFilter(ApplicationFilterChain.java:187)
?[0m?[0;34m	at org.apache.catalina.core.ApplicationFilterChain.lambda$doFilter$0(ApplicationFilterChain.java:145)
?[0m?[0;34m	at java.base/java.security.AccessController.doPrivileged(AccessController.java:569)
?[0m?[0;34m	at org.apache.catalina.core.ApplicationFilterChain.doFilter(ApplicationFilterChain.java:143)
?[0m?[0;34m	at org.springframework.web.filter.RequestContextFilter.doFilterInternal(RequestContextFilter.java:100)
?[0m?[0;34m	at org.springframework.web.filter.OncePerRequestFilter.doFilter(OncePerRequestFilter.java:119)
?[0m?[0;34m	at jdk.internal.reflect.GeneratedMethodAccessor54.invoke(Unknown Source)
?[0m?[0;34m	at java.base/jdk.internal.reflect.DelegatingMethodAccessorImpl.invoke(DelegatingMethodAccessorImpl.java:43)
?[0m?[0;34m	at java.base/java.lang.reflect.Method.invoke(Method.java:568)
?[0m?[0;34m	at org.apache.catalina.security.SecurityUtil.lambda$execute$0(SecurityUtil.java:280)
?[0m?[0;34m	at java.base/java.security.AccessController.doPrivileged(AccessController.java:712)
?[0m?[0;34m	at java.base/javax.security.auth.Subject.doAsPrivileged(Subject.java:584)
?[0m?[0;34m	at org.apache.catalina.security.SecurityUtil.execute(SecurityUtil.java:311)
?[0m?[0;34m	at org.apache.catalina.security.SecurityUtil.doAsPrivilege(SecurityUtil.java:253)
?[0m?[0;34m	at org.apache.catalina.core.ApplicationFilterChain.internalDoFilter(ApplicationFilterChain.java:187)
?[0m?[0;34m	at org.apache.catalina.core.ApplicationFilterChain.lambda$doFilter$0(ApplicationFilterChain.java:145)
?[0m?[0;34m	at java.base/java.security.AccessController.doPrivileged(AccessController.java:569)
?[0m?[0;34m	at org.apache.catalina.core.ApplicationFilterChain.doFilter(ApplicationFilterChain.java:143)
?[0m?[0;34m	at org.springframework.web.filter.FormContentFilter.doFilterInternal(FormContentFilter.java:93)
?[0m?[0;34m	at org.springframework.web.filter.OncePerRequestFilter.doFilter(OncePerRequestFilter.java:119)
?[0m?[0;34m	at jdk.internal.reflect.GeneratedMethodAccessor54.invoke(Unknown Source)
?[0m?[0;34m	at java.base/jdk.internal.reflect.DelegatingMethodAccessorImpl.invoke(DelegatingMethodAccessorImpl.java:43)
?[0m?[0;34m	at java.base/java.lang.reflect.Method.invoke(Method.java:568)
?[0m?[0;34m	at org.apache.catalina.security.SecurityUtil.lambda$execute$0(SecurityUtil.java:280)
?[0m?[0;34m	at java.base/java.security.AccessController.doPrivileged(AccessController.java:712)
?[0m?[0;34m	at java.base/javax.security.auth.Subject.doAsPrivileged(Subject.java:584)
?[0m?[0;34m	at org.apache.catalina.security.SecurityUtil.execute(SecurityUtil.java:311)
?[0m?[0;34m	at org.apache.catalina.security.SecurityUtil.doAsPrivilege(SecurityUtil.java:253)
?[0m?[0;34m	at org.apache.catalina.core.ApplicationFilterChain.internalDoFilter(ApplicationFilterChain.java:187)
?[0m?[0;34m	at org.apache.catalina.core.ApplicationFilterChain.lambda$doFilter$0(ApplicationFilterChain.java:145)
?[0m?[0;34m	at java.base/java.security.AccessController.doPrivileged(AccessController.java:569)
?[0m?[0;34m	at org.apache.catalina.core.ApplicationFilterChain.doFilter(ApplicationFilterChain.java:143)
?[0m?[0;34m	at org.springframework.boot.actuate.metrics.web.servlet.WebMvcMetricsFilter.doFilterInternal(WebMvcMetricsFilter.java:96)
?[0m?[0;34m	at org.springframework.web.filter.OncePerRequestFilter.doFilter(OncePerRequestFilter.java:119)
?[0m?[0;34m	at jdk.internal.reflect.GeneratedMethodAccessor54.invoke(Unknown Source)
?[0m?[0;34m	at java.base/jdk.internal.reflect.DelegatingMethodAccessorImpl.invoke(DelegatingMethodAccessorImpl.java:43)
?[0m?[0;34m	at java.base/java.lang.reflect.Method.invoke(Method.java:568)
?[0m?[0;34m	at org.apache.catalina.security.SecurityUtil.lambda$execute$0(SecurityUtil.java:280)
?[0m?[0;34m	at java.base/java.security.AccessController.doPrivileged(AccessController.java:712)
?[0m?[0;34m	at java.base/javax.security.auth.Subject.doAsPrivileged(Subject.java:584)
?[0m?[0;34m	at org.apache.catalina.security.SecurityUtil.execute(SecurityUtil.java:311)
?[0m?[0;34m	at org.apache.catalina.security.SecurityUtil.doAsPrivilege(SecurityUtil.java:253)
?[0m?[0;34m	at org.apache.catalina.core.ApplicationFilterChain.internalDoFilter(ApplicationFilterChain.java:187)
?[0m?[0;34m	at org.apache.catalina.core.ApplicationFilterChain.lambda$doFilter$0(ApplicationFilterChain.java:145)
?[0m?[0;34m	at java.base/java.security.AccessController.doPrivileged(AccessController.java:569)
?[0m?[0;34m	at org.apache.catalina.core.ApplicationFilterChain.doFilter(ApplicationFilterChain.java:143)
?[0m?[0;34m	at org.springframework.web.filter.CharacterEncodingFilter.doFilterInternal(CharacterEncodingFilter.java:201)
?[0m?[0;34m	at org.springframework.web.filter.OncePerRequestFilter.doFilter(OncePerRequestFilter.java:119)
?[0m?[0;34m	at jdk.internal.reflect.GeneratedMethodAccessor54.invoke(Unknown Source)
?[0m?[0;34m	at java.base/jdk.internal.reflect.DelegatingMethodAccessorImpl.invoke(DelegatingMethodAccessorImpl.java:43)
?[0m?[0;34m	at java.base/java.lang.reflect.Method.invoke(Method.java:568)
?[0m?[0;34m	at org.apache.catalina.security.SecurityUtil.lambda$execute$0(SecurityUtil.java:280)
?[0m?[0;34m	at java.base/java.security.AccessController.doPrivileged(AccessController.java:712)
?[0m?[0;34m	at java.base/javax.security.auth.Subject.doAsPrivileged(Subject.java:584)
?[0m?[0;34m	at org.apache.catalina.security.SecurityUtil.execute(SecurityUtil.java:311)
?[0m?[0;34m	at org.apache.catalina.security.SecurityUtil.doAsPrivilege(SecurityUtil.java:253)
?[0m?[0;34m	at org.apache.catalina.core.ApplicationFilterChain.internalDoFilter(ApplicationFilterChain.java:187)
?[0m?[0;34m	at org.apache.catalina.core.ApplicationFilterChain.lambda$doFilter$0(ApplicationFilterChain.java:145)
?[0m?[0;34m	at java.base/java.security.AccessController.doPrivileged(AccessController.java:569)
?[0m?[0;34m	at org.apache.catalina.core.ApplicationFilterChain.doFilter(ApplicationFilterChain.java:143)
?[0m?[0;34m	at org.apache.catalina.core.StandardWrapperValve.invoke(StandardWrapperValve.java:197)
?[0m?[0;34m	at org.apache.catalina.core.StandardContextValve.invoke(StandardContextValve.java:97)
?[0m?[0;34m	at org.apache.catalina.authenticator.AuthenticatorBase.invoke(AuthenticatorBase.java:540)
?[0m?[0;34m	at org.apache.catalina.core.StandardHostValve.invoke(StandardHostValve.java:135)
?[0m?[0;34m	at org.apache.catalina.valves.ErrorReportValve.invoke(ErrorReportValve.java:92)
?[0m?[0;34m	at org.apache.catalina.core.StandardEngineValve.invoke(StandardEngineValve.java:78)
?[0m?[0;34m	at org.apache.catalina.connector.CoyoteAdapter.service(CoyoteAdapter.java:357)
?[0m?[0;34m	at org.apache.coyote.http11.Http11Processor.service(Http11Processor.java:382)
?[0m?[0;34m	at org.apache.coyote.AbstractProcessorLight.process(AbstractProcessorLight.java:65)
?[0m?[0;34m	at org.apache.coyote.AbstractProtocol$ConnectionHandler.process(AbstractProtocol.java:895)
?[0m?[0;34m	at org.apache.tomcat.util.net.NioEndpoint$SocketProcessor.doRun(NioEndpoint.java:1722)
?[0m?[0;34m	at org.apache.tomcat.util.net.SocketProcessorBase.run(SocketProcessorBase.java:49)
?[0m?[0;34m	at org.apache.tomcat.util.threads.ThreadPoolExecutor.runWorker(ThreadPoolExecutor.java:1191)
?[0m?[0;34m	at org.apache.tomcat.util.threads.ThreadPoolExecutor$Worker.run(ThreadPoolExecutor.java:659)
?[0m?[0;34m	at org.apache.tomcat.util.threads.TaskThread$WrappingRunnable.run(TaskThread.java:61)
?[0m?[0;34m	at java.base/java.lang.Thread.run(Thread.java:842)
?[0m?[0;34m12:59 DEBUG o.s.s.w.c.HttpSessionSecurityContextRepository - Stored SecurityContextImpl [Authentication=UsernamePasswordAuthenticationToken [Principal=engine.UserDetailsImp@59c7be21, Credentials=[PROTECTED], Authenticated=true, Details=WebAuthenticationDetails [RemoteIpAddress=127.0.0.1, SessionId=null], Granted Authorities=[]]] to HttpSession [org.apache.catalina.session.StandardSessionFacade@674c3902]
?[0m?[0;34m12:59 DEBUG o.s.s.w.c.HttpSessionSecurityContextRepository - Stored SecurityContextImpl [Authentication=UsernamePasswordAuthenticationToken [Principal=engine.UserDetailsImp@59c7be21, Credentials=[PROTECTED], Authenticated=true, Details=WebAuthenticationDetails [RemoteIpAddress=127.0.0.1, SessionId=null], Granted Authorities=[]]] to HttpSession [org.apache.catalina.session.StandardSessionFacade@674c3902]
?[0m?[0;34m12:59 DEBUG o.s.s.w.c.SecurityContextPersistenceFilter - Cleared SecurityContextHolder to complete request
?[0m?[0;34m12:59 DEBUG o.s.security.web.FilterChainProxy - Securing GET /error
?[0m?[0;34m12:59 DEBUG o.s.s.w.c.HttpSessionSecurityContextRepository - Retrieved SecurityContextImpl [Authentication=UsernamePasswordAuthenticationToken [Principal=engine.UserDetailsImp@59c7be21, Credentials=[PROTECTED], Authenticated=true, Details=WebAuthenticationDetails [RemoteIpAddress=127.0.0.1, SessionId=null], Granted Authorities=[]]]
?[0m?[0;34m12:59 DEBUG o.s.s.w.c.SecurityContextPersistenceFilter - Set SecurityContextHolder to SecurityContextImpl [Authentication=UsernamePasswordAuthenticationToken [Principal=engine.UserDetailsImp@59c7be21, Credentials=[PROTECTED], Authenticated=true, Details=WebAuthenticationDetails [RemoteIpAddress=127.0.0.1, SessionId=null], Granted Authorities=[]]]
?[0m?[0;34m12:59 DEBUG o.s.security.web.FilterChainProxy - Secured GET /error
?[0m?[0;34m12:59 DEBUG o.s.s.w.c.SecurityContextPersistenceFilter - Cleared SecurityContextHolder to complete request
?[1;31m
Start test 166?[0m
?[0m?[0;34m12:59 DEBUG o.s.security.web.FilterChainProxy - Securing GET /api/quizzes/2
?[0m?[0;34m12:59 DEBUG o.s.s.w.c.SecurityContextPersistenceFilter - Set SecurityContextHolder to empty SecurityContext
?[0m?[0;34m
?[0m?[0;34mTHE loadUserByUsername is called with the argument: test@google.com
?[0m?[0;34m
?[0m?[0;34m12:59 DEBUG o.s.s.a.d.DaoAuthenticationProvider - Authenticated user
?[0m?[0;34m12:59 DEBUG o.s.s.w.a.w.BasicAuthenticationFilter - Set SecurityContextHolder to UsernamePasswordAuthenticationToken [Principal=engine.UserDetailsImp@2061fecf, Credentials=[PROTECTED], Authenticated=true, Details=WebAuthenticationDetails [RemoteIpAddress=127.0.0.1, SessionId=null], Granted Authorities=[]]
?[0m?[0;34m12:59 DEBUG o.s.s.w.c.HttpSessionSecurityContextRepository - Created HttpSession as SecurityContext is non-default
?[0m?[0;34m12:59 DEBUG o.s.s.w.c.HttpSessionSecurityContextRepository - Stored SecurityContextImpl [Authentication=UsernamePasswordAuthenticationToken [Principal=engine.UserDetailsImp@2061fecf, Credentials=[PROTECTED], Authenticated=true, Details=WebAuthenticationDetails [RemoteIpAddress=127.0.0.1, SessionId=null], Granted Authorities=[]]] to HttpSession [org.apache.catalina.session.StandardSessionFacade@3306efa7]
?[0m?[0;34m12:59 DEBUG o.s.security.web.FilterChainProxy - Secured GET /api/quizzes/2
?[0m?[0;34m12:59 WARN  o.s.w.s.m.m.a.ExceptionHandlerExceptionResolver - Failure in @ExceptionHandler engine.Exceptionist#handleBadRequestExceptions(RuntimeException, WebRequest)
?[0m?[0;34morg.springframework.web.HttpMediaTypeNotAcceptableException: Could not find acceptable representation
?[0m?[0;34m	at org.springframework.web.servlet.mvc.method.annotation.AbstractMessageConverterMethodProcessor.writeWithMessageConverters(AbstractMessageConverterMethodProcessor.java:315)
?[0m?[0;34m	at org.springframework.web.servlet.mvc.method.annotation.HttpEntityMethodProcessor.handleReturnValue(HttpEntityMethodProcessor.java:219)
?[0m?[0;34m	at org.springframework.web.method.support.HandlerMethodReturnValueHandlerComposite.handleReturnValue(HandlerMethodReturnValueHandlerComposite.java:78)
?[0m?[0;34m	at org.springframework.web.servlet.mvc.method.annotation.ServletInvocableHandlerMethod.invokeAndHandle(ServletInvocableHandlerMethod.java:135)
?[0m?[0;34m	at org.springframework.web.servlet.mvc.method.annotation.ExceptionHandlerExceptionResolver.doResolveHandlerMethodException(ExceptionHandlerExceptionResolver.java:428)
?[0m?[0;34m	at org.springframework.web.servlet.handler.AbstractHandlerMethodExceptionResolver.doResolveException(AbstractHandlerMethodExceptionResolver.java:75)
?[0m?[0;34m	at org.springframework.web.servlet.handler.AbstractHandlerExceptionResolver.resolveException(AbstractHandlerExceptionResolver.java:142)
?[0m?[0;34m	at org.springframework.web.servlet.handler.HandlerExceptionResolverComposite.resolveException(HandlerExceptionResolverComposite.java:80)
?[0m?[0;34m	at org.springframework.web.servlet.DispatcherServlet.processHandlerException(DispatcherServlet.java:1327)
?[0m?[0;34m	at org.springframework.web.servlet.DispatcherServlet.processDispatchResult(DispatcherServlet.java:1138)
?[0m?[0;34m	at org.springframework.web.servlet.DispatcherServlet.doDispatch(DispatcherServlet.java:1084)
?[0m?[0;34m	at org.springframework.web.servlet.DispatcherServlet.doService(DispatcherServlet.java:963)
?[0m?[0;34m	at org.springframework.web.servlet.FrameworkServlet.processRequest(FrameworkServlet.java:1006)
?[0m?[0;34m	at org.springframework.web.servlet.FrameworkServlet.doGet(FrameworkServlet.java:898)
?[0m?[0;34m	at javax.servlet.http.HttpServlet.service(HttpServlet.java:655)
?[0m?[0;34m	at org.springframework.web.servlet.FrameworkServlet.service(FrameworkServlet.java:883)
?[0m?[0;34m	at javax.servlet.http.HttpServlet.service(HttpServlet.java:764)
?[0m?[0;34m	at jdk.internal.reflect.GeneratedMethodAccessor64.invoke(Unknown Source)
?[0m?[0;34m	at java.base/jdk.internal.reflect.DelegatingMethodAccessorImpl.invoke(DelegatingMethodAccessorImpl.java:43)
?[0m?[0;34m	at java.base/java.lang.reflect.Method.invoke(Method.java:568)
?[0m?[0;34m	at org.apache.catalina.security.SecurityUtil.lambda$execute$0(SecurityUtil.java:280)
?[0m?[0;34m	at java.base/java.security.AccessController.doPrivileged(AccessController.java:712)
?[0m?[0;34m	at java.base/javax.security.auth.Subject.doAsPrivileged(Subject.java:584)
?[0m?[0;34m	at org.apache.catalina.security.SecurityUtil.execute(SecurityUtil.java:311)
?[0m?[0;34m	at org.apache.catalina.security.SecurityUtil.doAsPrivilege(SecurityUtil.java:170)
?[0m?[0;34m	at org.apache.catalina.core.ApplicationFilterChain.internalDoFilter(ApplicationFilterChain.java:221)
?[0m?[0;34m	at org.apache.catalina.core.ApplicationFilterChain.lambda$doFilter$0(ApplicationFilterChain.java:145)
?[0m?[0;34m	at java.base/java.security.AccessController.doPrivileged(AccessController.java:569)
?[0m?[0;34m	at org.apache.catalina.core.ApplicationFilterChain.doFilter(ApplicationFilterChain.java:143)
?[0m?[0;34m	at org.apache.tomcat.websocket.server.WsFilter.doFilter(WsFilter.java:53)
?[0m?[0;34m	at jdk.internal.reflect.GeneratedMethodAccessor54.invoke(Unknown Source)
?[0m?[0;34m	at java.base/jdk.internal.reflect.DelegatingMethodAccessorImpl.invoke(DelegatingMethodAccessorImpl.java:43)
?[0m?[0;34m	at java.base/java.lang.reflect.Method.invoke(Method.java:568)
?[0m?[0;34m	at org.apache.catalina.security.SecurityUtil.lambda$execute$0(SecurityUtil.java:280)
?[0m?[0;34m	at java.base/java.security.AccessController.doPrivileged(AccessController.java:712)
?[0m?[0;34m	at java.base/javax.security.auth.Subject.doAsPrivileged(Subject.java:584)
?[0m?[0;34m	at org.apache.catalina.security.SecurityUtil.execute(SecurityUtil.java:311)
?[0m?[0;34m	at org.apache.catalina.security.SecurityUtil.doAsPrivilege(SecurityUtil.java:253)
?[0m?[0;34m	at org.apache.catalina.core.ApplicationFilterChain.internalDoFilter(ApplicationFilterChain.java:187)
?[0m?[0;34m	at org.apache.catalina.core.ApplicationFilterChain.lambda$doFilter$0(ApplicationFilterChain.java:145)
?[0m?[0;34m	at java.base/java.security.AccessController.doPrivileged(AccessController.java:569)
?[0m?[0;34m	at org.apache.catalina.core.ApplicationFilterChain.doFilter(ApplicationFilterChain.java:143)
?[0m?[0;34m	at org.springframework.security.web.FilterChainProxy$VirtualFilterChain.doFilter(FilterChainProxy.java:327)
?[0m?[0;34m	at org.springframework.security.web.access.intercept.AuthorizationFilter.doFilterInternal(AuthorizationFilter.java:58)
?[0m?[0;34m	at org.springframework.web.filter.OncePerRequestFilter.doFilter(OncePerRequestFilter.java:119)
?[0m?[0;34m	at org.springframework.security.web.FilterChainProxy$VirtualFilterChain.doFilter(FilterChainProxy.java:336)
?[0m?[0;34m	at org.springframework.security.web.access.ExceptionTranslationFilter.doFilter(ExceptionTranslationFilter.java:121)
?[0m?[0;34m	at org.springframework.security.web.access.ExceptionTranslationFilter.doFilter(ExceptionTranslationFilter.java:115)
?[0m?[0;34m	at org.springframework.security.web.FilterChainProxy$VirtualFilterChain.doFilter(FilterChainProxy.java:336)
?[0m?[0;34m	at org.springframework.security.web.session.SessionManagementFilter.doFilter(SessionManagementFilter.java:126)
?[0m?[0;34m	at org.springframework.security.web.session.SessionManagementFilter.doFilter(SessionManagementFilter.java:81)
?[0m?[0;34m	at org.springframework.security.web.FilterChainProxy$VirtualFilterChain.doFilter(FilterChainProxy.java:336)
?[0m?[0;34m	at org.springframework.security.web.authentication.AnonymousAuthenticationFilter.doFilter(AnonymousAuthenticationFilter.java:105)
?[0m?[0;34m	at org.springframework.security.web.FilterChainProxy$VirtualFilterChain.doFilter(FilterChainProxy.java:336)
?[0m?[0;34m	at org.springframework.security.web.servletapi.SecurityContextHolderAwareRequestFilter.doFilter(SecurityContextHolderAwareRequestFilter.java:149)
?[0m?[0;34m	at org.springframework.security.web.FilterChainProxy$VirtualFilterChain.doFilter(FilterChainProxy.java:336)
?[0m?[0;34m	at org.springframework.security.web.savedrequest.RequestCacheAwareFilter.doFilter(RequestCacheAwareFilter.java:63)
?[0m?[0;34m	at org.springframework.security.web.FilterChainProxy$VirtualFilterChain.doFilter(FilterChainProxy.java:336)
?[0m?[0;34m	at org.springframework.security.web.authentication.www.BasicAuthenticationFilter.doFilterInternal(BasicAuthenticationFilter.java:178)
?[0m?[0;34m	at org.springframework.web.filter.OncePerRequestFilter.doFilter(OncePerRequestFilter.java:119)
?[0m?[0;34m	at org.springframework.security.web.FilterChainProxy$VirtualFilterChain.doFilter(FilterChainProxy.java:336)
?[0m?[0;34m	at org.springframework.security.web.authentication.logout.LogoutFilter.doFilter(LogoutFilter.java:103)
?[0m?[0;34m	at org.springframework.security.web.authentication.logout.LogoutFilter.doFilter(LogoutFilter.java:89)
?[0m?[0;34m	at org.springframework.security.web.FilterChainProxy$VirtualFilterChain.doFilter(FilterChainProxy.java:336)
?[0m?[0;34m	at org.springframework.security.web.header.HeaderWriterFilter.doHeadersAfter(HeaderWriterFilter.java:90)
?[0m?[0;34m	at org.springframework.security.web.header.HeaderWriterFilter.doFilterInternal(HeaderWriterFilter.java:75)
?[0m?[0;34m	at org.springframework.web.filter.OncePerRequestFilter.doFilter(OncePerRequestFilter.java:119)
?[0m?[0;34m	at org.springframework.security.web.FilterChainProxy$VirtualFilterChain.doFilter(FilterChainProxy.java:336)
?[0m?[0;34m	at org.springframework.security.web.context.SecurityContextPersistenceFilter.doFilter(SecurityContextPersistenceFilter.java:110)
?[0m?[0;34m	at org.springframework.security.web.context.SecurityContextPersistenceFilter.doFilter(SecurityContextPersistenceFilter.java:80)
?[0m?[0;34m	at org.springframework.security.web.FilterChainProxy$VirtualFilterChain.doFilter(FilterChainProxy.java:336)
?[0m?[0;34m	at org.springframework.security.web.context.request.async.WebAsyncManagerIntegrationFilter.doFilterInternal(WebAsyncManagerIntegrationFilter.java:55)
?[0m?[0;34m	at org.springframework.web.filter.OncePerRequestFilter.doFilter(OncePerRequestFilter.java:119)
?[0m?[0;34m	at org.springframework.security.web.FilterChainProxy$VirtualFilterChain.doFilter(FilterChainProxy.java:336)
?[0m?[0;34m	at org.springframework.security.web.FilterChainProxy.doFilterInternal(FilterChainProxy.java:211)
?[0m?[0;34m	at org.springframework.security.web.FilterChainProxy.doFilter(FilterChainProxy.java:183)
?[0m?[0;34m	at org.springframework.web.filter.DelegatingFilterProxy.invokeDelegate(DelegatingFilterProxy.java:358)
?[0m?[0;34m	at org.springframework.web.filter.DelegatingFilterProxy.doFilter(DelegatingFilterProxy.java:271)
?[0m?[0;34m	at jdk.internal.reflect.GeneratedMethodAccessor54.invoke(Unknown Source)
?[0m?[0;34m	at java.base/jdk.internal.reflect.DelegatingMethodAccessorImpl.invoke(DelegatingMethodAccessorImpl.java:43)
?[0m?[0;34m	at java.base/java.lang.reflect.Method.invoke(Method.java:568)
?[0m?[0;34m	at org.apache.catalina.security.SecurityUtil.lambda$execute$0(SecurityUtil.java:280)
?[0m?[0;34m	at java.base/java.security.AccessController.doPrivileged(AccessController.java:712)
?[0m?[0;34m	at java.base/javax.security.auth.Subject.doAsPrivileged(Subject.java:584)
?[0m?[0;34m	at org.apache.catalina.security.SecurityUtil.execute(SecurityUtil.java:311)
?[0m?[0;34m	at org.apache.catalina.security.SecurityUtil.doAsPrivilege(SecurityUtil.java:253)
?[0m?[0;34m	at org.apache.catalina.core.ApplicationFilterChain.internalDoFilter(ApplicationFilterChain.java:187)
?[0m?[0;34m	at org.apache.catalina.core.ApplicationFilterChain.lambda$doFilter$0(ApplicationFilterChain.java:145)
?[0m?[0;34m	at java.base/java.security.AccessController.doPrivileged(AccessController.java:569)
?[0m?[0;34m	at org.apache.catalina.core.ApplicationFilterChain.doFilter(ApplicationFilterChain.java:143)
?[0m?[0;34m	at org.springframework.web.filter.RequestContextFilter.doFilterInternal(RequestContextFilter.java:100)
?[0m?[0;34m	at org.springframework.web.filter.OncePerRequestFilter.doFilter(OncePerRequestFilter.java:119)
?[0m?[0;34m	at jdk.internal.reflect.GeneratedMethodAccessor54.invoke(Unknown Source)
?[0m?[0;34m	at java.base/jdk.internal.reflect.DelegatingMethodAccessorImpl.invoke(DelegatingMethodAccessorImpl.java:43)
?[0m?[0;34m	at java.base/java.lang.reflect.Method.invoke(Method.java:568)
?[0m?[0;34m	at org.apache.catalina.security.SecurityUtil.lambda$execute$0(SecurityUtil.java:280)
?[0m?[0;34m	at java.base/java.security.AccessController.doPrivileged(AccessController.java:712)
?[0m?[0;34m	at java.base/javax.security.auth.Subject.doAsPrivileged(Subject.java:584)
?[0m?[0;34m	at org.apache.catalina.security.SecurityUtil.execute(SecurityUtil.java:311)
?[0m?[0;34m	at org.apache.catalina.security.SecurityUtil.doAsPrivilege(SecurityUtil.java:253)
?[0m?[0;34m	at org.apache.catalina.core.ApplicationFilterChain.internalDoFilter(ApplicationFilterChain.java:187)
?[0m?[0;34m	at org.apache.catalina.core.ApplicationFilterChain.lambda$doFilter$0(ApplicationFilterChain.java:145)
?[0m?[0;34m	at java.base/java.security.AccessController.doPrivileged(AccessController.java:569)
?[0m?[0;34m	at org.apache.catalina.core.ApplicationFilterChain.doFilter(ApplicationFilterChain.java:143)
?[0m?[0;34m	at org.springframework.web.filter.FormContentFilter.doFilterInternal(FormContentFilter.java:93)
?[0m?[0;34m	at org.springframework.web.filter.OncePerRequestFilter.doFilter(OncePerRequestFilter.java:119)
?[0m?[0;34m	at jdk.internal.reflect.GeneratedMethodAccessor54.invoke(Unknown Source)
?[0m?[0;34m	at java.base/jdk.internal.reflect.DelegatingMethodAccessorImpl.invoke(DelegatingMethodAccessorImpl.java:43)
?[0m?[0;34m	at java.base/java.lang.reflect.Method.invoke(Method.java:568)
?[0m?[0;34m	at org.apache.catalina.security.SecurityUtil.lambda$execute$0(SecurityUtil.java:280)
?[0m?[0;34m	at java.base/java.security.AccessController.doPrivileged(AccessController.java:712)
?[0m?[0;34m	at java.base/javax.security.auth.Subject.doAsPrivileged(Subject.java:584)
?[0m?[0;34m	at org.apache.catalina.security.SecurityUtil.execute(SecurityUtil.java:311)
?[0m?[0;34m	at org.apache.catalina.security.SecurityUtil.doAsPrivilege(SecurityUtil.java:253)
?[0m?[0;34m	at org.apache.catalina.core.ApplicationFilterChain.internalDoFilter(ApplicationFilterChain.java:187)
?[0m?[0;34m	at org.apache.catalina.core.ApplicationFilterChain.lambda$doFilter$0(ApplicationFilterChain.java:145)
?[0m?[0;34m	at java.base/java.security.AccessController.doPrivileged(AccessController.java:569)
?[0m?[0;34m	at org.apache.catalina.core.ApplicationFilterChain.doFilter(ApplicationFilterChain.java:143)
?[0m?[0;34m	at org.springframework.boot.actuate.metrics.web.servlet.WebMvcMetricsFilter.doFilterInternal(WebMvcMetricsFilter.java:96)
?[0m?[0;34m	at org.springframework.web.filter.OncePerRequestFilter.doFilter(OncePerRequestFilter.java:119)
?[0m?[0;34m	at jdk.internal.reflect.GeneratedMethodAccessor54.invoke(Unknown Source)
?[0m?[0;34m	at java.base/jdk.internal.reflect.DelegatingMethodAccessorImpl.invoke(DelegatingMethodAccessorImpl.java:43)
?[0m?[0;34m	at java.base/java.lang.reflect.Method.invoke(Method.java:568)
?[0m?[0;34m	at org.apache.catalina.security.SecurityUtil.lambda$execute$0(SecurityUtil.java:280)
?[0m?[0;34m	at java.base/java.security.AccessController.doPrivileged(AccessController.java:712)
?[0m?[0;34m	at java.base/javax.security.auth.Subject.doAsPrivileged(Subject.java:584)
?[0m?[0;34m	at org.apache.catalina.security.SecurityUtil.execute(SecurityUtil.java:311)
?[0m?[0;34m	at org.apache.catalina.security.SecurityUtil.doAsPrivilege(SecurityUtil.java:253)
?[0m?[0;34m	at org.apache.catalina.core.ApplicationFilterChain.internalDoFilter(ApplicationFilterChain.java:187)
?[0m?[0;34m	at org.apache.catalina.core.ApplicationFilterChain.lambda$doFilter$0(ApplicationFilterChain.java:145)
?[0m?[0;34m	at java.base/java.security.AccessController.doPrivileged(AccessController.java:569)
?[0m?[0;34m	at org.apache.catalina.core.ApplicationFilterChain.doFilter(ApplicationFilterChain.java:143)
?[0m?[0;34m	at org.springframework.web.filter.CharacterEncodingFilter.doFilterInternal(CharacterEncodingFilter.java:201)
?[0m?[0;34m	at org.springframework.web.filter.OncePerRequestFilter.doFilter(OncePerRequestFilter.java:119)
?[0m?[0;34m	at jdk.internal.reflect.GeneratedMethodAccessor54.invoke(Unknown Source)
?[0m?[0;34m	at java.base/jdk.internal.reflect.DelegatingMethodAccessorImpl.invoke(DelegatingMethodAccessorImpl.java:43)
?[0m?[0;34m	at java.base/java.lang.reflect.Method.invoke(Method.java:568)
?[0m?[0;34m	at org.apache.catalina.security.SecurityUtil.lambda$execute$0(SecurityUtil.java:280)
?[0m?[0;34m	at java.base/java.security.AccessController.doPrivileged(AccessController.java:712)
?[0m?[0;34m	at java.base/javax.security.auth.Subject.doAsPrivileged(Subject.java:584)
?[0m?[0;34m	at org.apache.catalina.security.SecurityUtil.execute(SecurityUtil.java:311)
?[0m?[0;34m	at org.apache.catalina.security.SecurityUtil.doAsPrivilege(SecurityUtil.java:253)
?[0m?[0;34m	at org.apache.catalina.core.ApplicationFilterChain.internalDoFilter(ApplicationFilterChain.java:187)
?[0m?[0;34m	at org.apache.catalina.core.ApplicationFilterChain.lambda$doFilter$0(ApplicationFilterChain.java:145)
?[0m?[0;34m	at java.base/java.security.AccessController.doPrivileged(AccessController.java:569)
?[0m?[0;34m	at org.apache.catalina.core.ApplicationFilterChain.doFilter(ApplicationFilterChain.java:143)
?[0m?[0;34m	at org.apache.catalina.core.StandardWrapperValve.invoke(StandardWrapperValve.java:197)
?[0m?[0;34m	at org.apache.catalina.core.StandardContextValve.invoke(StandardContextValve.java:97)
?[0m?[0;34m	at org.apache.catalina.authenticator.AuthenticatorBase.invoke(AuthenticatorBase.java:540)
?[0m?[0;34m	at org.apache.catalina.core.StandardHostValve.invoke(StandardHostValve.java:135)
?[0m?[0;34m	at org.apache.catalina.valves.ErrorReportValve.invoke(ErrorReportValve.java:92)
?[0m?[0;34m	at org.apache.catalina.core.StandardEngineValve.invoke(StandardEngineValve.java:78)
?[0m?[0;34m	at org.apache.catalina.connector.CoyoteAdapter.service(CoyoteAdapter.java:357)
?[0m?[0;34m	at org.apache.coyote.http11.Http11Processor.service(Http11Processor.java:382)
?[0m?[0;34m	at org.apache.coyote.AbstractProcessorLight.process(AbstractProcessorLight.java:65)
?[0m?[0;34m	at org.apache.coyote.AbstractProtocol$ConnectionHandler.process(AbstractProtocol.java:895)
?[0m?[0;34m	at org.apache.tomcat.util.net.NioEndpoint$SocketProcessor.doRun(NioEndpoint.java:1722)
?[0m?[0;34m	at org.apache.tomcat.util.net.SocketProcessorBase.run(SocketProcessorBase.java:49)
?[0m?[0;34m	at org.apache.tomcat.util.threads.ThreadPoolExecutor.runWorker(ThreadPoolExecutor.java:1191)
?[0m?[0;34m	at org.apache.tomcat.util.threads.ThreadPoolExecutor$Worker.run(ThreadPoolExecutor.java:659)
?[0m?[0;34m	at org.apache.tomcat.util.threads.TaskThread$WrappingRunnable.run(TaskThread.java:61)
?[0m?[0;34m	at java.base/java.lang.Thread.run(Thread.java:842)
?[0m?[0;34m12:59 DEBUG o.s.s.w.c.HttpSessionSecurityContextRepository - Stored SecurityContextImpl [Authentication=UsernamePasswordAuthenticationToken [Principal=engine.UserDetailsImp@2061fecf, Credentials=[PROTECTED], Authenticated=true, Details=WebAuthenticationDetails [RemoteIpAddress=127.0.0.1, SessionId=null], Granted Authorities=[]]] to HttpSession [org.apache.catalina.session.StandardSessionFacade@3306efa7]
?[0m?[0;34m12:59 DEBUG o.s.s.w.c.HttpSessionSecurityContextRepository - Stored SecurityContextImpl [Authentication=UsernamePasswordAuthenticationToken [Principal=engine.UserDetailsImp@2061fecf, Credentials=[PROTECTED], Authenticated=true, Details=WebAuthenticationDetails [RemoteIpAddress=127.0.0.1, SessionId=null], Granted Authorities=[]]] to HttpSession [org.apache.catalina.session.StandardSessionFacade@3306efa7]
?[0m?[0;34m12:59 DEBUG o.s.s.w.c.SecurityContextPersistenceFilter - Cleared SecurityContextHolder to complete request
?[0m?[0;34m12:59 DEBUG o.s.security.web.FilterChainProxy - Securing GET /error
?[0m?[0;34m12:59 DEBUG o.s.s.w.c.HttpSessionSecurityContextRepository - Retrieved SecurityContextImpl [Authentication=UsernamePasswordAuthenticationToken [Principal=engine.UserDetailsImp@2061fecf, Credentials=[PROTECTED], Authenticated=true, Details=WebAuthenticationDetails [RemoteIpAddress=127.0.0.1, SessionId=null], Granted Authorities=[]]]
?[0m?[0;34m12:59 DEBUG o.s.s.w.c.SecurityContextPersistenceFilter - Set SecurityContextHolder to SecurityContextImpl [Authentication=UsernamePasswordAuthenticationToken [Principal=engine.UserDetailsImp@2061fecf, Credentials=[PROTECTED], Authenticated=true, Details=WebAuthenticationDetails [RemoteIpAddress=127.0.0.1, SessionId=null], Granted Authorities=[]]]
?[0m?[0;34m12:59 DEBUG o.s.security.web.FilterChainProxy - Secured GET /error
?[0m?[0;34m12:59 DEBUG o.s.s.w.c.SecurityContextPersistenceFilter - Cleared SecurityContextHolder to complete request
?[1;31m
Start test 167?[0m
?[0m?[0;34m12:59 DEBUG o.s.security.web.FilterChainProxy - Securing GET /api/quizzes/2
?[0m?[0;34m12:59 DEBUG o.s.s.w.c.SecurityContextPersistenceFilter - Set SecurityContextHolder to empty SecurityContext
?[0m?[0;34m
?[0m?[0;34mTHE loadUserByUsername is called with the argument: user@google.com
?[0m?[0;34m
?[0m?[0;34m12:59 DEBUG o.s.s.a.d.DaoAuthenticationProvider - Authenticated user
?[0m?[0;34m12:59 DEBUG o.s.s.w.a.w.BasicAuthenticationFilter - Set SecurityContextHolder to UsernamePasswordAuthenticationToken [Principal=engine.UserDetailsImp@4525f553, Credentials=[PROTECTED], Authenticated=true, Details=WebAuthenticationDetails [RemoteIpAddress=127.0.0.1, SessionId=null], Granted Authorities=[]]
?[0m?[0;34m12:59 DEBUG o.s.s.w.c.HttpSessionSecurityContextRepository - Created HttpSession as SecurityContext is non-default
?[0m?[0;34m12:59 DEBUG o.s.s.w.c.HttpSessionSecurityContextRepository - Stored SecurityContextImpl [Authentication=UsernamePasswordAuthenticationToken [Principal=engine.UserDetailsImp@4525f553, Credentials=[PROTECTED], Authenticated=true, Details=WebAuthenticationDetails [RemoteIpAddress=127.0.0.1, SessionId=null], Granted Authorities=[]]] to HttpSession [org.apache.catalina.session.StandardSessionFacade@6bbd1986]
?[0m?[0;34m12:59 DEBUG o.s.security.web.FilterChainProxy - Secured GET /api/quizzes/2
?[0m?[0;34m12:59 WARN  o.s.w.s.m.m.a.ExceptionHandlerExceptionResolver - Failure in @ExceptionHandler engine.Exceptionist#handleBadRequestExceptions(RuntimeException, WebRequest)
?[0m?[0;34morg.springframework.web.HttpMediaTypeNotAcceptableException: Could not find acceptable representation
?[0m?[0;34m	at org.springframework.web.servlet.mvc.method.annotation.AbstractMessageConverterMethodProcessor.writeWithMessageConverters(AbstractMessageConverterMethodProcessor.java:315)
?[0m?[0;34m	at org.springframework.web.servlet.mvc.method.annotation.HttpEntityMethodProcessor.handleReturnValue(HttpEntityMethodProcessor.java:219)
?[0m?[0;34m	at org.springframework.web.method.support.HandlerMethodReturnValueHandlerComposite.handleReturnValue(HandlerMethodReturnValueHandlerComposite.java:78)
?[0m?[0;34m	at org.springframework.web.servlet.mvc.method.annotation.ServletInvocableHandlerMethod.invokeAndHandle(ServletInvocableHandlerMethod.java:135)
?[0m?[0;34m	at org.springframework.web.servlet.mvc.method.annotation.ExceptionHandlerExceptionResolver.doResolveHandlerMethodException(ExceptionHandlerExceptionResolver.java:428)
?[0m?[0;34m	at org.springframework.web.servlet.handler.AbstractHandlerMethodExceptionResolver.doResolveException(AbstractHandlerMethodExceptionResolver.java:75)
?[0m?[0;34m	at org.springframework.web.servlet.handler.AbstractHandlerExceptionResolver.resolveException(AbstractHandlerExceptionResolver.java:142)
?[0m?[0;34m	at org.springframework.web.servlet.handler.HandlerExceptionResolverComposite.resolveException(HandlerExceptionResolverComposite.java:80)
?[0m?[0;34m	at org.springframework.web.servlet.DispatcherServlet.processHandlerException(DispatcherServlet.java:1327)
?[0m?[0;34m	at org.springframework.web.servlet.DispatcherServlet.processDispatchResult(DispatcherServlet.java:1138)
?[0m?[0;34m	at org.springframework.web.servlet.DispatcherServlet.doDispatch(DispatcherServlet.java:1084)
?[0m?[0;34m	at org.springframework.web.servlet.DispatcherServlet.doService(DispatcherServlet.java:963)
?[0m?[0;34m	at org.springframework.web.servlet.FrameworkServlet.processRequest(FrameworkServlet.java:1006)
?[0m?[0;34m	at org.springframework.web.servlet.FrameworkServlet.doGet(FrameworkServlet.java:898)
?[0m?[0;34m	at javax.servlet.http.HttpServlet.service(HttpServlet.java:655)
?[0m?[0;34m	at org.springframework.web.servlet.FrameworkServlet.service(FrameworkServlet.java:883)
?[0m?[0;34m	at javax.servlet.http.HttpServlet.service(HttpServlet.java:764)
?[0m?[0;34m	at jdk.internal.reflect.GeneratedMethodAccessor64.invoke(Unknown Source)
?[0m?[0;34m	at java.base/jdk.internal.reflect.DelegatingMethodAccessorImpl.invoke(DelegatingMethodAccessorImpl.java:43)
?[0m?[0;34m	at java.base/java.lang.reflect.Method.invoke(Method.java:568)
?[0m?[0;34m	at org.apache.catalina.security.SecurityUtil.lambda$execute$0(SecurityUtil.java:280)
?[0m?[0;34m	at java.base/java.security.AccessController.doPrivileged(AccessController.java:712)
?[0m?[0;34m	at java.base/javax.security.auth.Subject.doAsPrivileged(Subject.java:584)
?[0m?[0;34m	at org.apache.catalina.security.SecurityUtil.execute(SecurityUtil.java:311)
?[0m?[0;34m	at org.apache.catalina.security.SecurityUtil.doAsPrivilege(SecurityUtil.java:170)
?[0m?[0;34m	at org.apache.catalina.core.ApplicationFilterChain.internalDoFilter(ApplicationFilterChain.java:221)
?[0m?[0;34m	at org.apache.catalina.core.ApplicationFilterChain.lambda$doFilter$0(ApplicationFilterChain.java:145)
?[0m?[0;34m	at java.base/java.security.AccessController.doPrivileged(AccessController.java:569)
?[0m?[0;34m	at org.apache.catalina.core.ApplicationFilterChain.doFilter(ApplicationFilterChain.java:143)
?[0m?[0;34m	at org.apache.tomcat.websocket.server.WsFilter.doFilter(WsFilter.java:53)
?[0m?[0;34m	at jdk.internal.reflect.GeneratedMethodAccessor54.invoke(Unknown Source)
?[0m?[0;34m	at java.base/jdk.internal.reflect.DelegatingMethodAccessorImpl.invoke(DelegatingMethodAccessorImpl.java:43)
?[0m?[0;34m	at java.base/java.lang.reflect.Method.invoke(Method.java:568)
?[0m?[0;34m	at org.apache.catalina.security.SecurityUtil.lambda$execute$0(SecurityUtil.java:280)
?[0m?[0;34m	at java.base/java.security.AccessController.doPrivileged(AccessController.java:712)
?[0m?[0;34m	at java.base/javax.security.auth.Subject.doAsPrivileged(Subject.java:584)
?[0m?[0;34m	at org.apache.catalina.security.SecurityUtil.execute(SecurityUtil.java:311)
?[0m?[0;34m	at org.apache.catalina.security.SecurityUtil.doAsPrivilege(SecurityUtil.java:253)
?[0m?[0;34m	at org.apache.catalina.core.ApplicationFilterChain.internalDoFilter(ApplicationFilterChain.java:187)
?[0m?[0;34m	at org.apache.catalina.core.ApplicationFilterChain.lambda$doFilter$0(ApplicationFilterChain.java:145)
?[0m?[0;34m	at java.base/java.security.AccessController.doPrivileged(AccessController.java:569)
?[0m?[0;34m	at org.apache.catalina.core.ApplicationFilterChain.doFilter(ApplicationFilterChain.java:143)
?[0m?[0;34m	at org.springframework.security.web.FilterChainProxy$VirtualFilterChain.doFilter(FilterChainProxy.java:327)
?[0m?[0;34m	at org.springframework.security.web.access.intercept.AuthorizationFilter.doFilterInternal(AuthorizationFilter.java:58)
?[0m?[0;34m	at org.springframework.web.filter.OncePerRequestFilter.doFilter(OncePerRequestFilter.java:119)
?[0m?[0;34m	at org.springframework.security.web.FilterChainProxy$VirtualFilterChain.doFilter(FilterChainProxy.java:336)
?[0m?[0;34m	at org.springframework.security.web.access.ExceptionTranslationFilter.doFilter(ExceptionTranslationFilter.java:121)
?[0m?[0;34m	at org.springframework.security.web.access.ExceptionTranslationFilter.doFilter(ExceptionTranslationFilter.java:115)
?[0m?[0;34m	at org.springframework.security.web.FilterChainProxy$VirtualFilterChain.doFilter(FilterChainProxy.java:336)
?[0m?[0;34m	at org.springframework.security.web.session.SessionManagementFilter.doFilter(SessionManagementFilter.java:126)
?[0m?[0;34m	at org.springframework.security.web.session.SessionManagementFilter.doFilter(SessionManagementFilter.java:81)
?[0m?[0;34m	at org.springframework.security.web.FilterChainProxy$VirtualFilterChain.doFilter(FilterChainProxy.java:336)
?[0m?[0;34m	at org.springframework.security.web.authentication.AnonymousAuthenticationFilter.doFilter(AnonymousAuthenticationFilter.java:105)
?[0m?[0;34m	at org.springframework.security.web.FilterChainProxy$VirtualFilterChain.doFilter(FilterChainProxy.java:336)
?[0m?[0;34m	at org.springframework.security.web.servletapi.SecurityContextHolderAwareRequestFilter.doFilter(SecurityContextHolderAwareRequestFilter.java:149)
?[0m?[0;34m	at org.springframework.security.web.FilterChainProxy$VirtualFilterChain.doFilter(FilterChainProxy.java:336)
?[0m?[0;34m	at org.springframework.security.web.savedrequest.RequestCacheAwareFilter.doFilter(RequestCacheAwareFilter.java:63)
?[0m?[0;34m	at org.springframework.security.web.FilterChainProxy$VirtualFilterChain.doFilter(FilterChainProxy.java:336)
?[0m?[0;34m	at org.springframework.security.web.authentication.www.BasicAuthenticationFilter.doFilterInternal(BasicAuthenticationFilter.java:178)
?[0m?[0;34m	at org.springframework.web.filter.OncePerRequestFilter.doFilter(OncePerRequestFilter.java:119)
?[0m?[0;34m	at org.springframework.security.web.FilterChainProxy$VirtualFilterChain.doFilter(FilterChainProxy.java:336)
?[0m?[0;34m	at org.springframework.security.web.authentication.logout.LogoutFilter.doFilter(LogoutFilter.java:103)
?[0m?[0;34m	at org.springframework.security.web.authentication.logout.LogoutFilter.doFilter(LogoutFilter.java:89)
?[0m?[0;34m	at org.springframework.security.web.FilterChainProxy$VirtualFilterChain.doFilter(FilterChainProxy.java:336)
?[0m?[0;34m	at org.springframework.security.web.header.HeaderWriterFilter.doHeadersAfter(HeaderWriterFilter.java:90)
?[0m?[0;34m	at org.springframework.security.web.header.HeaderWriterFilter.doFilterInternal(HeaderWriterFilter.java:75)
?[0m?[0;34m	at org.springframework.web.filter.OncePerRequestFilter.doFilter(OncePerRequestFilter.java:119)
?[0m?[0;34m	at org.springframework.security.web.FilterChainProxy$VirtualFilterChain.doFilter(FilterChainProxy.java:336)
?[0m?[0;34m	at org.springframework.security.web.context.SecurityContextPersistenceFilter.doFilter(SecurityContextPersistenceFilter.java:110)
?[0m?[0;34m	at org.springframework.security.web.context.SecurityContextPersistenceFilter.doFilter(SecurityContextPersistenceFilter.java:80)
?[0m?[0;34m	at org.springframework.security.web.FilterChainProxy$VirtualFilterChain.doFilter(FilterChainProxy.java:336)
?[0m?[0;34m	at org.springframework.security.web.context.request.async.WebAsyncManagerIntegrationFilter.doFilterInternal(WebAsyncManagerIntegrationFilter.java:55)
?[0m?[0;34m	at org.springframework.web.filter.OncePerRequestFilter.doFilter(OncePerRequestFilter.java:119)
?[0m?[0;34m	at org.springframework.security.web.FilterChainProxy$VirtualFilterChain.doFilter(FilterChainProxy.java:336)
?[0m?[0;34m	at org.springframework.security.web.FilterChainProxy.doFilterInternal(FilterChainProxy.java:211)
?[0m?[0;34m	at org.springframework.security.web.FilterChainProxy.doFilter(FilterChainProxy.java:183)
?[0m?[0;34m	at org.springframework.web.filter.DelegatingFilterProxy.invokeDelegate(DelegatingFilterProxy.java:358)
?[0m?[0;34m	at org.springframework.web.filter.DelegatingFilterProxy.doFilter(DelegatingFilterProxy.java:271)
?[0m?[0;34m	at jdk.internal.reflect.GeneratedMethodAccessor54.invoke(Unknown Source)
?[0m?[0;34m	at java.base/jdk.internal.reflect.DelegatingMethodAccessorImpl.invoke(DelegatingMethodAccessorImpl.java:43)
?[0m?[0;34m	at java.base/java.lang.reflect.Method.invoke(Method.java:568)
?[0m?[0;34m	at org.apache.catalina.security.SecurityUtil.lambda$execute$0(SecurityUtil.java:280)
?[0m?[0;34m	at java.base/java.security.AccessController.doPrivileged(AccessController.java:712)
?[0m?[0;34m	at java.base/javax.security.auth.Subject.doAsPrivileged(Subject.java:584)
?[0m?[0;34m	at org.apache.catalina.security.SecurityUtil.execute(SecurityUtil.java:311)
?[0m?[0;34m	at org.apache.catalina.security.SecurityUtil.doAsPrivilege(SecurityUtil.java:253)
?[0m?[0;34m	at org.apache.catalina.core.ApplicationFilterChain.internalDoFilter(ApplicationFilterChain.java:187)
?[0m?[0;34m	at org.apache.catalina.core.ApplicationFilterChain.lambda$doFilter$0(ApplicationFilterChain.java:145)
?[0m?[0;34m	at java.base/java.security.AccessController.doPrivileged(AccessController.java:569)
?[0m?[0;34m	at org.apache.catalina.core.ApplicationFilterChain.doFilter(ApplicationFilterChain.java:143)
?[0m?[0;34m	at org.springframework.web.filter.RequestContextFilter.doFilterInternal(RequestContextFilter.java:100)
?[0m?[0;34m	at org.springframework.web.filter.OncePerRequestFilter.doFilter(OncePerRequestFilter.java:119)
?[0m?[0;34m	at jdk.internal.reflect.GeneratedMethodAccessor54.invoke(Unknown Source)
?[0m?[0;34m	at java.base/jdk.internal.reflect.DelegatingMethodAccessorImpl.invoke(DelegatingMethodAccessorImpl.java:43)
?[0m?[0;34m	at java.base/java.lang.reflect.Method.invoke(Method.java:568)
?[0m?[0;34m	at org.apache.catalina.security.SecurityUtil.lambda$execute$0(SecurityUtil.java:280)
?[0m?[0;34m	at java.base/java.security.AccessController.doPrivileged(AccessController.java:712)
?[0m?[0;34m	at java.base/javax.security.auth.Subject.doAsPrivileged(Subject.java:584)
?[0m?[0;34m	at org.apache.catalina.security.SecurityUtil.execute(SecurityUtil.java:311)
?[0m?[0;34m	at org.apache.catalina.security.SecurityUtil.doAsPrivilege(SecurityUtil.java:253)
?[0m?[0;34m	at org.apache.catalina.core.ApplicationFilterChain.internalDoFilter(ApplicationFilterChain.java:187)
?[0m?[0;34m	at org.apache.catalina.core.ApplicationFilterChain.lambda$doFilter$0(ApplicationFilterChain.java:145)
?[0m?[0;34m	at java.base/java.security.AccessController.doPrivileged(AccessController.java:569)
?[0m?[0;34m	at org.apache.catalina.core.ApplicationFilterChain.doFilter(ApplicationFilterChain.java:143)
?[0m?[0;34m	at org.springframework.web.filter.FormContentFilter.doFilterInternal(FormContentFilter.java:93)
?[0m?[0;34m	at org.springframework.web.filter.OncePerRequestFilter.doFilter(OncePerRequestFilter.java:119)
?[0m?[0;34m	at jdk.internal.reflect.GeneratedMethodAccessor54.invoke(Unknown Source)
?[0m?[0;34m	at java.base/jdk.internal.reflect.DelegatingMethodAccessorImpl.invoke(DelegatingMethodAccessorImpl.java:43)
?[0m?[0;34m	at java.base/java.lang.reflect.Method.invoke(Method.java:568)
?[0m?[0;34m	at org.apache.catalina.security.SecurityUtil.lambda$execute$0(SecurityUtil.java:280)
?[0m?[0;34m	at java.base/java.security.AccessController.doPrivileged(AccessController.java:712)
?[0m?[0;34m	at java.base/javax.security.auth.Subject.doAsPrivileged(Subject.java:584)
?[0m?[0;34m	at org.apache.catalina.security.SecurityUtil.execute(SecurityUtil.java:311)
?[0m?[0;34m	at org.apache.catalina.security.SecurityUtil.doAsPrivilege(SecurityUtil.java:253)
?[0m?[0;34m	at org.apache.catalina.core.ApplicationFilterChain.internalDoFilter(ApplicationFilterChain.java:187)
?[0m?[0;34m	at org.apache.catalina.core.ApplicationFilterChain.lambda$doFilter$0(ApplicationFilterChain.java:145)
?[0m?[0;34m	at java.base/java.security.AccessController.doPrivileged(AccessController.java:569)
?[0m?[0;34m	at org.apache.catalina.core.ApplicationFilterChain.doFilter(ApplicationFilterChain.java:143)
?[0m?[0;34m	at org.springframework.boot.actuate.metrics.web.servlet.WebMvcMetricsFilter.doFilterInternal(WebMvcMetricsFilter.java:96)
?[0m?[0;34m	at org.springframework.web.filter.OncePerRequestFilter.doFilter(OncePerRequestFilter.java:119)
?[0m?[0;34m	at jdk.internal.reflect.GeneratedMethodAccessor54.invoke(Unknown Source)
?[0m?[0;34m	at java.base/jdk.internal.reflect.DelegatingMethodAccessorImpl.invoke(DelegatingMethodAccessorImpl.java:43)
?[0m?[0;34m	at java.base/java.lang.reflect.Method.invoke(Method.java:568)
?[0m?[0;34m	at org.apache.catalina.security.SecurityUtil.lambda$execute$0(SecurityUtil.java:280)
?[0m?[0;34m	at java.base/java.security.AccessController.doPrivileged(AccessController.java:712)
?[0m?[0;34m	at java.base/javax.security.auth.Subject.doAsPrivileged(Subject.java:584)
?[0m?[0;34m	at org.apache.catalina.security.SecurityUtil.execute(SecurityUtil.java:311)
?[0m?[0;34m	at org.apache.catalina.security.SecurityUtil.doAsPrivilege(SecurityUtil.java:253)
?[0m?[0;34m	at org.apache.catalina.core.ApplicationFilterChain.internalDoFilter(ApplicationFilterChain.java:187)
?[0m?[0;34m	at org.apache.catalina.core.ApplicationFilterChain.lambda$doFilter$0(ApplicationFilterChain.java:145)
?[0m?[0;34m	at java.base/java.security.AccessController.doPrivileged(AccessController.java:569)
?[0m?[0;34m	at org.apache.catalina.core.ApplicationFilterChain.doFilter(ApplicationFilterChain.java:143)
?[0m?[0;34m	at org.springframework.web.filter.CharacterEncodingFilter.doFilterInternal(CharacterEncodingFilter.java:201)
?[0m?[0;34m	at org.springframework.web.filter.OncePerRequestFilter.doFilter(OncePerRequestFilter.java:119)
?[0m?[0;34m	at jdk.internal.reflect.GeneratedMethodAccessor54.invoke(Unknown Source)
?[0m?[0;34m	at java.base/jdk.internal.reflect.DelegatingMethodAccessorImpl.invoke(DelegatingMethodAccessorImpl.java:43)
?[0m?[0;34m	at java.base/java.lang.reflect.Method.invoke(Method.java:568)
?[0m?[0;34m	at org.apache.catalina.security.SecurityUtil.lambda$execute$0(SecurityUtil.java:280)
?[0m?[0;34m	at java.base/java.security.AccessController.doPrivileged(AccessController.java:712)
?[0m?[0;34m	at java.base/javax.security.auth.Subject.doAsPrivileged(Subject.java:584)
?[0m?[0;34m	at org.apache.catalina.security.SecurityUtil.execute(SecurityUtil.java:311)
?[0m?[0;34m	at org.apache.catalina.security.SecurityUtil.doAsPrivilege(SecurityUtil.java:253)
?[0m?[0;34m	at org.apache.catalina.core.ApplicationFilterChain.internalDoFilter(ApplicationFilterChain.java:187)
?[0m?[0;34m	at org.apache.catalina.core.ApplicationFilterChain.lambda$doFilter$0(ApplicationFilterChain.java:145)
?[0m?[0;34m	at java.base/java.security.AccessController.doPrivileged(AccessController.java:569)
?[0m?[0;34m	at org.apache.catalina.core.ApplicationFilterChain.doFilter(ApplicationFilterChain.java:143)
?[0m?[0;34m	at org.apache.catalina.core.StandardWrapperValve.invoke(StandardWrapperValve.java:197)
?[0m?[0;34m	at org.apache.catalina.core.StandardContextValve.invoke(StandardContextValve.java:97)
?[0m?[0;34m	at org.apache.catalina.authenticator.AuthenticatorBase.invoke(AuthenticatorBase.java:540)
?[0m?[0;34m	at org.apache.catalina.core.StandardHostValve.invoke(StandardHostValve.java:135)
?[0m?[0;34m	at org.apache.catalina.valves.ErrorReportValve.invoke(ErrorReportValve.java:92)
?[0m?[0;34m	at org.apache.catalina.core.StandardEngineValve.invoke(StandardEngineValve.java:78)
?[0m?[0;34m	at org.apache.catalina.connector.CoyoteAdapter.service(CoyoteAdapter.java:357)
?[0m?[0;34m	at org.apache.coyote.http11.Http11Processor.service(Http11Processor.java:382)
?[0m?[0;34m	at org.apache.coyote.AbstractProcessorLight.process(AbstractProcessorLight.java:65)
?[0m?[0;34m	at org.apache.coyote.AbstractProtocol$ConnectionHandler.process(AbstractProtocol.java:895)
?[0m?[0;34m	at org.apache.tomcat.util.net.NioEndpoint$SocketProcessor.doRun(NioEndpoint.java:1722)
?[0m?[0;34m	at org.apache.tomcat.util.net.SocketProcessorBase.run(SocketProcessorBase.java:49)
?[0m?[0;34m	at org.apache.tomcat.util.threads.ThreadPoolExecutor.runWorker(ThreadPoolExecutor.java:1191)
?[0m?[0;34m	at org.apache.tomcat.util.threads.ThreadPoolExecutor$Worker.run(ThreadPoolExecutor.java:659)
?[0m?[0;34m	at org.apache.tomcat.util.threads.TaskThread$WrappingRunnable.run(TaskThread.java:61)
?[0m?[0;34m	at java.base/java.lang.Thread.run(Thread.java:842)
?[0m?[0;34m12:59 DEBUG o.s.s.w.c.HttpSessionSecurityContextRepository - Stored SecurityContextImpl [Authentication=UsernamePasswordAuthenticationToken [Principal=engine.UserDetailsImp@4525f553, Credentials=[PROTECTED], Authenticated=true, Details=WebAuthenticationDetails [RemoteIpAddress=127.0.0.1, SessionId=null], Granted Authorities=[]]] to HttpSession [org.apache.catalina.session.StandardSessionFacade@6bbd1986]
?[0m?[0;34m12:59 DEBUG o.s.s.w.c.HttpSessionSecurityContextRepository - Stored SecurityContextImpl [Authentication=UsernamePasswordAuthenticationToken [Principal=engine.UserDetailsImp@4525f553, Credentials=[PROTECTED], Authenticated=true, Details=WebAuthenticationDetails [RemoteIpAddress=127.0.0.1, SessionId=null], Granted Authorities=[]]] to HttpSession [org.apache.catalina.session.StandardSessionFacade@6bbd1986]
?[0m?[0;34m12:59 DEBUG o.s.s.w.c.SecurityContextPersistenceFilter - Cleared SecurityContextHolder to complete request
?[0m?[0;34m12:59 DEBUG o.s.security.web.FilterChainProxy - Securing GET /error
?[0m?[0;34m12:59 DEBUG o.s.s.w.c.HttpSessionSecurityContextRepository - Retrieved SecurityContextImpl [Authentication=UsernamePasswordAuthenticationToken [Principal=engine.UserDetailsImp@4525f553, Credentials=[PROTECTED], Authenticated=true, Details=WebAuthenticationDetails [RemoteIpAddress=127.0.0.1, SessionId=null], Granted Authorities=[]]]
?[0m?[0;34m12:59 DEBUG o.s.s.w.c.SecurityContextPersistenceFilter - Set SecurityContextHolder to SecurityContextImpl [Authentication=UsernamePasswordAuthenticationToken [Principal=engine.UserDetailsImp@4525f553, Credentials=[PROTECTED], Authenticated=true, Details=WebAuthenticationDetails [RemoteIpAddress=127.0.0.1, SessionId=null], Granted Authorities=[]]]
?[0m?[0;34m12:59 DEBUG o.s.security.web.FilterChainProxy - Secured GET /error
?[0m?[0;34m12:59 DEBUG o.s.s.w.c.SecurityContextPersistenceFilter - Cleared SecurityContextHolder to complete request
?[1;31m
Start test 168?[0m
?[0m?[0;34m12:59 DEBUG o.s.security.web.FilterChainProxy - Securing GET /api/quizzes
?[0m?[0;34m12:59 DEBUG o.s.s.w.c.SecurityContextPersistenceFilter - Set SecurityContextHolder to empty SecurityContext
?[0m?[0;34m
?[0m?[0;34mTHE loadUserByUsername is called with the argument: test@google.com
?[0m?[0;34m
?[0m?[0;34m12:59 DEBUG o.s.s.a.d.DaoAuthenticationProvider - Authenticated user
?[0m?[0;34m12:59 DEBUG o.s.s.w.a.w.BasicAuthenticationFilter - Set SecurityContextHolder to UsernamePasswordAuthenticationToken [Principal=engine.UserDetailsImp@2dbd103c, Credentials=[PROTECTED], Authenticated=true, Details=WebAuthenticationDetails [RemoteIpAddress=127.0.0.1, SessionId=null], Granted Authorities=[]]
?[0m?[0;34m12:59 DEBUG o.s.s.w.c.HttpSessionSecurityContextRepository - Created HttpSession as SecurityContext is non-default
?[0m?[0;34m12:59 DEBUG o.s.s.w.c.HttpSessionSecurityContextRepository - Stored SecurityContextImpl [Authentication=UsernamePasswordAuthenticationToken [Principal=engine.UserDetailsImp@2dbd103c, Credentials=[PROTECTED], Authenticated=true, Details=WebAuthenticationDetails [RemoteIpAddress=127.0.0.1, SessionId=null], Granted Authorities=[]]] to HttpSession [org.apache.catalina.session.StandardSessionFacade@16a1cbd1]
?[0m?[0;34m12:59 DEBUG o.s.security.web.FilterChainProxy - Secured GET /api/quizzes
?[0m?[0;34m12:59 DEBUG o.s.s.w.c.HttpSessionSecurityContextRepository - Stored SecurityContextImpl [Authentication=UsernamePasswordAuthenticationToken [Principal=engine.UserDetailsImp@2dbd103c, Credentials=[PROTECTED], Authenticated=true, Details=WebAuthenticationDetails [RemoteIpAddress=127.0.0.1, SessionId=null], Granted Authorities=[]]] to HttpSession [org.apache.catalina.session.StandardSessionFacade@16a1cbd1]
?[0m?[0;34m12:59 DEBUG o.s.s.w.c.HttpSessionSecurityContextRepository - Stored SecurityContextImpl [Authentication=UsernamePasswordAuthenticationToken [Principal=engine.UserDetailsImp@2dbd103c, Credentials=[PROTECTED], Authenticated=true, Details=WebAuthenticationDetails [RemoteIpAddress=127.0.0.1, SessionId=null], Granted Authorities=[]]] to HttpSession [org.apache.catalina.session.StandardSessionFacade@16a1cbd1]
?[0m?[0;34m12:59 DEBUG o.s.s.w.c.SecurityContextPersistenceFilter - Cleared SecurityContextHolder to complete request
?[1;31m
Start test 169?[0m
?[0m?[0;34m12:59 DEBUG o.s.security.web.FilterChainProxy - Securing POST /actuator/shutdown
?[0m?[0;34m12:59 DEBUG o.s.s.w.c.SecurityContextPersistenceFilter - Set SecurityContextHolder to empty SecurityContext
?[0m?[0;34m12:59 DEBUG o.s.s.w.a.AnonymousAuthenticationFilter - Set SecurityContextHolder to anonymous SecurityContext
?[0m?[0;34m12:59 DEBUG o.s.s.w.u.m.RegexRequestMatcher - Checking match of request : '/actuator/shutdown'; against '/api/register'
?[0m?[0;34m12:59 DEBUG o.s.s.w.u.m.RegexRequestMatcher - Checking match of request : '/actuator/shutdown'; against '/actuator/shutdown'
?[0m?[0;34m12:59 DEBUG o.s.security.web.FilterChainProxy - Secured POST /actuator/shutdown
?[0m?[0;34m12:59 DEBUG o.s.s.w.c.HttpSessionSecurityContextRepository - Did not store anonymous SecurityContext
?[0m?[0;34m12:59 DEBUG o.s.s.w.c.HttpSessionSecurityContextRepository - Did not store anonymous SecurityContext
?[0m?[0;34m12:59 DEBUG o.s.s.w.c.SecurityContextPersistenceFilter - Cleared SecurityContextHolder to complete request
?[0;34m12:59 INFO  o.s.o.j.LocalContainerEntityManagerFactoryBean - Closing JPA EntityManagerFactory for persistence unit 'default'
?[0m?[0;34m12:59 INFO  com.zaxxer.hikari.HikariDataSource - HikariPool-3 - Shutdown initiated...
?[0m?[0;34m12:59 INFO  com.zaxxer.hikari.HikariDataSource - HikariPool-3 - Shutdown completed.
?[0;34m
?[0m?[0;34m  .   ____          _            __ _ _
?[0m?[0;34m /\\ / ___'_ __ _ _(_)_ __  __ _ \ \ \ \
?[0m?[0;34m( ( )\___ | '_ | '_| | '_ \/ _` | \ \ \ \
?[0m?[0;34m \\/  ___)| |_)| | | | | || (_| |  ) ) ) )
?[0m?[0;34m  '  |____| .__|_| |_|_| |_\__, | / / / /
?[0m?[0;34m =========|_|==============|___/=/_/_/_/
?[0m?[0;34m :: Spring Boot ::                (v2.5.6)
?[0m?[0;34m
?[0m?[0;34m13:00 INFO  engine.WebQuizEngine - Starting WebQuizEngine using Java 17.0.12 on DESKTOP-B2JKAIH with PID 24896 (started by bouab in C:\Users\bouab\DEV\Towards_SE\backend_projects\QuizzEngine\Web Quiz Engine with Java\task)
?[0m?[0;34m13:00 INFO  engine.WebQuizEngine - No active profile set, falling back to default profiles: default
?[0m?[0;34m13:00 INFO  o.s.d.r.c.RepositoryConfigurationDelegate - Bootstrapping Spring Data JPA repositories in DEFAULT mode.
?[0m?[0;34m13:00 INFO  o.s.d.r.c.RepositoryConfigurationDelegate - Finished Spring Data repository scanning in 4 ms. Found 2 JPA repository interfaces.
?[0m?[0;34m13:00 INFO  o.s.b.w.e.tomcat.TomcatWebServer - Tomcat initialized with port(s): 8889 (http)
?[0m?[0;34m13:00 INFO  o.a.coyote.http11.Http11NioProtocol - Initializing ProtocolHandler ["http-nio-8889"]
?[0m?[0;34m13:00 INFO  o.a.catalina.core.StandardService - Starting service [Tomcat]
?[0m?[0;34m13:00 INFO  o.a.catalina.core.StandardEngine - Starting Servlet engine: [Apache Tomcat/9.0.54]
?[0m?[0;34m13:00 INFO  o.a.c.c.C.[Tomcat].[localhost].[/] - Initializing Spring embedded WebApplicationContext
?[0m?[0;34m13:00 INFO  o.s.b.w.s.c.ServletWebServerApplicationContext - Root WebApplicationContext: initialization completed in 189 ms
?[0m?[0;34m13:00 INFO  com.zaxxer.hikari.HikariDataSource - HikariPool-4 - Starting...
?[0m?[0;34m13:00 INFO  com.zaxxer.hikari.HikariDataSource - HikariPool-4 - Start completed.
?[0m?[0;34m13:00 INFO  o.s.b.a.h.H2ConsoleAutoConfiguration - H2 console available at '/h2-console'. Database available at 'jdbc:h2:file:../quizdb'
?[0m?[0;34m13:00 INFO  o.h.jpa.internal.util.LogHelper - HHH000204: Processing PersistenceUnitInfo [name: default]
?[0m?[0;34m13:00 INFO  org.hibernate.dialect.Dialect - HHH000400: Using dialect: org.hibernate.dialect.H2Dialect
?[0m?[0;34m13:00 INFO  o.h.e.t.j.p.i.JtaPlatformInitiator - HHH000490: Using JtaPlatform implementation: [org.hibernate.engine.transaction.jta.platform.internal.NoJtaPlatform]
?[0m?[0;34m13:00 INFO  o.s.o.j.LocalContainerEntityManagerFactoryBean - Initialized JPA EntityManagerFactory for persistence unit 'default'
?[0m?[0;34m13:00 INFO  o.s.s.web.DefaultSecurityFilterChain - Will secure any request with [org.springframework.security.web.context.request.async.WebAsyncManagerIntegrationFilter@3e8cf854, org.springframework.security.web.context.SecurityContextPersistenceFilter@6bd5cb99, org.springframework.security.web.header.HeaderWriterFilter@29db9746, org.springframework.security.web.authentication.logout.LogoutFilter@4cdd0f2f, org.springframework.security.web.authentication.www.BasicAuthenticationFilter@17cea679, org.springframework.security.web.savedrequest.RequestCacheAwareFilter@11c95035, org.springframework.security.web.servletapi.SecurityContextHolderAwareRequestFilter@64dd94ed, org.springframework.security.web.authentication.AnonymousAuthenticationFilter@5c937c92, org.springframework.security.web.session.SessionManagementFilter@17cf5dcc, org.springframework.security.web.access.ExceptionTranslationFilter@4467c026, org.springframework.security.web.access.intercept.AuthorizationFilter@1a0c384d]
?[0m?[0;34m13:00 WARN  o.s.b.a.o.j.JpaBaseConfiguration$JpaWebConfiguration - spring.jpa.open-in-view is enabled by default. Therefore, database queries may be performed during view rendering. Explicitly configure spring.jpa.open-in-view to disable this warning
?[0m?[0;34m13:00 INFO  o.s.b.a.e.web.EndpointLinksResolver - Exposing 15 endpoint(s) beneath base path '/actuator'
?[0m?[0;34m13:00 INFO  o.a.coyote.http11.Http11NioProtocol - Starting ProtocolHandler ["http-nio-8889"]
?[0m?[0;34m13:00 INFO  o.s.b.w.e.tomcat.TomcatWebServer - Tomcat started on port(s): 8889 (http) with context path ''
?[0m?[0;34m13:00 INFO  engine.WebQuizEngine - Started WebQuizEngine in 0.437 seconds (JVM running for 50.633)
?[0m?[1;31m
Start test 170?[0m
?[0;34m13:00 INFO  o.a.c.c.C.[Tomcat].[localhost].[/] - Initializing Spring DispatcherServlet 'dispatcherServlet'
?[0m?[0;34m13:00 INFO  o.s.web.servlet.DispatcherServlet - Initializing Servlet 'dispatcherServlet'
?[0m?[0;34m13:00 INFO  o.s.web.servlet.DispatcherServlet - Completed initialization in 1 ms
?[0m?[0;34m13:00 DEBUG o.s.security.web.FilterChainProxy - Securing GET /api/quizzes
?[0m?[0;34m13:00 DEBUG o.s.s.w.c.SecurityContextPersistenceFilter - Set SecurityContextHolder to empty SecurityContext
?[0m?[0;34m
?[0m?[0;34mTHE loadUserByUsername is called with the argument: user@google.com
?[0m?[0;34m
?[0m?[0;34m13:00 DEBUG o.s.s.a.d.DaoAuthenticationProvider - Authenticated user
?[0m?[0;34m13:00 DEBUG o.s.s.w.a.w.BasicAuthenticationFilter - Set SecurityContextHolder to UsernamePasswordAuthenticationToken [Principal=engine.UserDetailsImp@132f3214, Credentials=[PROTECTED], Authenticated=true, Details=WebAuthenticationDetails [RemoteIpAddress=127.0.0.1, SessionId=null], Granted Authorities=[]]
?[0m?[0;34m13:00 DEBUG o.s.s.w.c.HttpSessionSecurityContextRepository - Created HttpSession as SecurityContext is non-default
?[0m?[0;34m13:00 DEBUG o.s.s.w.c.HttpSessionSecurityContextRepository - Stored SecurityContextImpl [Authentication=UsernamePasswordAuthenticationToken [Principal=engine.UserDetailsImp@132f3214, Credentials=[PROTECTED], Authenticated=true, Details=WebAuthenticationDetails [RemoteIpAddress=127.0.0.1, SessionId=null], Granted Authorities=[]]] to HttpSession [org.apache.catalina.session.StandardSessionFacade@262c244a]
?[0m?[0;34m13:00 DEBUG o.s.security.web.FilterChainProxy - Secured GET /api/quizzes
?[0m?[0;34m13:00 DEBUG o.s.s.w.c.HttpSessionSecurityContextRepository - Stored SecurityContextImpl [Authentication=UsernamePasswordAuthenticationToken [Principal=engine.UserDetailsImp@132f3214, Credentials=[PROTECTED], Authenticated=true, Details=WebAuthenticationDetails [RemoteIpAddress=127.0.0.1, SessionId=null], Granted Authorities=[]]] to HttpSession [org.apache.catalina.session.StandardSessionFacade@262c244a]
?[0m?[0;34m13:00 DEBUG o.s.s.w.c.HttpSessionSecurityContextRepository - Stored SecurityContextImpl [Authentication=UsernamePasswordAuthenticationToken [Principal=engine.UserDetailsImp@132f3214, Credentials=[PROTECTED], Authenticated=true, Details=WebAuthenticationDetails [RemoteIpAddress=127.0.0.1, SessionId=null], Granted Authorities=[]]] to HttpSession [org.apache.catalina.session.StandardSessionFacade@262c244a]
?[0m?[0;34m13:00 DEBUG o.s.s.w.c.SecurityContextPersistenceFilter - Cleared SecurityContextHolder to complete request
?[1;31m
Start test 171?[0m
?[0;34m13:00 DEBUG o.s.security.web.FilterChainProxy - Securing GET /api/quizzes/1
?[0m?[0;34m13:00 DEBUG o.s.s.w.c.SecurityContextPersistenceFilter - Set SecurityContextHolder to empty SecurityContext
?[0m?[0;34m
?[0m?[0;34mTHE loadUserByUsername is called with the argument: test@google.com
?[0m?[0;34m
?[0m?[0;34m13:00 DEBUG o.s.s.a.d.DaoAuthenticationProvider - Authenticated user
?[0m?[0;34m13:00 DEBUG o.s.s.w.a.w.BasicAuthenticationFilter - Set SecurityContextHolder to UsernamePasswordAuthenticationToken [Principal=engine.UserDetailsImp@b79ea2b, Credentials=[PROTECTED], Authenticated=true, Details=WebAuthenticationDetails [RemoteIpAddress=127.0.0.1, SessionId=null], Granted Authorities=[]]
?[0m?[0;34m13:00 DEBUG o.s.s.w.c.HttpSessionSecurityContextRepository - Created HttpSession as SecurityContext is non-default
?[0m?[0;34m13:00 DEBUG o.s.s.w.c.HttpSessionSecurityContextRepository - Stored SecurityContextImpl [Authentication=UsernamePasswordAuthenticationToken [Principal=engine.UserDetailsImp@b79ea2b, Credentials=[PROTECTED], Authenticated=true, Details=WebAuthenticationDetails [RemoteIpAddress=127.0.0.1, SessionId=null], Granted Authorities=[]]] to HttpSession [org.apache.catalina.session.StandardSessionFacade@46affe45]
?[0m?[0;34m13:00 DEBUG o.s.security.web.FilterChainProxy - Secured GET /api/quizzes/1
?[0m?[0;34m13:00 WARN  o.s.w.s.m.m.a.ExceptionHandlerExceptionResolver - Failure in @ExceptionHandler engine.Exceptionist#handleBadRequestExceptions(RuntimeException, WebRequest)
?[0m?[0;34morg.springframework.web.HttpMediaTypeNotAcceptableException: Could not find acceptable representation
?[0m?[0;34m	at org.springframework.web.servlet.mvc.method.annotation.AbstractMessageConverterMethodProcessor.writeWithMessageConverters(AbstractMessageConverterMethodProcessor.java:315)
?[0m?[0;34m	at org.springframework.web.servlet.mvc.method.annotation.HttpEntityMethodProcessor.handleReturnValue(HttpEntityMethodProcessor.java:219)
?[0m?[0;34m	at org.springframework.web.method.support.HandlerMethodReturnValueHandlerComposite.handleReturnValue(HandlerMethodReturnValueHandlerComposite.java:78)
?[0m?[0;34m	at org.springframework.web.servlet.mvc.method.annotation.ServletInvocableHandlerMethod.invokeAndHandle(ServletInvocableHandlerMethod.java:135)
?[0m?[0;34m	at org.springframework.web.servlet.mvc.method.annotation.ExceptionHandlerExceptionResolver.doResolveHandlerMethodException(ExceptionHandlerExceptionResolver.java:428)
?[0m?[0;34m	at org.springframework.web.servlet.handler.AbstractHandlerMethodExceptionResolver.doResolveException(AbstractHandlerMethodExceptionResolver.java:75)
?[0m?[0;34m	at org.springframework.web.servlet.handler.AbstractHandlerExceptionResolver.resolveException(AbstractHandlerExceptionResolver.java:142)
?[0m?[0;34m	at org.springframework.web.servlet.handler.HandlerExceptionResolverComposite.resolveException(HandlerExceptionResolverComposite.java:80)
?[0m?[0;34m	at org.springframework.web.servlet.DispatcherServlet.processHandlerException(DispatcherServlet.java:1327)
?[0m?[0;34m	at org.springframework.web.servlet.DispatcherServlet.processDispatchResult(DispatcherServlet.java:1138)
?[0m?[0;34m	at org.springframework.web.servlet.DispatcherServlet.doDispatch(DispatcherServlet.java:1084)
?[0m?[0;34m	at org.springframework.web.servlet.DispatcherServlet.doService(DispatcherServlet.java:963)
?[0m?[0;34m	at org.springframework.web.servlet.FrameworkServlet.processRequest(FrameworkServlet.java:1006)
?[0m?[0;34m	at org.springframework.web.servlet.FrameworkServlet.doGet(FrameworkServlet.java:898)
?[0m?[0;34m	at javax.servlet.http.HttpServlet.service(HttpServlet.java:655)
?[0m?[0;34m	at org.springframework.web.servlet.FrameworkServlet.service(FrameworkServlet.java:883)
?[0m?[0;34m	at javax.servlet.http.HttpServlet.service(HttpServlet.java:764)
?[0m?[0;34m	at jdk.internal.reflect.GeneratedMethodAccessor64.invoke(Unknown Source)
?[0m?[0;34m	at java.base/jdk.internal.reflect.DelegatingMethodAccessorImpl.invoke(DelegatingMethodAccessorImpl.java:43)
?[0m?[0;34m	at java.base/java.lang.reflect.Method.invoke(Method.java:568)
?[0m?[0;34m	at org.apache.catalina.security.SecurityUtil.lambda$execute$0(SecurityUtil.java:280)
?[0m?[0;34m	at java.base/java.security.AccessController.doPrivileged(AccessController.java:712)
?[0m?[0;34m	at java.base/javax.security.auth.Subject.doAsPrivileged(Subject.java:584)
?[0m?[0;34m	at org.apache.catalina.security.SecurityUtil.execute(SecurityUtil.java:311)
?[0m?[0;34m	at org.apache.catalina.security.SecurityUtil.doAsPrivilege(SecurityUtil.java:170)
?[0m?[0;34m	at org.apache.catalina.core.ApplicationFilterChain.internalDoFilter(ApplicationFilterChain.java:221)
?[0m?[0;34m	at org.apache.catalina.core.ApplicationFilterChain.lambda$doFilter$0(ApplicationFilterChain.java:145)
?[0m?[0;34m	at java.base/java.security.AccessController.doPrivileged(AccessController.java:569)
?[0m?[0;34m	at org.apache.catalina.core.ApplicationFilterChain.doFilter(ApplicationFilterChain.java:143)
?[0m?[0;34m	at org.apache.tomcat.websocket.server.WsFilter.doFilter(WsFilter.java:53)
?[0m?[0;34m	at jdk.internal.reflect.GeneratedMethodAccessor54.invoke(Unknown Source)
?[0m?[0;34m	at java.base/jdk.internal.reflect.DelegatingMethodAccessorImpl.invoke(DelegatingMethodAccessorImpl.java:43)
?[0m?[0;34m	at java.base/java.lang.reflect.Method.invoke(Method.java:568)
?[0m?[0;34m	at org.apache.catalina.security.SecurityUtil.lambda$execute$0(SecurityUtil.java:280)
?[0m?[0;34m	at java.base/java.security.AccessController.doPrivileged(AccessController.java:712)
?[0m?[0;34m	at java.base/javax.security.auth.Subject.doAsPrivileged(Subject.java:584)
?[0m?[0;34m	at org.apache.catalina.security.SecurityUtil.execute(SecurityUtil.java:311)
?[0m?[0;34m	at org.apache.catalina.security.SecurityUtil.doAsPrivilege(SecurityUtil.java:253)
?[0m?[0;34m	at org.apache.catalina.core.ApplicationFilterChain.internalDoFilter(ApplicationFilterChain.java:187)
?[0m?[0;34m	at org.apache.catalina.core.ApplicationFilterChain.lambda$doFilter$0(ApplicationFilterChain.java:145)
?[0m?[0;34m	at java.base/java.security.AccessController.doPrivileged(AccessController.java:569)
?[0m?[0;34m	at org.apache.catalina.core.ApplicationFilterChain.doFilter(ApplicationFilterChain.java:143)
?[0m?[0;34m	at org.springframework.security.web.FilterChainProxy$VirtualFilterChain.doFilter(FilterChainProxy.java:327)
?[0m?[0;34m	at org.springframework.security.web.access.intercept.AuthorizationFilter.doFilterInternal(AuthorizationFilter.java:58)
?[0m?[0;34m	at org.springframework.web.filter.OncePerRequestFilter.doFilter(OncePerRequestFilter.java:119)
?[0m?[0;34m	at org.springframework.security.web.FilterChainProxy$VirtualFilterChain.doFilter(FilterChainProxy.java:336)
?[0m?[0;34m	at org.springframework.security.web.access.ExceptionTranslationFilter.doFilter(ExceptionTranslationFilter.java:121)
?[0m?[0;34m	at org.springframework.security.web.access.ExceptionTranslationFilter.doFilter(ExceptionTranslationFilter.java:115)
?[0m?[0;34m	at org.springframework.security.web.FilterChainProxy$VirtualFilterChain.doFilter(FilterChainProxy.java:336)
?[0m?[0;34m	at org.springframework.security.web.session.SessionManagementFilter.doFilter(SessionManagementFilter.java:126)
?[0m?[0;34m	at org.springframework.security.web.session.SessionManagementFilter.doFilter(SessionManagementFilter.java:81)
?[0m?[0;34m	at org.springframework.security.web.FilterChainProxy$VirtualFilterChain.doFilter(FilterChainProxy.java:336)
?[0m?[0;34m	at org.springframework.security.web.authentication.AnonymousAuthenticationFilter.doFilter(AnonymousAuthenticationFilter.java:105)
?[0m?[0;34m	at org.springframework.security.web.FilterChainProxy$VirtualFilterChain.doFilter(FilterChainProxy.java:336)
?[0m?[0;34m	at org.springframework.security.web.servletapi.SecurityContextHolderAwareRequestFilter.doFilter(SecurityContextHolderAwareRequestFilter.java:149)
?[0m?[0;34m	at org.springframework.security.web.FilterChainProxy$VirtualFilterChain.doFilter(FilterChainProxy.java:336)
?[0m?[0;34m	at org.springframework.security.web.savedrequest.RequestCacheAwareFilter.doFilter(RequestCacheAwareFilter.java:63)
?[0m?[0;34m	at org.springframework.security.web.FilterChainProxy$VirtualFilterChain.doFilter(FilterChainProxy.java:336)
?[0m?[0;34m	at org.springframework.security.web.authentication.www.BasicAuthenticationFilter.doFilterInternal(BasicAuthenticationFilter.java:178)
?[0m?[0;34m	at org.springframework.web.filter.OncePerRequestFilter.doFilter(OncePerRequestFilter.java:119)
?[0m?[0;34m	at org.springframework.security.web.FilterChainProxy$VirtualFilterChain.doFilter(FilterChainProxy.java:336)
?[0m?[0;34m	at org.springframework.security.web.authentication.logout.LogoutFilter.doFilter(LogoutFilter.java:103)
?[0m?[0;34m	at org.springframework.security.web.authentication.logout.LogoutFilter.doFilter(LogoutFilter.java:89)
?[0m?[0;34m	at org.springframework.security.web.FilterChainProxy$VirtualFilterChain.doFilter(FilterChainProxy.java:336)
?[0m?[0;34m	at org.springframework.security.web.header.HeaderWriterFilter.doHeadersAfter(HeaderWriterFilter.java:90)
?[0m?[0;34m	at org.springframework.security.web.header.HeaderWriterFilter.doFilterInternal(HeaderWriterFilter.java:75)
?[0m?[0;34m	at org.springframework.web.filter.OncePerRequestFilter.doFilter(OncePerRequestFilter.java:119)
?[0m?[0;34m	at org.springframework.security.web.FilterChainProxy$VirtualFilterChain.doFilter(FilterChainProxy.java:336)
?[0m?[0;34m	at org.springframework.security.web.context.SecurityContextPersistenceFilter.doFilter(SecurityContextPersistenceFilter.java:110)
?[0m?[0;34m	at org.springframework.security.web.context.SecurityContextPersistenceFilter.doFilter(SecurityContextPersistenceFilter.java:80)
?[0m?[0;34m	at org.springframework.security.web.FilterChainProxy$VirtualFilterChain.doFilter(FilterChainProxy.java:336)
?[0m?[0;34m	at org.springframework.security.web.context.request.async.WebAsyncManagerIntegrationFilter.doFilterInternal(WebAsyncManagerIntegrationFilter.java:55)
?[0m?[0;34m	at org.springframework.web.filter.OncePerRequestFilter.doFilter(OncePerRequestFilter.java:119)
?[0m?[0;34m	at org.springframework.security.web.FilterChainProxy$VirtualFilterChain.doFilter(FilterChainProxy.java:336)
?[0m?[0;34m	at org.springframework.security.web.FilterChainProxy.doFilterInternal(FilterChainProxy.java:211)
?[0m?[0;34m	at org.springframework.security.web.FilterChainProxy.doFilter(FilterChainProxy.java:183)
?[0m?[0;34m	at org.springframework.web.filter.DelegatingFilterProxy.invokeDelegate(DelegatingFilterProxy.java:358)
?[0m?[0;34m	at org.springframework.web.filter.DelegatingFilterProxy.doFilter(DelegatingFilterProxy.java:271)
?[0m?[0;34m	at jdk.internal.reflect.GeneratedMethodAccessor54.invoke(Unknown Source)
?[0m?[0;34m	at java.base/jdk.internal.reflect.DelegatingMethodAccessorImpl.invoke(DelegatingMethodAccessorImpl.java:43)
?[0m?[0;34m	at java.base/java.lang.reflect.Method.invoke(Method.java:568)
?[0m?[0;34m	at org.apache.catalina.security.SecurityUtil.lambda$execute$0(SecurityUtil.java:280)
?[0m?[0;34m	at java.base/java.security.AccessController.doPrivileged(AccessController.java:712)
?[0m?[0;34m	at java.base/javax.security.auth.Subject.doAsPrivileged(Subject.java:584)
?[0m?[0;34m	at org.apache.catalina.security.SecurityUtil.execute(SecurityUtil.java:311)
?[0m?[0;34m	at org.apache.catalina.security.SecurityUtil.doAsPrivilege(SecurityUtil.java:253)
?[0m?[0;34m	at org.apache.catalina.core.ApplicationFilterChain.internalDoFilter(ApplicationFilterChain.java:187)
?[0m?[0;34m	at org.apache.catalina.core.ApplicationFilterChain.lambda$doFilter$0(ApplicationFilterChain.java:145)
?[0m?[0;34m	at java.base/java.security.AccessController.doPrivileged(AccessController.java:569)
?[0m?[0;34m	at org.apache.catalina.core.ApplicationFilterChain.doFilter(ApplicationFilterChain.java:143)
?[0m?[0;34m	at org.springframework.web.filter.RequestContextFilter.doFilterInternal(RequestContextFilter.java:100)
?[0m?[0;34m	at org.springframework.web.filter.OncePerRequestFilter.doFilter(OncePerRequestFilter.java:119)
?[0m?[0;34m	at jdk.internal.reflect.GeneratedMethodAccessor54.invoke(Unknown Source)
?[0m?[0;34m	at java.base/jdk.internal.reflect.DelegatingMethodAccessorImpl.invoke(DelegatingMethodAccessorImpl.java:43)
?[0m?[0;34m	at java.base/java.lang.reflect.Method.invoke(Method.java:568)
?[0m?[0;34m	at org.apache.catalina.security.SecurityUtil.lambda$execute$0(SecurityUtil.java:280)
?[0m?[0;34m	at java.base/java.security.AccessController.doPrivileged(AccessController.java:712)
?[0m?[0;34m	at java.base/javax.security.auth.Subject.doAsPrivileged(Subject.java:584)
?[0m?[0;34m	at org.apache.catalina.security.SecurityUtil.execute(SecurityUtil.java:311)
?[0m?[0;34m	at org.apache.catalina.security.SecurityUtil.doAsPrivilege(SecurityUtil.java:253)
?[0m?[0;34m	at org.apache.catalina.core.ApplicationFilterChain.internalDoFilter(ApplicationFilterChain.java:187)
?[0m?[0;34m	at org.apache.catalina.core.ApplicationFilterChain.lambda$doFilter$0(ApplicationFilterChain.java:145)
?[0m?[0;34m	at java.base/java.security.AccessController.doPrivileged(AccessController.java:569)
?[0m?[0;34m	at org.apache.catalina.core.ApplicationFilterChain.doFilter(ApplicationFilterChain.java:143)
?[0m?[0;34m	at org.springframework.web.filter.FormContentFilter.doFilterInternal(FormContentFilter.java:93)
?[0m?[0;34m	at org.springframework.web.filter.OncePerRequestFilter.doFilter(OncePerRequestFilter.java:119)
?[0m?[0;34m	at jdk.internal.reflect.GeneratedMethodAccessor54.invoke(Unknown Source)
?[0m?[0;34m	at java.base/jdk.internal.reflect.DelegatingMethodAccessorImpl.invoke(DelegatingMethodAccessorImpl.java:43)
?[0m?[0;34m	at java.base/java.lang.reflect.Method.invoke(Method.java:568)
?[0m?[0;34m	at org.apache.catalina.security.SecurityUtil.lambda$execute$0(SecurityUtil.java:280)
?[0m?[0;34m	at java.base/java.security.AccessController.doPrivileged(AccessController.java:712)
?[0m?[0;34m	at java.base/javax.security.auth.Subject.doAsPrivileged(Subject.java:584)
?[0m?[0;34m	at org.apache.catalina.security.SecurityUtil.execute(SecurityUtil.java:311)
?[0m?[0;34m	at org.apache.catalina.security.SecurityUtil.doAsPrivilege(SecurityUtil.java:253)
?[0m?[0;34m	at org.apache.catalina.core.ApplicationFilterChain.internalDoFilter(ApplicationFilterChain.java:187)
?[0m?[0;34m	at org.apache.catalina.core.ApplicationFilterChain.lambda$doFilter$0(ApplicationFilterChain.java:145)
?[0m?[0;34m	at java.base/java.security.AccessController.doPrivileged(AccessController.java:569)
?[0m?[0;34m	at org.apache.catalina.core.ApplicationFilterChain.doFilter(ApplicationFilterChain.java:143)
?[0m?[0;34m	at org.springframework.boot.actuate.metrics.web.servlet.WebMvcMetricsFilter.doFilterInternal(WebMvcMetricsFilter.java:96)
?[0m?[0;34m	at org.springframework.web.filter.OncePerRequestFilter.doFilter(OncePerRequestFilter.java:119)
?[0m?[0;34m	at jdk.internal.reflect.GeneratedMethodAccessor54.invoke(Unknown Source)
?[0m?[0;34m	at java.base/jdk.internal.reflect.DelegatingMethodAccessorImpl.invoke(DelegatingMethodAccessorImpl.java:43)
?[0m?[0;34m	at java.base/java.lang.reflect.Method.invoke(Method.java:568)
?[0m?[0;34m	at org.apache.catalina.security.SecurityUtil.lambda$execute$0(SecurityUtil.java:280)
?[0m?[0;34m	at java.base/java.security.AccessController.doPrivileged(AccessController.java:712)
?[0m?[0;34m	at java.base/javax.security.auth.Subject.doAsPrivileged(Subject.java:584)
?[0m?[0;34m	at org.apache.catalina.security.SecurityUtil.execute(SecurityUtil.java:311)
?[0m?[0;34m	at org.apache.catalina.security.SecurityUtil.doAsPrivilege(SecurityUtil.java:253)
?[0m?[0;34m	at org.apache.catalina.core.ApplicationFilterChain.internalDoFilter(ApplicationFilterChain.java:187)
?[0m?[0;34m	at org.apache.catalina.core.ApplicationFilterChain.lambda$doFilter$0(ApplicationFilterChain.java:145)
?[0m?[0;34m	at java.base/java.security.AccessController.doPrivileged(AccessController.java:569)
?[0m?[0;34m	at org.apache.catalina.core.ApplicationFilterChain.doFilter(ApplicationFilterChain.java:143)
?[0m?[0;34m	at org.springframework.web.filter.CharacterEncodingFilter.doFilterInternal(CharacterEncodingFilter.java:201)
?[0m?[0;34m	at org.springframework.web.filter.OncePerRequestFilter.doFilter(OncePerRequestFilter.java:119)
?[0m?[0;34m	at jdk.internal.reflect.GeneratedMethodAccessor54.invoke(Unknown Source)
?[0m?[0;34m	at java.base/jdk.internal.reflect.DelegatingMethodAccessorImpl.invoke(DelegatingMethodAccessorImpl.java:43)
?[0m?[0;34m	at java.base/java.lang.reflect.Method.invoke(Method.java:568)
?[0m?[0;34m	at org.apache.catalina.security.SecurityUtil.lambda$execute$0(SecurityUtil.java:280)
?[0m?[0;34m	at java.base/java.security.AccessController.doPrivileged(AccessController.java:712)
?[0m?[0;34m	at java.base/javax.security.auth.Subject.doAsPrivileged(Subject.java:584)
?[0m?[0;34m	at org.apache.catalina.security.SecurityUtil.execute(SecurityUtil.java:311)
?[0m?[0;34m	at org.apache.catalina.security.SecurityUtil.doAsPrivilege(SecurityUtil.java:253)
?[0m?[0;34m	at org.apache.catalina.core.ApplicationFilterChain.internalDoFilter(ApplicationFilterChain.java:187)
?[0m?[0;34m	at org.apache.catalina.core.ApplicationFilterChain.lambda$doFilter$0(ApplicationFilterChain.java:145)
?[0m?[0;34m	at java.base/java.security.AccessController.doPrivileged(AccessController.java:569)
?[0m?[0;34m	at org.apache.catalina.core.ApplicationFilterChain.doFilter(ApplicationFilterChain.java:143)
?[0m?[0;34m	at org.apache.catalina.core.StandardWrapperValve.invoke(StandardWrapperValve.java:197)
?[0m?[0;34m	at org.apache.catalina.core.StandardContextValve.invoke(StandardContextValve.java:97)
?[0m?[0;34m	at org.apache.catalina.authenticator.AuthenticatorBase.invoke(AuthenticatorBase.java:540)
?[0m?[0;34m	at org.apache.catalina.core.StandardHostValve.invoke(StandardHostValve.java:135)
?[0m?[0;34m	at org.apache.catalina.valves.ErrorReportValve.invoke(ErrorReportValve.java:92)
?[0m?[0;34m	at org.apache.catalina.core.StandardEngineValve.invoke(StandardEngineValve.java:78)
?[0m?[0;34m	at org.apache.catalina.connector.CoyoteAdapter.service(CoyoteAdapter.java:357)
?[0m?[0;34m	at org.apache.coyote.http11.Http11Processor.service(Http11Processor.java:382)
?[0m?[0;34m	at org.apache.coyote.AbstractProcessorLight.process(AbstractProcessorLight.java:65)
?[0m?[0;34m	at org.apache.coyote.AbstractProtocol$ConnectionHandler.process(AbstractProtocol.java:895)
?[0m?[0;34m	at org.apache.tomcat.util.net.NioEndpoint$SocketProcessor.doRun(NioEndpoint.java:1722)
?[0m?[0;34m	at org.apache.tomcat.util.net.SocketProcessorBase.run(SocketProcessorBase.java:49)
?[0m?[0;34m	at org.apache.tomcat.util.threads.ThreadPoolExecutor.runWorker(ThreadPoolExecutor.java:1191)
?[0m?[0;34m	at org.apache.tomcat.util.threads.ThreadPoolExecutor$Worker.run(ThreadPoolExecutor.java:659)
?[0m?[0;34m	at org.apache.tomcat.util.threads.TaskThread$WrappingRunnable.run(TaskThread.java:61)
?[0m?[0;34m	at java.base/java.lang.Thread.run(Thread.java:842)
?[0m?[0;34m13:00 DEBUG o.s.s.w.c.HttpSessionSecurityContextRepository - Stored SecurityContextImpl [Authentication=UsernamePasswordAuthenticationToken [Principal=engine.UserDetailsImp@b79ea2b, Credentials=[PROTECTED], Authenticated=true, Details=WebAuthenticationDetails [RemoteIpAddress=127.0.0.1, SessionId=null], Granted Authorities=[]]] to HttpSession [org.apache.catalina.session.StandardSessionFacade@46affe45]
?[0m?[0;34m13:00 DEBUG o.s.s.w.c.HttpSessionSecurityContextRepository - Stored SecurityContextImpl [Authentication=UsernamePasswordAuthenticationToken [Principal=engine.UserDetailsImp@b79ea2b, Credentials=[PROTECTED], Authenticated=true, Details=WebAuthenticationDetails [RemoteIpAddress=127.0.0.1, SessionId=null], Granted Authorities=[]]] to HttpSession [org.apache.catalina.session.StandardSessionFacade@46affe45]
?[0m?[0;34m13:00 DEBUG o.s.s.w.c.SecurityContextPersistenceFilter - Cleared SecurityContextHolder to complete request
?[0m?[0;34m13:00 DEBUG o.s.security.web.FilterChainProxy - Securing GET /error
?[0m?[0;34m13:00 DEBUG o.s.s.w.c.HttpSessionSecurityContextRepository - Retrieved SecurityContextImpl [Authentication=UsernamePasswordAuthenticationToken [Principal=engine.UserDetailsImp@b79ea2b, Credentials=[PROTECTED], Authenticated=true, Details=WebAuthenticationDetails [RemoteIpAddress=127.0.0.1, SessionId=null], Granted Authorities=[]]]
?[0m?[0;34m13:00 DEBUG o.s.s.w.c.SecurityContextPersistenceFilter - Set SecurityContextHolder to SecurityContextImpl [Authentication=UsernamePasswordAuthenticationToken [Principal=engine.UserDetailsImp@b79ea2b, Credentials=[PROTECTED], Authenticated=true, Details=WebAuthenticationDetails [RemoteIpAddress=127.0.0.1, SessionId=null], Granted Authorities=[]]]
?[0m?[0;34m13:00 DEBUG o.s.security.web.FilterChainProxy - Secured GET /error
?[0m?[0;34m13:00 DEBUG o.s.s.w.c.SecurityContextPersistenceFilter - Cleared SecurityContextHolder to complete request
?[1;31m
Start test 172?[0m
?[0;34m13:00 DEBUG o.s.security.web.FilterChainProxy - Securing GET /api/quizzes/1
?[0m?[0;34m13:00 DEBUG o.s.s.w.c.SecurityContextPersistenceFilter - Set SecurityContextHolder to empty SecurityContext
?[0m?[0;34m
?[0m?[0;34mTHE loadUserByUsername is called with the argument: user@google.com
?[0m?[0;34m
?[0m?[0;34m13:00 DEBUG o.s.s.a.d.DaoAuthenticationProvider - Authenticated user
?[0m?[0;34m13:00 DEBUG o.s.s.w.a.w.BasicAuthenticationFilter - Set SecurityContextHolder to UsernamePasswordAuthenticationToken [Principal=engine.UserDetailsImp@520a83b9, Credentials=[PROTECTED], Authenticated=true, Details=WebAuthenticationDetails [RemoteIpAddress=127.0.0.1, SessionId=null], Granted Authorities=[]]
?[0m?[0;34m13:00 DEBUG o.s.s.w.c.HttpSessionSecurityContextRepository - Created HttpSession as SecurityContext is non-default
?[0m?[0;34m13:00 DEBUG o.s.s.w.c.HttpSessionSecurityContextRepository - Stored SecurityContextImpl [Authentication=UsernamePasswordAuthenticationToken [Principal=engine.UserDetailsImp@520a83b9, Credentials=[PROTECTED], Authenticated=true, Details=WebAuthenticationDetails [RemoteIpAddress=127.0.0.1, SessionId=null], Granted Authorities=[]]] to HttpSession [org.apache.catalina.session.StandardSessionFacade@7eccb06b]
?[0m?[0;34m13:00 DEBUG o.s.security.web.FilterChainProxy - Secured GET /api/quizzes/1
?[0m?[0;34m13:00 WARN  o.s.w.s.m.m.a.ExceptionHandlerExceptionResolver - Failure in @ExceptionHandler engine.Exceptionist#handleBadRequestExceptions(RuntimeException, WebRequest)
?[0m?[0;34morg.springframework.web.HttpMediaTypeNotAcceptableException: Could not find acceptable representation
?[0m?[0;34m	at org.springframework.web.servlet.mvc.method.annotation.AbstractMessageConverterMethodProcessor.writeWithMessageConverters(AbstractMessageConverterMethodProcessor.java:315)
?[0m?[0;34m	at org.springframework.web.servlet.mvc.method.annotation.HttpEntityMethodProcessor.handleReturnValue(HttpEntityMethodProcessor.java:219)
?[0m?[0;34m	at org.springframework.web.method.support.HandlerMethodReturnValueHandlerComposite.handleReturnValue(HandlerMethodReturnValueHandlerComposite.java:78)
?[0m?[0;34m	at org.springframework.web.servlet.mvc.method.annotation.ServletInvocableHandlerMethod.invokeAndHandle(ServletInvocableHandlerMethod.java:135)
?[0m?[0;34m	at org.springframework.web.servlet.mvc.method.annotation.ExceptionHandlerExceptionResolver.doResolveHandlerMethodException(ExceptionHandlerExceptionResolver.java:428)
?[0m?[0;34m	at org.springframework.web.servlet.handler.AbstractHandlerMethodExceptionResolver.doResolveException(AbstractHandlerMethodExceptionResolver.java:75)
?[0m?[0;34m	at org.springframework.web.servlet.handler.AbstractHandlerExceptionResolver.resolveException(AbstractHandlerExceptionResolver.java:142)
?[0m?[0;34m	at org.springframework.web.servlet.handler.HandlerExceptionResolverComposite.resolveException(HandlerExceptionResolverComposite.java:80)
?[0m?[0;34m	at org.springframework.web.servlet.DispatcherServlet.processHandlerException(DispatcherServlet.java:1327)
?[0m?[0;34m	at org.springframework.web.servlet.DispatcherServlet.processDispatchResult(DispatcherServlet.java:1138)
?[0m?[0;34m	at org.springframework.web.servlet.DispatcherServlet.doDispatch(DispatcherServlet.java:1084)
?[0m?[0;34m	at org.springframework.web.servlet.DispatcherServlet.doService(DispatcherServlet.java:963)
?[0m?[0;34m	at org.springframework.web.servlet.FrameworkServlet.processRequest(FrameworkServlet.java:1006)
?[0m?[0;34m	at org.springframework.web.servlet.FrameworkServlet.doGet(FrameworkServlet.java:898)
?[0m?[0;34m	at javax.servlet.http.HttpServlet.service(HttpServlet.java:655)
?[0m?[0;34m	at org.springframework.web.servlet.FrameworkServlet.service(FrameworkServlet.java:883)
?[0m?[0;34m	at javax.servlet.http.HttpServlet.service(HttpServlet.java:764)
?[0m?[0;34m	at jdk.internal.reflect.GeneratedMethodAccessor64.invoke(Unknown Source)
?[0m?[0;34m	at java.base/jdk.internal.reflect.DelegatingMethodAccessorImpl.invoke(DelegatingMethodAccessorImpl.java:43)
?[0m?[0;34m	at java.base/java.lang.reflect.Method.invoke(Method.java:568)
?[0m?[0;34m	at org.apache.catalina.security.SecurityUtil.lambda$execute$0(SecurityUtil.java:280)
?[0m?[0;34m	at java.base/java.security.AccessController.doPrivileged(AccessController.java:712)
?[0m?[0;34m	at java.base/javax.security.auth.Subject.doAsPrivileged(Subject.java:584)
?[0m?[0;34m	at org.apache.catalina.security.SecurityUtil.execute(SecurityUtil.java:311)
?[0m?[0;34m	at org.apache.catalina.security.SecurityUtil.doAsPrivilege(SecurityUtil.java:170)
?[0m?[0;34m	at org.apache.catalina.core.ApplicationFilterChain.internalDoFilter(ApplicationFilterChain.java:221)
?[0m?[0;34m	at org.apache.catalina.core.ApplicationFilterChain.lambda$doFilter$0(ApplicationFilterChain.java:145)
?[0m?[0;34m	at java.base/java.security.AccessController.doPrivileged(AccessController.java:569)
?[0m?[0;34m	at org.apache.catalina.core.ApplicationFilterChain.doFilter(ApplicationFilterChain.java:143)
?[0m?[0;34m	at org.apache.tomcat.websocket.server.WsFilter.doFilter(WsFilter.java:53)
?[0m?[0;34m	at jdk.internal.reflect.GeneratedMethodAccessor54.invoke(Unknown Source)
?[0m?[0;34m	at java.base/jdk.internal.reflect.DelegatingMethodAccessorImpl.invoke(DelegatingMethodAccessorImpl.java:43)
?[0m?[0;34m	at java.base/java.lang.reflect.Method.invoke(Method.java:568)
?[0m?[0;34m	at org.apache.catalina.security.SecurityUtil.lambda$execute$0(SecurityUtil.java:280)
?[0m?[0;34m	at java.base/java.security.AccessController.doPrivileged(AccessController.java:712)
?[0m?[0;34m	at java.base/javax.security.auth.Subject.doAsPrivileged(Subject.java:584)
?[0m?[0;34m	at org.apache.catalina.security.SecurityUtil.execute(SecurityUtil.java:311)
?[0m?[0;34m	at org.apache.catalina.security.SecurityUtil.doAsPrivilege(SecurityUtil.java:253)
?[0m?[0;34m	at org.apache.catalina.core.ApplicationFilterChain.internalDoFilter(ApplicationFilterChain.java:187)
?[0m?[0;34m	at org.apache.catalina.core.ApplicationFilterChain.lambda$doFilter$0(ApplicationFilterChain.java:145)
?[0m?[0;34m	at java.base/java.security.AccessController.doPrivileged(AccessController.java:569)
?[0m?[0;34m	at org.apache.catalina.core.ApplicationFilterChain.doFilter(ApplicationFilterChain.java:143)
?[0m?[0;34m	at org.springframework.security.web.FilterChainProxy$VirtualFilterChain.doFilter(FilterChainProxy.java:327)
?[0m?[0;34m	at org.springframework.security.web.access.intercept.AuthorizationFilter.doFilterInternal(AuthorizationFilter.java:58)
?[0m?[0;34m	at org.springframework.web.filter.OncePerRequestFilter.doFilter(OncePerRequestFilter.java:119)
?[0m?[0;34m	at org.springframework.security.web.FilterChainProxy$VirtualFilterChain.doFilter(FilterChainProxy.java:336)
?[0m?[0;34m	at org.springframework.security.web.access.ExceptionTranslationFilter.doFilter(ExceptionTranslationFilter.java:121)
?[0m?[0;34m	at org.springframework.security.web.access.ExceptionTranslationFilter.doFilter(ExceptionTranslationFilter.java:115)
?[0m?[0;34m	at org.springframework.security.web.FilterChainProxy$VirtualFilterChain.doFilter(FilterChainProxy.java:336)
?[0m?[0;34m	at org.springframework.security.web.session.SessionManagementFilter.doFilter(SessionManagementFilter.java:126)
?[0m?[0;34m	at org.springframework.security.web.session.SessionManagementFilter.doFilter(SessionManagementFilter.java:81)
?[0m?[0;34m	at org.springframework.security.web.FilterChainProxy$VirtualFilterChain.doFilter(FilterChainProxy.java:336)
?[0m?[0;34m	at org.springframework.security.web.authentication.AnonymousAuthenticationFilter.doFilter(AnonymousAuthenticationFilter.java:105)
?[0m?[0;34m	at org.springframework.security.web.FilterChainProxy$VirtualFilterChain.doFilter(FilterChainProxy.java:336)
?[0m?[0;34m	at org.springframework.security.web.servletapi.SecurityContextHolderAwareRequestFilter.doFilter(SecurityContextHolderAwareRequestFilter.java:149)
?[0m?[0;34m	at org.springframework.security.web.FilterChainProxy$VirtualFilterChain.doFilter(FilterChainProxy.java:336)
?[0m?[0;34m	at org.springframework.security.web.savedrequest.RequestCacheAwareFilter.doFilter(RequestCacheAwareFilter.java:63)
?[0m?[0;34m	at org.springframework.security.web.FilterChainProxy$VirtualFilterChain.doFilter(FilterChainProxy.java:336)
?[0m?[0;34m	at org.springframework.security.web.authentication.www.BasicAuthenticationFilter.doFilterInternal(BasicAuthenticationFilter.java:178)
?[0m?[0;34m	at org.springframework.web.filter.OncePerRequestFilter.doFilter(OncePerRequestFilter.java:119)
?[0m?[0;34m	at org.springframework.security.web.FilterChainProxy$VirtualFilterChain.doFilter(FilterChainProxy.java:336)
?[0m?[0;34m	at org.springframework.security.web.authentication.logout.LogoutFilter.doFilter(LogoutFilter.java:103)
?[0m?[0;34m	at org.springframework.security.web.authentication.logout.LogoutFilter.doFilter(LogoutFilter.java:89)
?[0m?[0;34m	at org.springframework.security.web.FilterChainProxy$VirtualFilterChain.doFilter(FilterChainProxy.java:336)
?[0m?[0;34m	at org.springframework.security.web.header.HeaderWriterFilter.doHeadersAfter(HeaderWriterFilter.java:90)
?[0m?[0;34m	at org.springframework.security.web.header.HeaderWriterFilter.doFilterInternal(HeaderWriterFilter.java:75)
?[0m?[0;34m	at org.springframework.web.filter.OncePerRequestFilter.doFilter(OncePerRequestFilter.java:119)
?[0m?[0;34m	at org.springframework.security.web.FilterChainProxy$VirtualFilterChain.doFilter(FilterChainProxy.java:336)
?[0m?[0;34m	at org.springframework.security.web.context.SecurityContextPersistenceFilter.doFilter(SecurityContextPersistenceFilter.java:110)
?[0m?[0;34m	at org.springframework.security.web.context.SecurityContextPersistenceFilter.doFilter(SecurityContextPersistenceFilter.java:80)
?[0m?[0;34m	at org.springframework.security.web.FilterChainProxy$VirtualFilterChain.doFilter(FilterChainProxy.java:336)
?[0m?[0;34m	at org.springframework.security.web.context.request.async.WebAsyncManagerIntegrationFilter.doFilterInternal(WebAsyncManagerIntegrationFilter.java:55)
?[0m?[0;34m	at org.springframework.web.filter.OncePerRequestFilter.doFilter(OncePerRequestFilter.java:119)
?[0m?[0;34m	at org.springframework.security.web.FilterChainProxy$VirtualFilterChain.doFilter(FilterChainProxy.java:336)
?[0m?[0;34m	at org.springframework.security.web.FilterChainProxy.doFilterInternal(FilterChainProxy.java:211)
?[0m?[0;34m	at org.springframework.security.web.FilterChainProxy.doFilter(FilterChainProxy.java:183)
?[0m?[0;34m	at org.springframework.web.filter.DelegatingFilterProxy.invokeDelegate(DelegatingFilterProxy.java:358)
?[0m?[0;34m	at org.springframework.web.filter.DelegatingFilterProxy.doFilter(DelegatingFilterProxy.java:271)
?[0m?[0;34m	at jdk.internal.reflect.GeneratedMethodAccessor54.invoke(Unknown Source)
?[0m?[0;34m	at java.base/jdk.internal.reflect.DelegatingMethodAccessorImpl.invoke(DelegatingMethodAccessorImpl.java:43)
?[0m?[0;34m	at java.base/java.lang.reflect.Method.invoke(Method.java:568)
?[0m?[0;34m	at org.apache.catalina.security.SecurityUtil.lambda$execute$0(SecurityUtil.java:280)
?[0m?[0;34m	at java.base/java.security.AccessController.doPrivileged(AccessController.java:712)
?[0m?[0;34m	at java.base/javax.security.auth.Subject.doAsPrivileged(Subject.java:584)
?[0m?[0;34m	at org.apache.catalina.security.SecurityUtil.execute(SecurityUtil.java:311)
?[0m?[0;34m	at org.apache.catalina.security.SecurityUtil.doAsPrivilege(SecurityUtil.java:253)
?[0m?[0;34m	at org.apache.catalina.core.ApplicationFilterChain.internalDoFilter(ApplicationFilterChain.java:187)
?[0m?[0;34m	at org.apache.catalina.core.ApplicationFilterChain.lambda$doFilter$0(ApplicationFilterChain.java:145)
?[0m?[0;34m	at java.base/java.security.AccessController.doPrivileged(AccessController.java:569)
?[0m?[0;34m	at org.apache.catalina.core.ApplicationFilterChain.doFilter(ApplicationFilterChain.java:143)
?[0m?[0;34m	at org.springframework.web.filter.RequestContextFilter.doFilterInternal(RequestContextFilter.java:100)
?[0m?[0;34m	at org.springframework.web.filter.OncePerRequestFilter.doFilter(OncePerRequestFilter.java:119)
?[0m?[0;34m	at jdk.internal.reflect.GeneratedMethodAccessor54.invoke(Unknown Source)
?[0m?[0;34m	at java.base/jdk.internal.reflect.DelegatingMethodAccessorImpl.invoke(DelegatingMethodAccessorImpl.java:43)
?[0m?[0;34m	at java.base/java.lang.reflect.Method.invoke(Method.java:568)
?[0m?[0;34m	at org.apache.catalina.security.SecurityUtil.lambda$execute$0(SecurityUtil.java:280)
?[0m?[0;34m	at java.base/java.security.AccessController.doPrivileged(AccessController.java:712)
?[0m?[0;34m	at java.base/javax.security.auth.Subject.doAsPrivileged(Subject.java:584)
?[0m?[0;34m	at org.apache.catalina.security.SecurityUtil.execute(SecurityUtil.java:311)
?[0m?[0;34m	at org.apache.catalina.security.SecurityUtil.doAsPrivilege(SecurityUtil.java:253)
?[0m?[0;34m	at org.apache.catalina.core.ApplicationFilterChain.internalDoFilter(ApplicationFilterChain.java:187)
?[0m?[0;34m	at org.apache.catalina.core.ApplicationFilterChain.lambda$doFilter$0(ApplicationFilterChain.java:145)
?[0m?[0;34m	at java.base/java.security.AccessController.doPrivileged(AccessController.java:569)
?[0m?[0;34m	at org.apache.catalina.core.ApplicationFilterChain.doFilter(ApplicationFilterChain.java:143)
?[0m?[0;34m	at org.springframework.web.filter.FormContentFilter.doFilterInternal(FormContentFilter.java:93)
?[0m?[0;34m	at org.springframework.web.filter.OncePerRequestFilter.doFilter(OncePerRequestFilter.java:119)
?[0m?[0;34m	at jdk.internal.reflect.GeneratedMethodAccessor54.invoke(Unknown Source)
?[0m?[0;34m	at java.base/jdk.internal.reflect.DelegatingMethodAccessorImpl.invoke(DelegatingMethodAccessorImpl.java:43)
?[0m?[0;34m	at java.base/java.lang.reflect.Method.invoke(Method.java:568)
?[0m?[0;34m	at org.apache.catalina.security.SecurityUtil.lambda$execute$0(SecurityUtil.java:280)
?[0m?[0;34m	at java.base/java.security.AccessController.doPrivileged(AccessController.java:712)
?[0m?[0;34m	at java.base/javax.security.auth.Subject.doAsPrivileged(Subject.java:584)
?[0m?[0;34m	at org.apache.catalina.security.SecurityUtil.execute(SecurityUtil.java:311)
?[0m?[0;34m	at org.apache.catalina.security.SecurityUtil.doAsPrivilege(SecurityUtil.java:253)
?[0m?[0;34m	at org.apache.catalina.core.ApplicationFilterChain.internalDoFilter(ApplicationFilterChain.java:187)
?[0m?[0;34m	at org.apache.catalina.core.ApplicationFilterChain.lambda$doFilter$0(ApplicationFilterChain.java:145)
?[0m?[0;34m	at java.base/java.security.AccessController.doPrivileged(AccessController.java:569)
?[0m?[0;34m	at org.apache.catalina.core.ApplicationFilterChain.doFilter(ApplicationFilterChain.java:143)
?[0m?[0;34m	at org.springframework.boot.actuate.metrics.web.servlet.WebMvcMetricsFilter.doFilterInternal(WebMvcMetricsFilter.java:96)
?[0m?[0;34m	at org.springframework.web.filter.OncePerRequestFilter.doFilter(OncePerRequestFilter.java:119)
?[0m?[0;34m	at jdk.internal.reflect.GeneratedMethodAccessor54.invoke(Unknown Source)
?[0m?[0;34m	at java.base/jdk.internal.reflect.DelegatingMethodAccessorImpl.invoke(DelegatingMethodAccessorImpl.java:43)
?[0m?[0;34m	at java.base/java.lang.reflect.Method.invoke(Method.java:568)
?[0m?[0;34m	at org.apache.catalina.security.SecurityUtil.lambda$execute$0(SecurityUtil.java:280)
?[0m?[0;34m	at java.base/java.security.AccessController.doPrivileged(AccessController.java:712)
?[0m?[0;34m	at java.base/javax.security.auth.Subject.doAsPrivileged(Subject.java:584)
?[0m?[0;34m	at org.apache.catalina.security.SecurityUtil.execute(SecurityUtil.java:311)
?[0m?[0;34m	at org.apache.catalina.security.SecurityUtil.doAsPrivilege(SecurityUtil.java:253)
?[0m?[0;34m	at org.apache.catalina.core.ApplicationFilterChain.internalDoFilter(ApplicationFilterChain.java:187)
?[0m?[0;34m	at org.apache.catalina.core.ApplicationFilterChain.lambda$doFilter$0(ApplicationFilterChain.java:145)
?[0m?[0;34m	at java.base/java.security.AccessController.doPrivileged(AccessController.java:569)
?[0m?[0;34m	at org.apache.catalina.core.ApplicationFilterChain.doFilter(ApplicationFilterChain.java:143)
?[0m?[0;34m	at org.springframework.web.filter.CharacterEncodingFilter.doFilterInternal(CharacterEncodingFilter.java:201)
?[0m?[0;34m	at org.springframework.web.filter.OncePerRequestFilter.doFilter(OncePerRequestFilter.java:119)
?[0m?[0;34m	at jdk.internal.reflect.GeneratedMethodAccessor54.invoke(Unknown Source)
?[0m?[0;34m	at java.base/jdk.internal.reflect.DelegatingMethodAccessorImpl.invoke(DelegatingMethodAccessorImpl.java:43)
?[0m?[0;34m	at java.base/java.lang.reflect.Method.invoke(Method.java:568)
?[0m?[0;34m	at org.apache.catalina.security.SecurityUtil.lambda$execute$0(SecurityUtil.java:280)
?[0m?[0;34m	at java.base/java.security.AccessController.doPrivileged(AccessController.java:712)
?[0m?[0;34m	at java.base/javax.security.auth.Subject.doAsPrivileged(Subject.java:584)
?[0m?[0;34m	at org.apache.catalina.security.SecurityUtil.execute(SecurityUtil.java:311)
?[0m?[0;34m	at org.apache.catalina.security.SecurityUtil.doAsPrivilege(SecurityUtil.java:253)
?[0m?[0;34m	at org.apache.catalina.core.ApplicationFilterChain.internalDoFilter(ApplicationFilterChain.java:187)
?[0m?[0;34m	at org.apache.catalina.core.ApplicationFilterChain.lambda$doFilter$0(ApplicationFilterChain.java:145)
?[0m?[0;34m	at java.base/java.security.AccessController.doPrivileged(AccessController.java:569)
?[0m?[0;34m	at org.apache.catalina.core.ApplicationFilterChain.doFilter(ApplicationFilterChain.java:143)
?[0m?[0;34m	at org.apache.catalina.core.StandardWrapperValve.invoke(StandardWrapperValve.java:197)
?[0m?[0;34m	at org.apache.catalina.core.StandardContextValve.invoke(StandardContextValve.java:97)
?[0m?[0;34m	at org.apache.catalina.authenticator.AuthenticatorBase.invoke(AuthenticatorBase.java:540)
?[0m?[0;34m	at org.apache.catalina.core.StandardHostValve.invoke(StandardHostValve.java:135)
?[0m?[0;34m	at org.apache.catalina.valves.ErrorReportValve.invoke(ErrorReportValve.java:92)
?[0m?[0;34m	at org.apache.catalina.core.StandardEngineValve.invoke(StandardEngineValve.java:78)
?[0m?[0;34m	at org.apache.catalina.connector.CoyoteAdapter.service(CoyoteAdapter.java:357)
?[0m?[0;34m	at org.apache.coyote.http11.Http11Processor.service(Http11Processor.java:382)
?[0m?[0;34m	at org.apache.coyote.AbstractProcessorLight.process(AbstractProcessorLight.java:65)
?[0m?[0;34m	at org.apache.coyote.AbstractProtocol$ConnectionHandler.process(AbstractProtocol.java:895)
?[0m?[0;34m	at org.apache.tomcat.util.net.NioEndpoint$SocketProcessor.doRun(NioEndpoint.java:1722)
?[0m?[0;34m	at org.apache.tomcat.util.net.SocketProcessorBase.run(SocketProcessorBase.java:49)
?[0m?[0;34m	at org.apache.tomcat.util.threads.ThreadPoolExecutor.runWorker(ThreadPoolExecutor.java:1191)
?[0m?[0;34m	at org.apache.tomcat.util.threads.ThreadPoolExecutor$Worker.run(ThreadPoolExecutor.java:659)
?[0m?[0;34m	at org.apache.tomcat.util.threads.TaskThread$WrappingRunnable.run(TaskThread.java:61)
?[0m?[0;34m	at java.base/java.lang.Thread.run(Thread.java:842)
?[0m?[0;34m13:00 DEBUG o.s.s.w.c.HttpSessionSecurityContextRepository - Stored SecurityContextImpl [Authentication=UsernamePasswordAuthenticationToken [Principal=engine.UserDetailsImp@520a83b9, Credentials=[PROTECTED], Authenticated=true, Details=WebAuthenticationDetails [RemoteIpAddress=127.0.0.1, SessionId=null], Granted Authorities=[]]] to HttpSession [org.apache.catalina.session.StandardSessionFacade@7eccb06b]
?[0m?[0;34m13:00 DEBUG o.s.s.w.c.HttpSessionSecurityContextRepository - Stored SecurityContextImpl [Authentication=UsernamePasswordAuthenticationToken [Principal=engine.UserDetailsImp@520a83b9, Credentials=[PROTECTED], Authenticated=true, Details=WebAuthenticationDetails [RemoteIpAddress=127.0.0.1, SessionId=null], Granted Authorities=[]]] to HttpSession [org.apache.catalina.session.StandardSessionFacade@7eccb06b]
?[0m?[0;34m13:00 DEBUG o.s.s.w.c.SecurityContextPersistenceFilter - Cleared SecurityContextHolder to complete request
?[0m?[0;34m13:00 DEBUG o.s.security.web.FilterChainProxy - Securing GET /error
?[0m?[0;34m13:00 DEBUG o.s.s.w.c.HttpSessionSecurityContextRepository - Retrieved SecurityContextImpl [Authentication=UsernamePasswordAuthenticationToken [Principal=engine.UserDetailsImp@520a83b9, Credentials=[PROTECTED], Authenticated=true, Details=WebAuthenticationDetails [RemoteIpAddress=127.0.0.1, SessionId=null], Granted Authorities=[]]]
?[0m?[0;34m13:00 DEBUG o.s.s.w.c.SecurityContextPersistenceFilter - Set SecurityContextHolder to SecurityContextImpl [Authentication=UsernamePasswordAuthenticationToken [Principal=engine.UserDetailsImp@520a83b9, Credentials=[PROTECTED], Authenticated=true, Details=WebAuthenticationDetails [RemoteIpAddress=127.0.0.1, SessionId=null], Granted Authorities=[]]]
?[0m?[0;34m13:00 DEBUG o.s.security.web.FilterChainProxy - Secured GET /error
?[0m?[0;34m13:00 DEBUG o.s.s.w.c.SecurityContextPersistenceFilter - Cleared SecurityContextHolder to complete request
?[1;31m
Start test 173?[0m
?[0;34m13:00 DEBUG o.s.security.web.FilterChainProxy - Securing GET /api/quizzes/2
?[0m?[0;34m13:00 DEBUG o.s.s.w.c.SecurityContextPersistenceFilter - Set SecurityContextHolder to empty SecurityContext
?[0m?[0;34m
?[0m?[0;34mTHE loadUserByUsername is called with the argument: test@google.com
?[0m?[0;34m
?[0m?[0;34m13:00 DEBUG o.s.s.a.d.DaoAuthenticationProvider - Authenticated user
?[0m?[0;34m13:00 DEBUG o.s.s.w.a.w.BasicAuthenticationFilter - Set SecurityContextHolder to UsernamePasswordAuthenticationToken [Principal=engine.UserDetailsImp@64f793b3, Credentials=[PROTECTED], Authenticated=true, Details=WebAuthenticationDetails [RemoteIpAddress=127.0.0.1, SessionId=null], Granted Authorities=[]]
?[0m?[0;34m13:00 DEBUG o.s.s.w.c.HttpSessionSecurityContextRepository - Created HttpSession as SecurityContext is non-default
?[0m?[0;34m13:00 DEBUG o.s.s.w.c.HttpSessionSecurityContextRepository - Stored SecurityContextImpl [Authentication=UsernamePasswordAuthenticationToken [Principal=engine.UserDetailsImp@64f793b3, Credentials=[PROTECTED], Authenticated=true, Details=WebAuthenticationDetails [RemoteIpAddress=127.0.0.1, SessionId=null], Granted Authorities=[]]] to HttpSession [org.apache.catalina.session.StandardSessionFacade@63d7724f]
?[0m?[0;34m13:00 DEBUG o.s.security.web.FilterChainProxy - Secured GET /api/quizzes/2
?[0m?[0;34m13:00 WARN  o.s.w.s.m.m.a.ExceptionHandlerExceptionResolver - Failure in @ExceptionHandler engine.Exceptionist#handleBadRequestExceptions(RuntimeException, WebRequest)
?[0m?[0;34morg.springframework.web.HttpMediaTypeNotAcceptableException: Could not find acceptable representation
?[0m?[0;34m	at org.springframework.web.servlet.mvc.method.annotation.AbstractMessageConverterMethodProcessor.writeWithMessageConverters(AbstractMessageConverterMethodProcessor.java:315)
?[0m?[0;34m	at org.springframework.web.servlet.mvc.method.annotation.HttpEntityMethodProcessor.handleReturnValue(HttpEntityMethodProcessor.java:219)
?[0m?[0;34m	at org.springframework.web.method.support.HandlerMethodReturnValueHandlerComposite.handleReturnValue(HandlerMethodReturnValueHandlerComposite.java:78)
?[0m?[0;34m	at org.springframework.web.servlet.mvc.method.annotation.ServletInvocableHandlerMethod.invokeAndHandle(ServletInvocableHandlerMethod.java:135)
?[0m?[0;34m	at org.springframework.web.servlet.mvc.method.annotation.ExceptionHandlerExceptionResolver.doResolveHandlerMethodException(ExceptionHandlerExceptionResolver.java:428)
?[0m?[0;34m	at org.springframework.web.servlet.handler.AbstractHandlerMethodExceptionResolver.doResolveException(AbstractHandlerMethodExceptionResolver.java:75)
?[0m?[0;34m	at org.springframework.web.servlet.handler.AbstractHandlerExceptionResolver.resolveException(AbstractHandlerExceptionResolver.java:142)
?[0m?[0;34m	at org.springframework.web.servlet.handler.HandlerExceptionResolverComposite.resolveException(HandlerExceptionResolverComposite.java:80)
?[0m?[0;34m	at org.springframework.web.servlet.DispatcherServlet.processHandlerException(DispatcherServlet.java:1327)
?[0m?[0;34m	at org.springframework.web.servlet.DispatcherServlet.processDispatchResult(DispatcherServlet.java:1138)
?[0m?[0;34m	at org.springframework.web.servlet.DispatcherServlet.doDispatch(DispatcherServlet.java:1084)
?[0m?[0;34m	at org.springframework.web.servlet.DispatcherServlet.doService(DispatcherServlet.java:963)
?[0m?[0;34m	at org.springframework.web.servlet.FrameworkServlet.processRequest(FrameworkServlet.java:1006)
?[0m?[0;34m	at org.springframework.web.servlet.FrameworkServlet.doGet(FrameworkServlet.java:898)
?[0m?[0;34m	at javax.servlet.http.HttpServlet.service(HttpServlet.java:655)
?[0m?[0;34m	at org.springframework.web.servlet.FrameworkServlet.service(FrameworkServlet.java:883)
?[0m?[0;34m	at javax.servlet.http.HttpServlet.service(HttpServlet.java:764)
?[0m?[0;34m	at jdk.internal.reflect.GeneratedMethodAccessor64.invoke(Unknown Source)
?[0m?[0;34m	at java.base/jdk.internal.reflect.DelegatingMethodAccessorImpl.invoke(DelegatingMethodAccessorImpl.java:43)
?[0m?[0;34m	at java.base/java.lang.reflect.Method.invoke(Method.java:568)
?[0m?[0;34m	at org.apache.catalina.security.SecurityUtil.lambda$execute$0(SecurityUtil.java:280)
?[0m?[0;34m	at java.base/java.security.AccessController.doPrivileged(AccessController.java:712)
?[0m?[0;34m	at java.base/javax.security.auth.Subject.doAsPrivileged(Subject.java:584)
?[0m?[0;34m	at org.apache.catalina.security.SecurityUtil.execute(SecurityUtil.java:311)
?[0m?[0;34m	at org.apache.catalina.security.SecurityUtil.doAsPrivilege(SecurityUtil.java:170)
?[0m?[0;34m	at org.apache.catalina.core.ApplicationFilterChain.internalDoFilter(ApplicationFilterChain.java:221)
?[0m?[0;34m	at org.apache.catalina.core.ApplicationFilterChain.lambda$doFilter$0(ApplicationFilterChain.java:145)
?[0m?[0;34m	at java.base/java.security.AccessController.doPrivileged(AccessController.java:569)
?[0m?[0;34m	at org.apache.catalina.core.ApplicationFilterChain.doFilter(ApplicationFilterChain.java:143)
?[0m?[0;34m	at org.apache.tomcat.websocket.server.WsFilter.doFilter(WsFilter.java:53)
?[0m?[0;34m	at jdk.internal.reflect.GeneratedMethodAccessor54.invoke(Unknown Source)
?[0m?[0;34m	at java.base/jdk.internal.reflect.DelegatingMethodAccessorImpl.invoke(DelegatingMethodAccessorImpl.java:43)
?[0m?[0;34m	at java.base/java.lang.reflect.Method.invoke(Method.java:568)
?[0m?[0;34m	at org.apache.catalina.security.SecurityUtil.lambda$execute$0(SecurityUtil.java:280)
?[0m?[0;34m	at java.base/java.security.AccessController.doPrivileged(AccessController.java:712)
?[0m?[0;34m	at java.base/javax.security.auth.Subject.doAsPrivileged(Subject.java:584)
?[0m?[0;34m	at org.apache.catalina.security.SecurityUtil.execute(SecurityUtil.java:311)
?[0m?[0;34m	at org.apache.catalina.security.SecurityUtil.doAsPrivilege(SecurityUtil.java:253)
?[0m?[0;34m	at org.apache.catalina.core.ApplicationFilterChain.internalDoFilter(ApplicationFilterChain.java:187)
?[0m?[0;34m	at org.apache.catalina.core.ApplicationFilterChain.lambda$doFilter$0(ApplicationFilterChain.java:145)
?[0m?[0;34m	at java.base/java.security.AccessController.doPrivileged(AccessController.java:569)
?[0m?[0;34m	at org.apache.catalina.core.ApplicationFilterChain.doFilter(ApplicationFilterChain.java:143)
?[0m?[0;34m	at org.springframework.security.web.FilterChainProxy$VirtualFilterChain.doFilter(FilterChainProxy.java:327)
?[0m?[0;34m	at org.springframework.security.web.access.intercept.AuthorizationFilter.doFilterInternal(AuthorizationFilter.java:58)
?[0m?[0;34m	at org.springframework.web.filter.OncePerRequestFilter.doFilter(OncePerRequestFilter.java:119)
?[0m?[0;34m	at org.springframework.security.web.FilterChainProxy$VirtualFilterChain.doFilter(FilterChainProxy.java:336)
?[0m?[0;34m	at org.springframework.security.web.access.ExceptionTranslationFilter.doFilter(ExceptionTranslationFilter.java:121)
?[0m?[0;34m	at org.springframework.security.web.access.ExceptionTranslationFilter.doFilter(ExceptionTranslationFilter.java:115)
?[0m?[0;34m	at org.springframework.security.web.FilterChainProxy$VirtualFilterChain.doFilter(FilterChainProxy.java:336)
?[0m?[0;34m	at org.springframework.security.web.session.SessionManagementFilter.doFilter(SessionManagementFilter.java:126)
?[0m?[0;34m	at org.springframework.security.web.session.SessionManagementFilter.doFilter(SessionManagementFilter.java:81)
?[0m?[0;34m	at org.springframework.security.web.FilterChainProxy$VirtualFilterChain.doFilter(FilterChainProxy.java:336)
?[0m?[0;34m	at org.springframework.security.web.authentication.AnonymousAuthenticationFilter.doFilter(AnonymousAuthenticationFilter.java:105)
?[0m?[0;34m	at org.springframework.security.web.FilterChainProxy$VirtualFilterChain.doFilter(FilterChainProxy.java:336)
?[0m?[0;34m	at org.springframework.security.web.servletapi.SecurityContextHolderAwareRequestFilter.doFilter(SecurityContextHolderAwareRequestFilter.java:149)
?[0m?[0;34m	at org.springframework.security.web.FilterChainProxy$VirtualFilterChain.doFilter(FilterChainProxy.java:336)
?[0m?[0;34m	at org.springframework.security.web.savedrequest.RequestCacheAwareFilter.doFilter(RequestCacheAwareFilter.java:63)
?[0m?[0;34m	at org.springframework.security.web.FilterChainProxy$VirtualFilterChain.doFilter(FilterChainProxy.java:336)
?[0m?[0;34m	at org.springframework.security.web.authentication.www.BasicAuthenticationFilter.doFilterInternal(BasicAuthenticationFilter.java:178)
?[0m?[0;34m	at org.springframework.web.filter.OncePerRequestFilter.doFilter(OncePerRequestFilter.java:119)
?[0m?[0;34m	at org.springframework.security.web.FilterChainProxy$VirtualFilterChain.doFilter(FilterChainProxy.java:336)
?[0m?[0;34m	at org.springframework.security.web.authentication.logout.LogoutFilter.doFilter(LogoutFilter.java:103)
?[0m?[0;34m	at org.springframework.security.web.authentication.logout.LogoutFilter.doFilter(LogoutFilter.java:89)
?[0m?[0;34m	at org.springframework.security.web.FilterChainProxy$VirtualFilterChain.doFilter(FilterChainProxy.java:336)
?[0m?[0;34m	at org.springframework.security.web.header.HeaderWriterFilter.doHeadersAfter(HeaderWriterFilter.java:90)
?[0m?[0;34m	at org.springframework.security.web.header.HeaderWriterFilter.doFilterInternal(HeaderWriterFilter.java:75)
?[0m?[0;34m	at org.springframework.web.filter.OncePerRequestFilter.doFilter(OncePerRequestFilter.java:119)
?[0m?[0;34m	at org.springframework.security.web.FilterChainProxy$VirtualFilterChain.doFilter(FilterChainProxy.java:336)
?[0m?[0;34m	at org.springframework.security.web.context.SecurityContextPersistenceFilter.doFilter(SecurityContextPersistenceFilter.java:110)
?[0m?[0;34m	at org.springframework.security.web.context.SecurityContextPersistenceFilter.doFilter(SecurityContextPersistenceFilter.java:80)
?[0m?[0;34m	at org.springframework.security.web.FilterChainProxy$VirtualFilterChain.doFilter(FilterChainProxy.java:336)
?[0m?[0;34m	at org.springframework.security.web.context.request.async.WebAsyncManagerIntegrationFilter.doFilterInternal(WebAsyncManagerIntegrationFilter.java:55)
?[0m?[0;34m	at org.springframework.web.filter.OncePerRequestFilter.doFilter(OncePerRequestFilter.java:119)
?[0m?[0;34m	at org.springframework.security.web.FilterChainProxy$VirtualFilterChain.doFilter(FilterChainProxy.java:336)
?[0m?[0;34m	at org.springframework.security.web.FilterChainProxy.doFilterInternal(FilterChainProxy.java:211)
?[0m?[0;34m	at org.springframework.security.web.FilterChainProxy.doFilter(FilterChainProxy.java:183)
?[0m?[0;34m	at org.springframework.web.filter.DelegatingFilterProxy.invokeDelegate(DelegatingFilterProxy.java:358)
?[0m?[0;34m	at org.springframework.web.filter.DelegatingFilterProxy.doFilter(DelegatingFilterProxy.java:271)
?[0m?[0;34m	at jdk.internal.reflect.GeneratedMethodAccessor54.invoke(Unknown Source)
?[0m?[0;34m	at java.base/jdk.internal.reflect.DelegatingMethodAccessorImpl.invoke(DelegatingMethodAccessorImpl.java:43)
?[0m?[0;34m	at java.base/java.lang.reflect.Method.invoke(Method.java:568)
?[0m?[0;34m	at org.apache.catalina.security.SecurityUtil.lambda$execute$0(SecurityUtil.java:280)
?[0m?[0;34m	at java.base/java.security.AccessController.doPrivileged(AccessController.java:712)
?[0m?[0;34m	at java.base/javax.security.auth.Subject.doAsPrivileged(Subject.java:584)
?[0m?[0;34m	at org.apache.catalina.security.SecurityUtil.execute(SecurityUtil.java:311)
?[0m?[0;34m	at org.apache.catalina.security.SecurityUtil.doAsPrivilege(SecurityUtil.java:253)
?[0m?[0;34m	at org.apache.catalina.core.ApplicationFilterChain.internalDoFilter(ApplicationFilterChain.java:187)
?[0m?[0;34m	at org.apache.catalina.core.ApplicationFilterChain.lambda$doFilter$0(ApplicationFilterChain.java:145)
?[0m?[0;34m	at java.base/java.security.AccessController.doPrivileged(AccessController.java:569)
?[0m?[0;34m	at org.apache.catalina.core.ApplicationFilterChain.doFilter(ApplicationFilterChain.java:143)
?[0m?[0;34m	at org.springframework.web.filter.RequestContextFilter.doFilterInternal(RequestContextFilter.java:100)
?[0m?[0;34m	at org.springframework.web.filter.OncePerRequestFilter.doFilter(OncePerRequestFilter.java:119)
?[0m?[0;34m	at jdk.internal.reflect.GeneratedMethodAccessor54.invoke(Unknown Source)
?[0m?[0;34m	at java.base/jdk.internal.reflect.DelegatingMethodAccessorImpl.invoke(DelegatingMethodAccessorImpl.java:43)
?[0m?[0;34m	at java.base/java.lang.reflect.Method.invoke(Method.java:568)
?[0m?[0;34m	at org.apache.catalina.security.SecurityUtil.lambda$execute$0(SecurityUtil.java:280)
?[0m?[0;34m	at java.base/java.security.AccessController.doPrivileged(AccessController.java:712)
?[0m?[0;34m	at java.base/javax.security.auth.Subject.doAsPrivileged(Subject.java:584)
?[0m?[0;34m	at org.apache.catalina.security.SecurityUtil.execute(SecurityUtil.java:311)
?[0m?[0;34m	at org.apache.catalina.security.SecurityUtil.doAsPrivilege(SecurityUtil.java:253)
?[0m?[0;34m	at org.apache.catalina.core.ApplicationFilterChain.internalDoFilter(ApplicationFilterChain.java:187)
?[0m?[0;34m	at org.apache.catalina.core.ApplicationFilterChain.lambda$doFilter$0(ApplicationFilterChain.java:145)
?[0m?[0;34m	at java.base/java.security.AccessController.doPrivileged(AccessController.java:569)
?[0m?[0;34m	at org.apache.catalina.core.ApplicationFilterChain.doFilter(ApplicationFilterChain.java:143)
?[0m?[0;34m	at org.springframework.web.filter.FormContentFilter.doFilterInternal(FormContentFilter.java:93)
?[0m?[0;34m	at org.springframework.web.filter.OncePerRequestFilter.doFilter(OncePerRequestFilter.java:119)
?[0m?[0;34m	at jdk.internal.reflect.GeneratedMethodAccessor54.invoke(Unknown Source)
?[0m?[0;34m	at java.base/jdk.internal.reflect.DelegatingMethodAccessorImpl.invoke(DelegatingMethodAccessorImpl.java:43)
?[0m?[0;34m	at java.base/java.lang.reflect.Method.invoke(Method.java:568)
?[0m?[0;34m	at org.apache.catalina.security.SecurityUtil.lambda$execute$0(SecurityUtil.java:280)
?[0m?[0;34m	at java.base/java.security.AccessController.doPrivileged(AccessController.java:712)
?[0m?[0;34m	at java.base/javax.security.auth.Subject.doAsPrivileged(Subject.java:584)
?[0m?[0;34m	at org.apache.catalina.security.SecurityUtil.execute(SecurityUtil.java:311)
?[0m?[0;34m	at org.apache.catalina.security.SecurityUtil.doAsPrivilege(SecurityUtil.java:253)
?[0m?[0;34m	at org.apache.catalina.core.ApplicationFilterChain.internalDoFilter(ApplicationFilterChain.java:187)
?[0m?[0;34m	at org.apache.catalina.core.ApplicationFilterChain.lambda$doFilter$0(ApplicationFilterChain.java:145)
?[0m?[0;34m	at java.base/java.security.AccessController.doPrivileged(AccessController.java:569)
?[0m?[0;34m	at org.apache.catalina.core.ApplicationFilterChain.doFilter(ApplicationFilterChain.java:143)
?[0m?[0;34m	at org.springframework.boot.actuate.metrics.web.servlet.WebMvcMetricsFilter.doFilterInternal(WebMvcMetricsFilter.java:96)
?[0m?[0;34m	at org.springframework.web.filter.OncePerRequestFilter.doFilter(OncePerRequestFilter.java:119)
?[0m?[0;34m	at jdk.internal.reflect.GeneratedMethodAccessor54.invoke(Unknown Source)
?[0m?[0;34m	at java.base/jdk.internal.reflect.DelegatingMethodAccessorImpl.invoke(DelegatingMethodAccessorImpl.java:43)
?[0m?[0;34m	at java.base/java.lang.reflect.Method.invoke(Method.java:568)
?[0m?[0;34m	at org.apache.catalina.security.SecurityUtil.lambda$execute$0(SecurityUtil.java:280)
?[0m?[0;34m	at java.base/java.security.AccessController.doPrivileged(AccessController.java:712)
?[0m?[0;34m	at java.base/javax.security.auth.Subject.doAsPrivileged(Subject.java:584)
?[0m?[0;34m	at org.apache.catalina.security.SecurityUtil.execute(SecurityUtil.java:311)
?[0m?[0;34m	at org.apache.catalina.security.SecurityUtil.doAsPrivilege(SecurityUtil.java:253)
?[0m?[0;34m	at org.apache.catalina.core.ApplicationFilterChain.internalDoFilter(ApplicationFilterChain.java:187)
?[0m?[0;34m	at org.apache.catalina.core.ApplicationFilterChain.lambda$doFilter$0(ApplicationFilterChain.java:145)
?[0m?[0;34m	at java.base/java.security.AccessController.doPrivileged(AccessController.java:569)
?[0m?[0;34m	at org.apache.catalina.core.ApplicationFilterChain.doFilter(ApplicationFilterChain.java:143)
?[0m?[0;34m	at org.springframework.web.filter.CharacterEncodingFilter.doFilterInternal(CharacterEncodingFilter.java:201)
?[0m?[0;34m	at org.springframework.web.filter.OncePerRequestFilter.doFilter(OncePerRequestFilter.java:119)
?[0m?[0;34m	at jdk.internal.reflect.GeneratedMethodAccessor54.invoke(Unknown Source)
?[0m?[0;34m	at java.base/jdk.internal.reflect.DelegatingMethodAccessorImpl.invoke(DelegatingMethodAccessorImpl.java:43)
?[0m?[0;34m	at java.base/java.lang.reflect.Method.invoke(Method.java:568)
?[0m?[0;34m	at org.apache.catalina.security.SecurityUtil.lambda$execute$0(SecurityUtil.java:280)
?[0m?[0;34m	at java.base/java.security.AccessController.doPrivileged(AccessController.java:712)
?[0m?[0;34m	at java.base/javax.security.auth.Subject.doAsPrivileged(Subject.java:584)
?[0m?[0;34m	at org.apache.catalina.security.SecurityUtil.execute(SecurityUtil.java:311)
?[0m?[0;34m	at org.apache.catalina.security.SecurityUtil.doAsPrivilege(SecurityUtil.java:253)
?[0m?[0;34m	at org.apache.catalina.core.ApplicationFilterChain.internalDoFilter(ApplicationFilterChain.java:187)
?[0m?[0;34m	at org.apache.catalina.core.ApplicationFilterChain.lambda$doFilter$0(ApplicationFilterChain.java:145)
?[0m?[0;34m	at java.base/java.security.AccessController.doPrivileged(AccessController.java:569)
?[0m?[0;34m	at org.apache.catalina.core.ApplicationFilterChain.doFilter(ApplicationFilterChain.java:143)
?[0m?[0;34m	at org.apache.catalina.core.StandardWrapperValve.invoke(StandardWrapperValve.java:197)
?[0m?[0;34m	at org.apache.catalina.core.StandardContextValve.invoke(StandardContextValve.java:97)
?[0m?[0;34m	at org.apache.catalina.authenticator.AuthenticatorBase.invoke(AuthenticatorBase.java:540)
?[0m?[0;34m	at org.apache.catalina.core.StandardHostValve.invoke(StandardHostValve.java:135)
?[0m?[0;34m	at org.apache.catalina.valves.ErrorReportValve.invoke(ErrorReportValve.java:92)
?[0m?[0;34m	at org.apache.catalina.core.StandardEngineValve.invoke(StandardEngineValve.java:78)
?[0m?[0;34m	at org.apache.catalina.connector.CoyoteAdapter.service(CoyoteAdapter.java:357)
?[0m?[0;34m	at org.apache.coyote.http11.Http11Processor.service(Http11Processor.java:382)
?[0m?[0;34m	at org.apache.coyote.AbstractProcessorLight.process(AbstractProcessorLight.java:65)
?[0m?[0;34m	at org.apache.coyote.AbstractProtocol$ConnectionHandler.process(AbstractProtocol.java:895)
?[0m?[0;34m	at org.apache.tomcat.util.net.NioEndpoint$SocketProcessor.doRun(NioEndpoint.java:1722)
?[0m?[0;34m	at org.apache.tomcat.util.net.SocketProcessorBase.run(SocketProcessorBase.java:49)
?[0m?[0;34m	at org.apache.tomcat.util.threads.ThreadPoolExecutor.runWorker(ThreadPoolExecutor.java:1191)
?[0m?[0;34m	at org.apache.tomcat.util.threads.ThreadPoolExecutor$Worker.run(ThreadPoolExecutor.java:659)
?[0m?[0;34m	at org.apache.tomcat.util.threads.TaskThread$WrappingRunnable.run(TaskThread.java:61)
?[0m?[0;34m	at java.base/java.lang.Thread.run(Thread.java:842)
?[0m?[0;34m13:00 DEBUG o.s.s.w.c.HttpSessionSecurityContextRepository - Stored SecurityContextImpl [Authentication=UsernamePasswordAuthenticationToken [Principal=engine.UserDetailsImp@64f793b3, Credentials=[PROTECTED], Authenticated=true, Details=WebAuthenticationDetails [RemoteIpAddress=127.0.0.1, SessionId=null], Granted Authorities=[]]] to HttpSession [org.apache.catalina.session.StandardSessionFacade@63d7724f]
?[0m?[0;34m13:00 DEBUG o.s.s.w.c.HttpSessionSecurityContextRepository - Stored SecurityContextImpl [Authentication=UsernamePasswordAuthenticationToken [Principal=engine.UserDetailsImp@64f793b3, Credentials=[PROTECTED], Authenticated=true, Details=WebAuthenticationDetails [RemoteIpAddress=127.0.0.1, SessionId=null], Granted Authorities=[]]] to HttpSession [org.apache.catalina.session.StandardSessionFacade@63d7724f]
?[0m?[0;34m13:00 DEBUG o.s.s.w.c.SecurityContextPersistenceFilter - Cleared SecurityContextHolder to complete request
?[0m?[0;34m13:00 DEBUG o.s.security.web.FilterChainProxy - Securing GET /error
?[0m?[0;34m13:00 DEBUG o.s.s.w.c.HttpSessionSecurityContextRepository - Retrieved SecurityContextImpl [Authentication=UsernamePasswordAuthenticationToken [Principal=engine.UserDetailsImp@64f793b3, Credentials=[PROTECTED], Authenticated=true, Details=WebAuthenticationDetails [RemoteIpAddress=127.0.0.1, SessionId=null], Granted Authorities=[]]]
?[0m?[0;34m13:00 DEBUG o.s.s.w.c.SecurityContextPersistenceFilter - Set SecurityContextHolder to SecurityContextImpl [Authentication=UsernamePasswordAuthenticationToken [Principal=engine.UserDetailsImp@64f793b3, Credentials=[PROTECTED], Authenticated=true, Details=WebAuthenticationDetails [RemoteIpAddress=127.0.0.1, SessionId=null], Granted Authorities=[]]]
?[0m?[0;34m13:00 DEBUG o.s.security.web.FilterChainProxy - Secured GET /error
?[0m?[0;34m13:00 DEBUG o.s.s.w.c.SecurityContextPersistenceFilter - Cleared SecurityContextHolder to complete request
?[1;31m
Start test 174?[0m
?[0;34m13:00 DEBUG o.s.security.web.FilterChainProxy - Securing GET /api/quizzes/2
?[0m?[0;34m13:00 DEBUG o.s.s.w.c.SecurityContextPersistenceFilter - Set SecurityContextHolder to empty SecurityContext
?[0m?[0;34m
?[0m?[0;34mTHE loadUserByUsername is called with the argument: user@google.com
?[0m?[0;34m
?[0m?[0;34m13:00 DEBUG o.s.s.a.d.DaoAuthenticationProvider - Authenticated user
?[0m?[0;34m13:00 DEBUG o.s.s.w.a.w.BasicAuthenticationFilter - Set SecurityContextHolder to UsernamePasswordAuthenticationToken [Principal=engine.UserDetailsImp@25ce640f, Credentials=[PROTECTED], Authenticated=true, Details=WebAuthenticationDetails [RemoteIpAddress=127.0.0.1, SessionId=null], Granted Authorities=[]]
?[0m?[0;34m13:00 DEBUG o.s.s.w.c.HttpSessionSecurityContextRepository - Created HttpSession as SecurityContext is non-default
?[0m?[0;34m13:00 DEBUG o.s.s.w.c.HttpSessionSecurityContextRepository - Stored SecurityContextImpl [Authentication=UsernamePasswordAuthenticationToken [Principal=engine.UserDetailsImp@25ce640f, Credentials=[PROTECTED], Authenticated=true, Details=WebAuthenticationDetails [RemoteIpAddress=127.0.0.1, SessionId=null], Granted Authorities=[]]] to HttpSession [org.apache.catalina.session.StandardSessionFacade@3cc04231]
?[0m?[0;34m13:00 DEBUG o.s.security.web.FilterChainProxy - Secured GET /api/quizzes/2
?[0m?[0;34m13:00 WARN  o.s.w.s.m.m.a.ExceptionHandlerExceptionResolver - Failure in @ExceptionHandler engine.Exceptionist#handleBadRequestExceptions(RuntimeException, WebRequest)
?[0m?[0;34morg.springframework.web.HttpMediaTypeNotAcceptableException: Could not find acceptable representation
?[0m?[0;34m	at org.springframework.web.servlet.mvc.method.annotation.AbstractMessageConverterMethodProcessor.writeWithMessageConverters(AbstractMessageConverterMethodProcessor.java:315)
?[0m?[0;34m	at org.springframework.web.servlet.mvc.method.annotation.HttpEntityMethodProcessor.handleReturnValue(HttpEntityMethodProcessor.java:219)
?[0m?[0;34m	at org.springframework.web.method.support.HandlerMethodReturnValueHandlerComposite.handleReturnValue(HandlerMethodReturnValueHandlerComposite.java:78)
?[0m?[0;34m	at org.springframework.web.servlet.mvc.method.annotation.ServletInvocableHandlerMethod.invokeAndHandle(ServletInvocableHandlerMethod.java:135)
?[0m?[0;34m	at org.springframework.web.servlet.mvc.method.annotation.ExceptionHandlerExceptionResolver.doResolveHandlerMethodException(ExceptionHandlerExceptionResolver.java:428)
?[0m?[0;34m	at org.springframework.web.servlet.handler.AbstractHandlerMethodExceptionResolver.doResolveException(AbstractHandlerMethodExceptionResolver.java:75)
?[0m?[0;34m	at org.springframework.web.servlet.handler.AbstractHandlerExceptionResolver.resolveException(AbstractHandlerExceptionResolver.java:142)
?[0m?[0;34m	at org.springframework.web.servlet.handler.HandlerExceptionResolverComposite.resolveException(HandlerExceptionResolverComposite.java:80)
?[0m?[0;34m	at org.springframework.web.servlet.DispatcherServlet.processHandlerException(DispatcherServlet.java:1327)
?[0m?[0;34m	at org.springframework.web.servlet.DispatcherServlet.processDispatchResult(DispatcherServlet.java:1138)
?[0m?[0;34m	at org.springframework.web.servlet.DispatcherServlet.doDispatch(DispatcherServlet.java:1084)
?[0m?[0;34m	at org.springframework.web.servlet.DispatcherServlet.doService(DispatcherServlet.java:963)
?[0m?[0;34m	at org.springframework.web.servlet.FrameworkServlet.processRequest(FrameworkServlet.java:1006)
?[0m?[0;34m	at org.springframework.web.servlet.FrameworkServlet.doGet(FrameworkServlet.java:898)
?[0m?[0;34m	at javax.servlet.http.HttpServlet.service(HttpServlet.java:655)
?[0m?[0;34m	at org.springframework.web.servlet.FrameworkServlet.service(FrameworkServlet.java:883)
?[0m?[0;34m	at javax.servlet.http.HttpServlet.service(HttpServlet.java:764)
?[0m?[0;34m	at jdk.internal.reflect.GeneratedMethodAccessor64.invoke(Unknown Source)
?[0m?[0;34m	at java.base/jdk.internal.reflect.DelegatingMethodAccessorImpl.invoke(DelegatingMethodAccessorImpl.java:43)
?[0m?[0;34m	at java.base/java.lang.reflect.Method.invoke(Method.java:568)
?[0m?[0;34m	at org.apache.catalina.security.SecurityUtil.lambda$execute$0(SecurityUtil.java:280)
?[0m?[0;34m	at java.base/java.security.AccessController.doPrivileged(AccessController.java:712)
?[0m?[0;34m	at java.base/javax.security.auth.Subject.doAsPrivileged(Subject.java:584)
?[0m?[0;34m	at org.apache.catalina.security.SecurityUtil.execute(SecurityUtil.java:311)
?[0m?[0;34m	at org.apache.catalina.security.SecurityUtil.doAsPrivilege(SecurityUtil.java:170)
?[0m?[0;34m	at org.apache.catalina.core.ApplicationFilterChain.internalDoFilter(ApplicationFilterChain.java:221)
?[0m?[0;34m	at org.apache.catalina.core.ApplicationFilterChain.lambda$doFilter$0(ApplicationFilterChain.java:145)
?[0m?[0;34m	at java.base/java.security.AccessController.doPrivileged(AccessController.java:569)
?[0m?[0;34m	at org.apache.catalina.core.ApplicationFilterChain.doFilter(ApplicationFilterChain.java:143)
?[0m?[0;34m	at org.apache.tomcat.websocket.server.WsFilter.doFilter(WsFilter.java:53)
?[0m?[0;34m	at jdk.internal.reflect.GeneratedMethodAccessor54.invoke(Unknown Source)
?[0m?[0;34m	at java.base/jdk.internal.reflect.DelegatingMethodAccessorImpl.invoke(DelegatingMethodAccessorImpl.java:43)
?[0m?[0;34m	at java.base/java.lang.reflect.Method.invoke(Method.java:568)
?[0m?[0;34m	at org.apache.catalina.security.SecurityUtil.lambda$execute$0(SecurityUtil.java:280)
?[0m?[0;34m	at java.base/java.security.AccessController.doPrivileged(AccessController.java:712)
?[0m?[0;34m	at java.base/javax.security.auth.Subject.doAsPrivileged(Subject.java:584)
?[0m?[0;34m	at org.apache.catalina.security.SecurityUtil.execute(SecurityUtil.java:311)
?[0m?[0;34m	at org.apache.catalina.security.SecurityUtil.doAsPrivilege(SecurityUtil.java:253)
?[0m?[0;34m	at org.apache.catalina.core.ApplicationFilterChain.internalDoFilter(ApplicationFilterChain.java:187)
?[0m?[0;34m	at org.apache.catalina.core.ApplicationFilterChain.lambda$doFilter$0(ApplicationFilterChain.java:145)
?[0m?[0;34m	at java.base/java.security.AccessController.doPrivileged(AccessController.java:569)
?[0m?[0;34m	at org.apache.catalina.core.ApplicationFilterChain.doFilter(ApplicationFilterChain.java:143)
?[0m?[0;34m	at org.springframework.security.web.FilterChainProxy$VirtualFilterChain.doFilter(FilterChainProxy.java:327)
?[0m?[0;34m	at org.springframework.security.web.access.intercept.AuthorizationFilter.doFilterInternal(AuthorizationFilter.java:58)
?[0m?[0;34m	at org.springframework.web.filter.OncePerRequestFilter.doFilter(OncePerRequestFilter.java:119)
?[0m?[0;34m	at org.springframework.security.web.FilterChainProxy$VirtualFilterChain.doFilter(FilterChainProxy.java:336)
?[0m?[0;34m	at org.springframework.security.web.access.ExceptionTranslationFilter.doFilter(ExceptionTranslationFilter.java:121)
?[0m?[0;34m	at org.springframework.security.web.access.ExceptionTranslationFilter.doFilter(ExceptionTranslationFilter.java:115)
?[0m?[0;34m	at org.springframework.security.web.FilterChainProxy$VirtualFilterChain.doFilter(FilterChainProxy.java:336)
?[0m?[0;34m	at org.springframework.security.web.session.SessionManagementFilter.doFilter(SessionManagementFilter.java:126)
?[0m?[0;34m	at org.springframework.security.web.session.SessionManagementFilter.doFilter(SessionManagementFilter.java:81)
?[0m?[0;34m	at org.springframework.security.web.FilterChainProxy$VirtualFilterChain.doFilter(FilterChainProxy.java:336)
?[0m?[0;34m	at org.springframework.security.web.authentication.AnonymousAuthenticationFilter.doFilter(AnonymousAuthenticationFilter.java:105)
?[0m?[0;34m	at org.springframework.security.web.FilterChainProxy$VirtualFilterChain.doFilter(FilterChainProxy.java:336)
?[0m?[0;34m	at org.springframework.security.web.servletapi.SecurityContextHolderAwareRequestFilter.doFilter(SecurityContextHolderAwareRequestFilter.java:149)
?[0m?[0;34m	at org.springframework.security.web.FilterChainProxy$VirtualFilterChain.doFilter(FilterChainProxy.java:336)
?[0m?[0;34m	at org.springframework.security.web.savedrequest.RequestCacheAwareFilter.doFilter(RequestCacheAwareFilter.java:63)
?[0m?[0;34m	at org.springframework.security.web.FilterChainProxy$VirtualFilterChain.doFilter(FilterChainProxy.java:336)
?[0m?[0;34m	at org.springframework.security.web.authentication.www.BasicAuthenticationFilter.doFilterInternal(BasicAuthenticationFilter.java:178)
?[0m?[0;34m	at org.springframework.web.filter.OncePerRequestFilter.doFilter(OncePerRequestFilter.java:119)
?[0m?[0;34m	at org.springframework.security.web.FilterChainProxy$VirtualFilterChain.doFilter(FilterChainProxy.java:336)
?[0m?[0;34m	at org.springframework.security.web.authentication.logout.LogoutFilter.doFilter(LogoutFilter.java:103)
?[0m?[0;34m	at org.springframework.security.web.authentication.logout.LogoutFilter.doFilter(LogoutFilter.java:89)
?[0m?[0;34m	at org.springframework.security.web.FilterChainProxy$VirtualFilterChain.doFilter(FilterChainProxy.java:336)
?[0m?[0;34m	at org.springframework.security.web.header.HeaderWriterFilter.doHeadersAfter(HeaderWriterFilter.java:90)
?[0m?[0;34m	at org.springframework.security.web.header.HeaderWriterFilter.doFilterInternal(HeaderWriterFilter.java:75)
?[0m?[0;34m	at org.springframework.web.filter.OncePerRequestFilter.doFilter(OncePerRequestFilter.java:119)
?[0m?[0;34m	at org.springframework.security.web.FilterChainProxy$VirtualFilterChain.doFilter(FilterChainProxy.java:336)
?[0m?[0;34m	at org.springframework.security.web.context.SecurityContextPersistenceFilter.doFilter(SecurityContextPersistenceFilter.java:110)
?[0m?[0;34m	at org.springframework.security.web.context.SecurityContextPersistenceFilter.doFilter(SecurityContextPersistenceFilter.java:80)
?[0m?[0;34m	at org.springframework.security.web.FilterChainProxy$VirtualFilterChain.doFilter(FilterChainProxy.java:336)
?[0m?[0;34m	at org.springframework.security.web.context.request.async.WebAsyncManagerIntegrationFilter.doFilterInternal(WebAsyncManagerIntegrationFilter.java:55)
?[0m?[0;34m	at org.springframework.web.filter.OncePerRequestFilter.doFilter(OncePerRequestFilter.java:119)
?[0m?[0;34m	at org.springframework.security.web.FilterChainProxy$VirtualFilterChain.doFilter(FilterChainProxy.java:336)
?[0m?[0;34m	at org.springframework.security.web.FilterChainProxy.doFilterInternal(FilterChainProxy.java:211)
?[0m?[0;34m	at org.springframework.security.web.FilterChainProxy.doFilter(FilterChainProxy.java:183)
?[0m?[0;34m	at org.springframework.web.filter.DelegatingFilterProxy.invokeDelegate(DelegatingFilterProxy.java:358)
?[0m?[0;34m	at org.springframework.web.filter.DelegatingFilterProxy.doFilter(DelegatingFilterProxy.java:271)
?[0m?[0;34m	at jdk.internal.reflect.GeneratedMethodAccessor54.invoke(Unknown Source)
?[0m?[0;34m	at java.base/jdk.internal.reflect.DelegatingMethodAccessorImpl.invoke(DelegatingMethodAccessorImpl.java:43)
?[0m?[0;34m	at java.base/java.lang.reflect.Method.invoke(Method.java:568)
?[0m?[0;34m	at org.apache.catalina.security.SecurityUtil.lambda$execute$0(SecurityUtil.java:280)
?[0m?[0;34m	at java.base/java.security.AccessController.doPrivileged(AccessController.java:712)
?[0m?[0;34m	at java.base/javax.security.auth.Subject.doAsPrivileged(Subject.java:584)
?[0m?[0;34m	at org.apache.catalina.security.SecurityUtil.execute(SecurityUtil.java:311)
?[0m?[0;34m	at org.apache.catalina.security.SecurityUtil.doAsPrivilege(SecurityUtil.java:253)
?[0m?[0;34m	at org.apache.catalina.core.ApplicationFilterChain.internalDoFilter(ApplicationFilterChain.java:187)
?[0m?[0;34m	at org.apache.catalina.core.ApplicationFilterChain.lambda$doFilter$0(ApplicationFilterChain.java:145)
?[0m?[0;34m	at java.base/java.security.AccessController.doPrivileged(AccessController.java:569)
?[0m?[0;34m	at org.apache.catalina.core.ApplicationFilterChain.doFilter(ApplicationFilterChain.java:143)
?[0m?[0;34m	at org.springframework.web.filter.RequestContextFilter.doFilterInternal(RequestContextFilter.java:100)
?[0m?[0;34m	at org.springframework.web.filter.OncePerRequestFilter.doFilter(OncePerRequestFilter.java:119)
?[0m?[0;34m	at jdk.internal.reflect.GeneratedMethodAccessor54.invoke(Unknown Source)
?[0m?[0;34m	at java.base/jdk.internal.reflect.DelegatingMethodAccessorImpl.invoke(DelegatingMethodAccessorImpl.java:43)
?[0m?[0;34m	at java.base/java.lang.reflect.Method.invoke(Method.java:568)
?[0m?[0;34m	at org.apache.catalina.security.SecurityUtil.lambda$execute$0(SecurityUtil.java:280)
?[0m?[0;34m	at java.base/java.security.AccessController.doPrivileged(AccessController.java:712)
?[0m?[0;34m	at java.base/javax.security.auth.Subject.doAsPrivileged(Subject.java:584)
?[0m?[0;34m	at org.apache.catalina.security.SecurityUtil.execute(SecurityUtil.java:311)
?[0m?[0;34m	at org.apache.catalina.security.SecurityUtil.doAsPrivilege(SecurityUtil.java:253)
?[0m?[0;34m	at org.apache.catalina.core.ApplicationFilterChain.internalDoFilter(ApplicationFilterChain.java:187)
?[0m?[0;34m	at org.apache.catalina.core.ApplicationFilterChain.lambda$doFilter$0(ApplicationFilterChain.java:145)
?[0m?[0;34m	at java.base/java.security.AccessController.doPrivileged(AccessController.java:569)
?[0m?[0;34m	at org.apache.catalina.core.ApplicationFilterChain.doFilter(ApplicationFilterChain.java:143)
?[0m?[0;34m	at org.springframework.web.filter.FormContentFilter.doFilterInternal(FormContentFilter.java:93)
?[0m?[0;34m	at org.springframework.web.filter.OncePerRequestFilter.doFilter(OncePerRequestFilter.java:119)
?[0m?[0;34m	at jdk.internal.reflect.GeneratedMethodAccessor54.invoke(Unknown Source)
?[0m?[0;34m	at java.base/jdk.internal.reflect.DelegatingMethodAccessorImpl.invoke(DelegatingMethodAccessorImpl.java:43)
?[0m?[0;34m	at java.base/java.lang.reflect.Method.invoke(Method.java:568)
?[0m?[0;34m	at org.apache.catalina.security.SecurityUtil.lambda$execute$0(SecurityUtil.java:280)
?[0m?[0;34m	at java.base/java.security.AccessController.doPrivileged(AccessController.java:712)
?[0m?[0;34m	at java.base/javax.security.auth.Subject.doAsPrivileged(Subject.java:584)
?[0m?[0;34m	at org.apache.catalina.security.SecurityUtil.execute(SecurityUtil.java:311)
?[0m?[0;34m	at org.apache.catalina.security.SecurityUtil.doAsPrivilege(SecurityUtil.java:253)
?[0m?[0;34m	at org.apache.catalina.core.ApplicationFilterChain.internalDoFilter(ApplicationFilterChain.java:187)
?[0m?[0;34m	at org.apache.catalina.core.ApplicationFilterChain.lambda$doFilter$0(ApplicationFilterChain.java:145)
?[0m?[0;34m	at java.base/java.security.AccessController.doPrivileged(AccessController.java:569)
?[0m?[0;34m	at org.apache.catalina.core.ApplicationFilterChain.doFilter(ApplicationFilterChain.java:143)
?[0m?[0;34m	at org.springframework.boot.actuate.metrics.web.servlet.WebMvcMetricsFilter.doFilterInternal(WebMvcMetricsFilter.java:96)
?[0m?[0;34m	at org.springframework.web.filter.OncePerRequestFilter.doFilter(OncePerRequestFilter.java:119)
?[0m?[0;34m	at jdk.internal.reflect.GeneratedMethodAccessor54.invoke(Unknown Source)
?[0m?[0;34m	at java.base/jdk.internal.reflect.DelegatingMethodAccessorImpl.invoke(DelegatingMethodAccessorImpl.java:43)
?[0m?[0;34m	at java.base/java.lang.reflect.Method.invoke(Method.java:568)
?[0m?[0;34m	at org.apache.catalina.security.SecurityUtil.lambda$execute$0(SecurityUtil.java:280)
?[0m?[0;34m	at java.base/java.security.AccessController.doPrivileged(AccessController.java:712)
?[0m?[0;34m	at java.base/javax.security.auth.Subject.doAsPrivileged(Subject.java:584)
?[0m?[0;34m	at org.apache.catalina.security.SecurityUtil.execute(SecurityUtil.java:311)
?[0m?[0;34m	at org.apache.catalina.security.SecurityUtil.doAsPrivilege(SecurityUtil.java:253)
?[0m?[0;34m	at org.apache.catalina.core.ApplicationFilterChain.internalDoFilter(ApplicationFilterChain.java:187)
?[0m?[0;34m	at org.apache.catalina.core.ApplicationFilterChain.lambda$doFilter$0(ApplicationFilterChain.java:145)
?[0m?[0;34m	at java.base/java.security.AccessController.doPrivileged(AccessController.java:569)
?[0m?[0;34m	at org.apache.catalina.core.ApplicationFilterChain.doFilter(ApplicationFilterChain.java:143)
?[0m?[0;34m	at org.springframework.web.filter.CharacterEncodingFilter.doFilterInternal(CharacterEncodingFilter.java:201)
?[0m?[0;34m	at org.springframework.web.filter.OncePerRequestFilter.doFilter(OncePerRequestFilter.java:119)
?[0m?[0;34m	at jdk.internal.reflect.GeneratedMethodAccessor54.invoke(Unknown Source)
?[0m?[0;34m	at java.base/jdk.internal.reflect.DelegatingMethodAccessorImpl.invoke(DelegatingMethodAccessorImpl.java:43)
?[0m?[0;34m	at java.base/java.lang.reflect.Method.invoke(Method.java:568)
?[0m?[0;34m	at org.apache.catalina.security.SecurityUtil.lambda$execute$0(SecurityUtil.java:280)
?[0m?[0;34m	at java.base/java.security.AccessController.doPrivileged(AccessController.java:712)
?[0m?[0;34m	at java.base/javax.security.auth.Subject.doAsPrivileged(Subject.java:584)
?[0m?[0;34m	at org.apache.catalina.security.SecurityUtil.execute(SecurityUtil.java:311)
?[0m?[0;34m	at org.apache.catalina.security.SecurityUtil.doAsPrivilege(SecurityUtil.java:253)
?[0m?[0;34m	at org.apache.catalina.core.ApplicationFilterChain.internalDoFilter(ApplicationFilterChain.java:187)
?[0m?[0;34m	at org.apache.catalina.core.ApplicationFilterChain.lambda$doFilter$0(ApplicationFilterChain.java:145)
?[0m?[0;34m	at java.base/java.security.AccessController.doPrivileged(AccessController.java:569)
?[0m?[0;34m	at org.apache.catalina.core.ApplicationFilterChain.doFilter(ApplicationFilterChain.java:143)
?[0m?[0;34m	at org.apache.catalina.core.StandardWrapperValve.invoke(StandardWrapperValve.java:197)
?[0m?[0;34m	at org.apache.catalina.core.StandardContextValve.invoke(StandardContextValve.java:97)
?[0m?[0;34m	at org.apache.catalina.authenticator.AuthenticatorBase.invoke(AuthenticatorBase.java:540)
?[0m?[0;34m	at org.apache.catalina.core.StandardHostValve.invoke(StandardHostValve.java:135)
?[0m?[0;34m	at org.apache.catalina.valves.ErrorReportValve.invoke(ErrorReportValve.java:92)
?[0m?[0;34m	at org.apache.catalina.core.StandardEngineValve.invoke(StandardEngineValve.java:78)
?[0m?[0;34m	at org.apache.catalina.connector.CoyoteAdapter.service(CoyoteAdapter.java:357)
?[0m?[0;34m	at org.apache.coyote.http11.Http11Processor.service(Http11Processor.java:382)
?[0m?[0;34m	at org.apache.coyote.AbstractProcessorLight.process(AbstractProcessorLight.java:65)
?[0m?[0;34m	at org.apache.coyote.AbstractProtocol$ConnectionHandler.process(AbstractProtocol.java:895)
?[0m?[0;34m	at org.apache.tomcat.util.net.NioEndpoint$SocketProcessor.doRun(NioEndpoint.java:1722)
?[0m?[0;34m	at org.apache.tomcat.util.net.SocketProcessorBase.run(SocketProcessorBase.java:49)
?[0m?[0;34m	at org.apache.tomcat.util.threads.ThreadPoolExecutor.runWorker(ThreadPoolExecutor.java:1191)
?[0m?[0;34m	at org.apache.tomcat.util.threads.ThreadPoolExecutor$Worker.run(ThreadPoolExecutor.java:659)
?[0m?[0;34m	at org.apache.tomcat.util.threads.TaskThread$WrappingRunnable.run(TaskThread.java:61)
?[0m?[0;34m	at java.base/java.lang.Thread.run(Thread.java:842)
?[0m?[0;34m13:00 DEBUG o.s.s.w.c.HttpSessionSecurityContextRepository - Stored SecurityContextImpl [Authentication=UsernamePasswordAuthenticationToken [Principal=engine.UserDetailsImp@25ce640f, Credentials=[PROTECTED], Authenticated=true, Details=WebAuthenticationDetails [RemoteIpAddress=127.0.0.1, SessionId=null], Granted Authorities=[]]] to HttpSession [org.apache.catalina.session.StandardSessionFacade@3cc04231]
?[0m?[0;34m13:00 DEBUG o.s.s.w.c.HttpSessionSecurityContextRepository - Stored SecurityContextImpl [Authentication=UsernamePasswordAuthenticationToken [Principal=engine.UserDetailsImp@25ce640f, Credentials=[PROTECTED], Authenticated=true, Details=WebAuthenticationDetails [RemoteIpAddress=127.0.0.1, SessionId=null], Granted Authorities=[]]] to HttpSession [org.apache.catalina.session.StandardSessionFacade@3cc04231]
?[0m?[0;34m13:00 DEBUG o.s.s.w.c.SecurityContextPersistenceFilter - Cleared SecurityContextHolder to complete request
?[0m?[0;34m13:00 DEBUG o.s.security.web.FilterChainProxy - Securing GET /error
?[0m?[0;34m13:00 DEBUG o.s.s.w.c.HttpSessionSecurityContextRepository - Retrieved SecurityContextImpl [Authentication=UsernamePasswordAuthenticationToken [Principal=engine.UserDetailsImp@25ce640f, Credentials=[PROTECTED], Authenticated=true, Details=WebAuthenticationDetails [RemoteIpAddress=127.0.0.1, SessionId=null], Granted Authorities=[]]]
?[0m?[0;34m13:00 DEBUG o.s.s.w.c.SecurityContextPersistenceFilter - Set SecurityContextHolder to SecurityContextImpl [Authentication=UsernamePasswordAuthenticationToken [Principal=engine.UserDetailsImp@25ce640f, Credentials=[PROTECTED], Authenticated=true, Details=WebAuthenticationDetails [RemoteIpAddress=127.0.0.1, SessionId=null], Granted Authorities=[]]]
?[0m?[0;34m13:00 DEBUG o.s.security.web.FilterChainProxy - Secured GET /error
?[0m?[0;34m13:00 DEBUG o.s.s.w.c.SecurityContextPersistenceFilter - Cleared SecurityContextHolder to complete request
13:00 DEBUG o.s.security.web.FilterChainProxy - Securing POST /actuator/shutdown
13:00 DEBUG o.s.s.w.c.SecurityContextPersistenceFilter - Set SecurityContextHolder to empty SecurityContext
13:00 DEBUG o.s.s.w.a.AnonymousAuthenticationFilter - Set SecurityContextHolder to anonymous SecurityContext
13:00 DEBUG o.s.s.w.u.m.RegexRequestMatcher - Checking match of request : '/actuator/shutdown'; against '/api/register'
13:00 DEBUG o.s.s.w.u.m.RegexRequestMatcher - Checking match of request : '/actuator/shutdown'; against '/actuator/shutdown'
13:00 DEBUG o.s.security.web.FilterChainProxy - Secured POST /actuator/shutdown
13:00 DEBUG o.s.s.w.c.HttpSessionSecurityContextRepository - Did not store anonymous SecurityContext
13:00 DEBUG o.s.s.w.c.HttpSessionSecurityContextRepository - Did not store anonymous SecurityContext
13:00 DEBUG o.s.s.w.c.SecurityContextPersistenceFilter - Cleared SecurityContextHolder to complete request
]]></system-out>
  <system-err><![CDATA[]]></system-err>
</testsuite>
